{"url": "https://www.encyclopedia.com/books/politics-and-business-magazines/keyspan-energy-co", "distance": 0}
{"url": "http://www.covehurst.net/ddyte/brooklyn/union.html", "distance": 0}
{"url": "https://www.carrollgardensassociation.com/swbtu", "distance": 0}
{"url": "https://homeunionnyc.com/", "distance": 0}
{"url": "https://www.bfsunion.org/", "distance": 0}
{"url": "https://www.fox5ny.com/news/alleged-colombo-crime-boss-arrested-in-nypd-fbi-operation", "distance": 0}
{"url": "https://www.ajc.com/news/feds-in-new-york-take-down-colombo-crime-family-leadership/7DCCFSSO45ENHLCOLKXE7FJHVM/", "distance": 0}
{"url": "https://www.indeed.com/cmp/Brooklyn-Union-Gas", "distance": 0}
{"url": "https://www.nbcnewyork.com/investigations/reputed-nyc-mob-boss-among-a-dozen-snared-in-fraud-corruption-bust-sources/3270937/", "distance": 0}
{"url": "https://6tocelebrate.org/site/former-union-league-club-of-brooklyngeneral-grant-statue/", "distance": 0}
{"url": "http://places.singleplatform.com/brooklyn-union-cafe/menu", "distance": 0}
{"url": "https://www.liquorland.com.au/beer/brookvale-union-ginger-beer-can-330ml_3085327", "distance": 0}
{"url": "https://www.fitchratings.com/research/corporate-finance/the-brooklyn-union-gas-company-subsidiary-of-national-grid-plc-23-12-2020", "distance": 0}
{"url": "http://www.nycbuildingtrades.org/html/unions.html", "distance": 0}
{"url": "http://www.brooklynrugby.com/", "distance": 0}
{"url": "https://semspub.epa.gov/src/document/02/123858", "distance": 0}
{"url": "https://www.bklynlibrary.org/digitalcollections/item/e4bb26be-e4cf-4d39-8cd7-a68a9f09d604", "distance": 0}
{"url": "https://lssa2320.org/staff-brooklyn-legal-services-corporation-file-nlrb-union-recognition/", "distance": 0}
{"url": "https://www.umc.org/en/find-a-church/church/12474", "distance": 0}
{"url": "https://birdeye.com/544-union-158137180953311", "distance": 0}
{"url": "https://moovitapp.com/index/en/public_transit-Union_Street-NYCNJ-street_9781801-121", "distance": 0}
{"url": "https://trustonefinancial.org/Locations/Brooklyn-Park", "distance": 0}
{"url": "https://www.dec.ny.gov/enb/122278.html", "distance": 0}
{"url": "https://www.ihg.com/holidayinnexpress/hotels/us/en/brooklyn/bxyln/hoteldetail", "distance": 0}
{"url": "https://companies.jrank.org/pages/652/Brooklyn-Union-Gas.html", "distance": 0}
{"url": "https://www.brookfieldresidential.com/new-homes/texas/austin-area/austin/easton-park/union-park/brooklyn", "distance": 0}
{"url": "http://www.corporatecampaign.org/media_brooklyn_gas_1995.php", "distance": 0}
{"url": "https://www.amazon.com/Brooklyn-Company-Vintage-Photograph-Reprint/dp/B07PWMM7X5", "distance": 0}
{"url": "https://news.sky.com/story/new-york-city-crime-boss-among-arrests-over-alleged-construction-union-plot-12408464", "distance": 0}
{"url": "https://www.artnews.com/art-news/news/brooklyn-museum-union-effort-1234594047/", "distance": 0}
{"url": "https://brookvaleunion.com.au/", "distance": 0}
{"url": "http://www.local926.org/", "distance": 0}
{"url": "https://allevents.in/brooklyn/whiplash/10000171458295377", "distance": 0}
{"url": "https://www.thegreenbuildingnyc.com/", "distance": 0}
{"url": "https://www.apartments.com/transit/ny/brooklyn/union-street/j6ysmp4/", "distance": 0}
{"url": "https://www.nymcu.org/", "distance": 0}
{"url": "https://www.ziprecruiter.com/Jobs/Union/-in-Brooklyn,NY", "distance": 0}
{"url": "https://uniongaragenyc.com/", "distance": 0}
{"url": "https://www.568union.com/", "distance": 0}
{"url": "https://uniondocs.org/", "distance": 0}
{"url": "https://ccxmedia.org/news/police-union-pens-open-letter-to-brooklyn-center/", "distance": 0}
{"url": "https://www.bloomberg.com/profile/company/80132MF:US", "distance": 0}
{"url": "https://unionbaptistchurchgreenpoint.com/", "distance": 0}
{"url": "https://www.dinosaurbarbque.com/brooklyn/", "distance": 0}
{"url": "https://www.newspapers.com/paper/the-brooklyn-union/12381/", "distance": 0}
{"url": "https://onlinebooks.library.upenn.edu/webbin/serial?id=brooklynstdunion", "distance": 0}
{"url": "https://www.wsj.com/articles/SB851882235911971000", "distance": 0}
{"url": "https://www.lilianewyork.com/", "distance": 0}
{"url": "https://www.netsdaily.com/2021/9/14/22674286/nba-players-union-near-agreement-on-vaccines-but-in-new-york-will-that-matter", "distance": 0}
{"url": "https://www.brooklynpaper.com/bedford-union-armory-residential-development/", "distance": 0}
{"url": "https://www.brooklyn.coop/", "distance": 0}
{"url": "https://www.compass.com/building/1000-union-brooklyn-ny/293533346879863077/", "distance": 0}
{"url": "https://www.amny.com/news/advocates-demand-safer-streets-after-crash-that-killed-brooklyn-infant/", "distance": 0}
{"url": "https://www.tripadvisor.com/Hotel_Review-g60827-d622721-Reviews-Holiday_Inn_Express_New_York_Brooklyn-Brooklyn_New_York.html", "distance": 0}
{"url": "https://www.ny1.com/nyc/all-boroughs/education/2020/08/19/quaker-school-busts-union-trump-policy", "distance": 0}
{"url": "https://www.ajaxunion.com/", "distance": 0}
{"url": "https://spearcenter.com/location/park-slope-brooklyn/", "distance": 0}
{"url": "https://www.instagram.com/bkmuseumunion/", "distance": 0}
{"url": "http://www.twulocal100.org/story/twu-atu-united-brooklyn-strike-lines", "distance": 0}
{"url": "https://www.weddingwire.com/biz/501-union-brooklyn/cd8a244f4c843ae7.html", "distance": 0}
{"url": "https://www.nydailynews.com/new-york/ny-nyc-brooklyn-public-defenders-seek-union-bds-20210630-gsns3jeamrctnpcz4j3p6zdfmm-story.html", "distance": 0}
{"url": "https://www.realtor.com/realestateandhomes-detail/405-Union-St_Brooklyn_NY_11231_M36158-97814", "distance": 0}
{"url": "https://books.google.com/books?id=fpwvAAAAYAAJ&pg=PA150&lpg=PA150&dq=brooklyn+union&source=bl&ots=xkkcsE5Crh&sig=ACfU3U3iLRBnF-fIE9LyLL_8pugPVwHsCA&hl=en&sa=X&ved=2ahUKEwiwqKyO_YHzAhXkQ98KHT6HBic4tAEQ6AF6BAgOEAM", "distance": 0}
{"url": "https://books.google.com/books?id=Yl1FAQAAMAAJ&pg=PA183&lpg=PA183&dq=brooklyn+union&source=bl&ots=wFZlM4lzRh&sig=ACfU3U0NuEhqxNVQduzptqN2ofzCfpwPAg&hl=en&sa=X&ved=2ahUKEwjVj6iP_YHzAhVET98KHbUGA1o4vgEQ6AF6BAgQEAM", "distance": 0}
{"url": "https://books.google.com/books?id=umYCAAAAIAAJ&pg=PA1469&lpg=PA1469&dq=brooklyn+union&source=bl&ots=5oBYqWYkG_&sig=ACfU3U3EC9e650nnAsrlz0MxvRnnROpphw&hl=en&sa=X&ved=2ahUKEwjVj6iP_YHzAhVET98KHbUGA1o4vgEQ6AF6BAgSEAM", "distance": 0}
{"url": "http://www.unionchurchbayridge.org/", "distance": 0}
{"url": "https://www.zillow.com/homedetails/289-Union-St-Brooklyn-NY-11231/94716459_zpid/", "distance": 0}
{"url": "https://www.myspire.com/", "distance": 0}
{"url": "https://www.navyfederal.org/branches-atms.html", "distance": 0}
{"url": "http://oldbrooklynhistory.org/BUBG/index.html", "distance": 0}
{"url": "https://www.localprayers.com/US/Brooklyn/113596235341576/Union-Baptist-Church", "distance": 0}
{"url": "https://www.unionstreetpizza.com/", "distance": 0}
{"url": "https://www.brooklyn-dc.com/", "distance": 0}
{"url": "https://www.pigbeachnyc.com/", "distance": 0}
{"url": "https://www.facebook.com/brooklyncoopfcu/", "distance": 0}
{"url": "https://www.bowerypresents.com/shows/detail/412520-snail-mail", "distance": 0}
{"url": "https://www.nyac.com/churchdetail/270553", "distance": 0}
{"url": "http://www.sonovacorp.com/index.php?brand_database=01_Brand_Consulting&cat=01_Identity&subcat=Energy&client=Brooklyn_Union", "distance": 0}
{"url": "https://www.fitchratings.com/entity/the-brooklyn-union-gas-company-80089034", "distance": 0}
{"url": "https://www.rentcafe.com/apartments/ny/brooklyn/544-union-ave/default.aspx", "distance": 0}
{"url": "https://streeteasy.com/union-sales/brooklyn?page=2", "distance": 0}
{"url": "https://www.hostelworld.com/hosteldetails.php/Union-Hotel-Brooklyn/New-York/285142", "distance": 0}
{"url": "https://hyperallergic.com/505184/bam-union-vote/", "distance": 0}
{"url": "https://www.modernlovebrooklyn.com/", "distance": 0}
{"url": "http://www.brooklynunion.com/", "distance": 0}
{"url": "https://www.theguardian.com/us-news/2021/sep/14/colombo-crime-family-dozen-arrested-racketeering-charges", "distance": 0}
{"url": "https://www.unionbeerdist.com/welcome", "distance": 0}
{"url": "https://www.wingsfinancial.com/", "distance": 0}
{"url": "https://www.indianmotorcycle.com/en-us/events/bike-residencies/union-garage-brooklyn-ny/", "distance": 0}
{"url": "https://www.corcoran.com/nyc-real-estate/for-sale/carroll-gardens/473-union-street-brooklyn-ny-11231/6369909", "distance": 0}
{"url": "https://www.loopnet.com/Listing/51-Union-St-Brooklyn-NY/23030730/", "distance": 0}
{"url": "https://casetext.com/case/brooklyn-union-gas-co-v-richy", "distance": 0}
{"url": "https://www.brooklynvegan.com/tv-priest-share-new-single-lifesize-expand-north-american-tour/", "distance": 0}
{"url": "https://maloney.house.gov/media-center/press-releases/congresswoman-maloney-submits-testimony-against-issuing-asf-permit-to", "distance": 0}
{"url": "https://www.helloismile.com/location/ny/brooklyn/park-slope", "distance": 0}
{"url": "http://www.brooklyn.cuny.edu/web/about/offices/hr/tools/union-and-welfare-funds-benefits-information.php", "distance": 0}
{"url": "https://www.dayuse.com/hotels/usa/union-hotel-brooklyn", "distance": 0}
{"url": "https://www.opentable.com/r/union-pizza-works-brooklyn", "distance": 0}
{"url": "https://en.wikipedia.org/wiki/KeySpan", "distance": 0}
{"url": "https://www.wikiwand.com/en/Brooklyn_Standard_Union", "distance": 0}
{"url": "https://books.google.com/books?id=lpLwCQAAQBAJ&pg=PT227&lpg=PT227&dq=brooklyn+union&source=bl&ots=s4A1vcUju7&sig=ACfU3U0nFbDr5a-AcgPnUiJQKeril2x6Cw&hl=en&sa=X&ved=2ahUKEwjVj6iP_YHzAhVET98KHbUGA1o4vgEQ6AF6BAgOEAM", "distance": 0}
{"url": "https://restaurants.subway.com/united-states/ny/brooklyn/196-union-ave", "distance": 0}
{"url": "https://www.dnb.com/business-directory/company-profiles.the_brooklyn_union_gas_company.89887e0b5ad7b8157fc9e5f233efd2a8.html", "distance": 0}
{"url": "https://forgotten-ny.com/2011/07/union-street-brooklyn/", "distance": 0}
{"url": "https://www.unionpizzaworks.com/", "distance": 0}
{"url": "https://law.justia.com/cases/federal/district-courts/FSupp/819/214/1965510/", "distance": 0}
{"url": "https://www.thecut.com/2018/01/union-pool-the-brooklyn-bar-thats-perfect-for-hookups.html", "distance": 0}
{"url": "https://www.hbs.edu/faculty/Pages/item.aspx?num=3388", "distance": 0}
{"url": "https://www.walgreens.com/locator/walgreens-210+union+ave-brooklyn-ny-11211/id=4363", "distance": 0}
{"url": "http://www.unionbeautysalon.com/", "distance": 0}
{"url": "http://www1.nyc.gov/assets/doi/downloads/pdf/2017-Press_Release/National%20Grid%20Report%20January%2012%202017%20(FINAL).pdf", "distance": 0}
{"url": "https://www.unioncong.org/", "distance": 0}
{"url": "https://www.gounionbulldogs.com/sport/0/4", "distance": 0}
{"url": "https://www.moodys.com/credit-ratings/Brooklyn-Union-Gas-Company-The-credit-rating-121000", "distance": 0}
{"url": "https://union-pool.com/", "distance": 0}
{"url": "https://www.danmurphys.com.au/product/DM_544772/brookvale-union-ginger-beer-330ml", "distance": 0}
{"url": "https://www.herecomestheguide.com/wedding-venues/new-york/501-union", "distance": 0}
{"url": "https://www.nationalgridus.com/", "distance": 0}
{"url": "https://unionhallny.com/", "distance": 0}
{"url": "https://www.544union.com/", "distance": 0}
{"url": "http://41af3k34gprx4f6bg12df75i.wpengine.netdna-cdn.com/wp-content/uploads/sites/19/2020/04/State-Farm-Fire-Cas.-Ins.-Co.-v-Brooklyn-Union-Gas-Co.pdf", "distance": 0}
{"url": "https://www.eventbrite.com/o/union-hall-17899496497", "distance": 0}
{"url": "https://www.calexico.com/location/red-hook/", "distance": 0}
{"url": "https://www.trueccu.com/", "distance": 0}
{"url": "https://books.google.com/books?id=xRck41sWVBIC&pg=PR7&lpg=PR7&dq=brooklyn+union&source=bl&ots=SrurcFjnCV&sig=ACfU3U34Ir-jkj-JrA7Fk0Q0JU0HVGXu3g&hl=en&sa=X&ved=2ahUKEwjVj6iP_YHzAhVET98KHbUGA1o4vgEQ6AF6BAgREAM", "distance": 0}
{"url": "https://www.unionhotelbrooklyn.com/", "distance": 0}
{"url": "https://unionmarket.com/locations/", "distance": 0}
{"url": "https://www.buzzbuzzhome.com/us/union-bk1", "distance": 0}
{"url": "https://www.simplyhired.com/search?q=union&l=brooklyn%2C+ny", "distance": 0}
{"url": "https://www.nycservice.org/organizations/2030", "distance": 0}
{"url": "https://redhookwaterstories.org/items/show/1235", "distance": 0}
{"url": "https://brooklyngeneral.com/", "distance": 0}
{"url": "https://uniontemple.org/", "distance": 0}
{"url": "https://twitter.com/bkmuseumunion?lang=en", "distance": 0}
{"url": "https://www.cutimes.com/2021/09/03/fired-employee-takes-revenge-against-a-nyc-credit-unions-it-system/", "distance": 0}
{"url": "https://www.sandiegouniontribune.com/entertainment/national/story/2021-09-14/operatic-day-at-the-beach-evokes-climate-crisis", "distance": 0}
{"url": "https://unionhealthcenter.org/", "distance": 0}
{"url": "https://www.ohmyrockness.com/venues/union-pool", "distance": 0}
{"url": "https://www.afge.org/publication/its-been-a-disaster-waiting-to-happen-says-federal-prison-union-about-mdc-brooklyn/", "distance": 0}
{"url": "https://www.findagrave.com/cemetery/853504/brooklyn-union-burial-ground", "distance": 0}
{"url": "https://www.vulture.com/2021/09/vulture-and-union-hall-launch-a-weekly-live-comedy-show.html", "distance": 0}
{"url": "http://www.nymfcu.org/", "distance": 0}
{"url": "https://www.hertz.com/rentacar/location/unitedstates/newyork/brooklyn/nycs11", "distance": 0}
{"url": "https://majorowenscenter.com/", "distance": 0}
{"url": "https://www.ediblebrooklyn.com/2018/union-market-new-york-city/", "distance": 0}
{"url": "https://www.rome2rio.com/s/Brooklyn/Union-Hunterdon-County-NJ-USA", "distance": 0}
{"url": "https://www.nationalgrid.com/document/139676/download", "distance": 0}
{"url": "https://www.brooklynpizzaofunion.com/", "distance": 0}
{"url": "https://medium.com/@MatthewTHunt/nyc-is-a-union-busting-town-the-progressive-mayor-the-union-busters-hornblower-d3ca4a02eaab", "distance": 0}
{"url": "https://www.starbucks.com/store-locator/store/1006971/union-ave-ainslie-st-405-409-union-avenue-brooklyn-ny-112113424-us", "distance": 0}
{"url": "https://www.toplinecu.com/", "distance": 0}
{"url": "https://www.lehighvalleylive.com/news/2021/09/mob-bust-targets-nj-man-charged-as-underboss-of-crime-family.html", "distance": 0}
{"url": "https://www.propark.com/facilities/906-union-street-parking/", "distance": 0}
{"url": "https://www.brownstoner.com/history/brooklyn-signs-cinderella-project-cypress-hills/", "distance": 0}
{"url": "https://brooklynfriends.org/", "distance": 0}
{"url": "http://www.twulocal101.org/contact", "distance": 0}
{"url": "https://www.bhsusa.com/closed/brooklyn/74-union-street/townhouse/20077545", "distance": 0}
{"url": "https://www.choicehotels.com/new-york/brooklyn/hotels", "distance": 0}
{"url": "https://www.naturalgasintel.com/national-grid-keyspan-complete-11-8b-merger-2/", "distance": 0}
{"url": "https://sec.report/CIK/0000014525", "distance": 0}
{"url": "https://www.hotelplanner.com/Hotels/283750/Reservations-Holiday-Inn-Express-Brooklyn-Brooklyn-625-Union-St-11215", "distance": 0}
{"url": "https://www.downtownbrooklyn.com/listings/western-union", "distance": 0}
{"url": "https://b6realestateadvisors.com/listings/?propertyId=642601-sale", "distance": 0}
{"url": "https://www.yelp.com/biz/union-hall-brooklyn", "distance": 0}
{"url": "https://www.justice.gov/usao-edny/pr/brooklyn-woman-pleads-guilty-unauthorized-intrusion-credit-union-s-computer-system", "distance": 0}
{"url": "https://en.wikipedia.org/wiki/Brooklyn_Times-Union", "distance": 0}
{"url": "https://www.brooklynharvestmarkets.com/stores/union-avenue", "distance": 0}
{"url": "https://wetheblackpeople.captivate.fm/episode/team-antiracism", "distance": 0}
{"url": "https://newmarkretail.com/lease-property-detail/id/1708/382_Union_Avenue-Brooklyn-NY/", "distance": 0}
{"url": "https://books.google.com/books?id=sUnZdJApgFgC&pg=PA550-IA2&lpg=PA550-IA2&dq=brooklyn+union&source=bl&ots=b_FkMrUY_b&sig=ACfU3U18FJ7AwgwodEt5eY6sdP2E-ZqEgw&hl=en&sa=X&ved=2ahUKEwjVj6iP_YHzAhVET98KHbUGA1o4vgEQ6AF6BAgPEAM", "distance": 0}
{"url": "https://brooklyneagle.com/articles/2021/06/30/brooklyn-defender-services-bds-staff-announce-formation-of-wall-to-wall-union/", "distance": 0}
{"url": "https://local.fedex.com/en-us/ny/brooklyn/cctfi/", "distance": 0}
{"url": "https://gothamist.com/news/brooklyn-friends-school-drops-effort-disband-union-following-teachers-strike", "distance": 0}
{"url": "https://www.uft.org/your-union/uft-borough-offices/brooklyn", "distance": 0}
{"url": "https://www.silive.com/crime-safety/2021/09/nyc-mob-takedown-nets-entire-colombo-crime-family-administration-feds-say.html", "distance": 0}
{"url": "https://slicelife.com/restaurants/nj/union/07083/brooklyn-pizza-1014-stuyvesant-ave-union/menu", "distance": 0}
{"url": "https://pix11.com/news/local-news/sinking-ship-correction-officers-union-criticizes-rikers-relief-plan-claims-they-were-not-informed-about-it/", "distance": 0}
{"url": "https://qns.com/2021/09/feds-bust-colombo-crime-family-leadership-in-racketeering-scheme-involving-queens-based-labor-union/", "distance": 0}
{"url": "https://www.tvinsider.com/1009476/brooklyn-nine-nine-john-c-mcginley-frank-osullivan-chicago-pd/", "distance": 0}
{"url": "https://www.t-mobile.com/store-locator/ny/brooklyn/utica-ave-union-st", "distance": 0}
{"url": "https://www.nycgo.com/nightlife/union-hall1", "distance": 0}
{"url": "https://www.startribune.com/feds-nyc-mobsters-shook-down-union-with-threats-extortion/600097193/", "distance": 0}
{"url": "https://www.nytimes.com/1999/06/27/nyregion/brooklyn-union-gas-cuts-in-home-repair.html", "distance": 0}
{"url": "https://www.nycclc.org/affiliate/american-postal-workers-union-brooklyn-local-251", "distance": 0}
{"url": "https://www.thecity.nyc/brooklyn/2021/9/12/22669879/crown-heights-armory-pool-pricey-swimming-lessons", "distance": 0}
{"url": "https://www.encyclopedia.com/books/politics-and-business-magazines/brooklyn-union-gas", "distance": 0}
{"url": "https://www.theartnewspaper.com/news/workers-at-the-brooklyn-museum-vote-to-form-a-union", "distance": 0}
{"url": "https://www.501union.com/", "distance": 0}
{"url": "https://www.swbtu.org/", "distance": 0}
{"url": "https://newyorkyimby.com/2018/11/permits-filed-for-a-six-story-residential-building-at-670-union-street-in-gowanus-brooklyn.html", "distance": 0}
{"url": "https://www.theknot.com/marketplace/501-union-brooklyn-ny-612499", "distance": 0}
{"url": "https://www.dailyprovisionsnyc.com/", "distance": 0}
{"url": "https://stevemorse.org/bklyn-genealogy-info/Newspaper/BSU/index.html", "distance": 0}
{"url": "http://dcmny.org/islandora/object/photosnycbeyond%3A39855", "distance": 0}
{"url": "https://www.seamless.com/menu/union-deli-226-4th-ave-brooklyn/1033741", "distance": 0}
{"url": "https://therealdeal.com/2021/09/08/ex-brooklyn-construction-union-boss-sentenced-to-5-years-for-bribery-scheme/", "distance": 0}
{"url": "https://www.beermenus.com/places/18320-brooklyn-harvest-market-on-union-avenue", "distance": 0}
{"url": "https://www.riteaid.com/locations/ny/brooklyn/101-clinton-street.html", "distance": 0}
{"url": "https://nymag.com/intelligencer/article/brooklyn-friends-school-union-quaker-values.html", "distance": 0}
{"url": "https://wabcradio.com/2021/09/15/death-of-4-year-old-boy-in-brooklyn-ruled-as-homicide/", "distance": 0}
{"url": "https://www.paypal.com/cgi-bin/webscr?cmd=_s-xclick&hosted_button_id=GEHGGT65EY8HQ&source=url", "distance": "1"}
{"url": "https://www.paypal.com/cgi-bin/webscr?cmd=_s-xclick&hosted_button_id=GEHGGT65EY8HQ&source=url", "distance": "1"}
{"url": "https://www.paypal.com/cgi-bin/webscr?cmd=_s-xclick&hosted_button_id=GEHGGT65EY8HQ&source=url", "distance": "1"}
{"url": "https://www.facebook.com/unionbfs/", "distance": "1"}
{"url": "https://twitter.com/BFSUnion", "distance": "1"}
{"url": "https://www.instagram.com/bfsunion/", "distance": "1"}
{"url": "https://www.facebook.com/unionbfs/", "distance": "1"}
{"url": "https://twitter.com/BFSUnion", "distance": "1"}
{"url": "https://www.instagram.com/bfsunion/", "distance": "1"}
{"url": "https://www.facebook.com/unionbfs/", "distance": "1"}
{"url": "https://twitter.com/BFSUnion", "distance": "1"}
{"url": "https://www.instagram.com/bfsunion/", "distance": "1"}
{"url": "https://www.encyclopedia.com/social-sciences-and-law/economics-business-and-labor/businesses-and-occupations/consolidated-natural-gas-company", "distance": "1"}
{"url": "https://www.encyclopedia.com/social-sciences-and-law/economics-business-and-labor/businesses-and-occupations/nicor-inc", "distance": "1"}
{"url": "https://www.encyclopedia.com/social-sciences-and-law/economics-business-and-labor/businesses-and-occupations/equitable-resources-inc", "distance": "1"}
{"url": "https://www.encyclopedia.com/social-sciences-and-law/economics-business-and-labor/businesses-and-occupations/lge-energy-corp", "distance": "1"}
{"url": "https://www.encyclopedia.com/social-sciences-and-law/economics-business-and-labor/businesses-and-occupations/atlanta-gas-light-company", "distance": "1"}
{"url": "https://www.encyclopedia.com/social-sciences-and-law/economics-business-and-labor/businesses-and-occupations/gaz-de-france", "distance": "1"}
{"url": "https://www.encyclopedia.com/books/politics-and-business-magazines/dynegy-inc", "distance": "1"}
{"url": "https://www.encyclopedia.com/books/politics-and-business-magazines/brooklyn-union-gas", "distance": "1"}
{"url": "https://www.encyclopedia.com/books/politics-and-business-magazines/southern-connecticut-gas-company", "distance": "1"}
{"url": "https://www.encyclopedia.com/books/politics-and-business-magazines/northwest-natural-gas-company", "distance": "1"}
{"url": "https://www.encyclopedia.com/books/politics-and-business-magazines/transco-energy-company", "distance": "1"}
{"url": "https://www.encyclopedia.com/books/politics-and-business-magazines/mitchell-energy-and-development-corporation", "distance": "1"}
{"url": "https://www.encyclopedia.com/books/politics-and-business-magazines/ugi-corporation", "distance": "1"}
{"url": "https://www.encyclopedia.com/books/politics-and-business-magazines/oneok-inc", "distance": "1"}
{"url": "http://www.singleplatform.com/menu-lp?ref=singleplatform&sp_source=publisher&sp_campaign=singleplatform&sp_channel=viral", "distance": "1"}
{"url": "https://m.uber.com/ul/?client_id=Md64GYThBYoDtZvyOWgMWiX04lvBY_yJ&action=setPickup&dropoff%5Blatitude%5D=40.68401&dropoff%5Blongitude%5D=-74.00253&dropoff%5Bnickname%5D=Brooklyn+Union+Cafe&dropoff%5Bformatted_address%5D=126+union+street+Brooklyn+NY+11231", "distance": "1"}
{"url": "http://www.singleplatform.com/menu-lp?ref=singleplatform&sp_source=publisher&sp_campaign=singleplatform&sp_channel=viral", "distance": "1"}
{"url": "http://www.singleplatform.com/menu-lp?ref=singleplatform&sp_source=publisher&sp_campaign=singleplatform&sp_channel=viral", "distance": "1"}
{"url": "http://www.singleplatform.com/legal?sp_channel=internal", "distance": "1"}
{"url": "https://www.endurance.com/privacy", "distance": "1"}
{"url": "https://maps.google.com/maps/?q=126+union+street++Brooklyn+NY+11231", "distance": "1"}
{"url": "http://www.singleplatform.com/menu-lp?ref=singleplatform&sp_source=publisher&sp_campaign=singleplatform&sp_channel=viral", "distance": "1"}
{"url": "http://maps.google.com/maps?q=126 union street  Brooklyn NY 11231&t=m&z=16", "distance": "1"}
{"url": "https://www.nbcnewyork.com/", "distance": "1"}
{"url": "https://www.nbcnewyork.com/live", "distance": "1"}
{"url": "https://www.nbcnewyork.com/tag/mob-bust/", "distance": "1"}
{"url": "https://www.facebook.com/sharer/sharer.php?u=https%3A%2F%2Fwww.nbcnewyork.com%2Finvestigations%2Freputed-nyc-mob-boss-among-a-dozen-snared-in-fraud-corruption-bust-sources%2F3270937%2F&Reputed%20NYC%20Crime%20Boss%20Among%2014%20Mobsters%20Snared%20in%20Labor%20Racketeering%2C%20Extortion%20Bust%3A%20Feds?_osource=db_npd_nbc_wnbc_fb_shr", "distance": "1"}
{"url": "https://twitter.com/intent/tweet?text=Reputed%20NYC%20Crime%20Boss%20Among%2014%20Mobsters%20Snared%20in%20Labor%20Racketeering%2C%20Extortion%20Bust%3A%20Feds&url=https%3A%2F%2Fwww.nbcnewyork.com%2Finvestigations%2Freputed-nyc-mob-boss-among-a-dozen-snared-in-fraud-corruption-bust-sources%2F3270937%2F?_osource=db_npd_nbc_wnbc_twt_shr", "distance": "1"}
{"url": "https://www.nbcnewyork.com/news/local/worker-dies-after-falling-into-bin-at-ny-concrete-plant/3273825/", "distance": "1"}
{"url": "https://www.nbcnewyork.com/tag/genesee-county/", "distance": "1"}
{"url": "https://www.nbcnewyork.com/news/local/doordash-sues-new-york-city-over-rights-to-customer-data/3273827/", "distance": "1"}
{"url": "https://www.nbcnewyork.com/tag/nyc-restaurants/", "distance": "1"}
{"url": "https://www.nbcnewyork.com/tag/mob-bust/", "distance": "1"}
{"url": "https://www.nbcnewyork.com/tag/crime-and-courts/", "distance": "1"}
{"url": "https://www.nbcnewyork.com/tag/fbi/", "distance": "1"}
{"url": "https://www.nbcnewyork.com/tag/brooklyn-federal-court/", "distance": "1"}
{"url": "https://www.nbcnewyork.com/tag/colombo-crime-family/", "distance": "1"}
{"url": "https://www.facebook.com/sharer/sharer.php?u=https%3A%2F%2Fwww.nbcnewyork.com%2Finvestigations%2Freputed-nyc-mob-boss-among-a-dozen-snared-in-fraud-corruption-bust-sources%2F3270937%2F&Reputed%20NYC%20Crime%20Boss%20Among%2014%20Mobsters%20Snared%20in%20Labor%20Racketeering%2C%20Extortion%20Bust%3A%20Feds?_osource=db_npd_nbc_wnbc_fb_shr", "distance": "1"}
{"url": "https://twitter.com/intent/tweet?text=Reputed%20NYC%20Crime%20Boss%20Among%2014%20Mobsters%20Snared%20in%20Labor%20Racketeering%2C%20Extortion%20Bust%3A%20Feds&url=https%3A%2F%2Fwww.nbcnewyork.com%2Finvestigations%2Freputed-nyc-mob-boss-among-a-dozen-snared-in-fraud-corruption-bust-sources%2F3270937%2F?_osource=db_npd_nbc_wnbc_twt_shr", "distance": "1"}
{"url": "https://www.nbcnewyork.com/weather/", "distance": "1"}
{"url": "https://www.nbcnewyork.com/", "distance": "1"}
{"url": "https://www.nbcnewyork.com/", "distance": "1"}
{"url": "https://www.nbcnewyork.com/live/", "distance": "1"}
{"url": "https://www.nbcnewyork.com/on-air/community-top-stories/", "distance": "1"}
{"url": "https://www.nbcnewyork.com/news/business/money-report/", "distance": "1"}
{"url": "https://www.nbcnewyork.com/entertainment/the-scene/new-york-live/", "distance": "1"}
{"url": "https://www.nbcnewyork.com/entertainment/the-scene/1st-look/", "distance": "1"}
{"url": "https://www.nbcnewyork.com/entertainment/the-scene/george-to-the-rescue/", "distance": "1"}
{"url": "https://www.nbcnewyork.com/entertainment/the-scene/open-house/", "distance": "1"}
{"url": "https://www.nbcnewyork.com/entertainment/talk-stoop/", "distance": "1"}
{"url": "https://www.nbcnewyork.com/ugc/", "distance": "1"}
{"url": "https://www.nbcnewyork.com/newsletters/", "distance": "1"}
{"url": "http://www.brooklynrugby.com/join-us/", "distance": "1"}
{"url": "http://brooklynrugby.com/calendar/", "distance": "1"}
{"url": "http://www.brooklynrugby.com/sponsors/indigo-murphys/", "distance": "1"}
{"url": "http://www.triomph.us", "distance": "1"}
{"url": "https://moovitapp.com/nycnj-121/poi/en", "distance": "1"}
{"url": "https://moovitapp.com/nycnj-121/poi/Union%20Street/current_location/en?tll=40.684391_-74.00301&ref=1&poiType=street&customerId=4908", "distance": "1"}
{"url": "https://moovitapp.com/nycnj-121/poi/Union%20Street/current_location/en?tll=40.684391_-74.00301&ref=1&poiType=street&customerId=4908", "distance": "1"}
{"url": "https://moovitapp.com/nycnj-121/poi/Union%20Street/t/en?tll=40.684391_-74.00301&ref=1&poiType=street&customerId=4908", "distance": "1"}
{"url": "https://moovitapp.com/nycnj-121/poi/Union%20Street/current_location/en?tll=40.684391_-74.00301&ref=1&poiType=street&customerId=4908", "distance": "1"}
{"url": "https://moovitapp.com/index/en/dir/Peapack_Station-city_76359-site_57059044-121", "distance": "1"}
{"url": "https://moovitapp.com/index/en/dir/Port_Jervis-site_57058463-stop_25131213-121", "distance": "1"}
{"url": "https://moovitapp.com/index/en/dir/Mamaroneck-site_57058463-stop_24830081-121", "distance": "1"}
{"url": "https://moovitapp.com/index/en/dir/The_Westchester-site_136076159-site_14614599-121", "distance": "1"}
{"url": "https://moovitapp.com/index/en/dir/Soho_Grand_Hotel-site_57090410-site_57105289-121", "distance": "1"}
{"url": "https://moovitapp.com/index/en/dir/North_Arlington-stop_19919269-site_57065918-121", "distance": "1"}
{"url": "https://moovitapp.com/index/en/dir/Radio_City_Music_Hall-site_57090410-site_14419638-121", "distance": "1"}
{"url": "https://moovitapp.com/index/en/dir/Ronkonkoma_Beach-stop_19919269-site_14387331-121", "distance": "1"}
{"url": "https://moovitapp.com/index/en/dir/Kearny_Nj-site_141323959-city_75907-121", "distance": "1"}
{"url": "https://moovitapp.com/index/en/dir/West_Orange_Nj-site_57090410-city_76362-121", "distance": "1"}
{"url": "https://moovitapp.com/index/en/dir/Winter_Garden_Theatre-stop_19919270-site_14403851-121", "distance": "1"}
{"url": "https://moovitapp.com/index/en/dir/Selden_Ny-city_76359-city_76271-121", "distance": "1"}
{"url": "https://moovitapp.com/index/en/dir/East_Broadway-site_14421819-site_136058521-121", "distance": "1"}
{"url": "https://moovitapp.com/index/en/dir/Junoon-city_131980-site_24903877-121", "distance": "1"}
{"url": "https://moovitapp.com/index/en/dir/Yonkers_Ny-site_14962635-city_76429-121", "distance": "1"}
{"url": "https://moovitapp.com/index/en/dir/Northport-site_14421819-stop_24475232-121", "distance": "1"}
{"url": "https://moovitapp.com/index/en/dir/Liberty_Park-site_14396368-site_23124729-121", "distance": "1"}
{"url": "https://moovitapp.com/index/en/dir/277_Park_Avenue-city_76359-site_14433456-121", "distance": "1"}
{"url": "https://moovitapp.com/index/en/dir/Summit_Diner-site_14421819-site_136068877-121", "distance": "1"}
{"url": "https://moovitapp.com/index/en/dir/Rutgers-site_14396596-site_14387629-121", "distance": "1"}
{"url": "https://moovitapp.com/", "distance": "1"}
{"url": "https://play.google.com/store/apps/details?id=com.tranzmate&hl=en-US", "distance": "1"}
{"url": "https://itunes.apple.com/us/app/moovit-public-transit/id498477945?mt=8", "distance": "1"}
{"url": "https://moovitapp.com/nycnj-121/poi/en?customerId=4908&ref=1&poiType=street", "distance": "1"}
{"url": "https://www.umc.org/en/what-we-believe/basics-of-our-faith", "distance": "1"}
{"url": "https://www.umc.org/en/rethink-church", "distance": "1"}
{"url": "https://maps.google.com/maps?ll=40.6760597229004,-73.9471588134766&amp;z=18&amp;t=m&amp;hl=en-US&amp;gl=AR&amp;mapclient=embed&amp;", "distance": "1"}
{"url": "https://www.google.com/maps/search/?api=1&query=Union+United+Methodist+Church", "distance": "1"}
{"url": "http://www.nyac.com", "distance": "1"}
{"url": "http://www.nyac.com/longislandwest", "distance": "1"}
{"url": "http://ee.umc.org/find-a-church/church/update/12474", "distance": "1"}
{"url": "https://www.umc.org/en/content/privacy-statement?iesrc=ctr", "distance": "1"}
{"url": "https://www.facebook.com/unitedmethodistchurch", "distance": "1"}
{"url": "https://www.instagram.com/unitedmethodistchurch", "distance": "1"}
{"url": "http://www.youtube.com/umcvideos", "distance": "1"}
{"url": "https://www.pinterest.com/umchurch", "distance": "1"}
{"url": "https://apps.bklynlibrary.org/donate/?utm_source=website&utm_medium=sitewide-header", "distance": "1"}
{"url": "https://apps.bklynlibrary.org/bcphoto/?callnum=WORK 1026", "distance": "1"}
{"url": "https://allevents.in/brooklyn", "distance": "1"}
{"url": "https://allevents.in/manage/create.php?ref=event-topbar", "distance": "1"}
{"url": "https://allevents.in/recommended?ref=event-topbar", "distance": "1"}
{"url": "https://allevents.in/new%20york?ref=cityselect-nearby", "distance": "1"}
{"url": "https://allevents.in/new%20york?ref=cityselect-nearby", "distance": "1"}
{"url": "https://allevents.in/philadelphia?ref=cityselect-nearby", "distance": "1"}
{"url": "https://allevents.in/baltimore?ref=cityselect-nearby", "distance": "1"}
{"url": "https://allevents.in/florida?ref=cityselect-nearby", "distance": "1"}
{"url": "https://allevents.in/manhattan?ref=cityselect-nearby", "distance": "1"}
{"url": "https://allevents.in/bronx?ref=cityselect-nearby", "distance": "1"}
{"url": "https://allevents.in/atlantic%20city?ref=cityselect-nearby", "distance": "1"}
{"url": "https://allevents.in/york-ny?ref=cityselect-nearby", "distance": "1"}
{"url": "https://allevents.in/wilmington?ref=cityselect-nearby", "distance": "1"}
{"url": "https://allevents.in/brooklyn/health-wellness?ref=ep_desc_also", "distance": "1"}
{"url": "https://allevents.in/org/union-hall/325276?ref=organizer-ep-v4", "distance": "1"}
{"url": "https://allevents.in/manage/create.php?ref=event-v4-right", "distance": "1"}
{"url": "https://allevents.in/recommended?ref=bottom-subscribe-recomm", "distance": "1"}
{"url": "https://play.google.com/store/apps/details?id=com.amitech.allevents", "distance": "1"}
{"url": "https://itunes.apple.com/app/apple-store/id488116646?pt=505903&ct=footer&mt=8", "distance": "1"}
{"url": "https://amitech.co", "distance": "1"}
{"url": "https://allevents.in", "distance": "1"}
{"url": "https://allevents.in/brooklyn", "distance": "1"}
{"url": "https://www.apartments.com/es/transporte-publico/ny/brooklyn/union-street/j6ysmp4/", "distance": "1"}
{"url": "https://www.apartments.com/", "distance": "1"}
{"url": "https://www.apartments.com/33-bond-st-brooklyn-ny/2vwpn7c/", "distance": "1"}
{"url": "https://www.apartments.com/33-bond-st-brooklyn-ny/2vwpn7c/", "distance": "1"}
{"url": "https://www.apartments.com/834-pacific-brooklyn-ny/6b7chwv/", "distance": "1"}
{"url": "https://www.apartments.com/363-bond-street-brooklyn-ny/kfw1378/", "distance": "1"}
{"url": "https://www.apartments.com/363-bond-street-brooklyn-ny/kfw1378/", "distance": "1"}
{"url": "https://www.apartments.com/ambassador-apartments-brooklyn-ny/39x8hxe/", "distance": "1"}
{"url": "https://www.apartments.com/230-ashland-pl-brooklyn-ny/m1xqjdk/", "distance": "1"}
{"url": "https://www.apartments.com/265-state-st-brooklyn-ny/ky1j668/", "distance": "1"}
{"url": "https://www.apartments.com/52-dean-st-brooklyn-ny/tnycsd8/", "distance": "1"}
{"url": "https://www.apartments.com/237-11th-st-brooklyn-ny/7kf8ekw/", "distance": "1"}
{"url": "https://www.apartments.com/1-hanson-pl-brooklyn-ny/g31bvwz/", "distance": "1"}
{"url": "https://www.apartments.com/835-carroll-st-brooklyn-ny/lf2l74g/", "distance": "1"}
{"url": "https://www.apartments.com/686-warren-st-brooklyn-ny/8xhvlw3/", "distance": "1"}
{"url": "https://www.apartments.com/briq-apartments-brooklyn-ny/xwt0wem/", "distance": "1"}
{"url": "https://www.apartments.com/183-4th-ave-brooklyn-ny/j01dsb4/", "distance": "1"}
{"url": "https://www.apartments.com/270-1st-st-brooklyn-ny/vgdvmde/", "distance": "1"}
{"url": "https://www.apartments.com/41-underhill-ave-brooklyn-ny/jp9hm87/", "distance": "1"}
{"url": "https://www.apartments.com/397-clermont-ave-brooklyn-ny/bxcwr9b/", "distance": "1"}
{"url": "https://www.apartments.com/422-clermont-ave-brooklyn-ny/v2x6swd/", "distance": "1"}
{"url": "https://www.apartments.com/486-4th-ave-brooklyn-ny/vmnl2qe/", "distance": "1"}
{"url": "https://www.apartments.com/254-wyckoff-st-brooklyn-ny/d09sgzh/", "distance": "1"}
{"url": "https://www.apartments.com/446-3rd-ave-brooklyn-ny/7nhtsqy/", "distance": "1"}
{"url": "https://www.apartments.com/101-saint-felix-st-brooklyn-ny/3eekype/", "distance": "1"}
{"url": "https://www.apartments.com/618a-bergen-st-brooklyn-ny/71wc2pw/", "distance": "1"}
{"url": "https://www.apartments.com/281-3rd-ave-brooklyn-ny/w03456j/", "distance": "1"}
{"url": "https://www.apartments.com/250-9th-st-brooklyn-ny/53px9gm/", "distance": "1"}
{"url": "https://www.apartments.com/south-slope-2-bedroom-pvt-terr-laundry-brooklyn-ny/j46wep4/", "distance": "1"}
{"url": "https://www.apartments.com/", "distance": "1"}
{"url": "https://twitter.com/intent/tweet", "distance": "1"}
{"url": "https://www.facebook.com/sharer/sharer.php?sdk=joey&u=http://companies.jrank.org/pages/652/Brooklyn-Union-Gas.html&display=popup&ref=plugin&src=share_button", "distance": "1"}
{"url": "https://policies.google.com/privacy", "distance": "1"}
{"url": "https://policies.google.com/terms", "distance": "1"}
{"url": "http://maps.google.com?q=568+Union+Ave++Brooklyn+NY+11211", "distance": "1"}
{"url": "http://www.google.com/search?q=how+to+enable+javascript", "distance": "1"}
{"url": "https://youtube.com/watch?v=qRC4Vk6kisY", "distance": "1"}
{"url": "https://brookvaleunion.com.au", "distance": "1"}
{"url": "https://brookvaleunion.com.au/quality-nonsense-locator/", "distance": "1"}
{"url": "https://brookvaleunion.com.au/quality-nonsense-locator/", "distance": "1"}
{"url": "https://brookvaleunion.com.au/about/", "distance": "1"}
{"url": "https://brookvaleunion.com.au/whats-on/", "distance": "1"}
{"url": "https://brookvaleunion.com.au/vodka-lemon-lime-bitters/", "distance": "1"}
{"url": "https://brookvaleunion.com.au/spiced-rum-ginger-beer/", "distance": "1"}
{"url": "https://brookvaleunion.com.au/vodka-peach-iced-tea/", "distance": "1"}
{"url": "https://brookvaleunion.com.au/ginger-beer/", "distance": "1"}
{"url": "https://brookvaleunion.com.au/boozy-seltzer/", "distance": "1"}
{"url": "https://brookvaleunion.com.au/vodka-lemon-lime-bitters/", "distance": "1"}
{"url": "https://brookvaleunion.com.au/iced-tea/", "distance": "1"}
{"url": "https://brookvaleunion.com.au/ginger-beer/", "distance": "1"}
{"url": "https://brookvaleunion.com.au/spiced-rum-ginger-beer/", "distance": "1"}
{"url": "https://brookvaleunion.com.au/boozy-seltzer/", "distance": "1"}
{"url": "https://www.ancestry.com", "distance": "1"}
{"url": "https://www.ancestry.com/legal/terms.aspx", "distance": "1"}
{"url": "https://www.ancestry.com/cs/legal/privacystatement", "distance": "1"}
{"url": "https://www.ancestry.com/cs/legal/privacystatement#personal-info-categories", "distance": "1"}
{"url": "https://www.newspapers.com/sitemap/", "distance": "1"}
{"url": "https://www.newspapers.com/topics/", "distance": "1"}
{"url": "https://www.newspapers.com/contact/", "distance": "1"}
{"url": "https://www.whatismybrowser.com/guides/how-to-enable-javascript/", "distance": "1"}
{"url": "https://visitor.r20.constantcontact.com/manage/optin?v=001L2HMGVV_gle6uwlcj8sOtzZDqgpug-sYwofUiW_opeAlxcztM5J18xVn8x91P586CGxqid2CidfIEmrAk_tfS6c-pdRWIB51p1a0B46SYfc%3D", "distance": "1"}
{"url": "https://www.facebook.com/ccxmedia.org", "distance": "1"}
{"url": "https://twitter.com/ccxnews", "distance": "1"}
{"url": "https://reflect-ccx.cablecast.tv/cablecastapi/live?channel_id=6&use_cdn=false", "distance": "1"}
{"url": "https://reflect-ccx.cablecast.tv/cablecastapi/live?channel_id=3&use_cdn=false", "distance": "1"}
{"url": "https://reflect-ccx.cablecast.tv/cablecastapi/live?channel_id=2&use_cdn=false", "distance": "1"}
{"url": "https://ccxmedia.org/ccx-sports/adapted-sports/", "distance": "1"}
{"url": "https://ccxmedia.org/ccx-sports/additional-sports/", "distance": "1"}
{"url": "https://ccxmedia.org/ccx-sports/baseball/", "distance": "1"}
{"url": "https://ccxmedia.org/ccx-sports/basketball/", "distance": "1"}
{"url": "https://ccxmedia.org/ccx-sports/football/", "distance": "1"}
{"url": "https://ccxmedia.org/ccx-sports/gymnastics/", "distance": "1"}
{"url": "https://ccxmedia.org/ccx-sports/hockey/", "distance": "1"}
{"url": "https://ccxmedia.org/ccx-sports/lacrosse/", "distance": "1"}
{"url": "https://ccxmedia.org/ccx-sports/soccer/", "distance": "1"}
{"url": "https://ccxmedia.org/ccx-sports/softball/", "distance": "1"}
{"url": "https://ccxmedia.org/ccx-sports/swimming-diving/", "distance": "1"}
{"url": "https://ccxmedia.org/ccx-sports/tennis/", "distance": "1"}
{"url": "https://ccxmedia.org/ccx-sports/track-field/", "distance": "1"}
{"url": "https://ccxmedia.org/ccx-sports/volleyball/", "distance": "1"}
{"url": "https://ccxmedia.org/ccx-sports/wrestling/", "distance": "1"}
{"url": "https://www.facebook.com/ccxmedia.org", "distance": "1"}
{"url": "https://twitter.com/ccxsports", "distance": "1"}
{"url": "https://cablecast.nwct.org/cablecastapi/live?channel_id=6&use_cdn=false", "distance": "1"}
{"url": "https://cablecast.nwct.org/cablecastapi/live?channel_id=3&use_cdn=false", "distance": "1"}
{"url": "https://cablecast.nwct.org/cablecastapi/live?channel_id=2&use_cdn=false", "distance": "1"}
{"url": "https://store.twelve.tv/", "distance": "1"}
{"url": "https://ccxmedia.org/ccx-cities/brooklyn-center/", "distance": "1"}
{"url": "https://ccxmedia.org/ccx-cities/brooklyn-park/", "distance": "1"}
{"url": "https://ccxmedia.org/ccx-cities/crystal/", "distance": "1"}
{"url": "https://ccxmedia.org/ccx-cities/golden-valley/", "distance": "1"}
{"url": "https://ccxmedia.org/ccx-cities/maple-grove/", "distance": "1"}
{"url": "https://ccxmedia.org/ccx-cities/new-hope/", "distance": "1"}
{"url": "https://ccxmedia.org/ccx-cities/osseo/", "distance": "1"}
{"url": "https://ccxmedia.org/ccx-cities/plymouth/", "distance": "1"}
{"url": "https://ccxmedia.org/ccx-cities/robbinsdale/", "distance": "1"}
{"url": "https://www.facebook.com/ccxmedia.org", "distance": "1"}
{"url": "https://reflect-ccx.cablecast.tv/cablecastapi/live?channel_id=6&use_cdn=false", "distance": "1"}
{"url": "https://reflect-ccx.cablecast.tv/cablecastapi/live?channel_id=3&use_cdn=false", "distance": "1"}
{"url": "https://reflect-ccx.cablecast.tv/cablecastapi/live?channel_id=2&use_cdn=false", "distance": "1"}
{"url": "https://www.facebook.com/ccxcreate.org/", "distance": "1"}
{"url": "https://twitter.com/ccxcreate", "distance": "1"}
{"url": "https://www.instagram.com/ccxcreate/", "distance": "1"}
{"url": "https://cablecast.nwct.org/cablecastapi/live?channel_id=6&use_cdn=false", "distance": "1"}
{"url": "https://cablecast.nwct.org/cablecastapi/live?channel_id=3&use_cdn=false", "distance": "1"}
{"url": "https://cablecast.nwct.org/cablecastapi/live?channel_id=2&use_cdn=false", "distance": "1"}
{"url": "https://www.addtoany.com/add_to/copy_link?linkurl=https%3A%2F%2Fccxmedia.org%2Fnews%2Fpolice-union-pens-open-letter-to-brooklyn-center%2F&linkname=Police%20Union%20Pens%20%E2%80%98Open%20Letter%20to%20Brooklyn%20Center%E2%80%99", "distance": "1"}
{"url": "https://www.addtoany.com/add_to/email?linkurl=https%3A%2F%2Fccxmedia.org%2Fnews%2Fpolice-union-pens-open-letter-to-brooklyn-center%2F&linkname=Police%20Union%20Pens%20%E2%80%98Open%20Letter%20to%20Brooklyn%20Center%E2%80%99", "distance": "1"}
{"url": "https://www.addtoany.com/add_to/facebook?linkurl=https%3A%2F%2Fccxmedia.org%2Fnews%2Fpolice-union-pens-open-letter-to-brooklyn-center%2F&linkname=Police%20Union%20Pens%20%E2%80%98Open%20Letter%20to%20Brooklyn%20Center%E2%80%99", "distance": "1"}
{"url": "https://www.addtoany.com/add_to/twitter?linkurl=https%3A%2F%2Fccxmedia.org%2Fnews%2Fpolice-union-pens-open-letter-to-brooklyn-center%2F&linkname=Police%20Union%20Pens%20%E2%80%98Open%20Letter%20to%20Brooklyn%20Center%E2%80%99", "distance": "1"}
{"url": "https://ccxmedia.org/staff/shannon-slatton/", "distance": "1"}
{"url": "https://ccxmedia.org/news/brooklyn-blvd-construction-project-impacts-brooklyn-center-businesses/", "distance": "1"}
{"url": "https://ccxmedia.org/news/brooklyn-blvd-construction-project-impacts-brooklyn-center-businesses/", "distance": "1"}
{"url": "https://ccxmedia.org/news/new-brooklyn-center-dept-of-community-safety-violence-prevention-not-fiscally-possible/", "distance": "1"}
{"url": "https://ccxmedia.org/news/new-brooklyn-center-dept-of-community-safety-violence-prevention-not-fiscally-possible/", "distance": "1"}
{"url": "https://ccxmedia.org/news/redistricting-discussion-underway-in-minnesota-house/", "distance": "1"}
{"url": "https://ccxmedia.org/news/redistricting-discussion-underway-in-minnesota-house/", "distance": "1"}
{"url": "https://ccxmedia.org/news/ceaps-apple-orchard-produces-first-crop/", "distance": "1"}
{"url": "https://ccxmedia.org/news/ceaps-apple-orchard-produces-first-crop/", "distance": "1"}
{"url": "https://ccxmedia.org/news/newsmakers-prairiecare-integrates-dei-into-clinical-care/", "distance": "1"}
{"url": "https://ccxmedia.org/news/newsmakers-prairiecare-integrates-dei-into-clinical-care/", "distance": "1"}
{"url": "https://ccxmedia.org/news/ceap-launches-fundraising-campaign-for-septembers-meals-on-wheels-month/", "distance": "1"}
{"url": "https://ccxmedia.org/news/ceap-launches-fundraising-campaign-for-septembers-meals-on-wheels-month/", "distance": "1"}
{"url": "https://visitor.r20.constantcontact.com/d.jsp?llr=ikefjdbbb&p=oi&m=ikefjdbbb&sit=wrnmcsyob&f=f56c6925-a0bf-4cef-a2a3-0712d436811d", "distance": "1"}
{"url": "https://apps.appmachine.com/channel12", "distance": "1"}
{"url": "https://www.facebook.com/ccxmedia.org", "distance": "1"}
{"url": "https://www.instagram.com/ccx_media/", "distance": "1"}
{"url": "https://twitter.com/ccxnews", "distance": "1"}
{"url": "https://www.bizzyweb.com/", "distance": "1"}
{"url": "https://ccxmedia.org/wp-login.php", "distance": "1"}
{"url": "https://auth.voxmedia.com/login?community_id=276&return_to=https%3A%2F%2Fwww.netsdaily.com%2F", "distance": "1"}
{"url": "https://www.sbnation.com/blogs", "distance": "1"}
{"url": "https://www.netsdaily.com/2021/9/14/22674286/nba-players-union-near-agreement-on-vaccines-but-in-new-york-will-that-matter#comments", "distance": "1"}
{"url": "https://www.netsdaily.com/2021/9/14/22674286/nba-players-union-near-agreement-on-vaccines-but-in-new-york-will-that-matter#comments", "distance": "1"}
{"url": "https://www.netsdaily.com/2021/9/14/22674286/nba-players-union-near-agreement-on-vaccines-but-in-new-york-will-that-matter#comments", "distance": "1"}
{"url": "https://www.voxmedia.com", "distance": "1"}
{"url": "https://www.voxmedia.com", "distance": "1"}
{"url": "https://www.wsj.com/about-us?mod=wsjcorphat", "distance": "1"}
{"url": "https://www.wsj.com/?mod=wsjheader_logo", "distance": "1"}
{"url": "https://subscribe.wsj.com/hpheaderlink", "distance": "1"}
{"url": "https://accounts.wsj.com/login?target=https%3A%2F%2Fwww.wsj.com%2Farticles%2FSB98711156776616316", "distance": "1"}
{"url": "https://www.wsj.com/digital-print-edition?mod=wsjheader", "distance": "1"}
{"url": "https://www.wsj.com/video?mod=wsjheader", "distance": "1"}
{"url": "https://www.wsj.com/podcasts?mod=wsjheader", "distance": "1"}
{"url": "https://www.wsj.com/news/latest-headlines?mod=wsjheader", "distance": "1"}
{"url": "https://www.wsj.com/", "distance": "1"}
{"url": "https://subscribe.wsj.com/hpheaderlink", "distance": "1"}
{"url": "https://accounts.wsj.com/login?target=https%3A%2F%2Fwww.wsj.com%2Farticles%2FSB98711156776616316", "distance": "1"}
{"url": "https://wsj.calreplyapp.com/live-journalism", "distance": "1"}
{"url": "https://bit.ly/3xz9fuI", "distance": "1"}
{"url": "https://bit.ly/3fKuaF2", "distance": "1"}
{"url": "https://wsj.calreplyapp.com/live-journalism/subscription/subscribe", "distance": "1"}
{"url": "https://www.wsj.com/video/iphone-13-apple-watch-series-7-and-ipad-mini-apples-big-september-news/AEE820D2-2BB9-4096-A476-E755FF5E026F.html?mod=trending_now_video_1", "distance": "1"}
{"url": "https://www.wsj.com/video/inside-kabuls-green-zone-taliban-fighters-guard-abandoned-embassies/F4BB0167-CBA3-499F-B2F3-3571544F4938.html?mod=trending_now_video_2", "distance": "1"}
{"url": "https://www.wsj.com/video/gavin-newsom-defeats-recall-efforts-remains-california-governor/CF007DFE-E6E1-4B48-9505-FB6FF92A883D.html?mod=trending_now_video_3", "distance": "1"}
{"url": "https://www.wsj.com/video/ray-ban-and-facebooks-camera-equipped-sunglasses-cool-yes-creepy-yes/94A651AF-2320-43D7-AFEC-78C307FAAE00.html?mod=trending_now_video_4", "distance": "1"}
{"url": "https://www.wsj.com/video/hundreds-of-iphones-are-in-ted-lasso-theyre-more-strategic-than-you-think/BF83B882-AA90-46B2-9703-9D9689778D8D.html?mod=trending_now_video_5", "distance": "1"}
{"url": "https://wsj.calreplyapp.com/live-journalism", "distance": "1"}
{"url": "https://bit.ly/3xz9fuI", "distance": "1"}
{"url": "https://bit.ly/3fKuaF2", "distance": "1"}
{"url": "https://wsj.calreplyapp.com/live-journalism/subscription/subscribe", "distance": "1"}
{"url": "https://www.facebook.com/UBCgreenpoint/", "distance": "1"}
{"url": "https://www.youtube.com/channel/UCN4BPYIlwKp5T62ioF5Ls5w", "distance": "1"}
{"url": "https://twitter.com/AMNewYork", "distance": "1"}
{"url": "https://www.facebook.com/amnewyork", "distance": "1"}
{"url": "https://www.instagram.com/amnewyork/", "distance": "1"}
{"url": "https://www.youtube.com/channel/UCIzxIaXiyw2TivJRiagHZ3Q", "distance": "1"}
{"url": "https://www.amny.com/news/", "distance": "1"}
{"url": "https://www.brooklynpaper.com", "distance": "1"}
{"url": "https://www.qns.com", "distance": "1"}
{"url": "https://www.bxtimes.com", "distance": "1"}
{"url": "https://www.brownstoner.com", "distance": "1"}
{"url": "https://spectrumnews.smart.link/186a99z7m?cid=article_prompt&article=/all-boroughs/education/2020/08/19/quaker-school-busts-union-trump-policy", "distance": "1"}
{"url": "http://twitter.com/ny1", "distance": "1"}
{"url": "http://instagram.com/ny1", "distance": "1"}
{"url": "http://facebook.com/ny1news", "distance": "1"}
{"url": "https://www.ny1.com/nyc/all-boroughs/news/health-and-medicine/coronavirus-blog", "distance": "1"}
{"url": "https://spectrumlocalnews.com/app?cid=id-app14_m-display_s-web_cmp-app_launch_august2020_k-alert_bar_po-organic&ko_click_id=ko_ofvyfibzzt0xd3msr", "distance": "1"}
{"url": "http://specne.ws/uvAYHP", "distance": "1"}
{"url": "https://podcasts.apple.com/us/podcast/20-years-later-the-legacy-of-9-11/id1415190317?i=1000534877951", "distance": "1"}
{"url": "https://podcasts.apple.com/us/podcast/whats-next-for-nyc-is-new-york-ready-for-climate-change/id1448438816?i=1000534850964", "distance": "1"}
{"url": "https://podcasts.apple.com/us/podcast/the-priorities-and-potential-for-nys-first-woman-governor/id1458169458?i=1000533839803", "distance": "1"}
{"url": "https://twitter.com/share", "distance": "1"}
{"url": "https://www.nydailynews.com/subscriptions/land-subscribe-evergreen/?market=ny&source=manage&int=nydn_digitaladshouse_4-weeks-99_acquisition-subscriber_arc_button_manage-member-center_______bxca#nt=screamer", "distance": "1"}
{"url": "http://membership.nydailynews.com/newsletters/", "distance": "1"}
{"url": "https://www.nydailynews.com/snyde/ny-met-gala-2021-best-worst-red-carpet-fashions-20210913-uajwuruoojadnatszz5q7lig3e-photogallery.html#nt=related-content", "distance": "1"}
{"url": "https://www.nydailynews.com/new-york/ny-colombo-family-consigliere-ralph-dimatteo-fugitive-florida-20210915-3kfxbug6cvauhm73hgy5iexvk4-story.html#nt=related-content", "distance": "1"}
{"url": "https://www.nydailynews.com/new-york/nyc-crime/ny-correction-officers-suspended-awol-rikers-20210915-ygfkerayrfgu5h7epyontgn3qi-story.html#nt=related-content", "distance": "1"}
{"url": "https://www.nydailynews.com/snyde/ny-met-gala-2021-best-worst-red-carpet-fashions-20210913-uajwuruoojadnatszz5q7lig3e-photogallery.html#nt=related-content&rt=chartbeat-flt", "distance": "1"}
{"url": "https://www.nydailynews.com/new-york/ny-colombo-family-consigliere-ralph-dimatteo-fugitive-florida-20210915-3kfxbug6cvauhm73hgy5iexvk4-story.html#nt=related-content&rt=chartbeat-flt", "distance": "1"}
{"url": "https://www.nydailynews.com/new-york/nyc-crime/ny-correction-officers-suspended-awol-rikers-20210915-ygfkerayrfgu5h7epyontgn3qi-story.html#nt=related-content&rt=chartbeat-flt", "distance": "1"}
{"url": "https://my.homecu.net/banking/hcuLogin.prg?cu=BROOKLYN", "distance": "1"}
{"url": "https://app.acuityscheduling.com/schedule.php?owner=20368324", "distance": "1"}
{"url": "https://www.brooklyn.coop/remote-deposit/", "distance": "1"}
{"url": "https://www.brooklyn.coop/bank-with-us/how-to-join/", "distance": "1"}
{"url": "https://my.homecu.net/banking/hcuLogin.prg?cu=BROOKLYN", "distance": "1"}
{"url": "https://app.acuityscheduling.com/schedule.php?owner=20368324", "distance": "1"}
{"url": "https://www.brooklyn.coop/rrp-award/", "distance": "1"}
{"url": "https://www.brooklyn.coop/jan21taxtips/", "distance": "1"}
{"url": "https://www.brooklyn.coop/citiaward/", "distance": "1"}
{"url": "https://www.brooklyn.coop/e-news-from-brooklyn-coop/", "distance": "1"}
{"url": "https://www.brooklyn.coop/another-anniversary/", "distance": "1"}
{"url": "https://www.brooklyn.coop/looking-backward/", "distance": "1"}
{"url": "https://spearcenter.com/request-an-appointment/", "distance": "1"}
{"url": "https://spearcenter.com/request-an-appointment/", "distance": "1"}
{"url": "https://spearcenter.com", "distance": "1"}
{"url": "https://spearcenter.com/request-an-appointment/?location=7062", "distance": "1"}
{"url": "https://goo.gl/maps/zvVKn3TVpHBXwdtR9", "distance": "1"}
{"url": "https://spearcenter.com/request-an-appointment/?location=7062", "distance": "1"}
{"url": "https://spearcenter.com/service/cupping", "distance": "1"}
{"url": "https://spearcenter.com/service/iastm", "distance": "1"}
{"url": "https://spearcenter.com/service/kinesiotaping", "distance": "1"}
{"url": "https://spearcenter.com/service/personal-training", "distance": "1"}
{"url": "https://spearcenter.com/service/return-to-play-testing", "distance": "1"}
{"url": "https://spearcenter.com/service/spear-on-call", "distance": "1"}
{"url": "https://spearcenter.com/service/blood-flow-restriction", "distance": "1"}
{"url": "https://spearcenter.com/service/hand-therapy", "distance": "1"}
{"url": "https://spearcenter.com/service/tmj", "distance": "1"}
{"url": "https://spearcenter.com/service/manual-therapy", "distance": "1"}
{"url": "https://spearcenter.com/service/pelvic-floor-physical-therapy", "distance": "1"}
{"url": "https://spearcenter.com/service/fall-prevention", "distance": "1"}
{"url": "https://spearcenter.com/service/golf-swing-analysis", "distance": "1"}
{"url": "https://spearcenter.com/service/pediatrics-sports", "distance": "1"}
{"url": "https://spearcenter.com/service/running-analysis", "distance": "1"}
{"url": "https://spearcenter.com/service/sports-injury-prevention", "distance": "1"}
{"url": "https://spearcenter.com/service/vestibular-therapy", "distance": "1"}
{"url": "https://spearcenter.com/service/myofascial-release", "distance": "1"}
{"url": "https://spearcenter.com/therapists/austin-afshar/", "distance": "1"}
{"url": "https://spearcenter.com/therapists/brett-warner-pt-dpt/", "distance": "1"}
{"url": "https://spearcenter.com/therapists/phaeleau-cunneen-pt-cht/", "distance": "1"}
{"url": "https://spearcenter.com/therapists/andrea-bettini/", "distance": "1"}
{"url": "https://spearcenter.com/therapists/melanie-rocchio-pt-dpt/", "distance": "1"}
{"url": "https://spearcenter.com/therapists/danielle-saad-pt-dpt/", "distance": "1"}
{"url": "https://spearcenter.com/therapists/keith-feind-pt-dpt-atc/", "distance": "1"}
{"url": "https://spearcenter.com/therapists/eli-lamberson-pt-dpt-cscs/", "distance": "1"}
{"url": "https://spearcenter.com/therapists/ramneet-manrai-pt-dpt/", "distance": "1"}
{"url": "https://spearcenter.com/therapists/vince-palumbo-pt-dpt/", "distance": "1"}
{"url": "https://spearcenter.com/therapists/joseph-tarascavage-pt-dpt/", "distance": "1"}
{"url": "https://spearcenter.com/therapists/amir-rand/", "distance": "1"}
{"url": "https://www.yelp.com/biz/spear-physical-therapy-murray-hill-e-34th-st-manhattan?hrid=ENuzX52KuKn2aHlNPdQUtQ&utm_campaign=www_review_share_popup&utm_medium=copy_link&utm_source=(direct)", "distance": "1"}
{"url": "https://goo.gl/maps/dYZWGcJKeKm", "distance": "1"}
{"url": "https://www.yelp.com/biz/spear-physical-therapy-murray-hill-e-34th-st-manhattan?hrid=72ztP91qoRKN24wGBS9hMw&utm_campaign=www_review_share_popup&utm_medium=copy_link&utm_source=(direct)", "distance": "1"}
{"url": "https://www.yelp.com/biz/spear-physical-therapy-murray-hill-e-34th-st-manhattan?hrid=0zA2RtSn1TahMyAsg9Z28A&utm_campaign=www_review_share_popup&utm_medium=copy_link&utm_source=(direct)", "distance": "1"}
{"url": "https://goo.gl/maps/fJGn8nL1pUF2", "distance": "1"}
{"url": "https://goo.gl/maps/jCmYuF8JdqQ2", "distance": "1"}
{"url": "https://spearcenter.com/how-we-won-the-practice-of-the-year-award/", "distance": "1"}
{"url": "https://spearcenter.com/privacy-policy/", "distance": "1"}
{"url": "https://www.google.com/intl/en/about/products?tab=ph", "distance": "1"}
{"url": "https://www.google.com/accounts/Login?service=print&continue=https://books.google.com/books%3Fid%3DfpwvAAAAYAAJ%26pg%3DPA150%26lpg%3DPA150%26dq%3Dbrooklyn%2Bunion%26source%3Dbl%26ots%3DxkkcsE5Crh%26sig%3DACfU3U3iLRBnF-fIE9LyLL_8pugPVwHsCA%26hl%3Den%26sa%3DX&hl=en&ec=GAZACg", "distance": "1"}
{"url": "https://books.google.com/?hl=en&tab=pp", "distance": "1"}
{"url": "https://books.google.com/books?id=fpwvAAAAYAAJ&pg=PA150&lpg=PA150&dq=brooklyn+union&source=bl&ots=xkkcsE5Crh&sig=ACfU3U3iLRBnF-fIE9LyLL_8pugPVwHsCA&hl=en&sa=X&output=html_text", "distance": "1"}
{"url": "https://www.google.com/accounts/Login?service=print&continue=https://books.google.com/books%3Fop%3Dlookup%26id%3DfpwvAAAAYAAJ%26continue%3Dhttps://books.google.com/books%253Fid%253DfpwvAAAAYAAJ%2526pg%253DPA150%2526lpg%253DPA150%2526dq%253Dbrooklyn%252Bunion%2526source%253Dbl%2526ots%253DxkkcsE5Crh%2526sig%253DACfU3U3iLRBnF-fIE9LyLL_8pugPVwHsCA%2526hl%253Den%2526sa%253DX&hl=en", "distance": "1"}
{"url": "https://books.google.com/books?id=fpwvAAAAYAAJ&printsec=frontcover&source=gbs_vpt_read", "distance": "1"}
{"url": "https://play.google.com/books/reader?id=fpwvAAAAYAAJ&printsec=frontcover&source=gbs_vpt_read", "distance": "1"}
{"url": "https://www.google.com/books/edition/_/fpwvAAAAYAAJ?hl=en&newbks=1&gbpv=1&dq=brooklyn+union&pg=PA150&printsec=frontcover", "distance": "1"}
{"url": "https://play.google.com/store/books/details?id=fpwvAAAAYAAJ&rdid=book-fpwvAAAAYAAJ&rdot=1", "distance": "1"}
{"url": "https://books.google.com/books?id=fpwvAAAAYAAJ&printsec=frontcover", "distance": "1"}
{"url": "https://books.google.com/books?id=fpwvAAAAYAAJ&dq=brooklyn+union&sitesec=reviews", "distance": "1"}
{"url": "https://www.google.com/accounts/Login?service=print&continue=https://books.google.com/books%3Fop%3Dlookup%26id%3DfpwvAAAAYAAJ%26continue%3Dhttps://books.google.com/books%253Fid%253DfpwvAAAAYAAJ%2526pg%253DPA150%2526lpg%253DPA150%2526dq%253Dbrooklyn%252Bunion%2526source%253Dbl%2526ots%253DxkkcsE5Crh%2526sig%253DACfU3U3iLRBnF-fIE9LyLL_8pugPVwHsCA%2526hl%253Den%2526sa%253DX&hl=en", "distance": "1"}
{"url": "https://my.navyfederal.org/NFOAA_Auth/login.jsp", "distance": "1"}
{"url": "https://my.navyfederal.org/NFOAA_Auth/login.jsp?NFCUSIGNOFF=2", "distance": "1"}
{"url": "https://www.google.com/intl/en/about/products?tab=ph", "distance": "1"}
{"url": "https://www.google.com/accounts/Login?service=print&continue=https://books.google.com/books%3Fid%3DumYCAAAAIAAJ%26pg%3DPA1469%26lpg%3DPA1469%26dq%3Dbrooklyn%2Bunion%26source%3Dbl%26ots%3D5oBYqWYkG_%26sig%3DACfU3U3EC9e650nnAsrlz0MxvRnnROpphw%26hl%3Den%26sa%3DX&hl=en&ec=GAZACg", "distance": "1"}
{"url": "https://books.google.com/?hl=en&tab=pp", "distance": "1"}
{"url": "https://books.google.com/books?id=umYCAAAAIAAJ&pg=PA1469&lpg=PA1469&dq=brooklyn+union&source=bl&ots=5oBYqWYkG_&sig=ACfU3U3EC9e650nnAsrlz0MxvRnnROpphw&hl=en&sa=X&output=html_text", "distance": "1"}
{"url": "https://www.google.com/accounts/Login?service=print&continue=https://books.google.com/books%3Fop%3Dlookup%26id%3DumYCAAAAIAAJ%26continue%3Dhttps://books.google.com/books%253Fid%253DumYCAAAAIAAJ%2526pg%253DPA1469%2526lpg%253DPA1469%2526dq%253Dbrooklyn%252Bunion%2526source%253Dbl%2526ots%253D5oBYqWYkG_%2526sig%253DACfU3U3EC9e650nnAsrlz0MxvRnnROpphw%2526hl%253Den%2526sa%253DX&hl=en", "distance": "1"}
{"url": "https://books.google.com/books?id=umYCAAAAIAAJ&printsec=frontcover&source=gbs_vpt_read", "distance": "1"}
{"url": "https://play.google.com/books/reader?id=umYCAAAAIAAJ&printsec=frontcover&source=gbs_vpt_read", "distance": "1"}
{"url": "https://www.google.com/books/edition/_/umYCAAAAIAAJ?hl=en&newbks=1&gbpv=1&dq=brooklyn+union&pg=PA1469&printsec=frontcover", "distance": "1"}
{"url": "https://play.google.com/store/books/details?id=umYCAAAAIAAJ&rdid=book-umYCAAAAIAAJ&rdot=1", "distance": "1"}
{"url": "https://books.google.com/books?id=umYCAAAAIAAJ&printsec=frontcover", "distance": "1"}
{"url": "https://books.google.com/books?id=umYCAAAAIAAJ&dq=brooklyn+union&sitesec=reviews", "distance": "1"}
{"url": "https://www.google.com/accounts/Login?service=print&continue=https://books.google.com/books%3Fop%3Dlookup%26id%3DumYCAAAAIAAJ%26continue%3Dhttps://books.google.com/books%253Fid%253DumYCAAAAIAAJ%2526pg%253DPA1469%2526lpg%253DPA1469%2526dq%253Dbrooklyn%252Bunion%2526source%253Dbl%2526ots%253D5oBYqWYkG_%2526sig%253DACfU3U3EC9e650nnAsrlz0MxvRnnROpphw%2526hl%253Den%2526sa%253DX&hl=en", "distance": "1"}
{"url": "https://www.zillow.com/z/buying/app-download/", "distance": "1"}
{"url": "https://images.squarespace-cdn.com/content/v1/5de57d89e4e943157b53bc3c/1575402776441-KJ1TZXY3XGT3RCGB34BE/2F9A2329__1_.0.jpg", "distance": "1"}
{"url": "https://images.squarespace-cdn.com/content/v1/5de57d89e4e943157b53bc3c/1575402553923-YLCLQ0XF6T2Z5IQ6CM06/2F9A2357__1_.jpg", "distance": "1"}
{"url": "https://images.squarespace-cdn.com/content/v1/5de57d89e4e943157b53bc3c/1575402611917-N9SAVU552346JMZ4YY96/LRG_DSC09014.jpg", "distance": "1"}
{"url": "https://images.squarespace-cdn.com/content/v1/5de57d89e4e943157b53bc3c/1575402737256-IDOMYJN16YKUQZHD2CPM/2F9A2444.jpg", "distance": "1"}
{"url": "https://www.eventbrite.com/e/brooklyn-nye-2020-tickets-83108819717?ref=eios", "distance": "1"}
{"url": "https://www.instagram.com/p/B-DTuT3hugd/", "distance": "1"}
{"url": "https://www.instagram.com/p/B92i-hCB5LC/", "distance": "1"}
{"url": "https://www.instagram.com/p/B9mi5EnH8_M/", "distance": "1"}
{"url": "https://www.instagram.com/p/B9Hq73wnJyg/", "distance": "1"}
{"url": "https://www.instagram.com/p/B8w6zhIhmBu/", "distance": "1"}
{"url": "https://www.instagram.com/p/B8FQ7Hch71q/", "distance": "1"}
{"url": "https://www.instagram.com/p/B8DDPsKBPSg/", "distance": "1"}
{"url": "https://m.facebook.com/login.php?next=https%3A%2F%2Fm.facebook.com%2Fbrooklyncoopfcu%2F%3F_rdr&ref=104&rs=6&lrs=3&rid=104564372926640&lrid=104564372926640&refsrc=deprecated&refid=17", "distance": "1"}
{"url": "http://lm.facebook.com/l.php?u=http%3A%2F%2Fshare.here.com%2Fr%2Fmylocation%2Fe-eyJuYW1lIjoiQnJvb2tseW4gQ29vcGVyYXRpdmUgRmVkZXJhbCBDcmVkaXQgVW5pb24iLCJhZGRyZXNzIjoiMTQ3NCBNeXJ0bGUgQXZlIChCdXNod2ljaykgQW5kIDgzNCBEZWthbGIgQXZlIChCZWQtU3R1eSksIEJyb29rbHluLCBOWSAxMTIzNyIsImxhdGl0dWRlIjo0MC42OTkwNDA1ODM5OTEsImxvbmdpdHVkZSI6LTczLjkxNTQzNzYzNTM0MywicHJvdmlkZXJOYW1lIjoiZmFjZWJvb2siLCJwcm92aWRlcklkIjoxMDQ1NjQzNzI5MjY2NDB9%3Flink%3Dunknown%26fb_locale%3Den_US%26ref%3Dfb_mobile&h=AT2oNr9q3ziBRS4Ma6JsMursm1kpPfq1or5Qs-gMKPe5MOTsEvIwVozDyyI_oBTTC4mosFOXqwQ2T6IIGXi6J6lp2oVltlqkl26BRgG0ftsGi4vFLajTTG0_Zdhd1wMVXBOqsb-aDCo7eQFmt7OmjmjiLA", "distance": "1"}
{"url": "http://www.facebook.com/pages/Union-United-Methodist-Church-Brooklyn/161690247183486", "distance": "1"}
{"url": "https://streeteasy.com/building/852-st-johns-place-brooklyn/1?featured=1", "distance": "1"}
{"url": "https://streeteasy.com/sale/1552341?featured=1", "distance": "1"}
{"url": "https://streeteasy.com/sale/1556492", "distance": "1"}
{"url": "https://streeteasy.com/building/636-president-street-brooklyn/th", "distance": "1"}
{"url": "https://streeteasy.com/building/567-ocean-avenue-brooklyn/b202?infeed=1", "distance": "1"}
{"url": "https://streeteasy.com/building/616-president-street-brooklyn/th", "distance": "1"}
{"url": "https://streeteasy.com/building/1500-bedford-avenue-brooklyn/1f", "distance": "1"}
{"url": "https://streeteasy.com/building/4407-4-avenue-brooklyn/3d", "distance": "1"}
{"url": "https://streeteasy.com/building/403-avenue-c-brooklyn/1d", "distance": "1"}
{"url": "https://streeteasy.com/sale/1552341", "distance": "1"}
{"url": "https://streeteasy.com/building/luna-gowanus/ph7b", "distance": "1"}
{"url": "https://streeteasy.com/building/luna-gowanus/605", "distance": "1"}
{"url": "https://streeteasy.com/building/345-union/4a", "distance": "1"}
{"url": "https://streeteasy.com/building/378-south-1-street-brooklyn/th", "distance": "1"}
{"url": "https://app.us.adjust.com/twslzb", "distance": "1"}
{"url": "https://app.us.adjust.com/p2p50p", "distance": "1"}
{"url": "https://www.zillow.com/info/real-estate-licenses/", "distance": "1"}
{"url": "http://sheehanfamilycompanies.com/", "distance": "1"}
{"url": "https://www.dropbox.com/sh/r2jivbgzqv0e47j/AAC9M3oMn9bkhzTXTIyxteABa?dl=0", "distance": "1"}
{"url": "http://www.unionbeerdist.com/unionRP", "distance": "1"}
{"url": "https://unionbeerdist.us1.list-manage.com/subscribe?u=871defa7be342e24bfc3fb44a&id=a8efccf136", "distance": "1"}
{"url": "https://hyperallergic.com/newsletters/", "distance": "1"}
{"url": "https://hyperallergic.com/", "distance": "1"}
{"url": "https://hyperallergic.com/membership/", "distance": "1"}
{"url": "https://hyperallergic.com/membership/", "distance": "1"}
{"url": "https://hyperallergic.com/category/sponsored/", "distance": "1"}
{"url": "https://hyperallergic.com/category/sponsored/", "distance": "1"}
{"url": "https://hyperallergic.com/505184/bam-union-vote/#comment-266755", "distance": "1"}
{"url": "https://hyperallergic.com/676675/portal-at-smithsonian-national-portrait-gallery-presents-three-online-lectures-fall-2021/", "distance": "1"}
{"url": "https://hyperallergic.com/676651/art-students-league-of-new-york-expands-online-classes-with-new-platform/", "distance": "1"}
{"url": "https://hyperallergic.com/675931/new-exhibition-at-museum-of-craft-and-design-aims-to-redefine-fashion-through-accessibility/", "distance": "1"}
{"url": "https://hyperallergic.com/674012/jen-stark-colorful-world-comes-to-life-at-william-vale-hotel-brooklyn/", "distance": "1"}
{"url": "https://hyperallergic.com/675911/krannert-art-museum-exhibition-delves-into-louise-fishman-works-on-paper/", "distance": "1"}
{"url": "https://hyperallergic.com/", "distance": "1"}
{"url": "https://newspack.pub/", "distance": "1"}
{"url": "https://hyperallergic.com/privacy-policy/", "distance": "1"}
{"url": "https://maps.google.com/?q=Brooklyn,+NY,101+Union+St,Brooklyn,NY+11231/@40.68497,-74.0037/18z", "distance": "1"}
{"url": "https://accessible360.com/", "distance": "1"}
{"url": "http://www.townsquaremedia.com", "distance": "1"}
{"url": "https://www.yelp.com/biz/ismile-dental-park-slope-brooklyn-2", "distance": "1"}
{"url": "https://www.helloismile.com", "distance": "1"}
{"url": "https://www.helloismile.com/contactus", "distance": "1"}
{"url": "https://www.google.com/maps?z=15&t=m&hl=en-US&gl=US&mapclient=embed&q=857+Union+Street%2C+Brooklyn%2C+NY+11215", "distance": "1"}
{"url": "https://en.wikipedia.org/w/index.php?title=KeySpan&oldid=1029961730", "distance": "1"}
{"url": "https://www.google.com/intl/en/about/products?tab=ph", "distance": "1"}
{"url": "https://www.google.com/accounts/Login?service=print&continue=https://books.google.com/books%3Fid%3DlpLwCQAAQBAJ%26pg%3DPT227%26lpg%3DPT227%26dq%3Dbrooklyn%2Bunion%26source%3Dbl%26ots%3Ds4A1vcUju7%26sig%3DACfU3U0nFbDr5a-AcgPnUiJQKeril2x6Cw%26hl%3Den%26sa%3DX&hl=en&ec=GAZACg", "distance": "1"}
{"url": "https://books.google.com/?hl=en&tab=pp", "distance": "1"}
{"url": "https://books.google.com/books?id=lpLwCQAAQBAJ&pg=PT227&lpg=PT227&dq=brooklyn+union&source=bl&ots=s4A1vcUju7&sig=ACfU3U0nFbDr5a-AcgPnUiJQKeril2x6Cw&hl=en&sa=X&output=html_text", "distance": "1"}
{"url": "https://www.google.com/accounts/Login?service=print&continue=https://books.google.com/books%3Fop%3Dlookup%26id%3DlpLwCQAAQBAJ%26continue%3Dhttps://books.google.com/books%253Fid%253DlpLwCQAAQBAJ%2526pg%253DPT227%2526lpg%253DPT227%2526dq%253Dbrooklyn%252Bunion%2526source%253Dbl%2526ots%253Ds4A1vcUju7%2526sig%253DACfU3U0nFbDr5a-AcgPnUiJQKeril2x6Cw%2526hl%253Den%2526sa%253DX&hl=en", "distance": "1"}
{"url": "https://books.google.com/books?id=lpLwCQAAQBAJ&printsec=frontcover&source=gbs_vpt_read", "distance": "1"}
{"url": "https://play.google.com/books/reader?id=lpLwCQAAQBAJ&printsec=frontcover&source=gbs_vpt_read", "distance": "1"}
{"url": "https://www.google.com/books/edition/_/lpLwCQAAQBAJ?hl=en&newbks=1&gbpv=1&dq=brooklyn+union&pg=PT227&printsec=frontcover", "distance": "1"}
{"url": "https://play.google.com/store/books/details?id=lpLwCQAAQBAJ&rdid=book-lpLwCQAAQBAJ&rdot=1&source=gbs_vpt_read&pcampaignid=books_booksearch_viewport", "distance": "1"}
{"url": "https://books.google.com/books?id=lpLwCQAAQBAJ&printsec=frontcover", "distance": "1"}
{"url": "https://books.google.com/books?id=lpLwCQAAQBAJ&dq=brooklyn+union&sitesec=reviews", "distance": "1"}
{"url": "https://www.google.com/accounts/Login?service=print&continue=https://books.google.com/books%3Fop%3Dlookup%26id%3DlpLwCQAAQBAJ%26continue%3Dhttps://books.google.com/books%253Fid%253DlpLwCQAAQBAJ%2526pg%253DPT227%2526lpg%253DPT227%2526dq%253Dbrooklyn%252Bunion%2526source%253Dbl%2526ots%253Ds4A1vcUju7%2526sig%253DACfU3U0nFbDr5a-AcgPnUiJQKeril2x6Cw%2526hl%253Den%2526sa%253DX&hl=en", "distance": "1"}
{"url": "https://books.google.com/books?id=lpLwCQAAQBAJ&pg=PT230&lpg=PT227&ots=s4A1vcUju7&focus=viewport&dq=brooklyn+union", "distance": "1"}
{"url": "https://www.loopnet.com/", "distance": "1"}
{"url": "https://www.loopnet.com/solutions/terms-and-conditions/", "distance": "1"}
{"url": "https://secure.costargroup.com/forgot-password?client_id=loopnet", "distance": "1"}
{"url": "https://www.walkscore.com/how-it-works/", "distance": "1"}
{"url": "https://www.walkscore.com/score/loc/lat=40.685311/lng=-74.005419/?utm_source=costar.com&utm_medium=ws_api&utm_campaign=ws_api", "distance": "1"}
{"url": "https://www.loopnet.com/property/51-union-st-brooklyn-NY-11231/36047-003340034/", "distance": "1"}
{"url": "https://www.loopnet.com", "distance": "1"}
{"url": "https://facebook.com/loopnet", "distance": "1"}
{"url": "https://linkedin.com/company/loopnet", "distance": "1"}
{"url": "https://twitter.com/loopnet", "distance": "1"}
{"url": "https://www.loopnet.com/brokerdirectory/profile/shlomo-chkifati/xxjvw6q/23030730", "distance": "1"}
{"url": "https://www.instagram.com/unionpizzaworks/?hl=en", "distance": "1"}
{"url": "https://subs.nymag.com/magazine/subscribe/official-subscription.html?itm_source=csitepromo&itm_medium=internal&itm_campaign=subscribe-button", "distance": "1"}
{"url": "https://nymag.com/maglinks/global-02", "distance": "1"}
{"url": "https://nymag.com/maglinks/global-03", "distance": "1"}
{"url": "https://nymag.com/maglinks/global-04", "distance": "1"}
{"url": "https://subs.nymag.com/magazine/subscribe/official-subscription.html?itm_source=csitepromo&itm_medium=internal&itm_campaign=subscribe-button", "distance": "1"}
{"url": "https://subs.nymag.com/account/", "distance": "1"}
{"url": "https://subs.nymag.com/magazine/subscribe/official-subscription.html?utm_source=csitepromo&utm_medium=internal&utm_campaign=subscribe-button-mobile-article", "distance": "1"}
{"url": "https://nymag.com/magazine/gifts/official-gift-subscriptions.html?utm_source=csitepromo&utm_medium=internal&utm_campaign=subscribe-button-mobile-article", "distance": "1"}
{"url": "http://nymag.com/tags/new-york-beginnings/", "distance": "1"}
{"url": "https://nymag.com/subscribe", "distance": "1"}
{"url": "https://policies.google.com/privacy", "distance": "1"}
{"url": "https://policies.google.com/terms", "distance": "1"}
{"url": "https://nymag.com/subscribe", "distance": "1"}
{"url": "https://policies.google.com/privacy", "distance": "1"}
{"url": "https://policies.google.com/terms", "distance": "1"}
{"url": "https://nymag.com/subscribe", "distance": "1"}
{"url": "https://policies.google.com/privacy", "distance": "1"}
{"url": "https://policies.google.com/terms", "distance": "1"}
{"url": "http://maps.google.com/maps?daddr=40.70691791,-73.95005628", "distance": "1"}
{"url": "https://www.herecomestheguide.com/", "distance": "1"}
{"url": "https://www.eventbrite.com/e/100-tickets-168765804063?aff=odwdwdspacecraft", "distance": "1"}
{"url": "https://www.eventbrite.com/e/alison-leiby-oh-god-an-hour-about-abortion-tickets-165369961005?aff=odwdwdspacecraft", "distance": "1"}
{"url": "https://www.eventbrite.com/e/arti-gollapudi-lackadaisical-loser-tickets-165687623141?aff=odwdwdspacecraft", "distance": "1"}
{"url": "https://www.eventbrite.com/e/business-casual-tickets-168792686469?aff=odwdwdspacecraft", "distance": "1"}
{"url": "https://www.eventbrite.com/e/cuffing-season-a-receipts-x-ok-stupid-live-podcast-recording-tickets-171510310957?aff=odwdwdspacecraft", "distance": "1"}
{"url": "https://www.eventbrite.com/e/dana-donnelly-friends-foes-tickets-171445527187?aff=odwdwdspacecraft", "distance": "1"}
{"url": "https://www.eventbrite.com/e/deanne-smiths-deanarchy-tickets-168775119927?aff=odwdwdspacecraft", "distance": "1"}
{"url": "https://www.eventbrite.com/e/fashion-puh-leeze-tickets-167256068403?aff=odwdwdspacecraft", "distance": "1"}
{"url": "https://www.eventbrite.com/e/geoff-tate-tickets-170351473844?aff=odwdwdspacecraft", "distance": "1"}
{"url": "https://www.eventbrite.com/e/good-delivery-tickets-171619056217?aff=odwdwdspacecraft", "distance": "1"}
{"url": "https://www.eventbrite.com/e/hack-city-comedy-with-fumi-abe-and-mic-nguyen-tickets-166712785429?aff=odwdwdspacecraft", "distance": "1"}
{"url": "https://www.eventbrite.com/e/homicidal-gorilla-vs-mademoiselle-eliza-tickets-167536751935?aff=odwdwdspacecraft", "distance": "1"}
{"url": "https://www.eventbrite.com/e/idgafology-tickets-170027381475?aff=odwdwdspacecraft", "distance": "1"}
{"url": "https://www.eventbrite.com/e/ian-lockwood-not-like-other-girls-release-show-tickets-166169400149?aff=odwdwdspacecraft", "distance": "1"}
{"url": "https://www.eventbrite.com/e/if-you-build-it-tickets-168784062675?aff=odwdwdspacecraft", "distance": "1"}
{"url": "https://www.eventbrite.com/e/jen-kirkman-tickets-169661856179?aff=odwdwdspacecraft", "distance": "1"}
{"url": "https://www.eventbrite.com/e/jen-kirkman-tickets-169666981509?aff=odwdwdspacecraft", "distance": "1"}
{"url": "https://www.eventbrite.com/e/jen-kirkman-tickets-169666112911?aff=odwdwdspacecraft", "distance": "1"}
{"url": "https://www.eventbrite.com/e/jen-kirkman-tickets-169667842083?aff=odwdwdspacecraft", "distance": "1"}
{"url": "https://www.eventbrite.com/e/jen-kirkman-tickets-169667384715?aff=odwdwdspacecraft", "distance": "1"}
{"url": "https://www.eventbrite.com/e/jenny-yang-tickets-163087931393?aff=odwdwdspacecraft", "distance": "1"}
{"url": "https://www.eventbrite.com/e/karaoke-tremendous-tickets-170550408864?aff=odwdwdspacecraft", "distance": "1"}
{"url": "https://www.eventbrite.com/e/kiran-deol-tickets-165844610695?aff=odwdwdspacecraft", "distance": "1"}
{"url": "https://www.eventbrite.com/e/ladies-who-ranch-tickets-168770092891?aff=odwdwdspacecraft", "distance": "1"}
{"url": "https://www.eventbrite.com/e/lisa-tickets-169401212587?aff=odwdwdspacecraft", "distance": "1"}
{"url": "https://www.eventbrite.com/e/liz-and-myq-give-advice-tickets-166718382169?aff=odwdwdspacecraft", "distance": "1"}
{"url": "https://www.eventbrite.com/e/made-of-bugs-with-tim-platt-tickets-165902000349?aff=odwdwdspacecraft", "distance": "1"}
{"url": "https://www.eventbrite.com/e/marcia-belsky-100-tampons-tickets-165037344139?aff=odwdwdspacecraft", "distance": "1"}
{"url": "https://www.eventbrite.com/e/max-nicky-a-60s-variety-show-tickets-167254876839?aff=odwdwdspacecraft", "distance": "1"}
{"url": "https://www.eventbrite.com/e/pretty-major-hosted-by-marcia-belsky-jay-jurden-zach-zimmerman-tickets-168156798511?aff=odwdwdspacecraft", "distance": "1"}
{"url": "https://www.eventbrite.com/e/pretty-major-hosted-by-marcia-belsky-jay-jurden-zach-zimmerman-tickets-168156160603?aff=odwdwdspacecraft", "distance": "1"}
{"url": "https://www.eventbrite.com/e/pretty-major-hosted-by-marcia-belsky-jay-jurden-zach-zimmerman-tickets-168155011165?aff=odwdwdspacecraft", "distance": "1"}
{"url": "https://www.eventbrite.com/e/pretty-major-hosted-by-marcia-belsky-jay-jurden-zach-zimmerman-tickets-172975042007?aff=odwdwdspacecraft", "distance": "1"}
{"url": "https://www.eventbrite.com/e/panel-show-tickets-170030095593?aff=odwdwdspacecraft", "distance": "1"}
{"url": "https://www.eventbrite.com/e/red-guy-live-tickets-167535785043?aff=odwdwdspacecraft", "distance": "1"}
{"url": "https://www.eventbrite.com/e/sandwich-tickets-168767521199?aff=odwdwdspacecraft", "distance": "1"}
{"url": "https://www.eventbrite.com/e/sandwich-tickets-168766965537?aff=odwdwdspacecraft", "distance": "1"}
{"url": "https://www.eventbrite.com/e/shalewa-sharpes-dont-reach-in-the-bag-tickets-169341481931?aff=odwdwdspacecraft", "distance": "1"}
{"url": "https://www.eventbrite.com/e/sharing-and-crying-with-john-reynolds-matt-barats-tickets-170039630111?aff=odwdwdspacecraft", "distance": "1"}
{"url": "https://www.eventbrite.com/e/shoe-bucket-tickets-166184146255?aff=odwdwdspacecraft", "distance": "1"}
{"url": "https://www.eventbrite.com/e/shrimp-breakfast-joys-bed-breakfast-tickets-166057349001?aff=odwdwdspacecraft", "distance": "1"}
{"url": "https://www.eventbrite.com/e/shrimp-breakfast-the-shrimp-boys-tickets-166065060065?aff=odwdwdspacecraft", "distance": "1"}
{"url": "https://www.eventbrite.com/e/singles-motel-tickets-168779713667?aff=odwdwdspacecraft", "distance": "1"}
{"url": "https://www.eventbrite.com/e/sopranos-the-musical-tickets-169186833373?aff=odwdwdspacecraft", "distance": "1"}
{"url": "https://www.eventbrite.com/e/stamptown-tickets-168777402755?aff=odwdwdspacecraft", "distance": "1"}
{"url": "https://www.eventbrite.com/e/star-fckers-virgo-edition-tickets-169028176827?aff=odwdwdspacecraft", "distance": "1"}
{"url": "https://www.eventbrite.com/e/super-video-bros-live-tickets-167257466585?aff=odwdwdspacecraft", "distance": "1"}
{"url": "https://www.eventbrite.com/e/taylors-funny-friends-tickets-169640558477?aff=odwdwdspacecraft", "distance": "1"}
{"url": "https://www.eventbrite.com/e/the-afterparty-with-nina-vicious-tickets-170550248384?aff=odwdwdspacecraft", "distance": "1"}
{"url": "https://www.eventbrite.com/e/the-empire-state-spelling-b-tickets-165853090057?aff=odwdwdspacecraft", "distance": "1"}
{"url": "https://www.eventbrite.com/e/the-sweethearts-of-comedy-tickets-165929115451?aff=odwdwdspacecraft", "distance": "1"}
{"url": "https://www.eventbrite.com/e/tings-with-devon-walker-tickets-171626348027?aff=odwdwdspacecraft", "distance": "1"}
{"url": "https://www.eventbrite.com/e/wacky-shack-tickets-171432197317?aff=odwdwdspacecraft", "distance": "1"}
{"url": "https://www.eventbrite.com/e/whiplash-tickets-171458295377?aff=odwdwdspacecraft", "distance": "1"}
{"url": "https://www.eventbrite.com/e/who-wants-269-with-martin-urbano-tickets-163122049441?aff=odwdwdspacecraft", "distance": "1"}
{"url": "https://www.eventbrite.com/e/young-adult-friction-an-indie-alt-dance-party-tickets-168776279395?aff=odwdwdspacecraft", "distance": "1"}
{"url": "https://www.eventbrite.com/e/deanne-smiths-deanarchy-tickets-168775119927?aff=odwdwdspacecraft", "distance": "1"}
{"url": "https://www.eventbrite.com/e/idgafology-tickets-170027381475?aff=odwdwdspacecraft", "distance": "1"}
{"url": "https://www.eventbrite.com/e/alison-leiby-oh-god-an-hour-about-abortion-tickets-165369961005?aff=odwdwdspacecraft", "distance": "1"}
{"url": "https://www.eventbrite.com/e/taylors-funny-friends-tickets-169640558477?aff=odwdwdspacecraft", "distance": "1"}
{"url": "https://www.eventbrite.com/e/shrimp-breakfast-joys-bed-breakfast-tickets-166057349001?aff=odwdwdspacecraft", "distance": "1"}
{"url": "https://www.eventbrite.com/e/super-video-bros-live-tickets-167257466585?aff=odwdwdspacecraft", "distance": "1"}
{"url": "https://www.eventbrite.com/e/karaoke-tremendous-tickets-170550408864?aff=odwdwdspacecraft", "distance": "1"}
{"url": "https://www.eventbrite.com/e/shrimp-breakfast-the-shrimp-boys-tickets-166065060065?aff=odwdwdspacecraft", "distance": "1"}
{"url": "https://www.eventbrite.com/e/sandwich-tickets-168766965537?aff=odwdwdspacecraft", "distance": "1"}
{"url": "https://www.eventbrite.com/e/the-afterparty-with-nina-vicious-tickets-170550248384?aff=odwdwdspacecraft", "distance": "1"}
{"url": "https://www.eventbrite.com/e/liz-and-myq-give-advice-tickets-166718382169?aff=odwdwdspacecraft", "distance": "1"}
{"url": "https://www.eventbrite.com/e/who-wants-269-with-martin-urbano-tickets-163122049441?aff=odwdwdspacecraft", "distance": "1"}
{"url": "https://www.eventbrite.com/e/star-fckers-virgo-edition-tickets-169028176827?aff=odwdwdspacecraft", "distance": "1"}
{"url": "https://www.eventbrite.com/e/pretty-major-hosted-by-marcia-belsky-jay-jurden-zach-zimmerman-tickets-168155011165?aff=odwdwdspacecraft", "distance": "1"}
{"url": "https://www.eventbrite.com/e/ladies-who-ranch-tickets-168770092891?aff=odwdwdspacecraft", "distance": "1"}
{"url": "https://www.eventbrite.com/e/singles-motel-tickets-168779713667?aff=odwdwdspacecraft", "distance": "1"}
{"url": "https://www.eventbrite.com/e/shoe-bucket-tickets-166184146255?aff=odwdwdspacecraft", "distance": "1"}
{"url": "https://www.eventbrite.com/e/the-empire-state-spelling-b-tickets-165853090057?aff=odwdwdspacecraft", "distance": "1"}
{"url": "https://www.eventbrite.com/e/good-delivery-tickets-171619056217?aff=odwdwdspacecraft", "distance": "1"}
{"url": "https://www.eventbrite.com/e/marcia-belsky-100-tampons-tickets-165037344139?aff=odwdwdspacecraft", "distance": "1"}
{"url": "https://www.eventbrite.com/e/lisa-tickets-169401212587?aff=odwdwdspacecraft", "distance": "1"}
{"url": "https://www.eventbrite.com/e/if-you-build-it-tickets-168784062675?aff=odwdwdspacecraft", "distance": "1"}
{"url": "https://www.eventbrite.com/e/sopranos-the-musical-tickets-169186833373?aff=odwdwdspacecraft", "distance": "1"}
{"url": "https://www.eventbrite.com/e/pretty-major-hosted-by-marcia-belsky-jay-jurden-zach-zimmerman-tickets-168156160603?aff=odwdwdspacecraft", "distance": "1"}
{"url": "https://www.eventbrite.com/e/arti-gollapudi-lackadaisical-loser-tickets-165687623141?aff=odwdwdspacecraft", "distance": "1"}
{"url": "https://www.eventbrite.com/e/the-sweethearts-of-comedy-tickets-165929115451?aff=odwdwdspacecraft", "distance": "1"}
{"url": "https://www.eventbrite.com/e/sharing-and-crying-with-john-reynolds-matt-barats-tickets-170039630111?aff=odwdwdspacecraft", "distance": "1"}
{"url": "https://www.eventbrite.com/e/kiran-deol-tickets-165844610695?aff=odwdwdspacecraft", "distance": "1"}
{"url": "https://www.eventbrite.com/e/stamptown-tickets-168777402755?aff=odwdwdspacecraft", "distance": "1"}
{"url": "https://www.eventbrite.com/e/business-casual-tickets-168792686469?aff=odwdwdspacecraft", "distance": "1"}
{"url": "https://www.eventbrite.com/e/pretty-major-hosted-by-marcia-belsky-jay-jurden-zach-zimmerman-tickets-168156798511?aff=odwdwdspacecraft", "distance": "1"}
{"url": "https://www.eventbrite.com/e/max-nicky-a-60s-variety-show-tickets-167254876839?aff=odwdwdspacecraft", "distance": "1"}
{"url": "https://www.eventbrite.com/e/dana-donnelly-friends-foes-tickets-171445527187?aff=odwdwdspacecraft", "distance": "1"}
{"url": "https://www.eventbrite.com/e/homicidal-gorilla-vs-mademoiselle-eliza-tickets-167536751935?aff=odwdwdspacecraft", "distance": "1"}
{"url": "https://www.eventbrite.com/e/whiplash-tickets-171458295377?aff=odwdwdspacecraft", "distance": "1"}
{"url": "https://www.eventbrite.com/e/cuffing-season-a-receipts-x-ok-stupid-live-podcast-recording-tickets-171510310957?aff=odwdwdspacecraft", "distance": "1"}
{"url": "https://www.eventbrite.com/e/tings-with-devon-walker-tickets-171626348027?aff=odwdwdspacecraft", "distance": "1"}
{"url": "https://www.eventbrite.com/e/wacky-shack-tickets-171432197317?aff=odwdwdspacecraft", "distance": "1"}
{"url": "https://www.eventbrite.com/e/young-adult-friction-an-indie-alt-dance-party-tickets-168776279395?aff=odwdwdspacecraft", "distance": "1"}
{"url": "https://www.eventbrite.com/e/panel-show-tickets-170030095593?aff=odwdwdspacecraft", "distance": "1"}
{"url": "https://www.eventbrite.com/e/100-tickets-168765804063?aff=odwdwdspacecraft", "distance": "1"}
{"url": "https://www.eventbrite.com/e/pretty-major-hosted-by-marcia-belsky-jay-jurden-zach-zimmerman-tickets-172975042007?aff=odwdwdspacecraft", "distance": "1"}
{"url": "https://www.eventbrite.com/e/fashion-puh-leeze-tickets-167256068403?aff=odwdwdspacecraft", "distance": "1"}
{"url": "https://www.eventbrite.com/e/hack-city-comedy-with-fumi-abe-and-mic-nguyen-tickets-166712785429?aff=odwdwdspacecraft", "distance": "1"}
{"url": "https://www.eventbrite.com/e/sandwich-tickets-168767521199?aff=odwdwdspacecraft", "distance": "1"}
{"url": "https://www.eventbrite.com/e/jenny-yang-tickets-163087931393?aff=odwdwdspacecraft", "distance": "1"}
{"url": "https://www.eventbrite.com/e/ian-lockwood-not-like-other-girls-release-show-tickets-166169400149?aff=odwdwdspacecraft", "distance": "1"}
{"url": "https://www.eventbrite.com/e/shalewa-sharpes-dont-reach-in-the-bag-tickets-169341481931?aff=odwdwdspacecraft", "distance": "1"}
{"url": "https://www.eventbrite.com/e/red-guy-live-tickets-167535785043?aff=odwdwdspacecraft", "distance": "1"}
{"url": "https://www.eventbrite.com/e/made-of-bugs-with-tim-platt-tickets-165902000349?aff=odwdwdspacecraft", "distance": "1"}
{"url": "https://www.eventbrite.com/e/jen-kirkman-tickets-169661856179?aff=odwdwdspacecraft", "distance": "1"}
{"url": "https://www.eventbrite.com/e/jen-kirkman-tickets-169666112911?aff=odwdwdspacecraft", "distance": "1"}
{"url": "https://www.eventbrite.com/e/jen-kirkman-tickets-169666981509?aff=odwdwdspacecraft", "distance": "1"}
{"url": "https://www.eventbrite.com/e/jen-kirkman-tickets-169667384715?aff=odwdwdspacecraft", "distance": "1"}
{"url": "https://www.eventbrite.com/e/jen-kirkman-tickets-169667842083?aff=odwdwdspacecraft", "distance": "1"}
{"url": "https://www.eventbrite.com/e/geoff-tate-tickets-170351473844?aff=odwdwdspacecraft", "distance": "1"}
{"url": "https://twitter.com/UnionHallNY/status/1438236176335392773", "distance": "1"}
{"url": "https://gospacecraft.com", "distance": "1"}
{"url": "https://www.gounionbulldogs.com/article/8940", "distance": "1"}
{"url": "https://www.gounionbulldogs.com/give-to-union-athletics", "distance": "1"}
{"url": "http://www.arh.org/", "distance": "1"}
{"url": "http://www.arh.org/", "distance": "1"}
{"url": "https://www.mcdonalds.com", "distance": "1"}
{"url": "https://www.mcdonalds.com", "distance": "1"}
{"url": "https://popelumber.doitbest.com/", "distance": "1"}
{"url": "https://popelumber.doitbest.com/", "distance": "1"}
{"url": "http://www.barbourville.com/", "distance": "1"}
{"url": "http://www.barbourville.com/", "distance": "1"}
{"url": "http://www.teamnational.com/", "distance": "1"}
{"url": "http://www.teamnational.com/", "distance": "1"}
{"url": "https://www.lexingtonclinic.com/lcsportsmed/", "distance": "1"}
{"url": "https://www.lexingtonclinic.com/lcsportsmed/", "distance": "1"}
{"url": "http://hamptoninn3.hilton.com/en/hotels/kentucky/hampton-inn-corbin-CBNKYHX/index.html", "distance": "1"}
{"url": "http://hamptoninn3.hilton.com/en/hotels/kentucky/hampton-inn-corbin-CBNKYHX/index.html", "distance": "1"}
{"url": "http://binghamtire.com/", "distance": "1"}
{"url": "http://binghamtire.com/", "distance": "1"}
{"url": "http://www.bsnsports.com/", "distance": "1"}
{"url": "http://www.bsnsports.com/", "distance": "1"}
{"url": "https://getbento.com/?utm_source=header&utm_campaign=calexico.com", "distance": "1"}
{"url": "https://getbento.com/?utm_source=footer&utm_campaign=calexico.com", "distance": "1"}
{"url": "https://unionmarket.com/delivery/", "distance": "1"}
{"url": "https://unionmarket.com/delivery/", "distance": "1"}
{"url": "https://unionmarket.com/delivery/", "distance": "1"}
{"url": "https://unionmarket.com/delivery/", "distance": "1"}
{"url": "https://unionmarket.com/delivery/", "distance": "1"}
{"url": "https://unionmarket.com/wp-content/uploads/2020/06/delivery-map-crown-heights-400x400.jpg", "distance": "1"}
{"url": "https://unionmarket.com/delivery/", "distance": "1"}
{"url": "https://instagram.com/unionmarket/", "distance": "1"}
{"url": "https://twitter.com/unionmarket/", "distance": "1"}
{"url": "https://www.facebook.com/pages/Union-Market/153877749635", "distance": "1"}
{"url": "https://unionmarket.com/", "distance": "1"}
{"url": "https://www.google.com/intl/en/about/products?tab=ph", "distance": "1"}
{"url": "https://www.google.com/accounts/Login?service=print&continue=https://books.google.com/books%3Fid%3DxRck41sWVBIC%26pg%3DPR7%26lpg%3DPR7%26dq%3Dbrooklyn%2Bunion%26source%3Dbl%26ots%3DSrurcFjnCV%26sig%3DACfU3U34Ir-jkj-JrA7Fk0Q0JU0HVGXu3g%26hl%3Den%26sa%3DX&hl=en&ec=GAZACg", "distance": "1"}
{"url": "https://books.google.com/?hl=en&tab=pp", "distance": "1"}
{"url": "https://books.google.com/books?id=xRck41sWVBIC&pg=PR7&lpg=PR7&dq=brooklyn+union&source=bl&ots=SrurcFjnCV&sig=ACfU3U34Ir-jkj-JrA7Fk0Q0JU0HVGXu3g&hl=en&sa=X&output=html_text", "distance": "1"}
{"url": "https://www.google.com/accounts/Login?service=print&continue=https://books.google.com/books%3Fop%3Dlookup%26id%3DxRck41sWVBIC%26continue%3Dhttps://books.google.com/books%253Fid%253DxRck41sWVBIC%2526pg%253DPR7%2526lpg%253DPR7%2526dq%253Dbrooklyn%252Bunion%2526source%253Dbl%2526ots%253DSrurcFjnCV%2526sig%253DACfU3U34Ir-jkj-JrA7Fk0Q0JU0HVGXu3g%2526hl%253Den%2526sa%253DX&hl=en", "distance": "1"}
{"url": "https://books.google.com/books?id=xRck41sWVBIC&printsec=frontcover&source=gbs_vpt_read", "distance": "1"}
