{"url": "https://www.prattlibrary.org/locations/brooklyn", "distance": 0}
{"url": "https://www.brooklynitx.com/", "distance": 0}
{"url": "https://www.ferry.nyc/routes-and-schedules/route/south-brooklyn/", "distance": 0}
{"url": "https://growbrooklyn.org/", "distance": 0}
{"url": "https://www.ihg.com/evenhotels/hotels/us/en/brooklyn/bxyev/hoteldetail", "distance": 0}
{"url": "https://www.timeout.com/newyork/brooklyn", "distance": 0}
{"url": "https://www.brooklynchophouse.com/", "distance": 0}
{"url": "http://www.brooklynfarmacyandsodafountain.com/", "distance": 0}
{"url": "https://www.bkindependent.org/", "distance": 0}
{"url": "https://www.midwoodhighschool.org/", "distance": 0}
{"url": "https://commercialobserver.com/2021/09/brooklyn-real-estate-post-covid-2021/", "distance": 0}
{"url": "https://brooklynpizzacompany.com/", "distance": 0}
{"url": "https://www.nuhotelbrooklyn.com/", "distance": 0}
{"url": "https://www.getyourguide.com/brooklyn-l2034/", "distance": 0}
{"url": "https://www.bop.gov/locations/institutions/bro/", "distance": 0}
{"url": "https://www.brooklynplaza.org/", "distance": 0}
{"url": "https://wikitravel.org/en/Brooklyn", "distance": 0}
{"url": "https://brooklynreporter.com/", "distance": 0}
{"url": "https://www.bbpboathouse.org/", "distance": 0}
{"url": "https://www.travelandleisure.com/travel-guide/brooklyn", "distance": 0}
{"url": "http://www.bqx.nyc/", "distance": 0}
{"url": "https://www.brooklynarbor.org/", "distance": 0}
{"url": "https://www.superherosupplies.com/", "distance": 0}
{"url": "https://www.brooklynslate.com/", "distance": 0}
{"url": "https://thebkcircus.com/", "distance": 0}
{"url": "https://asliceofbrooklyn.com/", "distance": 0}
{"url": "https://www.ikea.com/us/en/stores/brooklyn/", "distance": 0}
{"url": "https://brooklynbrainery.com/", "distance": 0}
{"url": "https://news.yahoo.com/woman-kicked-down-brooklyn-subway-032300293.html", "distance": 0}
{"url": "https://www.brooklynblonde.com/", "distance": 0}
{"url": "https://www.bbg.org/", "distance": 0}
{"url": "https://brooklynexpocenter.com/", "distance": 0}
{"url": "https://bqlt.org/", "distance": 0}
{"url": "https://www.nytimes.com/2021/08/30/realestate/a-quarter-century-ago-she-landed-a-brooklyn-unicorn.html", "distance": 0}
{"url": "https://www.thepodhotel.com/pod-brooklyn", "distance": 0}
{"url": "https://brooklynroasting.com/", "distance": 0}
{"url": "https://brooklyndeep.org/", "distance": 0}
{"url": "https://www.stemsbrooklyn.com/", "distance": 0}
{"url": "https://www.6sqft.com/the-brooklyn-bridge-bike-lane-is-finally-open/", "distance": 0}
{"url": "https://lgbtbrooklyn.org/", "distance": 0}
{"url": "http://www.brooklynschools.org/", "distance": 0}
{"url": "https://brooklynboulders.com/", "distance": 0}
{"url": "https://www.ccbq.org/", "distance": 0}
{"url": "https://www.nyp.org/brooklyn", "distance": 0}
{"url": "https://dioceseofbrooklyn.org/", "distance": 0}
{"url": "https://brooklynbailfund.org/", "distance": 0}
{"url": "https://www.brooklynprospect.org/", "distance": 0}
{"url": "https://portal.brooklyn.edu/", "distance": 0}
{"url": "https://www.mbofbrooklyn.com/", "distance": 0}
{"url": "https://isbrooklyn.org/", "distance": 0}
{"url": "https://ny.curbed.com/2017/9/27/16373802/native-new-yorker-brooklyn-most", "distance": 0}
{"url": "https://www.brooklyncraftcompany.com/", "distance": 0}
{"url": "https://www.fletchersbklyn.com/", "distance": 0}
{"url": "https://www.brooklynbicycleco.com/", "distance": 0}
{"url": "http://www.brooklyncollegiate.net/", "distance": 0}
{"url": "https://bwac.org/", "distance": 0}
{"url": "https://www.freshorthodontics.com/25-facts-about-brooklyn-that-are-hard-to-believe/", "distance": 0}
{"url": "https://untappedcities.com/2021/07/21/10-secrets-of-park-slope/", "distance": 0}
{"url": "https://brooklynbuzz.com/", "distance": 0}
{"url": "https://bksny.org/", "distance": 0}
{"url": "https://bchands.org/", "distance": 0}
{"url": "https://www.brownstoner.com/real-estate-market/brooklyn-homes-for-sale-sold-comps-flatbush-dyker-heights-gowanus-brooklyn-heights-091421/", "distance": 0}
{"url": "https://nothinbutnets.com/2021/09/15/brooklyn-nets-deandre-jordan-opens-departure-trade/", "distance": 0}
{"url": "https://www.cleveland.com/community/2021/09/hiding-in-the-trees-elderly-man-stalks-mail-carrier-brooklyn-police-blotter.html", "distance": 0}
{"url": "https://astoriapost.com/catholic-school-students-in-queens-and-brooklyn-offered-online-learning-option", "distance": 0}
{"url": "https://www.brooklyngrangefarm.com/", "distance": 0}
{"url": "https://www.villageofbrooklyn.com/", "distance": 0}
{"url": "https://www.kingsplazaonline.com/", "distance": 0}
{"url": "https://birdbrooklyn.com/", "distance": 0}
{"url": "https://brooklyncandlestudio.com/", "distance": 0}
{"url": "https://www.brooklynstandarddeli.com/", "distance": 0}
{"url": "https://www.planetware.com/new-york/top-rated-attractions-things-to-do-in-brooklyn-ny-us-ny-74.htm", "distance": 0}
{"url": "https://www.barclayscenter.com/", "distance": 0}
{"url": "https://worldpopulationreview.com/boroughs/brooklyn-population", "distance": 0}
{"url": "https://brooklynfoundry.com/", "distance": 0}
{"url": "https://www.accuweather.com/en/us/brooklyn/11210/weather-forecast/334651", "distance": 0}
{"url": "https://www.t-mobile.com/stores/pd/t-mobile-brooklyn-ny-11234-5072/t-mobile-revvl-4-plus", "distance": 0}
{"url": "https://www.brooklynbowl.com/", "distance": 0}
{"url": "https://bkbagel.com/", "distance": 0}
{"url": "https://punchdrink.com/recipes/brooklyn/", "distance": 0}
{"url": "https://brooklyn.apache.org/", "distance": 0}
{"url": "https://www.marriott.com/hotels/travel/nycbk-new-york-marriott-at-the-brooklyn-bridge/", "distance": 0}
{"url": "http://www.brooklyn.cuny.edu/", "distance": 0}
{"url": "https://www.earthcam.com/usa/newyork/brooklynbridge/", "distance": 0}
{"url": "https://www.bklynlibrary.org/", "distance": 0}
{"url": "https://www.brooklaw.edu/", "distance": 0}
{"url": "https://themeforest.net/item/brooklyn-responsive-multipurpose-wordpress-theme/6221179", "distance": 0}
{"url": "https://www.nycgo.com/boroughs-neighborhoods/brooklyn", "distance": 0}
{"url": "https://www.brooklynindustries.com/", "distance": 0}
{"url": "https://www.rottentomatoes.com/m/brooklyn", "distance": 0}
{"url": "https://brooklynarmyterminal.com/", "distance": 0}
{"url": "https://sixpoint.com/", "distance": 0}
{"url": "https://brooklyn-neighborhood.org/", "distance": 0}
{"url": "https://www.brooklynkids.org/", "distance": 0}
{"url": "https://www.nydailynews.com/new-york/nyc-crime/ny-man-kicks-woman-down-brooklyn-escalator-20210913-lp6oxaxuxzg2jiacfj7xlnsp6i-story.html", "distance": 0}
{"url": "https://brooklyntweed.com/", "distance": 0}
{"url": "https://www.realtor.com/realestateandhomes-search/Brooklyn_NY", "distance": 0}
{"url": "https://www.bricartsmedia.org/bric-celebrate-brooklyn-festival", "distance": 0}
{"url": "https://brooklynbased.com/", "distance": 0}
{"url": "https://www.acehotel.com/brooklyn/", "distance": 0}
{"url": "https://www.searchlightpictures.com/brooklyn/", "distance": 0}
{"url": "https://thebrooklynhomecompany.com/", "distance": 0}
{"url": "https://www.corcoran.com/homes-for-sale/13-cranberry-street-brooklyn-ny-11201/6333061/regionId=1", "distance": 0}
{"url": "https://www.atlasobscura.com/things-to-do/brooklyn-new-york", "distance": 0}
{"url": "https://www.brooklyncommunityfoundation.org/", "distance": 0}
{"url": "https://bka.org/", "distance": 0}
{"url": "https://www.nbcnewyork.com/tag/brooklyn/", "distance": 0}
{"url": "https://brooklynsolarworks.com/", "distance": 0}
{"url": "https://www.catcafebk.com/", "distance": 0}
{"url": "https://brooklyncharter.org/", "distance": 0}
{"url": "https://www.brooklynciderhouse.com/", "distance": 0}
{"url": "https://www.ny1.com/nyc/brooklyn", "distance": 0}
{"url": "https://www.uft.org/your-union/uft-borough-offices/brooklyn", "distance": 0}
{"url": "https://www.morgansbrooklynbarbecue.com/", "distance": 0}
{"url": "https://www.foxnews.com/us/anti-vaccine-mandate-protesters-new-york-city-joe-biden", "distance": 0}
{"url": "https://en.wikipedia.org/wiki/Brooklyn", "distance": 0}
{"url": "https://twitter.com/brooklynnets?lang=en", "distance": 0}
{"url": "https://www.brooklynbridgepark.org/", "distance": 0}
{"url": "https://www.dailymail.co.uk/tvshowbiz/article-9993145/Brooklyn-Beckham-Nicola-Peltz-divide-fans-embarrassing-video-lingering-kiss.html", "distance": 0}
{"url": "https://www.brooklynohio.gov/", "distance": 0}
{"url": "https://citypointbrooklyn.com/", "distance": 0}
{"url": "https://bds.org/", "distance": 0}
{"url": "https://brooklynsocialbar.com/", "distance": 0}
{"url": "https://impacctbrooklyn.org/", "distance": 0}
{"url": "https://www.1hotels.com/brooklyn-bridge", "distance": 0}
{"url": "https://millenniumbrooklynhs.org/", "distance": 0}
{"url": "https://www.laineygossip.com/lourdes-leon-brooklyn-beckham-and-ella-emhoff-attended-the-met-gala-2021-without-their-famous-parents/69358", "distance": 0}
{"url": "https://www.nrn.com/franchising/brooklyn-dumpling-shop-expand-beyond-nyc-planning-125-units-next-two-years", "distance": 0}
{"url": "https://www.brooklyntabernacle.org/", "distance": 0}
{"url": "https://maimo.org/", "distance": 0}
{"url": "https://www.espn.com/nba/team/_/name/bkn/brooklyn-nets", "distance": 0}
{"url": "https://www.brooklynvegan.com/", "distance": 0}
{"url": "https://www.3guysfrombrooklyn.com/", "distance": 0}
{"url": "https://bns146.org/", "distance": 0}
{"url": "https://www.washingtonpost.com/travel/united-states/brooklyn-local-guide/", "distance": 0}
{"url": "https://edc.nyc/brooklyn", "distance": 0}
{"url": "https://www.hotelbrooklyn.co.uk/", "distance": 0}
{"url": "https://www.zillow.com/brooklyn-ny/", "distance": 0}
{"url": "https://www.blackownedbrooklyn.com/", "distance": 0}
{"url": "https://gothamist.com/news/long-awaited-bike-lane-opens-brooklyn-bridge", "distance": 0}
{"url": "https://www.brooklynfi.com/", "distance": 0}
{"url": "https://www.netsdaily.com/", "distance": 0}
{"url": "https://www.prospectpark.org/", "distance": 0}
{"url": "https://www.brooklyniowa.com/", "distance": 0}
{"url": "https://www.brooklynwineexchange.com/", "distance": 0}
{"url": "https://www.bkmag.com/", "distance": 0}
{"url": "https://www.richlandsource.com/obituaries/brooklyn-m-pierce/article_22ec585c-1589-11ec-b519-eb59079d1ec4.html", "distance": 0}
{"url": "http://www.brooklynwhiskersbakery.com/", "distance": 0}
{"url": "https://patch.com/new-york/prospectheights/nyc-pizza-run-returning-brooklyn-after-2020-hiatus", "distance": 0}
{"url": "https://www.britannica.com/place/Brooklyn-borough-New-York-City", "distance": 0}
{"url": "https://www.businesswire.com/news/home/20210915005805/en/Brooklyn-Brewery-Launches-%E2%80%9CCREATE-SPACE%E2%80%9D-in-Partnership-with-The-Stonewall-Inn-Gives-Back-Initiative-SIGBI", "distance": 0}
{"url": "https://bax.org/", "distance": 0}
{"url": "https://www.brooklyncured.com/", "distance": 0}
{"url": "http://brooklynradio.com/", "distance": 0}
{"url": "https://www.tripadvisor.com/Tourism-g60827-Brooklyn_New_York-Vacations.html", "distance": 0}
{"url": "http://www.brooklynbrownstoneschool.com/", "distance": 0}
{"url": "https://www.brooklynlaboratoryschool.org/", "distance": 0}
{"url": "https://www.ridebrooklynny.com/", "distance": 0}
{"url": "https://www.brooklynfare.com/", "distance": 0}
{"url": "https://www.brooklynautismcenter.org/", "distance": 0}
{"url": "http://brooklynmovementcenter.org/", "distance": 0}
{"url": "https://www.brooklynchamber.com/", "distance": 0}
{"url": "https://www.brooklynartscouncil.org/", "distance": 0}
{"url": "https://newdirectionsbrooklyn.com/", "distance": 0}
{"url": "https://brooklyn.news12.com/", "distance": 0}
{"url": "https://brooklynnavyyard.org/", "distance": 0}
{"url": "https://www.amazon.com/Brooklyn-Novel-Colm-Toibin/dp/1439148953", "distance": 0}
{"url": "https://www.downstate.edu/", "distance": 0}
{"url": "https://brooklynpride.org/", "distance": 0}
{"url": "https://books.google.com/books?id=qGobDQAAQBAJ&pg=PA394&lpg=PA394&dq=brooklyn&source=bl&ots=MrKEKWaF3E&sig=ACfU3U0dWKnkcQn-dBOHUbf3kCVb_h4TtA&hl=en&sa=X&ved=2ahUKEwjnmrK9gYLzAhUfEVkFHcUwBxg4ogIQ6AF6BAgPEAM", "distance": 0}
{"url": "https://www.brooklynpark.org/", "distance": 0}
{"url": "https://bcid.org/", "distance": 0}
{"url": "https://www.brooklyndumplingshop.com/", "distance": 0}
{"url": "https://therealdeal.com/tag/brooklyn/", "distance": 0}
{"url": "https://www.ci.brooklyn-center.mn.us/?locale=en", "distance": 0}
{"url": "https://www.ywcabklyn.org/", "distance": 0}
{"url": "https://www.amny.com/new-york/brooklyn/", "distance": 0}
{"url": "https://www.brooklynboatworks.org/", "distance": 0}
{"url": "https://www.downtownbrooklyn.com/", "distance": 0}
{"url": "http://www.bam.org/", "distance": 0}
{"url": "https://brooklynpointnyc.com/", "distance": 0}
{"url": "https://brooklyngeneral.com/", "distance": 0}
{"url": "https://www.milb.com/brooklyn", "distance": 0}
{"url": "https://www.brooklynfreeschool.org/", "distance": 0}
{"url": "https://www.bths.edu/", "distance": 0}
{"url": "https://brooklynbar.org/", "distance": 0}
{"url": "https://wearebcs.org/", "distance": 0}
{"url": "https://bkcm.org/", "distance": 0}
{"url": "https://www.pratt.edu/", "distance": 0}
{"url": "https://rivercafe.com/", "distance": 0}
{"url": "https://livebaltimore.com/neighborhoods/brooklyn/", "distance": 0}
{"url": "https://www.bowerypresents.com/venues/brooklyn-steel", "distance": 0}
{"url": "https://brooklynwi.gov/", "distance": 0}
{"url": "https://www.brooklynicecreamfactory.com/", "distance": 0}
{"url": "https://industrycity.com/", "distance": 0}
{"url": "http://www.bcamhs.org/", "distance": 0}
{"url": "https://www.archdaily.com/tag/brooklyn", "distance": 0}
{"url": "https://books.google.com/books?id=NP39oQbRpwQC&pg=PA367&lpg=PA367&dq=brooklyn&source=bl&ots=M8IWe4--QL&sig=ACfU3U2wfEgXEn7nu70zbKB804e6bKzapg&hl=en&sa=X&ved=2ahUKEwjnmrK9gYLzAhUfEVkFHcUwBxg4ogIQ6AF6BAgNEAM", "distance": 0}
{"url": "https://restaurantclicks.com/brooklyn-style-pizza/", "distance": 0}
{"url": "http://www.brooklynda.org/", "distance": 0}
{"url": "https://www.brooklynkura.com/", "distance": 0}
{"url": "https://www.businessinsider.com/brooklyn-manhattan-apartment-rent-gap-history-comparison-2021-4", "distance": 0}
{"url": "https://www.tbh.org/", "distance": 0}
{"url": "https://www.sundayinbrooklyn.com/", "distance": 0}
{"url": "https://brooklynrunningco.com/", "distance": 0}
{"url": "https://newyorkyimby.com/category/brooklyn", "distance": 0}
{"url": "https://bodybybrooklyn.com/", "distance": 0}
{"url": "https://www.brooklynwaldorf.org/", "distance": 0}
{"url": "https://en.wikipedia.org/wiki/Brooklyn_(film)", "distance": 0}
{"url": "https://www.bklynlarder.com/", "distance": 0}
{"url": "https://www.juniorscheesecake.com/blog/restaurants/brooklyn/", "distance": 0}
{"url": "https://www.niche.com/places-to-live/brooklyn-kings-ny/", "distance": 0}
{"url": "https://www.green-wood.com/", "distance": 0}
{"url": "https://www.tmz.com/2021/09/11/pop-smoke-gravesite-crypt-mausoleum-vandalized-brooklyn-cemetery/", "distance": 0}
{"url": "http://www.brooklynballet.org/", "distance": 0}
{"url": "https://www.brooklyn.k12.oh.us/", "distance": 0}
{"url": "https://www.brooklyngreenway.org/", "distance": 0}
{"url": "https://books.google.com/books?id=HH1s4R3d99oC&pg=PA203&lpg=PA203&dq=brooklyn&source=bl&ots=Ca6qhc3QVC&sig=ACfU3U1hv6P8C9zrbBaQxgzMB1mNagL3lg&hl=en&sa=X&ved=2ahUKEwjnmrK9gYLzAhUfEVkFHcUwBxg4ogIQ6AF6BAgOEAM", "distance": 0}
{"url": "https://www.facebook.com/Brooklyn-New-York-112111905481230/", "distance": 0}
{"url": "https://www.wythehotel.com/", "distance": 0}
{"url": "https://themes.shopify.com/themes/brooklyn/styles/classic", "distance": 0}
{"url": "https://www.ny.gov/programs/vital-brooklyn-initiative", "distance": 0}
{"url": "https://nypost.com/tag/brooklyn/", "distance": 0}
{"url": "https://www.nyc.gov/html/dot/html/infrastructure/brooklyn-bridge.shtml", "distance": 0}
{"url": "https://www.brooklynrider.com/", "distance": 0}
{"url": "https://www.brooklyn.coop/", "distance": 0}
{"url": "https://thebrooklyninstitute.com/", "distance": 0}
{"url": "https://www.history.com/topics/landmarks/brooklyn-bridge", "distance": 0}
{"url": "https://www.independent.co.uk/topic/brooklyn", "distance": 0}
{"url": "https://abc7ny.com/brooklyn-crash-crown-heights-accident-drag-racing-fatal/10940097/", "distance": 0}
{"url": "https://www.npr.org/2021/08/24/1030610901/as-brooklyn-nine-nine-winds-down-its-time-to-assess-its-complicated-legacy", "distance": 0}
{"url": "http://brooklynproperties.com/", "distance": 0}
{"url": "http://olmstednyc.com/", "distance": 0}
{"url": "https://www.brooklynpaper.com/", "distance": 0}
{"url": "https://www.brooklynyouthchorus.org/", "distance": 0}
{"url": "https://www.freeholdbrooklyn.com/", "distance": 0}
{"url": "https://brooklynbedding.com/", "distance": 0}
{"url": "https://www.fox5ny.com/tag/us/ny/nyc/brooklyn", "distance": 0}
{"url": "https://www.crainsnewyork.com/topic/brooklyn", "distance": 0}
{"url": "https://www.blackforestbrooklyn.com/", "distance": 0}
{"url": "https://www.imdb.com/title/tt2381111/", "distance": 0}
{"url": "https://bkwinery.com/", "distance": 0}
{"url": "https://www.thebrooklynbarge.com/", "distance": 0}
{"url": "https://ccxmedia.org/news/restaurant-week-in-brooklyn-park-offers-diverse-options-at-a-discounted-price/", "distance": 0}
{"url": "https://brooklyndelhi.com/", "distance": 0}
{"url": "https://www.thebrooklynny.com/", "distance": 0}
{"url": "https://brooklynrail.org/", "distance": 0}
{"url": "https://www.nba.com/nets/", "distance": 0}
{"url": "https://www.brooklynmusicschool.org/", "distance": 0}
{"url": "https://streeteasy.com/for-rent/brooklyn", "distance": 0}
{"url": "https://www.instagram.com/brooklynbeckham/", "distance": 0}
{"url": "https://www.brooklynlatin.org/", "distance": 0}
{"url": "https://www.silive.com/news/2021/09/lane-closure-on-verrazzano-narrows-bridge-brooklyn-bound-traffic-jam-on-staten-island-expressway.html", "distance": 0}
{"url": "https://www.eventbrite.com/e/the-brooklyn-day-party-featuring-a-boogie-tickets-167995413805?aff=ebdssbdestsearch", "distance": 0}
{"url": "https://www.forbes.com/sites/forbesrealestatecouncil/2021/05/17/brooklyn-proves-resilient-during-pandemic-recovery/", "distance": 0}
{"url": "https://www.brooklyncrab.com/", "distance": 0}
{"url": "https://brooklyn.basisindependent.com/", "distance": 0}
{"url": "https://hyperallergic.com/674012/jen-stark-colorful-world-comes-to-life-at-william-vale-hotel-brooklyn/", "distance": 0}
{"url": "https://www.brooklyn-usa.org/", "distance": 0}
{"url": "https://brooklyneagle.com/", "distance": 0}
{"url": "https://en.wikivoyage.org/wiki/Brooklyn", "distance": 0}
{"url": "https://www.bmwofbrooklyn.com/", "distance": 0}
{"url": "https://bk.knittingfactory.com/", "distance": 0}
{"url": "https://www.thebrooklynkitchen.com/", "distance": 0}
{"url": "https://brooklynflea.com/", "distance": 0}
{"url": "https://www.tripsavvy.com/top-things-to-do-in-brooklyn-4177020", "distance": 0}
{"url": "https://pix11.com/news/local-news/brooklyn/nypd-man-charged-with-murder-in-4-year-old-boys-brooklyn-death/", "distance": 0}
{"url": "https://www.brooklyn-tailors.com/", "distance": 0}
{"url": "https://www.bkunitedmb.com/", "distance": 0}
{"url": "https://one15brooklynmarina.com/", "distance": 0}
{"url": "https://newyork.cbslocal.com/tag/brooklyn/", "distance": 0}
{"url": "https://www.youtube.com/watch?v=15syDwC000k", "distance": 0}
{"url": "https://brooklynlabschool.org/", "distance": 0}
{"url": "https://www.nycruise.com/brooklyn-terminal/", "distance": 0}
{"url": "https://www.brooklynct.org/", "distance": 0}
{"url": "http://www.brooklyngin.com/", "distance": 0}
{"url": "https://liu.edu/brooklyn", "distance": 0}
{"url": "https://www.nyc.gov/", "distance": 0}
{"url": "https://www.thebrooklyntree.com/", "distance": 0}
{"url": "https://www.brooklynmuseum.org/", "distance": 0}
{"url": "https://www.digitalspy.com/tv/ustv/a37610901/brooklyn-nine-nine-stars-reunite-final-episode/", "distance": 0}
{"url": "https://otherhalfbrewing.com/", "distance": 0}
{"url": "https://brooklynbrewshop.com/", "distance": 0}
{"url": "https://www.lexusofbrooklyn.com/", "distance": 0}
{"url": "https://brooklynfriends.org/", "distance": 0}
{"url": "https://www.vitalclimbinggym.com/brooklyn", "distance": 0}
{"url": "https://www.ediblebrooklyn.com/", "distance": 0}
{"url": "https://www.thebrooklynbrothers.com/", "distance": 0}
{"url": "https://www.brooklyndiner.com/", "distance": 0}
{"url": "https://brooklyntea.com/", "distance": 0}
{"url": "https://www.brooklynwaterbagel.com/", "distance": 0}
{"url": "https://www.brooklynartshs.nyc/", "distance": 0}
{"url": "https://www.brooklynbw.eu/", "distance": 0}
{"url": "https://en.m.wikipedia.org/wiki/Eric_Adams", "distance": 0}
{"url": "https://www.ellisbrooklyn.com/", "distance": 0}
{"url": "https://brooklynbookfestival.org/", "distance": 0}
{"url": "https://brooklynbrewery.com/", "distance": 0}
{"url": "https://escapebrooklyn.com/", "distance": 0}
{"url": "https://www.brooklynfilmfestival.org/", "distance": 0}
{"url": "https://maps.google.com/?cid=16412809112941206785", "distance": "1"}
{"url": "https://maps.google.com/?cid=16412809112941206785", "distance": "1"}
{"url": "https://maps.google.com/?cid=16412809112941206785", "distance": "1"}
{"url": "https://getbento.com/?utm_source=header&utm_campaign=brooklynchophouse.com", "distance": "1"}
{"url": "https://getbento.com/?utm_source=footer&utm_campaign=brooklynchophouse.com", "distance": "1"}
{"url": "https://maps.google.com/?cid=11771520039545003295", "distance": "1"}
{"url": "https://calendar.prattlibrary.org/event/autumn_scavenger_hunt_brk", "distance": "1"}
{"url": "https://calendar.prattlibrary.org/event/autumn_scavenger_hunt_brk", "distance": "1"}
{"url": "https://calendar.prattlibrary.org/event/free_take-home_card_game_unexploded_cow", "distance": "1"}
{"url": "https://calendar.prattlibrary.org/event/free_take-home_card_game_unexploded_cow", "distance": "1"}
{"url": "https://calendar.prattlibrary.org/event/walters_arts_kits_july21", "distance": "1"}
{"url": "https://calendar.prattlibrary.org/event/walters_arts_kits_july21", "distance": "1"}
{"url": "https://calendar.prattlibrary.org/event/baltimore_city_health_department_vaccine_clinic", "distance": "1"}
{"url": "https://calendar.prattlibrary.org/event/baltimore_city_health_department_vaccine_clinic", "distance": "1"}
{"url": "https://calendar.prattlibrary.org/event/brooklyn_100_year_anniversary", "distance": "1"}
{"url": "https://calendar.prattlibrary.org/event/brooklyn_100_year_anniversary", "distance": "1"}
{"url": "https://calendar.prattlibrary.org/brooklyn_branch_541", "distance": "1"}
{"url": "https://calendar.prattlibrary.org/", "distance": "1"}
{"url": "https://www.prattlibrary.org/services/sidewalk-service", "distance": "1"}
{"url": "https://www.prattlibrary.org/services/drive-in-wi-fi", "distance": "1"}
{"url": "https://www.prattlibrary.org/about-us", "distance": "1"}
{"url": "https://www.prattlibrary.org/support-us", "distance": "1"}
{"url": "https://www.prattlibrary.org/careers", "distance": "1"}
{"url": "https://blog.prattlibrary.org/", "distance": "1"}
{"url": "https://www.prattlibrary.org/library-cards", "distance": "1"}
{"url": "https://www.instagram.com/nuhotel/", "distance": "1"}
{"url": "https://www.nuhotelbrooklyn.com/brooklyn-hotel-deals/fourth-night-free", "distance": "1"}
{"url": "https://play.google.com/store/apps/details?id=co.bytemark.nycf", "distance": "1"}
{"url": "https://itunes.apple.com/us/app/nyc-ferry/id1225258864?ls=1&mt=8_", "distance": "1"}
{"url": "https://images.ferry.nyc/wp-content/uploads/2021/09/07124617/9-13-21-Sched-SB.pdf", "distance": "1"}
{"url": "https://images.ferry.nyc/wp-content/uploads/2021/09/07124617/9-13-21-Sched-SB.pdf", "distance": "1"}
{"url": "https://images.ferry.nyc/wp-content/uploads/2021/09/07124617/9-13-21-Sched-SB.pdf", "distance": "1"}
{"url": "https://itunes.apple.com/us/app/nyc-ferry/id1225258864?ls=1&mt=8_", "distance": "1"}
{"url": "https://play.google.com/store/apps/details?id=co.bytemark.nycf", "distance": "1"}
{"url": "https://commercialobserver.com/", "distance": "1"}
{"url": "https://twitter.com/commobserver", "distance": "1"}
{"url": "https://www.facebook.com/commobserver", "distance": "1"}
{"url": "http://www.linkedin.com/company/commercialobserver", "distance": "1"}
{"url": "http://commercialobserverreprints.com/", "distance": "1"}
{"url": "https://commercialobserver.com/2021/09/crea-800-third-avenue-lease/", "distance": "1"}
{"url": "https://commercialobserver.com/tag/all-year-management/", "distance": "1"}
{"url": "https://commercialobserver.com/tag/cbre/", "distance": "1"}
{"url": "https://commercialobserver.com/tag/dock-72/", "distance": "1"}
{"url": "https://commercialobserver.com/tag/evan-haskell/", "distance": "1"}
{"url": "https://commercialobserver.com/tag/heritage-equity-partners/", "distance": "1"}
{"url": "https://commercialobserver.com/tag/jason-pennington/", "distance": "1"}
{"url": "https://commercialobserver.com/tag/cap-jonathan-miller/", "distance": "1"}
{"url": "https://commercialobserver.com/tag/miller-samuel/", "distance": "1"}
{"url": "https://commercialobserver.com/tag/ofer-cohen/", "distance": "1"}
{"url": "https://commercialobserver.com/tag/ripco-real-estate/", "distance": "1"}
{"url": "https://commercialobserver.com/tag/rubenstein-partners/", "distance": "1"}
{"url": "https://commercialobserver.com/tag/rudin-management/", "distance": "1"}
{"url": "https://commercialobserver.com/tag/terracrg/", "distance": "1"}
{"url": "https://commercialobserver.com/tag/toby-moskovits/", "distance": "1"}
{"url": "https://commercialobserver.com/tag/williamsburg-hotel/", "distance": "1"}
{"url": "https://commercialobserver.com/2021/09/la-casa-del-mofongo-opening-the-bronx/", "distance": "1"}
{"url": "https://commercialobserver.com/2021/09/investment-advisor-varde-partners-relocates-to-520-madison-avenue/", "distance": "1"}
{"url": "https://commercialobserver.com/2021/09/dc-hotel-fairfax-at-embassy-row-senior-living-conversion/", "distance": "1"}
{"url": "https://commercialobserver.com/2021/09/the-collective-555-broadway/", "distance": "1"}
{"url": "https://commercialobserver.com/2021/09/dallas-based-stream-realty-partners-opening-nova-office-in-tysons/", "distance": "1"}
{"url": "https://commercialobserver.com/2021/09/gavin-newsom-keeps-his-day-job/", "distance": "1"}
{"url": "https://commercialobserver.com/2021/09/biden-taps-city-planning-director-marisa-lago-for-commerce-department-role/", "distance": "1"}
{"url": "https://commercialobserver.com/magazine", "distance": "1"}
{"url": "https://commercialobserver.com/terms", "distance": "1"}
{"url": "https://commercialobserver.com/privacy", "distance": "1"}
{"url": "https://privacyportal.onetrust.com/webform/8bf444f2-ddd6-41ff-8e24-b69ac0176e05/19c22396-023a-465c-a9c0-d9f831d1d9cd", "distance": "1"}
{"url": "https://commercialobserver.com/co-sitemap", "distance": "1"}
{"url": "https://www.evenhotels.com/redirect?path=rates&checkInMonthYear=112019&checkInDate=1&rateCode=IDSLS&regionCode=1&localeCode=en&checkOutDate=4&checkOutMonthYear=112019&brandCode=VN&hotelCode=BXYEV&scmisc=ltfexisting_bxyev_stay-longer--save", "distance": "1"}
{"url": "https://www.evenhotels.com/redirect?path=rates&checkInMonthYear=112019&checkInDate=1&rateCode=IDSLS&regionCode=1&localeCode=en&checkOutDate=4&checkOutMonthYear=112019&brandCode=VN&hotelCode=BXYEV&scmisc=ltfexisting_bxyev_stay-longer--save", "distance": "1"}
{"url": "https://www.ihg.com/content/gb/en/deals/member-offers/3x?offerCode=17572&promoCode=17572&offerId=Q7973&cm_sp=WEB-_-6C-_-GLO -_-QE-_-LOY-_-3X-_-LTF-_-LearnMore&scmisc=ltfexisting_bxyev_triple-your-points", "distance": "1"}
{"url": "https://www.ihg.com/content/gb/en/deals/member-offers/3x?offerCode=17572&promoCode=17572&offerId=Q7973&cm_sp=WEB-_-6C-_-GLO -_-QE-_-LOY-_-3X-_-LTF-_-LearnMore&scmisc=ltfexisting_bxyev_triple-your-points", "distance": "1"}
{"url": "https://www.wellwellwell.com/tammy-stokes-travel-tips/", "distance": "1"}
{"url": "http://go.onelink.me/ihg?pid=global_desktop&c=global_desktop_us_en_footer&af_web_dp=http%3A%2F%2Fwww.ihg.com%2Fhotels%2Fus%2Fen%2Fglobal%2Foffers%2Fmobile&cm_sp=OSMGL-US-EN-MAN-Footer-AppDownload", "distance": "1"}
{"url": "http://go.onelink.me/ihg?pid=global_desktop&c=global_desktop_us_en_footer&af_web_dp=http%3A%2F%2Fwww.ihg.com%2Fhotels%2Fus%2Fen%2Fglobal%2Foffers%2Fmobile&cm_sp=OSMGL-US-EN-MAN-Footer-AppDownload", "distance": "1"}
{"url": "http://www1.nyc.gov/office-of-the-mayor/news/176-16/mayor-de-blasio-details-latest-plans-the-brooklyn-queens-connector--new-21st-century-transit#/0", "distance": "1"}
{"url": "https://www.kingscountypolitics.com/op-ed-nycha-ingersoll-houses-ra-pres-backs-bqx/", "distance": "1"}
{"url": "http://www.queensledger.com/view/full_story/27586347/article-BQX-for-NYC?instance=lead_story_left_column", "distance": "1"}
{"url": "http://www.crainsnewyork.com/article/20180626/OPINION/180629936/tech-sector-needs-bqx-to-reach-potential-in-brooklyn-and-queens", "distance": "1"}
{"url": "https://www.nytimes.com/2018/02/27/opinion/nyc-subway-congestion-pricing.html", "distance": "1"}
{"url": "http://www.queensledger.com/view/full_story/27540407/article-BQX-would-connect-waterfront?instance=lead_story_left_column", "distance": "1"}
{"url": "http://www.bqx.nyc/2017/12/28/letter-to-the-editor-from-interim-executive-director-jessica-schumer/", "distance": "1"}
{"url": "http://www.brooklyneagle.com/articles/2017/11/27/bqx-streetcar-backers-survey-public-housing-along-route", "distance": "1"}
{"url": "http://www.queensledger.com/view/full_story/27505093/article-BQX-would-connect-residents-with-good-jobs?instance=lead_story_left_column", "distance": "1"}
{"url": "http://www.bqx.nyc/2017/09/14/deirdre-in-red-hook/", "distance": "1"}
{"url": "https://nyjlife.com/2017/08/creating-transit-system-works-new-yorkers/", "distance": "1"}
{"url": "https://www.nytimes.com/2017/08/10/nyregion/when-it-comes-to-transit-does-anybody-know-where-were-going.html?rref=collection%2Fbyline%2Fginia-bellafante&action=click&contentCollection=undefined&region=stream&module=stream_unit&version=latest&contentPlacement=1&pgtype=collection", "distance": "1"}
{"url": "http://www.bqx.nyc/2017/08/07/sharlenes-story-getting-around-from-astoria/", "distance": "1"}
{"url": "http://www.bqx.nyc/2017/08/06/crains-op-ed/", "distance": "1"}
{"url": "http://www.gothamgazette.com/opinion/7101-bqx-an-innovative-solution-to-a-growing-problem", "distance": "1"}
{"url": "http://www.bqx.nyc/2017/07/27/talking-to-toni/", "distance": "1"}
{"url": "https://qns.com/story/2017/06/19/making-connection-bqx-connector-links-past-future/", "distance": "1"}
{"url": "http://www.bqx.nyc/2017/06/13/hudson-bergen-light-rail-train-master-the-bqx-will-provide-more-job-opportunities/", "distance": "1"}
{"url": "https://www.kingscountypolitics.com/bqx-back-track-union-housing-rally/", "distance": "1"}
{"url": "http://www.nydailynews.com/new-york/nyc-transit-union-board-de-blasio-trolley-plan-article-1.3240322?utm_content=buffer93f56&utm_medium=social&utm_source=twitter.com&utm_campaign=NYDailyNewsTw", "distance": "1"}
{"url": "http://www.ny1.com/nyc/all-boroughs/news/2017/06/12/twu-backs-mayor-s-bqx-connector-project", "distance": "1"}
{"url": "https://www.dnainfo.com/new-york/20170612/red-hook/transit-union-endorses-brooklyn-queens-streetcar-plan/", "distance": "1"}
{"url": "http://www.brooklyneagle.com/articles/2017/6/12/transport-workers-union-local-100-endorses-brooklyn-queens-connector", "distance": "1"}
{"url": "http://www.bqx.nyc/2017/05/31/why-this-astoria-resident-is-thrilled-about-the-bqx/", "distance": "1"}
{"url": "http://www.bqx.nyc/2017/05/31/long-island-city-business-owner-this-is-a-big-idea-that-will-revolutionize-the-way-we-commute/", "distance": "1"}
{"url": "http://www.bqx.nyc/2017/05/18/coney-island-to-long-island-city-ansuoms-story-on-how-the-bqx-will-impact-his-commute/", "distance": "1"}
{"url": "http://www.bqx.nyc/greenpoint-bar-owner-from-an-economic-standpoint-we-would-be-a-lot-more-appealing-if-there-were-easier-access-to-get-here/", "distance": "1"}
{"url": "http://www.bqx.nyc/connector/2017/05/18/katie-wants-to-connect-brooklyn-and-queens/", "distance": "1"}
{"url": "http://www.queensexaminer.com/view/full_story/27416383/article-Build-the-BQX?instance=lead_story_left_column", "distance": "1"}
{"url": "https://thebridgebk.com/bqx-steetcar-will-bring-better-city/", "distance": "1"}
{"url": "http://observer.com/2017/05/bqx-streetcar-brooklyn-queens-waterfront/", "distance": "1"}
{"url": "http://www.nydailynews.com/opinion/poor-new-yorkers-bqx-streetcar-article-1.3140660", "distance": "1"}
{"url": "http://www.bqx.nyc/connector/2017/05/03/meet-gloria-and-her-grandson-william-theyre-ready-for-the-bqx/", "distance": "1"}
{"url": "http://www.bqx.nyc/connector/2017/05/03/why-this-tech-creative-supports-the-bqx/", "distance": "1"}
{"url": "http://www.bqx.nyc/connector/2017/05/03/from-a-business-perspective-the-bqx-is-great-the-more-people-i-could-get-into-the-restaurant-the-better/", "distance": "1"}
{"url": "http://www.brooklyndowntownstar.com/view/full_story/27409117/article-We-need-BQX?instance=lead_story_left_column", "distance": "1"}
{"url": "http://www.brooklyneagle.com/articles/2017/5/2/opinion-thoughts-bqx", "distance": "1"}
{"url": "http://www.licjournal.com/view/full_story/27396217/article-Support-for-BQX?instance=lead_story_left_column", "distance": "1"}
{"url": "http://www.brooklyneagle.com/articles/2017/3/8/regional-plan-association-brooklyn-needs-more-housing-transit-projects-bqx", "distance": "1"}
{"url": "https://northbrooklynnews.com/2017/04/02/a-streetcar-named-bqx/", "distance": "1"}
{"url": "https://northbrooklynnews.com/2017/04/02/letter-to-the-editor-visions-of-riding-the-bqx/", "distance": "1"}
{"url": "https://www.kingscountypolitics.com/bqx-good-solution-mta-budget-woes/", "distance": "1"}
{"url": "https://www.youtube.com/watch?v=rC1Sh5SByO4", "distance": "1"}
{"url": "http://brooklyn.news12.com/story/34774611/transit-experts-to-discuss-proposed-bqx-streetcar-with-ny-mayor", "distance": "1"}
{"url": "https://ny.curbed.com/2017/2/20/14669428/brooklyn-queens-streetcar-animation-video", "distance": "1"}
{"url": "https://patch.com/new-york/gowanus/brooklyn-queens-connector-telephone-town-hall-jan-26", "distance": "1"}
{"url": "https://www.nytimes.com/2014/04/21/arts/design/imagining-a-streetcar-line-along-the-waterfront.html?_r=0", "distance": "1"}
{"url": "http://www.crainsnewyork.com/article/20170112/OPINION/170109923/why-housing-authority-tenants-desire-a-streetcar", "distance": "1"}
{"url": "http://www.nydailynews.com/opinion/streetcar-good-idea-article-1.2912299", "distance": "1"}
{"url": "http://www.ny1.com/nyc/all-boroughs/news/2016/11/28/knicks--melo-says-bqx-connector-streetcar-would-be-a-slam-dunk.html", "distance": "1"}
{"url": "http://www.amny.com/transit/carmelo-anthony-endorses-brooklyn-queens-connector-in-outreach-campaign-1.12677183", "distance": "1"}
{"url": "http://www.crainsnewyork.com/article/20161028/OPINION/161029883", "distance": "1"}
{"url": "https://www.nytimes.com/2016/11/02/nyregion/city-unveils-possible-routes-for-streetcar-in-brooklyn-and-queens.html?_r=2", "distance": "1"}
{"url": "http://www.qchron.com/editions/queenswide/edc-official-talks-bqx-connector-in-lic/article_40c5ed94-7ea3-5d6c-9944-b3f1860b78d5.html", "distance": "1"}
{"url": "http://gothamist.com/2016/05/13/business_interests_transit_advocate.php", "distance": "1"}
{"url": "http://www.amny.com/transit/friends-of-brooklyn-queens-connector-hires-ya-ting-liu-as-executive-director-1.11766281", "distance": "1"}
{"url": "https://www.dnainfo.com/new-york/20160505/long-island-city/brooklyn-queens-streetcar-advocacy-group-names-first-executive-director", "distance": "1"}
{"url": "http://www1.nyc.gov/office-of-the-mayor/news/171-16/civic-business-leaders-support-brooklyn-queens-connector", "distance": "1"}
{"url": "http://www1.nyc.gov/office-of-the-mayor/news/207-16/transcript-mayor-de-blasio-details-latest-plans-the-brooklyn-queens-connector", "distance": "1"}
{"url": "http://www1.nyc.gov/office-of-the-mayor/news/175-16/leading-innovators-employers-support-brooklyn-queens-connector", "distance": "1"}
{"url": "http://www.nytimes.com/2016/02/05/opinion/a-streetcar-ride-to-new-yorks-future.html?_r=2", "distance": "1"}
{"url": "http://www.nytimes.com/2014/04/21/arts/design/imagining-a-streetcar-line-along-the-waterfront.html", "distance": "1"}
{"url": "http://www.bqx.nyc/wp-content/uploads/2018/01/Press-Kit-1-1.zip", "distance": "1"}
{"url": "https://twitter.com/TheBKcircus", "distance": "1"}
{"url": "https://www.instagram.com/thebkcircus/", "distance": "1"}
{"url": "https://www.facebook.com/brooklyncircus/", "distance": "1"}
{"url": "https://twitter.com/TheBKcircus", "distance": "1"}
{"url": "https://www.instagram.com/thebkcircus/", "distance": "1"}
{"url": "https://www.facebook.com/brooklyncircus/", "distance": "1"}
{"url": "https://www.bkindependent.org", "distance": "1"}
{"url": "https://www.bkindependent.org/applynow", "distance": "1"}
{"url": "https://secure.givelively.org/donate/brooklyn-independent", "distance": "1"}
{"url": "https://www.bkindependent.org/upcoming-events", "distance": "1"}
{"url": "https://docs.google.com/presentation/d/e/2PACX-1vSLoZ64PePtCibJEulLWg0hiw1X2yG1y_Bmf6mXcCpsVYAXmeXElZSpt_yUJFsdDnmosWyadjoQtTQt/pub?start=true&loop=false&delayms=3000&slide=id.gd9c453428_0_16", "distance": "1"}
{"url": "https://www.facebook.com/Brooklyn.Bridge.Park.Boathouse", "distance": "1"}
{"url": "http://Instagram.com/BBPBoathouse", "distance": "1"}
{"url": "https://www.bbg.org/visit/event/ohkehteau_plants_of_the_earth_a_shinnecock_oral_history", "distance": "1"}
{"url": "https://classes.bbg.org/ShowSchedule.awp?&Mode=GROUP&Group=:FULL&Title=Classes+and+Workshops&Order=begins", "distance": "1"}
{"url": "https://www.ikea.com/us/en/", "distance": "1"}
{"url": "https://www.ikea.com/us/en/", "distance": "1"}
{"url": "https://www.ikea.com/us/en/cat/smart-home-hs001/", "distance": "1"}
{"url": "https://www.ikea.com/us/en/cat/furniture-fu001/", "distance": "1"}
{"url": "https://www.ikea.com/us/en/cat/beds-mattresses-bm001/", "distance": "1"}
{"url": "https://www.ikea.com/us/en/cat/storage-organization-st001/", "distance": "1"}
{"url": "https://www.ikea.com/us/en/cat/kitchen-appliances-ka001/", "distance": "1"}
{"url": "https://www.ikea.com/us/en/cat/baby-kids-bc001/", "distance": "1"}
{"url": "https://www.ikea.com/us/en/cat/home-textiles-tl001/", "distance": "1"}
{"url": "https://www.ikea.com/us/en/cat/home-decor-de001/", "distance": "1"}
{"url": "https://www.ikea.com/us/en/cat/lighting-li001/", "distance": "1"}
{"url": "https://www.ikea.com/us/en/cat/cookware-tableware-kt001/", "distance": "1"}
{"url": "https://www.ikea.com/us/en/cat/bathroom-ba001/", "distance": "1"}
{"url": "https://www.ikea.com/us/en/cat/rugs-rm001/", "distance": "1"}
{"url": "https://www.ikea.com/us/en/cat/outdoor-od001/", "distance": "1"}
{"url": "https://www.ikea.com/us/en/cat/laundry-cleaning-lc001/", "distance": "1"}
{"url": "https://www.ikea.com/us/en/cat/home-improvement-hi001/", "distance": "1"}
{"url": "https://www.ikea.com/us/en/cat/gardening-plants-pp001/", "distance": "1"}
{"url": "https://www.ikea.com/us/en/cat/home-electronics-he001/", "distance": "1"}
{"url": "https://www.ikea.com/us/en/cat/ikea-food-restaurant-fb001/", "distance": "1"}
{"url": "https://www.ikea.com/us/en/cat/pet-accessories-pt001/", "distance": "1"}
{"url": "https://www.ikea.com/us/en/cat/summer-ss001/", "distance": "1"}
{"url": "https://www.ikea.com", "distance": "1"}
{"url": "https://v2.waitwhile.com/lists/ikeabrooklyn/join", "distance": "1"}
{"url": "https://www.ikea.com/us/en/stores/events/brooklyn-ny/", "distance": "1"}
{"url": "https://www.ikea.com/us/en/files/pdf/69/2b/692b108c/family-flyer_8-items_sep.pdf", "distance": "1"}
{"url": "https://www.ikea.com/us/en/customer-service/services/kitchen-planning/", "distance": "1"}
{"url": "https://www.ikea.com/us/en/cat/ikea-food-restaurant-fb001/", "distance": "1"}
{"url": "https://seeacareerwithus.com/career-areas/retail-careers/", "distance": "1"}
{"url": "https://www.ikea.com/us/en/customer-service/services/assembly/", "distance": "1"}
{"url": "https://ikea.com/us/en/campaigns/ikea-festival/", "distance": "1"}
{"url": "https://www.ikea.com/us/en/rooms/bedroom/", "distance": "1"}
{"url": "https://www.ikea.com/us/en/rooms/kitchen/", "distance": "1"}
{"url": "https://www.ikea.com/us/en/rooms/living-room/", "distance": "1"}
{"url": "https://bqlt.org", "distance": "1"}
{"url": "https://bqlt.org/news/bqlt-annual-garden-tour-returns-bike-east-ny-to-southeast-queens-sep-25", "distance": "1"}
{"url": "https://uufit44y5ik1uozeq2i15ct1-wpengine.netdna-ssl.com/wp-content/uploads/2021/09/IMG_0105-1024x683.jpg", "distance": "1"}
{"url": "https://bqlt.org/news/bqlt-annual-garden-tour-returns-bike-east-ny-to-southeast-queens-sep-25", "distance": "1"}
{"url": "https://bqlt.org/news/bqlt-annual-garden-tour-returns-bike-east-ny-to-southeast-queens-sep-25", "distance": "1"}
{"url": "https://bqlt.org/news/nys-dec-urban-and-community-forestry-grant-2021", "distance": "1"}
{"url": "https://uufit44y5ik1uozeq2i15ct1-wpengine.netdna-ssl.com/wp-content/uploads/2021/08/Euclid-Pine-pruning-2-1024x768.jpeg", "distance": "1"}
{"url": "https://bqlt.org/news/nys-dec-urban-and-community-forestry-grant-2021", "distance": "1"}
{"url": "https://bqlt.org/news/nys-dec-urban-and-community-forestry-grant-2021#respond", "distance": "1"}
{"url": "https://bqlt.org/news/nys-dec-urban-and-community-forestry-grant-2021", "distance": "1"}
{"url": "https://bqlt.org/news/a-message-of-hope", "distance": "1"}
{"url": "https://uufit44y5ik1uozeq2i15ct1-wpengine.netdna-ssl.com/wp-content/uploads/2018/04/IMG_1363-1024x683.jpg", "distance": "1"}
{"url": "https://bqlt.org/news/a-message-of-hope", "distance": "1"}
{"url": "https://bqlt.org/news/a-message-of-hope#respond", "distance": "1"}
{"url": "https://bqlt.org/news/a-message-of-hope", "distance": "1"}
{"url": "https://bqlt.org/highlights/post-tour-festivities-19", "distance": "1"}
{"url": "https://uufit44y5ik1uozeq2i15ct1-wpengine.netdna-ssl.com/wp-content/uploads/2019/09/69382479_10157251914781830_2719562146387066880_o-819x1024.jpg", "distance": "1"}
{"url": "https://bqlt.org/highlights/post-tour-festivities-19", "distance": "1"}
{"url": "https://bqlt.org/highlights/post-tour-festivities-19#respond", "distance": "1"}
{"url": "https://bqlt.org/highlights/post-tour-festivities-19", "distance": "1"}
{"url": "http://www.e9digital.com", "distance": "1"}
{"url": "https://www.6sqft.com", "distance": "1"}
{"url": "https://imgs.6sqft.com/wp-content/uploads/2021/09/15100743/Brooklyn-Bridge-bike-lane-1.jpg", "distance": "1"}
{"url": "https://imgs.6sqft.com/wp-content/uploads/2021/09/15100743/Brooklyn-Bridge-bike-lane-1.jpg", "distance": "1"}
{"url": "https://www.6sqft.com/see-the-elevated-pedestrian-pathway-that-will-connect-the-high-line-to-moynihan-train-hall/", "distance": "1"}
{"url": "https://www.6sqft.com/1-4m-park-slope-condo-has-14-foot-ceilings-and-a-backyard-gardening-shed/", "distance": "1"}
{"url": "https://www.6sqft.com/reset-password/", "distance": "1"}
{"url": "https://www.archtober.org/?utm_source=6sqft", "distance": "1"}
{"url": "https://reservations.travelclick.com/109146", "distance": "1"}
{"url": "https://reservations.travelclick.com/109146", "distance": "1"}
{"url": "https://reservations.travelclick.com/109146?&hotelId=109146&discount=podpal", "distance": "1"}
{"url": "https://www.facebook.com/thepodhotels", "distance": "1"}
{"url": "https://www.instagram.com/podbkhotel/", "distance": "1"}
{"url": "https://twitter.com/thepodhotel", "distance": "1"}
{"url": "http://ccbqdev.niftit.com/about-us/", "distance": "1"}
{"url": "http://ccbqdev.niftit.com/contact/", "distance": "1"}
{"url": "http://ccbqdev.niftit.com/service/behavioral-health-services/", "distance": "1"}
{"url": "http://ccbqdev.niftit.com/service/behavioral-health-services/", "distance": "1"}
{"url": "http://ccbqdev.niftit.com/contact/", "distance": "1"}
{"url": "https://www.ccbq.org/catholic-charities-hosts-outdoor-orchestra-concert-for-brooklyn-seniors/", "distance": "1"}
{"url": "https://www.ccbq.org/event/live-it-up-community-health-event-3/", "distance": "1"}
{"url": "http://www.brooklynschools.org/district_calendar", "distance": "1"}
{"url": "https://mydiocese.rcdob.org/Login.aspx", "distance": "1"}
{"url": "https://twitter.com/BrooklynDiocese", "distance": "1"}
{"url": "https://www.facebook.com/BrooklynDiocese", "distance": "1"}
{"url": "https://www.tachsinfo.com", "distance": "1"}
{"url": "https://thetablet.org/join-me-in-prayer-on-this-special-day-of-remembrance/", "distance": "1"}
{"url": "https://catholicfoundationbq.org/annual-catholic-appeal/#", "distance": "1"}
{"url": "https://dioceseofbrooklyn.org/protecting-children/protecting-our-children/", "distance": "1"}
{"url": "https://netny.tv/masses/", "distance": "1"}
{"url": "https://thetablet.org/registration-page/", "distance": "1"}
{"url": "https://www.ccbq.org/?utm_source=home&utm_medium=inhouse&utm_campaign=dobhome&utm_content=partners", "distance": "1"}
{"url": "https://catholicfoundationbq.org/?utm_source=home&utm_medium=inhouse&utm_campaign=dobhome&utm_content=partners", "distance": "1"}
{"url": "https://www.futuresineducation.org/?utm_source=home&utm_medium=inhouse&utm_campaign=dobhome&utm_content=partners", "distance": "1"}
{"url": "https://catholicmigration.org/?utm_source=home&utm_medium=inhouse&utm_campaign=dobhome&utm_content=partners", "distance": "1"}
{"url": "https://www.cyodob.org/?utm_source=home&utm_medium=inhouse&utm_campaign=dobhome&utm_content=partners", "distance": "1"}
{"url": "https://www.cathcemetery-bklyn.org/?utm_source=home&utm_medium=inhouse&utm_campaign=dobhome&utm_content=partners", "distance": "1"}
{"url": "https://ctnbq.org/?utm_source=home&utm_medium=inhouse&utm_campaign=dobhome&utm_content=partners", "distance": "1"}
{"url": "https://netny.tv/shows/currents/?utm_source=home&utm_medium=inhouse&utm_campaign=dobhome&utm_content=partners", "distance": "1"}
{"url": "https://netny.tv/?utm_source=home&utm_medium=inhouse&utm_campaign=dobhome&utm_content=partners", "distance": "1"}
{"url": "https://nuestra-voz.org/?utm_source=home&utm_medium=inhouse&utm_campaign=dobhome&utm_content=partners", "distance": "1"}
{"url": "https://thetablet.org/?utm_source=home&utm_medium=inhouse&utm_campaign=dobhome&utm_content=partners", "distance": "1"}
{"url": "https://meetmein.church/?utm_source=home&utm_medium=inhouse&utm_campaign=dobhome&utm_content=partners", "distance": "1"}
{"url": "https://dioceseofbrooklyn.org/prayforme/?utm_source=home&utm_medium=inhouse&utm_campaign=dobhome&utm_content=partners", "distance": "1"}
{"url": "https://www.facebook.com/BrooklynDiocese", "distance": "1"}
{"url": "https://twitter.com/BrooklynDiocese", "distance": "1"}
{"url": "https://express.mbofbrooklyn.com/inventory?_ga=2.192880809.242807916.1589209174-1634588175.1583157147", "distance": "1"}
{"url": "https://www.yahoo.com/", "distance": "1"}
{"url": "https://mail.yahoo.com/", "distance": "1"}
{"url": "https://news.yahoo.com/", "distance": "1"}
{"url": "https://finance.yahoo.com/", "distance": "1"}
{"url": "https://sports.yahoo.com/", "distance": "1"}
{"url": "https://www.yahoo.com/entertainment/", "distance": "1"}
{"url": "https://www.yahoo.com/lifestyle", "distance": "1"}
{"url": "https://shopping.yahoo.com/", "distance": "1"}
{"url": "https://www.yahoo.com/plus", "distance": "1"}
{"url": "https://www.yahoo.com/everything/", "distance": "1"}
{"url": "https://mobile.yahoo.com/news", "distance": "1"}
{"url": "https://news.yahoo.com/", "distance": "1"}
{"url": "https://login.yahoo.com/?.lang=en-US&src=news", "distance": "1"}
{"url": "https://mail.yahoo.com/", "distance": "1"}
{"url": "https://mail.yahoo.com/", "distance": "1"}
{"url": "https://news.yahoo.com", "distance": "1"}
{"url": "https://www.nydailynews.com/", "distance": "1"}
{"url": "https://www.facebook.com/dialog/feed?app_id=458584288257241&link=https%3A%2F%2Fnews.yahoo.com%2Fwoman-kicked-down-brooklyn-subway-032300293.html%3Fsoc_src%3Dsocial-sh%26soc_trk%3Dfb%26tsrc%3Dfb", "distance": "1"}
{"url": "https://twitter.com/intent/tweet?text=Woman%20kicked%20down%20Brooklyn%20subway%20escalator%20says%20her%20skin%20was%20ripped%20open%20%E2%80%98like%20I%20was%20clawed%20by%20a%20tiger%E2%80%99&url=https%3A%2F%2Fnews.yahoo.com%2Fwoman-kicked-down-brooklyn-subway-032300293.html%3Fsoc_src%3Dsocial-sh%26soc_trk%3Dtw%26tsrc%3Dtwtr&via=YahooNews", "distance": "1"}
{"url": "https://www.verizonmedia.com/policies/us/en/verizonmedia/privacy/adinfo/index.html", "distance": "1"}
{"url": "https://www.verizonmedia.com/policies/us/en/verizonmedia/privacy/adinfo/index.html", "distance": "1"}
{"url": "https://www.verizonmedia.com/policies/us/en/verizonmedia/privacy/adinfo/index.html", "distance": "1"}
{"url": "https://www.verizonmedia.com/policies/us/en/verizonmedia/privacy/adinfo/index.html", "distance": "1"}
{"url": "https://www.verizonmedia.com/policies/us/en/verizonmedia/privacy/adinfo/index.html", "distance": "1"}
{"url": "https://www.verizonmedia.com/policies/us/en/verizonmedia/privacy/adinfo/index.html", "distance": "1"}
{"url": "https://data.mail.yahoo.com/f/track/tgt/clk?ts=1631744378757&fmt=k&d=QBv7VDRFfoPQF547utdKxef07Uh8qRDDrSqE3s9020ft9WrCMJx6BVv_haNafOnafBTCYqhZo56JyLnw_SUX2FUs7GO3VFUsfoU27X9ByziJPqMgeVwddxCFdf5NoSAl7ZyEN9f6hVdQi7H9EMi8kVu_UlXU4xAw6D_4V1W3iRGylDJDmqKlwAv6LBkwYlnn5c_ugNDvn6hL__WrEXeApBYO01eawjK2-EHhUrZAIJV7TQxf0Jtr53dbecgotszYAzJrzevxsSwISf_9Uzz1ptPjeZCumCDgPXHOMaCIHJNQOL4oiKYJvz9Pfy76nerECUJ102tVFwZ53zaU_iDGWUaBdKP61ONHsXKjOb2bHV66Qdd_jBbAmKGUFPH_bYPctYTtz6EnGU0hkw5pmRAr2lS5JN0LpMLHFpBNwmiu1Jjdl7bRn_lw6JpnmJiLrt1XfNifV2unrvH49oisH7H2y6yHljtbncLYtdGDD19yQ-ylSec9i5-6lRoDuElZDPlR4MpPG0TGyCwacOqREEyzBAj67l-8Mmh6d18%3D&kw=CAID-0017_SUB_Multiple+Prod_Subscribe_AT_07.15.21&ymreqid=erbap1hgk4sbq", "distance": "1"}
{"url": "https://www.verizonmedia.com/policies/us/en/verizonmedia/privacy/adinfo/index.html", "distance": "1"}
{"url": "https://www.verizonmedia.com/policies/us/en/verizonmedia/privacy/adinfo/index.html", "distance": "1"}
{"url": "https://www.verizonmedia.com/policies/us/en/verizonmedia/privacy/adinfo/index.html", "distance": "1"}
{"url": "https://www.verizonmedia.com/policies/us/en/verizonmedia/privacy/adinfo/index.html", "distance": "1"}
{"url": "https://www.freshorthodontics.com/were-reopening/", "distance": "1"}
{"url": "https://www.freshorthodontics.com", "distance": "1"}
{"url": "https://www.freshorthodontics.com/25-facts-about-brooklyn-that-are-hard-to-believe/#respond", "distance": "1"}
{"url": "https://www.freshorthodontics.com/park-slope-office/", "distance": "1"}
{"url": "https://www.freshorthodontics.com/am-i-a-candidate-for-braces-invisalign/", "distance": "1"}
{"url": "https://www.freshorthodontics.com/dr-khanna/", "distance": "1"}
{"url": "https://www.freshorthodontics.com/dr-khanna/", "distance": "1"}
{"url": "https://maps.google.com/?cid=12789116765992806639", "distance": "1"}
{"url": "https://www.google.com/maps/contrib/107319715468337022121/reviews", "distance": "1"}
{"url": "https://www.google.com/maps/contrib/112724707480021772022/reviews", "distance": "1"}
{"url": "https://www.google.com/maps/contrib/116112015247714963775/reviews", "distance": "1"}
{"url": "https://www.google.com/maps/contrib/104502510565485505417/reviews", "distance": "1"}
{"url": "https://www.google.com/maps/contrib/103021831645048360125/reviews", "distance": "1"}
{"url": "https://www.google.com/maps/contrib/112229057847084801216/reviews", "distance": "1"}
{"url": "https://www.google.com/maps/contrib/101785892804714394701/reviews", "distance": "1"}
{"url": "https://www.google.com/maps/contrib/111017968052646991759/reviews", "distance": "1"}
{"url": "https://www.google.com/maps/contrib/105095430656408188811/reviews", "distance": "1"}
{"url": "https://www.google.com/maps/contrib/113985128747858977618/reviews", "distance": "1"}
{"url": "https://search.google.com/local/reviews?placeid=ChIJVT46mf5awokR72j-Y_ARfLE", "distance": "1"}
{"url": "http://eepurl.com/birvlb", "distance": "1"}
{"url": "http://www.nymetroparents.com/brooklyn/article/fresh-orthodontics-opens-practice-in-park-slope", "distance": "1"}
{"url": "https://nam10.safelinks.protection.outlook.com/?url=https%3A%2F%2Fhealthscreening.schools.nyc%2F%3Ffbclid%3DIwAR2Ru_wV2IwzpIDOhzC6xFgWmFjfGqFL8-Rn68K5R6T9xsUtsDqn7_3J_kQ&data=04%7C01%7CALevine23%40schools.nyc.gov%7C657635164e6440edf5e608d97549d6f1%7C18492cb7ef45456185710c42e5f7ac07%7C0%7C0%7C637669782256239259%7CUnknown%7CTWFpbGZsb3d8eyJWIjoiMC4wLjAwMDAiLCJQIjoiV2luMzIiLCJBTiI6Ik1haWwiLCJXVCI6Mn0%3D%7C1000&sdata=WMuWo7ocRzMzMqI5JUxe0PAsACoYOdLAxOfgIIAv8Ls%3D&reserved=0", "distance": "1"}
{"url": "https://nam10.safelinks.protection.outlook.com/?url=https%3A%2F%2Fhealthscreening.schools.nyc%2F%3Ffbclid%3DIwAR2Ru_wV2IwzpIDOhzC6xFgWmFjfGqFL8-Rn68K5R6T9xsUtsDqn7_3J_kQ&data=04%7C01%7CALevine23%40schools.nyc.gov%7C657635164e6440edf5e608d97549d6f1%7C18492cb7ef45456185710c42e5f7ac07%7C0%7C0%7C637669782256239259%7CUnknown%7CTWFpbGZsb3d8eyJWIjoiMC4wLjAwMDAiLCJQIjoiV2luMzIiLCJBTiI6Ik1haWwiLCJXVCI6Mn0%3D%7C1000&sdata=WMuWo7ocRzMzMqI5JUxe0PAsACoYOdLAxOfgIIAv8Ls%3D&reserved=0", "distance": "1"}
{"url": "https://nam10.safelinks.protection.outlook.com/?url=https%3A%2F%2Fhealthscreening.schools.nyc%2F%3Ffbclid%3DIwAR2Ru_wV2IwzpIDOhzC6xFgWmFjfGqFL8-Rn68K5R6T9xsUtsDqn7_3J_kQ&data=04%7C01%7CALevine23%40schools.nyc.gov%7C657635164e6440edf5e608d97549d6f1%7C18492cb7ef45456185710c42e5f7ac07%7C0%7C0%7C637669782256239259%7CUnknown%7CTWFpbGZsb3d8eyJWIjoiMC4wLjAwMDAiLCJQIjoiV2luMzIiLCJBTiI6Ik1haWwiLCJXVCI6Mn0%3D%7C1000&sdata=WMuWo7ocRzMzMqI5JUxe0PAsACoYOdLAxOfgIIAv8Ls%3D&reserved=0", "distance": "1"}
{"url": "http://www.echalk.com", "distance": "1"}
{"url": "http://www.google.com/maps/search/433%203rd%20Avenue%2C%20Brooklyn%2C%20New%20York%2011215", "distance": "1"}
{"url": "http://www.google.com/maps/search/433%203rd%20Avenue%2C%20Brooklyn%2C%20New%20York%2011215", "distance": "1"}
{"url": "http://www.google.com/maps/search/433%203rd%20Avenue%2C%20Brooklyn%2C%20New%20York%2011215", "distance": "1"}
{"url": "https://getbento.com/?utm_source=header&utm_campaign=fletchersbklyn.com", "distance": "1"}
{"url": "https://www.instagram.com/p/CTpllZcl2n3/", "distance": "1"}
{"url": "https://www.instagram.com/p/CThqGLJsjgb/", "distance": "1"}
{"url": "https://www.instagram.com/p/CTesdtLMhkX/", "distance": "1"}
{"url": "https://www.instagram.com/p/CTXjx69lZho/", "distance": "1"}
{"url": "https://www.instagram.com/p/CS1684usyAJ/", "distance": "1"}
{"url": "https://www.instagram.com/p/CShOuo-sbSv/", "distance": "1"}
{"url": "https://www.instagram.com/p/CSPWsitMrAb/", "distance": "1"}
{"url": "https://www.instagram.com/p/CSM0yxlsR1I/", "distance": "1"}
{"url": "https://www.instagram.com/p/CSKNtlrFk-p/", "distance": "1"}
{"url": "https://www.instagram.com/p/CSHd75fMpE3/", "distance": "1"}
{"url": "https://getbento.com/?utm_source=footer&utm_campaign=fletchersbklyn.com", "distance": "1"}
{"url": "https://nothinbutnets.com", "distance": "1"}
{"url": "https://nothinbutnets.com/2021/09/14/brooklyn-nets-ranking-the-teams-3-biggest-losses-this-offseason/", "distance": "1"}
{"url": "https://twitter.com/ ", "distance": "1"}
{"url": "https://nothinbutnets.com/2021/09/14/brooklyn-nets-ranking-the-teams-3-biggest-losses-this-offseason/", "distance": "1"}
{"url": "https://www.thebiglead.com/posts/the-kyle-koster-show-stepping-into-the-mayor-s-office-with-sean-casey-01ffjv63pbg1?utm_source=RSS", "distance": "1"}
{"url": "https://nothinbutnets.com/2021/09/13/brooklyn-nets-mike-james-free-agent-russia-why/", "distance": "1"}
{"url": "https://nothinbutnets.com/2021/09/11/brooklyn-nets-3-bench-players-step-up-2021-22/", "distance": "1"}
{"url": "https://nothinbutnets.com/2021/09/10/brooklyn-nets-blake-griffin-jab-pistons-fans-hate/", "distance": "1"}
{"url": "https://fansided.com", "distance": "1"}
{"url": "https://itunes.apple.com/us/app/fansided-sports/id553311886?ls=1&mt=8", "distance": "1"}
{"url": "https://play.google.com/store/apps/details?id=com.noticesoftware.FanSided", "distance": "1"}
{"url": "https://www.modernspacesnyc.com/listing/skyline-tower/", "distance": "1"}
{"url": "https://astoriapost.com/about", "distance": "1"}
{"url": "https://astoriapost.com", "distance": "1"}
{"url": "https://www.feliciakalan.com/", "distance": "1"}
{"url": "https://www.facebook.com/", "distance": "1"}
{"url": "https://twitter.com/", "distance": "1"}
{"url": "https://www.instagram.com/", "distance": "1"}
{"url": "https://astoriapost.com/cb1", "distance": "1"}
{"url": "https://nyspacefinders.com/", "distance": "1"}
{"url": "https://astoriapost.com/man-pleads-guilty-for-jfk-cargo-heist-after-being-found-with-gucci-and-chanel-products-worth-millions", "distance": "1"}
{"url": "https://astoriapost.com/man-pleads-guilty-for-jfk-cargo-heist-after-being-found-with-gucci-and-chanel-products-worth-millions", "distance": "1"}
{"url": "https://astoriapost.com/man-pleads-guilty-for-jfk-cargo-heist-after-being-found-with-gucci-and-chanel-products-worth-millions#respond", "distance": "1"}
{"url": "https://astoriapost.com/rep-ocasio-cortez-to-introduce-a-bill-to-extend-federal-unemployment-insurance", "distance": "1"}
{"url": "https://astoriapost.com/rep-ocasio-cortez-to-introduce-a-bill-to-extend-federal-unemployment-insurance", "distance": "1"}
{"url": "https://astoriapost.com/rep-ocasio-cortez-to-introduce-a-bill-to-extend-federal-unemployment-insurance#respond", "distance": "1"}
{"url": "https://astoriapost.com/paris-baguette-to-open-long-island-city-store-in-december", "distance": "1"}
{"url": "https://astoriapost.com/paris-baguette-to-open-long-island-city-store-in-december", "distance": "1"}
{"url": "https://astoriapost.com/paris-baguette-to-open-long-island-city-store-in-december#respond", "distance": "1"}
{"url": "https://astoriapost.com/gothams-south-tower-on-lic-waterfront-to-be-completed-by-year-end-move-in-date-spring-2022", "distance": "1"}
{"url": "https://astoriapost.com/gothams-south-tower-on-lic-waterfront-to-be-completed-by-year-end-move-in-date-spring-2022", "distance": "1"}
{"url": "https://astoriapost.com/gothams-south-tower-on-lic-waterfront-to-be-completed-by-year-end-move-in-date-spring-2022#respond", "distance": "1"}
{"url": "https://astoriapost.com/jobless-new-yorkers-to-hold-rally-in-long-island-city-tuesday-night-to-call-for-extension-of-unemployment-benefits", "distance": "1"}
{"url": "https://astoriapost.com/jobless-new-yorkers-to-hold-rally-in-long-island-city-tuesday-night-to-call-for-extension-of-unemployment-benefits", "distance": "1"}
{"url": "https://astoriapost.com/jobless-new-yorkers-to-hold-rally-in-long-island-city-tuesday-night-to-call-for-extension-of-unemployment-benefits#respond", "distance": "1"}
{"url": "https://astoriapost.com/watch-77-year-old-woman-mugged-in-broad-daylight-on-astoria-street-sunday", "distance": "1"}
{"url": "https://astoriapost.com/watch-77-year-old-woman-mugged-in-broad-daylight-on-astoria-street-sunday", "distance": "1"}
{"url": "https://astoriapost.com/watch-77-year-old-woman-mugged-in-broad-daylight-on-astoria-street-sunday#respond", "distance": "1"}
{"url": "https://astoriapost.com/council-member-van-bramer-wants-to-make-open-culture-program-permanent", "distance": "1"}
{"url": "https://astoriapost.com/council-member-van-bramer-wants-to-make-open-culture-program-permanent", "distance": "1"}
{"url": "https://astoriapost.com/council-member-van-bramer-wants-to-make-open-culture-program-permanent#respond", "distance": "1"}
{"url": "https://astoriapost.com/tf-cornerstone-demolishes-buildings-by-newtown-creek-to-make-way-for-1400-unit-development", "distance": "1"}
{"url": "https://astoriapost.com/tf-cornerstone-demolishes-buildings-by-newtown-creek-to-make-way-for-1400-unit-development", "distance": "1"}
{"url": "https://astoriapost.com/tf-cornerstone-demolishes-buildings-by-newtown-creek-to-make-way-for-1400-unit-development#respond", "distance": "1"}
{"url": "https://astoriapost.com/gofundme-launched-for-family-of-astoria-delivery-worker-killed-in-sunnyside-crash", "distance": "1"}
{"url": "https://astoriapost.com/gofundme-launched-for-family-of-astoria-delivery-worker-killed-in-sunnyside-crash", "distance": "1"}
{"url": "https://astoriapost.com/gofundme-launched-for-family-of-astoria-delivery-worker-killed-in-sunnyside-crash#respond", "distance": "1"}
{"url": "https://astoriapost.com/free-concert-featuring-broadway-showtunes-to-take-place-in-sunnyside-saturday", "distance": "1"}
{"url": "https://astoriapost.com/free-concert-featuring-broadway-showtunes-to-take-place-in-sunnyside-saturday", "distance": "1"}
{"url": "https://astoriapost.com/free-concert-featuring-broadway-showtunes-to-take-place-in-sunnyside-saturday#respond", "distance": "1"}
{"url": "https://queenspost.com/international-burger-chain-opens-fast-food-joint-on-82nd-street-in-elmhurst", "distance": "1"}
{"url": "https://queenspost.com/international-burger-chain-opens-fast-food-joint-on-82nd-street-in-elmhurst", "distance": "1"}
{"url": "https://queenspost.com/international-burger-chain-opens-fast-food-joint-on-82nd-street-in-elmhurst#respond", "distance": "1"}
{"url": "https://queenspost.com/music-festival-featuring-international-performers-coming-to-sunnyside-gardens-park-saturday", "distance": "1"}
{"url": "https://queenspost.com/music-festival-featuring-international-performers-coming-to-sunnyside-gardens-park-saturday", "distance": "1"}
{"url": "https://queenspost.com/music-festival-featuring-international-performers-coming-to-sunnyside-gardens-park-saturday#respond", "distance": "1"}
{"url": "https://queenspost.com/police-exchange-fire-in-standoff-with-husband-of-off-duty-nypd-cop-in-south-ozone-park", "distance": "1"}
{"url": "https://queenspost.com/police-exchange-fire-in-standoff-with-husband-of-off-duty-nypd-cop-in-south-ozone-park", "distance": "1"}
{"url": "https://queenspost.com/police-exchange-fire-in-standoff-with-husband-of-off-duty-nypd-cop-in-south-ozone-park#respond", "distance": "1"}
{"url": "https://queenspost.com/man-steals-electric-scooter-at-gunpoint-in-jackson-heights-saturday-nypd", "distance": "1"}
{"url": "https://queenspost.com/man-steals-electric-scooter-at-gunpoint-in-jackson-heights-saturday-nypd", "distance": "1"}
{"url": "https://queenspost.com/man-steals-electric-scooter-at-gunpoint-in-jackson-heights-saturday-nypd#respond", "distance": "1"}
{"url": "https://queenspost.com/new-public-school-opens-in-long-island-city-one-of-11-new-school-facilities-to-open-this-fall", "distance": "1"}
{"url": "https://queenspost.com/new-public-school-opens-in-long-island-city-one-of-11-new-school-facilities-to-open-this-fall", "distance": "1"}
{"url": "https://queenspost.com/new-public-school-opens-in-long-island-city-one-of-11-new-school-facilities-to-open-this-fall#respond", "distance": "1"}
{"url": "https://queenspost.com/drunk-driver-arrested-for-fatal-hit-and-run-that-left-dirt-bike-rider-dead-on-lie", "distance": "1"}
{"url": "https://queenspost.com/drunk-driver-arrested-for-fatal-hit-and-run-that-left-dirt-bike-rider-dead-on-lie", "distance": "1"}
{"url": "https://queenspost.com/drunk-driver-arrested-for-fatal-hit-and-run-that-left-dirt-bike-rider-dead-on-lie#respond", "distance": "1"}
{"url": "https://brooklynpost.com", "distance": "1"}
{"url": "https://brooklynpost.com/thousands-of-nyc-public-school-students-will-be-able-to-get-vaccinated-at-school-next-week", "distance": "1"}
{"url": "https://brooklynpost.com/thousands-of-nyc-public-school-students-will-be-able-to-get-vaccinated-at-school-next-week", "distance": "1"}
{"url": "https://brooklynpost.com/thousands-of-nyc-public-school-students-will-be-able-to-get-vaccinated-at-school-next-week#respond", "distance": "1"}
{"url": "https://brooklynpost.com", "distance": "1"}
{"url": "https://brooklynpost.com/community-boards-can-continue-to-meet-virtually-gov-hochul", "distance": "1"}
{"url": "https://brooklynpost.com/community-boards-can-continue-to-meet-virtually-gov-hochul", "distance": "1"}
{"url": "https://brooklynpost.com/community-boards-can-continue-to-meet-virtually-gov-hochul#respond", "distance": "1"}
{"url": "https://www.eventbrite.com/e/taste-of-sunnyside-2021-tickets-169531175309?aff=Astoria", "distance": "1"}
{"url": "https://visitor.r20.constantcontact.com/d.jsp?llr=8rs7g7sab&p=oi&m=1119785732667&sit=cvwwobmjb&f=29aed903-5b60-4ba0-a5c9-416b7d8863be", "distance": "1"}
{"url": "http://www.mightycrabny.com/", "distance": "1"}
{"url": "http://drpetmd.com/", "distance": "1"}
{"url": "http://drpetmd.com/", "distance": "1"}
{"url": "https://www.ocasiocortez.com/covid19", "distance": "1"}
{"url": "https://www.hunterspointparks.org/lic-waterfront-5k", "distance": "1"}
{"url": "https://vellainteriors.com/contact/", "distance": "1"}
{"url": "https://thezipperbuildinglic.com/", "distance": "1"}
{"url": "http://www.cclearly2020.com/", "distance": "1"}
{"url": "https://nyspacefinders.com/", "distance": "1"}
{"url": "https://crossfitqueensny.com/", "distance": "1"}
{"url": "https://astoriapost.com", "distance": "1"}
{"url": "https://www.facebook.com/", "distance": "1"}
{"url": "https://twitter.com/", "distance": "1"}
{"url": "https://www.instagram.com/", "distance": "1"}
{"url": "https://astoriapost.com/cb1", "distance": "1"}
{"url": "https://www.facebook.com/bchands.org/", "distance": "1"}
{"url": "http://www.linkedin.com/company/600727/", "distance": "1"}
{"url": "https://www.youtube.com/user/bchands", "distance": "1"}
{"url": "https://www.instagram.com/bchands_org/", "distance": "1"}
{"url": "https://bchands.org/covid-19-safety/", "distance": "1"}
{"url": "https://bchands.org/donor-privacy-policy/", "distance": "1"}
{"url": "https://bchands.org/2021/09/bchs-feels-like-home-feels-like-hope-gala-2021/", "distance": "1"}
{"url": "https://bchands.org/2021/09/bchs-feels-like-home-feels-like-hope-gala-2021/", "distance": "1"}
{"url": "https://bchands.org/2021/08/watch-new-bchs-2021-video-from-crisis-to-community/", "distance": "1"}
{"url": "https://bchands.org/2021/08/watch-new-bchs-2021-video-from-crisis-to-community/", "distance": "1"}
{"url": "https://bchands.org/2020/06/longtime-bchs-resident-featured-in-bkylner/", "distance": "1"}
{"url": "https://bchands.org/2020/06/longtime-bchs-resident-featured-in-bkylner/", "distance": "1"}
{"url": "https://bchands.org/2020/04/bchs-to-open-new-housing-for-seniors-and-veterans/", "distance": "1"}
{"url": "https://bchands.org/2020/04/bchs-to-open-new-housing-for-seniors-and-veterans/", "distance": "1"}
{"url": "https://bchands.org/2019/08/a-fresh-start-for-moms/", "distance": "1"}
{"url": "https://bchands.org/2019/08/a-fresh-start-for-moms/", "distance": "1"}
{"url": "https://bchands.org/2019/08/bchs-featured-in-the-atlantic-magazine/", "distance": "1"}
{"url": "https://bchands.org/2019/08/bchs-featured-in-the-atlantic-magazine/", "distance": "1"}
{"url": "https://auth.voxmedia.com/login?community_id=597&return_to=https%3A%2F%2Fny.curbed.com%2F", "distance": "1"}
{"url": "https://ny.curbed.com/2017/9/27/16373802/native-new-yorker-brooklyn-most#comments", "distance": "1"}
{"url": "https://ny.curbed.com/2017/9/27/16373802/native-new-yorker-brooklyn-most#comments", "distance": "1"}
{"url": "https://www.voxmedia.com", "distance": "1"}
{"url": "https://www.voxmedia.com/vox-advertising", "distance": "1"}
{"url": "https://jobs.voxmedia.com", "distance": "1"}
{"url": "https://www.voxmedia.com", "distance": "1"}
{"url": "https://brooklynbuzz.com/notorious-b-i-g-old-apartment-selling-for-1-7-mil-in-ft-greene-where-his-ready-to-die-album-was-conceived/", "distance": "1"}
{"url": "https://brooklynbuzz.com/5-underrated-new-york-city-hip-hop-artists-you-need-to-know/", "distance": "1"}
{"url": "https://brooklynbuzz.com/20-mile-bike-tour-through-east-new-york-brownsville-and-canarsie-to-expand-as-purelements-partners-with-bike-new-york/", "distance": "1"}
{"url": "https://brooklynbuzz.com/oped-not-talking-to-the-police-can-lead-to-freedom-or-prison-for-young-black-men-women/", "distance": "1"}
{"url": "https://brooklynbuzz.com/notorious-b-i-g-old-apartment-selling-for-1-7-mil-in-ft-greene-where-his-ready-to-die-album-was-conceived/", "distance": "1"}
{"url": "https://brooklynbuzz.com/notorious-b-i-g-old-apartment-selling-for-1-7-mil-in-ft-greene-where-his-ready-to-die-album-was-conceived/", "distance": "1"}
{"url": "https://brooklynbuzz.com/5-underrated-new-york-city-hip-hop-artists-you-need-to-know/", "distance": "1"}
{"url": "https://brooklynbuzz.com/20-mile-bike-tour-through-east-new-york-brownsville-and-canarsie-to-expand-as-purelements-partners-with-bike-new-york/", "distance": "1"}
{"url": "https://brooklynbuzz.com/oped-not-talking-to-the-police-can-lead-to-freedom-or-prison-for-young-black-men-women/", "distance": "1"}
{"url": "https://brooklynbuzz.com/why-get-a-vaccine-if-i-can-still-get-covid-19/", "distance": "1"}
{"url": "https://brooklynbuzz.com/brooklyn-hip-hop-producer-kota-the-friend-talks-family-new-music-and-expansion-of-flight-night-to-the-global-stage-showcasing-indie-artists/", "distance": "1"}
{"url": "https://brooklynbuzz.com/notorious-b-i-g-old-apartment-selling-for-1-7-mil-in-ft-greene-where-his-ready-to-die-album-was-conceived/", "distance": "1"}
{"url": "https://brooklynbuzz.com/5-underrated-new-york-city-hip-hop-artists-you-need-to-know/", "distance": "1"}
{"url": "https://brooklynbuzz.com/20-mile-bike-tour-through-east-new-york-brownsville-and-canarsie-to-expand-as-purelements-partners-with-bike-new-york/", "distance": "1"}
{"url": "https://brooklynbuzz.com/oped-not-talking-to-the-police-can-lead-to-freedom-or-prison-for-young-black-men-women/", "distance": "1"}
{"url": "https://brooklynbuzz.com/events/10th-anniversary-badass-animal-rescue-bash/", "distance": "1"}
{"url": "https://badassanimalrescue.com/", "distance": "1"}
{"url": "https://brooklynbuzz.com/events/danielle-russo-performance-project-premieres-final-notice/", "distance": "1"}
{"url": "http://www.finalnoticebk.com", "distance": "1"}
{"url": "https://brooklynbuzz.com/events/46th-annual-atlantic-antic-festival/", "distance": "1"}
{"url": "http://atlanticave.org", "distance": "1"}
{"url": "https://brooklynbuzz.com/events/digimarcon-east-2022-digital-marketing-media-and-advertising-conference-exhibition/", "distance": "1"}
{"url": "https://brooklynbuzz.com/notorious-b-i-g-old-apartment-selling-for-1-7-mil-in-ft-greene-where-his-ready-to-die-album-was-conceived/", "distance": "1"}
{"url": "https://brooklynbuzz.com/5-underrated-new-york-city-hip-hop-artists-you-need-to-know/", "distance": "1"}
{"url": "https://brooklynbuzz.com/20-mile-bike-tour-through-east-new-york-brownsville-and-canarsie-to-expand-as-purelements-partners-with-bike-new-york/", "distance": "1"}
{"url": "https://brooklynbuzz.com/oped-not-talking-to-the-police-can-lead-to-freedom-or-prison-for-young-black-men-women/", "distance": "1"}
{"url": "https://brooklynbuzz.com/notorious-b-i-g-old-apartment-selling-for-1-7-mil-in-ft-greene-where-his-ready-to-die-album-was-conceived/", "distance": "1"}
{"url": "https://brooklynbuzz.com/5-underrated-new-york-city-hip-hop-artists-you-need-to-know/", "distance": "1"}
{"url": "https://brooklynbuzz.com/20-mile-bike-tour-through-east-new-york-brownsville-and-canarsie-to-expand-as-purelements-partners-with-bike-new-york/", "distance": "1"}
{"url": "https://brooklynbuzz.com/oped-not-talking-to-the-police-can-lead-to-freedom-or-prison-for-young-black-men-women/", "distance": "1"}
{"url": "https://goo.gl/maps/Ztdw3zCq9ZGhJCLA6", "distance": "1"}
{"url": "https://goo.gl/maps/Ztdw3zCq9ZGhJCLA6", "distance": "1"}
{"url": "https://goo.gl/maps/2MBz2KKeVRn", "distance": "1"}
{"url": "https://ordering.chownow.com/order/28581/locations/", "distance": "1"}
{"url": "https://ordering.chownow.com/order/28581/locations", "distance": "1"}
{"url": "https://www.google.com/maps/search/?api=1&query=766%20Grand%20St%2C%20Brooklyn%2C%20NY%2011211", "distance": "1"}
{"url": "https://www.google.com/maps/search/?api=1&query=188%20Nassau%20Ave%2C%20Brooklyn%2C%20NY%2011222", "distance": "1"}
{"url": "https://ordering.chownow.com/order/28581/locations/", "distance": "1"}
{"url": "https://www.yelp.com/biz/brooklyn-standard-brooklyn-3", "distance": "1"}
{"url": "https://wikitravel.org/wiki/en/index.php?title=Brooklyn&oldid=2693579", "distance": "1"}
{"url": "https://www.barclayscenter.com/center-info/health-safety", "distance": "1"}
{"url": "https://www.barclayscenter.com/assets/img/health-safety-2400x600-d36e048fbf.png", "distance": "1"}
{"url": "https://www.barclayscenter.com/center-info/health-safety", "distance": "1"}
{"url": "https://www.nba.com/nets/tickets/partial-plans", "distance": "1"}
{"url": "https://www.barclayscenter.com/assets/img/BKN_2122_TS_MiniPlans_OnSale_2400x600-61f13d5e81.jpg", "distance": "1"}
{"url": "https://www.nba.com/nets/tickets/partial-plans", "distance": "1"}
{"url": "https://nba.com/nets/schedule?utm_source=BarclaysCenter&utm_medium=web&utm_campaign=F22-BKNScheduleRelease", "distance": "1"}
{"url": "https://www.apache.org/events/current-event.html", "distance": "1"}
{"url": "http://webchat.freenode.net/?channels=brooklyncentral", "distance": "1"}
{"url": "https://www.barclayscenter.com/assets/img/NetsWorldTour_2400x600-5fdf19a5a2.jpg", "distance": "1"}
{"url": "https://nba.com/nets/schedule?utm_source=BarclaysCenter&utm_medium=web&utm_campaign=F22-BKNScheduleRelease", "distance": "1"}
{"url": "https://www.barclayscenter.com/events/detail/the-fall-back-comedy-jam", "distance": "1"}
{"url": "https://www.barclayscenter.com/assets/img/fall-back-comedy-tour-2400x600-601ed88126.jpg", "distance": "1"}
{"url": "https://www1.ticketmaster.com/april-fools-comedy-jam-brooklyn/event/00005830CF6346CE", "distance": "1"}
{"url": "https://www.barclayscenter.com/events/detail/the-fall-back-comedy-jam", "distance": "1"}
{"url": "https://www.barclayscenter.com/events/detail/new-york-liberty-vs-washington-mystics-20210917", "distance": "1"}
{"url": "https://www.barclayscenter.com/assets/img/NYL21_VSGraphics_2400x600_Seafoam_WASH-a163715e85.png", "distance": "1"}
{"url": "https://www.ticketmaster.com/new-york-liberty-vs-washington-mystics-brooklyn-new-york-09-17-2021/event/00005AA6A2C62376", "distance": "1"}
{"url": "https://www.barclayscenter.com/events/detail/new-york-liberty-vs-washington-mystics-20210917", "distance": "1"}
{"url": "https://www.barclayscenter.com/events/detail/marc-anthony-2021", "distance": "1"}
{"url": "https://www.barclayscenter.com/assets/img/BC_21_EV_MarcAnthony_HomeSlider_2400x600-92b47ae3fb.jpg", "distance": "1"}
{"url": "https://www.ticketmaster.com/event/00005A7F045C250B", "distance": "1"}
{"url": "https://www.barclayscenter.com/events/detail/marc-anthony-2021", "distance": "1"}
{"url": "https://www.barclayscenter.com/events/detail/lil-baby", "distance": "1"}
{"url": "https://www.barclayscenter.com/assets/img/BC_21_EV_LilBaby_2400x600-618efe17a2.jpg", "distance": "1"}
{"url": "https://www.ticketmaster.com/event/00005AD0DD0442ED", "distance": "1"}
{"url": "https://www.barclayscenter.com/events/detail/lil-baby", "distance": "1"}
{"url": "https://www.barclayscenter.com/events/detail/katt-williams-2021", "distance": "1"}
{"url": "https://www.barclayscenter.com/assets/img/BC_21_EV_KattWilliams_HomeSlider_2400x6001-bdf1d43d4a.jpg", "distance": "1"}
{"url": "https://www.ticketmaster.com/event/00005AE7CE6648FA", "distance": "1"}
{"url": "https://www.barclayscenter.com/events/detail/katt-williams-2021", "distance": "1"}
{"url": "https://www.barclayscenter.com/events/detail/new-york-liberty-vs-washington-mystics-20210917", "distance": "1"}
{"url": "https://www.barclayscenter.com/events/detail/new-york-liberty-vs-washington-mystics-20210917", "distance": "1"}
{"url": "https://www.barclayscenter.com/events/detail/new-york-liberty-vs-washington-mystics-20210917 ", "distance": "1"}
{"url": "https://www.ticketmaster.com/new-york-liberty-vs-washington-mystics-brooklyn-new-york-09-17-2021/event/00005AA6A2C62376", "distance": "1"}
{"url": "https://www.barclayscenter.com/events/detail/new-york-liberty-vs-washington-mystics-20210917", "distance": "1"}
{"url": "https://www.barclayscenter.com/events/detail/new-york-liberty-vs-washington-mystics-20210917 ", "distance": "1"}
{"url": "https://www.ticketmaster.com/new-york-liberty-vs-washington-mystics-brooklyn-new-york-09-17-2021/event/00005AA6A2C62376", "distance": "1"}
{"url": "https://www.barclayscenter.com/events/detail/new-york-liberty-vs-washington-mystics-20210917", "distance": "1"}
{"url": "https://www.barclayscenter.com/events/detail/marc-anthony-2021", "distance": "1"}
{"url": "https://www.barclayscenter.com/events/detail/marc-anthony-2021", "distance": "1"}
{"url": "https://www.barclayscenter.com/events/detail/marc-anthony-2021 ", "distance": "1"}
{"url": "https://www.ticketmaster.com/event/00005A7F045C250B", "distance": "1"}
{"url": "https://www.barclayscenter.com/events/detail/marc-anthony-2021", "distance": "1"}
{"url": "https://www.barclayscenter.com/events/detail/marc-anthony-2021 ", "distance": "1"}
{"url": "https://www.ticketmaster.com/event/00005A7F045C250B", "distance": "1"}
{"url": "https://www.barclayscenter.com/events/detail/marc-anthony-2021", "distance": "1"}
{"url": "https://www.barclayscenter.com/events/detail/the-fall-back-comedy-jam", "distance": "1"}
{"url": "https://www.barclayscenter.com/events/detail/the-fall-back-comedy-jam", "distance": "1"}
{"url": "https://www.barclayscenter.com/events/detail/the-fall-back-comedy-jam ", "distance": "1"}
{"url": "https://www1.ticketmaster.com/april-fools-comedy-jam-brooklyn/event/00005830CF6346CE", "distance": "1"}
{"url": "https://www.barclayscenter.com/events/detail/the-fall-back-comedy-jam", "distance": "1"}
{"url": "https://www.barclayscenter.com/events/detail/the-fall-back-comedy-jam ", "distance": "1"}
{"url": "https://www1.ticketmaster.com/april-fools-comedy-jam-brooklyn/event/00005830CF6346CE", "distance": "1"}
{"url": "https://www.barclayscenter.com/events/detail/the-fall-back-comedy-jam", "distance": "1"}
{"url": "https://www.barclayscenter.com/events/detail/j-cole-2021", "distance": "1"}
{"url": "https://www.barclayscenter.com/events/detail/j-cole-2021", "distance": "1"}
{"url": "https://www.barclayscenter.com/events/detail/j-cole-2021 ", "distance": "1"}
{"url": "https://www.ticketmaster.com/event/00005ACF18DB4D7B", "distance": "1"}
{"url": "https://www.barclayscenter.com/events/detail/j-cole-2021", "distance": "1"}
{"url": "https://www.barclayscenter.com/events/detail/j-cole-2021 ", "distance": "1"}
{"url": "https://www.ticketmaster.com/event/00005ACF18DB4D7B", "distance": "1"}
{"url": "https://www.barclayscenter.com/events/detail/j-cole-2021", "distance": "1"}
{"url": "https://www.barclayscenter.com/events/detail/lil-baby", "distance": "1"}
{"url": "https://www.barclayscenter.com/events/detail/lil-baby", "distance": "1"}
{"url": "https://www.barclayscenter.com/events/detail/lil-baby ", "distance": "1"}
{"url": "https://www.ticketmaster.com/event/00005AD0DD0442ED", "distance": "1"}
{"url": "https://www.barclayscenter.com/events/detail/lil-baby", "distance": "1"}
{"url": "https://www.barclayscenter.com/events/detail/lil-baby ", "distance": "1"}
{"url": "https://www.ticketmaster.com/event/00005AD0DD0442ED", "distance": "1"}
{"url": "https://www.barclayscenter.com/events/detail/lil-baby", "distance": "1"}
{"url": "https://www.barclayscenter.com/events/detail/brooklyn-nets-vs-milwaukee-bucks-20211008", "distance": "1"}
{"url": "https://www.barclayscenter.com/events/detail/brooklyn-nets-vs-milwaukee-bucks-20211008", "distance": "1"}
{"url": "https://www.barclayscenter.com/events/detail/brooklyn-nets-vs-milwaukee-bucks-20211008 ", "distance": "1"}
{"url": "https://www.barclayscenter.com/events/detail/brooklyn-nets-vs-milwaukee-bucks-20211008", "distance": "1"}
{"url": "https://www.barclayscenter.com/events/detail/brooklyn-nets-vs-milwaukee-bucks-20211008 ", "distance": "1"}
{"url": "https://www.barclayscenter.com/events/detail/brooklyn-nets-vs-milwaukee-bucks-20211008", "distance": "1"}
{"url": "https://www.barclayscenter.com/events/detail/katt-williams-2021", "distance": "1"}
{"url": "https://www.barclayscenter.com/events/detail/katt-williams-2021", "distance": "1"}
{"url": "https://www.barclayscenter.com/events/detail/katt-williams-2021 ", "distance": "1"}
{"url": "https://www.ticketmaster.com/event/00005AE7CE6648FA", "distance": "1"}
{"url": "https://www.barclayscenter.com/events/detail/katt-williams-2021", "distance": "1"}
{"url": "https://www.barclayscenter.com/events/detail/katt-williams-2021 ", "distance": "1"}
{"url": "https://www.ticketmaster.com/event/00005AE7CE6648FA", "distance": "1"}
{"url": "https://www.barclayscenter.com/events/detail/katt-williams-2021", "distance": "1"}
{"url": "https://www.barclayscenter.com/events/detail/brooklyn-nets-vs-minnesota-timberwolves-20211014", "distance": "1"}
{"url": "https://www.barclayscenter.com/events/detail/brooklyn-nets-vs-minnesota-timberwolves-20211014", "distance": "1"}
{"url": "https://www.barclayscenter.com/events/detail/brooklyn-nets-vs-minnesota-timberwolves-20211014 ", "distance": "1"}
{"url": "https://www.nba.com/nets/tickets/", "distance": "1"}
{"url": "https://www.barclayscenter.com/events/detail/brooklyn-nets-vs-minnesota-timberwolves-20211014", "distance": "1"}
{"url": "https://www.barclayscenter.com/events/detail/brooklyn-nets-vs-minnesota-timberwolves-20211014 ", "distance": "1"}
{"url": "https://www.nba.com/nets/tickets/", "distance": "1"}
{"url": "https://www.barclayscenter.com/events/detail/brooklyn-nets-vs-minnesota-timberwolves-20211014", "distance": "1"}
{"url": "https://www.barclayscenter.com/events/detail/lights-on-festival", "distance": "1"}
{"url": "https://www.barclayscenter.com/events/detail/lights-on-festival", "distance": "1"}
{"url": "https://www.barclayscenter.com/events/detail/lights-on-festival ", "distance": "1"}
{"url": "https://www.ticketmaster.com/lights-on-festival-tickets/artist/2656851?venueId=1288", "distance": "1"}
{"url": "https://www.barclayscenter.com/events/detail/lights-on-festival", "distance": "1"}
{"url": "https://www.barclayscenter.com/events/detail/lights-on-festival ", "distance": "1"}
{"url": "https://www.ticketmaster.com/lights-on-festival-tickets/artist/2656851?venueId=1288", "distance": "1"}
{"url": "https://www.barclayscenter.com/events/detail/lights-on-festival", "distance": "1"}
{"url": "https://www.barclayscenter.com/events/detail/brooklyn-nets-vs-charlotte-hornets-20211024", "distance": "1"}
{"url": "https://www.barclayscenter.com/events/detail/brooklyn-nets-vs-charlotte-hornets-20211024", "distance": "1"}
{"url": "https://www.barclayscenter.com/events/detail/brooklyn-nets-vs-charlotte-hornets-20211024 ", "distance": "1"}
{"url": "https://www.nba.com/nets/tickets/", "distance": "1"}
{"url": "https://www.barclayscenter.com/events/detail/brooklyn-nets-vs-charlotte-hornets-20211024", "distance": "1"}
{"url": "https://www.barclayscenter.com/events/detail/brooklyn-nets-vs-charlotte-hornets-20211024 ", "distance": "1"}
{"url": "https://www.nba.com/nets/tickets/", "distance": "1"}
{"url": "https://www.barclayscenter.com/events/detail/brooklyn-nets-vs-charlotte-hornets-20211024", "distance": "1"}
{"url": "https://www.barclayscenter.com/events/detail/brooklyn-nets-vs-washington-wizards-20211025", "distance": "1"}
{"url": "https://www.barclayscenter.com/events/detail/brooklyn-nets-vs-washington-wizards-20211025", "distance": "1"}
{"url": "https://www.barclayscenter.com/events/detail/brooklyn-nets-vs-washington-wizards-20211025 ", "distance": "1"}
{"url": "https://www.nba.com/nets/tickets/", "distance": "1"}
{"url": "https://www.barclayscenter.com/events/detail/brooklyn-nets-vs-washington-wizards-20211025", "distance": "1"}
{"url": "https://www.barclayscenter.com/events/detail/brooklyn-nets-vs-washington-wizards-20211025 ", "distance": "1"}
{"url": "https://www.nba.com/nets/tickets/", "distance": "1"}
{"url": "https://www.barclayscenter.com/events/detail/brooklyn-nets-vs-washington-wizards-20211025", "distance": "1"}
{"url": "https://www.barclayscenter.com/events/detail/brooklyn-nets-vs-miami-heat-20211027", "distance": "1"}
{"url": "https://www.barclayscenter.com/events/detail/brooklyn-nets-vs-miami-heat-20211027", "distance": "1"}
{"url": "https://www.barclayscenter.com/events/detail/brooklyn-nets-vs-miami-heat-20211027 ", "distance": "1"}
{"url": "https://www.nba.com/nets/tickets/", "distance": "1"}
{"url": "https://www.barclayscenter.com/events/detail/brooklyn-nets-vs-miami-heat-20211027", "distance": "1"}
{"url": "https://www.barclayscenter.com/events/detail/brooklyn-nets-vs-miami-heat-20211027 ", "distance": "1"}
{"url": "https://www.nba.com/nets/tickets/", "distance": "1"}
{"url": "https://www.barclayscenter.com/events/detail/brooklyn-nets-vs-miami-heat-20211027", "distance": "1"}
{"url": "https://www.barclayscenter.com/events", "distance": "1"}
{"url": "https://www.barclayscenter.com/connect-with-us/newsletter-signup", "distance": "1"}
{"url": "https://www.barclayscenter.com/galleries", "distance": "1"}
{"url": "https://www.barclayscenter.com/galleries/detail/2021_nba_draft_20210730", "distance": "1"}
{"url": "http://www.instagram.com/barclayscenter", "distance": "1"}
{"url": "http://www.instagram.com/barclayscenter", "distance": "1"}
{"url": "https://www.instagram.com/p/CTw7LTgLgl_/", "distance": "1"}
{"url": "https://www.instagram.com/p/CTvjaC_tXmM/", "distance": "1"}
{"url": "https://www.instagram.com/p/CTvaYZCFTWr/", "distance": "1"}
{"url": "https://www.instagram.com/p/CTvXAgwrfHd/", "distance": "1"}
{"url": "https://www.instagram.com/p/CTujQSgrttO/", "distance": "1"}
{"url": "https://www.instagram.com/p/CTro03hLMT3/", "distance": "1"}
{"url": "https://www.instagram.com/p/CTpbSJSLt5D/", "distance": "1"}
{"url": "https://www.instagram.com/p/CTpXuu5LsVR/", "distance": "1"}
{"url": "https://www.instagram.com/p/CTe7TWdLMgu/", "distance": "1"}
{"url": "https://www.instagram.com/p/CTXL-A3r1up/", "distance": "1"}
{"url": "https://www.instagram.com/p/CTSPs67IeTW/", "distance": "1"}
{"url": "https://www.instagram.com/p/CTRs2GSILyr/", "distance": "1"}
{"url": "http://www.americanexpress.com", "distance": "1"}
{"url": "http://www.geico.com", "distance": "1"}
{"url": "http://www.honda.com", "distance": "1"}
{"url": "http://www.jetblue.com/", "distance": "1"}
{"url": "http://www.ticketmaster.com", "distance": "1"}
{"url": "https://www.qatarairways.com/en/homepage.html", "distance": "1"}
{"url": "http://www.besttrailstravel.com/", "distance": "1"}
{"url": "https://biosteel.com/", "distance": "1"}
{"url": "https://www.budweiser.com/", "distance": "1"}
{"url": "http://www.dusse.com/", "distance": "1"}
{"url": "http://www.firstresponseamb.com/", "distance": "1"}
{"url": "https://www.firstdata.com/en_br/home.html", "distance": "1"}
{"url": "https://www.jackdaniels.com/en-us", "distance": "1"}
{"url": "http://www.liu.edu/", "distance": "1"}
{"url": "https://www.michelobultra.com/", "distance": "1"}
{"url": "http://www.nathansfamous.com/", "distance": "1"}
{"url": "https://www.nationalgridus.com/Default", "distance": "1"}
{"url": "http://nylottery.ny.gov/", "distance": "1"}
{"url": "https://www.qatarairways.com/en-gb/homepage.html", "distance": "1"}
{"url": "http://www.redbull.com/us/en", "distance": "1"}
{"url": "http://www.sw24.com/", "distance": "1"}
{"url": "https://www.verizon.com/", "distance": "1"}
{"url": "https://www.wbmason.com/", "distance": "1"}
{"url": "https://am.ticketmaster.com/nets1/", "distance": "1"}
{"url": "https://www.barclayscenter.com/events", "distance": "1"}
{"url": "http://www.nba.com/nets", "distance": "1"}
{"url": "https://liberty.wnba.com/", "distance": "1"}
{"url": "https://www.barclayscenter.com/events/group-sales", "distance": "1"}
{"url": "https://www.barclayscenter.com/events/3d-seating", "distance": "1"}
{"url": "https://www.barclayscenter.com/events/2020-21-mobile-ticketing-guide", "distance": "1"}
{"url": "https://www.barclayscenter.com/premium/premium-experiences", "distance": "1"}
{"url": "https://www.barclayscenter.com/premium/loge-box", "distance": "1"}
{"url": "https://www.barclayscenter.com/premium/clubs", "distance": "1"}
{"url": "https://www.barclayscenter.com/center-info/health-safety", "distance": "1"}
{"url": "https://www.barclayscenter.com/center-info/tickets", "distance": "1"}
{"url": "https://www.barclayscenter.com/center-info/arena-lighting-request", "distance": "1"}
{"url": "https://www.barclayscenter.com/center-info/about-us", "distance": "1"}
{"url": "https://www.barclayscenter.com/center-info/barclays-center-cares-overview", "distance": "1"}
{"url": "https://www.barclayscenter.com/center-info/dining", "distance": "1"}
{"url": "https://www.barclayscenter.com/center-info/restaurant-bars", "distance": "1"}
{"url": "https://www.barclayscenter.com/center-info/partners", "distance": "1"}
{"url": "https://www.barclayscenter.com/center-info/a-z-guide", "distance": "1"}
{"url": "https://www.barclayscenter.com/center-info/shops", "distance": "1"}
 "https://www.barclayscenter.com/events/detail/brooklyn-nets-vs-minnesota-timberwolves-20211014", "distance": "1"}
 ":"address: 393 Lewis Av        lyn, N.       {"url": "https://www.barclayscenter.com/getting-here/bus-transportation", "distance": "1"}
{"url": "https://www.barclayscenter.com/getting-here/drop-off-pick-up-instructions", "distance": "1"}
{"url": "https://www.barclayscenter.com/getting-here/entrances", "distance": "1"}
{"url": "https://www.barclayscenter.com/getting-here/parking-garages", "distance": "1"}
{"url": "https://www.barclayscenter.com/getting-here/public-transportation-driving", "distance": "1"}
{"url": "https://www.barclayscenter.com/getting-here/bicycle-parking", "distance": "1"}
{"url": "https://www.barclayscenter.com/supplier-diversity-program/overview/", "distance": "1"}
{"url": "https://www.barclayscenter.com/connect-with-us/careers", "distance": "1"}
{"url": "https://www.barclayscenter.com/connect-with-us/contact-us", "distance": "1"}
{"url": "https://www.barclayscenter.com/connect-with-us/mobile-app", "distance": "1"}
{"url": "https://www.barclayscenter.com/connect-with-us/newsletter-signup", "distance": "1"}
{"url": "http://www.barclayscenter.com/galleries", "distance": "1"}
{"url": "https://www.barclayscenter.com/media-request", "distance": "1"}
{"url": "https://www.barclayscenter.com/connect-with-us/social-media", "distance": "1"}
{"url": "https://brooklyndeep.org/third-rail-eps-62-the-candidates-for-senate-district-25/", "distance": "1"}
{"url": "https://brooklyndeep.org/third-rail-eps-61-the-candidates-for-assembly-district-56-2/", "distance": "1"}
{"url": "https://brooklyndeep.org/third-rail-eps-60-the-candidates-for-assembly-district-57/", "distance": "1"}
{"url": "https://brooklyndeep.org/third-rail-eps-59-the-shifting-black-electorate/", "distance": "1"}
{"url": "https://brooklyndeep.org/third-rail-eps-58-holding-elected-officials-accountable/", "distance": "1"}
{"url": "https://brooklyndeep.org/school-colors-eps-8-on-the-move/", "distance": "1"}
{"url": "https://brooklyndeep.org/school-colors-eps-7-new-kids-on-the-block/", "distance": "1"}
{"url": "https://brooklyndeep.org/school-colors-ep-6-mo-charters-mo-problems/", "distance": "1"}
{"url": "https://brooklyndeep.org/school-colors-ep-5-the-disappearing-district/", "distance": "1"}
{"url": "https://brooklyndeep.org/school-colors-ep-4-agitate-educate-organize/", "distance": "1"}
{"url": "https://brooklyndeep.org/page/2/", "distance": "1"}
{"url": "https://brooklyndeep.org/tag/activism/", "distance": "1"}
{"url": "https://brooklyndeep.org/tag/airbnb/", "distance": "1"}
{"url": "https://brooklyndeep.org/tag/anthonine-pierre/", "distance": "1"}
{"url": "https://brooklyndeep.org/tag/bed-stuy/", "distance": "1"}
{"url": "https://brooklyndeep.org/tag/bedford-stuyvesant/", "distance": "1"}
{"url": "https://brooklyndeep.org/tag/bedford-ave/", "distance": "1"}
{"url": "https://brooklyndeep.org/tag/bklyn-boihood/", "distance": "1"}
{"url": "https://brooklyndeep.org/tag/black/", "distance": "1"}
{"url": "https://brooklyndeep.org/tag/black-jewish-relations/", "distance": "1"}
{"url": "https://brooklyndeep.org/tag/brooklyn/", "distance": "1"}
{"url": "https://brooklyndeep.org/tag/brooklyn-deep/", "distance": "1"}
{"url": "https://brooklyndeep.org/tag/brooklyn-summer/", "distance": "1"}
{"url": "https://brooklyndeep.org/tag/central-brooklyn/", "distance": "1"}
{"url": "https://brooklyndeep.org/tag/charter-schools/", "distance": "1"}
{"url": "https://brooklyndeep.org/tag/citizen-journalism/", "distance": "1"}
{"url": "https://brooklyndeep.org/tag/community-gardens/", "distance": "1"}
{"url": "https://brooklyndeep.org/tag/community-organizing/", "distance": "1"}
{"url": "https://brooklyndeep.org/tag/crown-heights/", "distance": "1"}
{"url": "https://brooklyndeep.org/tag/curtis-caesar-john/", "distance": "1"}
{"url": "https://brooklyndeep.org/tag/district-16/", "distance": "1"}
{"url": "https://brooklyndeep.org/tag/donald-trump/", "distance": "1"}
{"url": "https://brooklyndeep.org/tag/electoral-politics/", "distance": "1"}
{"url": "https://brooklyndeep.org/tag/environmental-justice/", "distance": "1"}
{"url": "https://brooklyndeep.org/tag/gentrification/", "distance": "1"}
{"url": "https://brooklyndeep.org/tag/inside-airbnb/", "distance": "1"}
{"url": "https://brooklyndeep.org/tag/lgbtq/", "distance": "1"}
{"url": "https://brooklyndeep.org/tag/live-show/", "distance": "1"}
{"url": "https://brooklyndeep.org/tag/mark-winston-griffith/", "distance": "1"}
{"url": "https://brooklyndeep.org/tag/media/", "distance": "1"}
{"url": "https://brooklyndeep.org/tag/nyc-public-schools/", "distance": "1"}
{"url": "https://brooklyndeep.org/tag/ocean-hill-brownsville/", "distance": "1"}
{"url": "https://brooklyndeep.org/tag/podcast/", "distance": "1"}
{"url": "https://brooklyndeep.org/tag/police/", "distance": "1"}
{"url": "https://brooklyndeep.org/tag/politics/", "distance": "1"}
{"url": "https://brooklyndeep.org/tag/primary-elections/", "distance": "1"}
{"url": "https://brooklyndeep.org/tag/radio-rookies/", "distance": "1"}
{"url": "https://brooklyndeep.org/tag/rae-gomes/", "distance": "1"}
{"url": "https://brooklyndeep.org/tag/school-colors/", "distance": "1"}
{"url": "https://brooklyndeep.org/tag/state-assembly/", "distance": "1"}
{"url": "https://brooklyndeep.org/tag/tasha-amezcua/", "distance": "1"}
{"url": "https://brooklyndeep.org/tag/teachers-strike/", "distance": "1"}
{"url": "https://brooklyndeep.org/tag/tenant-organizing/", "distance": "1"}
{"url": "https://brooklyndeep.org/tag/theo-moore/", "distance": "1"}
{"url": "https://brooklyndeep.org/tag/third-rail/", "distance": "1"}
{"url": "https://brooklyndeep.org/tag/third-rail-express/", "distance": "1"}
{"url": "http://www.nycommunitytrust.org/", "distance": "1"}
{"url": "http://www.brooklyn.cuny.edu/web/news/bcnews/bcnews_210816.php", "distance": "1"}
{"url": "http://www.brooklyn.cuny.edu/web/news/bcnews/bcnews210809b.php", "distance": "1"}
{"url": "https://brooklyn.news12.com/new-pilot-program-aims-to-prevent-toxic-algae-at-prospect-park-dog-beach", "distance": "1"}
{"url": "https://apps.bklynlibrary.org/donate/?utm_source=website&utm_medium=sitewide-header", "distance": "1"}
{"url": "https://www.bklynlibrary.org/university-open-air", "distance": "1"}
{"url": "https://www.bklynlibrary.org/reach", "distance": "1"}
{"url": "https://brooklynfoundry.com/work/building-better-climate", "distance": "1"}
{"url": "https://brooklynfoundry.com/work/building-better-climate", "distance": "1"}
{"url": "https://brooklynfoundry.com/work/building-better-climate", "distance": "1"}
{"url": "https://brooklynfoundry.com/work/wave-hill", "distance": "1"}
{"url": "https://brooklynfoundry.com/work/wave-hill", "distance": "1"}
{"url": "https://brooklynfoundry.com/work/wave-hill", "distance": "1"}
{"url": "https://brooklynfoundry.com/work/the-obama-foundation", "distance": "1"}
{"url": "https://brooklynfoundry.com/work/the-obama-foundation", "distance": "1"}
{"url": "https://brooklynfoundry.com/work/the-obama-foundation", "distance": "1"}
{"url": "https://brooklynfoundry.com/work/michigan-state-university", "distance": "1"}
{"url": "https://brooklynfoundry.com/work/michigan-state-university", "distance": "1"}
{"url": "https://brooklynfoundry.com/work/michigan-state-university", "distance": "1"}
{"url": "https://brooklynfoundry.com/work/designtex-celliant", "distance": "1"}
{"url": "https://brooklynfoundry.com/work/designtex-celliant", "distance": "1"}
{"url": "https://brooklynfoundry.com/work/designtex-celliant", "distance": "1"}
{"url": "https://brooklynfoundry.com/work", "distance": "1"}
{"url": "https://brooklynfoundry.com/work", "distance": "1"}
{"url": "https://themeforest.net", "distance": "1"}
{"url": "https://codecanyon.net/?auto_signin=true", "distance": "1"}
{"url": "https://videohive.net/?auto_signin=true", "distance": "1"}
{"url": "https://audiojungle.net/?auto_signin=true", "distance": "1"}
{"url": "https://graphicriver.net/?auto_signin=true", "distance": "1"}
{"url": "https://photodune.net/?auto_signin=true", "distance": "1"}
{"url": "https://3docean.net/?auto_signin=true", "distance": "1"}
{"url": "https://elements.envato.com/lp/pm/header/1-1/?utm_campaign=elements_mkt-header_general_14Sept2021&utm_content=tf_header-bar&utm_medium=promos&utm_source=themeforest.net", "distance": "1"}
{"url": "https://themeforest.net/?auto_signin=true", "distance": "1"}
{"url": "https://themeforest.net", "distance": "1"}
{"url": "https://themeforest.net/?auto_signin=true", "distance": "1"}
{"url": "https://codecanyon.net/?auto_signin=true", "distance": "1"}
{"url": "https://videohive.net/?auto_signin=true", "distance": "1"}
{"url": "https://audiojungle.net/?auto_signin=true", "distance": "1"}
{"url": "https://graphicriver.net/?auto_signin=true", "distance": "1"}
{"url": "https://photodune.net/?auto_signin=true", "distance": "1"}
{"url": "https://3docean.net/?auto_signin=true", "distance": "1"}
{"url": "https://themeforest.net/user/UnitedThemes/follow", "distance": "1"}
{"url": "https://www.facebook.com/unitedthemes/", "distance": "1"}
{"url": "https://twitter.com/UnitedThemes/", "distance": "1"}
{"url": "http://helpdesk.unitedthemes.com/", "distance": "1"}
{"url": "https://themeforest.net/item/maine-a-responsive-wordpress-blog-theme-/11306368", "distance": "1"}
{"url": "https://themeforest.net/item/brooklyn-creative-portfolio-page-html/5825007", "distance": "1"}
{"url": "https://themeforest.net/item/trenton-app-starter-landing-page/5729131", "distance": "1"}
{"url": "https://themeforest.net/item/lansing-app-and-landing-page/5683041", "distance": "1"}
{"url": "https://themeforest.net/item/nevada-responsive-html-template/4628282", "distance": "1"}
{"url": "https://help.market.envato.com", "distance": "1"}
{"url": "https://bcorporation.net/directory/envato", "distance": "1"}
