{"url": "https://danbooru.donmai.us/posts?tags=cum", "distance": 0}
{"url": "https://www.indiatoday.in/law/story/ddca-retd-judge-indu-malhotra-ombudsman-cum-ethics-officer-1853248-2021-09-16", "distance": 0}
{"url": "https://www.youporn.com/porntags/cumshot/", "distance": 0}
{"url": "https://pilot.com.au/co-pilot/how-to-cum-more", "distance": 0}
{"url": "https://patch.com/georgia/cumming/5-things-pumpkins-visiting-patches-cumming", "distance": 0}
{"url": "https://hinative.com/en-US/questions/12782667", "distance": 0}
{"url": "https://www.thehomoculture.com/2015/03/26/6-ways-to-have-thicker-tastier-cum/", "distance": 0}
{"url": "http://www.cumlaudegroup.com/", "distance": 0}
{"url": "https://mashable.com/article/cum-sweatshirts-concordia-michigan-merch", "distance": 0}
{"url": "https://en.wiktionary.org/wiki/cum", "distance": 0}
{"url": "https://sports.ndtv.com/cricket/ddca-appoints-retired-judge-indu-malhotra-as-new-ombudsman-cum-ethics-officer-2541431", "distance": 0}
{"url": "https://xhamster.com/categories/cumshot", "distance": 0}
{"url": "https://www.vatican.va/roman_curia/congregations/cfaith/documents/rc_con_cfaith_doc_20200222_decreto-cum-sanctissima_en.html", "distance": 0}
{"url": "https://www.quora.com/Is-it-cum-or-come", "distance": 0}
{"url": "https://childrenandteendental.com/cumming/", "distance": 0}
{"url": "https://etymologeek.com/eng/cum/81901890", "distance": 0}
{"url": "https://www.shabdkosh.com/dictionary/english-hindi/cum/cum-meaning-in-hindi", "distance": 0}
{"url": "https://gay0day.com/videos/45240/my-first-cum-after-9-days-abstinences-creamy-fountain-big/", "distance": 0}
{"url": "https://www.alohatube.com/top/cum", "distance": 0}
{"url": "https://www.nhs.uk/common-health-questions/pregnancy/can-i-get-pregnant-if-i-have-sex-without-penetration/", "distance": 0}
{"url": "https://guystricked.com/category/cum/", "distance": 0}
{"url": "https://www.nationalheraldindia.com/national/former-supreme-court-judge-indu-malhotra-appointed-ddca-ombudsman-cum-ethics-officer", "distance": 0}
{"url": "https://www.digi24.ro/stiri/economie/cum-vor-fi-reduse-facturile-la-energie-statul-va-compensa-18-bani-kwh-la-electricitate-si-25-din-factura-la-gaze-1669383", "distance": 0}
{"url": "https://dictionary.cambridge.org/us/dictionary/english/cum", "distance": 0}
{"url": "https://protecttheresults.com/author/MrCumsTwts", "distance": 0}
{"url": "https://www.facebook.com/345277273000269/posts/10-facts-about-cum-thatll-convert-you-to-a-slutty-swallowing-machineyour-man-or-/414764272718235/", "distance": 0}
{"url": "https://www.xvideos.com/tags/cum", "distance": 0}
{"url": "https://prej.ac/how-to-cum-hands-free-ultimate-guide-to-male-hands-free-orgasm/", "distance": 0}
{"url": "https://fapster.xxx/videos/151800/belle-delphine-big-cum-facial-leaked/", "distance": 0}
{"url": "https://dcc.dickinson.edu/grammar/latin/cum-clauses", "distance": 0}
{"url": "https://gelbooru.com/index.php?page=post&s=list&tags=cum", "distance": 0}
{"url": "https://www.business-standard.com/article/sports/former-sc-judge-indu-malhotra-appointed-ddca-ombudsman-cum-ethics-officer-121091500918_1.html", "distance": 0}
{"url": "http://cookingwithcum.com/", "distance": 0}
{"url": "https://www.indiainfoline.com/article/news-mutual-funds/icici-prudential-medium-term-bond-fund-announces-income-distribution-cum-capital-withdrawal-idcw-121091500374_1.html", "distance": 0}
{"url": "https://www.investopedia.com/terms/c/cumrights.asp", "distance": 0}
{"url": "https://www.collinsdictionary.com/us/dictionary/english/cum", "distance": 0}
{"url": "https://english.stackexchange.com/questions/26488/how-does-one-use-the-latin-word-cum-in-a-sentence", "distance": 0}
{"url": "https://www.wordreference.com/conj/EnVerbs.aspx?v=cum", "distance": 0}
{"url": "https://www.faz.net/aktuell/politik/bundestagswahl/kritik-an-olaf-scholz-wegen-fiu-ermittlung-cum-ex-und-wirecard-17537150.html", "distance": 0}
{"url": "https://www.juve.de/nachrichten/namenundnachrichten/2021/09/cum-ex-erneute-durchsuchung-bei-freshfields", "distance": 0}
{"url": "https://www.xnxx.com/search/cum", "distance": 0}
{"url": "https://slate.com/human-interest/2015/07/come-or-cum-we-ask-the-hard-questions-about-when-to-use-which-sexy-term.html", "distance": 0}
{"url": "https://www.bustle.com/articles/98544-whats-the-difference-between-come-and-cum-plus-4-orgasm-alternatives", "distance": 0}
{"url": "https://femefun.com/videos/51697/her-pussy-was-overflowing-with-cum-because-i-couldn-t-stop-cumming-so-many-times-in-her/", "distance": 0}
{"url": "https://rebelsnotes.com/2019/01/cum-fetish/", "distance": 0}
{"url": "https://www.pornpics.com/cumshot/", "distance": 0}
{"url": "https://www.xvideos5.com/video60096043/shoot_your_hot_cum_inside_my_pussy_4k", "distance": 0}
{"url": "https://www.forsythnews.com/news/business/we-have-found-ideal-spot-first-tenant-cumming-city-center-signs-lease/", "distance": 0}
{"url": "http://www.cumperfection.com/", "distance": 0}
{"url": "https://e621.net/wiki_pages/135", "distance": 0}
{"url": "https://www.kinkly.com/definition/7285/cumming", "distance": 0}
{"url": "https://www.tellerreport.com/news/2021-09-14-fiu--cum-ex--wirecard--what-is-olaf-scholz-accused-of-.H13KFvCzF.html", "distance": 0}
{"url": "https://www.toiletmix.com/scatdesire-eat-my-thick-turd-and-cum.html", "distance": 0}
{"url": "https://www.cumonprintedpics.com/", "distance": 0}
{"url": "https://www.xvideos2.com/tags/cumshot", "distance": 0}
{"url": "https://www.law.com/international-edition/2021/09/15/freshfields-frankfurt-office-searched-yet-again-as-cum-ex-investigation-rumbles-on/", "distance": 0}
{"url": "https://books.google.com/books?id=BSJD-wN4TGsC&pg=RA1-PA375&lpg=RA1-PA375&dq=cum&source=bl&ots=Uzh1C0mz41&sig=ACfU3U2m7s6HYdut01q35u8pNw-FhiD77A&hl=en&sa=X&ved=2ahUKEwiQp8CSioLzAhUDElkFHWRNCVg4eBDoAXoECAIQAw", "distance": 0}
{"url": "https://genius.com/Oblivionfall-after-dark-your-cum-wont-last-lyrics", "distance": 0}
{"url": "https://cumlaudesociety.org/", "distance": 0}
{"url": "https://www.oxfordlearnersdictionaries.com/us/definition/english/cum", "distance": 0}
{"url": "https://knowyourmeme.com/memes/welcome-to-the-cum-zone", "distance": 0}
{"url": "https://www.wordgamedictionary.com/dictionary/word/cum/", "distance": 0}
{"url": "https://horse-cum.net/", "distance": 0}
{"url": "https://saradahentai.com/cum-all-over-samsung-sam-face-by-softshikioni-samsung/", "distance": 0}
{"url": "https://www.cuteboytube.com/search/load-cum", "distance": 0}
{"url": "https://www.cumbuffet.com/", "distance": 0}
{"url": "https://www.cam4.com/tags/female/cum", "distance": 0}
{"url": "https://www.t-mobile.com/stores/pd/t-mobile-cumming-ga-30041-9018/apple-iphone-12", "distance": 0}
{"url": "https://www.xvideos3.com/tags/cum", "distance": 0}
{"url": "https://www.slang.org/cum-meaning-definition/", "distance": 0}
{"url": "https://www.xxxvideos247.com/straight/top/cum.html", "distance": 0}
{"url": "https://neet.nta.nic.in/", "distance": 0}
{"url": "https://www.ippf.org/blogs/what-pre-ejaculatory-fluid-also-known-pre-cum-and-can-it-cause-pregnancy", "distance": 0}
{"url": "https://www.definitions.net/definition/cum", "distance": 0}
{"url": "https://www.amazon.com/Yummy-Cum-Enhancer-Natural-Supplement/dp/B007VMYL78", "distance": 0}
{"url": "https://www.etymonline.com/word/cum", "distance": 0}
{"url": "https://www.dw.com/en/germany-top-court-issues-first-ruling-in-cum-ex-case/a-58669226", "distance": 0}
{"url": "https://www.redtube.com/?search=cum", "distance": 0}
{"url": "https://bad-dragon.com/products/cumlube", "distance": 0}
{"url": "https://chyoa.com/story/Gallons-of-Cum.26875", "distance": 0}
{"url": "https://stronglang.wordpress.com/2015/01/12/come-vs-cum-the-seminal-battle/", "distance": 0}
{"url": "https://es.bab.la/diccionario/ingles-espanol/cum", "distance": 0}
{"url": "https://www.dictionary.com/browse/cum", "distance": 0}
{"url": "https://www.tagalog.com/english-to-tagalog/cum.php", "distance": 0}
{"url": "https://www.wordnik.com/words/cum", "distance": 0}
{"url": "https://www.thefreedictionary.com/cum", "distance": 0}
{"url": "https://rule34.xxx/index.php?page=post&s=list&tags=cum_in_pussy", "distance": 0}
{"url": "https://www.macmillandictionary.com/us/dictionary/american/cum_1", "distance": 0}
{"url": "https://www.indiainfoline.com/article/news-mutual-funds/kotak-gilt-fund-announces-income-distribution-cum-capital-withdrawal-idcw-121091500373_1.html", "distance": 0}
{"url": "https://www.getroman.com/health-guide/what-is-ejaculation/", "distance": 0}
{"url": "https://www.definder.net/CUM/", "distance": 0}
{"url": "https://www.teenageslut.net/video/cum-covered-japanese-teen-tits/", "distance": 0}
{"url": "https://www.wordwebonline.com/en/CUM", "distance": 0}
{"url": "https://books.google.com/books?id=vAAKPQbutgQC&pg=PA716&lpg=PA716&dq=cum&source=bl&ots=PZ6q5rkAJg&sig=ACfU3U3DQgePFlYgs-iBmohZeBdXFR6eLg&hl=en&sa=X&ved=2ahUKEwiQp8CSioLzAhUDElkFHWRNCVg4eBDoAXoECAMQAw", "distance": 0}
{"url": "https://www.handelsblatt.com/finanzen/banken-versicherungen/cum-ex/cum-ex-skandal-vierte-razzia-bei-top-kanzlei-freshfields-bruckhaus-deringer-/27611134.html", "distance": 0}
{"url": "https://www.focus.de/politik/deutschland/bundestagswahl/rolle-im-skandal-der-warburg-bank-brisantes-cum-ex-protokoll-wird-freigegeben-scholz-kurz-vor-der-wahl-wieder-im-finanzskandal_id_23692127.html", "distance": 0}
{"url": "https://www.bild.de/politik/inland/politik-inland/tag-der-wahrheit-im-finanzausschuss-wie-peinlich-werden-die-cum-ex-protokolle-fu-77680962.bild.html", "distance": 0}
{"url": "https://bookshop.org/books/cum/9781946775719", "distance": 0}
{"url": "https://chaturbate.com/tag/cum/", "distance": 0}
{"url": "https://www.reddit.com/r/cum/", "distance": 0}
{"url": "https://www.vanityfair.com/style/2021/09/sarah-paulson-paris-hilton-fashion-week-saks-lavenue", "distance": 0}
{"url": "https://xhamster.desi/categories/creampie", "distance": 0}
{"url": "https://anyporn.com/categories/cumshot/", "distance": 0}
{"url": "https://docs.microsoft.com/answers/questions/542443/show-notification-for-ms-teams-personal-app-cum-sh.html", "distance": 0}
{"url": "https://youngmenshealthsite.org/askus/what-is-cum/", "distance": 0}
{"url": "https://archiveofourown.org/works/33900766", "distance": 0}
{"url": "https://en.wikipedia.org/wiki/Cum", "distance": 0}
{"url": "https://www.xnxx.tv/search/cumshot", "distance": 0}
{"url": "https://twitter.com/cum2art?lang=en", "distance": 0}
{"url": "https://chicagoreader.com/columns-opinion/when-to-use-come-and-cum-in-a-sentence/", "distance": 0}
{"url": "https://www.youtube.com/watch?v=j0lN0w5HVT8", "distance": 0}
{"url": "https://www.esma.europa.eu/press-news/esma-news/esma-delivers-statement-cum-excum-cum-ep-subcommittee-tax-matters", "distance": 0}
{"url": "https://www.dailypioneer.com/2021/india/4-life-convicts-get-7-years----jail-term-in-2009-abduction-cum-murder-case-in-muzaffarnagar.html", "distance": 0}
{"url": "https://www.mid-day.com/mumbai/mumbai-news/article/money-dispute-behind-sakinaka-rape-cum-murder-mumbai-police-23192160", "distance": 0}
{"url": "https://wordtype.org/of/cum", "distance": 0}
{"url": "https://timesofindia.indiatimes.com/sports/cricket/news/former-supreme-court-judge-indu-malhotra-appointed-ddca-ombudsman-cum-ethics-officer/articleshow/86228666.cms", "distance": 0}
{"url": "https://www.cosmopolitan.com/uk/love-sex/sex/tips/a12117/how-to-orgasm/", "distance": 0}
{"url": "https://www.glossophilia.org/2021/03/the-language-of-sex-come-one-come-all/", "distance": 0}
{"url": "https://books.google.com/books?id=g9YkuzXILdcC&pg=PA678&lpg=PA678&dq=cum&source=bl&ots=DV4vF4pGza&sig=ACfU3U2d7uYtFXTguPNPTbFTv6nSegSdXg&hl=en&sa=X&ved=2ahUKEwjV_OqRioLzAhVsEVkFHUJnAOk4bhDoAXoECAwQAw", "distance": 0}
{"url": "https://www.ldoceonline.com/dictionary/cum", "distance": 0}
{"url": "https://www.loverslab.com/files/file/11293-stoc-ww-cum-replacer/", "distance": 0}
{"url": "https://www.cityofcumming.net/", "distance": 0}
{"url": "https://www.freethesaurus.com/cum", "distance": 0}
{"url": "https://www.news9live.com/sports/former-supreme-court-judge-indu-malhotra-appointed-ddca-ombudsman-cum-ethics-officer-320270.html", "distance": 0}
{"url": "https://www.audioenglish.org/dictionary/cum.htm", "distance": 0}
{"url": "https://www.healthline.com/health/healthy-sex/can-you-get-pregnant-from-precum", "distance": 0}
{"url": "https://grammarist.com/usage/cum/", "distance": 0}
{"url": "https://www.powerthesaurus.org/cum/synonyms", "distance": 0}
{"url": "http://cum-nice.org/", "distance": 0}
{"url": "https://www.academicapparel.com/caps/cum-laude.html", "distance": 0}
{"url": "https://www.youjizz.com/tags/cum-1.html", "distance": 0}
{"url": "https://www.wordhippo.com/what-is/the-plural-of/cum.html", "distance": 0}
{"url": "https://www.flickr.com/photos/tags/cum/", "distance": 0}
{"url": "https://www.hindustantimes.com/cricket/ddca-appoints-retd-judge-indu-malhotra-as-new-ombudsman-cum-ethics-officer-101631693980433.html", "distance": 0}
{"url": "https://m.interglot.com/en/nl/cum", "distance": 0}
{"url": "https://www.urbandictionary.com/define.php?term=Cum", "distance": 0}
{"url": "https://indianexpress.com/article/sports/cricket/former-supreme-court-judge-indu-malhotra-appointed-ddca-ombudsman-cum-ethics-officer-7510703/", "distance": 0}
{"url": "https://www.lexico.com/en/definition/cum", "distance": 0}
{"url": "https://uniocc.com/", "distance": 0}
{"url": "https://www.learnersdictionary.com/definition/cum", "distance": 0}
{"url": "https://www.pornhat.com/video/4942/cum-in-my-temple/", "distance": 0}
{"url": "https://www.pornhub.com/video/search?search=cum", "distance": 0}
{"url": "https://www.zeebiz.com/education/news-neet-bill-seeking-exemption-for-tamil-nadu-from-national-eligibility-cum-entrance-test-tabled-in-assembly-165037", "distance": 0}
{"url": "https://www.sfweekly.com/culture/sex/when-cum-is-your-love-drug/", "distance": 0}
{"url": "https://open.spotify.com/track/2Mf7bd1QURmFyQCZTsMPjI", "distance": 0}
{"url": "https://www.howcumpodcast.com/", "distance": 0}
{"url": "http://www.latin-dictionary.net/search/latin/cum", "distance": 0}
{"url": "https://registrar.umd.edu/current/Policies/latinhonors.html", "distance": 0}
{"url": "https://www.xxxlucah.com/video/6366/horse-cum-on-girl/", "distance": 0}
{"url": "https://www.merriam-webster.com/dictionary/cum", "distance": 0}
{"url": "https://www.chicagohumanities.org/events/alan-cumming/", "distance": 0}
{"url": "https://www.thehindu.com/news/national/tamil-nadu/govt-will-continue-to-investigate-the-kodanad-heist-cum-murder-case-stalin/article36444199.ece", "distance": 0}
{"url": "https://www.timesnownews.com/sports/cricket/article/retired-judge-indu-malhotra-appointed-as-new-ombudsman-cum-ethics-officer-by-ddca/812241", "distance": 0}
{"url": "https://www.plannedparenthood.org/learn/teens/ask-experts/can-pre-cum-get-you-pregnant", "distance": 0}
{"url": "https://www.oxfordreference.com/view/10.1093/oi/authority.20110803095652969", "distance": 0}
{"url": "https://www.westword.com/storyhub/best-sperm-volume-pills-top-5", "distance": 0}
{"url": "https://www.rahmanravelli.co.uk/articles/cum-ex/", "distance": 0}
{"url": "https://books.google.com/books?id=2oMLAAAAIAAJ&pg=PA32&lpg=PA32&dq=cum&source=bl&ots=zMaXPpAzlw&sig=ACfU3U0-3Qn4DKjOL45dGJS5rqwZgI06aA&hl=en&sa=X&ved=2ahUKEwjV_OqRioLzAhVsEVkFHUJnAOk4bhDoAXoECAIQAw", "distance": 0}
{"url": "https://www.cum.md/", "distance": 0}
{"url": "https://melmagazine.com/en-us/story/what-does-semen-taste-like-cum-ingredients", "distance": 0}
{"url": "https://www.facebook.com/sharer/sharer.php?u=https://patch.com/georgia/cumming/5-things-pumpkins-visiting-patches-cumming%3Futm_source%3Dfacebook%26utm_medium%3Dweb%26utm_campaign%3Dshare", "distance": "1"}
{"url": "https://twitter.com/intent/tweet?text=5%20Things%20About%20Pumpkins%20Before%20Visiting%20Patches%20In%20Cumming&url=https://patch.com/georgia/cumming/5-things-pumpkins-visiting-patches-cumming%3Futm_source%3Dtwitter%26utm_medium%3Dweb%26utm_campaign%3Dshare", "distance": "1"}
{"url": "https://www.linkedin.com/shareArticle?mini=true&url=https://patch.com/georgia/cumming/5-things-pumpkins-visiting-patches-cumming%3Futm_source%3Dlinkedin%26utm_medium%3Dweb%26utm_campaign%3Dshare", "distance": "1"}
{"url": "http://www.reddit.com/submit?title=5%20Things%20About%20Pumpkins%20Before%20Visiting%20Patches%20In%20Cumming&url=https://patch.com/georgia/cumming/5-things-pumpkins-visiting-patches-cumming%3Futm_source%3Dreddit%26utm_medium%3Dweb%26utm_campaign%3Dshare", "distance": "1"}
{"url": "https://apps.apple.com/us/app/patch-local-news/id430049632", "distance": "1"}
{"url": "https://play.google.com/store/apps/details?id=com.patchmedia.android&hl=en_US", "distance": "1"}
{"url": "https://go.onelink.me/v1xd?pid=Patch&c=Mobile%20Footer&af_web_dp=https%3A%2F%2Fring.com%2Fneighbors", "distance": "1"}
{"url": "https://go.onelink.me/v1xd?pid=Patch&c=Mobile%20Footer&af_web_dp=https%3A%2F%2Fring.com%2Fneighbors", "distance": "1"}
{"url": "https://mashable.com", "distance": "1"}
{"url": "https://mashable.com/tech", "distance": "1"}
{"url": "https://mashable.com/life", "distance": "1"}
{"url": "https://mashable.com/category/social-good", "distance": "1"}
{"url": "https://mashable.com/entertainment", "distance": "1"}
{"url": "https://mashable.com/newsletters", "distance": "1"}
{"url": "https://mashable.com/category/apps-and-software", "distance": "1"}
{"url": "https://mashable.com/category/cybersecurity", "distance": "1"}
{"url": "https://mashable.com/category/mobile", "distance": "1"}
{"url": "https://mashable.com/category/smart-home", "distance": "1"}
{"url": "https://mashable.com/category/social-media", "distance": "1"}
{"url": "https://mashable.com/category/space", "distance": "1"}
{"url": "https://mashable.com/category/tech-industry", "distance": "1"}
{"url": "https://mashable.com/category/transportation", "distance": "1"}
{"url": "https://mashable.com/tech", "distance": "1"}
{"url": "https://mashable.com/category/digital-culture", "distance": "1"}
{"url": "https://mashable.com/category/family-parenting", "distance": "1"}
{"url": "https://mashable.com/category/health-wellness", "distance": "1"}
{"url": "https://mashable.com/category/sex-dating-relationships", "distance": "1"}
{"url": "https://mashable.com/life", "distance": "1"}
{"url": "https://mashable.com/category/activism", "distance": "1"}
{"url": "https://mashable.com/category/climate-change", "distance": "1"}
{"url": "https://mashable.com/category/gender", "distance": "1"}
{"url": "https://mashable.com/category/lgbtq", "distance": "1"}
{"url": "https://mashable.com/category/mental-health", "distance": "1"}
{"url": "https://mashable.com/category/racism", "distance": "1"}
{"url": "https://mashable.com/category/sustainability", "distance": "1"}
{"url": "https://mashable.com/category/social-good", "distance": "1"}
{"url": "https://mashable.com/category/games", "distance": "1"}
{"url": "https://mashable.com/category/movies", "distance": "1"}
{"url": "https://mashable.com/category/podcasts", "distance": "1"}
{"url": "https://mashable.com/category/tv-shows", "distance": "1"}
{"url": "https://mashable.com/entertainment", "distance": "1"}
{"url": "https://mashable.com/category/online-learning", "distance": "1"}
{"url": "https://mashable.com/category/house-home", "distance": "1"}
{"url": "https://mashable.com/category/dating", "distance": "1"}
{"url": "https://mashable.com/category/apps-and-software", "distance": "1"}
{"url": "https://shop.mashable.com/", "distance": "1"}
{"url": "https://mashable.com/shopping", "distance": "1"}
{"url": "https://mashable.com/reviews", "distance": "1"}
{"url": "https://mashable.com/newsletters", "distance": "1"}
{"url": "https://mashable.com/videos", "distance": "1"}
{"url": "https://www.facebook.com/sharer.php?u=https%3A%2F%2Fmashable.com%2Farticle%2Fcum-sweatshirts-concordia-michigan-merch", "distance": "1"}
{"url": "https://twitter.com/intent/tweet?url=https%3A%2F%2Fmashable.com%2Farticle%2Fcum-sweatshirts-concordia-michigan-merch&text=University+apparel+emblazoned+with+%27CUM%27+is+a+chaotic+internet+mystery", "distance": "1"}
{"url": "https://share.flipboard.com/bookmarklet/popout?v=2&url=https%3A%2F%2Fmashable.com%2Farticle%2Fcum-sweatshirts-concordia-michigan-merch&title=University+apparel+emblazoned+with+%27CUM%27+is+a+chaotic+internet+mystery", "distance": "1"}
{"url": "https://mashable.com", "distance": "1"}
{"url": "https://www.facebook.com/sharer.php?u=", "distance": "1"}
{"url": "https://twitter.com/home?status=vatican.va:%0A", "distance": "1"}
{"url": "https://plus.google.com/share?url=", "distance": "1"}
{"url": "https://www.thehomoculture.com/category/lgbt/coming_out/", "distance": "1"}
{"url": "https://www.thehomoculture.com/category/lgbt/lgbtq_days_of_awareness/", "distance": "1"}
{"url": "https://www.thehomoculture.com/homoculture-dictionary/", "distance": "1"}
{"url": "https://www.thehomoculture.com/category/lgbt/drag-dish/", "distance": "1"}
{"url": "https://www.thehomoculture.com/category/lgbt/equality_rights/", "distance": "1"}
{"url": "https://www.thehomoculture.com/friendsofhomoculture/", "distance": "1"}
{"url": "https://www.thehomoculture.com/category/lgbt/gay_culture/", "distance": "1"}
{"url": "https://www.thehomoculture.com/2021/09/13/5-wedding-gifts-every-gay-couple-would-adore/", "distance": "1"}
{"url": "https://www.thehomoculture.com/2021/09/13/5-wedding-gifts-every-gay-couple-would-adore/", "distance": "1"}
{"url": "https://www.thehomoculture.com/2021/09/08/abba-is-reuniting-for-the-show-of-a-lifetime/", "distance": "1"}
{"url": "https://www.thehomoculture.com/2021/09/08/abba-is-reuniting-for-the-show-of-a-lifetime/", "distance": "1"}
{"url": "https://www.thehomoculture.com/2021/09/07/night-of-the-living-drag-tickets-on-sale-now-for-a-bone-chilling-event-featuring-rupaul-drag-race-queens/", "distance": "1"}
{"url": "https://www.thehomoculture.com/2021/09/07/night-of-the-living-drag-tickets-on-sale-now-for-a-bone-chilling-event-featuring-rupaul-drag-race-queens/", "distance": "1"}
{"url": "https://www.thehomoculture.com/category/lgbt/", "distance": "1"}
{"url": "https://www.thehomoculture.com/category/lgbt_travel/canada/", "distance": "1"}
{"url": "https://www.thehomoculture.com/category/lgbt_travel/europe/", "distance": "1"}
{"url": "https://www.thehomoculture.com/category/lgbt_travel/mexico/", "distance": "1"}
{"url": "https://www.thehomoculture.com/category/lgbt_travel/other_destinations/", "distance": "1"}
{"url": "https://www.thehomoculture.com/category/lgbt_travel/unitedkingdom/", "distance": "1"}
{"url": "https://www.thehomoculture.com/category/lgbt_travel/usa_travel/", "distance": "1"}
{"url": "https://www.thehomoculture.com/category/lgbt_travel/travel_tips/", "distance": "1"}
{"url": "https://www.thehomoculture.com/2021/08/10/canada-opens-the-us-border-and-now-fully-vaccinated-americans-can-plan-to-attend-these-gay-pride-events-and-festivals-this-summer/", "distance": "1"}
{"url": "https://www.thehomoculture.com/2021/08/10/canada-opens-the-us-border-and-now-fully-vaccinated-americans-can-plan-to-attend-these-gay-pride-events-and-festivals-this-summer/", "distance": "1"}
{"url": "https://www.thehomoculture.com/2021/05/29/10-lgbtq-monuments-you-need-to-visit-when-its-safe-to-travel-again/", "distance": "1"}
{"url": "https://www.thehomoculture.com/2021/05/29/10-lgbtq-monuments-you-need-to-visit-when-its-safe-to-travel-again/", "distance": "1"}
{"url": "https://www.thehomoculture.com/2021/03/23/best-and-worst-countries-for-lgbtq-travel-post-covid/", "distance": "1"}
{"url": "https://www.thehomoculture.com/2021/03/23/best-and-worst-countries-for-lgbtq-travel-post-covid/", "distance": "1"}
{"url": "https://www.thehomoculture.com/category/lgbt_travel/", "distance": "1"}
{"url": "https://www.thehomoculture.com/category/lgbt_pride/celebrate_pride/", "distance": "1"}
{"url": "https://www.thehomoculture.com/category/lgbt_pride/circuitparties/", "distance": "1"}
{"url": "https://www.thehomoculture.com/category/lgbt_pride/gay-nightlife/", "distance": "1"}
{"url": "https://www.thehomoculture.com/category/lgbt_pride/pride/", "distance": "1"}
{"url": "https://www.thehomoculture.com/2021/08/03/introducing-queertopia-campout/", "distance": "1"}
{"url": "https://www.thehomoculture.com/2021/08/03/introducing-queertopia-campout/", "distance": "1"}
{"url": "https://www.thehomoculture.com/2021/07/24/fairmont-hotels-in-vancouver-celebrate-and-give-back-during-vancouver-pride/", "distance": "1"}
{"url": "https://www.thehomoculture.com/2021/07/24/fairmont-hotels-in-vancouver-celebrate-and-give-back-during-vancouver-pride/", "distance": "1"}
{"url": "https://www.thehomoculture.com/2021/07/20/van-vogue-jam-and-vancouver-pride-bring-together-ballroom-scenes-from-across-the-globe/", "distance": "1"}
{"url": "https://www.thehomoculture.com/2021/07/20/van-vogue-jam-and-vancouver-pride-bring-together-ballroom-scenes-from-across-the-globe/", "distance": "1"}
{"url": "https://www.thehomoculture.com/category/lgbt_pride/", "distance": "1"}
{"url": "https://www.thehomoculture.com/lgbt-news-media/", "distance": "1"}
{"url": "https://www.thehomoculture.com/category/news/lgbt-news-and-politics/", "distance": "1"}
{"url": "https://www.thehomoculture.com/category/news/politics/", "distance": "1"}
{"url": "https://www.thehomoculture.com/2021/08/31/gay-bisexual-men-earn-thousands-less-than-straight-men-study/", "distance": "1"}
{"url": "https://www.thehomoculture.com/2021/08/31/gay-bisexual-men-earn-thousands-less-than-straight-men-study/", "distance": "1"}
{"url": "https://www.thehomoculture.com/2021/08/24/as-afghanistan-crumbles-its-lgbtq-members-grapple-for-safety/", "distance": "1"}
{"url": "https://www.thehomoculture.com/2021/08/24/as-afghanistan-crumbles-its-lgbtq-members-grapple-for-safety/", "distance": "1"}
{"url": "https://www.thehomoculture.com/2021/07/29/gay-community-calls-on-government-to-end-poppers-ban-in-canada/", "distance": "1"}
{"url": "https://www.thehomoculture.com/2021/07/29/gay-community-calls-on-government-to-end-poppers-ban-in-canada/", "distance": "1"}
{"url": "https://www.thehomoculture.com/category/news/", "distance": "1"}
{"url": "https://www.thehomoculture.com/category/the-arts/fashion-2/", "distance": "1"}
{"url": "https://www.thehomoculture.com/category/the-arts/lgbt_movies_television/", "distance": "1"}
{"url": "https://www.thehomoculture.com/category/the-arts/music-2/", "distance": "1"}
{"url": "https://www.thehomoculture.com/category/the-arts/queer_literature/", "distance": "1"}
{"url": "https://www.thehomoculture.com/category/the-arts/arts-and-culture/", "distance": "1"}
{"url": "https://www.thehomoculture.com/2021/09/14/whats-gay-on-tv-in-fall-2021/", "distance": "1"}
{"url": "https://www.thehomoculture.com/2021/09/14/whats-gay-on-tv-in-fall-2021/", "distance": "1"}
{"url": "https://www.thehomoculture.com/2021/09/12/fashion-trends-for-fall-2021/", "distance": "1"}
{"url": "https://www.thehomoculture.com/2021/09/12/fashion-trends-for-fall-2021/", "distance": "1"}
{"url": "https://www.thehomoculture.com/2021/09/06/leather-card-wallets-by-nomad-contest/", "distance": "1"}
{"url": "https://www.thehomoculture.com/2021/09/06/leather-card-wallets-by-nomad-contest/", "distance": "1"}
{"url": "https://www.thehomoculture.com/category/the-arts/", "distance": "1"}
{"url": "https://www.thehomoculture.com/category/life-leisure/coolcars/", "distance": "1"}
{"url": "https://www.thehomoculture.com/category/life-leisure/cooking-and-entertaining/", "distance": "1"}
{"url": "https://www.thehomoculture.com/category/life-leisure/style-with-design/", "distance": "1"}
{"url": "https://www.thehomoculture.com/category/life-leisure/parenting/", "distance": "1"}
{"url": "https://www.thehomoculture.com/category/life-leisure/sports/", "distance": "1"}
{"url": "https://www.thehomoculture.com/category/life-leisure/techtalks/", "distance": "1"}
{"url": "https://www.thehomoculture.com/2021/08/19/where-is-my-mommy-a-conversation-guide-for-same-sex-dads/", "distance": "1"}
{"url": "https://www.thehomoculture.com/2021/08/19/where-is-my-mommy-a-conversation-guide-for-same-sex-dads/", "distance": "1"}
{"url": "https://www.thehomoculture.com/2021/08/11/2020-tokyo-summer-games-are-the-rainbow-olympics-for-the-records/", "distance": "1"}
{"url": "https://www.thehomoculture.com/2021/08/11/2020-tokyo-summer-games-are-the-rainbow-olympics-for-the-records/", "distance": "1"}
{"url": "https://www.thehomoculture.com/2021/07/19/lgbt-pro-athletes-coming-out-means-more-representation/", "distance": "1"}
{"url": "https://www.thehomoculture.com/2021/07/19/lgbt-pro-athletes-coming-out-means-more-representation/", "distance": "1"}
{"url": "https://www.thehomoculture.com/category/life-leisure/", "distance": "1"}
{"url": "https://www.thehomoculture.com/category/food-drink/cocktail-of-the-week/", "distance": "1"}
{"url": "https://www.thehomoculture.com/category/food-drink/12-stoli-cocktails-of-christmas/", "distance": "1"}
{"url": "https://www.thehomoculture.com/category/food-drink/stoli-pride-cocktails/", "distance": "1"}
{"url": "https://www.thehomoculture.com/category/food-drink/restaurants/", "distance": "1"}
{"url": "https://www.thehomoculture.com/category/food-drink/wine-101/", "distance": "1"}
{"url": "https://www.thehomoculture.com/2021/09/10/boulevardier/", "distance": "1"}
{"url": "https://www.thehomoculture.com/2021/09/10/boulevardier/", "distance": "1"}
{"url": "https://www.thehomoculture.com/2021/09/03/mint-chip-cocktail/", "distance": "1"}
{"url": "https://www.thehomoculture.com/2021/09/03/mint-chip-cocktail/", "distance": "1"}
{"url": "https://www.thehomoculture.com/2021/08/27/summer-sweet-tea-cocktail/", "distance": "1"}
{"url": "https://www.thehomoculture.com/2021/08/27/summer-sweet-tea-cocktail/", "distance": "1"}
{"url": "https://www.thehomoculture.com/category/food-drink/", "distance": "1"}
{"url": "https://www.thehomoculture.com/category/love-sex/porn-stars/", "distance": "1"}
{"url": "https://www.thehomoculture.com/category/love-sex/adult-toys/", "distance": "1"}
{"url": "https://www.thehomoculture.com/category/love-sex/dating_advice/", "distance": "1"}
{"url": "https://www.thehomoculture.com/category/love-sex/hooking_up/", "distance": "1"}
{"url": "https://www.thehomoculture.com/category/love-sex/kink/", "distance": "1"}
{"url": "https://www.thehomoculture.com/category/love-sex/relationshipadvice/", "distance": "1"}
{"url": "https://www.thehomoculture.com/category/love-sex/greatsex/", "distance": "1"}
{"url": "https://www.thehomoculture.com/2021/09/01/7-tell-tale-signs-you-need-to-breakup-with-your-boyfriend/", "distance": "1"}
{"url": "https://www.thehomoculture.com/2021/09/01/7-tell-tale-signs-you-need-to-breakup-with-your-boyfriend/", "distance": "1"}
{"url": "https://www.thehomoculture.com/2021/08/28/popperbating-the-best-replacement-for-sex/", "distance": "1"}
{"url": "https://www.thehomoculture.com/2021/08/28/popperbating-the-best-replacement-for-sex/", "distance": "1"}
{"url": "https://www.thehomoculture.com/2021/08/26/7-important-things-to-do-before-your-hookup-comes-over/", "distance": "1"}
{"url": "https://www.thehomoculture.com/2021/08/26/7-important-things-to-do-before-your-hookup-comes-over/", "distance": "1"}
{"url": "https://www.thehomoculture.com/category/love-sex/", "distance": "1"}
{"url": "https://www.thehomoculture.com/category/health/fitness/", "distance": "1"}
{"url": "https://www.thehomoculture.com/category/health/grooming/", "distance": "1"}
{"url": "https://www.thehomoculture.com/category/health/mental-health/", "distance": "1"}
{"url": "https://www.thehomoculture.com/category/health/sex_health/", "distance": "1"}
{"url": "https://www.thehomoculture.com/2021/09/09/stay-safe-with-these-10-things-to-know-about-hiv-aids/", "distance": "1"}
{"url": "https://www.thehomoculture.com/2021/09/09/stay-safe-with-these-10-things-to-know-about-hiv-aids/", "distance": "1"}
{"url": "https://www.thehomoculture.com/2021/08/16/the-lgbtq-community-is-silently-struggling-with-eating-disorders/", "distance": "1"}
{"url": "https://www.thehomoculture.com/2021/08/16/the-lgbtq-community-is-silently-struggling-with-eating-disorders/", "distance": "1"}
{"url": "https://www.thehomoculture.com/2021/08/12/gay-loneliness-is-the-silent-epidemic-facing-the-queer-community/", "distance": "1"}
{"url": "https://www.thehomoculture.com/2021/08/12/gay-loneliness-is-the-silent-epidemic-facing-the-queer-community/", "distance": "1"}
{"url": "https://www.thehomoculture.com/category/health/", "distance": "1"}
{"url": "https://www.thehomoculture.com/homoculture-tour/", "distance": "1"}
{"url": "https://www.thehomoculture.com/homoculture-tour/", "distance": "1"}
{"url": "https://www.thehomoculture.com/2021/08/05/sex-and-marijuana-tips-for-a-mind-blowing-experience/", "distance": "1"}
{"url": "https://www.thehomoculture.com/2021/08/05/sex-and-marijuana-tips-for-a-mind-blowing-experience/", "distance": "1"}
{"url": "https://www.thehomoculture.com/author/simonmaina/", "distance": "1"}
{"url": "https://www.thehomoculture.com/2021/08/05/sex-and-marijuana-tips-for-a-mind-blowing-experience/#comments", "distance": "1"}
{"url": "https://www.thehomoculture.com/2021/06/23/dont-be-unprepared-learn-the-importance-of-inclusive-sex-education/", "distance": "1"}
{"url": "https://www.thehomoculture.com/2021/06/23/dont-be-unprepared-learn-the-importance-of-inclusive-sex-education/", "distance": "1"}
{"url": "https://www.thehomoculture.com/author/brwebb/", "distance": "1"}
{"url": "https://www.thehomoculture.com/2021/06/23/dont-be-unprepared-learn-the-importance-of-inclusive-sex-education/#comments", "distance": "1"}
{"url": "https://www.thehomoculture.com/2021/04/21/7-queer-sex-myths-you-should-stop-believing/", "distance": "1"}
{"url": "https://www.thehomoculture.com/2021/04/21/7-queer-sex-myths-you-should-stop-believing/", "distance": "1"}
{"url": "https://www.thehomoculture.com/author/brwebb/", "distance": "1"}
{"url": "https://www.thehomoculture.com/2021/04/21/7-queer-sex-myths-you-should-stop-believing/#comments", "distance": "1"}
{"url": "https://www.instagram.com/p/CT2eZnZPpam/", "distance": "1"}
{"url": "http://lip.go2cloud.org/aff_c?offer_id=2&aff_id=61&source=HomoCulture&url_id=376&file_id=1584", "distance": "1"}
{"url": "https://www.thehomoculture.com", "distance": "1"}
{"url": "https://twitter.com/youporn", "distance": "1"}
{"url": "https://www.snapchat.com/add/officialyouporn", "distance": "1"}
{"url": "https://www.instagram.com/jedyvales", "distance": "1"}
{"url": "https://www.facebook.com/officialyouporn/", "distance": "1"}
{"url": "https://www.youtube.com/c/YouPornOfficial", "distance": "1"}
{"url": "https://www.youporngay.com/", "distance": "1"}
{"url": "https://www.localmed.com/offices/cebddf7d-da15-412b-a5c3-a2440606a59e/widget/?chrome=&hidePartnerLogo=true&partnerId=&referringWidgetId=bd436bc5-97fc-4c1d-aa0a-377f701866c2&scheduling=in_widget&utm_campaign=modal_widget&utm_content=Cumming&utm_medium=widget&utm_source=www.childrenandteendental.com&patientStatusId=new&reasonForVisitId=&after=2021-08-23&minDate=2021-08-23&", "distance": "1"}
{"url": "https://www.localmed.com/offices/cebddf7d-da15-412b-a5c3-a2440606a59e/widget/?chrome=&hidePartnerLogo=true&partnerId=&referringWidgetId=bd436bc5-97fc-4c1d-aa0a-377f701866c2&scheduling=in_widget&utm_campaign=modal_widget&utm_content=Cumming&utm_medium=widget&utm_source=www.childrenandteendental.com&patientStatusId=new&reasonForVisitId=&after=2021-08-23&minDate=2021-08-23&", "distance": "1"}
{"url": "https://www.localmed.com/offices/cebddf7d-da15-412b-a5c3-a2440606a59e/widget/?chrome=&hidePartnerLogo=true&partnerId=&referringWidgetId=bd436bc5-97fc-4c1d-aa0a-377f701866c2&scheduling=in_widget&utm_campaign=modal_widget&utm_content=Cumming&utm_medium=widget&utm_source=www.childrenandteendental.com&patientStatusId=new&reasonForVisitId=&after=2021-08-30&minDate=2021-08-30", "distance": "1"}
{"url": "https://childrenandteendental.com/cumming/cleaning-special/", "distance": "1"}
{"url": "https://childrenandteendental.com/cumming/pediatric-dentistry-learning-center/", "distance": "1"}
{"url": "https://childrenandteendental.com/cumming/sedation-dentistry-learning-center/", "distance": "1"}
{"url": "https://www.localmed.com/offices/cebddf7d-da15-412b-a5c3-a2440606a59e/widget/?chrome=&hidePartnerLogo=true&partnerId=&referringWidgetId=bd436bc5-97fc-4c1d-aa0a-377f701866c2&scheduling=in_widget&utm_campaign=modal_widget&utm_content=Cumming&utm_medium=widget&utm_source=www.childrenandteendental.com&patientStatusId=new&reasonForVisitId=&after=2021-08-23&minDate=2021-08-23&", "distance": "1"}
{"url": "https://www.localmed.com/offices/b33cdbf1-e6c2-4d7c-a432-c195eb28e24c/widget/?chrome=&hidePartnerLogo=true&partnerId=&referringWidgetId=3fc3cefd-1789-4e53-aff9-f64782154d6c&scheduling=in_widget&utm_campaign=modal_widget&utm_content=Suwanee&utm_medium=widget&utm_source=www.childrenandteendental.com&patientStatusId=new&reasonForVisitId=&after=2021-09-09&minDate=2021-09-09&", "distance": "1"}
{"url": "https://sports.ndtv.com/tennis/rafael-nadal-ready-for-difficult-recovery-from-foot-injury-2542326", "distance": "1"}
{"url": "https://sports.ndtv.com/football/double-blow-for-barcelona-as-pedri-and-jordi-alba-injured-2542308", "distance": "1"}
{"url": "https://sports.ndtv.com/cricket/england-could-boycott-ashes-down-under-due-to-strict-bubble-life-report-2542285", "distance": "1"}
{"url": "https://sports.ndtv.com/othersports/wada-chief-presses-russia-on-new-leadership-reforms-in-sports-2542177", "distance": "1"}
{"url": "https://sports.ndtv.com/hindi", "distance": "1"}
{"url": "https://sports.ndtv.com/cricket", "distance": "1"}
{"url": "https://sports.ndtv.com/ipl-2021", "distance": "1"}
{"url": "https://sports.ndtv.com/ipl-2021/schedules-fixtures", "distance": "1"}
{"url": "https://sports.ndtv.com/cricket/live-scores", "distance": "1"}
{"url": "https://www.facebook.com/NDTVSports", "distance": "1"}
{"url": "https://twitter.com/Sports_NDTV", "distance": "1"}
{"url": "https://play.google.com/store/apps/details?id=com.robo.ndtv.cricket&hl=en", "distance": "1"}
{"url": "https://itunes.apple.com/in/app/ndtv-cricket/id418320331?mt=8", "distance": "1"}
{"url": "https://www.facebook.com/NDTVCricket", "distance": "1"}
{"url": "https://twitter.com/cricketndtv", "distance": "1"}
{"url": "http://cam.guystricked.com/", "distance": "1"}
{"url": "https://guystricked.com/", "distance": "1"}
{"url": "http://cam.guystricked.com/", "distance": "1"}
{"url": "https://guystricked.com/category/balls/", "distance": "1"}
{"url": "https://guystricked.com/category/big-dick/", "distance": "1"}
{"url": "https://guystricked.com/category/clothed/", "distance": "1"}
{"url": "https://guystricked.com/category/hard-cut/", "distance": "1"}
{"url": "https://guystricked.com/category/straight-naked-pics/", "distance": "1"}
{"url": "https://guystricked.com/category/balls/", "distance": "1"}
{"url": "https://guystricked.com/category/big-dick/", "distance": "1"}
{"url": "https://guystricked.com/category/clothed/", "distance": "1"}
{"url": "https://guystricked.com/category/hard-cut/", "distance": "1"}
{"url": "https://guystricked.com/category/straight-naked-pics/", "distance": "1"}
{"url": "https://guystricked.com/making-the-most-of-a-rainy-day/#respond", "distance": "1"}
{"url": "https://guystricked.com/making-the-most-of-a-rainy-day/", "distance": "1"}
{"url": "https://twitter.com/intent/tweet?url=https%3A%2F%2Fguystricked.com%2Fmaking-the-most-of-a-rainy-day%2F&text=Making+the+most+of+a+Rainy+day&via=guystricked", "distance": "1"}
{"url": "http://www.reddit.com/submit?url=https%3A%2F%2Fguystricked.com%2Fmaking-the-most-of-a-rainy-day%2F&title=Making+the+most+of+a+Rainy+day", "distance": "1"}
{"url": "https://twitter.com/intent/tweet?url=https%3A%2F%2Fguystricked.com%2Fmaking-the-most-of-a-rainy-day%2F&text=Making+the+most+of+a+Rainy+day&via=guystricked", "distance": "1"}
{"url": "http://www.reddit.com/submit?url=https%3A%2F%2Fguystricked.com%2Fmaking-the-most-of-a-rainy-day%2F&title=Making+the+most+of+a+Rainy+day", "distance": "1"}
{"url": "https://guystricked.com/category/hairy-legs/", "distance": "1"}
{"url": "https://guystricked.com/category/hard-uncut/", "distance": "1"}
{"url": "https://guystricked.com/category/pubes/", "distance": "1"}
{"url": "https://guystricked.com/category/straight-naked-pics/", "distance": "1"}
{"url": "https://guystricked.com/category/uncut/", "distance": "1"}
{"url": "https://guystricked.com/category/hairy-legs/", "distance": "1"}
{"url": "https://guystricked.com/category/hard-uncut/", "distance": "1"}
{"url": "https://guystricked.com/category/pubes/", "distance": "1"}
{"url": "https://guystricked.com/category/straight-naked-pics/", "distance": "1"}
{"url": "https://guystricked.com/category/uncut/", "distance": "1"}
{"url": "https://guystricked.com/guy-cumshot/#respond", "distance": "1"}
{"url": "https://guystricked.com/guy-cumshot/", "distance": "1"}
{"url": "https://twitter.com/intent/tweet?url=https%3A%2F%2Fguystricked.com%2Fguy-cumshot%2F&text=Guy+cumshot&via=guystricked", "distance": "1"}
{"url": "http://www.reddit.com/submit?url=https%3A%2F%2Fguystricked.com%2Fguy-cumshot%2F&title=Guy+cumshot", "distance": "1"}
{"url": "https://twitter.com/intent/tweet?url=https%3A%2F%2Fguystricked.com%2Fguy-cumshot%2F&text=Guy+cumshot&via=guystricked", "distance": "1"}
{"url": "http://www.reddit.com/submit?url=https%3A%2F%2Fguystricked.com%2Fguy-cumshot%2F&title=Guy+cumshot", "distance": "1"}
{"url": "https://guystricked.com/category/big-dick/", "distance": "1"}
{"url": "https://guystricked.com/category/straight-men-cut-dick-videos-pics/", "distance": "1"}
{"url": "https://guystricked.com/category/dick-peek/", "distance": "1"}
{"url": "https://guystricked.com/category/hard-cut/", "distance": "1"}
{"url": "https://guystricked.com/category/muscle/", "distance": "1"}
{"url": "https://guystricked.com/category/precum/", "distance": "1"}
{"url": "https://guystricked.com/category/pubes/", "distance": "1"}
{"url": "https://guystricked.com/category/selfie/", "distance": "1"}
{"url": "https://guystricked.com/category/straight-naked-pics/", "distance": "1"}
{"url": "https://guystricked.com/category/thick/", "distance": "1"}
{"url": "https://guystricked.com/category/veiny/", "distance": "1"}
{"url": "https://guystricked.com/category/big-dick/", "distance": "1"}
{"url": "https://guystricked.com/category/straight-men-cut-dick-videos-pics/", "distance": "1"}
{"url": "https://guystricked.com/category/dick-peek/", "distance": "1"}
{"url": "https://guystricked.com/category/hard-cut/", "distance": "1"}
{"url": "https://guystricked.com/category/muscle/", "distance": "1"}
{"url": "https://guystricked.com/category/precum/", "distance": "1"}
{"url": "https://guystricked.com/category/pubes/", "distance": "1"}
{"url": "https://guystricked.com/category/selfie/", "distance": "1"}
{"url": "https://guystricked.com/category/straight-naked-pics/", "distance": "1"}
{"url": "https://guystricked.com/category/thick/", "distance": "1"}
{"url": "https://guystricked.com/category/veiny/", "distance": "1"}
{"url": "https://guystricked.com/my-balls-if-they-keep-a-lot-of-semen/#respond", "distance": "1"}
{"url": "https://guystricked.com/my-balls-if-they-keep-a-lot-of-semen/", "distance": "1"}
{"url": "https://twitter.com/intent/tweet?url=https%3A%2F%2Fguystricked.com%2Fmy-balls-if-they-keep-a-lot-of-semen%2F&text=My+balls+if+they+keep+a+lot+of+semen&via=guystricked", "distance": "1"}
{"url": "http://www.reddit.com/submit?url=https%3A%2F%2Fguystricked.com%2Fmy-balls-if-they-keep-a-lot-of-semen%2F&title=My+balls+if+they+keep+a+lot+of+semen", "distance": "1"}
{"url": "https://twitter.com/intent/tweet?url=https%3A%2F%2Fguystricked.com%2Fmy-balls-if-they-keep-a-lot-of-semen%2F&text=My+balls+if+they+keep+a+lot+of+semen&via=guystricked", "distance": "1"}
{"url": "http://www.reddit.com/submit?url=https%3A%2F%2Fguystricked.com%2Fmy-balls-if-they-keep-a-lot-of-semen%2F&title=My+balls+if+they+keep+a+lot+of+semen", "distance": "1"}
{"url": "https://guystricked.com/category/dick-peek/", "distance": "1"}
{"url": "https://guystricked.com/category/straight-friends/", "distance": "1"}
{"url": "https://guystricked.com/category/hard-cut/", "distance": "1"}
{"url": "https://guystricked.com/category/men-masturbating/", "distance": "1"}
{"url": "https://guystricked.com/category/pissing/", "distance": "1"}
{"url": "https://guystricked.com/category/pubes/", "distance": "1"}
{"url": "https://guystricked.com/category/public/", "distance": "1"}
{"url": "https://guystricked.com/category/dick-peek/", "distance": "1"}
{"url": "https://guystricked.com/category/straight-friends/", "distance": "1"}
{"url": "https://guystricked.com/category/hard-cut/", "distance": "1"}
{"url": "https://guystricked.com/category/men-masturbating/", "distance": "1"}
{"url": "https://guystricked.com/category/pissing/", "distance": "1"}
{"url": "https://guystricked.com/category/pubes/", "distance": "1"}
{"url": "https://guystricked.com/category/public/", "distance": "1"}
{"url": "https://guystricked.com/my-construction-partners-compete-to-see-who-has-the-most-semen/#respond", "distance": "1"}
{"url": "https://guystricked.com/my-construction-partners-compete-to-see-who-has-the-most-semen/", "distance": "1"}
{"url": "https://twitter.com/intent/tweet?url=https%3A%2F%2Fguystricked.com%2Fmy-construction-partners-compete-to-see-who-has-the-most-semen%2F&text=My+construction+partners+compete+to+see+who+has+the+most+semen&via=guystricked", "distance": "1"}
{"url": "http://www.reddit.com/submit?url=https%3A%2F%2Fguystricked.com%2Fmy-construction-partners-compete-to-see-who-has-the-most-semen%2F&title=My+construction+partners+compete+to+see+who+has+the+most+semen", "distance": "1"}
{"url": "https://twitter.com/intent/tweet?url=https%3A%2F%2Fguystricked.com%2Fmy-construction-partners-compete-to-see-who-has-the-most-semen%2F&text=My+construction+partners+compete+to+see+who+has+the+most+semen&via=guystricked", "distance": "1"}
{"url": "http://www.reddit.com/submit?url=https%3A%2F%2Fguystricked.com%2Fmy-construction-partners-compete-to-see-who-has-the-most-semen%2F&title=My+construction+partners+compete+to+see+who+has+the+most+semen", "distance": "1"}
{"url": "https://guystricked.com/category/big-dick/", "distance": "1"}
{"url": "https://guystricked.com/category/feet/", "distance": "1"}
{"url": "https://guystricked.com/category/hard-cut/", "distance": "1"}
{"url": "https://guystricked.com/category/men-masturbating/", "distance": "1"}
{"url": "https://guystricked.com/category/precum/", "distance": "1"}
{"url": "https://guystricked.com/category/selfie/", "distance": "1"}
{"url": "https://guystricked.com/category/veiny/", "distance": "1"}
{"url": "https://guystricked.com/category/big-dick/", "distance": "1"}
{"url": "https://guystricked.com/category/feet/", "distance": "1"}
{"url": "https://guystricked.com/category/hard-cut/", "distance": "1"}
{"url": "https://guystricked.com/category/men-masturbating/", "distance": "1"}
{"url": "https://guystricked.com/category/precum/", "distance": "1"}
{"url": "https://guystricked.com/category/selfie/", "distance": "1"}
{"url": "https://guystricked.com/category/veiny/", "distance": "1"}
{"url": "https://guystricked.com/fill-the-mirror-with-my-big-load-of-semen/#respond", "distance": "1"}
{"url": "https://guystricked.com/fill-the-mirror-with-my-big-load-of-semen/", "distance": "1"}
{"url": "https://twitter.com/intent/tweet?url=https%3A%2F%2Fguystricked.com%2Ffill-the-mirror-with-my-big-load-of-semen%2F&text=Fill+the+mirror+with+my+big+load+of+semen&via=guystricked", "distance": "1"}
{"url": "http://www.reddit.com/submit?url=https%3A%2F%2Fguystricked.com%2Ffill-the-mirror-with-my-big-load-of-semen%2F&title=Fill+the+mirror+with+my+big+load+of+semen", "distance": "1"}
{"url": "https://twitter.com/intent/tweet?url=https%3A%2F%2Fguystricked.com%2Ffill-the-mirror-with-my-big-load-of-semen%2F&text=Fill+the+mirror+with+my+big+load+of+semen&via=guystricked", "distance": "1"}
{"url": "http://www.reddit.com/submit?url=https%3A%2F%2Fguystricked.com%2Ffill-the-mirror-with-my-big-load-of-semen%2F&title=Fill+the+mirror+with+my+big+load+of+semen", "distance": "1"}
{"url": "https://guystricked.com/category/balls/", "distance": "1"}
{"url": "https://guystricked.com/category/big-dick/", "distance": "1"}
{"url": "https://guystricked.com/category/straight-men-cut-dick-videos-pics/", "distance": "1"}
{"url": "https://guystricked.com/category/full-body/", "distance": "1"}
{"url": "https://guystricked.com/category/hairy/", "distance": "1"}
{"url": "https://guystricked.com/category/muscle/", "distance": "1"}
{"url": "https://guystricked.com/category/precum/", "distance": "1"}
{"url": "https://guystricked.com/category/pubes/", "distance": "1"}
{"url": "https://guystricked.com/category/sleeping/", "distance": "1"}
{"url": "https://guystricked.com/category/soft-cut/", "distance": "1"}
{"url": "https://guystricked.com/category/thick/", "distance": "1"}
{"url": "https://guystricked.com/category/veiny/", "distance": "1"}
{"url": "https://guystricked.com/category/balls/", "distance": "1"}
{"url": "https://guystricked.com/category/big-dick/", "distance": "1"}
{"url": "https://guystricked.com/category/straight-men-cut-dick-videos-pics/", "distance": "1"}
{"url": "https://guystricked.com/category/full-body/", "distance": "1"}
{"url": "https://guystricked.com/category/hairy/", "distance": "1"}
{"url": "https://guystricked.com/category/muscle/", "distance": "1"}
{"url": "https://guystricked.com/category/precum/", "distance": "1"}
{"url": "https://guystricked.com/category/pubes/", "distance": "1"}
{"url": "https://guystricked.com/category/sleeping/", "distance": "1"}
{"url": "https://guystricked.com/category/soft-cut/", "distance": "1"}
{"url": "https://guystricked.com/category/thick/", "distance": "1"}
{"url": "https://guystricked.com/category/veiny/", "distance": "1"}
{"url": "https://guystricked.com/well-drips-my-penis-after-masturbating/#respond", "distance": "1"}
{"url": "https://guystricked.com/well-drips-my-penis-after-masturbating/", "distance": "1"}
{"url": "https://twitter.com/intent/tweet?url=https%3A%2F%2Fguystricked.com%2Fwell-drips-my-penis-after-masturbating%2F&text=Well+drips+my+penis+after+masturbating&via=guystricked", "distance": "1"}
{"url": "http://www.reddit.com/submit?url=https%3A%2F%2Fguystricked.com%2Fwell-drips-my-penis-after-masturbating%2F&title=Well+drips+my+penis+after+masturbating", "distance": "1"}
{"url": "https://twitter.com/intent/tweet?url=https%3A%2F%2Fguystricked.com%2Fwell-drips-my-penis-after-masturbating%2F&text=Well+drips+my+penis+after+masturbating&via=guystricked", "distance": "1"}
{"url": "http://www.reddit.com/submit?url=https%3A%2F%2Fguystricked.com%2Fwell-drips-my-penis-after-masturbating%2F&title=Well+drips+my+penis+after+masturbating", "distance": "1"}
{"url": "https://guystricked.com/category/big-dick/", "distance": "1"}
{"url": "https://guystricked.com/category/couple/", "distance": "1"}
{"url": "https://guystricked.com/category/straight-men-cut-dick-videos-pics/", "distance": "1"}
{"url": "https://guystricked.com/category/dick-peek/", "distance": "1"}
{"url": "https://guystricked.com/category/hairy/", "distance": "1"}
{"url": "https://guystricked.com/category/hard-cut/", "distance": "1"}
{"url": "https://guystricked.com/category/muscle/", "distance": "1"}
{"url": "https://guystricked.com/category/non-nude/", "distance": "1"}
{"url": "https://guystricked.com/category/outdoors/", "distance": "1"}
{"url": "https://guystricked.com/category/straight-naked-pics/", "distance": "1"}
{"url": "https://guystricked.com/category/thick/", "distance": "1"}
{"url": "https://guystricked.com/category/underwear/", "distance": "1"}
{"url": "https://guystricked.com/category/veiny/", "distance": "1"}
{"url": "https://guystricked.com/category/big-dick/", "distance": "1"}
{"url": "https://guystricked.com/category/couple/", "distance": "1"}
{"url": "https://guystricked.com/category/straight-men-cut-dick-videos-pics/", "distance": "1"}
{"url": "https://guystricked.com/category/dick-peek/", "distance": "1"}
{"url": "https://guystricked.com/category/hairy/", "distance": "1"}
{"url": "https://guystricked.com/category/hard-cut/", "distance": "1"}
{"url": "https://guystricked.com/category/muscle/", "distance": "1"}
{"url": "https://guystricked.com/category/non-nude/", "distance": "1"}
{"url": "https://guystricked.com/category/outdoors/", "distance": "1"}
{"url": "https://guystricked.com/category/straight-naked-pics/", "distance": "1"}
{"url": "https://guystricked.com/category/thick/", "distance": "1"}
{"url": "https://guystricked.com/category/underwear/", "distance": "1"}
{"url": "https://guystricked.com/category/veiny/", "distance": "1"}
{"url": "https://guystricked.com/discovering-a-huge-cock-on-the-beach/#respond", "distance": "1"}
{"url": "https://guystricked.com/discovering-a-huge-cock-on-the-beach/", "distance": "1"}
{"url": "https://twitter.com/intent/tweet?url=https%3A%2F%2Fguystricked.com%2Fdiscovering-a-huge-cock-on-the-beach%2F&text=Discovering+a+huge+cock+on+the+beach&via=guystricked", "distance": "1"}
{"url": "http://www.reddit.com/submit?url=https%3A%2F%2Fguystricked.com%2Fdiscovering-a-huge-cock-on-the-beach%2F&title=Discovering+a+huge+cock+on+the+beach", "distance": "1"}
{"url": "https://twitter.com/intent/tweet?url=https%3A%2F%2Fguystricked.com%2Fdiscovering-a-huge-cock-on-the-beach%2F&text=Discovering+a+huge+cock+on+the+beach&via=guystricked", "distance": "1"}
{"url": "http://www.reddit.com/submit?url=https%3A%2F%2Fguystricked.com%2Fdiscovering-a-huge-cock-on-the-beach%2F&title=Discovering+a+huge+cock+on+the+beach", "distance": "1"}
{"url": "https://guystricked.com/category/big-dick/", "distance": "1"}
{"url": "https://guystricked.com/category/straight-men-cut-dick-videos-pics/", "distance": "1"}
{"url": "https://guystricked.com/category/feet/", "distance": "1"}
{"url": "https://guystricked.com/category/hairy/", "distance": "1"}
{"url": "https://guystricked.com/category/hard-cut/", "distance": "1"}
{"url": "https://guystricked.com/category/long-foreskin/", "distance": "1"}
{"url": "https://guystricked.com/category/men-masturbating/", "distance": "1"}
{"url": "https://guystricked.com/category/outdoors/", "distance": "1"}
{"url": "https://guystricked.com/category/precum/", "distance": "1"}
{"url": "https://guystricked.com/category/pubes/", "distance": "1"}
{"url": "https://guystricked.com/category/public/", "distance": "1"}
{"url": "https://guystricked.com/category/straight-naked-pics/", "distance": "1"}
{"url": "https://guystricked.com/category/thick/", "distance": "1"}
{"url": "https://guystricked.com/category/veiny/", "distance": "1"}
{"url": "https://guystricked.com/category/big-dick/", "distance": "1"}
{"url": "https://guystricked.com/category/straight-men-cut-dick-videos-pics/", "distance": "1"}
{"url": "https://guystricked.com/category/feet/", "distance": "1"}
{"url": "https://guystricked.com/category/hairy/", "distance": "1"}
{"url": "https://guystricked.com/category/hard-cut/", "distance": "1"}
{"url": "https://guystricked.com/category/long-foreskin/", "distance": "1"}
{"url": "https://guystricked.com/category/men-masturbating/", "distance": "1"}
{"url": "https://guystricked.com/category/outdoors/", "distance": "1"}
{"url": "https://guystricked.com/category/precum/", "distance": "1"}
{"url": "https://guystricked.com/category/pubes/", "distance": "1"}
{"url": "https://guystricked.com/category/public/", "distance": "1"}
{"url": "https://guystricked.com/category/straight-naked-pics/", "distance": "1"}
{"url": "https://guystricked.com/category/thick/", "distance": "1"}
{"url": "https://guystricked.com/category/veiny/", "distance": "1"}
{"url": "https://guystricked.com/cumshot-inside-the-house-of-campaign/#respond", "distance": "1"}
{"url": "https://guystricked.com/cumshot-inside-the-house-of-campaign/", "distance": "1"}
{"url": "https://twitter.com/intent/tweet?url=https%3A%2F%2Fguystricked.com%2Fcumshot-inside-the-house-of-campaign%2F&text=Cumshot+inside+the+House+of+campaign&via=guystricked", "distance": "1"}
{"url": "http://www.reddit.com/submit?url=https%3A%2F%2Fguystricked.com%2Fcumshot-inside-the-house-of-campaign%2F&title=Cumshot+inside+the+House+of+campaign", "distance": "1"}
{"url": "https://twitter.com/intent/tweet?url=https%3A%2F%2Fguystricked.com%2Fcumshot-inside-the-house-of-campaign%2F&text=Cumshot+inside+the+House+of+campaign&via=guystricked", "distance": "1"}
{"url": "http://www.reddit.com/submit?url=https%3A%2F%2Fguystricked.com%2Fcumshot-inside-the-house-of-campaign%2F&title=Cumshot+inside+the+House+of+campaign", "distance": "1"}
{"url": "http://cam.guystricked.com/", "distance": "1"}
{"url": "https://amateurgayvideosonly.tumblr.com/", "distance": "1"}
{"url": "https://twitter.com/guystricked", "distance": "1"}
{"url": "http://feeds.feedburner.com/guystricked", "distance": "1"}
{"url": "http://r.guystricked.com/str8togay", "distance": "1"}
{"url": "http://guystricked.chaturbate.com/", "distance": "1"}
{"url": "http://www.aneros.com/?ref=285", "distance": "1"}
{"url": "http://101boyvideos.com/", "distance": "1"}
{"url": "http://r.guystricked.com/BoyCrush", "distance": "1"}
{"url": "http://r.guystricked.com/BoundJocks", "distance": "1"}
{"url": "http://plublogs.com/", "distance": "1"}
{"url": "https://www.shabdkosh.com/", "distance": "1"}
{"url": "https://play.google.com/store/apps/details?id=com.shabdkosh.android&referrer=utm_source%3Dsite%26utm_medium%3Dheroft", "distance": "1"}
{"url": "https://apps.apple.com/app/id863035886", "distance": "1"}
{"url": "https://www.shabdkosh.com/forums/member/forgot_password", "distance": "1"}
{"url": "https://www.shabdkosh.com/forums/member/register", "distance": "1"}
{"url": "https://www.shabdkosh.com/forums/member/forgot_password", "distance": "1"}
{"url": "https://www.shabdkosh.com/forums/member/register", "distance": "1"}
{"url": "https://play.google.com/store/apps/details?id=com.shabdkosh.android", "distance": "1"}
{"url": "https://apps.apple.com/app/id863035886", "distance": "1"}
{"url": "https://cams.xvideos.com/?language=en&mp_code=d4vmz&utm_content=d4vmz", "distance": "1"}
{"url": "https://cams.xvideos.com/?language=en&mp_code=d4vmz&utm_content=d4vmz", "distance": "1"}
{"url": "https://info.xvideos.com/cpp", "distance": "1"}
{"url": "https://porn.work/", "distance": "1"}
{"url": "https://info.xvideos.com/legal/tos/", "distance": "1"}
{"url": "https://info.xvideos.com/legal/privacy", "distance": "1"}
{"url": "https://info.xvideos.com/", "distance": "1"}
{"url": "https://info.xvideos.com/content/", "distance": "1"}
{"url": "https://main.trafficfactory.biz/xvideos-signup", "distance": "1"}
{"url": "https://twitter.com/xvideoscom", "distance": "1"}
{"url": "http://www.xvideos.net/app", "distance": "1"}
{"url": "https://info.xvideos.com/legal/privacynotice", "distance": "1"}
{"url": "https://www.xvideos.red?pmln=en&sxcaf=4353LFJE75&pmsc=footer", "distance": "1"}
{"url": "https://info.xvideos.com/", "distance": "1"}
