{"url": "https://dc.medill.northwestern.edu/blog/author/jili/", "distance": 0}
{"url": "https://www.researchgate.net/scientific-contributions/Jinman-Kyonne-2115852593", "distance": 0}
{"url": "https://www.ancestry.com/search/categories/42/?name=_Jinman&name_x=1_1", "distance": 0}
{"url": "https://www.comc.com/Players/Hockey/Lee_Jinman/c264761/Cards/Hockey", "distance": 0}
{"url": "https://thepublicsradio.org/article/asian-shares-rebound-wall-st-headed-for-weekly-decline", "distance": 0}
{"url": "https://www.bakersfield.com/ap/national/kim-jong-uns-sister-warns-of-destruction-of-s-korean-ties/image_8fb9f992-7a41-5e2b-9cbe-41da2ab700cf.html", "distance": 0}
{"url": "https://twitter.com/jinman", "distance": 0}
{"url": "https://www.architecturalrecord.com/topics/2911-jo-jinman-architects", "distance": 0}
{"url": "https://eteschools.com/team/antony-jinman/", "distance": 0}
{"url": "https://www.gmtoday.com/news/national/north-korea-says-it-tested-new-long-range-cruise-missiles/article_079b4814-147c-11ec-af2e-4bb4278c9e0d.html", "distance": 0}
{"url": "https://www.wikiwand.com/en/Antony_Jinman", "distance": 0}
{"url": "https://mangakakalot.com/read-gj8ma158504994334", "distance": 0}
{"url": "https://nation.ryobitools.com/nation/members/jinman_325207", "distance": 0}
{"url": "https://www.urbandictionary.com/define.php?term=Jinman", "distance": 0}
{"url": "https://remembr.com/en/nigel.jinman", "distance": 0}
{"url": "https://www.chiswickauctions.co.uk/auction/lot/461-john-jinman-20th-century/?lot=143259&sd=1", "distance": 0}
{"url": "https://books.google.com/books?id=xsvHDwAAQBAJ&pg=PT285&lpg=PT285&dq=jinman&source=bl&ots=M-f2YepBdH&sig=ACfU3U2t7XUIJJoE4MuQVXqFfY6g72TOVw&hl=en&sa=X&ved=2ahUKEwjlkJ3i8oHzAhVDTd8KHZtvBSE4lgEQ6AF6BAgDEAM", "distance": 0}
{"url": "https://m.manganelo.com/manga-ad115397", "distance": 0}
{"url": "https://second.wiki/wiki/lee_jinman", "distance": 0}
{"url": "https://www.tributearchive.com/obituaries/21207783/Jinman-Kim/Cedar-Grove/New-Jersey/Shooks-Cedar-Grove-Funeral-Home-Inc", "distance": 0}
{"url": "https://www.enterprisetimes.co.uk/author/henry-jinman/", "distance": 0}
{"url": "https://www.eliteprospects.com/player/2565/lee-jinman", "distance": 0}
{"url": "https://business.depaul.edu/faculty/faculty-a-z/Pages/jin-man-lee.aspx", "distance": 0}
{"url": "https://www.semanticscholar.org/author/Jinman-Kim/46454386", "distance": 0}
{"url": "https://teamtreehouse.com/jinman", "distance": 0}
{"url": "https://poshmark.com/listing/JinMan-Shoulder-bag-5bd7810a035cf16881328a85", "distance": 0}
{"url": "https://myanimelist.net/manga/106025/Jinmen", "distance": 0}
{"url": "https://aclanthology.org/people/j/jinman-zhao/", "distance": 0}
{"url": "https://www.rcvs.org.uk/news-and-views/news/peter-jinman-becomes-fawcs-new-chairman/", "distance": 0}
{"url": "https://scnow.com/messenger/lifestyles/artist-jinman-jo-to-visit-coker-friday/article_c943fdac-1fd5-11e3-be22-001a4bcf6878.html", "distance": 0}
{"url": "https://www.baue.com/obit/jinman-fu/", "distance": 0}
{"url": "http://gzjm668.com/", "distance": 0}
{"url": "https://www.discogs.com/artist/5073340-Kim-Jin-Man", "distance": 0}
{"url": "https://www.hockeydb.com/ihdb/stats/pdisplay.php?pid=22628", "distance": 0}
{"url": "https://cdm.unfccc.int/Projects/DB/TUEV-SUED1207578654.7/view", "distance": 0}
{"url": "https://www.theastgroup.com/us/news/case-study-antony-jinman-education-through-expeditions/", "distance": 0}
{"url": "https://www1.salary.com/Jinman-Yan-Salary-Bonus-Stock-Options-for-JUFEEL-INTERNATIONAL-GROUP.html", "distance": 0}
{"url": "https://www.yunnanexploration.com/jinman-village-in-lushui-city-nujiang.html", "distance": 0}
{"url": "https://www.umw.edu/directory/employee/jaimie-inman-jinman/", "distance": 0}
{"url": "https://www.ratemyprofessors.com/ShowRatings.jsp?tid=2469654", "distance": 0}
{"url": "https://books.google.com/books?id=P783AQAAMAAJ&pg=PA212&lpg=PA212&dq=jinman&source=bl&ots=zBiWXnuPw2&sig=ACfU3U0uuCqff6RyoduY1ItYG_YJtB5KDA&hl=en&sa=X&ved=2ahUKEwjlkJ3i8oHzAhVDTd8KHZtvBSE4lgEQ6AF6BAgLEAM", "distance": 0}
{"url": "https://pages.business.iastate.edu/rstover/author/jinman/", "distance": 0}
{"url": "https://utmb.world/runner/3603401.jinman.ye", "distance": 0}
{"url": "https://visitdartmoor.co.uk/local-hero-interview-antony-jinman", "distance": 0}
{"url": "https://www.heraldbulletin.com/news/nation_world/us-stock-indexes-wobble-remain-on-track-for-weekly-losses/article_3dfea57e-d677-5d0b-a8b8-48b1218cb9d6.html", "distance": 0}
{"url": "https://www.cs.toronto.edu/~jzhao/", "distance": 0}
{"url": "https://www.timesargus.com/news/world/explainer-missile-tests-renew-north-koreas-regional-threat/article_c25672a2-4db0-575e-bfa5-8c094aca0154.html", "distance": 0}
{"url": "https://www.israelhayom.com/2021/09/13/north-korea-tests-new-long-range-cruise-missiles/", "distance": 0}
{"url": "https://www.genealogy.math.ndsu.nodak.edu/id.php?id=93105", "distance": 0}
{"url": "https://www.bdtonline.com/news/stocks-fall-broadly-remain-on-track-for-weekly-losses/article_d7eb5dd8-0453-5c95-ac10-33978c873c2d.html", "distance": 0}
{"url": "https://wset.com/news/nation-world/rival-koreas-test-missiles-hours-apart-raising-tensions", "distance": 0}
{"url": "https://www.antarcticquest21.com/biopages/biopage-2.html", "distance": 0}
{"url": "https://www.clevescene.com/cleveland/jinman/Profile?oid=2363788", "distance": 0}
{"url": "https://forebears.io/surnames/jinman", "distance": 0}
{"url": "https://opencorporates.com/companies/pa/509536", "distance": 0}
{"url": "https://baby-name.kr/en/search/%EC%A7%84%EB%A7%8C", "distance": 0}
{"url": "https://books.google.com/books?id=l44DAAAAQAAJ&pg=PP7&lpg=PP7&dq=jinman&source=bl&ots=UuvBgZ2H3U&sig=ACfU3U1nAnTXRMwIu2imWg9FoVwCu2O_jA&hl=en&sa=X&ved=2ahUKEwjlkJ3i8oHzAhVDTd8KHZtvBSE4lgEQ6AF6BAgKEAM", "distance": 0}
{"url": "https://hhd.psu.edu/hpa/jinman-pang", "distance": 0}
{"url": "https://www.instagram.com/jadelyn_jinman/?hl=en", "distance": 0}
{"url": "https://www.bloomberg.com/profile/person/21558030", "distance": 0}
{"url": "https://www.journals.elsevier.com/computer-methods-and-programs-in-biomedicine/editorial-board/jinman-kim", "distance": 0}
{"url": "https://ar.pinterest.com/jinman5979/", "distance": 0}
{"url": "https://publons.com/researcher/1214110/jinman-wang/", "distance": 0}
{"url": "https://www.wikitree.com/wiki/Jinman-5", "distance": 0}
{"url": "https://www.nola.com/image_00d81dd8-1619-11ec-8648-1ba7a4dac934.html", "distance": 0}
{"url": "https://soundcloud.com/jinman-li-843911282", "distance": 0}
{"url": "https://digitalcommons.usu.edu/artmuseum_cat/22/", "distance": 0}
{"url": "https://github.com/jinman", "distance": 0}
{"url": "https://www.deseret.com/2008/5/4/20085746/reconnecting-with-humanity-jinman-jo-forges-life-s-conflicts-into-works-of-art", "distance": 0}
{"url": "https://muckrack.com/henry-jinman", "distance": 0}
{"url": "https://www.robitgroup.com/jinman-kim-south-korea/", "distance": 0}
{"url": "https://www.youtube.com/watch?v=Y2-RXcdRlkI", "distance": 0}
{"url": "https://www.times-news.com/news/north-korea-says-it-tested-new-long-range-cruise-missiles/article_43f9bc8a-5bb7-5e9a-8ba8-e32264fd15d6.html", "distance": 0}
{"url": "https://www.myheritage.com/names/elizabeth_jinman", "distance": 0}
{"url": "https://www.recorderonline.com/news/national_news/stocks-inch-higher-but-are-still-on-track-for-weekly-losses/article_3a6f69e5-914f-5843-9b35-db24253a13c9.html", "distance": 0}
{"url": "https://www.pantheon.com/team/jinman-kim/", "distance": 0}
{"url": "https://vimeo.com/35568011", "distance": 0}
{"url": "https://www.valdostadailytimes.com/news/national_international/asian-shares-rebound-after-xi-biden-discuss-troubled-ties/article_ce749517-de5c-5894-aca4-e4b7657acf72.html", "distance": 0}
{"url": "https://www.sydney.edu.au/medicine-health/about/our-people/academic-staff/jinman-kim.html", "distance": 0}
{"url": "https://www.uwsp.edu/art-design/Pages/Faculty/JinManJo.aspx", "distance": 0}
{"url": "https://www.imdb.com/name/nm4962538/", "distance": 0}
{"url": "https://www.linkedin.com/in/jinman-yang-a21890b", "distance": 0}
{"url": "https://www.instagram.com/reikojm/?hl=en", "distance": 0}
{"url": "https://aminoapps.com/c/anime/page/item/jinmen/88tX_I8g7W56VkMDEqLKdq4djNjBnr", "distance": 0}
{"url": "https://www.israelhayom.com/2021/09/15/report-n-korea-fires-what-might-be-ballistic-missiles/", "distance": 0}
{"url": "https://www.theeducatoronline.com/k12/rankings/hot-list-2020/stella-jinman-cecil-andrews-college/272685", "distance": 0}
{"url": "http://pages.cs.wisc.edu/~jz/", "distance": 0}
{"url": "https://en.wikipedia.org/wiki/Antony_Jinman", "distance": 0}
{"url": "https://www.your-family-history.com/surname/j/jinman/", "distance": 0}
{"url": "https://www.ajc.com/news/nation-world/rival-koreas-test-missiles-hours-apart-raising-tensions/F4V56HMBPVHCFFIETI3IV5K4UA/", "distance": 0}
{"url": "https://conf.researchr.org/profile/icse-2021/jinmanzhao", "distance": 0}
{"url": "https://today.wou.edu/2011/11/05/sunday-profile-jinman-jo/", "distance": 0}
{"url": "https://www.plymouth.ac.uk/business-partners/partnerships/community-partnerships/antony-jinman-nil-plymouth-universitys-explorer-in-residence", "distance": 0}
{"url": "https://www.propertyweek.com/legal-and-professional--people/ai-firm-makes-jinman-head-of-property-bots/5099790.article", "distance": 0}
{"url": "https://wacotrib.com/news/national/us-stocks-open-higher-clawing-back-some-the-weeks-losses/article_42818959-811d-5228-b1ed-f27a50b50a53.html", "distance": 0}
{"url": "https://www.bbb.org/us/fl/jupiter/profile/lawyers/jinman-howard-kattell-llp-0633-92018890", "distance": 0}
{"url": "https://parametric-architecture.com/k2-tower-by-jo-jinman-architects/", "distance": 0}
{"url": "https://books.google.com/books?id=9TbrDwAAQBAJ&pg=PT247&lpg=PT247&dq=jinman&source=bl&ots=O71089s_1d&sig=ACfU3U3YgCi6_syHI3n9PzQ4C-qtsMjYGQ&hl=en&sa=X&ved=2ahUKEwjlkJ3i8oHzAhVDTd8KHZtvBSE4lgEQ6AF6BAgCEAM", "distance": 0}
{"url": "https://www.facebook.com/public/Jinman-Kim", "distance": 0}
{"url": "https://dblp.org/pid/43/2801", "distance": 0}
{"url": "https://jjo316.wixsite.com/jinmanjo", "distance": 0}
{"url": "https://councillors.herefordshire.gov.uk/mgUserInfo.aspx?UID=50001646", "distance": 0}
{"url": "https://www.linkedin.com/in/jinman-huang-b246299", "distance": 0}
{"url": "https://cb.tiseagles.com/watch_video.php?v=84SSS6UBDGSW", "distance": 0}
{"url": "https://devilman.fandom.com/wiki/Jinmen", "distance": 0}
{"url": "https://www.belfasttelegraph.co.uk/news/world-news/kim-jong-uns-sister-warns-of-complete-destruction-of-south-korean-ties-40854668.html", "distance": 0}
{"url": "https://scholar.google.de/citations?user=pLVaMiAAAAAJ&hl=th", "distance": 0}
{"url": "https://patents.justia.com/inventor/jinman-kang", "distance": 0}
{"url": "https://commons.wikimedia.org/wiki/File:Jinman.jpg", "distance": 0}
{"url": "https://www.bakersfield.com/ap/national/kim-jong-uns-sister-warns-of-destruction-of-s-korean-ties/image_91d45046-e92a-50f2-b81f-dd95c36b14a9.html", "distance": 0}
{"url": "http://www.explorapoles.org/explorers/profile/jinman_antony", "distance": 0}
{"url": "https://scholar.google.com/citations?user=pLVaMiAAAAAJ&hl=en", "distance": 0}
{"url": "https://www.tripadvisor.com/Hotel_Review-g1545217-d7305064-Reviews-Beihong_Village_Jinman_Guest_House-Mohe_County_Heilongjiang.html", "distance": 0}
{"url": "https://www.galvnews.com/news_ap/business/article_6701189f-e290-5b2b-af90-a2fa2f5bbbcc.html", "distance": 0}
{"url": "https://shopee.co.id/Jinman-Tas-Slempang-pria-Selempang-Anti-Air-sling-bag-usb-jr79-i.180556869.5213000435", "distance": 0}
{"url": "https://www.gillettenewsrecord.com/news/national_world/article_05bd7202-c774-5639-a776-74ffc6332d5f.html", "distance": 0}
{"url": "https://www.hockeyzoneplus.com/salaries/22180-lee-jinman", "distance": 0}
{"url": "https://www.leica-camera.blog/2014/11/04/richard-jinman-a-look-at-english-life/", "distance": 0}
{"url": "https://www.howtopronounce.com/jinman", "distance": 0}
{"url": "https://www.amazon.com/Jinman-Hockey-2000-01-Jackson-Bandits/dp/B01AS51C3K", "distance": 0}
{"url": "https://www.mazzetti.com/about/offices/region/north-america/pacific/", "distance": 0}
{"url": "https://orcid.org/0000-0001-7818-9622", "distance": 0}
{"url": "https://www.nhl.com/player/lee-jinman-8460537", "distance": 0}
{"url": "https://stmikes.utoronto.ca/news/28657", "distance": 0}
{"url": "https://www.gjsentinel.com/news/us/asian-shares-rebound-after-xi-biden-discuss-troubled-ties/article_41e633bb-bd07-5af6-9657-da51fa86eb59.html", "distance": 0}
{"url": "https://ieeexplore.ieee.org/author/37348293300", "distance": 0}
{"url": "https://vivo.health.unm.edu/display/n1669291339", "distance": 0}
{"url": "https://www.theguardian.com/profile/richardjinman", "distance": 0}
{"url": "https://www.tvguide.com/celebrities/cassandra-jinman/3030300299/", "distance": 0}
{"url": "https://www.benningtonbanner.com/ap/national/stocks-inch-higher-but-are-still-on-track-for-weekly-losses/article_fa862ee5-c3d8-5a4f-8f8a-473a84215df6.html", "distance": 0}
{"url": "https://www.fims.uwo.ca/people/profiles/jinman_zhang.html", "distance": 0}
{"url": "https://nickfinder.com/Jinman", "distance": 0}
{"url": "https://www.journalgazette.net/news/world/20210915/kim-jong-uns-sister-warns-of-destruction-of-skorean-ties", "distance": 0}
{"url": "https://www.ktbs.com/news/business/world-shares-rebound-after-xi-biden-discuss-troubled-ties/article_39944425-c8e9-58c9-99ae-3ccc474f0119.html", "distance": 0}
{"url": "https://books.google.com/books?id=1gWiDwAAQBAJ&pg=PT197&lpg=PT197&dq=jinman&source=bl&ots=sPuLLPW9Tc&sig=ACfU3U2WVR8RC4uSNdDQlCqaVcWsmtFcWQ&hl=en&sa=X&ved=2ahUKEwi-ht_g8oHzAhXpguAKHWYGDvs4ggEQ6AF6BAgOEAM", "distance": 0}
{"url": "https://www.cbssports.com/nhl/players/19924/", "distance": 0}
{"url": "https://www.antonyjinman.com/", "distance": 0}
{"url": "https://www.independent.co.uk/author/richard-jinman", "distance": 0}
{"url": "http://www.espn.com/nhl/player/_/id/4801/lee-jinman", "distance": 0}
{"url": "https://www.americanbanker.com/author/jinman-li", "distance": 0}
{"url": "https://www.trentonian.com/jinman-on-trading-block-is-whitchurch-next/article_1dbca6ef-a18c-5407-8f27-609ae0493ff4.html", "distance": 0}
{"url": "https://www.idahopress.com/news/world/rival-koreas-test-missiles-hours-apart-raising-tensions/article_e435f83d-f727-5c68-9b53-c734ffe7efd1.html", "distance": 0}
{"url": "https://www.normantranscript.com/region/stocks-inch-higher-but-are-still-on-track-for-weekly-losses/article_ce62be16-176b-578f-a2b0-5c27eac87970.html", "distance": 0}
{"url": "https://www.antigojournal.com/news/world/rival-koreas-test-missiles-hours-apart-raising-tensions/article_1f545085-a1c0-5cd7-90d9-78f11c9cebe5.html", "distance": 0}
{"url": "https://www.newspressnow.com/news/national_news/world-shares-rebound-after-xi-biden-discuss-troubled-ties/article_447c6090-2e67-570c-bbb4-5d6473ca58a2.html", "distance": 0}
{"url": "https://flintfirebirds.com/video/lee-jinman", "distance": 0}
{"url": "https://books.google.com/books?id=U8gdAAAAMAAJ&pg=PA212&lpg=PA212&dq=jinman&source=bl&ots=w-O9vjAfi_&sig=ACfU3U3rbAjaQvOZeaihLzxnk1IKywnQ3A&hl=en&sa=X&ved=2ahUKEwjlkJ3i8oHzAhVDTd8KHZtvBSE4lgEQ6AF6BAgMEAM", "distance": 0}
{"url": "https://tvtropes.org/pmwiki/pmwiki.php/Manga/Jinmen", "distance": 0}
{"url": "https://www.jinman.co/", "distance": 0}
{"url": "https://www.nytimes.com/2021/09/15/world/asia/north-korea-ballistic-missiles.html", "distance": 0}
{"url": "https://www.kokomotribune.com/news/rival-koreas-test-missiles-hours-apart-raising-tensions/article_cc88272c-bb0c-5f0c-93a0-fbba5d8279bf.html", "distance": 0}
{"url": "https://www.jinmancang001.com/", "distance": 0}
{"url": "https://powerapps.microsoft.com/en-ie/blog/author/jiahn/", "distance": 0}
{"url": "https://www.berkshireeagle.com/ap/national/tech-slide-pulls-s-p-500-down-for-its-5th-straight-loss/article_80cf2a2b-ad80-518d-a53d-1597a1219ba8.html", "distance": 0}
{"url": "https://opensea.io/assets/0x495f947276749ce646f68ac8c248420045cb7b5e/15650783412656755702098719865663735715539879838046371093445004127766971416577", "distance": 0}
{"url": "https://www.names.org/n/jinman/about", "distance": 0}
{"url": "https://www.viewbug.com/member/JInman", "distance": 0}
{"url": "https://www.artstation.com/jinman", "distance": 0}
{"url": "https://dc.medill.northwestern.edu/", "distance": "1"}
{"url": "https://dc.medill.northwestern.edu/blog/author/jili/page/2/", "distance": "1"}
{"url": "http://www.northwestern.edu/", "distance": "1"}
{"url": "http://www.medill.northwestern.edu/", "distance": "1"}
{"url": "https://www.ancestry.com", "distance": "1"}
{"url": "https://nation.ryobitools.com/nation", "distance": "1"}
{"url": "https://tools101.ryobitools.com/tools101", "distance": "1"}
{"url": "https://ryobitools.com", "distance": "1"}
{"url": "https://www.facebook.com/ryobitoolsusa/", "distance": "1"}
{"url": "https://twitter.com/RYOBItoolsusa", "distance": "1"}
{"url": "https://www.pinterest.com/RYOBITOOLSUSA/", "distance": "1"}
{"url": "https://www.youtube.com/ryobitoolsusa", "distance": "1"}
{"url": "https://www.instagram.com/ryobitoolsusa/", "distance": "1"}
{"url": "https://ryobitools.com/power-tools/support/safety", "distance": "1"}
{"url": "https://eteschools.com/", "distance": "1"}
{"url": "https://eteschools.com/team/", "distance": "1"}
{"url": "https://www.google.com/intl/en/about/products?tab=ph", "distance": "1"}
{"url": "https://www.google.com/accounts/Login?service=print&continue=https://books.google.com/books%3Fid%3DxsvHDwAAQBAJ%26pg%3DPT285%26lpg%3DPT285%26dq%3Djinman%26source%3Dbl%26ots%3DM-f2YepBdH%26sig%3DACfU3U2t7XUIJJoE4MuQVXqFfY6g72TOVw%26hl%3Den%26sa%3DX&hl=en&ec=GAZACg", "distance": "1"}
{"url": "https://books.google.com/?hl=en&tab=pp", "distance": "1"}
{"url": "https://books.google.com/books?id=xsvHDwAAQBAJ&pg=PT285&lpg=PT285&dq=jinman&source=bl&ots=M-f2YepBdH&sig=ACfU3U2t7XUIJJoE4MuQVXqFfY6g72TOVw&hl=en&sa=X&output=html_text", "distance": "1"}
{"url": "https://www.google.com/accounts/Login?service=print&continue=https://books.google.com/books%3Fop%3Dlookup%26id%3DxsvHDwAAQBAJ%26continue%3Dhttps://books.google.com/books%253Fid%253DxsvHDwAAQBAJ%2526pg%253DPT285%2526lpg%253DPT285%2526dq%253Djinman%2526source%253Dbl%2526ots%253DM-f2YepBdH%2526sig%253DACfU3U2t7XUIJJoE4MuQVXqFfY6g72TOVw%2526hl%253Den%2526sa%253DX&hl=en", "distance": "1"}
{"url": "https://books.google.com/books?id=xsvHDwAAQBAJ&printsec=frontcover&source=gbs_vpt_read", "distance": "1"}
{"url": "https://play.google.com/books/reader?id=xsvHDwAAQBAJ&printsec=frontcover&source=gbs_vpt_read", "distance": "1"}
{"url": "https://www.google.com/books/edition/_/xsvHDwAAQBAJ?hl=en&newbks=1&gbpv=1&dq=jinman&pg=PT285&printsec=frontcover", "distance": "1"}
{"url": "https://play.google.com/store/books/details?id=xsvHDwAAQBAJ&rdid=book-xsvHDwAAQBAJ&rdot=1&source=gbs_vpt_read&pcampaignid=books_booksearch_viewport", "distance": "1"}
{"url": "https://books.google.com/books?id=xsvHDwAAQBAJ&printsec=frontcover", "distance": "1"}
{"url": "https://books.google.com/books?id=xsvHDwAAQBAJ&dq=jinman&sitesec=reviews", "distance": "1"}
{"url": "https://www.google.com/accounts/Login?service=print&continue=https://books.google.com/books%3Fop%3Dlookup%26id%3DxsvHDwAAQBAJ%26continue%3Dhttps://books.google.com/books%253Fid%253DxsvHDwAAQBAJ%2526pg%253DPT285%2526lpg%253DPT285%2526dq%253Djinman%2526source%253Dbl%2526ots%253DM-f2YepBdH%2526sig%253DACfU3U2t7XUIJJoE4MuQVXqFfY6g72TOVw%2526hl%253Den%2526sa%253DX&hl=en", "distance": "1"}
{"url": "https://books.google.com/books?id=xsvHDwAAQBAJ&pg=PT286&lpg=PT285&ots=M-f2YepBdH&focus=viewport&dq=jinman", "distance": "1"}
{"url": "https://second.wiki/link?to=kanada&lang=en&alt=https://es.wikipedia.org/wiki/Kanada&source=lee_jinman", "distance": "1"}
{"url": "https://de.wikipedia.org/w/index.php?title=Lee_Jinman&oldid=200830078", "distance": "1"}
{"url": "https://www.pinterest.com/pin/create/button/?url=https%3A%2F%2Fwww.wikiwand.com%2Fen%2FAntony_Jinman&media=https%3A%2F%2Fupload.wikimedia.org%2Fwikipedia%2Fcommons%2F8%2F8f%2FJinman.jpg&description=From Wikiwand:%20", "distance": "1"}
{"url": "https://mail.google.com/mail/?view=cm&fs=1&tf=1&to=support@wikiwand.com&su=Encountered an error on Wikiwand", "distance": "1"}
{"url": "http://www.depaul.edu/", "distance": "1"}
{"url": "https://www.depaul.edu/Pages/default.aspx", "distance": "1"}
{"url": "https://www.depaul.edu/Pages/copyright.aspx", "distance": "1"}
{"url": "https://www.depaul.edu/Pages/disclaimer.aspx", "distance": "1"}
{"url": "https://www.depaul.edu/Pages/contact-us.aspx", "distance": "1"}
{"url": "https://emergencyplan.depaul.edu/Pages/default.aspx", "distance": "1"}
{"url": "https://www.depaul.edu/Pages/consumer-info.aspx", "distance": "1"}
{"url": "http://complaints.ibhe.org/", "distance": "1"}
{"url": "https://go.depaul.edu/privacy", "distance": "1"}
{"url": "https://fal.myanimelist.net?utm_source=MAL&utm_medium=TMB&utm_content=falfall2021", "distance": "1"}
{"url": "https://myanimelist.net/membership?_location=mal_h_u", "distance": "1"}
{"url": "https://myanimelist.net/login.php?from=%2Fmanga%2F106025%2FJinmen", "distance": "1"}
{"url": "https://myanimelist.net/register.php?from=%2Fmanga%2F106025%2FJinmen", "distance": "1"}
{"url": "https://myanimelist.net/login.php?from=%2Fmanga%2F106025%2FJinmen&error=login_required", "distance": "1"}
{"url": "https://myanimelist.net/manga/106025/Jinmen/pics", "distance": "1"}
{"url": "https://myanimelist.net/login.php?from=%2Fmanga%2F106025%2FJinmen&error=login_required", "distance": "1"}
{"url": "https://myanimelist.net/login.php?from=%2Fmanga%2F106025%2FJinmen&error=login_required", "distance": "1"}
{"url": "http://www.facebook.com/share.php?u=https%3A%2F%2Fmyanimelist.net%2Fmanga%2F106025%2FJinmen", "distance": "1"}
{"url": "http://twitter.com/share?related=MyAnimeList.net&via=myanimelist&url=https%3A%2F%2Fmyanimelist.net%2Fmanga%2F106025%2FJinmen&text=Jinmen&hashtags=manga", "distance": "1"}
{"url": "http://reddit.com/submit?url=https%3A%2F%2Fmyanimelist.net%2Fmanga%2F106025%2FJinmen&title=Jinmen", "distance": "1"}
{"url": "http://www.tumblr.com/share/link?url=https%3A%2F%2Fmyanimelist.net%2Fmanga%2F106025%2FJinmen&name=Jinmen", "distance": "1"}
{"url": "https://myanimelist.net/", "distance": "1"}
{"url": "https://myanimelist.net/manga.php", "distance": "1"}
{"url": "https://myanimelist.net/login.php?from=%2Fmanga%2F106025%2FJinmen&error=login_required", "distance": "1"}
{"url": "https://www.amazon.com/s/ref=nb_sb_noss?url=search-alias%3Daps&field-keywords=Jinmen%20Manga&_encoding=UTF8&tag=mangadetailstatus-multi-20&linkCode=ur2&linkId=8c613d92a6ba2baa881f9297649d430a&camp=1789&creative=9325", "distance": "1"}
{"url": "https://www.amazon.com/s/ref=nb_sb_noss?url=search-alias%3Daps&field-keywords=Jinmen%20Manga&_encoding=UTF8&tag=mangadetailstatus-multi-20&linkCode=ur2&linkId=8c613d92a6ba2baa881f9297649d430a&camp=1789&creative=9325", "distance": "1"}
{"url": "http://www.cdjapan.co.jp/aff/click.cgi/PytJTGW7Lok/6039/A764127/searches?q=Jinmen", "distance": "1"}
{"url": "http://www.shareasale.com/r.cfm?u=1384175&b=866986&m=65886&afftrack=&urllink=www.rightstufanime.com%2Fsearch%3Fkeywords%3DJinmen", "distance": "1"}
{"url": "https://myanimelist.net/character/176514/Hitomi", "distance": "1"}
{"url": "https://myanimelist.net/character/176513/Jinguu_Masato", "distance": "1"}
{"url": "https://myanimelist.net/character/176515/Nakata", "distance": "1"}
{"url": "https://myanimelist.net/profile/g3n0515", "distance": "1"}
{"url": "https://myanimelist.net/login.php?from=%2Fmanga%2F106025%2FJinmen", "distance": "1"}
{"url": "https://myanimelist.net/reviews.php?id=361978", "distance": "1"}
{"url": "https://myanimelist.net/dbchanges.php?go=reportreview&id=361978", "distance": "1"}
{"url": "https://myanimelist.net/profile/Legate_Leonis", "distance": "1"}
{"url": "https://myanimelist.net/login.php?from=%2Fmanga%2F106025%2FJinmen", "distance": "1"}
{"url": "https://myanimelist.net/reviews.php?id=356711", "distance": "1"}
{"url": "https://myanimelist.net/dbchanges.php?go=reportreview&id=356711", "distance": "1"}
{"url": "https://myanimelist.net/profile/Klabautermann", "distance": "1"}
{"url": "https://myanimelist.net/login.php?from=%2Fmanga%2F106025%2FJinmen", "distance": "1"}
{"url": "https://myanimelist.net/reviews.php?id=298726", "distance": "1"}
{"url": "https://myanimelist.net/dbchanges.php?go=reportreview&id=298726", "distance": "1"}
{"url": "https://myanimelist.net/profile/savchenko", "distance": "1"}
{"url": "https://myanimelist.net/login.php?from=%2Fmanga%2F106025%2FJinmen", "distance": "1"}
{"url": "https://myanimelist.net/reviews.php?id=367720", "distance": "1"}
{"url": "https://myanimelist.net/dbchanges.php?go=reportreview&id=367720", "distance": "1"}
{"url": "https://www.facebook.com/OfficialMyAnimeList", "distance": "1"}
{"url": "https://twitter.com/myanimelist", "distance": "1"}
{"url": "https://www.instagram.com/myanimelistofficial/", "distance": "1"}
{"url": "https://discord.com/invite/E2xC8ZF", "distance": "1"}
{"url": "https://apps.apple.com/us/app/myanimelist-official/id1469330778?md=8&ct=pc_footer", "distance": "1"}
{"url": "https://play.google.com/store/apps/details?utm_campaign=pc_footer&id=net.myanimelist.app&utm_source=mal", "distance": "1"}
{"url": "http://otakumode.com/fb/5aO", "distance": "1"}
{"url": "https://honeysanime.com", "distance": "1"}
{"url": "https://myanimelist.net/store?_location=mal_f_m", "distance": "1"}
{"url": "https://policies.google.com/privacy", "distance": "1"}
{"url": "https://policies.google.com/terms", "distance": "1"}
{"url": "https://www.enterprisetimes.co.uk/privacy/", "distance": "1"}
{"url": "https://www.enterprisetimes.co.uk/", "distance": "1"}
{"url": "http://www.ebi.ai", "distance": "1"}
{"url": "https://www.enterprisetimes.co.uk/2020/03/05/why-ai-projects-fail-5-common-mistakes-in-customer-service/", "distance": "1"}
{"url": "https://www.enterprisetimes.co.uk/category/blogs/", "distance": "1"}
{"url": "https://www.enterprisetimes.co.uk/2021/09/01/ntt-continues-data-centre-expansion-with-new-announcements/", "distance": "1"}
{"url": "https://www.enterprisetimes.co.uk/category/news/cloud-computing/", "distance": "1"}
{"url": "https://www.enterprisetimes.co.uk/2021/07/29/kimble-grows-enterprise-advisory-board-again/", "distance": "1"}
{"url": "https://www.enterprisetimes.co.uk/category/news/business/", "distance": "1"}
{"url": "https://www.enterprisetimes.co.uk/2021/09/06/data-storage-corporation-signs-managed-services-deal-with-precisely/", "distance": "1"}
{"url": "https://www.enterprisetimes.co.uk/category/news/analytics/", "distance": "1"}
{"url": "https://www.enterprisetimes.co.uk/2021/09/15/epicor-adds-sidekick360-to-its-automotive-analytics-platform/", "distance": "1"}
{"url": "https://www.enterprisetimes.co.uk/category/news/business/", "distance": "1"}
{"url": "https://www.enterprisetimes.co.uk/2021/09/15/palo-alto-introduces-prisma-sase/", "distance": "1"}
{"url": "https://www.enterprisetimes.co.uk/category/news/", "distance": "1"}
{"url": "https://www.enterprisetimes.co.uk/2021/09/15/axonis-veris-attracts-blackrock-on-equity-swaps-network/", "distance": "1"}
{"url": "https://www.enterprisetimes.co.uk/category/news/blockchain-news/", "distance": "1"}
{"url": "https://www.enterprisetimes.co.uk/2021/09/15/deltek-launches-the-specification-software-for-aec/", "distance": "1"}
{"url": "https://www.enterprisetimes.co.uk/category/news/", "distance": "1"}
{"url": "https://www.enterprisetimes.co.uk/2021/09/14/talent-shortages-impact-take-up-of-emerging-technologies/", "distance": "1"}
{"url": "https://www.enterprisetimes.co.uk/category/news/business/", "distance": "1"}
{"url": "https://www.enterprisetimes.co.uk/2021/09/14/talkwalker-opens-london-office/", "distance": "1"}
{"url": "https://www.enterprisetimes.co.uk/category/news/", "distance": "1"}
{"url": "https://www.enterprisetimes.co.uk/2021/09/14/acquia-buys-widen-to-support-open-digital-experience-platform/", "distance": "1"}
{"url": "https://www.enterprisetimes.co.uk/category/news/ecommerce/", "distance": "1"}
{"url": "https://www.enterprisetimes.co.uk/2021/09/14/truecommerce-acquires-dicentral/", "distance": "1"}
{"url": "https://www.enterprisetimes.co.uk/category/news/ecommerce/", "distance": "1"}
{"url": "https://www.enterprisetimes.co.uk/2021/09/13/charles-bretts-blockchain-catch-up-week-36-2021/", "distance": "1"}
{"url": "https://www.enterprisetimes.co.uk/category/news/blockchain-news/", "distance": "1"}
{"url": "https://www.enterprisetimes.co.uk/2021/09/13/taskray-drops-fall-release/", "distance": "1"}
{"url": "https://www.enterprisetimes.co.uk/category/news/", "distance": "1"}
{"url": "https://www.enterprisetimes.co.uk/2021/09/10/we-will-train-1-million-people-claims-fortinet/", "distance": "1"}
{"url": "https://www.enterprisetimes.co.uk/category/news/", "distance": "1"}
{"url": "https://www.enterprisetimes.co.uk/2021/09/10/mission-control-launches-retrospective-feature-in-new-release/", "distance": "1"}
{"url": "https://www.enterprisetimes.co.uk/category/news/", "distance": "1"}
{"url": "https://www.enterprisetimes.co.uk/2021/09/10/oracle-offers-free-training-and-certification-for-all/", "distance": "1"}
{"url": "https://www.enterprisetimes.co.uk/category/news/cloud-computing/", "distance": "1"}
{"url": "https://www.enterprisetimes.co.uk/2021/09/10/yotpo-and-shopify-form-platform-partnership/", "distance": "1"}
{"url": "https://www.enterprisetimes.co.uk/category/news/ecommerce/", "distance": "1"}
{"url": "https://www.enterprisetimes.co.uk/category/blogs/", "distance": "1"}
{"url": "https://www.enterprisetimes.co.uk/category/features/", "distance": "1"}
{"url": "https://www.enterprisetimes.co.uk/category/news/", "distance": "1"}
{"url": "https://www.enterprisetimes.co.uk/category/news-in-brief/", "distance": "1"}
{"url": "https://www.enterprisetimes.co.uk/category/podcasts/", "distance": "1"}
{"url": "https://www.enterprisetimes.co.uk/category/tips/", "distance": "1"}
{"url": "https://www.facebook.com/enterprisetimes", "distance": "1"}
{"url": "https://www.facebook.com/enterprisetimes", "distance": "1"}
{"url": "https://www.linkedin.com/company/enterprise-times", "distance": "1"}
{"url": "https://www.linkedin.com/company/enterprise-times", "distance": "1"}
{"url": "http://enterprisetimes.co.uk/feed/", "distance": "1"}
{"url": "http://enterprisetimes.co.uk/feed/", "distance": "1"}
{"url": "https://twitter.com/enterprise_time", "distance": "1"}
{"url": "https://twitter.com/enterprise_time", "distance": "1"}
{"url": "https://onecpd.rcvs.org.uk/login/", "distance": "1"}
{"url": "http://www.netxtra.net/", "distance": "1"}
{"url": "https://support.discogs.com/hc/articles/360039846494-California-Privacy-Notice", "distance": "1"}
{"url": "https://support.discogs.com/hc/en-us/articles/360017786278-Accessibility-Statement", "distance": "1"}
{"url": "https://www.baue.com/", "distance": "1"}
{"url": "http://scmemorialgardens.com/", "distance": "1"}
{"url": "https://leaptie.com/", "distance": "1"}
{"url": "https://www.facebook.com/bauefuneralhomes", "distance": "1"}
{"url": "https://twitter.com/BaueFuneralHome", "distance": "1"}
{"url": "https://www.youtube.com/user/BaueFH", "distance": "1"}
{"url": "https://plus.google.com/+BaueFuneralHomesStCharles/posts", "distance": "1"}
{"url": "https://www.linkedin.com/company/1545153", "distance": "1"}
{"url": "http://unfccc.int/home/items/2783.php", "distance": "1"}
{"url": "https://offset.climateneutralnow.org", "distance": "1"}
{"url": "https://twitter.com/UN_CarbonMechs", "distance": "1"}
{"url": "http://www.facebook.com/UNCarbonMechs", "distance": "1"}
{"url": "http://www.youtube.com/user/TheCDMvideos", "distance": "1"}
{"url": "https://soundcloud.com/cdm-radio-club", "distance": "1"}
{"url": "https://www.salary.com", "distance": "1"}
{"url": "https://www.salary.com/swz-request-demo/action?s=cd_salaryseo_header", "distance": "1"}
{"url": "https://www.salary.com/blog/", "distance": "1"}
{"url": "https://www.salary.com/tools/executive-compensation-calculator/jinman-yan-salary-bonus-stock-options-for-jufeel-international-group?year=2018", "distance": "1"}
{"url": "https://www.salary.com/tools/executive-compensation-calculator/jinman-yan-salary-bonus-stock-options-for-jufeel-international-group/trend-analysis", "distance": "1"}
{"url": "https://secure.salary.com/job-valuation-report", "distance": "1"}
{"url": "https://www.google.com/intl/en/about/products?tab=ph", "distance": "1"}
{"url": "https://www.google.com/accounts/Login?service=print&continue=https://books.google.com/books%3Fid%3DP783AQAAMAAJ%26pg%3DPA212%26lpg%3DPA212%26dq%3Djinman%26source%3Dbl%26ots%3DzBiWXnuPw2%26sig%3DACfU3U0uuCqff6RyoduY1ItYG_YJtB5KDA%26hl%3Den%26sa%3DX&hl=en&ec=GAZACg", "distance": "1"}
{"url": "https://books.google.com/?hl=en&tab=pp", "distance": "1"}
{"url": "https://books.google.com/books?id=P783AQAAMAAJ&pg=PA212&lpg=PA212&dq=jinman&source=bl&ots=zBiWXnuPw2&sig=ACfU3U0uuCqff6RyoduY1ItYG_YJtB5KDA&hl=en&sa=X&output=html_text", "distance": "1"}
{"url": "https://www.google.com/accounts/Login?service=print&continue=https://books.google.com/books%3Fop%3Dlookup%26id%3DP783AQAAMAAJ%26continue%3Dhttps://books.google.com/books%253Fid%253DP783AQAAMAAJ%2526pg%253DPA212%2526lpg%253DPA212%2526dq%253Djinman%2526source%253Dbl%2526ots%253DzBiWXnuPw2%2526sig%253DACfU3U0uuCqff6RyoduY1ItYG_YJtB5KDA%2526hl%253Den%2526sa%253DX&hl=en", "distance": "1"}
{"url": "https://books.google.com/books?id=P783AQAAMAAJ&printsec=frontcover&source=gbs_vpt_read", "distance": "1"}
{"url": "https://play.google.com/books/reader?id=P783AQAAMAAJ&printsec=frontcover&source=gbs_vpt_read", "distance": "1"}
{"url": "https://www.google.com/books/edition/_/P783AQAAMAAJ?hl=en&newbks=1&gbpv=1&dq=jinman&pg=PA212&printsec=frontcover", "distance": "1"}
{"url": "https://play.google.com/store/books/details?id=P783AQAAMAAJ&rdid=book-P783AQAAMAAJ&rdot=1", "distance": "1"}
{"url": "https://books.google.com/books?id=P783AQAAMAAJ&printsec=frontcover", "distance": "1"}
{"url": "https://books.google.com/books?id=P783AQAAMAAJ&dq=jinman&sitesec=reviews", "distance": "1"}
{"url": "https://www.google.com/accounts/Login?service=print&continue=https://books.google.com/books%3Fop%3Dlookup%26id%3DP783AQAAMAAJ%26continue%3Dhttps://books.google.com/books%253Fid%253DP783AQAAMAAJ%2526pg%253DPA212%2526lpg%253DPA212%2526dq%253Djinman%2526source%253Dbl%2526ots%253DzBiWXnuPw2%2526sig%253DACfU3U0uuCqff6RyoduY1ItYG_YJtB5KDA%2526hl%253Den%2526sa%253DX&hl=en", "distance": "1"}
{"url": "https://www.heraldbulletin.com/tncms/admin/editorial-asset/?edit=3dfea57e-d677-5d0b-a8b8-48b1218cb9d6", "distance": "1"}
{"url": "http://obituaries.heraldbulletin.com/", "distance": "1"}
{"url": "http://celebrations.heraldbulletin.com/", "distance": "1"}
{"url": "https://my.textcaster.com/asa/Default.aspx?ID=bc53e868-4aa8-49ef-a87e-d96818fe51ef", "distance": "1"}
{"url": "http://notices.heraldbulletin.com/", "distance": "1"}
{"url": "https://www.facebook.com/sharer/sharer.php?u=https://www.heraldbulletin.com/news/nation_world/tech-slide-pulls-s-p-500-down-for-its-5th-straight-loss/article_3dfea57e-d677-5d0b-a8b8-48b1218cb9d6.html", "distance": "1"}
{"url": "https://twitter.com/intent/tweet?text=https://www.heraldbulletin.com/news/nation_world/tech-slide-pulls-s-p-500-down-for-its-5th-straight-loss/article_3dfea57e-d677-5d0b-a8b8-48b1218cb9d6.html%20%7C%20Tech slide pulls S&P 500 down for its 5th straight loss", "distance": "1"}
{"url": "http://www.linkedin.com/shareArticle?mini=true&url=https://www.heraldbulletin.com/news/nation_world/tech-slide-pulls-s-p-500-down-for-its-5th-straight-loss/article_3dfea57e-d677-5d0b-a8b8-48b1218cb9d6.html&summary=Tech slide pulls S&P 500 down for its 5th straight loss", "distance": "1"}
{"url": "http://pinterest.com/pin/create/button/?url=https://www.heraldbulletin.com/news/nation_world/tech-slide-pulls-s-p-500-down-for-its-5th-straight-loss/article_3dfea57e-d677-5d0b-a8b8-48b1218cb9d6.html&media=https://bloximages.chicago2.vip.townnews.com/heraldbulletin.com/content/tncms/assets/v3/editorial/2/68/268da730-fd19-5b34-931b-7b78fdfa8624/613acb9d61082.image.jpg?resize=760%2C507&description=Tech slide pulls S&P 500 down for its 5th straight loss", "distance": "1"}
{"url": "http://newspaperads.heraldbulletin.com", "distance": "1"}
{"url": "https://obituaries.heraldbulletin.com/obituary/ronald-jarvis-1083256802", "distance": "1"}
{"url": "https://obituaries.heraldbulletin.com/obituary/david-t-dave-hiatt-1083256740", "distance": "1"}
{"url": "https://obituaries.heraldbulletin.com/obituary/loretta-valentine-1083256690", "distance": "1"}
{"url": "https://obituaries.heraldbulletin.com/obituary/gary-bond-1083248782", "distance": "1"}
{"url": "https://photos.heraldbulletin.com/", "distance": "1"}
{"url": "https://www.wthr.com/weather/indiana-school-closings-business-delays-churches", "distance": "1"}
{"url": "https://bcp.crwdcntrl.net/5/c=6880/b=65082404?https://visitor.r20.constantcontact.com/d.jsp?llr=tzoml49ab&p=oi&m=1128481045299&sit=kxzvgcwlb&f=92145c05-86b3-4018-8900-9935074fa2bc", "distance": "1"}
{"url": "http://www.rtjgolf.com/", "distance": "1"}
{"url": "https://www.timesargus.com/tncms/admin/editorial-asset/?edit=c25672a2-4db0-575e-bfa5-8c094aca0154", "distance": "1"}
{"url": "https://attendee.gotowebinar.com/register/1988205506124432909?source=OC+website+banner", "distance": "1"}
{"url": "http://twitter.com/share?text=JINMAN MARINE INC. :: Panama :: OpenCorporates&url=https://opencorporates.com/companies/pa/509536", "distance": "1"}
{"url": "http://www.facebook.com/sharer.php?u=https://opencorporates.com/companies/pa/509536", "distance": "1"}
{"url": "https://plus.google.com/share?url=https://opencorporates.com/companies/pa/509536", "distance": "1"}
{"url": "http://www.linkedin.com/shareArticle?mini=true&url=https://opencorporates.com/companies/pa/509536&title=JINMAN MARINE INC. :: Panama :: OpenCorporates&source=Open Company Data Index", "distance": "1"}
{"url": "http://www.registro-publico.gob.pa/consultasweb/api/index.php/ObtenerFolio/1562481/1", "distance": "1"}
{"url": "https://m.clevescene.com/cleveland/jinman/Profile?oid=2363788", "distance": "1"}
{"url": "https://www.clevescene.com/", "distance": "1"}
{"url": "https://posting.clevescene.com/cleveland/Profile/MyFavorites?add=2363788", "distance": "1"}
{"url": "https://www.clevescene.com/cleveland/MemberSearch", "distance": "1"}
{"url": "https://www.clevescene.com/cleveland/LocationSearch", "distance": "1"}
{"url": "https://www.clevescene.com/cleveland/EventSearch", "distance": "1"}
{"url": "https://www.clevescene.com/cleveland/ArticleArchives", "distance": "1"}
{"url": "https://www.clevescene.com/cleveland/Syndication", "distance": "1"}
{"url": "https://www.google.com/intl/en/about/products?tab=ph", "distance": "1"}
{"url": "https://www.google.com/accounts/Login?service=print&continue=https://books.google.com/books%3Fid%3Dl44DAAAAQAAJ%26pg%3DPP7%26lpg%3DPP7%26dq%3Djinman%26source%3Dbl%26ots%3DUuvBgZ2H3U%26sig%3DACfU3U1nAnTXRMwIu2imWg9FoVwCu2O_jA%26hl%3Den%26sa%3DX&hl=en&ec=GAZACg", "distance": "1"}
{"url": "https://books.google.com/?hl=en&tab=pp", "distance": "1"}
{"url": "https://books.google.com/books?id=l44DAAAAQAAJ&pg=PP7&lpg=PP7&dq=jinman&source=bl&ots=UuvBgZ2H3U&sig=ACfU3U1nAnTXRMwIu2imWg9FoVwCu2O_jA&hl=en&sa=X&output=html_text", "distance": "1"}
{"url": "https://www.google.com/accounts/Login?service=print&continue=https://books.google.com/books%3Fop%3Dlookup%26id%3Dl44DAAAAQAAJ%26continue%3Dhttps://books.google.com/books%253Fid%253Dl44DAAAAQAAJ%2526pg%253DPP7%2526lpg%253DPP7%2526dq%253Djinman%2526source%253Dbl%2526ots%253DUuvBgZ2H3U%2526sig%253DACfU3U1nAnTXRMwIu2imWg9FoVwCu2O_jA%2526hl%253Den%2526sa%253DX&hl=en", "distance": "1"}
{"url": "https://books.google.com/books?id=l44DAAAAQAAJ&printsec=frontcover&source=gbs_vpt_read", "distance": "1"}
{"url": "https://play.google.com/books/reader?id=l44DAAAAQAAJ&printsec=frontcover&source=gbs_vpt_read", "distance": "1"}
{"url": "https://www.google.com/books/edition/_/l44DAAAAQAAJ?hl=en&newbks=1&gbpv=1&dq=jinman&pg=PP7&printsec=frontcover", "distance": "1"}
{"url": "https://play.google.com/store/books/details?id=l44DAAAAQAAJ&rdid=book-l44DAAAAQAAJ&rdot=1", "distance": "1"}
{"url": "https://books.google.com/books?id=l44DAAAAQAAJ&printsec=frontcover", "distance": "1"}
{"url": "https://books.google.com/books?id=l44DAAAAQAAJ&dq=jinman&sitesec=reviews", "distance": "1"}
{"url": "https://www.google.com/accounts/Login?service=print&continue=https://books.google.com/books%3Fop%3Dlookup%26id%3Dl44DAAAAQAAJ%26continue%3Dhttps://books.google.com/books%253Fid%253Dl44DAAAAQAAJ%2526pg%253DPP7%2526lpg%253DPP7%2526dq%253Djinman%2526source%253Dbl%2526ots%253DUuvBgZ2H3U%2526sig%253DACfU3U1nAnTXRMwIu2imWg9FoVwCu2O_jA%2526hl%253Den%2526sa%253DX&hl=en", "distance": "1"}
{"url": "https://www.umw.edu/admissions/apply", "distance": "1"}
{"url": "https://admissions.umw.edu/register/moreinfo", "distance": "1"}
{"url": "https://www.umw.edu/parents/", "distance": "1"}
{"url": "https://umw.presence.io/", "distance": "1"}
{"url": "https://www.umw.edu/arts/calendar/", "distance": "1"}
{"url": "https://www.umw.edu", "distance": "1"}
{"url": "https://eagleeye.umw.edu/tag/jinman/", "distance": "1"}
{"url": "http://adminfinance.umw.edu/hr/employment-opportunities/forms/office-moves/", "distance": "1"}
{"url": "https://www.umw.edu/directory/", "distance": "1"}
{"url": "https://www.umw.edu/visitors", "distance": "1"}
{"url": "https://www.facebook.com/UniversityofMaryWashington", "distance": "1"}
{"url": "https://twitter.com/marywash/", "distance": "1"}
{"url": "https://www.instagram.com/marywash/", "distance": "1"}
{"url": "https://www.linkedin.com/school/marywash/", "distance": "1"}
{"url": "https://www.youtube.com/user/umwedu", "distance": "1"}
{"url": "https://www.umw.edu/social/directory/", "distance": "1"}
{"url": "https://www.umw.edu/web/report-a-problem/?ref=http%3A%2F%2Fwww.umw.edu%2Fdirectory%2Femployee%2Fjaimie-inman-jinman%2F", "distance": "1"}
{"url": "https://www.umw.edu", "distance": "1"}
{"url": "https://www.umw.edu/web/policies/copyright-statement/", "distance": "1"}
{"url": "https://www.sciencedirect.com/science/journal/01692607", "distance": "1"}
{"url": "https://www.editorialmanager.com/cmpb/default.aspx", "distance": "1"}
{"url": "https://www.sciencedirect.com/science/journal/01692607", "distance": "1"}
{"url": "https://www.editorialmanager.com/cmpb/default.aspx", "distance": "1"}
{"url": "https://www.sciencedirect.com/science/journal/01692607", "distance": "1"}
{"url": "https://www.elsevier.com/journals/computer-methods-and-programs-in-biomedicine/0169-2607/guide-for-authors", "distance": "1"}
{"url": "http://www.elsevier.com/authors/home", "distance": "1"}
{"url": "https://www.elsevier.com/librarians", "distance": "1"}
{"url": "http://www.elsevier.com/editors", "distance": "1"}
{"url": "http://www.elsevier.com/reviewers", "distance": "1"}
{"url": "https://www.elsevier.com", "distance": "1"}
{"url": "https://www.relx.com/", "distance": "1"}
{"url": "https://www.nola.com/tncms/admin/editorial-asset/?edit=00d81dd8-1619-11ec-8648-1ba7a4dac934", "distance": "1"}
{"url": "https://www.theadvocate.com/", "distance": "1"}
{"url": "https://www.theadvocate.com/acadiana/", "distance": "1"}
{"url": "https://www.bestofneworleans.com/", "distance": "1"}
{"url": "https://subscribe.nola.com/", "distance": "1"}
{"url": "https://advocate-la.newsmemory.com/?editionStart=New+Orleans", "distance": "1"}
{"url": "https://www.nola.com/newsletters/", "distance": "1"}
{"url": "https://homes.nola.com/", "distance": "1"}
{"url": "https://obits.nola.com/obituaries/nola/", "distance": "1"}
{"url": "https://jobs.nola.com", "distance": "1"}
{"url": "https://classifieds.theadvocate.com/marketplace/", "distance": "1"}
{"url": "https://calendar.gambitweekly.com/cal", "distance": "1"}
{"url": "https://store.nola.com", "distance": "1"}
{"url": "https://clarivate.com/webofsciencegroup/solutions/web-of-science-my-research-assistant/?utm_source=owned&utm_medium=banner&utm_campaign=My_Research_Assistant_App_Parent_SAR_Global_2021&utm_content=publons-referral", "distance": "1"}
{"url": "https://publons.freshdesk.com/support/home/", "distance": "1"}
{"url": "https://twitter.com/Publons", "distance": "1"}
{"url": "https://www.facebook.com/publons", "distance": "1"}
{"url": "https://www.linkedin.com/company/publons", "distance": "1"}
{"url": "https://clarivate.com/", "distance": "1"}
{"url": "https://digitalcommons.usu.edu", "distance": "1"}
{"url": "https://library.usu.edu/", "distance": "1"}
{"url": "https://digitalcommons.usu.edu/cgi/viewcontent.cgi?article=1021&context=artmuseum_cat", "distance": "1"}
{"url": "https://digitalcommons.usu.edu/cgi/viewcontent.cgi?article=1021&context=artmuseum_cat", "distance": "1"}
{"url": "https://www.bepress.com/products/digital-commons", "distance": "1"}
{"url": "https://pages.deseret.com/subscribe?utm_source=supernav&utm_medium=site&utm_campaign=deseretnews", "distance": "1"}
{"url": "https://www.deseret.com/legal/privacy-notice", "distance": "1"}
{"url": "https://www.deseret.com/u-s-world/2021/9/15/22675747/gabby-petito-update-brian-laundrie-father-red-flags", "distance": "1"}
{"url": "https://www.deseret.com/2021/9/15/22675573/utah-runnin-utes-basketball-schedule-tcu-manhattan-sunshine-slam-byu-craig-smith", "distance": "1"}
{"url": "https://www.deseret.com/2021/9/15/22675987/2021-parrys-power-guide-predicting-the-sixth-week-of-high-school-football-games", "distance": "1"}
{"url": "https://www.deseret.com/2021/9/15/22676119/utah-utes-football-coach-kyle-whittingham-reacts-to-firing-of-usc-coach-clay-helton", "distance": "1"}
{"url": "https://www.deseret.com/2021/9/15/22675605/agt-2021-winner-who-will-win-season-16", "distance": "1"}
{"url": "https://www.deseret.com/2021/9/15/22675354/covid-19-1-in-500-people-us", "distance": "1"}
{"url": "https://www.times-news.com/tncms/admin/editorial-asset/?edit=43f9bc8a-5bb7-5e9a-8ba8-e32264fd15d6", "distance": "1"}
{"url": "https://summergames.ap.org/CNHI/", "distance": "1"}
{"url": "http://celebrations.times-news.com/", "distance": "1"}
{"url": "http://notices.times-news.com/", "distance": "1"}
{"url": "https://www.facebook.com/sharer/sharer.php?u=https://www.times-news.com/news/north-korea-says-it-tested-new-long-range-cruise-missiles/article_43f9bc8a-5bb7-5e9a-8ba8-e32264fd15d6.html", "distance": "1"}
{"url": "https://twitter.com/intent/tweet?text=https://www.times-news.com/news/north-korea-says-it-tested-new-long-range-cruise-missiles/article_43f9bc8a-5bb7-5e9a-8ba8-e32264fd15d6.html%20%7C%20North Korea says it tested new long-range cruise missiles", "distance": "1"}
{"url": "http://www.linkedin.com/shareArticle?mini=true&url=https://www.times-news.com/news/north-korea-says-it-tested-new-long-range-cruise-missiles/article_43f9bc8a-5bb7-5e9a-8ba8-e32264fd15d6.html&summary=North Korea says it tested new long-range cruise missiles", "distance": "1"}
{"url": "http://pinterest.com/pin/create/button/?url=https://www.times-news.com/news/north-korea-says-it-tested-new-long-range-cruise-missiles/article_43f9bc8a-5bb7-5e9a-8ba8-e32264fd15d6.html&media=https://bloximages.chicago2.vip.townnews.com/times-news.com/content/tncms/assets/v3/editorial/e/48/e48e03d1-21c6-5b88-acdb-56ab70d069d1/613f0ed20c5c3.image.jpg?resize=760%2C507&description=North Korea says it tested new long-range cruise missiles", "distance": "1"}
{"url": "https://www.times-news.com/allegany_magazine/", "distance": "1"}
{"url": "http://timesnews.qrsite.com/ad-directory.php?sect=319", "distance": "1"}
{"url": "http://newspaperads.times-news.com", "distance": "1"}
{"url": "https://obituaries.times-news.com/obituary/dr-ibrahim-chapeyama-dpt-1083249267", "distance": "1"}
{"url": "https://obituaries.times-news.com/obituary/diane-carter-1083249282", "distance": "1"}
{"url": "https://obituaries.times-news.com/obituary/terry-dean-1083249306", "distance": "1"}
{"url": "https://bcp.crwdcntrl.net/5/c=6880/b=65121779?https://visitor.r20.constantcontact.com/d.jsp?llr=a9oml49ab&p=oi&m=1128481045312&sit=5x6vgcwlb&f=3c6c3271-851a-44ca-9254-3eff502dcb8c", "distance": "1"}
{"url": "http://www.rtjgolf.com/", "distance": "1"}
{"url": "https://www.recorderonline.com/tncms/admin/editorial-asset/?edit=3a6f69e5-914f-5843-9b35-db24253a13c9", "distance": "1"}
{"url": "http://www.legacy.com/obituaries/recorderonline/", "distance": "1"}
{"url": "http://classifieds.recorderonline.com/", "distance": "1"}
{"url": "http://portervillerecorder.pressreader.com", "distance": "1"}
{"url": "https://recorderonline.marketminute.com/", "distance": "1"}
{"url": "https://vimeo.com", "distance": "1"}
{"url": "https://www.sydney.edu.au/home.html", "distance": "1"}
{"url": "https://library.sydney.edu.au/", "distance": "1"}
{"url": "https://www.sydney.edu.au/students/home.html", "distance": "1"}
{"url": "https://intranet.sydney.edu.au", "distance": "1"}
{"url": "https://www.sydney.edu.au/engage/give.html", "distance": "1"}
{"url": "https://www.sydney.edu.au/home.html", "distance": "1"}
{"url": "https://www.sydney.edu.au/home.html", "distance": "1"}
{"url": "https://www.sydney.edu.au/home.html", "distance": "1"}
{"url": "https://www.sydney.edu.au/home.html", "distance": "1"}
{"url": "https://www.sydney.edu.au/study.html", "distance": "1"}
{"url": "https://www.sydney.edu.au/study/search-for-a-course.html", "distance": "1"}
{"url": "https://www.sydney.edu.au/study/why-choose-sydney.html", "distance": "1"}
{"url": "https://www.sydney.edu.au/study/study-options.html", "distance": "1"}
{"url": "https://www.sydney.edu.au/study/how-to-apply.html", "distance": "1"}
{"url": "https://www.sydney.edu.au/study/starting-university.html", "distance": "1"}
{"url": "https://www.sydney.edu.au/study/international-students.html", "distance": "1"}
{"url": "https://www.sydney.edu.au/study/accommodation.html", "distance": "1"}
{"url": "https://www.sydney.edu.au/study/events-for-prospective-students.html", "distance": "1"}
{"url": "https://www.sydney.edu.au/research.html", "distance": "1"}
{"url": "https://www.sydney.edu.au/research/coronavirus-covid-19-research-and-expertise.html", "distance": "1"}
{"url": "https://www.sydney.edu.au/research/indigenous-research.html", "distance": "1"}
{"url": "https://www.sydney.edu.au/research/research-areas.html", "distance": "1"}
{"url": "https://www.sydney.edu.au/research/centres.html", "distance": "1"}
{"url": "https://www.sydney.edu.au/research/research-impact.html", "distance": "1"}
{"url": "https://www.sydney.edu.au/research/our-researchers.html", "distance": "1"}
{"url": "https://www.sydney.edu.au/research/facilities.html", "distance": "1"}
{"url": "https://www.sydney.edu.au/research/research-funding.html", "distance": "1"}
{"url": "https://www.sydney.edu.au/research/research-partnerships.html", "distance": "1"}
{"url": "https://www.sydney.edu.au/research/research-degrees.html", "distance": "1"}
{"url": "https://www.sydney.edu.au/research/clinical-trials.html", "distance": "1"}
{"url": "https://www.sydney.edu.au/research/volunteer-for-research-study.html", "distance": "1"}
{"url": "https://www.sydney.edu.au/research/research-integrity-and-ethics.html", "distance": "1"}
{"url": "https://www.sydney.edu.au/engage.html", "distance": "1"}
{"url": "https://www.sydney.edu.au/engage/give.html", "distance": "1"}
{"url": "https://www.sydney.edu.au/engage/alumni.html", "distance": "1"}
{"url": "https://www.sydney.edu.au/engage/global-engagement.html", "distance": "1"}
{"url": "https://www.sydney.edu.au/engage/industry-business-partnerships.html", "distance": "1"}
{"url": "https://www.sydney.edu.au/engage/schools.html", "distance": "1"}
{"url": "https://www.sydney.edu.au/engage/community-engagement.html", "distance": "1"}
{"url": "https://www.sydney.edu.au/engage/visit.html", "distance": "1"}
{"url": "https://www.sydney.edu.au/engage/events-sponsorships.html", "distance": "1"}
{"url": "https://www.sydney.edu.au/engage/contact.html", "distance": "1"}
{"url": "https://www.sydney.edu.au/about-us.html", "distance": "1"}
{"url": "https://www.sydney.edu.au/about-us/our-story.html", "distance": "1"}
{"url": "https://www.sydney.edu.au/about-us/our-world-rankings.html", "distance": "1"}
{"url": "https://www.sydney.edu.au/about-us/vision-and-values.html", "distance": "1"}
{"url": "https://www.sydney.edu.au/about-us/governance-and-structure.html", "distance": "1"}
{"url": "https://www.sydney.edu.au/about-us/faculties-and-schools.html", "distance": "1"}
{"url": "https://www.sydney.edu.au/about-us/campuses.html", "distance": "1"}
{"url": "https://www.sydney.edu.au/about-us/careers-at-sydney.html", "distance": "1"}
{"url": "https://www.sydney.edu.au/about-us/working-with-the-university.html", "distance": "1"}
{"url": "https://www.sydney.edu.au/about-us/contact-us.html", "distance": "1"}
{"url": "https://www.sydney.edu.au/news-opinion/news.html", "distance": "1"}
{"url": "https://www.sydney.edu.au/news-opinion/news.html", "distance": "1"}
{"url": "https://www.sydney.edu.au/news-opinion/subscribe.html", "distance": "1"}
{"url": "https://www.sydney.edu.au/news-opinion/podcasts.html", "distance": "1"}
{"url": "https://www.sydney.edu.au/news-opinion/videos.html", "distance": "1"}
{"url": "https://www.sydney.edu.au/news-opinion/news-archive.html", "distance": "1"}
{"url": "https://www.sydney.edu.au/news-opinion/media-contacts.html", "distance": "1"}
{"url": "https://www.sydney.edu.au/news-opinion/find-an-expert.html", "distance": "1"}
{"url": "https://www.sydney.edu.au/medicine-health/study-medicine-and-health/study-areas.html", "distance": "1"}
{"url": "https://www.sydney.edu.au/medicine-health/study-medicine-and-health/undergraduate-courses.html", "distance": "1"}
{"url": "https://www.sydney.edu.au/medicine-health/study-medicine-and-health/postgraduate-courses.html", "distance": "1"}
{"url": "https://www.sydney.edu.au/medicine-health/study-medicine-and-health/postgraduate-research.html", "distance": "1"}
{"url": "https://www.sydney.edu.au/medicine-health/study-medicine-and-health/professional-development-and-short-courses.html", "distance": "1"}
{"url": "https://www.sydney.edu.au/medicine-health/study-medicine-and-health/scholarships.html", "distance": "1"}
{"url": "https://www.sydney.edu.au/medicine-health/study-medicine-and-health/student-experience.html", "distance": "1"}
{"url": "https://www.sydney.edu.au/medicine-health/study-medicine-and-health/sydney-elective-placements.html", "distance": "1"}
{"url": "https://www.sydney.edu.au/medicine-health/study-medicine-and-health/indigenous-student-pathways.html", "distance": "1"}
{"url": "https://www.sydney.edu.au/medicine-health/study-medicine-and-health/international-students.html", "distance": "1"}
{"url": "https://www.sydney.edu.au/medicine-health/our-research/research-centres.html", "distance": "1"}
{"url": "https://www.sydney.edu.au/medicine-health/our-research/research-networks.html", "distance": "1"}
{"url": "https://www.sydney.edu.au/medicine-health/schools/sydney-dental-school.html", "distance": "1"}
{"url": "https://www.sydney.edu.au/medicine-health/schools/sydney-medical-school.html", "distance": "1"}
{"url": "https://www.sydney.edu.au/medicine-health/schools/school-of-medical-sciences.html", "distance": "1"}
{"url": "https://www.sydney.edu.au/medicine-health/schools/susan-wakil-school-of-nursing-and-midwifery.html", "distance": "1"}
{"url": "https://www.sydney.edu.au/medicine-health/schools/sydney-pharmacy-school.html", "distance": "1"}
{"url": "https://www.sydney.edu.au/medicine-health/schools/sydney-school-of-public-health.html", "distance": "1"}
{"url": "https://www.sydney.edu.au/medicine-health/schools/sydney-school-of-health-sciences.html", "distance": "1"}
{"url": "https://www.sydney.edu.au/medicine-health/schools/clinical-schools.html", "distance": "1"}
{"url": "https://www.sydney.edu.au/medicine-health/industry-and-community/industry-partnerships.html", "distance": "1"}
{"url": "https://www.sydney.edu.au/medicine-health/industry-and-community/community-engagement.html", "distance": "1"}
{"url": "https://www.sydney.edu.au/medicine-health/industry-and-community/alumni.html", "distance": "1"}
{"url": "https://www.sydney.edu.au/medicine-health/industry-and-community/support-us.html", "distance": "1"}
{"url": "https://www.sydney.edu.au/medicine-health/industry-and-community/industry-news.html", "distance": "1"}
{"url": "https://www.sydney.edu.au/medicine-health/industry-and-community/affiliates.html", "distance": "1"}
{"url": "https://www.sydney.edu.au/medicine-health/news-and-events/2021.html", "distance": "1"}
{"url": "https://www.sydney.edu.au/medicine-health/news-and-events/2020.html", "distance": "1"}
{"url": "https://www.sydney.edu.au/medicine-health/news-and-events/2019.html", "distance": "1"}
{"url": "https://www.sydney.edu.au/medicine-health/news-and-events/2018.html", "distance": "1"}
{"url": "https://www.sydney.edu.au/medicine-health/news-and-events/2017.html", "distance": "1"}
{"url": "https://www.sydney.edu.au/medicine-health/news-and-events/2016.html", "distance": "1"}
{"url": "https://www.sydney.edu.au/medicine-health/news-and-events/events.html", "distance": "1"}
{"url": "https://www.sydney.edu.au/medicine-health/news-and-events/webinars.html", "distance": "1"}
{"url": "https://www.sydney.edu.au/medicine-health/news-and-events/reunions.html", "distance": "1"}
{"url": "https://www.sydney.edu.au/medicine-health/about/deans-welcome.html", "distance": "1"}
{"url": "https://www.sydney.edu.au/medicine-health/about/our-people.html", "distance": "1"}
{"url": "https://www.sydney.edu.au/medicine-health/about/locations-and-facilities.html", "distance": "1"}
{"url": "https://www.sydney.edu.au/medicine-health/about/our-museums.html", "distance": "1"}
{"url": "https://www.sydney.edu.au/medicine-health/about/our-history.html", "distance": "1"}
{"url": "https://www.sydney.edu.au/medicine-health/about/contact-us.html", "distance": "1"}
{"url": "https://twitter.com/sydney_uni", "distance": "1"}
{"url": "https://www.facebook.com/sydneyuni", "distance": "1"}
{"url": "https://instagram.com/sydney_uni/", "distance": "1"}
{"url": "https://www.youtube.com/user/uniofsydney", "distance": "1"}
{"url": "https://pro.imdb.com?ref_=cons_nb_hm&rf=cons_nb_hm", "distance": "1"}
{"url": "https://pro.imdb.com/login/ap?u=/login/lwa&imdbPageAction=signUp&rf=cons_nb_hm&ref_=cons_nb_hm", "distance": "1"}
{"url": "https://ad.doubleclick.net/ddm/trackclk/N286407.279198IMDB/B26006318.307238641;dc_trk_aid=499911624;dc_trk_cid=153247996;dc_lat=;dc_rdid=;tag_for_child_directed_treatment=;tfua=;ltd=", "distance": "1"}
{"url": "https://pro.imdb.com/name/nm4962538?rf=cons_nm_chgpimage&ref_=cons_nm_chgpimage", "distance": "1"}
{"url": "https://pro.imdb.com/name/nm4962538?rf=cons_nm_meter&ref_=cons_nm_meter", "distance": "1"}
{"url": "https://pro.imdb.com/name/nm4962538?rf=cons_nm_meter&ref_=cons_nm_meter", "distance": "1"}
{"url": "https://pro.imdb.com/name/nm4962538?rf=cons_nm_chgpimage&ref_=cons_nm_chgpimage", "distance": "1"}
{"url": "https://contribute.imdb.com/updates?update=nm4962538&ref_=nm_ov_edt", "distance": "1"}
{"url": "https://www.facebook.com/sharer.php?u=http%3A%2F%2Fwww.imdb.com%2Fname%2Fnm4962538%2F", "distance": "1"}
{"url": "https://twitter.com/intent/tweet?text=Jinman%20Kim%20-%20https%3A%2F%2Fwww.imdb.com%2Fname%2Fnm4962538%2F", "distance": "1"}
{"url": "http://www.imdb.com/name/nm4962538/", "distance": "1"}
{"url": "https://pro.imdb.com/demoreels/list?rf=cons_nm_demoreel&ref_=cons_nm_demoreel", "distance": "1"}
{"url": "https://contribute.imdb.com/updates?edit=nm4962538/filmography&ref_=nm_flmg_edt", "distance": "1"}
{"url": "https://pro.imdb.com/title/tt8506766?rf=cons_nm_filmo&ref_=cons_nm_filmo", "distance": "1"}
{"url": "https://help.imdb.com/article/contribution/contribution-information/adding-data/G6BXD2JFDCCETUF4?ref_=cons_nm_cn_gs_hlp", "distance": "1"}
{"url": "https://slyb.app.link/SKdyQ6A449", "distance": "1"}
{"url": "https://github.com/jekyller/vitae", "distance": "1"}
{"url": "https://www.thegenealogist.co.uk/first-steps/?refferrer=FSYFH21", "distance": "1"}
{"url": "https://conf.researchr.org/blogposts/icse-2021", "distance": "1"}
{"url": "https://conf.researchr.org/home/icse-2021", "distance": "1"}
{"url": "https://conf.researchr.org/venue/icse-2021/icse-2021-virtualization-platform", "distance": "1"}
{"url": "https://conf.researchr.org/contact/icse-2021", "distance": "1"}
{"url": "https://conf.researchr.org", "distance": "1"}
{"url": "http://yellowgrass.org/roadmap/conf.researchr.org", "distance": "1"}
{"url": "https://conf.researchr.org/track/icse-2021/icse-2021-Ceremonies", "distance": "1"}
{"url": "https://conf.researchr.org/track/icse-2021/icse-2021-keynotes", "distance": "1"}
{"url": "https://conf.researchr.org/track/icse-2021/icse-2021-awards", "distance": "1"}
{"url": "https://conf.researchr.org/track/icse-2021/icse-2021-sponsors-exhibitions", "distance": "1"}
{"url": "https://conf.researchr.org/track/icse-2021/icse-2021-papers", "distance": "1"}
{"url": "https://conf.researchr.org/track/icse-2021/icse-2021-Journal-First-Papers", "distance": "1"}
{"url": "https://conf.researchr.org/track/icse-2021/icse-2021-Software-Engineering-in-Practice", "distance": "1"}
{"url": "https://conf.researchr.org/track/icse-2021/icse-2021-Software-Engineering-and-Education-Track", "distance": "1"}
{"url": "https://conf.researchr.org/track/icse-2021/icse-2021-Software-Engineering-in-Society", "distance": "1"}
{"url": "https://conf.researchr.org/track/icse-2021/icse-2021-New-Ideas-and-Emerging-Results", "distance": "1"}
{"url": "https://conf.researchr.org/track/icse-2021/icse-2021-Demonstrations", "distance": "1"}
{"url": "https://conf.researchr.org/track/icse-2021/icse-2021-ACM-Student-Research-Competition", "distance": "1"}
{"url": "https://conf.researchr.org/track/icse-2021/icse-2021-Artifact-Evaluation", "distance": "1"}
{"url": "https://conf.researchr.org/track/icse-2021/icse-2021-Posters", "distance": "1"}
{"url": "https://conf.researchr.org/track/icse-2021/icse-2021-Workshops", "distance": "1"}
{"url": "https://conf.researchr.org/track/icse-2021/icse-2021-Doctoral-Symposium", "distance": "1"}
{"url": "https://conf.researchr.org/track/icse-2021/icse-2021-New-Faculty-Symposium", "distance": "1"}
{"url": "https://conf.researchr.org/track/icse-2021/icse-2021-spanish-industry-case-studies", "distance": "1"}
{"url": "https://conf.researchr.org/track/icse-2021/icse-2021-most-influential-paper-icse-n-10", "distance": "1"}
{"url": "https://conf.researchr.org/track/icse-2021/icse-2021-Student-Volunteers", "distance": "1"}
{"url": "https://conf.researchr.org/track/icse-2021/icse-2021-Technical-Briefings", "distance": "1"}
{"url": "https://conf.researchr.org/track/icse-2021/icse-2021-submitting-to-icse2021--q-a", "distance": "1"}
{"url": "https://conf.researchr.org/track/icse-2021/icse-2021-open-science-policies", "distance": "1"}
{"url": "https://conf.researchr.org/track/icse-2021/icse-2021-socialprogram", "distance": "1"}
{"url": "https://conf.researchr.org/track/icse-2021/icse-2021-culture-sports", "distance": "1"}
{"url": "https://conf.researchr.org/track/icse-2021/icse-2021-panels", "distance": "1"}
{"url": "https://conf.researchr.org/home/ast-2021", "distance": "1"}
{"url": "https://conf.researchr.org/home/chase-2021", "distance": "1"}
{"url": "https://conf.researchr.org/home/Formalise-2021", "distance": "1"}
{"url": "https://conf.researchr.org/home/icpc-2021", "distance": "1"}
{"url": "https://conf.researchr.org/home/icssp-icgse-2021", "distance": "1"}
{"url": "https://conf.researchr.org/home/mobilesoft-2021", "distance": "1"}
{"url": "https://2021.msrconf.org", "distance": "1"}
{"url": "https://2021.techdebtconf.org", "distance": "1"}
{"url": "https://conf.researchr.org/home/bokss-2021", "distance": "1"}
{"url": "https://conf.researchr.org/home/botse-2021", "distance": "1"}
{"url": "https://conf.researchr.org/home/cloudintelligence-2021", "distance": "1"}
{"url": "https://conf.researchr.org/home/deeptest-2021", "distance": "1"}
{"url": "https://conf.researchr.org/home/encycris-2021", "distance": "1"}
{"url": "https://conf.researchr.org/home/gi-2021", "distance": "1"}
{"url": "https://conf.researchr.org/home/met-2021", "distance": "1"}
{"url": "https://conf.researchr.org/home/q-se-2021", "distance": "1"}
{"url": "https://conf.researchr.org/home/rose-2021", "distance": "1"}
{"url": "https://conf.researchr.org/home/seh-2021", "distance": "1"}
{"url": "https://conf.researchr.org/home/ser-ip-2021", "distance": "1"}
{"url": "https://conf.researchr.org/home/serp4iot-2021", "distance": "1"}
{"url": "https://conf.researchr.org/home/sesos-wdes-2021", "distance": "1"}
{"url": "https://conf.researchr.org/home/sethics-2021", "distance": "1"}
{"url": "https://conf.researchr.org/home/soheal-2021", "distance": "1"}
{"url": "https://conf.researchr.org/home/wain-2021", "distance": "1"}
{"url": "https://conf.researchr.org/home/wetseb-2021", "distance": "1"}
{"url": "https://conf.researchr.org/home/icse-2021/score-2021", "distance": "1"}
{"url": "https://conf.researchr.org/home/seams-2021", "distance": "1"}
{"url": "https://conf.researchr.org/venue/icse-2021/icse-2021-virtualization-platform", "distance": "1"}
{"url": "https://conf.researchr.org/venue/icse-2021/icse-2021-venue-main-conference", "distance": "1"}
{"url": "https://conf.researchr.org/venue/icse-2021/icse-2021-venue-colocated", "distance": "1"}
{"url": "https://conf.researchr.org/venue/icse-2021/icse-2021-workshops-venue", "distance": "1"}
{"url": "https://conf.researchr.org/attending/icse-2021/registration", "distance": "1"}
{"url": "https://conf.researchr.org/attending/icse-2021/authors", "distance": "1"}
{"url": "https://conf.researchr.org/attending/icse-2021/code-of-conduct", "distance": "1"}
{"url": "https://conf.researchr.org/attending/icse-2021/diversity-and-inclusion", "distance": "1"}
{"url": "https://conf.researchr.org/attending/icse-2021/printed-program", "distance": "1"}
{"url": "https://conf.researchr.org/attending/icse-2021/proceedings", "distance": "1"}
{"url": "https://conf.researchr.org/attending/icse-2021/networking", "distance": "1"}
{"url": "http://www.twitter.com/share?url=https://www.plymouth.ac.uk/business-partners/partnerships/community-partnerships/antony-jinman-nil-plymouth-universitys-explorer-in-residence", "distance": "1"}
{"url": "http://www.facebook.com/sharer/sharer.php?u=https://www.plymouth.ac.uk/business-partners/partnerships/community-partnerships/antony-jinman-nil-plymouth-universitys-explorer-in-residence", "distance": "1"}
{"url": "http://www.linkedin.com/shareArticle?mini=true&url=https://www.plymouth.ac.uk/business-partners/partnerships/community-partnerships/antony-jinman-nil-plymouth-universitys-explorer-in-residence", "distance": "1"}
{"url": "https://wacotrib.com/users/login/?referer_url=https%3A%2F%2Fwacotrib.com%2Fnews%2Fnational%2Fus-stocks-open-higher-clawing-back-some-the-weeks-losses%2Farticle_42818959-811d-5228-b1ed-f27a50b50a53.html", "distance": "1"}
{"url": "https://wacotrib.com/users/admin/leefalcon/activate/?source=activate", "distance": "1"}
{"url": "https://subscriberservicesdsi.lee.net/subscriberservices/Content/PaymentPage.aspx?Domain=wacotrib.com&SubscriberLevel={{level}}&Return=https%3A%2F%2Fwacotrib.com%2Fnews%2Fnational%2Fus-stocks-open-higher-clawing-back-some-the-weeks-losses%2Farticle_42818959-811d-5228-b1ed-f27a50b50a53.html#tracking-source=subscription-wall-modal&ir=true", "distance": "1"}
{"url": "https://wacotrib.com/tncms/admin/editorial-asset/?edit=42818959-811d-5228-b1ed-f27a50b50a53", "distance": "1"}
{"url": "https://wacotrib.com/users/admin/", "distance": "1"}
{"url": "https://subscriberservicesdsi.lee.net/subscriberservices/Content/PaymentPage.aspx?Domain=wacotrib.com&SubscriberLevel={{level}}&Return=https%3A%2F%2Fwacotrib.com%2Fnews%2Fnational%2Fus-stocks-open-higher-clawing-back-some-the-weeks-losses%2Farticle_42818959-811d-5228-b1ed-f27a50b50a53.html#tracking-source=green-subscribe-button&ir=true", "distance": "1"}
{"url": "https://parametric-architecture.com/jonkoping-station-by-erik-giudice-architects/", "distance": "1"}
{"url": "https://parametric-architecture.com/2019/03/", "distance": "1"}
{"url": "https://parametric-architecture.com/greenland-complex-by-mehrdad-iravanian-architects/", "distance": "1"}
{"url": "https://parametric-architecture.com/2020/09/", "distance": "1"}
{"url": "https://parametric-architecture.com/mill-river-park-carousel-pavilion-gray-organschi-architecture/", "distance": "1"}
{"url": "https://parametric-architecture.com/2018/09/", "distance": "1"}
{"url": "https://www.instagram.com/parametric.architecture/", "distance": "1"}
{"url": "https://linkedin.com/company/parametric.architecture/", "distance": "1"}
{"url": "https://facebook.com/parametric.archi/", "distance": "1"}
{"url": "https://youtube.com/parametricarchitecture/", "distance": "1"}
{"url": "https://pinterest.com/parametricarchitecture/", "distance": "1"}
{"url": "https://parametric-architecture.com/about/", "distance": "1"}
{"url": "https://parametric-architecture.com/submit-project/", "distance": "1"}
{"url": "https://parametric-architecture.com/category/paacademy/", "distance": "1"}
{"url": "https://parametric-architecture.com/cd-next/", "distance": "1"}
{"url": "https://parametric-architecture.com/patalks/", "distance": "1"}
{"url": "https://www.illusorr.com", "distance": "1"}
{"url": "https://parametric-architecture.com/shop/", "distance": "1"}
{"url": "https://parametric-architecture.com/subscribe/", "distance": "1"}
{"url": "https://www.instagram.com/parametric.architecture/", "distance": "1"}
{"url": "https://linkedin.com/company/parametric.architecture/", "distance": "1"}
{"url": "https://facebook.com/parametric.archi/", "distance": "1"}
{"url": "https://youtube.com/parametricarchitecture/", "distance": "1"}
{"url": "https://pinterest.com/parametricarchitecture/", "distance": "1"}
{"url": "https://parametric-architecture.com/", "distance": "1"}
{"url": "https://parametric-architecture.com/cart/", "distance": "1"}
{"url": "https://parametric-architecture.com/", "distance": "1"}
{"url": "https://parametric-architecture.com/", "distance": "1"}
{"url": "https://parametric-architecture.com/cart/", "distance": "1"}
{"url": "https://parametric-architecture.com/computational-design-next-6-0/", "distance": "1"}
{"url": "https://parametric-architecture.com/computational-design-next-6-0/", "distance": "1"}
{"url": "https://parametric-architecture.com/author/asli/", "distance": "1"}
{"url": "https://parametric-architecture.com/author/asli/", "distance": "1"}
{"url": "https://parametric-architecture.com/product/digital-ecology-generative-city-studio-soomeen-hahm/", "distance": "1"}
{"url": "https://parametric-architecture.com/product/architectural-follies-studio-erick-carcamo/", "distance": "1"}
{"url": "https://parametric-architecture.com/product/eco-parametric-structures-studio-mamou-mani-paacademy/", "distance": "1"}
{"url": "https://parametric-architecture.com/product/designing-for-robotic-fabrication/", "distance": "1"}
{"url": "https://parametric-architecture.com/product/the-illusion-of-form/", "distance": "1"}
{"url": "https://parametric-architecture.com/meandering-arcades-barjeel-art-foundation-museum/", "distance": "1"}
{"url": "https://parametric-architecture.com/author/hamid/", "distance": "1"}
{"url": "https://parametric-architecture.com/2019/11/", "distance": "1"}
{"url": "https://parametric-architecture.com/parametric-pavilion-in-monterrey-mexico-2/", "distance": "1"}
{"url": "https://parametric-architecture.com/author/admin-2/", "distance": "1"}
{"url": "https://parametric-architecture.com/2018/09/", "distance": "1"}
{"url": "https://parametric-architecture.com/espriss-cafe-hooba-design-group/", "distance": "1"}
{"url": "https://parametric-architecture.com/author/asli/", "distance": "1"}
{"url": "https://parametric-architecture.com/2018/10/", "distance": "1"}
{"url": "https://parametric-architecture.com/motion-in-the-shell-by-melike-altinisik-architects/", "distance": "1"}
{"url": "https://parametric-architecture.com/author/hamid/", "distance": "1"}
{"url": "https://parametric-architecture.com/2018/08/", "distance": "1"}
{"url": "https://parametric-architecture.com/parametric-design-as-a-catalyst-for-social-innovation-studio-nuru-karim/", "distance": "1"}
{"url": "https://parametric-architecture.com/pa-talks-36-designmorphine-founders/", "distance": "1"}
{"url": "https://parametric-architecture.com/author/saili/", "distance": "1"}
{"url": "https://parametric-architecture.com/2021/02/", "distance": "1"}
{"url": "https://parametric-architecture.com/pa-talks-01-han-tumertekin/", "distance": "1"}
{"url": "https://parametric-architecture.com/author/next/", "distance": "1"}
{"url": "https://parametric-architecture.com/2018/09/", "distance": "1"}
{"url": "https://parametric-architecture.com/pa-talks-26-emre-arolat/", "distance": "1"}
{"url": "https://parametric-architecture.com/author/admin-2/", "distance": "1"}
{"url": "https://parametric-architecture.com/2020/08/", "distance": "1"}
{"url": "https://parametric-architecture.com/pa-talks-24-moshe-safdie/", "distance": "1"}
{"url": "https://parametric-architecture.com/author/admin-2/", "distance": "1"}
{"url": "https://parametric-architecture.com/2020/06/", "distance": "1"}
{"url": "https://parametric-architecture.com/hygroscope-meteorosensitive-morphology/", "distance": "1"}
{"url": "https://parametric-architecture.com/author/hamid/", "distance": "1"}
{"url": "https://parametric-architecture.com/2018/08/", "distance": "1"}
{"url": "https://parametric-architecture.com/arum-by-zaha-hadid-architects-venice-biennale-2012/", "distance": "1"}
{"url": "https://parametric-architecture.com/author/hamid/", "distance": "1"}
{"url": "https://parametric-architecture.com/2018/08/", "distance": "1"}
{"url": "https://parametric-architecture.com/motion-in-the-shell-by-melike-altinisik-architects/", "distance": "1"}
{"url": "https://parametric-architecture.com/author/hamid/", "distance": "1"}
{"url": "https://parametric-architecture.com/2018/08/", "distance": "1"}
{"url": "https://parametric-architecture.com/involution-larry-martin-studio/", "distance": "1"}
{"url": "https://parametric-architecture.com/author/admin-2/", "distance": "1"}
{"url": "https://parametric-architecture.com/2018/08/", "distance": "1"}
{"url": "https://parametric-architecture.com/computational-design-next-6-0/", "distance": "1"}
{"url": "https://parametric-architecture.com", "distance": "1"}
{"url": "https://www.instagram.com/parametric.architecture/", "distance": "1"}
{"url": "https://linkedin.com/company/parametric.architecture/", "distance": "1"}
{"url": "https://facebook.com/parametric.archi/", "distance": "1"}
{"url": "https://youtube.com/parametricarchitecture/", "distance": "1"}
{"url": "https://pinterest.com/parametricarchitecture/", "distance": "1"}
{"url": "https://parametric-architecture.com/my-account/lost-password/", "distance": "1"}
{"url": "https://accounts.google.com/Login?hl=th&continue=https://scholar.google.de/schhp%3Fhl%3Dth", "distance": "1"}
{"url": "https://accounts.google.com/Login?hl=th&continue=https://scholar.google.de/schhp%3Fhl%3Dth", "distance": "1"}
{"url": "https://devilman.fandom.com/wiki/Devilman_Wiki:Community_Portal", "distance": "1"}
{"url": "https://devilman.fandom.com/wiki/Devilman_Wiki:Community_Portal", "distance": "1"}
{"url": "https://www.fandom.com/topics/games", "distance": "1"}
{"url": "https://www.fandom.com/topics/movies", "distance": "1"}
{"url": "https://www.fandom.com/topics/tv", "distance": "1"}
{"url": "https://www.fandom.com/video", "distance": "1"}
{"url": "https://www.fandom.com/register?redirect=https%3A%2F%2Fdevilman.fandom.com%2Fwiki%2FJinmen", "distance": "1"}
{"url": "https://www.fandom.com/signin?redirect=https%3A%2F%2Fdevilman.fandom.com%2Fwiki%2FJinmen", "distance": "1"}
{"url": "https://devilman.fandom.com/wiki/Devilman_Wiki:Community_Portal", "distance": "1"}
{"url": "https://devilman.fandom.com/wiki/Devilman_Wiki:Community_Portal", "distance": "1"}
{"url": "https://www.fandom.com/licensing", "distance": "1"}
{"url": "https://devilman.fandom.com/wiki/Jinmen?title=Jinmen&mobileaction=toggle_view_mobile", "distance": "1"}
{"url": "http://bit.ly/fandomshop1", "distance": "1"}
{"url": "https://bit.ly/WBEmailCap", "distance": "1"}
{"url": "http://bit.ly/NewFanLabWB", "distance": "1"}
{"url": "https://upload.wikimedia.org/wikipedia/commons/8/8f/Jinman.jpg", "distance": "1"}
{"url": "https://www.wikidata.org/wiki/Special:EntityPage/P4174", "distance": "1"}
{"url": "https://www.wikidata.org/wiki/Special:EntityPage/P2699", "distance": "1"}
{"url": "https://www.wikidata.org/wiki/Special:EntityPage/P2093", "distance": "1"}
{"url": "https://commons.wikimedia.org/w/index.php?title=File:Jinman.jpg&oldid=474542516", "distance": "1"}
{"url": "https://www.robitgroup.com/", "distance": "1"}
{"url": "https://www.youtube.com/user/RobitLtd", "distance": "1"}
{"url": "https://www.linkedin.com/company/oy-robit-rocktools-ltd/", "distance": "1"}
{"url": "https://twitter.com/robitgroup", "distance": "1"}
{"url": "https://www.facebook.com/RobitGroup/", "distance": "1"}
{"url": "https://www.instagram.com/robit_plc/", "distance": "1"}
{"url": "https://www.youtube.com/user/RobitLtd", "distance": "1"}
{"url": "https://www.linkedin.com/company/oy-robit-rocktools-ltd/", "distance": "1"}
{"url": "https://twitter.com/robitgroup", "distance": "1"}
{"url": "https://www.facebook.com/RobitGroup/", "distance": "1"}
{"url": "https://www.instagram.com/robit_plc/", "distance": "1"}
{"url": "https://www.robitgroup.com/contact-us/", "distance": "1"}
{"url": "https://www.robitgroup.com/products/casing-systems/", "distance": "1"}
{"url": "https://www.robitgroup.com/products/digital-services/", "distance": "1"}
{"url": "https://www.robitgroup.com/products/dth-drilling/", "distance": "1"}
{"url": "https://www.robitgroup.com/products/reverse-circulation/", "distance": "1"}
{"url": "https://www.robitgroup.com/products/top-hammer-drilling/", "distance": "1"}
{"url": "https://www.robitgroup.com/media/catalogues/", "distance": "1"}
{"url": "https://www.youtube.com/user/RobitLtd", "distance": "1"}
{"url": "https://www.linkedin.com/company/oy-robit-rocktools-ltd/", "distance": "1"}
{"url": "https://twitter.com/robitgroup", "distance": "1"}
{"url": "https://www.facebook.com/RobitGroup/", "distance": "1"}
{"url": "https://www.instagram.com/robit_plc/", "distance": "1"}
{"url": "https://www.howtopronounce.com", "distance": "1"}
{"url": "https://www.howtopronounce.com", "distance": "1"}
{"url": "https://www.howtopronounce.com/collections", "distance": "1"}
{"url": "https://www.howtopronounce.com/quiz", "distance": "1"}
{"url": "https://www.howtopronounce.com/page/community", "distance": "1"}
{"url": "https://www.howtopronounce.com/page/certificates", "distance": "1"}
{"url": "https://de.howtopronounce.com/jinman", "distance": "1"}
{"url": "https://es.howtopronounce.com/jinman", "distance": "1"}
{"url": "https://fr.howtopronounce.com/jinman", "distance": "1"}
{"url": "https://it.howtopronounce.com/jinman", "distance": "1"}
{"url": "https://hu.howtopronounce.com/jinman", "distance": "1"}
{"url": "https://nl.howtopronounce.com/jinman", "distance": "1"}
{"url": "https://pl.howtopronounce.com/jinman", "distance": "1"}
{"url": "https://pt.howtopronounce.com/jinman", "distance": "1"}
{"url": "https://ru.howtopronounce.com/jinman", "distance": "1"}
{"url": "https://ro.howtopronounce.com/jinman", "distance": "1"}
{"url": "https://sv.howtopronounce.com/jinman", "distance": "1"}
{"url": "https://tr.howtopronounce.com/jinman", "distance": "1"}
{"url": "https://cs.howtopronounce.com/jinman", "distance": "1"}
{"url": "https://el.howtopronounce.com/jinman", "distance": "1"}
{"url": "https://he.howtopronounce.com/jinman", "distance": "1"}
{"url": "https://zh.howtopronounce.com/jinman", "distance": "1"}
{"url": "https://ja.howtopronounce.com/jinman", "distance": "1"}
{"url": "https://www.howtopronounce.com/page/add-word", "distance": "1"}
{"url": "https://www.howtopronounce.com/page/add-pronunciation", "distance": "1"}
{"url": "https://www.howtopronounce.com/page/random", "distance": "1"}
{"url": "https://www.howtopronounce.com/collections/Z2mVPd-celebrities-who-survived-covid-19", "distance": "1"}
{"url": "https://www.howtopronounce.com/collections/B2X6eK-french-words", "distance": "1"}
{"url": "https://www.howtopronounce.com/collections/XKlYp0-italian", "distance": "1"}
{"url": "https://www.howtopronounce.com/collections/eK5B0r-french", "distance": "1"}
{"url": "https://www.howtopronounce.com/collections/X2aLD0-chennai-super-kings", "distance": "1"}
{"url": "https://www.howtopronounce.com/collections/OKjEdZ-spanish-vocabulary", "distance": "1"}
{"url": "https://www.howtopronounce.com/quiz/MKLPgK-kim-seok-jin", "distance": "1"}
{"url": "https://www.howtopronounce.com/quiz/V0W7E0-clothing-brands-and-logos", "distance": "1"}
{"url": "https://www.howtopronounce.com/quiz/BKJ82R-do-you-know-your-presidents-well", "distance": "1"}
{"url": "https://www.howtopronounce.com/quiz/9KxJj2-guess-the-app-food", "distance": "1"}
{"url": "https://www.howtopronounce.com/quiz/6dObg2-guess-the-car-logos", "distance": "1"}
