{"url": "http://www.real.com/realplayer/mac", "distance": 0}
{"url": "https://www.skype.com/en/get-skype/", "distance": 0}
{"url": "https://people.com/music/lindsey-buckingham-would-return-to-fleetwood-mac-but-stevie-nicks-needs-to-be-onboard/", "distance": 0}
{"url": "https://brendansmaccircuits.com/", "distance": 0}
{"url": "https://mrthrowback.com/products/starter-reversible-mac-miller-bandana-hat", "distance": 0}
{"url": "https://www.instagram.com/maccosmetics/?hl=en", "distance": 0}
{"url": "https://whatis.techtarget.com/definition/Mac-OS", "distance": 0}
{"url": "https://desktop.github.com/", "distance": 0}
{"url": "https://www.tandfonline.com/doi/full/10.1080/09523981003654944", "distance": 0}
{"url": "https://www.macspizzeria.co.uk/", "distance": 0}
{"url": "https://www.brooklynvegan.com/mac-demarco-ann/", "distance": 0}
{"url": "https://www.thecoldwire.com/why-are-macbooks-so-expensive/", "distance": 0}
{"url": "https://techterms.com/definition/macaddress", "distance": 0}
{"url": "https://www.forbes.com/sites/thomasbrewster/2021/04/26/update-your-mac-now-the-worst-hack-in-years-hits-apple-computers/", "distance": 0}
{"url": "https://www.computeroverhauls.com/", "distance": 0}
{"url": "https://www.rossmanngroup.com/", "distance": 0}
{"url": "https://altvr.com/altspacevr-mac/", "distance": 0}
{"url": "https://www.youtube.com/user/maccosmetics", "distance": 0}
{"url": "https://www.pcmag.com/reviews/apple-mac-mini-m1-late-2020", "distance": 0}
{"url": "https://www.notion.so/desktop", "distance": 0}
{"url": "https://www.theviewnyc.com/wp-content/uploads/2017/07/172623v2_NYCMQ_The-View_GroupMenus_Lounge_SpringSummer.pdf", "distance": 0}
{"url": "https://www.macrumors.com/", "distance": 0}
{"url": "https://blogs.vmware.com/teamfusion/2021/04/fusion-on-apple-silicon-progress-update.html", "distance": 0}
{"url": "https://www.today.com/recipes/antoni-s-baked-cheesy-mac-broccoli-recipe-t230828", "distance": 0}
{"url": "https://stocktwits.com/symbol/MAC", "distance": 0}
{"url": "https://www.dnainfo.com/new-york/20170109/park-slope/longtime-womens-boutiques-goldy-mac-flirt-brooklyn-both-closing", "distance": 0}
{"url": "https://www.macweb.com/", "distance": 0}
{"url": "https://streeteasy.com/building/110-mac-dougal-street-new_york", "distance": 0}
{"url": "https://9to5mac.com/guides/mac/", "distance": 0}
{"url": "https://getsomemaction.com/", "distance": 0}
{"url": "http://www.poconyc.com/", "distance": 0}
{"url": "https://www.bestbuy.com/site/apple/mac/pcmcat378600050017.c?id=pcmcat378600050017", "distance": 0}
{"url": "https://macspeedshop.com/", "distance": 0}
{"url": "https://www.houseofmac.com/", "distance": 0}
{"url": "https://cleanmymac.com/", "distance": 0}
{"url": "https://www.musicalartsconference.com/", "distance": 0}
{"url": "https://machelpnyc.com/", "distance": 0}
{"url": "https://store.steampowered.com/macos", "distance": 0}
{"url": "https://www.barbour.com/us/", "distance": 0}
{"url": "https://www.bhphotovideo.com/c/browse/mac/ci/37094", "distance": 0}
{"url": "https://makeitallwork.com/mac-support/", "distance": 0}
{"url": "https://signal.org/download/macos/", "distance": 0}
{"url": "https://www.parallels.com/", "distance": 0}
{"url": "https://www.linkedin.com/in/macmccarty", "distance": 0}
{"url": "https://www.theshopsatcolumbuscircle.com/shopping/mac/", "distance": 0}
{"url": "http://www.macsrestaurantparkridge.com/", "distance": 0}
{"url": "https://theriversiderehab.com/mac-makeover-evening-at-the-riverside/", "distance": 0}
{"url": "https://www.sportingnews.com/us/nfl/news/nfl-rookie-qb-grades-mac-jones-zach-wilson-trevor-lawrence/4knrccm6q7ti1t4ctwakxwxne", "distance": 0}
{"url": "https://www.metroatlantachamber.com/", "distance": 0}
{"url": "https://www.tripadvisor.com/LocationPhotoDirectLink-g60763-d8534818-i350407702-Ocean_Prime-New_York_City_New_York.html", "distance": 0}
{"url": "https://www.espn.com/nfl/story/_/id/32199768/mac-jones-impresses-debut-new-england-patriots-fall-miami-dolphins", "distance": 0}
{"url": "https://hub.docker.com/editions/community/docker-ce-desktop-mac", "distance": 0}
{"url": "https://www.sephora.sg/brands/mac-cosmetics", "distance": 0}
{"url": "https://shop.switch.com.my/shop?f_name=Mac&f_catid=19", "distance": 0}
{"url": "https://www.vulture.com/2021/09/mac-miller-mixtape-faces-to-be-released-october-15.html", "distance": 0}
{"url": "https://www.mactools.com/", "distance": 0}
{"url": "https://www.post-gazette.com/ae/music/2021/09/15/Mac-Miller-Faces-mixtape-will-hit-streaming-services-Oct-15/stories/202109150124", "distance": 0}
{"url": "https://www.shopmanhattanvillage.com/stores/mac-cosmetics/", "distance": 0}
{"url": "https://maxbrenner.com/", "distance": 0}
{"url": "https://macmavenconsulting.com/", "distance": 0}
{"url": "http://macspublichousesi.com/", "distance": 0}
{"url": "https://docs.anaconda.com/anaconda/install/mac-os/", "distance": 0}
{"url": "https://www.techradar.com/news/computing/apple/mac-buyer-s-guide-2015-1295725", "distance": 0}
{"url": "https://mactrucknyc.com/", "distance": 0}
{"url": "https://www.maccosmetics.com/", "distance": 0}
{"url": "https://www.bostonglobe.com/2021/09/14/sports/film-study-mac-jones-set-solid-benchmark-his-patriots-debut/", "distance": 0}
{"url": "https://www.iheartmacandcheese.com/menu", "distance": 0}
{"url": "https://time.com/1847/steve-jobs-mac/", "distance": 0}
{"url": "https://twitter.com/maccosmetics?lang=en", "distance": 0}
{"url": "https://filezilla-project.org/download.php?platform=osx", "distance": 0}
{"url": "https://www.nbcsports.com/boston/patriots/mac-jones-proved-he-can-be-quality-problem-solver-nfl-level", "distance": 0}
{"url": "https://beechershandmadecheese.com/pages/new-york", "distance": 0}
{"url": "https://www.patspulpit.com/2021/9/15/22674014/new-england-patriots-quarterback-mac-jones-named-pff-rookie-of-the-week", "distance": 0}
{"url": "https://store.simplymac.com/", "distance": 0}
{"url": "https://www.apple.com/mac/", "distance": 0}
{"url": "https://en.wikipedia.org/wiki/MacOS", "distance": 0}
{"url": "https://mashable.com/deals/sept-15-mac-mini", "distance": 0}
{"url": "https://www.theguardian.com/technology/2020/nov/13/macos-11-big-sur-review-the-mac-ipad-ified-for-the-future", "distance": 0}
{"url": "https://www.oracle.com/java/technologies/downloads/", "distance": 0}
{"url": "https://pitchfork.com/news/mac-miller-faces-coming-to-streaming-services-and-vinyl-for-the-first-time/", "distance": 0}
{"url": "http://www.freddiemac.com/pmms/", "distance": 0}
{"url": "https://www.masslive.com/patriots/2021/09/mac-jones-stepping-up-to-challenge-of-running-patriots-offense-as-a-rookie-josh-mcdaniels-says.html", "distance": 0}
{"url": "https://istorestm.com/2019/06/authorized-apple-iphone-repair-store-manhattan-new-york/", "distance": 0}
{"url": "https://www.mono-project.com/docs/getting-started/install/mac/", "distance": 0}
{"url": "https://www.idownloadblog.com/2018/06/19/legacy-apps-macos-mojave/", "distance": 0}
{"url": "https://foursquare.com/v/smac/449f923ff964a520c5341fe3", "distance": 0}
{"url": "https://www.videolan.org/vlc/download-macosx.html", "distance": 0}
{"url": "https://www.tripadvisor.com/ShowUserReviews-g60763-d632091-r264465158-S_MAC-New_York_City_New_York.html", "distance": 0}
{"url": "https://pilotmoon.com/popclip/", "distance": 0}
{"url": "https://mac.weixin.qq.com/", "distance": 0}
{"url": "https://www.manhattanarts.org/", "distance": 0}
{"url": "https://www.corsair.com/us/en/Categories/Products/Memory/Mac-Memory/p/CMSA64GX4M2A2666C18", "distance": 0}
{"url": "https://www.businessinsider.com/the-biggest-differences-between-macs-and-pcs", "distance": 0}
{"url": "https://www.ifixit.com/Device/Mac", "distance": 0}
{"url": "https://www.teamviewer.com/en-us/download/mac-os/", "distance": 0}
{"url": "https://www.malwarebytes.com/mac", "distance": 0}
{"url": "https://www.amazon.com/stores/Apple/Apple/page/77D9E1F7-0337-4282-9DB6-B6B8FB2DC98D", "distance": 0}
{"url": "https://support.zoom.us/hc/en-us/articles/203020795-Installing-the-Zoom-application-on-macOS", "distance": 0}
{"url": "https://www.indiatoday.in/technology/news/story/apple-likely-to-launch-redesigned-imac-compact-mac-pro-with-m-processors-this-year-1759693-2021-01-16", "distance": 0}
{"url": "https://www.computeroverhauls.com/sell-mac-pro-nyc.html", "distance": 0}
{"url": "https://www.usatoday.com/story/sports/nfl/patriots/2021/09/15/mac-jones-new-england-patriots-impressed-rookie-qb-toughness/8350139002/", "distance": 0}
{"url": "https://www.cnet.com/tech/computing/macos-monterey-check-if-your-computer-is-compatible-with-apples-new-os/", "distance": 0}
{"url": "https://sports.yahoo.com/bill-belichick-has-spent-years-making-rookie-q-bs-look-bad-now-he-has-to-help-mac-jones-look-great-181826472.html", "distance": 0}
{"url": "https://mckittrickhotel.com/", "distance": 0}
{"url": "https://www.nordstrom.com/brands/mac", "distance": 0}
{"url": "http://www.macpresents.com/", "distance": 0}
{"url": "https://www.macworld.com/", "distance": 0}
{"url": "https://www.allmenus.com/ny/garden-city/390946-mac-n-melts/menu/", "distance": 0}
{"url": "https://technitium.com/tmac/", "distance": 0}
{"url": "https://skylum.com/blog/how-to-use-macs-built-in-image-editor", "distance": 0}
{"url": "https://arstechnica.com/gadgets/2021/06/apple-macos-monterey-announced-details-new-features/", "distance": 0}
{"url": "https://edu.gcfglobal.org/en/topics/macos/", "distance": 0}
{"url": "https://www.cnbc.com/2021/05/18/apple-imac-m1-2021-review-beautiful-high-functioning.html", "distance": 0}
{"url": "https://www.nytimes.com/2021/09/13/technology/apple-software-update-spyware-nso-group.html", "distance": 0}
{"url": "https://macpaw.com/how-to/use-terminal-on-mac", "distance": 0}
{"url": "https://openmodelica.org/download/download-mac", "distance": 0}
{"url": "https://www.wired.com/tag/mac/", "distance": 0}
{"url": "https://gadgetarq.com/apple/how-to-set-up-your-new-mac/?amp", "distance": 0}
{"url": "https://macsupportstore.com/", "distance": 0}
{"url": "https://www.brownthomas.com/brands/mac/", "distance": 0}
{"url": "https://www.speedtest.net/apps/mac", "distance": 0}
{"url": "https://www.ulta.com/brand/mac", "distance": 0}
{"url": "https://www.eatsmac.com/", "distance": 0}
{"url": "https://www.macstadium.com/", "distance": 0}
{"url": "https://www.android.com/filetransfer/", "distance": 0}
{"url": "https://www.murrayscheese.com/Murrays-Mac-and-Cheese", "distance": 0}
{"url": "http://www.mackenziepartners.com/mackenzie-partners-team.php", "distance": 0}
{"url": "https://www.costco.com/mac.html", "distance": 0}
{"url": "https://iterm2.com/", "distance": 0}
{"url": "https://eshop.macsales.com/", "distance": 0}
{"url": "https://macgym.com/", "distance": 0}
{"url": "https://www.mcdonalds.com/us/en-us.html", "distance": 0}
{"url": "http://research.amnh.org/users/mordecai/", "distance": 0}
{"url": "https://it.cornell.edu/device-security/set-your-macs-screen-lock-automatically", "distance": 0}
{"url": "https://monstermac.com/", "distance": 0}
{"url": "https://www.reddit.com/r/mac/", "distance": 0}
{"url": "https://m.yelp.com/biz/monster-mac-new-york", "distance": 0}
{"url": "https://www.spotify.com/us/download/mac/", "distance": 0}
{"url": "https://www.complex.com/music/mac-miller-faces-mixtape-streaming-release-date-colors-and-shapes-video/", "distance": 0}
{"url": "https://www.computerworld.com/article/3599210/windows-runs-fast-on-apple-silicon-developer-shows.html", "distance": 0}
{"url": "http://www.dawnmauberretevents.com/", "distance": 0}
{"url": "https://www.bloomberg.com/news/articles/2018-04-02/apple-is-said-to-plan-move-from-intel-to-own-mac-chips-from-2020", "distance": 0}
{"url": "https://www.macg.co/", "distance": 0}
{"url": "https://www.macofalltrades.com/", "distance": 0}
{"url": "https://support.clarivate.com/Endnote/s/article/EndNote-X8-Mac-and-EndNote-online-Mac-CWYW-tools-in-Microsoft-Word-2016-Troubleshooting-guide", "distance": 0}
{"url": "https://themaclive.com/", "distance": 0}
{"url": "https://www.cnn.com/videos/business/2021/04/20/imac-apple-event-announcement-sb.cnn-business", "distance": 0}
{"url": "https://www.facebook.com/MACcosmetics/", "distance": 0}
{"url": "https://www.manhattan-institute.org/expert/heather-mac-donald", "distance": 0}
{"url": "https://www.cbssports.com/nfl/news/patriots-stock-up-stock-down-after-week-1-loss-mac-jones-rises-bill-belichick-coaching-staff-fall/", "distance": 0}
{"url": "https://madmacnyc.com/", "distance": 0}
{"url": "https://www.boston.com/sports/new-england-patriots/2021/09/14/nfl-executive-mac-jones-sees-the-game-very-quickly-for-a-young-player/", "distance": 0}
{"url": "https://www.collinsdictionary.com/us/dictionary/english/mac", "distance": 0}
{"url": "https://www.manhattanmovement.com/", "distance": 0}
{"url": "https://www.nvidia.com/en-us/drivers/cuda/macosx-cuda-7-5-21-driver/", "distance": 0}
{"url": "https://www.patriots.com/news/nfl-notes-mac-jones-rumor-misses-the-mark", "distance": 0}
{"url": "https://slack.com/downloads/mac", "distance": 0}
{"url": "https://appleinsider.com/articles/21/09/13/microsoft-says-windows-on-arm-will-not-support-apple-m1-macs", "distance": 0}
{"url": "https://mikestechshop.com/", "distance": 0}
{"url": "https://www.timessquarenyc.org/locations/mac-cosmetics", "distance": 0}
{"url": "https://macsteak.com/", "distance": 0}
{"url": "https://www.mozilla.org/en-US/firefox/mac/", "distance": 0}
{"url": "https://www.theverge.com/2021/9/14/22674369/apple-iphone-13-event-2021-announcements-missing-m1x-macbook-pros-airpods-3-macos-monterey", "distance": 0}
{"url": "https://macwattsmusic.com/home", "distance": 0}
{"url": "https://www.imore.com/mac", "distance": 0}
{"url": "https://macbirmingham.co.uk/", "distance": 0}
{"url": "http://sourabhbajaj.com/mac-setup/", "distance": 0}
{"url": "https://www.lookfantastic.com/brands/mac.list", "distance": 0}
{"url": "https://evernote.com/download", "distance": 0}
{"url": "https://techcrunch.com/2020/11/17/the-new-mac-mini-the-revival-of-the-no-compromise-low-cost-mac/", "distance": 0}
{"url": "https://www.businessinsider.com/how-to-change-language-on-mac", "distance": 0}
{"url": "https://www.citrix.com/downloads/workspace-app/mac/workspace-app-for-mac-latest.html", "distance": 0}
{"url": "https://help.overdrive.com/en-us/9994.html", "distance": 0}
{"url": "https://www.microsoft.com/en-us/microsoft-365/mac/microsoft-365-for-mac", "distance": 0}
{"url": "https://www.cms.gov/Medicare/Medicare-Contracting/FFSProvCustSvcGen/MAC-Website-List", "distance": 0}
{"url": "https://musketfire.com/2021/09/14/patriots-3-mac-jones-plays-dolphins/", "distance": 0}
{"url": "https://www.boots.com/mac", "distance": 0}
{"url": "https://nypost.com/2021/09/15/mac-jones-girlfriend-sophie-scott-is-loving-life-with-the-patriots/", "distance": 0}
{"url": "http://www.paddymacschicago.com/", "distance": 0}
{"url": "http://pizzarepublic.com/", "distance": 0}
{"url": "https://bombich.com/", "distance": 0}
{"url": "https://www.apple.com/", "distance": 0}
{"url": "https://www.zdnet.com/article/how-bad-is-the-m1-macs-ssd-failure-problem/", "distance": 0}
{"url": "https://promacnyc.com/", "distance": 0}
{"url": "https://macseugenecatering.com/", "distance": 0}
{"url": "https://www.pixelmator.com/", "distance": 0}
{"url": "https://macm.org/en/", "distance": 0}
{"url": "https://panic.com/coda/", "distance": 0}
{"url": "https://browser.geekbench.com/mac-benchmarks", "distance": 0}
{"url": "https://ny.eater.com/2019/7/15/20692103/cafeteria-chelsea-ode-nyc-still-open", "distance": 0}
{"url": "https://en.wikipedia.org/wiki/Macintosh_operating_systems", "distance": 0}
{"url": "https://people.com/home/tarek-el-moussa-and-heather-rae-young-cutest-photos/", "distance": "1"}
{"url": "https://people.com/pets/meowtalk-app-translate-cat-meows/", "distance": "1"}
{"url": "https://people.com/royals/prince-harry-and-princess-diana-photos/", "distance": "1"}
{"url": "https://people.com/tag/news/", "distance": "1"}
{"url": "https://people.com/celebrity/stars-who-came-out-in-2021/", "distance": "1"}
{"url": "https://people.com/entertainment/", "distance": "1"}
{"url": "https://people.com/tv/jeopardy-celebrity-hosts-best-and-worst-moments/", "distance": "1"}
{"url": "https://people.com/lifestyle/", "distance": "1"}
{"url": "https://people.com/lifestyle/fathers-day-gift-guide-2021-editors-picks/", "distance": "1"}
{"url": "https://people.com/tag/shopping", "distance": "1"}
{"url": "https://people.com/podcasts/", "distance": "1"}
{"url": "https://www.magazine.store/people/?utm_source=people.com&utm_medium=owned&utm_campaign=i905ppr5w1229", "distance": "1"}
{"url": "https://people.com/sweepstakes/", "distance": "1"}
{"url": "https://my.community.com/people", "distance": "1"}
{"url": "https://people.com/tv/darrell-hammond-remembers-late-snl-costar-norm-macdonald/", "distance": "1"}
{"url": "https://people.com/style/patricia-field-talks-not-returning-to-sex-and-the-city-reboot/", "distance": "1"}
{"url": "https://people.com/human-interest/hayley-arceneaux-spacex-inspiration4-diaries/", "distance": "1"}
{"url": "https://people.com/movies/jessica-chastain-and-husband-gian-luca-passi-de-preposulo-have-fun-date-night-at-tammy-faye-premiere/", "distance": "1"}
{"url": "https://my.community.com/people", "distance": "1"}
{"url": "https://x.specialoffers.meredith.com/ats/show.aspx?cr=588&fm=224&regSource=23015", "distance": "1"}
{"url": "https://support.google.com/chrome/answer/3220216", "distance": "1"}
{"url": "https://support.mozilla.org/en-US/kb/push-notifications-firefox", "distance": "1"}
{"url": "https://support.apple.com/guide/safari/customize-website-notifications-sfri40734/mac", "distance": "1"}
{"url": "https://blogs.windows.com/msedgedev/2016/05/16/web-notifications-microsoft-edge/", "distance": "1"}
{"url": "https://www.real.com/", "distance": "1"}
{"url": "https://chrome.google.com/webstore/detail/cekfcegjabgmialbhdlhjolokiiffpmi", "distance": "1"}
{"url": "https://discover.real.com/", "distance": "1"}
{"url": "http://www.townsquaremedia.com", "distance": "1"}
{"url": "https://taylorandfrancis.formstack.com/forms/tfoguest_signup", "distance": "1"}
{"url": "http://facebook.com/TaylorandFrancisGroup", "distance": "1"}
{"url": "https://twitter.com/tandfonline", "distance": "1"}
{"url": "http://linkedin.com/company/taylor-&-francis-group", "distance": "1"}
{"url": "https://www.youtube.com/user/TaylorandFrancis", "distance": "1"}
{"url": "http://www.weibo.com/tandfchina", "distance": "1"}
{"url": "http://taylorandfrancis.com/", "distance": "1"}
{"url": "https://aka.ms/AvrMacNoAv", "distance": "1"}
{"url": "https://users.techtarget.com/registration/WhatIs/LoginRegister.page", "distance": "1"}
{"url": "https://users.techtarget.com/registration/WhatIs/Register.page", "distance": "1"}
{"url": "https://whatis.techtarget.com/rss", "distance": "1"}
{"url": "https://whatis.techtarget.com", "distance": "1"}
{"url": "https://whatis.techtarget.com/glossary/Operating-Systems", "distance": "1"}
{"url": "https://whatis.techtarget.com/glossary/Application-Development", "distance": "1"}
{"url": "https://whatis.techtarget.com/glossary/Application-Development", "distance": "1"}
{"url": "https://whatis.techtarget.com/glossary/Enterprise-Business-Software", "distance": "1"}
{"url": "https://whatis.techtarget.com/glossary/Computer-Science", "distance": "1"}
{"url": "https://whatis.techtarget.com/glossary/Consumer-Technology", "distance": "1"}
{"url": "https://whatis.techtarget.com/glossary/Data-Center", "distance": "1"}
{"url": "https://whatis.techtarget.com/glossary/IT-Management", "distance": "1"}
{"url": "https://whatis.techtarget.com/glossary/Networking", "distance": "1"}
{"url": "https://whatis.techtarget.com/glossary/Security", "distance": "1"}
{"url": "https://whatis.techtarget.com/glossary/Storage-and-Data-Management", "distance": "1"}
{"url": "https://whatis.techtarget.com/resources", "distance": "1"}
{"url": "https://shop.computeroverhauls.com/", "distance": "1"}
{"url": "https://support.computeroverhauls.com/hc/en-us?flash_digest=deec91d29516e35137309b300cb1ad91e6ae40e0", "distance": "1"}
{"url": "https://shop.computeroverhauls.com/", "distance": "1"}
{"url": "https://shop.computeroverhauls.com/", "distance": "1"}
{"url": "https://shop.computeroverhauls.com/", "distance": "1"}
{"url": "https://shop.computeroverhauls.com/", "distance": "1"}
{"url": "https://www.facebook.com/computeroverhauls", "distance": "1"}
{"url": "https://www.google.com/search?q=computer+overhauls&oq=computer+overhauls&aqs=chrome..69i57j69i60l2j69i61j69i65l2.2234j0j4&sourceid=chrome&ie=UTF-8#lrd=0x89c259afb360ab8b:0xa6f5f39768c461ae,1,", "distance": "1"}
{"url": "http://www.yelp.com/biz/computer-overhauls-new-york", "distance": "1"}
{"url": "https://shop.computeroverhauls.com/", "distance": "1"}
{"url": "https://shop.computeroverhauls.com/", "distance": "1"}
{"url": "https://shop.computeroverhauls.com/", "distance": "1"}
{"url": "http://shop.computeroverhauls.com/", "distance": "1"}
{"url": "https://shop.computeroverhauls.com/", "distance": "1"}
{"url": "https://shop.computeroverhauls.com/", "distance": "1"}
{"url": "http://shop.computeroverhauls.com/", "distance": "1"}
{"url": "http://www.yelp.com/biz/computer-overhauls-new-york", "distance": "1"}
{"url": "https://www.google.com/search?q=computer+overhauls&oq=computer+overhauls&aqs=chrome..69i57j69i60l2j69i61j69i65l2.2234j0j4&sourceid=chrome&ie=UTF-8#lrd=0x89c259afb360ab8b:0xa6f5f39768c461ae,1,", "distance": "1"}
{"url": "https://www.facebook.com/computeroverhauls", "distance": "1"}
{"url": "https://www.pcmag.com", "distance": "1"}
{"url": "https://www.facebook.com/sharer.php?u=https%3A%2F%2Fwww.pcmag.com%2Freviews%2Fapple-mac-mini-m1-late-2020", "distance": "1"}
{"url": "https://twitter.com/intent/tweet?url=https%3A%2F%2Fwww.pcmag.com%2Freviews%2Fapple-mac-mini-m1-late-2020&text=Apple%20Mac%20mini%20%28M1%2C%20Late%202020%29&hashtags=PCMag", "distance": "1"}
{"url": "https://share.flipboard.com/bookmarklet/popout?v=2&url=https%3A%2F%2Fwww.pcmag.com%2Freviews%2Fapple-mac-mini-m1-late-2020&title=Apple%20Mac%20mini%20%28M1%2C%20Late%202020%29", "distance": "1"}
{"url": "https://share.flipboard.com/bookmarklet/popout?v=2&url=https%3A%2F%2Fwww.pcmag.com%2Freviews%2Fapple-mac-mini-m1-late-2020&title=Apple%20Mac%20mini%20%28M1%2C%20Late%202020%29", "distance": "1"}
{"url": "http://pinterest.com/pin/create/button/?url=https%3A%2F%2Fwww.pcmag.com%2Freviews%2Fapple-mac-mini-m1-late-2020&description=Apple%20Mac%20mini%20%28M1%2C%20Late%202020%29", "distance": "1"}
{"url": "http://www.reddit.com/submit?url=https%3A%2F%2Fwww.pcmag.com%2Freviews%2Fapple-mac-mini-m1-late-2020&title=Apple%20Mac%20mini%20%28M1%2C%20Late%202020%29", "distance": "1"}
{"url": "https://www.linkedin.com/shareArticle?mini=true&url=https%3A%2F%2Fwww.pcmag.com%2Freviews%2Fapple-mac-mini-m1-late-2020&title=Apple%20Mac%20mini%20%28M1%2C%20Late%202020%29&source=PCMag", "distance": "1"}
{"url": "https://cc.pcmag.com/v1/otc/01r1WRIAJykbQgN4oGQ8FSi?merchant=05kie42h3YvHwjr4G1w80Qq&url=https%3A%2F%2Fwww.amazon.com%2F2020-Apple-Mini-256GB-Storage%2Fdp%2FB08N5PHB83%2F&t=review-page&m=score-card-persistent&e=buy-button&i=offer&p=1&el=%24599.99+at+Amazon+%24699.00+Save+%2499.01+See+It&u=https%3A%2F%2Fwww.pcmag.com%2Freviews%2Fapple-mac-mini-m1-late-2020&cd2=StandardReview&cd61=review&cd62=048uqcL60FK6NeedR23Bfvo&cd63=06ANU99ZA5Jp5Ngpvjo16HM", "distance": "1"}
{"url": "https://cc.pcmag.com/v1/otc/01r1WRIAJykbQgN4oGQ8FSi?merchant=07jJjtWh5ipViaZJ4gyA8wV&url=https%3A%2F%2Fwww.adorama.com%2Facmgnr3lla.html%3Femailprice%3Dt&t=review-page&m=score-card-persistent&e=buy-button&i=offer&p=2&el=%24639.00+at+Adorama+%24699.00+Save+%2460.00+See+It&u=https%3A%2F%2Fwww.pcmag.com%2Freviews%2Fapple-mac-mini-m1-late-2020&cd2=StandardReview&cd61=review&cd62=048uqcL60FK6NeedR23Bfvo&cd63=06ANU99ZA5Jp5Ngpvjo16HM", "distance": "1"}
{"url": "https://cc.pcmag.com/v1/otc/01r1WRIAJykbQgN4oGQ8FSi?merchant=07ceq7iAfFfRlRYt8DCvPYM&url=https%3A%2F%2Fwww.bestbuy.com%2Fsite%2Fmac-mini-desktop-apple-m1-chip-8gb-memory-256gb-ssd-latest-model-silver%2F6427497.p%3FskuId%3D64274&t=review-page&m=score-card-persistent&e=buy-button&i=offer&p=3&el=%24699.99+at+Best+Buy+See+It&u=https%3A%2F%2Fwww.pcmag.com%2Freviews%2Fapple-mac-mini-m1-late-2020&cd2=StandardReview&cd61=review&cd62=048uqcL60FK6NeedR23Bfvo&cd63=06ANU99ZA5Jp5Ngpvjo16HM", "distance": "1"}
{"url": "https://www.pcmag.com/about/pcmagcom-mission-statement", "distance": "1"}
{"url": "https://www.ziffdavis.com/terms-of-use#endorsement", "distance": "1"}
{"url": "https://cc.pcmag.com/v1/otc/01r1WRIAJykbQgN4oGQ8FSi?merchant=05kie42h3YvHwjr4G1w80Qq&url=https%3A%2F%2Fwww.amazon.com%2FApple-3-6GHz-quad-core-Intel-processor%2Fdp%2FB07K2M9FLB&t=review-page&m=similar-products-carousel&e=product-tile&i=buy-button&p=1&el=%24778.73+See+It+at+Amazon&u=https%3A%2F%2Fwww.pcmag.com%2Freviews%2Fapple-mac-mini-m1-late-2020&cd2=StandardReview&cd61=review&cd62=03KBpbSnv7GLMpyXIqyD9kh&cd63=064sCyS3pktoqkLUjTasie4", "distance": "1"}
{"url": "https://cc.pcmag.com/v1/otc/01r1WRIAJykbQgN4oGQ8FSi?merchant=05kie42h3YvHwjr4G1w80Qq&url=https%3A%2F%2Fwww.amazon.com%2Fgp%2Fproduct%2FB08N5LLDSG%2Fref%3Dox_sc_act_title_1%3Fsmid%3DATVPDKIKX0DER%26th%3D1&t=review-page&m=similar-products-carousel&e=product-tile&i=buy-button&p=2&el=%241%2C149.99+See+It+at+Amazon&u=https%3A%2F%2Fwww.pcmag.com%2Freviews%2Fapple-mac-mini-m1-late-2020&cd2=StandardReview&cd61=review&cd62=00gJUSqwVTQNlVxAomoFLkV&cd63=04ubk5rLTdjyH1TFO9S5c3i", "distance": "1"}
{"url": "https://cc.pcmag.com/v1/otc/01r1WRIAJykbQgN4oGQ8FSi?merchant=05kie42h3YvHwjr4G1w80Qq&url=https%3A%2F%2Fwww.amazon.com%2FApple-MacBook-13-inch-256GB-Storage%2Fdp%2FB08N5LNQCX&t=review-page&m=similar-products-carousel&e=product-tile&i=buy-button&p=3&el=%24949.99+See+It+at+Amazon&u=https%3A%2F%2Fwww.pcmag.com%2Freviews%2Fapple-mac-mini-m1-late-2020&cd2=StandardReview&cd61=review&cd62=02pPlSC851BxRP4BFdufSBJ&cd63=05vi5o4ZBef5QODmIV85uLB", "distance": "1"}
{"url": "https://cc.pcmag.com/v1/otc/01r1WRIAJykbQgN4oGQ8FSi?merchant=05kie42h3YvHwjr4G1w80Qq&url=https%3A%2F%2Fwww.amazon.com%2Fgp%2Fproduct%2FB0881ZZDZD&t=review-page&m=similar-products-carousel&e=product-tile&i=buy-button&p=4&el=%241%2C097.94+See+It+at+Amazon&u=https%3A%2F%2Fwww.pcmag.com%2Freviews%2Fapple-mac-mini-m1-late-2020&cd2=StandardReview&cd61=review&cd62=038Dr5TVEpwIv8rCljx6UcF&cd63=00ncjtaOjVg533bsUSdSQLl", "distance": "1"}
{"url": "https://cc.pcmag.com/v1/otc/01r1WRIAJykbQgN4oGQ8FSi?merchant=05kie42h3YvHwjr4G1w80Qq&url=https%3A%2F%2Fwww.amazon.com%2Fgp%2Fproduct%2FB081FZV45H%2F&t=review-page&m=similar-products-carousel&e=product-tile&i=buy-button&p=5&el=%242%2C285.00+See+It+at+Amazon&u=https%3A%2F%2Fwww.pcmag.com%2Freviews%2Fapple-mac-mini-m1-late-2020&cd2=StandardReview&cd61=review&cd62=0227QDT3xYwn3xEOpyiJpNU&cd63=05v8vBpSe0etymyucYUzyJl", "distance": "1"}
{"url": "https://cc.pcmag.com/v1/otc/01r1WRIAJykbQgN4oGQ8FSi?merchant=05kie42h3YvHwjr4G1w80Qq&url=https%3A%2F%2Fwww.amazon.com%2FApple-MacBook-13-inch-256GB-Storage%2Fdp%2FB0863D4XJW%2F&t=review-page&m=similar-products-carousel&e=product-tile&i=buy-button&p=6&el=%24999.00+See+It+at+Amazon&u=https%3A%2F%2Fwww.pcmag.com%2Freviews%2Fapple-mac-mini-m1-late-2020&cd2=StandardReview&cd61=review&cd62=05CbcW9cP4o0rqbCnVB2OFZ&cd63=05y6rAGjj5iVrm7YwiYTCp1", "distance": "1"}
{"url": "https://cc.pcmag.com/v1/otc/01r1WRIAJykbQgN4oGQ8FSi?merchant=05kie42h3YvHwjr4G1w80Qq&url=https%3A%2F%2Fwww.amazon.com%2F2020-Apple-Mini-256GB-Storage%2Fdp%2FB08N5PHB83%2F&t=review-page&m=product-cards&e=product-card&i=image&p=1&el=&u=https%3A%2F%2Fwww.pcmag.com%2Freviews%2Fapple-mac-mini-m1-late-2020&cd2=StandardReview&cd61=review&cd62=048uqcL60FK6NeedR23Bfvo&cd63=06ANU99ZA5Jp5Ngpvjo16HM", "distance": "1"}
{"url": "https://cc.pcmag.com/v1/otc/01r1WRIAJykbQgN4oGQ8FSi?merchant=05kie42h3YvHwjr4G1w80Qq&url=https%3A%2F%2Fwww.amazon.com%2F2020-Apple-Mini-256GB-Storage%2Fdp%2FB08N5PHB83%2F&t=review-page&m=product-cards&e=product-card&i=buy-button&p=1&el=See+It+%24599.99+at+Amazon&u=https%3A%2F%2Fwww.pcmag.com%2Freviews%2Fapple-mac-mini-m1-late-2020&cd2=StandardReview&cd61=review&cd62=048uqcL60FK6NeedR23Bfvo&cd63=06ANU99ZA5Jp5Ngpvjo16HM", "distance": "1"}
{"url": "https://www.pcmag.com/newsletter_manage", "distance": "1"}
{"url": "https://cc.pcmag.com/v1/otc/01r1WRIAJykbQgN4oGQ8FSi?merchant=05kie42h3YvHwjr4G1w80Qq&url=https%3A%2F%2Fwww.amazon.com%2F2020-Apple-Mini-256GB-Storage%2Fdp%2FB08N5PHB83%2F&t=review-page&m=toc-commerce&e=toc-commerce-link&i=toc-commerce-list&p=1&el=Apple+Mac+mini+%28M1%2C+Late+2020%29+%24599.99+at+Amazon+See+It&u=https%3A%2F%2Fwww.pcmag.com%2Freviews%2Fapple-mac-mini-m1-late-2020&cd2=StandardReview&cd61=review&cd62=048uqcL60FK6NeedR23Bfvo&cd63=06ANU99ZA5Jp5Ngpvjo16HM", "distance": "1"}
{"url": "https://www.vmware.com/", "distance": "1"}
{"url": "https://blogs.vmware.com/teamfusion/", "distance": "1"}
{"url": "https://blogs.vmware.com/teamfusion/apple", "distance": "1"}
{"url": "https://blogs.vmware.com/teamfusion/fusion", "distance": "1"}
{"url": "https://blogs.vmware.com/teamfusion/linux", "distance": "1"}
{"url": "https://blogs.vmware.com/teamfusion/virtualization", "distance": "1"}
{"url": "https://blogs.vmware.com/teamfusion/author/michaelroy", "distance": "1"}
{"url": "https://blogs.vmware.com/teamfusion/author/michaelroy", "distance": "1"}
{"url": "https://blogs.vmware.com/teamfusion/apple", "distance": "1"}
{"url": "https://blogs.vmware.com/teamfusion/author/michaelroy", "distance": "1"}
{"url": "https://blogs.vmware.com/teamfusion/2020/11/fusion-12-1-now-shipping.html", "distance": "1"}
{"url": "https://blogs.vmware.com/teamfusion/fusion", "distance": "1"}
{"url": "https://blogs.vmware.com/teamfusion/author/michaelroy", "distance": "1"}
{"url": "https://blogs.vmware.com/teamfusion/2020/07/fusion-big-sur-tech-preview.html", "distance": "1"}
{"url": "https://blogs.vmware.com/teamfusion/apple", "distance": "1"}
{"url": "https://blogs.vmware.com/teamfusion/author/michaelroy", "distance": "1"}
{"url": "https://blogs.vmware.com/teamfusion/2020/05/fusion-11-5-now-supports-containers.html", "distance": "1"}
{"url": "https://blogs.vmware.com/teamfusion/containers", "distance": "1"}
{"url": "https://blogs.vmware.com/teamfusion/author/michaelroy", "distance": "1"}
{"url": "https://blogs.vmware.com/teamfusion/2020/05/directx-11-now-with-fusion-tp20h2.html", "distance": "1"}
{"url": "https://blogs.vmware.com/teamfusion/fusion", "distance": "1"}
{"url": "https://blogs.vmware.com/teamfusion/author/michaelroy", "distance": "1"}
{"url": "https://blogs.vmware.com/teamfusion/2020/01/fusion-tp20h1-introducing-nautilus.html", "distance": "1"}
{"url": "https://blogs.vmware.com/teamfusion/cloud-native", "distance": "1"}
{"url": "https://blogs.vmware.com/teamfusion/author/michaelroy", "distance": "1"}
{"url": "https://blogs.vmware.com/teamfusion/2019/09/vmware-fusion-11-5-available-now.html", "distance": "1"}
{"url": "https://blogs.vmware.com/teamfusion/fusion", "distance": "1"}
{"url": "https://blogs.vmware.com/teamfusion/author/michaelroy", "distance": "1"}
{"url": "https://blogs.vmware.com/teamfusion/2019/08/vmworld-2019-fusion-and-workstation-announcements.html", "distance": "1"}
{"url": "https://blogs.vmware.com/teamfusion/fusion", "distance": "1"}
{"url": "https://blogs.vmware.com/teamfusion/author/michaelroy", "distance": "1"}
{"url": "https://blogs.vmware.com/teamfusion/2018/06/fusion-tech-preview-2018.html", "distance": "1"}
{"url": "https://blogs.vmware.com/teamfusion/beta", "distance": "1"}
{"url": "https://blogs.vmware.com/teamfusion/author/michaelroy", "distance": "1"}
{"url": "https://blogs.vmware.com/teamfusion/2017/12/apple-showcases-fusion-on-imac-pro.html", "distance": "1"}
{"url": "https://blogs.vmware.com/teamfusion/apple", "distance": "1"}
{"url": "https://blogs.vmware.com/teamfusion/author/michaelroy", "distance": "1"}
{"url": "https://blogs.vmware.com/teamfusion/2017/06/brand-new-apple-macbook-pro-3k-vmware-fusion-160-running-got-windows-apps-sweet-setup-priceless.html", "distance": "1"}
{"url": "https://blogs.vmware.com/teamfusion/fusion", "distance": "1"}
{"url": "https://blogs.vmware.com/teamfusion/author/andy_morris", "distance": "1"}
{"url": "https://blogs.vmware.com/teamfusion/fusion", "distance": "1"}
{"url": "https://blogs.vmware.com/teamfusion/author/michaelroy", "distance": "1"}
{"url": "https://blogs.vmware.com/teamfusion/2021/04/fusion-on-apple-silicon-progress-update.html#comment-397219", "distance": "1"}
{"url": "https://blogs.vmware.com/teamfusion/2021/04/fusion-on-apple-silicon-progress-update.html#comment-397276", "distance": "1"}
{"url": "https://blogs.vmware.com/teamfusion/2021/04/fusion-on-apple-silicon-progress-update.html#comment-397316", "distance": "1"}
{"url": "https://blogs.vmware.com/teamfusion/2021/04/fusion-on-apple-silicon-progress-update.html#comment-397364", "distance": "1"}
{"url": "https://blogs.vmware.com/teamfusion/2021/04/fusion-on-apple-silicon-progress-update.html#comment-397416", "distance": "1"}
{"url": "https://blogs.vmware.com/teamfusion/2021/04/fusion-on-apple-silicon-progress-update.html#comment-398203", "distance": "1"}
{"url": "https://blogs.vmware.com/teamfusion/2021/04/fusion-on-apple-silicon-progress-update.html#comment-397221", "distance": "1"}
{"url": "https://blogs.vmware.com/teamfusion/2021/04/fusion-on-apple-silicon-progress-update.html#comment-397246", "distance": "1"}
{"url": "https://blogs.vmware.com/teamfusion/2021/04/fusion-on-apple-silicon-progress-update.html#comment-397260", "distance": "1"}
{"url": "https://blogs.vmware.com/teamfusion/2021/04/fusion-on-apple-silicon-progress-update.html#comment-397279", "distance": "1"}
{"url": "https://blogs.vmware.com/teamfusion/2021/04/fusion-on-apple-silicon-progress-update.html#comment-397222", "distance": "1"}
{"url": "https://blogs.vmware.com/teamfusion/2021/04/fusion-on-apple-silicon-progress-update.html#comment-397224", "distance": "1"}
{"url": "https://blogs.vmware.com/teamfusion/2021/04/fusion-on-apple-silicon-progress-update.html#comment-397225", "distance": "1"}
{"url": "https://blogs.vmware.com/teamfusion/2021/04/fusion-on-apple-silicon-progress-update.html#comment-397341", "distance": "1"}
{"url": "https://blogs.vmware.com/teamfusion/2021/04/fusion-on-apple-silicon-progress-update.html#comment-397460", "distance": "1"}
{"url": "https://blogs.vmware.com/teamfusion/2021/04/fusion-on-apple-silicon-progress-update.html#comment-397232", "distance": "1"}
{"url": "https://blogs.vmware.com/teamfusion/2021/04/fusion-on-apple-silicon-progress-update.html#comment-397250", "distance": "1"}
{"url": "https://blogs.vmware.com/teamfusion/2021/04/fusion-on-apple-silicon-progress-update.html#comment-397251", "distance": "1"}
{"url": "https://blogs.vmware.com/teamfusion/2021/04/fusion-on-apple-silicon-progress-update.html#comment-397253", "distance": "1"}
{"url": "https://blogs.vmware.com/teamfusion/2021/04/fusion-on-apple-silicon-progress-update.html#comment-397261", "distance": "1"}
{"url": "https://blogs.vmware.com/teamfusion/2021/04/fusion-on-apple-silicon-progress-update.html#comment-397302", "distance": "1"}
{"url": "https://blogs.vmware.com/teamfusion/2021/04/fusion-on-apple-silicon-progress-update.html#comment-398177", "distance": "1"}
{"url": "https://blogs.vmware.com/teamfusion/2021/04/fusion-on-apple-silicon-progress-update.html#comment-397270", "distance": "1"}
{"url": "https://blogs.vmware.com/teamfusion/2021/04/fusion-on-apple-silicon-progress-update.html#comment-397273", "distance": "1"}
{"url": "https://blogs.vmware.com/teamfusion/2021/04/fusion-on-apple-silicon-progress-update.html#comment-397275", "distance": "1"}
{"url": "https://blogs.vmware.com/teamfusion/2021/04/fusion-on-apple-silicon-progress-update.html#comment-398338", "distance": "1"}
{"url": "https://blogs.vmware.com/teamfusion/2021/04/fusion-on-apple-silicon-progress-update.html#comment-397277", "distance": "1"}
{"url": "https://blogs.vmware.com/teamfusion/2021/04/fusion-on-apple-silicon-progress-update.html#comment-397280", "distance": "1"}
{"url": "https://blogs.vmware.com/teamfusion/2021/04/fusion-on-apple-silicon-progress-update.html#comment-397282", "distance": "1"}
{"url": "https://blogs.vmware.com/teamfusion/2021/04/fusion-on-apple-silicon-progress-update.html#comment-397283", "distance": "1"}
{"url": "https://blogs.vmware.com/teamfusion/2021/04/fusion-on-apple-silicon-progress-update.html#comment-399599", "distance": "1"}
{"url": "https://blogs.vmware.com/teamfusion/2021/04/fusion-on-apple-silicon-progress-update.html#comment-397285", "distance": "1"}
{"url": "https://blogs.vmware.com/teamfusion/2021/04/fusion-on-apple-silicon-progress-update.html#comment-397286", "distance": "1"}
{"url": "https://blogs.vmware.com/teamfusion/2021/04/fusion-on-apple-silicon-progress-update.html#comment-397289", "distance": "1"}
{"url": "https://blogs.vmware.com/teamfusion/2021/04/fusion-on-apple-silicon-progress-update.html#comment-397301", "distance": "1"}
{"url": "https://blogs.vmware.com/teamfusion/2021/04/fusion-on-apple-silicon-progress-update.html#comment-397352", "distance": "1"}
{"url": "https://blogs.vmware.com/teamfusion/2021/04/fusion-on-apple-silicon-progress-update.html#comment-397290", "distance": "1"}
{"url": "https://blogs.vmware.com/teamfusion/2021/04/fusion-on-apple-silicon-progress-update.html#comment-397297", "distance": "1"}
{"url": "https://blogs.vmware.com/teamfusion/2021/04/fusion-on-apple-silicon-progress-update.html#comment-397300", "distance": "1"}
{"url": "https://blogs.vmware.com/teamfusion/2021/04/fusion-on-apple-silicon-progress-update.html#comment-397315", "distance": "1"}
{"url": "https://blogs.vmware.com/teamfusion/2021/04/fusion-on-apple-silicon-progress-update.html#comment-397317", "distance": "1"}
{"url": "https://blogs.vmware.com/teamfusion/2021/04/fusion-on-apple-silicon-progress-update.html#comment-397325", "distance": "1"}
{"url": "https://blogs.vmware.com/teamfusion/2021/04/fusion-on-apple-silicon-progress-update.html#comment-397321", "distance": "1"}
{"url": "https://blogs.vmware.com/teamfusion/2021/04/fusion-on-apple-silicon-progress-update.html#comment-397324", "distance": "1"}
{"url": "https://blogs.vmware.com/teamfusion/2021/04/fusion-on-apple-silicon-progress-update.html#comment-397342", "distance": "1"}
{"url": "https://blogs.vmware.com/teamfusion/2021/04/fusion-on-apple-silicon-progress-update.html#comment-397367", "distance": "1"}
{"url": "https://blogs.vmware.com/teamfusion/2021/04/fusion-on-apple-silicon-progress-update.html#comment-397370", "distance": "1"}
{"url": "https://blogs.vmware.com/teamfusion/2021/04/fusion-on-apple-silicon-progress-update.html#comment-397379", "distance": "1"}
{"url": "https://blogs.vmware.com/teamfusion/2021/04/fusion-on-apple-silicon-progress-update.html#comment-397384", "distance": "1"}
{"url": "https://blogs.vmware.com/teamfusion/2021/04/fusion-on-apple-silicon-progress-update.html#comment-397405", "distance": "1"}
{"url": "https://blogs.vmware.com/teamfusion/2021/04/fusion-on-apple-silicon-progress-update.html#comment-397407", "distance": "1"}
{"url": "https://blogs.vmware.com/teamfusion/2021/04/fusion-on-apple-silicon-progress-update.html#comment-397410", "distance": "1"}
{"url": "https://blogs.vmware.com/teamfusion/2021/04/fusion-on-apple-silicon-progress-update.html#comment-397412", "distance": "1"}
{"url": "https://blogs.vmware.com/teamfusion/2021/04/fusion-on-apple-silicon-progress-update.html#comment-397411", "distance": "1"}
{"url": "https://blogs.vmware.com/teamfusion/2021/04/fusion-on-apple-silicon-progress-update.html#comment-397413", "distance": "1"}
{"url": "https://blogs.vmware.com/teamfusion/2021/04/fusion-on-apple-silicon-progress-update.html#comment-397421", "distance": "1"}
{"url": "https://blogs.vmware.com/teamfusion/2021/04/fusion-on-apple-silicon-progress-update.html#comment-397427", "distance": "1"}
{"url": "https://blogs.vmware.com/teamfusion/2021/04/fusion-on-apple-silicon-progress-update.html#comment-397446", "distance": "1"}
{"url": "https://blogs.vmware.com/teamfusion/2021/04/fusion-on-apple-silicon-progress-update.html#comment-397482", "distance": "1"}
{"url": "https://blogs.vmware.com/teamfusion/2021/04/fusion-on-apple-silicon-progress-update.html#comment-397486", "distance": "1"}
{"url": "https://blogs.vmware.com/teamfusion/2021/04/fusion-on-apple-silicon-progress-update.html#comment-397487", "distance": "1"}
{"url": "https://blogs.vmware.com/teamfusion/2021/04/fusion-on-apple-silicon-progress-update.html#comment-397893", "distance": "1"}
{"url": "https://blogs.vmware.com/teamfusion/2021/04/fusion-on-apple-silicon-progress-update.html#comment-397489", "distance": "1"}
{"url": "https://blogs.vmware.com/teamfusion/2021/04/fusion-on-apple-silicon-progress-update.html#comment-397768", "distance": "1"}
{"url": "https://blogs.vmware.com/teamfusion/2021/04/fusion-on-apple-silicon-progress-update.html#comment-397490", "distance": "1"}
{"url": "https://blogs.vmware.com/teamfusion/2021/04/fusion-on-apple-silicon-progress-update.html#comment-397488", "distance": "1"}
{"url": "https://blogs.vmware.com/teamfusion/2021/04/fusion-on-apple-silicon-progress-update.html#comment-397458", "distance": "1"}
{"url": "https://blogs.vmware.com/teamfusion/2021/04/fusion-on-apple-silicon-progress-update.html#comment-397491", "distance": "1"}
{"url": "https://blogs.vmware.com/teamfusion/2021/04/fusion-on-apple-silicon-progress-update.html#comment-397513", "distance": "1"}
{"url": "https://blogs.vmware.com/teamfusion/2021/04/fusion-on-apple-silicon-progress-update.html#comment-397624", "distance": "1"}
{"url": "https://blogs.vmware.com/teamfusion/2021/04/fusion-on-apple-silicon-progress-update.html#comment-397628", "distance": "1"}
{"url": "https://blogs.vmware.com/teamfusion/2021/04/fusion-on-apple-silicon-progress-update.html#comment-398064", "distance": "1"}
{"url": "https://blogs.vmware.com/teamfusion/2021/04/fusion-on-apple-silicon-progress-update.html#comment-398292", "distance": "1"}
{"url": "https://blogs.vmware.com/teamfusion/2021/04/fusion-on-apple-silicon-progress-update.html#comment-397814", "distance": "1"}
{"url": "https://blogs.vmware.com/teamfusion/2021/04/fusion-on-apple-silicon-progress-update.html#comment-397818", "distance": "1"}
{"url": "https://blogs.vmware.com/teamfusion/2021/04/fusion-on-apple-silicon-progress-update.html#comment-397843", "distance": "1"}
{"url": "https://blogs.vmware.com/teamfusion/2021/04/fusion-on-apple-silicon-progress-update.html#comment-397849", "distance": "1"}
{"url": "https://blogs.vmware.com/teamfusion/2021/04/fusion-on-apple-silicon-progress-update.html#comment-397973", "distance": "1"}
{"url": "https://blogs.vmware.com/teamfusion/2021/04/fusion-on-apple-silicon-progress-update.html#comment-398013", "distance": "1"}
{"url": "https://blogs.vmware.com/teamfusion/2021/04/fusion-on-apple-silicon-progress-update.html#comment-398144", "distance": "1"}
{"url": "https://blogs.vmware.com/teamfusion/2021/04/fusion-on-apple-silicon-progress-update.html#comment-398034", "distance": "1"}
{"url": "https://blogs.vmware.com/teamfusion/2021/04/fusion-on-apple-silicon-progress-update.html#comment-398265", "distance": "1"}
{"url": "https://blogs.vmware.com/teamfusion/2021/04/fusion-on-apple-silicon-progress-update.html#comment-398564", "distance": "1"}
{"url": "https://blogs.vmware.com/teamfusion/2021/04/fusion-on-apple-silicon-progress-update.html#comment-398821", "distance": "1"}
{"url": "https://blogs.vmware.com/teamfusion/2021/04/fusion-on-apple-silicon-progress-update.html#comment-399030", "distance": "1"}
{"url": "https://blogs.vmware.com/teamfusion/2021/04/fusion-on-apple-silicon-progress-update.html#comment-399223", "distance": "1"}
{"url": "https://blogs.vmware.com/teamfusion/2021/04/fusion-on-apple-silicon-progress-update.html#comment-399566", "distance": "1"}
{"url": "https://blogs.vmware.com/teamfusion/2021/04/fusion-on-apple-silicon-progress-update.html#comment-399601", "distance": "1"}
{"url": "https://blogs.vmware.com/teamfusion/2021/04/fusion-on-apple-silicon-progress-update.html#comment-399910", "distance": "1"}
{"url": "https://blogs.vmware.com/teamfusion/2021/04/fusion-on-apple-silicon-progress-update.html#comment-400418", "distance": "1"}
{"url": "https://blogs.vmware.com/teamfusion/2021/04/fusion-on-apple-silicon-progress-update.html#comment-400491", "distance": "1"}
{"url": "https://ordering.chownow.com/order/3181/locations", "distance": "1"}
{"url": "https://9to5mac.com/", "distance": "1"}
{"url": "https://www.youtube.com/c/9to5mac", "distance": "1"}
{"url": "https://www.facebook.com/9to5mac/", "distance": "1"}
{"url": "http://twitter.com/9to5mac", "distance": "1"}
{"url": "https://instagram.com/9to5mac", "distance": "1"}
{"url": "https://9to5mac.com/guides/podcast/", "distance": "1"}
{"url": "https://apple.news/THIO8RUsFTaaGHbdNl6KqOQ", "distance": "1"}
{"url": "https://www.linkedin.com/company/9to5mac.com", "distance": "1"}
{"url": "https://9to5mac.com/push/", "distance": "1"}
{"url": "https://9to5mac.com/9to5mac-newsletter-signup/", "distance": "1"}
{"url": "https://9to5mac.com/contact/", "distance": "1"}
{"url": "https://trade-in.9to5mac.com/", "distance": "1"}
{"url": "https://9to5mac.ifixyouri.com", "distance": "1"}
{"url": "https://9to5mac.com/2021/09/09/powerful-pro-4k-webcam-for-mac/#comments", "distance": "1"}
{"url": "https://9to5mac.com/guides/vmware/", "distance": "1"}
{"url": "https://9to5mac.com/2021/09/07/vmwares-esxi-hypervisor-wont-be-compatible-with-2019-intel-mac-pro/#comments", "distance": "1"}
{"url": "https://9to5mac.com/guides/imac/", "distance": "1"}
{"url": "https://9to5mac.com/guides/patents/", "distance": "1"}
{"url": "https://9to5mac.com/2021/09/07/curved-glass-imac-patent-granted/#comments", "distance": "1"}
{"url": "https://dronedj.com", "distance": "1"}
{"url": "https://9to5toys.com/2021/09/15/dji-mini-2-fly-more-combo-refurbished/", "distance": "1"}
{"url": "https://dronedj.com/2021/09/15/bae-system-to-develop-300-kg-evtol-heavy-lift-quadcopter/", "distance": "1"}
{"url": "https://dronedj.com/2021/09/15/canadian-police-search-locates-missing-elderly-man-with-dji-matrice-300-drone/", "distance": "1"}
{"url": "https://dronedj.com/2021/09/15/ex-cons-drone-deliveries-of-contraband-land-him-back-in-prison/", "distance": "1"}
{"url": "https://dronedj.com/2021/09/15/gopro-sep-16-launch-hero-10-teaser-video/", "distance": "1"}
{"url": "https://9to5mac.com/guides/mac-app-store/", "distance": "1"}
{"url": "https://9to5mac.com/2021/08/31/research-shows-developers-are-becoming-less-interested-in-the-mac-app-store/#comments", "distance": "1"}
{"url": "https://9to5mac.com/2021/08/27/microsoft-changes-cpu-requirements-to-install-windows-11-but-mac-support-remains-unclear/", "distance": "1"}
{"url": "https://9to5mac.com/2021/08/27/microsoft-changes-cpu-requirements-to-install-windows-11-but-mac-support-remains-unclear/", "distance": "1"}
{"url": "https://9to5mac.com/2021/08/27/microsoft-changes-cpu-requirements-to-install-windows-11-but-mac-support-remains-unclear/", "distance": "1"}
{"url": "https://9to5mac.com/2021/08/27/yahoo-mail-app-for-m1-powered-macs/", "distance": "1"}
{"url": "https://9to5mac.com/2021/08/27/yahoo-mail-app-for-m1-powered-macs/", "distance": "1"}
{"url": "https://9to5mac.com/2021/08/27/yahoo-mail-app-for-m1-powered-macs/", "distance": "1"}
{"url": "https://9to5toys.com/guides/apple/", "distance": "1"}
{"url": "https://9to5toys.com/2021/09/15/apple-tv-4k-2021-refurbished-sale/", "distance": "1"}
{"url": "https://9to5toys.com/2021/09/15/apple-magsafe-post-event-sale/", "distance": "1"}
{"url": "https://9to5toys.com/2021/09/14/ipad-mini-2021-first-discount/", "distance": "1"}
{"url": "https://9to5toys.com/2021/09/14/apple-tv-4k-2021-refurbished-store/", "distance": "1"}
{"url": "https://9to5toys.com/2021/09/14/apple-pixel-sale-more/", "distance": "1"}
{"url": "https://9to5mac.com/guides/ipad/", "distance": "1"}
{"url": "https://9to5mac.com/guides/aapl/", "distance": "1"}
{"url": "https://9to5mac.com/2021/08/25/canalys-mac-shipments-up-24-thanks-to-m1-chip-but-ipad-sales-slowing/#comments", "distance": "1"}
{"url": "https://9to5mac.com/guides/ipad/", "distance": "1"}
{"url": "https://9to5mac.com/2021/08/24/q2-2021-ipad-shipments/#comments", "distance": "1"}
{"url": "https://9to5mac.com/guides/macbook-pro/", "distance": "1"}
{"url": "https://9to5mac.com/guides/apple-silicon/", "distance": "1"}
{"url": "https://9to5mac.com/guides/m1/", "distance": "1"}
{"url": "https://9to5mac.com/guides/m1x/", "distance": "1"}
{"url": "https://9to5mac.com/2021/08/24/14-inch-macbook-pro-cpu-will-be-identical-to-16-inch-price-will-reflect-this-says-leaker/#comments", "distance": "1"}
{"url": "https://9to5toys.com/", "distance": "1"}
{"url": "https://9to5toys.com/2021/09/15/1byone-turntable-amazon/", "distance": "1"}
{"url": "https://9to5toys.com/2021/09/15/hi-spec-48-piece-starter-tool-kit/", "distance": "1"}
{"url": "https://9to5toys.com/2021/09/15/nike-jordan-deals/", "distance": "1"}
{"url": "https://9to5toys.com/2021/09/15/golf-digest-magazine-2/", "distance": "1"}
{"url": "https://9to5toys.com/2021/09/15/horusdy-magnetic-wristband/", "distance": "1"}
{"url": "https://9to5mac.com/guides/m1/", "distance": "1"}
{"url": "https://9to5mac.com/guides/davinci-resolve/", "distance": "1"}
{"url": "https://9to5mac.com/2021/08/20/davinci-resolve-update-brings-3x-faster-m1-mac-performance/#comments", "distance": "1"}
{"url": "https://9to5mac.com/2021/08/16/nordvpn-updated-to-run-natively-on-m1-macs/", "distance": "1"}
{"url": "https://9to5mac.com/2021/08/16/nordvpn-updated-to-run-natively-on-m1-macs/", "distance": "1"}
{"url": "https://9to5mac.com/2021/08/16/nordvpn-updated-to-run-natively-on-m1-macs/", "distance": "1"}
{"url": "https://9to5mac.com/2021/08/12/how-to-screenshot-on-mac-tips-tricks/", "distance": "1"}
{"url": "https://9to5mac.com/2021/08/12/how-to-screenshot-on-mac-tips-tricks/", "distance": "1"}
{"url": "https://9to5mac.com/2021/08/12/how-to-screenshot-on-mac-tips-tricks/", "distance": "1"}
{"url": "https://9to5google.com/", "distance": "1"}
{"url": "https://9to5google.com/2021/09/15/android-12-beta-5-survey/", "distance": "1"}
{"url": "https://9to5google.com/2021/09/15/google-tensor-pixel-6-chip-could-be-fastest-android/", "distance": "1"}
{"url": "https://9to5toys.com/2021/09/15/best-android-app-deals-maps/", "distance": "1"}
{"url": "https://9to5google.com/2021/09/15/chromebooks-may-add-a-built-in-recovery-feature-that-doesnt-require-the-use-of-another-computer/", "distance": "1"}
{"url": "https://9to5google.com/2021/09/15/samsung-september-2021-security-update-galaxy-devices-list/", "distance": "1"}
{"url": "https://9to5mac.com/guides/ipad/", "distance": "1"}
{"url": "https://9to5mac.com/guides/iphone/", "distance": "1"}
{"url": "https://9to5mac.com/guides/apple-pay/", "distance": "1"}
{"url": "https://9to5mac.com/guides/affirm/", "distance": "1"}
{"url": "https://9to5mac.com/2021/08/11/apple-affirm-financing-canada/#comments", "distance": "1"}
{"url": "https://9to5mac.com/guides/macbook-pro/", "distance": "1"}
{"url": "https://9to5mac.com/2021/08/09/14-inch-and-16-inch-macbook-pro-production/#comments", "distance": "1"}
{"url": "https://9to5mac.com/2021/08/03/squash-3-for-mac-early-access-batch-image-editor/", "distance": "1"}
{"url": "https://9to5mac.com/2021/08/03/squash-3-for-mac-early-access-batch-image-editor/", "distance": "1"}
{"url": "https://9to5mac.com/2021/08/03/squash-3-for-mac-early-access-batch-image-editor/", "distance": "1"}
{"url": "https://electrek.co", "distance": "1"}
{"url": "https://electrek.co/2021/09/15/egeb-illinois-to-shut-all-fossil-fuel-plants-by-2045-and-invest-580m-a-year-in-renewables/", "distance": "1"}
{"url": "https://electrek.co/2021/09/15/volocopter-shares-plans-to-bring-evtol-urban-air-mobility-to-us-starting-with-los-angeles/", "distance": "1"}
{"url": "https://electrek.co/2021/09/15/tesla-model-y-impresses-moose-test/", "distance": "1"}
{"url": "https://electrek.co/2021/09/15/new-green-deals-jetson-bolt-folding-e-bike-deal/", "distance": "1"}
{"url": "https://electrek.co/2021/09/15/vw-id-life-first-look-the-cheap-electric-car-weve-been-waiting-for-video/", "distance": "1"}
{"url": "https://9to5mac.com/guides/m1/", "distance": "1"}
{"url": "https://9to5mac.com/guides/magic-keyboard/", "distance": "1"}
{"url": "https://9to5mac.com/2021/08/03/magic-keyboard-with-touch-id/#comments", "distance": "1"}
{"url": "https://9to5mac.com/guides/ipad/", "distance": "1"}
{"url": "https://9to5mac.com/guides/iphone/", "distance": "1"}
{"url": "https://9to5mac.com/guides/patents/", "distance": "1"}
{"url": "https://9to5mac.com/2021/08/02/slimmer-chips-iphone-ipad-mac/#comments", "distance": "1"}
{"url": "https://9to5mac.com/guides/intel/", "distance": "1"}
{"url": "https://9to5mac.com/guides/thunderbolt/", "distance": "1"}
{"url": "https://9to5mac.com/2021/08/02/thunderbolt-5-bandwidth-will-double-to-80gbps-intel-accidentally-confirms/#comments", "distance": "1"}
{"url": "https://spaceexplored.com", "distance": "1"}
{"url": "https://spaceexplored.com/2021/09/15/next-launch-spacex-inspiration4-to-become-the-first-all-civilian-mission-to-orbit/", "distance": "1"}
{"url": "https://spaceexplored.com/2021/09/15/spacex-blue-origin-dynetics-and-more-selected-again-for-further-lunar-lander-concepts/", "distance": "1"}
{"url": "https://spaceexplored.com/2021/09/15/how-to-watch-inspiration4-spacex-launch/", "distance": "1"}
{"url": "https://spaceexplored.com/2021/09/15/spacex-falcon-heavy-booster-arrives-at-kennedy-space-center-visitor-complex-for-permanent-display/", "distance": "1"}
{"url": "https://spaceexplored.com/2021/09/14/a-look-at-nasas-iconic-t-38-fleet-as-tropical-storm-nicholas-hits-texas-gulf-coast/", "distance": "1"}
{"url": "https://9to5mac.com/guides/macbook-pro/", "distance": "1"}
{"url": "https://9to5mac.com/guides/macbook-air/", "distance": "1"}
{"url": "https://9to5mac.com/guides/m1/", "distance": "1"}
{"url": "https://9to5mac.com/2021/07/30/m1-macbook-screen-cracks/#comments", "distance": "1"}
{"url": "https://9to5mac.com/feature/apps-updates/", "distance": "1"}
{"url": "https://9to5mac.com/2021/07/29/doppler-hifi-music-player-launches-for-mac/#comments", "distance": "1"}
{"url": "https://9to5mac.com/guides/aapl/", "distance": "1"}
{"url": "https://9to5mac.com/guides/iphone/", "distance": "1"}
{"url": "https://9to5mac.com/2021/07/28/aapl-q3-earnings-six-colors-charts/#comments", "distance": "1"}
{"url": "https://dronedj.com", "distance": "1"}
{"url": "https://9to5toys.com/2021/09/15/dji-mini-2-fly-more-combo-refurbished/", "distance": "1"}
{"url": "https://dronedj.com/2021/09/15/bae-system-to-develop-300-kg-evtol-heavy-lift-quadcopter/", "distance": "1"}
{"url": "https://dronedj.com/2021/09/15/canadian-police-search-locates-missing-elderly-man-with-dji-matrice-300-drone/", "distance": "1"}
{"url": "https://dronedj.com/2021/09/15/ex-cons-drone-deliveries-of-contraband-land-him-back-in-prison/", "distance": "1"}
{"url": "https://dronedj.com/2021/09/15/gopro-sep-16-launch-hero-10-teaser-video/", "distance": "1"}
{"url": "https://9to5mac.com/2021/07/27/report-sweatshop-apple-mac-repairs-contractor/#comments", "distance": "1"}
{"url": "https://9to5mac.com/2021/07/26/apple-11-reasons-macs-best-for-biz/#comments", "distance": "1"}
{"url": "https://9to5mac.com/guides/ipad/", "distance": "1"}
{"url": "https://9to5mac.com/guides/iphone/", "distance": "1"}
{"url": "https://9to5mac.com/guides/face-id/", "distance": "1"}
{"url": "https://9to5mac.com/2021/07/25/gurman-face-id-coming-to-macs-all-iphones-and-ipads-within-a-couple-of-years/#comments", "distance": "1"}
{"url": "https://9to5toys.com/guides/apple/", "distance": "1"}
{"url": "https://9to5toys.com/2021/09/15/apple-tv-4k-2021-refurbished-sale/", "distance": "1"}
{"url": "https://9to5toys.com/2021/09/15/apple-magsafe-post-event-sale/", "distance": "1"}
{"url": "https://9to5toys.com/2021/09/14/ipad-mini-2021-first-discount/", "distance": "1"}
{"url": "https://9to5toys.com/2021/09/14/apple-tv-4k-2021-refurbished-store/", "distance": "1"}
{"url": "https://9to5toys.com/2021/09/14/apple-pixel-sale-more/", "distance": "1"}
{"url": "https://wpvip.com/?utm_source=vip_powered_wpcom&utm_medium=web&utm_campaign=VIP%20Footer%20Credit&utm_term=9to5mac.com", "distance": "1"}
{"url": "https://cleanmymac.com", "distance": "1"}
{"url": "https://macpaw.com/store/cleanmymac", "distance": "1"}
{"url": "https://macpaw.com/download/cleanmymac", "distance": "1"}
{"url": "https://cleanmymac.com", "distance": "1"}
{"url": "https://macpaw.com/store/cleanmymac", "distance": "1"}
{"url": "https://macpaw.com/download/cleanmymac", "distance": "1"}
{"url": "https://macpaw.com/store/cleanmymac", "distance": "1"}
{"url": "https://macpaw.com/download/cleanmymac", "distance": "1"}
{"url": "https://www.facebook.com/cleanmymac", "distance": "1"}
{"url": "https://www.instagram.com/cleanmymac", "distance": "1"}
{"url": "https://twitter.com/cleanmymac", "distance": "1"}
{"url": "https://cleanmymac.com/blog", "distance": "1"}
{"url": "https://cleanmymac.com/faq", "distance": "1"}
{"url": "https://cleanmymac.com/how-to-speed-up-slow-mac", "distance": "1"}
{"url": "https://cleanmymac.com/how-to-clear-cache", "distance": "1"}
{"url": "https://cleanmymac.com/how-to-uninstall-apps", "distance": "1"}
{"url": "https://cleanmymac.com/clean-up-mac-tips", "distance": "1"}
{"url": "https://cleanmymac.com/fix-mac-startup-disk-full-error", "distance": "1"}
{"url": "https://macpaw.com/cookies", "distance": "1"}
{"url": "https://cleanmymac.com/refund-policy", "distance": "1"}
{"url": "https://cleanmymac.com/policy", "distance": "1"}
{"url": "https://cleanmymac.com/eula", "distance": "1"}
{"url": "https://cleanmymac.com/how-to-uninstall-cleanmymac", "distance": "1"}
{"url": "https://cleanmymac.com/eula", "distance": "1"}
{"url": "https://cleanmymac.com/how-to-uninstall-cleanmymac", "distance": "1"}
{"url": "https://www.facebook.com/cleanmymac", "distance": "1"}
{"url": "https://www.instagram.com/cleanmymac", "distance": "1"}
{"url": "https://twitter.com/cleanmymac", "distance": "1"}
{"url": "https://twitter.com/machelpnyc", "distance": "1"}
{"url": "http://www.linkedin.com/company/mac-help-nyc", "distance": "1"}
{"url": "https://plus.google.com/116625776706210405896/about", "distance": "1"}
{"url": "http://www.yelp.com/biz/mac-help-nyc-new-york", "distance": "1"}
{"url": "http://facebook.com/machelpnyc", "distance": "1"}
{"url": "https://www.macweb.com/index", "distance": "1"}
{"url": "https://www.macweb.com/index", "distance": "1"}
{"url": "https://www.macweb.com/index", "distance": "1"}
{"url": "https://macspeedshop.com/events/", "distance": "1"}
{"url": "https://macspeedshop.com/order-online/", "distance": "1"}
{"url": "https://macspeedshop.com/locations", "distance": "1"}
{"url": "https://macspeedshop.com/menus", "distance": "1"}
{"url": "https://macspeedshop.com/events", "distance": "1"}
{"url": "https://macspeedshop.com/our-story/", "distance": "1"}
{"url": "https://macspeedshop.com/private-party-catering/", "distance": "1"}
{"url": "https://www.facebook.com/ParallelsInc", "distance": "1"}
{"url": "https://twitter.com/ParallelsMac", "distance": "1"}
{"url": "https://www.linkedin.com/company/parallels", "distance": "1"}
{"url": "https://www.youtube.com/ParallelsTV?autoplay=1", "distance": "1"}
{"url": "https://www.related.com/", "distance": "1"}
{"url": "https://www.theshopsatcolumbuscircle.com/shopping/long-and-short-barber-co/", "distance": "1"}
{"url": "https://www.theshopsatcolumbuscircle.com/shopping/whole-foods-market/", "distance": "1"}
{"url": "https://www.theshopsatcolumbuscircle.com/shopping/sephora/", "distance": "1"}
{"url": "https://www.related.com/", "distance": "1"}
{"url": "https://www.barbour.com/us/storelocator", "distance": "1"}
{"url": "https://www.barbour.com/us/checkout/cart/", "distance": "1"}
{"url": "https://www.barbour.com/us/mens/new-arrivals", "distance": "1"}
{"url": "https://www.barbour.com/us/mens/all-jackets", "distance": "1"}
{"url": "https://www.barbour.com/us/mens/tops", "distance": "1"}
{"url": "https://www.barbour.com/us/mens/knitwear", "distance": "1"}
{"url": "https://www.barbour.com/us/mens/trousers-and-shorts", "distance": "1"}
{"url": "https://www.barbour.com/us/mens-collections", "distance": "1"}
{"url": "https://www.barbourinternational.com/mens/view-all-mens", "distance": "1"}
{"url": "https://www.barbour.com/us/womens/new-arrivals", "distance": "1"}
{"url": "https://www.barbour.com/us/womens/all-jackets", "distance": "1"}
{"url": "https://www.barbour.com/us/womens/knitwear", "distance": "1"}
{"url": "https://www.barbour.com/us/womens/trousers-and-shorts", "distance": "1"}
{"url": "https://www.barbour.com/us/womens/dresses-and-skirts", "distance": "1"}
{"url": "https://www.barbour.com/us/womens/collections", "distance": "1"}
{"url": "https://www.barbourinternational.com/womens/view-all-womens", "distance": "1"}
{"url": "https://www.barbour.com/us/mens/accessories", "distance": "1"}
{"url": "https://www.barbour.com/us/womens/accessories", "distance": "1"}
{"url": "https://www.barbour.com/us/dogs", "distance": "1"}
{"url": "https://www.barbour.com/us/childrens/boys", "distance": "1"}
{"url": "https://www.barbour.com/us/childrens/girls", "distance": "1"}
{"url": "https://www.barbour.com/us/catalogsearch/advanced/", "distance": "1"}
{"url": "https://www.barbour.com/barbour-way-of-life", "distance": "1"}
{"url": "https://www.barbourinternational.com/mens/new-arrivals", "distance": "1"}
{"url": "https://www.barbourinternational.com/mens/new-arrivals", "distance": "1"}
{"url": "https://www.barbourinternational.com/womens/new-arrivals", "distance": "1"}
{"url": "https://www.barbourinternational.com/womens/new-arrivals", "distance": "1"}
{"url": "https://www.barbourinternational.com/kids", "distance": "1"}
{"url": "https://www.barbourinternational.com/kids", "distance": "1"}
{"url": "https://www.metroatlantachamber.com/about/news-press/newsroom/metro-atlanta-chamber-announces-new-vice-president-and-principal-economist-ian-wyatt", "distance": "1"}
{"url": "https://www.metroatlantachamber.com/about/news-press/newsroom/metro-atlanta-chamber-extends-atl-action-for-racial-equity-initiative-to-the-next-generation-with-education-workforce-development-playbook-rollouts", "distance": "1"}
{"url": "https://www.metroatlantachamber.com/about/news-press/newsroom/metro-atlanta-chamber-announces-2021-atlanta-metro-export-challenge-grant-recipients-in-partnership-with-local-state-federal-agencies", "distance": "1"}
{"url": "https://www.metroatlantachamber.com/about/news-press/newsroom/metro-atlanta-chamber-announces-dwayna-a-haley-as-new-chief-brand-and-communications-officer", "distance": "1"}
{"url": "https://www.metroatlantachamber.com/about/news-press/newsroom/metro-atlanta-chamber-expands-backed-by-atl-community-with-addition-of-14-middle-market-businesses-driving-growth-in-the-region", "distance": "1"}
{"url": "https://twitter.com/atlchamber/lists/metro-atlanta-chamber1", "distance": "1"}
{"url": "https://twitter.com/atlchamber/lists/metro-atlanta-chamber1", "distance": "1"}
{"url": "http://twitter.com/intent/user?screen_name=MikeReiss", "distance": "1"}
{"url": "https://subs.nymag.com/magazine/subscribe/official-subscription.html?itm_source=vsitepromo&itm_medium=internal&itm_campaign=subscribe-button", "distance": "1"}
{"url": "https://nymag.com/maglinks/global-02", "distance": "1"}
{"url": "https://nymag.com/maglinks/global-03", "distance": "1"}
{"url": "https://nymag.com/maglinks/global-04", "distance": "1"}
{"url": "https://subs.nymag.com/magazine/subscribe/official-subscription.html?itm_source=vsitepromo&itm_medium=internal&itm_campaign=subscribe-button", "distance": "1"}
{"url": "https://subs.nymag.com/account/", "distance": "1"}
{"url": "https://subs.nymag.com/magazine/subscribe/official-subscription.html?itm_source=vsitepromo&itm_medium=internal&itm_campaign=subscribe-button-mobile-article", "distance": "1"}
{"url": "https://nymag.com/magazine/gifts/official-gift-subscriptions.html?itm_source=vsitepromo&itm_medium=internal&itm_campaign=subscribe-button-mobile-article", "distance": "1"}
{"url": "http://www.vulture.com/blog/", "distance": "1"}
{"url": "https://nymag.com/subscribe", "distance": "1"}
{"url": "https://policies.google.com/privacy", "distance": "1"}
{"url": "https://policies.google.com/terms", "distance": "1"}
{"url": "https://nymag.com/subscribe", "distance": "1"}
{"url": "https://policies.google.com/privacy", "distance": "1"}
{"url": "https://policies.google.com/terms", "distance": "1"}
{"url": "https://nymag.com/subscribe", "distance": "1"}
{"url": "https://policies.google.com/privacy", "distance": "1"}
{"url": "https://policies.google.com/terms", "distance": "1"}
{"url": "https://www.facebook.com/pages/The-Riverside-Premier-Rehabilitation-Healing-Center/318839538321440", "distance": "1"}
{"url": "https://twitter.com/careritecenters", "distance": "1"}
{"url": "https://www.instagram.com/careritecenters/", "distance": "1"}
{"url": "https://theriversiderehab.com", "distance": "1"}
{"url": "http://careritecenters.com/", "distance": "1"}
{"url": "https://www.post-gazette.com/weather", "distance": "1"}
{"url": "https://www.post-gazette.com", "distance": "1"}
{"url": "https://www.facebook.com/pittsburghpostgazette", "distance": "1"}
{"url": "https://twitter.com/PittsburghPG", "distance": "1"}
{"url": "https://www.instagram.com/pittsburghpg/", "distance": "1"}
{"url": "https://my.post-gazette.com/newsletters/?utm_source=pg.com&utm_medium=link&utm_campaign=newsletter-subscribe&utm_content=navbar", "distance": "1"}
{"url": "https://maxbrenner.us/collections/pralines-chocolate-box", "distance": "1"}
{"url": "https://www.techradar.com/", "distance": "1"}
{"url": "https://www.techradar.com/how-to/techradar-rss", "distance": "1"}
{"url": "https://www.facebook.com/TechRadar", "distance": "1"}
{"url": "https://twitter.com/intent/user?screen_name=techradar", "distance": "1"}
{"url": "https://www.youtube.com/user/techradar?sub_confirmation=1", "distance": "1"}
{"url": "https://flipboard.com/@TechRadar", "distance": "1"}
{"url": "https://www.techradar.com/pro", "distance": "1"}
{"url": "https://target.georiot.com/Proxy.ashx?tsid=8428&GR_URL=https%3A%2F%2Fwww.amazon.com%2Fdp%2FB08N5M7S6K%3Ftag%3Dhawk-future-20%26linkCode%3Dogi%26th%3D1%26psc%3D1%26ascsubtag%3Dtrd-us-1233718841739701200-20", "distance": "1"}
{"url": "https://target.georiot.com/Proxy.ashx?tsid=8428&GR_URL=https%3A%2F%2Fwww.amazon.com%2Fdp%2FB08N5M7S6K%3Ftag%3Dhawk-future-20%26linkCode%3Dogi%26th%3D1%26psc%3D1%26ascsubtag%3Dtrd-us-1233718841739701200-20", "distance": "1"}
{"url": "https://goto.walmart.com/c/1943169/565706/9383?subId1=trd-us-9107214145586229000&u=https%3A%2F%2Fwww.walmart.com%2Fip%2FApple-MacBook-Air-with-Apple-M1-Chip-13-3-8GB-512GB-SSD-Storage-Latest-Model%2F337801671", "distance": "1"}
{"url": "https://goto.walmart.com/c/1943169/565706/9383?subId1=trd-us-9107214145586229000&u=https%3A%2F%2Fwww.walmart.com%2Fip%2FApple-MacBook-Air-with-Apple-M1-Chip-13-3-8GB-512GB-SSD-Storage-Latest-Model%2F337801671", "distance": "1"}
{"url": "https://apple.sjv.io/c/221109/473657/7613?prodsku=MGNA3LL%2FA&u=https%3A%2F%2Fwww.apple.com%2Fus%2Fshop%2Fgo%2Fproduct%2FMGNA3&intsrc=CATF_3652&subId1=trd-us-7739451188923930000&sharedId=trd-us", "distance": "1"}
{"url": "https://apple.sjv.io/c/221109/473657/7613?prodsku=MGNA3LL%2FA&u=https%3A%2F%2Fwww.apple.com%2Fus%2Fshop%2Fgo%2Fproduct%2FMGNA3&intsrc=CATF_3652&subId1=trd-us-7739451188923930000&sharedId=trd-us", "distance": "1"}
{"url": "https://www.techradar.com/deals/compare?model_name=Apple%20Macbook%20Air%20(M1%202020)", "distance": "1"}
{"url": "https://target.georiot.com/Proxy.ashx?tsid=8428&GR_URL=https%3A%2F%2Fwww.amazon.com%2Fdp%2FB0932HZWND%3Ftag%3Dhawk-future-20%26linkCode%3Dogi%26th%3D1%26psc%3D1%26ascsubtag%3Dtrd-us-1350512990003054600-20", "distance": "1"}
{"url": "https://target.georiot.com/Proxy.ashx?tsid=8428&GR_URL=https%3A%2F%2Fwww.amazon.com%2Fdp%2FB0932HZWND%3Ftag%3Dhawk-future-20%26linkCode%3Dogi%26th%3D1%26psc%3D1%26ascsubtag%3Dtrd-us-1350512990003054600-20", "distance": "1"}
{"url": "https://apple.sjv.io/c/221109/473657/7613?prodsku=MGPL3LL%2FA&u=https%3A%2F%2Fwww.apple.com%2Fus%2Fshop%2Fgo%2Fproduct%2FMGPL3&intsrc=CATF_3652&subId1=trd-us-1376257967953752800&sharedId=trd-us", "distance": "1"}
{"url": "https://apple.sjv.io/c/221109/473657/7613?prodsku=MGPL3LL%2FA&u=https%3A%2F%2Fwww.apple.com%2Fus%2Fshop%2Fgo%2Fproduct%2FMGPL3&intsrc=CATF_3652&subId1=trd-us-1376257967953752800&sharedId=trd-us", "distance": "1"}
{"url": "https://shop-links.co/link/?publisher_slug=future&u1=trd-us-4117628988757579300&exclusive=1&url=https%3A%2F%2Fbestbuy.7tiv.net%2Fc%2F376373%2F633495%2F10014%3Fprodsku%3D6450926%26u%3Dhttp%253A%252F%252Fwww.bestbuy.com%252Fsite%252F-%252F6450926.p%253Fcmp%253DRMX&article_name=Best%20MacBook%20and%20Macs%3A%20top%20Apple%20desktops%20and%20laptops&article_url=https%3A%2F%2Fwww.techradar.com%2Fnews%2Fcomputing%2Fapple%2Fmac-buyer-s-guide-2015-1295725", "distance": "1"}
{"url": "https://shop-links.co/link/?publisher_slug=future&u1=trd-us-4117628988757579300&exclusive=1&url=https%3A%2F%2Fbestbuy.7tiv.net%2Fc%2F376373%2F633495%2F10014%3Fprodsku%3D6450926%26u%3Dhttp%253A%252F%252Fwww.bestbuy.com%252Fsite%252F-%252F6450926.p%253Fcmp%253DRMX&article_name=Best%20MacBook%20and%20Macs%3A%20top%20Apple%20desktops%20and%20laptops&article_url=https%3A%2F%2Fwww.techradar.com%2Fnews%2Fcomputing%2Fapple%2Fmac-buyer-s-guide-2015-1295725", "distance": "1"}
{"url": "https://www.techradar.com/deals/compare?model_name=Apple%20iMac%2024-inch%20M1%202021", "distance": "1"}
{"url": "https://apple.sjv.io/c/221109/473657/7613?prodsku=MVVL2LL%2FA&u=https%3A%2F%2Fwww.apple.com%2Fus%2Fshop%2Fgo%2Fproduct%2FMVVL2&intsrc=CATF_3652&subId1=trd-us-4936518988735828000&sharedId=trd-us", "distance": "1"}
{"url": "https://apple.sjv.io/c/221109/473657/7613?prodsku=MVVL2LL%2FA&u=https%3A%2F%2Fwww.apple.com%2Fus%2Fshop%2Fgo%2Fproduct%2FMVVL2&intsrc=CATF_3652&subId1=trd-us-4936518988735828000&sharedId=trd-us", "distance": "1"}
{"url": "https://apple.sjv.io/c/221109/473657/7613?prodsku=MVVM2LL%2FA&u=https%3A%2F%2Fwww.apple.com%2Fus%2Fshop%2Fgo%2Fproduct%2FMVVM2&intsrc=CATF_3652&subId1=trd-us-1133495956974868900&sharedId=trd-us", "distance": "1"}
{"url": "https://apple.sjv.io/c/221109/473657/7613?prodsku=MVVM2LL%2FA&u=https%3A%2F%2Fwww.apple.com%2Fus%2Fshop%2Fgo%2Fproduct%2FMVVM2&intsrc=CATF_3652&subId1=trd-us-1133495956974868900&sharedId=trd-us", "distance": "1"}
{"url": "https://apple.sjv.io/c/221109/473657/7613?prodsku=MVVN2LL%2FA&u=https%3A%2F%2Fwww.apple.com%2Fus%2Fshop%2Fgo%2Fproduct%2FMVVN2&intsrc=CATF_3652&subId1=trd-us-8379026686021236000&sharedId=trd-us", "distance": "1"}
{"url": "https://apple.sjv.io/c/221109/473657/7613?prodsku=MVVN2LL%2FA&u=https%3A%2F%2Fwww.apple.com%2Fus%2Fshop%2Fgo%2Fproduct%2FMVVN2&intsrc=CATF_3652&subId1=trd-us-8379026686021236000&sharedId=trd-us", "distance": "1"}
{"url": "https://www.techradar.com/deals/compare?model_name=Apple%20MacBook%20Pro%2016-inch%20(2019)", "distance": "1"}
{"url": "https://target.georiot.com/Proxy.ashx?tsid=8428&GR_URL=https%3A%2F%2Fwww.amazon.com%2Fdp%2FB08N5LLDSG%3Ftag%3Dhawk-future-20%26linkCode%3Dogi%26th%3D1%26psc%3D1%26ascsubtag%3Dtrd-us-1213828810404942600-20", "distance": "1"}
{"url": "https://target.georiot.com/Proxy.ashx?tsid=8428&GR_URL=https%3A%2F%2Fwww.amazon.com%2Fdp%2FB08N5LLDSG%3Ftag%3Dhawk-future-20%26linkCode%3Dogi%26th%3D1%26psc%3D1%26ascsubtag%3Dtrd-us-1213828810404942600-20", "distance": "1"}
{"url": "https://goto.walmart.com/c/1943169/565706/9383?subId1=trd-us-7988714119270397000&u=https%3A%2F%2Fwww.walmart.com%2Fip%2FApple-MacBook-Pro-with-Apple-M1-Chip-13-3-8GB-256GB-SSD-Storage-Latest-Model%2F911086041", "distance": "1"}
{"url": "https://goto.walmart.com/c/1943169/565706/9383?subId1=trd-us-7988714119270397000&u=https%3A%2F%2Fwww.walmart.com%2Fip%2FApple-MacBook-Pro-with-Apple-M1-Chip-13-3-8GB-256GB-SSD-Storage-Latest-Model%2F911086041", "distance": "1"}
{"url": "https://apple.sjv.io/c/221109/473657/7613?subId1=trd-us-1390329168565731600&u=https%3A%2F%2Fwww.apple.com%2Fshop%2Fbuy-mac%2Fmacbook-pro%2F13-inch", "distance": "1"}
{"url": "https://apple.sjv.io/c/221109/473657/7613?subId1=trd-us-1390329168565731600&u=https%3A%2F%2Fwww.apple.com%2Fshop%2Fbuy-mac%2Fmacbook-pro%2F13-inch", "distance": "1"}
{"url": "https://www.techradar.com/deals/compare?model_name=Apple%20Macbook%20Pro%2013%22%20(M1%202020)", "distance": "1"}
{"url": "https://target.georiot.com/Proxy.ashx?tsid=8428&GR_URL=https%3A%2F%2Fwww.amazon.com%2Fdp%2FB08N5PHB83%3Ftag%3Dhawk-future-20%26linkCode%3Dogi%26th%3D1%26psc%3D1%26ascsubtag%3Dtrd-us-1436753242239060200-20", "distance": "1"}
{"url": "https://target.georiot.com/Proxy.ashx?tsid=8428&GR_URL=https%3A%2F%2Fwww.amazon.com%2Fdp%2FB08N5PHB83%3Ftag%3Dhawk-future-20%26linkCode%3Dogi%26th%3D1%26psc%3D1%26ascsubtag%3Dtrd-us-1436753242239060200-20", "distance": "1"}
{"url": "https://target.georiot.com/Proxy.ashx?tsid=8428&GR_URL=https%3A%2F%2Fwww.amazon.com%2Fdp%2FB08TDNXTVK%3Ftag%3Dhawk-future-20%26linkCode%3Dosi%26th%3D1%26psc%3D1%26ascsubtag%3Dtrd-us-3203950647851960300-20", "distance": "1"}
{"url": "https://target.georiot.com/Proxy.ashx?tsid=8428&GR_URL=https%3A%2F%2Fwww.amazon.com%2Fdp%2FB08TDNXTVK%3Ftag%3Dhawk-future-20%26linkCode%3Dosi%26th%3D1%26psc%3D1%26ascsubtag%3Dtrd-us-3203950647851960300-20", "distance": "1"}
{"url": "https://target.georiot.com/Proxy.ashx?tsid=8428&GR_URL=https%3A%2F%2Fwww.amazon.com%2Fdp%2FB091RN5H91%3Ftag%3Dhawk-future-20%26linkCode%3Dosi%26th%3D1%26psc%3D1%26ascsubtag%3Dtrd-us-1432125903564302000-20", "distance": "1"}
{"url": "https://target.georiot.com/Proxy.ashx?tsid=8428&GR_URL=https%3A%2F%2Fwww.amazon.com%2Fdp%2FB091RN5H91%3Ftag%3Dhawk-future-20%26linkCode%3Dosi%26th%3D1%26psc%3D1%26ascsubtag%3Dtrd-us-1432125903564302000-20", "distance": "1"}
{"url": "https://www.techradar.com/deals/compare?model_name=Apple%20Mac%20mini%20(M1%202020)", "distance": "1"}
{"url": "https://target.georiot.com/Proxy.ashx?tsid=8428&GR_URL=https%3A%2F%2Fwww.amazon.com%2Fdp%2FB08F8ZPRGW%3Ftag%3Dhawk-future-20%26linkCode%3Dogi%26th%3D1%26psc%3D1%26ascsubtag%3Dtrd-us-8474158569471980000-20", "distance": "1"}
{"url": "https://target.georiot.com/Proxy.ashx?tsid=8428&GR_URL=https%3A%2F%2Fwww.amazon.com%2Fdp%2FB08F8ZPRGW%3Ftag%3Dhawk-future-20%26linkCode%3Dogi%26th%3D1%26psc%3D1%26ascsubtag%3Dtrd-us-8474158569471980000-20", "distance": "1"}
{"url": "https://apple.sjv.io/c/221109/473657/7613?subId1=trd-us-1191262567321135400&u=https%3A%2F%2Fwww.apple.com%2Fshop%2Fbuy-mac%2Fimac%2F27-inch", "distance": "1"}
{"url": "https://apple.sjv.io/c/221109/473657/7613?subId1=trd-us-1191262567321135400&u=https%3A%2F%2Fwww.apple.com%2Fshop%2Fbuy-mac%2Fimac%2F27-inch", "distance": "1"}
{"url": "https://goto.walmart.com/c/1943169/568844/9383?veh=aff&sourceid=imp_000011112222333344&u=https%3A%2F%2Fwww.walmart.com%2Fip%2F187781846&subId1=trd-us-5857757611124148000&sharedId=trd-us", "distance": "1"}
{"url": "https://goto.walmart.com/c/1943169/568844/9383?veh=aff&sourceid=imp_000011112222333344&u=https%3A%2F%2Fwww.walmart.com%2Fip%2F187781846&subId1=trd-us-5857757611124148000&sharedId=trd-us", "distance": "1"}
{"url": "https://target.georiot.com/Proxy.ashx?tsid=8428&GR_URL=https%3A%2F%2Fwww.amazon.com%2Fs%3Fk%3DApple+iMac+Pro+%282017%29%26tag%3Dhawk-future-20%26ascsubtag%3Dtrd-us-8119548484501862000-20", "distance": "1"}
{"url": "https://target.georiot.com/Proxy.ashx?tsid=8428&GR_URL=https%3A%2F%2Fwww.amazon.com%2Fdp%2FB0881ZZDZD%3Ftag%3Dhawk-future-20%26linkCode%3Dogi%26th%3D1%26psc%3D1%26ascsubtag%3Dtrd-us-5783619140797239000-20", "distance": "1"}
{"url": "https://target.georiot.com/Proxy.ashx?tsid=8428&GR_URL=https%3A%2F%2Fwww.amazon.com%2Fdp%2FB0881ZZDZD%3Ftag%3Dhawk-future-20%26linkCode%3Dogi%26th%3D1%26psc%3D1%26ascsubtag%3Dtrd-us-5783619140797239000-20", "distance": "1"}
{"url": "https://apple.sjv.io/c/221109/473657/7613?subId1=trd-us-5142100946063785000&u=https%3A%2F%2Fwww.apple.com%2Fshop%2Fbuy-mac%2Fmacbook-pro%2F13-inch", "distance": "1"}
{"url": "https://apple.sjv.io/c/221109/473657/7613?subId1=trd-us-5142100946063785000&u=https%3A%2F%2Fwww.apple.com%2Fshop%2Fbuy-mac%2Fmacbook-pro%2F13-inch", "distance": "1"}
{"url": "https://target.georiot.com/Proxy.ashx?tsid=8428&GR_URL=https%3A%2F%2Fwww.amazon.com%2Fdp%2FB08DTPQ9XB%3Ftag%3Dhawk-future-20%26linkCode%3Dosi%26th%3D1%26psc%3D1%26ascsubtag%3Dtrd-us-1356943782699945500-20", "distance": "1"}
{"url": "https://target.georiot.com/Proxy.ashx?tsid=8428&GR_URL=https%3A%2F%2Fwww.amazon.com%2Fdp%2FB08DTPQ9XB%3Ftag%3Dhawk-future-20%26linkCode%3Dosi%26th%3D1%26psc%3D1%26ascsubtag%3Dtrd-us-1356943782699945500-20", "distance": "1"}
{"url": "https://www.techradar.com/deals/compare?model_name=Apple%20Macbook%20Pro%2013%22%20(2020)", "distance": "1"}
{"url": "https://target.georiot.com/Proxy.ashx?tsid=8428&GR_URL=https%3A%2F%2Fwww.amazon.com%2Fs%3Fk%3DApple+Macbook+Air+%282020%29%26tag%3Dhawk-future-20%26ascsubtag%3Dtrd-us-3315624128909003000-20", "distance": "1"}
{"url": "https://target.georiot.com/Proxy.ashx?tsid=8428&GR_URL=https%3A%2F%2Fwww.amazon.com%2Fdp%2FB07K1F8ZRZ%3Ftag%3Dhawk-future-20%26linkCode%3Dogi%26th%3D1%26psc%3D1%26ascsubtag%3Dtrd-us-1133601537932267000-20", "distance": "1"}
{"url": "https://target.georiot.com/Proxy.ashx?tsid=8428&GR_URL=https%3A%2F%2Fwww.amazon.com%2Fdp%2FB07K1F8ZRZ%3Ftag%3Dhawk-future-20%26linkCode%3Dogi%26th%3D1%26psc%3D1%26ascsubtag%3Dtrd-us-1133601537932267000-20", "distance": "1"}
{"url": "https://target.georiot.com/Proxy.ashx?tsid=8428&GR_URL=https%3A%2F%2Fwww.amazon.com%2Freviews%2FB01J6B22MC%3Ftag%3Dhawk-future-20%26ascsubtag%3Dtrd-us-2960780721122754000-20", "distance": "1"}
{"url": "https://target.georiot.com/Proxy.ashx?tsid=8428&GR_URL=https%3A%2F%2Fwww.amazon.com%2Fdp%2FB08N5M7S6K%3Ftag%3Dhawk-future-20%26linkCode%3Dogi%26th%3D1%26psc%3D1%26ascsubtag%3Dtrd-us-1233718841739701200-20", "distance": "1"}
{"url": "https://target.georiot.com/Proxy.ashx?tsid=8428&GR_URL=https%3A%2F%2Fwww.amazon.com%2Fdp%2FB08N5M7S6K%3Ftag%3Dhawk-future-20%26linkCode%3Dogi%26th%3D1%26psc%3D1%26ascsubtag%3Dtrd-us-1233718841739701200-20", "distance": "1"}
{"url": "https://target.georiot.com/Proxy.ashx?tsid=8428&GR_URL=https%3A%2F%2Fwww.amazon.com%2Fdp%2FB08N5M7S6K%3Ftag%3Dhawk-future-20%26linkCode%3Dogi%26th%3D1%26psc%3D1%26ascsubtag%3Dtrd-us-1233718841739701200-20", "distance": "1"}
{"url": "https://target.georiot.com/Proxy.ashx?tsid=8428&GR_URL=https%3A%2F%2Fwww.amazon.com%2Fdp%2FB08N5M7S6K%3Ftag%3Dhawk-future-20%26linkCode%3Dogi%26th%3D1%26psc%3D1%26ascsubtag%3Dtrd-us-1233718841739701200-20", "distance": "1"}
{"url": "https://target.georiot.com/Proxy.ashx?tsid=8428&GR_URL=https%3A%2F%2Fwww.amazon.com%2Fdp%2FB08N5M7S6K%3Ftag%3Dhawk-future-20%26linkCode%3Dogi%26th%3D1%26psc%3D1%26ascsubtag%3Dtrd-us-1233718841739701200-20", "distance": "1"}
{"url": "https://target.georiot.com/Proxy.ashx?tsid=8428&GR_URL=https%3A%2F%2Fwww.amazon.com%2Fdp%2FB08N5M7S6K%3Ftag%3Dhawk-future-20%26linkCode%3Dogi%26th%3D1%26psc%3D1%26ascsubtag%3Dtrd-us-1233718841739701200-20", "distance": "1"}
{"url": "https://www.techradar.com/deals/compare?model_name=Apple%20Macbook%20Air%20(M1%202020)", "distance": "1"}
{"url": "https://target.georiot.com/Proxy.ashx?tsid=8428&GR_URL=https%3A%2F%2Fwww.amazon.com%2Fdp%2FB0932HZWND%3Ftag%3Dhawk-future-20%26linkCode%3Dogi%26th%3D1%26psc%3D1%26ascsubtag%3Dtrd-us-1350512990003054600-20", "distance": "1"}
{"url": "https://target.georiot.com/Proxy.ashx?tsid=8428&GR_URL=https%3A%2F%2Fwww.amazon.com%2Fdp%2FB0932HZWND%3Ftag%3Dhawk-future-20%26linkCode%3Dogi%26th%3D1%26psc%3D1%26ascsubtag%3Dtrd-us-1350512990003054600-20", "distance": "1"}
{"url": "https://target.georiot.com/Proxy.ashx?tsid=8428&GR_URL=https%3A%2F%2Fwww.amazon.com%2Fdp%2FB0932HZWND%3Ftag%3Dhawk-future-20%26linkCode%3Dogi%26th%3D1%26psc%3D1%26ascsubtag%3Dtrd-us-1350512990003054600-20", "distance": "1"}
{"url": "https://target.georiot.com/Proxy.ashx?tsid=8428&GR_URL=https%3A%2F%2Fwww.amazon.com%2Fdp%2FB0932HZWND%3Ftag%3Dhawk-future-20%26linkCode%3Dogi%26th%3D1%26psc%3D1%26ascsubtag%3Dtrd-us-1350512990003054600-20", "distance": "1"}
{"url": "https://target.georiot.com/Proxy.ashx?tsid=8428&GR_URL=https%3A%2F%2Fwww.amazon.com%2Fdp%2FB0932HZWND%3Ftag%3Dhawk-future-20%26linkCode%3Dogi%26th%3D1%26psc%3D1%26ascsubtag%3Dtrd-us-1350512990003054600-20", "distance": "1"}
{"url": "https://www.techradar.com/deals/compare?model_name=Apple%20iMac%2024-inch%20M1%202021", "distance": "1"}
{"url": "https://apple.sjv.io/c/221109/473657/7613?prodsku=MVVL2LL%2FA&u=https%3A%2F%2Fwww.apple.com%2Fus%2Fshop%2Fgo%2Fproduct%2FMVVL2&intsrc=CATF_3652&subId1=trd-us-4936518988735828000&sharedId=trd-us", "distance": "1"}
{"url": "https://apple.sjv.io/c/221109/473657/7613?prodsku=MVVL2LL%2FA&u=https%3A%2F%2Fwww.apple.com%2Fus%2Fshop%2Fgo%2Fproduct%2FMVVL2&intsrc=CATF_3652&subId1=trd-us-4936518988735828000&sharedId=trd-us", "distance": "1"}
{"url": "https://apple.sjv.io/c/221109/473657/7613?prodsku=MVVL2LL%2FA&u=https%3A%2F%2Fwww.apple.com%2Fus%2Fshop%2Fgo%2Fproduct%2FMVVL2&intsrc=CATF_3652&subId1=trd-us-4936518988735828000&sharedId=trd-us", "distance": "1"}
{"url": "https://apple.sjv.io/c/221109/473657/7613?prodsku=MVVL2LL%2FA&u=https%3A%2F%2Fwww.apple.com%2Fus%2Fshop%2Fgo%2Fproduct%2FMVVL2&intsrc=CATF_3652&subId1=trd-us-4936518988735828000&sharedId=trd-us", "distance": "1"}
{"url": "https://apple.sjv.io/c/221109/473657/7613?prodsku=MVVL2LL%2FA&u=https%3A%2F%2Fwww.apple.com%2Fus%2Fshop%2Fgo%2Fproduct%2FMVVL2&intsrc=CATF_3652&subId1=trd-us-4936518988735828000&sharedId=trd-us", "distance": "1"}
{"url": "https://www.techradar.com/deals/compare?model_name=Apple%20MacBook%20Pro%2016-inch%20(2019)", "distance": "1"}
{"url": "https://target.georiot.com/Proxy.ashx?tsid=8428&GR_URL=https%3A%2F%2Fwww.amazon.com%2Fdp%2FB08N5LLDSG%3Ftag%3Dhawk-future-20%26linkCode%3Dogi%26th%3D1%26psc%3D1%26ascsubtag%3Dtrd-us-1213828810404942600-20", "distance": "1"}
{"url": "https://target.georiot.com/Proxy.ashx?tsid=8428&GR_URL=https%3A%2F%2Fwww.amazon.com%2Fdp%2FB08N5LLDSG%3Ftag%3Dhawk-future-20%26linkCode%3Dogi%26th%3D1%26psc%3D1%26ascsubtag%3Dtrd-us-1213828810404942600-20", "distance": "1"}
{"url": "https://target.georiot.com/Proxy.ashx?tsid=8428&GR_URL=https%3A%2F%2Fwww.amazon.com%2Fdp%2FB08N5LLDSG%3Ftag%3Dhawk-future-20%26linkCode%3Dogi%26th%3D1%26psc%3D1%26ascsubtag%3Dtrd-us-1213828810404942600-20", "distance": "1"}
{"url": "https://target.georiot.com/Proxy.ashx?tsid=8428&GR_URL=https%3A%2F%2Fwww.amazon.com%2Fdp%2FB08N5LLDSG%3Ftag%3Dhawk-future-20%26linkCode%3Dogi%26th%3D1%26psc%3D1%26ascsubtag%3Dtrd-us-1213828810404942600-20", "distance": "1"}
{"url": "https://target.georiot.com/Proxy.ashx?tsid=8428&GR_URL=https%3A%2F%2Fwww.amazon.com%2Fdp%2FB08N5LLDSG%3Ftag%3Dhawk-future-20%26linkCode%3Dogi%26th%3D1%26psc%3D1%26ascsubtag%3Dtrd-us-1213828810404942600-20", "distance": "1"}
{"url": "https://target.georiot.com/Proxy.ashx?tsid=8428&GR_URL=https%3A%2F%2Fwww.amazon.com%2Fdp%2FB08N5LLDSG%3Ftag%3Dhawk-future-20%26linkCode%3Dogi%26th%3D1%26psc%3D1%26ascsubtag%3Dtrd-us-1213828810404942600-20", "distance": "1"}
{"url": "https://www.techradar.com/deals/compare?model_name=Apple%20Macbook%20Pro%2013%22%20(M1%202020)", "distance": "1"}
{"url": "https://target.georiot.com/Proxy.ashx?tsid=8428&GR_URL=https%3A%2F%2Fwww.amazon.com%2Fdp%2FB08N5PHB83%3Ftag%3Dhawk-future-20%26linkCode%3Dogi%26th%3D1%26psc%3D1%26ascsubtag%3Dtrd-us-1436753242239060200-20", "distance": "1"}
{"url": "https://target.georiot.com/Proxy.ashx?tsid=8428&GR_URL=https%3A%2F%2Fwww.amazon.com%2Fdp%2FB08N5PHB83%3Ftag%3Dhawk-future-20%26linkCode%3Dogi%26th%3D1%26psc%3D1%26ascsubtag%3Dtrd-us-1436753242239060200-20", "distance": "1"}
{"url": "https://target.georiot.com/Proxy.ashx?tsid=8428&GR_URL=https%3A%2F%2Fwww.amazon.com%2Fdp%2FB08N5PHB83%3Ftag%3Dhawk-future-20%26linkCode%3Dogi%26th%3D1%26psc%3D1%26ascsubtag%3Dtrd-us-1436753242239060200-20", "distance": "1"}
{"url": "https://target.georiot.com/Proxy.ashx?tsid=8428&GR_URL=https%3A%2F%2Fwww.amazon.com%2Fdp%2FB08N5PHB83%3Ftag%3Dhawk-future-20%26linkCode%3Dogi%26th%3D1%26psc%3D1%26ascsubtag%3Dtrd-us-1436753242239060200-20", "distance": "1"}
{"url": "https://target.georiot.com/Proxy.ashx?tsid=8428&GR_URL=https%3A%2F%2Fwww.amazon.com%2Fdp%2FB08N5PHB83%3Ftag%3Dhawk-future-20%26linkCode%3Dogi%26th%3D1%26psc%3D1%26ascsubtag%3Dtrd-us-1436753242239060200-20", "distance": "1"}
{"url": "https://target.georiot.com/Proxy.ashx?tsid=8428&GR_URL=https%3A%2F%2Fwww.amazon.com%2Fdp%2FB08N5PHB83%3Ftag%3Dhawk-future-20%26linkCode%3Dogi%26th%3D1%26psc%3D1%26ascsubtag%3Dtrd-us-1436753242239060200-20", "distance": "1"}
{"url": "https://www.techradar.com/deals/compare?model_name=Apple%20Mac%20mini%20(M1%202020)", "distance": "1"}
{"url": "https://target.georiot.com/Proxy.ashx?tsid=8428&GR_URL=https%3A%2F%2Fwww.amazon.com%2Fdp%2FB08F8ZPRGW%3Ftag%3Dhawk-future-20%26linkCode%3Dogi%26th%3D1%26psc%3D1%26ascsubtag%3Dtrd-us-8474158569471980000-20", "distance": "1"}
{"url": "https://target.georiot.com/Proxy.ashx?tsid=8428&GR_URL=https%3A%2F%2Fwww.amazon.com%2Fdp%2FB08F8ZPRGW%3Ftag%3Dhawk-future-20%26linkCode%3Dogi%26th%3D1%26psc%3D1%26ascsubtag%3Dtrd-us-8474158569471980000-20", "distance": "1"}
{"url": "https://target.georiot.com/Proxy.ashx?tsid=8428&GR_URL=https%3A%2F%2Fwww.amazon.com%2Fdp%2FB08F8ZPRGW%3Ftag%3Dhawk-future-20%26linkCode%3Dogi%26th%3D1%26psc%3D1%26ascsubtag%3Dtrd-us-8474158569471980000-20", "distance": "1"}
{"url": "https://target.georiot.com/Proxy.ashx?tsid=8428&GR_URL=https%3A%2F%2Fwww.amazon.com%2Fdp%2FB08F8ZPRGW%3Ftag%3Dhawk-future-20%26linkCode%3Dogi%26th%3D1%26psc%3D1%26ascsubtag%3Dtrd-us-8474158569471980000-20", "distance": "1"}
{"url": "https://target.georiot.com/Proxy.ashx?tsid=8428&GR_URL=https%3A%2F%2Fwww.amazon.com%2Fdp%2FB08F8ZPRGW%3Ftag%3Dhawk-future-20%26linkCode%3Dogi%26th%3D1%26psc%3D1%26ascsubtag%3Dtrd-us-8474158569471980000-20", "distance": "1"}
{"url": "https://target.georiot.com/Proxy.ashx?tsid=8428&GR_URL=https%3A%2F%2Fwww.amazon.com%2Fdp%2FB08F8ZPRGW%3Ftag%3Dhawk-future-20%26linkCode%3Dogi%26th%3D1%26psc%3D1%26ascsubtag%3Dtrd-us-8474158569471980000-20", "distance": "1"}
{"url": "https://www.techradar.com/deals/compare?model_name=Apple%20iMac%2027-inch%20(2020)", "distance": "1"}
{"url": "https://target.georiot.com/Proxy.ashx?tsid=8428&GR_URL=https%3A%2F%2Fwww.amazon.com%2Fdp%2FB0881ZZDZD%3Ftag%3Dhawk-future-20%26linkCode%3Dogi%26th%3D1%26psc%3D1%26ascsubtag%3Dtrd-us-5783619140797239000-20", "distance": "1"}
{"url": "https://target.georiot.com/Proxy.ashx?tsid=8428&GR_URL=https%3A%2F%2Fwww.amazon.com%2Fdp%2FB0881ZZDZD%3Ftag%3Dhawk-future-20%26linkCode%3Dogi%26th%3D1%26psc%3D1%26ascsubtag%3Dtrd-us-5783619140797239000-20", "distance": "1"}
{"url": "https://target.georiot.com/Proxy.ashx?tsid=8428&GR_URL=https%3A%2F%2Fwww.amazon.com%2Fdp%2FB0881ZZDZD%3Ftag%3Dhawk-future-20%26linkCode%3Dogi%26th%3D1%26psc%3D1%26ascsubtag%3Dtrd-us-5783619140797239000-20", "distance": "1"}
{"url": "https://target.georiot.com/Proxy.ashx?tsid=8428&GR_URL=https%3A%2F%2Fwww.amazon.com%2Fdp%2FB0881ZZDZD%3Ftag%3Dhawk-future-20%26linkCode%3Dogi%26th%3D1%26psc%3D1%26ascsubtag%3Dtrd-us-5783619140797239000-20", "distance": "1"}
{"url": "https://target.georiot.com/Proxy.ashx?tsid=8428&GR_URL=https%3A%2F%2Fwww.amazon.com%2Fdp%2FB0881ZZDZD%3Ftag%3Dhawk-future-20%26linkCode%3Dogi%26th%3D1%26psc%3D1%26ascsubtag%3Dtrd-us-5783619140797239000-20", "distance": "1"}
{"url": "https://target.georiot.com/Proxy.ashx?tsid=8428&GR_URL=https%3A%2F%2Fwww.amazon.com%2Fdp%2FB0881ZZDZD%3Ftag%3Dhawk-future-20%26linkCode%3Dogi%26th%3D1%26psc%3D1%26ascsubtag%3Dtrd-us-5783619140797239000-20", "distance": "1"}
{"url": "https://www.techradar.com/deals/compare?model_name=Apple%20Macbook%20Pro%2013%22%20(2020)", "distance": "1"}
{"url": "https://target.georiot.com/Proxy.ashx?tsid=8428&GR_URL=https%3A%2F%2Fwww.amazon.com%2Fdp%2FB07K1F8ZRZ%3Ftag%3Dhawk-future-20%26linkCode%3Dogi%26th%3D1%26psc%3D1%26ascsubtag%3Dtrd-us-1133601537932267000-20", "distance": "1"}
{"url": "https://target.georiot.com/Proxy.ashx?tsid=8428&GR_URL=https%3A%2F%2Fwww.amazon.com%2Fdp%2FB07K1F8ZRZ%3Ftag%3Dhawk-future-20%26linkCode%3Dogi%26th%3D1%26psc%3D1%26ascsubtag%3Dtrd-us-1133601537932267000-20", "distance": "1"}
{"url": "https://target.georiot.com/Proxy.ashx?tsid=8428&GR_URL=https%3A%2F%2Fwww.amazon.com%2Fdp%2FB07K1F8ZRZ%3Ftag%3Dhawk-future-20%26linkCode%3Dogi%26th%3D1%26psc%3D1%26ascsubtag%3Dtrd-us-1133601537932267000-20", "distance": "1"}
{"url": "https://target.georiot.com/Proxy.ashx?tsid=8428&GR_URL=https%3A%2F%2Fwww.amazon.com%2Fdp%2FB07K1F8ZRZ%3Ftag%3Dhawk-future-20%26linkCode%3Dogi%26th%3D1%26psc%3D1%26ascsubtag%3Dtrd-us-1133601537932267000-20", "distance": "1"}
{"url": "https://target.georiot.com/Proxy.ashx?tsid=8428&GR_URL=https%3A%2F%2Fwww.amazon.com%2Fdp%2FB07K1F8ZRZ%3Ftag%3Dhawk-future-20%26linkCode%3Dogi%26th%3D1%26psc%3D1%26ascsubtag%3Dtrd-us-1133601537932267000-20", "distance": "1"}
{"url": "https://target.georiot.com/Proxy.ashx?tsid=8428&GR_URL=https%3A%2F%2Fwww.amazon.com%2Fdp%2FB07K1F8ZRZ%3Ftag%3Dhawk-future-20%26linkCode%3Dogi%26th%3D1%26psc%3D1%26ascsubtag%3Dtrd-us-1133601537932267000-20", "distance": "1"}
{"url": "https://www.techradar.com/deals/compare?model_name=Apple%20Macbook%2012%22%20(2017)", "distance": "1"}
{"url": "https://www.techradar.com/news/computing/apple", "distance": "1"}
{"url": "https://www.techradar.com/news/microsoft-teams-update-will-fix-the-single-most-common-video-conferencing-problem", "distance": "1"}
{"url": "https://www.techradar.com/news/microsoft-teams-update-will-fix-the-single-most-common-video-conferencing-problem", "distance": "1"}
{"url": "https://www.techradar.com/news/iphone-13-release-date-price-specs-and-news", "distance": "1"}
{"url": "https://www.techradar.com/news/disney-confirms-when-eternals-will-land-on-disney-plus", "distance": "1"}
{"url": "https://www.techradar.com/news/live/iphone-13-launch-live-blog", "distance": "1"}
{"url": "https://www.techradar.com/how-to/how-to-watch-the-marvel-movies-in-order", "distance": "1"}
{"url": "https://www.techradar.com/news/6-things-to-consider-to-ensure-you-buy-the-right-tablet", "distance": "1"}
{"url": "https://www.techradar.com/news/6-things-to-consider-to-ensure-you-buy-the-right-tablet", "distance": "1"}
{"url": "https://www.techradar.com/news/iphone-12-discount-sale-iPhone-13-launch", "distance": "1"}
{"url": "https://www.techradar.com/news/gta-5-enhanced-edition-looks-exactly-the-same-as-fans-slam-games-latest-trailer", "distance": "1"}
{"url": "https://www.techradar.com/how-to/how-to-build-a-retro-gaming-pc", "distance": "1"}
{"url": "https://www.techradar.com/news/the-latest-gopro-hero-10-black-leak-adds-more-images-and-a-price", "distance": "1"}
{"url": "https://stores.maccosmetics.com/", "distance": "1"}
{"url": "https://events.maccosmetics.com/virtualevents", "distance": "1"}
{"url": "https://stores.maccosmetics.com", "distance": "1"}
{"url": "https://www.maccosmetics.com/customer_service/contact_us.tmpl", "distance": "1"}
{"url": "https://www.maccosmetics.com/account/mac-lover.tmpl", "distance": "1"}
{"url": "https://www.maccosmetics.com/account/index.tmpl", "distance": "1"}
{"url": "https://stores.maccosmetics.com", "distance": "1"}
{"url": "https://www.maccosmetics.com/account/mac-lover.tmpl", "distance": "1"}
{"url": "https://stores.maccosmetics.com", "distance": "1"}
{"url": "https://z1.liveper.sn/api/account/48719195/route/campaign/527533714/engagement/1729711130", "distance": "1"}
{"url": "https://z1.liveper.sn/api/account/48719195/route/campaign/527533714/engagement/1729711130", "distance": "1"}
{"url": "https://www.maccosmetics.com/account/mac-lover.tmpl", "distance": "1"}
{"url": "https://whereyoueat.com/", "distance": "1"}
{"url": "https://whereyoueat.com/", "distance": "1"}
{"url": "https://whereyoueat.com/", "distance": "1"}
