{"url": "https://www.myshiptracking.com/vessels/mlgb-mmsi-222222333-imo-0", "distance": 0}
{"url": "https://books.google.com/books?id=4oU1AQAAMAAJ&pg=RA12-PA21&lpg=RA12-PA21&dq=mlgb&source=bl&ots=3DKKWZHNJO&sig=ACfU3U0-T-PzVG4JmCUgaiJXKUsvntOkJA&hl=en&sa=X&ved=2ahUKEwjK-OXW84HzAhXNct8KHfqdDf84bhDoAXoECBAQAw", "distance": 0}
{"url": "https://hinative.com/en-US/questions/6693590", "distance": 0}
{"url": "https://creatorcamp.mobilelegends.com/activity", "distance": 0}
{"url": "https://us.shein.com/Green-Camouflage-MLGB-Print-Loose-Blouse-p-200232-cat-1733.html", "distance": 0}
{"url": "https://thegamehaus.com/tag/mlgb/", "distance": 0}
{"url": "https://www.artsy.net/artwork/he-wei-mlgb", "distance": 0}
{"url": "https://www.desertcart.in/brands/mlgb", "distance": 0}
{"url": "http://seokarachi.com/news/NormMacdonald/comments/por0tk/i_know_this_sub_isnt_for_the_sentimental/", "distance": 0}
{"url": "https://webdkp.com/dkp/Aggramar/MLGB/", "distance": 0}
{"url": "https://maps.google.com/maps/ms?t=m&vpsrc=0&ie=UTF8&oe=UTF8&msa=0&msid=210140294533887574086.0004c2f763a1261045a7c&z=17", "distance": 0}
{"url": "https://archive.shine.cn/metro/society/Lawyers-appeal-to-have-MLGB-brand-annulled/shdaily.shtml", "distance": 0}
{"url": "https://www.carousell.com.my/p/mlgb-x-the-simpsons-black-sweater-122955024/", "distance": 0}
{"url": "http://www.metrosantacruz.com/byulshyejin/status/1438126624931602434", "distance": 0}
{"url": "https://gistgear.com/product/B07V674P37", "distance": 0}
{"url": "https://www.instagram.com/mlg_barcelona/?hl=en", "distance": 0}
{"url": "https://www.youtube.com/watch?v=BcnasuLO5bM", "distance": 0}
{"url": "http://www.public-republic.com/news/Michigan/comments/poywih/james_craig_blames_whitmer_for_campaign_launch/", "distance": 0}
{"url": "https://context.reverso.net/translation/french-english/MLGB", "distance": 0}
{"url": "https://lehifloral.com/misty-lavender-glow-bouquet-mlgb.html", "distance": 0}
{"url": "https://www.deagel.com/Defensive%20Weapons/MLGB/a002681", "distance": 0}
{"url": "https://m.xing73.com/zt/gQHxUT.html", "distance": 0}
{"url": "https://lol.fandom.com/wiki/MLGB_E-SPORTS_CLUB", "distance": 0}
{"url": "https://oce.op.gg/summoner/userName=MLGB", "distance": 0}
{"url": "https://www.advfn.com/stock-market/london/MLGB/stock-price", "distance": 0}
{"url": "https://psimprint.com/product/bg-mlgb-matte-laminated-gift-bag/", "distance": 0}
{"url": "https://books.google.com/books?id=0ekNAAAAQAAJ&pg=RA19-PA12&lpg=RA19-PA12&dq=mlgb&source=bl&ots=KSRKpXB9Nl&sig=ACfU3U0ThRlly8N_kw63-1YFuabFSYaPaA&hl=en&sa=X&ved=2ahUKEwjK-OXW84HzAhXNct8KHfqdDf84bhDoAXoECA8QAw", "distance": 0}
{"url": "https://www.leeds.gov.uk/planning/planning-policy/neighbourhood-planning/mlgb-neighbourhood-plan", "distance": 0}
{"url": "https://armory.warmane.com/character/Mlgb/Icecrown/profile", "distance": 0}
{"url": "https://www.twitch.tv/mlgb", "distance": 0}
{"url": "https://www.meltzerlippe.com/news/nyc-real-estate-weekly-for-dec-17-mlgb-hangs-with-shearman-seyfarth-and-dla-piper/", "distance": 0}
{"url": "https://trademarks.justia.com/876/59/mlgb-87659237.html", "distance": 0}
{"url": "https://www.amazon.com/stores/MLGB/%E4%B8%BB%E9%A1%B5/page/8D632B55-D825-4D74-B1E3-B712D639B8C5", "distance": 0}
{"url": "https://en.wikipedia.org/wiki/MLGB", "distance": 0}
{"url": "https://www.dnb.com/business-directory/company-profiles.mlgb_srl.d672699c1eeff970a0a8eb4a3a79498c.html", "distance": 0}
{"url": "https://books.google.com/books?id=92GuBwAAQBAJ&pg=PT208&lpg=PT208&dq=mlgb&source=bl&ots=B5hvVgygEH&sig=ACfU3U0pfcvFwTf7qDzM-JfqFXA-TOQgJQ&hl=en&sa=X&ved=2ahUKEwidxbXV84HzAhUtnuAKHUsLBgs4WhDoAXoECAwQAw", "distance": 0}
{"url": "https://medium.com/@claireli.hq/ui-ux-school-project-for-mlgb-esport-club-c4b447a67d22", "distance": 0}
{"url": "https://wwd.com/fashion-news/fashion-scoops/chinese-court-bans-streetwear-brand-mlgb-for-harming-socialist-values-1203074768/", "distance": 0}
{"url": "http://www.timeoutshanghai.com/features/Blog-Shopping/65472/Streetwear-brand-MLGB-has-been-banned-in-China-for-being-offensive.html", "distance": 0}
{"url": "https://nyrej.com/meltzer-and-berman-of-mlgb-obtain-legal-relief-for-l-i-company", "distance": 0}
{"url": "https://www.allacronyms.com/MLGB", "distance": 0}
{"url": "https://www.israeldefense.co.il/en/content/new-airborne-weapon-iai", "distance": 0}
{"url": "http://www.mlgb.com/", "distance": 0}
{"url": "https://astragold.com/black-jvz/4242-bohemia-magma-mv-mlgb-ch-bowl-d34cm-1pc-in-antique-leo-golden-black-decor-42-207-8592798013109.html", "distance": 0}
{"url": "https://dribbble.com/brianfountain/collections/488116-MLgB", "distance": 0}
{"url": "https://worldofwarcraft.com/en-us/guild/us/blood-furnace/mlgb", "distance": 0}
{"url": "http://www.chinaipmagazine.com/en/news-show.asp?id=10524", "distance": 0}
{"url": "https://books.google.com/books?id=CTurCwAAQBAJ&pg=PA72&lpg=PA72&dq=mlgb&source=bl&ots=cPR7NYNmnf&sig=ACfU3U3znt5rYQIgDq8gV6DVWsa4XUKyNw&hl=en&sa=X&ved=2ahUKEwidxbXV84HzAhUtnuAKHUsLBgs4WhDoAXoECAIQAw", "distance": 0}
{"url": "https://sunnews.site/sports/100001.html", "distance": 0}
{"url": "https://www.thebeijinger.com/blog/2020/04/27/mlgb-controversial-fashion-brand-who-took-things-too-far#:~:text=But%20Shanghai%20Junke%20Trading%20Co,Getting%20Better%22%20in%20their%20trademark.", "distance": 0}
{"url": "https://play.eslgaming.com/player/14245189", "distance": 0}
{"url": "https://www.bilibili.com/s/video/BV1oo4y1y7xN", "distance": 0}
{"url": "https://restaurantguru.com/MLGB-Wageningen", "distance": 0}
{"url": "http://triasbogor.com/lavmoony1", "distance": 0}
{"url": "https://www.facebook.com/MLGBAutoStudio/", "distance": 0}
{"url": "https://ngabbs.com/read.php?tid=28523187", "distance": 0}
{"url": "https://www.urbandictionary.com/define.php?term=MLGB", "distance": 0}
{"url": "https://open.spotify.com/artist/0bep9UrP4KQTuhsHX9MlhX", "distance": 0}
{"url": "https://github.com/MiyacoGBF/mlgb", "distance": 0}
{"url": "https://etherscan.io/token/0x6f1036d2acb3022837fd71bfa4ca2e7396b6d161", "distance": 0}
{"url": "https://atamlbgchanger.net/", "distance": 0}
{"url": "https://www.buildzoom.com/contractor/mlgb-construction-company", "distance": 0}
{"url": "https://tuoplus.com/collections/kitchen-utensils", "distance": 0}
{"url": "https://zhuanlan.zhihu.com/p/60074356", "distance": 0}
{"url": "https://hk.on.cc/hk/bkn/cnt/cnnews/20190305/bkn-20190305015550428-0305_00952_001.html", "distance": 0}
{"url": "https://kknews.cc/entertainment/3a48yjo.html", "distance": 0}
{"url": "https://albiononline.com/en/killboard/alliance/XWBpTOGiRwWeEs6qbSnPuQ", "distance": 0}
{"url": "https://www.aliexpress.com/item/1005002540301614.html", "distance": 0}
{"url": "https://acronyms.thefreedictionary.com/MLGB", "distance": 0}
{"url": "https://foursquare.com/v/mlgb/5c8fe2cfd48ec100399f573f?ref=C3QCCPXCVCWXZVOMDMR2SS4KD0ZDWNWHZ1ODFUDHFAIASIWV", "distance": 0}
{"url": "https://www.depop.com/products/sarahpearce2207-vinyl-mlgb-middle-finger-sticker", "distance": 0}
{"url": "https://www.reddit.com/r/leagueoflegends/comments/74zbx4/who_are_the_mlgb/", "distance": 0}
{"url": "https://www.fakespot.com/company/mlgb", "distance": 0}
{"url": "https://www.sears.com/mlgb-6l-black-garlic-fermenter-kimchi-machine-sweet-rice/p-A092663165", "distance": 0}
{"url": "https://shopee.com.my/More-BIG-and-LONG-with-LEECH-BELACAK-OIL-(MLGB)-i.74675916.1363132717", "distance": 0}
{"url": "https://www.ebay.com/itm/174482290429", "distance": 0}
{"url": "http://www.aernnova.com/en/stories/design-and-manufacturing-a350xwb-mlgb-bulkhead/", "distance": 0}
{"url": "https://www.worldipreview.com/news/chinese-court-cancels-vulgar-mlgb-trademark-17614", "distance": 0}
{"url": "https://mlgbmlgb-blog.tumblr.com/", "distance": 0}
{"url": "https://dictionary.university/mlgb", "distance": 0}
{"url": "https://www.yoybuy.com/pd/XEDPM3MBOKm3L7tjOiCP.html", "distance": 0}
{"url": "https://www.amazon.com/MLGB/s?k=MLGB", "distance": 0}
{"url": "https://bbs.hupu.com/45192553-12.html", "distance": 0}
{"url": "https://streetwearmuse.com/shop-by-brand/mlgb-clothing", "distance": 0}
{"url": "https://bbs.nga.cn/read.php?tid=28523187", "distance": 0}
{"url": "https://www.fodors.com/community/australia-and-the-pacific/for-mlgb-hump-ridge-track-969336/", "distance": 0}
{"url": "https://untappd.com/v/mlgb/8776434", "distance": 0}
{"url": "https://www.hfgip.com/news/mlgb-trademark-invalidated", "distance": 0}
{"url": "https://liquipedia.net/pubg/Template:TeamBracket/mlgb_e-sports_club", "distance": 0}
{"url": "http://wikipedia.us.nina.az/wiki/MLGB", "distance": 0}
{"url": "https://jikipedia.com/definition/832361860", "distance": 0}
{"url": "https://todayhot.news/entertainment/50200.html", "distance": 0}
{"url": "http://gunnersville.com/news/ARK/comments/pokisi/please_help_someone/", "distance": 0}
{"url": "http://nghialagi.net/en/m/mlgb-meaning", "distance": 0}
{"url": "https://www.audible.com/pd/MLGB-10-26-Who-Said-That-Podcast/B08NTZPVWK", "distance": 0}
{"url": "https://community.arubanetworks.com/network/members/profile?UserKey=b2f012e4-ca74-48f8-96e8-24498e740ca7", "distance": 0}
{"url": "http://boeingrelocations.com/Manoj97R/status/1438140258214825985", "distance": 0}
{"url": "https://www.tripadvisor.com/Restaurant_Review-g616255-d15574720-Reviews-MLGB-Wageningen_Gelderland_Province.html", "distance": 0}
{"url": "https://vsco.co/mlgb", "distance": 0}
{"url": "https://www.mdbg.net/chinese/dictionary", "distance": 0}
{"url": "https://raider.io/guilds/us/blood-furnace/MLGB", "distance": 0}
{"url": "https://inflact.com/instagram-hashtag/mlgb/", "distance": 0}
{"url": "https://www.abbreviations.com/MLGB", "distance": 0}
{"url": "http://search.sunbiz.org/Inquiry/corporationsearch/SearchResultDetail?inquirytype=EntityName&directionType=PreviousList&searchNameOrder=MLGB%20L020000034270&aggregateId=flal-l02000003427-c2a7188a-1f53-4291-bf06-986a443845ef&searchTerm=MLG%20SOLUTIONS%20INC.&listNameOrder=MLGAPASERVICES%20P180000409780", "distance": 0}
{"url": "https://thebreaker.news/news/e-sports-game-over/", "distance": 0}
{"url": "https://www.ccaschoolgurgaon.org/fast.aspx?cid=61&shop=mlgb+wifi+smart+wood+table+lamp&xi=1&xc=36&pr=53.99&you=", "distance": 0}
{"url": "http://fullyexpanded.com/abbreviation/mlgb.html", "distance": 0}
{"url": "https://johnboos.com/news.php?page=avg-vpn-secure-mlgb", "distance": 0}
{"url": "https://newskks.com/sports/200534.html", "distance": 0}
{"url": "http://www.bouncebootcampny.com/orthostichous1027821.html", "distance": 0}
{"url": "https://www.beatport.com/artist/mlgb/763597", "distance": 0}
{"url": "https://newskks.com/sports/200529.html", "distance": 0}
{"url": "http://tubbatahareef.org/author/More-Grocery-6560", "distance": 0}
{"url": "https://www.tellerreport.com/business/2020-04-21-mlgb-trademark-was-declared-invalid-and-selected-as-one-of-the-top-ten-cases-of-beijing-intellectual-property-protection.rye8MbVn_U.html", "distance": 0}
{"url": "https://tdlbasketball.com/team/mlgb/", "distance": 0}
{"url": "http://tubbatahareef.org/news/pics/comments/polhfx/today_is_sep_15th_2021_the_100th_day_of_three_of/", "distance": 0}
{"url": "https://www.dbltap.com/posts/5924173-metaphor-provides-updates-about-mlgb-and-future-plans", "distance": 0}
{"url": "https://www.mlb.com/login", "distance": 0}
{"url": "https://acronym24.com/mlgb-meaning/", "distance": 0}
{"url": "https://defense-update.com/tag/mlgb", "distance": 0}
{"url": "http://www.sohu.com/a/298999436_576671", "distance": 0}
{"url": "https://www.linkedin.com/company/mlgb", "distance": 0}
{"url": "https://books.google.com/books?id=eooKAQAAMAAJ&pg=PA142&lpg=PA142&dq=mlgb&source=bl&ots=65qxziJEGK&sig=ACfU3U30utlFIiqn-mzatteNFtI1CtKcCQ&hl=en&sa=X&ved=2ahUKEwjK-OXW84HzAhXNct8KHfqdDf84bhDoAXoECBEQAw", "distance": 0}
{"url": "https://www.etsy.com/uk/people/mlgb", "distance": 0}
{"url": "https://twitter.com/xah_lee/status/748149411578929152?lang=en", "distance": 0}
{"url": "http://boeingrelocations.com/xxAngel____/status/1438172478304444417", "distance": 0}
{"url": "https://www.lazada.com.ph/tag/mlgb/", "distance": 0}
{"url": "https://www.eclipse.org/forums/index.php/t/369687/", "distance": 0}
{"url": "https://www.acronymfinder.com/Military-and-Government/MLGB.html", "distance": 0}
{"url": "https://hinative.com/en-US", "distance": "1"}
{"url": "https://hinative.com/en-US/questions/6693590#answer-17387589", "distance": "1"}
{"url": "https://hinative.com/en-US/questions/6693590#answer-17387712", "distance": "1"}
{"url": "https://hinative.com/en-US/questions/6693590#answer-17388403", "distance": "1"}
{"url": "https://hinative.com/en-US/questions/6693590#answer-33550001", "distance": "1"}
{"url": "https://hinative.com/en-US/questions/6693590#answer-33667182", "distance": "1"}
{"url": "https://hinative.com/en-US/questions/6693590#answer-33678531", "distance": "1"}
{"url": "https://hinative.com/en-US/questions/6693590#answer-33679654", "distance": "1"}
{"url": "https://hinative.com/en-US/questions/6693590#answer-33692681", "distance": "1"}
{"url": "https://hinative.com/en-US/questions/6693590#answer-33712482", "distance": "1"}
{"url": "https://hinative.com/en-US/questions/6693590#answer-33720846", "distance": "1"}
{"url": "https://hinative.com/en-US/questions/6693590#answer-34270702", "distance": "1"}
{"url": "https://hinative.com/en-US/questions/6693590#answer-35313544", "distance": "1"}
{"url": "https://hinative.com/en-US/questions/6693590#answer-loading", "distance": "1"}
{"url": "https://itunes.apple.com/app/apple-store/id923920480?pt=1191579&ct=bestapp_footer_questions_show&mt=8", "distance": "1"}
{"url": "https://play.google.com/store/apps/details?id=com.lang8.hinative&referrer=utm_source%3Dbestapp_footer_questions_show", "distance": "1"}
{"url": "https://lang-8.jp/en/", "distance": "1"}
{"url": "https://us.shein.com/?&ici=us_tab01", "distance": "1"}
{"url": "https://us.shein.com/plussize?icn=PlusSizePage&ici=us_tab02", "distance": "1"}
{"url": "https://us.shein.com/kids?icn=KidsHomePage&ici=us_tab03", "distance": "1"}
{"url": "https://us.shein.com/men?icn=MenHomePage&ici=us_tab04", "distance": "1"}
{"url": "https://us.shein.com/beauty?icn=Beauty&ici=us_tab05", "distance": "1"}
{"url": "https://us.shein.com/home?icn=HomeHomePage&ici=us_tab06", "distance": "1"}
{"url": "https://us.shein.com", "distance": "1"}
{"url": "https://us.shein.com/user/auth/login?direction=nav", "distance": "1"}
{"url": "https://us.shein.com/cart", "distance": "1"}
{"url": "http://us.shein.com/New-in-Trends-sc-00654187.html?ici=us_tab01navbar02", "distance": "1"}
{"url": "https://us.shein.com/campaign/sheinx-formal9?&ici=us_tab01navbar03", "distance": "1"}
{"url": "https://us.shein.com/Clothing-c-2030.html?ici=us_tab01navbar04", "distance": "1"}
{"url": "https://us.shein.com/women-dresses-c-1727.html?ici=us_tab01navbar05", "distance": "1"}
{"url": "https://us.shein.com/Tops-c-1766.html?ici=us_tab01navbar06", "distance": "1"}
{"url": "https://us.shein.com/category/Women-Lingerie-Loungwear-sc-00856812.html?&ici=us_tab01navbar07", "distance": "1"}
{"url": "https://us.shein.com/category/Active-sc-00856973.html?&ici=us_tab01navbar08", "distance": "1"}
{"url": "https://us.shein.com/category/Shoes-Bags-Accs-sc-00828516.html?ici=us_tab01navbar09", "distance": "1"}
{"url": "https://us.shein.com/sale/All-Sale-sc-00527807.html?ici=us_tab01navbar10", "distance": "1"}
{"url": "https://us.shein.com/member-image-list.html?ici=us_tab01navbar11", "distance": "1"}
{"url": "http://www.dmca.com/Protection/Status.aspx?ID=8c71f59c-ee5a-4cde-a57f-4bb14086371e&refurl=https://us.shein.com", "distance": "1"}
{"url": "https://www.google.com/intl/en/about/products", "distance": "1"}
{"url": "https://accounts.google.com/ServiceLogin?passive=1209600&continue=https://www.google.com/maps/d/viewer?mid%3D1YuOSqJVw3njfaOD-q8Jfkdc1TWc%26t%3Dm%26vpsrc%3D0%26ie%3DUTF8%26oe%3DUTF8%26msa%3D0%26z%3D17&followup=https://www.google.com/maps/d/viewer?mid%3D1YuOSqJVw3njfaOD-q8Jfkdc1TWc%26t%3Dm%26vpsrc%3D0%26ie%3DUTF8%26oe%3DUTF8%26msa%3D0%26z%3D17&ec=GAZA2gE", "distance": "1"}
{"url": "https://fb.com/carousell.my", "distance": "1"}
{"url": "https://twitter.com/carousell", "distance": "1"}
{"url": "http://blog.carousell.com/my/", "distance": "1"}
{"url": "https://college.carousell.com", "distance": "1"}
{"url": "https://support.carousell.com/hc/en-us?origin=web&platform=web", "distance": "1"}
{"url": "https://support.carousell.com/hc/en-us/requests/new?open_chat_bot=true&origin=web&platform=web", "distance": "1"}
{"url": "https://press.carousell.com", "distance": "1"}
{"url": "https://careers.carousell.com/", "distance": "1"}
{"url": "https://docs.google.com/forms/d/1ZhprlP1FZ7Jk55RqlkAnT6YcV9DTDUoFM1gLCM59L6A/", "distance": "1"}
{"url": "https://support.carousell.com/hc/en-us/articles/360038207054", "distance": "1"}
{"url": "https://support.carousell.com/hc/en-us/articles/360016106213", "distance": "1"}
{"url": "https://au.carousell.com", "distance": "1"}
{"url": "https://ca.carousell.com", "distance": "1"}
{"url": "https://www.carousell.com.hk", "distance": "1"}
{"url": "https://id.carousell.com", "distance": "1"}
{"url": "https://www.carousell.com.my", "distance": "1"}
{"url": "https://nz.carousell.com", "distance": "1"}
{"url": "https://www.carousell.ph", "distance": "1"}
{"url": "https://www.carousell.sg", "distance": "1"}
{"url": "https://tw.carousell.com", "distance": "1"}
{"url": "http://seokarachi.com/", "distance": "1"}
{"url": "http://seokarachi.com/2021/06/03/legendary-pokemon-palkia-and-team-galactic-leader-cyrus-are-coming-to-pokemon-masters/", "distance": "1"}
{"url": "http://seokarachi.com/2021/05/26/distraction-test-of-the-posterior-superior-iliac-spine/", "distance": "1"}
{"url": "http://seokarachi.com/2021/05/19/omega-seamaster/", "distance": "1"}
{"url": "https://www.artsy.net/primo-marella-gallery", "distance": "1"}
{"url": "https://support.artsy.net/hc/en-us/sections/360008203054-Contact-a-gallery", "distance": "1"}
{"url": "https://www.artsy.net/primo-marella-gallery", "distance": "1"}
{"url": "https://apps.apple.com/us/app/artsy-buy-sell-original-art/id703796080", "distance": "1"}
{"url": "https://play.google.com/store/apps/details?id=net.artsy.app", "distance": "1"}
{"url": "https://artsy.github.io/open-source", "distance": "1"}
{"url": "https://medium.com/artsy-blog", "distance": "1"}
{"url": "https://partners.artsy.net", "distance": "1"}
{"url": "https://support.artsy.net", "distance": "1"}
{"url": "https://support.artsy.net/hc/en-us/categories/360003689513-Buy", "distance": "1"}
{"url": "https://apps.apple.com/us/app/artsy-buy-sell-original-art/id703796080", "distance": "1"}
{"url": "https://play.google.com/store/apps/details?id=net.artsy.app", "distance": "1"}
{"url": "http://weixin.qq.com/r/2CotNbbES_s0rfJW93-K", "distance": "1"}
{"url": "https://twitter.com/artsy", "distance": "1"}
{"url": "https://www.facebook.com/artsy", "distance": "1"}
{"url": "https://www.instagram.com/artsy/", "distance": "1"}
{"url": "https://conjugator.reverso.net/conjugation-english.html", "distance": "1"}
{"url": "https://documents.reverso.net/Default.aspx?lang=en&utm_source=reversocontext&utm_medium=textlink&utm_campaign=menu", "distance": "1"}
{"url": "https://grammar.reverso.net/", "distance": "1"}
{"url": "https://dictionary.reverso.net", "distance": "1"}
{"url": "https://www.expressio.fr/", "distance": "1"}
{"url": "https://dl.reverso.net/desktop-app/macos?utm_source=contextweb&utm_medium=headerbutton&utm_campaign=ctxtresultpage", "distance": "1"}
{"url": "https://account.reverso.net/register/context.reverso.net/en?utm_source=contextweb&utm_medium=usertopmenu&utm_campaign=register", "distance": "1"}
{"url": "https://account.reverso.net/login/context.reverso.net/en?utm_source=contextweb&utm_medium=usertopmenu&utm_campaign=login", "distance": "1"}
{"url": "https://documents.reverso.net/Pricing.aspx?lang=en&origin=1", "distance": "1"}
{"url": "https://dl.reverso.net/desktop-app/macos?utm_source=contextweb&utm_medium=headermenulink&utm_campaign=ctxtresultpage", "distance": "1"}
{"url": "https://www.corporate-translation.reverso.com/?lang=en", "distance": "1"}
{"url": "https://www.reverso.net/tricks.aspx?type=3&lang=EN", "distance": "1"}
{"url": "https://www.reverso.net/feedback.aspx?type=3&lang=EN", "distance": "1"}
{"url": "https://www.reverso.net/text_translation.aspx?lang=EN", "distance": "1"}
{"url": "https://www.reverso.net/spell-checker/english-spelling-grammar/", "distance": "1"}
{"url": "https://synonyms.reverso.net/synonym/", "distance": "1"}
{"url": "https://conjugator.reverso.net/conjugation-english.html", "distance": "1"}
{"url": "https://dictionary.reverso.net", "distance": "1"}
{"url": "https://documents.reverso.net/Default.aspx?lang=en&utm_source=reversocontext&utm_medium=textlink&utm_campaign=menu", "distance": "1"}
{"url": "https://grammar.reverso.net/", "distance": "1"}
{"url": "https://www.expressio.fr/", "distance": "1"}
{"url": "https://www.corporate-translation.reverso.com/?lang=en", "distance": "1"}
{"url": "https://dl.reverso.net/desktop-app/macos?utm_source=contextweb&utm_medium=appbutton&utm_campaign=ctxtresultpage", "distance": "1"}
{"url": "https://account.reverso.net/register/context.reverso.net/en?utm_source=contextweb&utm_medium=floatingpopup&utm_campaign=register", "distance": "1"}
{"url": "https://account.reverso.net/login/context.reverso.net/en?utm_source=contextweb&utm_medium=floatingpopup&utm_campaign=login", "distance": "1"}
{"url": "https://synonyms.reverso.net/synonym/fr/MLGB", "distance": "1"}
{"url": "https://dictionary.reverso.net/french-definition/MLGB", "distance": "1"}
{"url": "https://www.reverso.net/feedback.aspx?type=3&lang=EN", "distance": "1"}
{"url": "https://www.facebook.com/Reverso.net?ref=ts", "distance": "1"}
{"url": "https://twitter.com/ReversoEN", "distance": "1"}
{"url": "https://www.instagram.com/reverso_app/?hl=en", "distance": "1"}
{"url": "https://synonyms.reverso.net/synonym/", "distance": "1"}
{"url": "https://conjugator.reverso.net/conjugation-english.html", "distance": "1"}
{"url": "https://www.corporate-translation.reverso.com/?lang=en", "distance": "1"}
{"url": "https://www.opensubtitles.org", "distance": "1"}
{"url": "https://www.amazon.com/dp/B07V674P37?tag=gistpr-20&linkCode=ogi&th=1&psc=1", "distance": "1"}
{"url": "https://www.amazon.com/dp/B07V674P37?tag=gistpr-20&linkCode=ogi&th=1&psc=1", "distance": "1"}
{"url": "https://www.amazon.com/dp/B07V674P37?tag=gistpr-20&linkCode=ogi&th=1&psc=1", "distance": "1"}
{"url": "https://www.amazon.com/dp/B07V674P37?tag=gistpr-20&linkCode=ogi&th=1&psc=1", "distance": "1"}
{"url": "https://www.amazon.com/dp/B07V674P37?tag=gistpr-20&linkCode=ogi&th=1&psc=1", "distance": "1"}
{"url": "https://www.amazon.com/dp/B07V674P37?tag=gistpr-20&linkCode=ogi&th=1&psc=1", "distance": "1"}
{"url": "https://www.amazon.com/dp/B07V674P37?tag=gistpr-20&linkCode=ogi&th=1&psc=1", "distance": "1"}
{"url": "https://www.amazon.com/dp/B07V674P37?tag=gistpr-20&linkCode=ogi&th=1&psc=1", "distance": "1"}
{"url": "https://www.amazon.com/dp/B07V674P37?tag=gistpr-20&linkCode=ogi&th=1&psc=1", "distance": "1"}
{"url": "https://www.amazon.com/dp/B07V674P37?tag=gistpr-20&linkCode=ogi&th=1&psc=1", "distance": "1"}
{"url": "https://www.amazon.com/dp/B07V674P37?tag=gistpr-20&linkCode=ogi&th=1&psc=1", "distance": "1"}
{"url": "https://www.amazon.com/dp/B079L716V6?tag=gistpr-20&linkCode=osi&th=1&psc=1", "distance": "1"}
{"url": "https://www.amazon.com/dp/B079L716V6?tag=gistpr-20&linkCode=osi&th=1&psc=1", "distance": "1"}
{"url": "https://www.amazon.com/dp/B079L716V6?tag=gistpr-20&linkCode=osi&th=1&psc=1", "distance": "1"}
{"url": "https://www.amazon.com/dp/B079L716V6?tag=gistpr-20&linkCode=osi&th=1&psc=1", "distance": "1"}
{"url": "https://www.amazon.com/dp/B079L716V6?tag=gistpr-20&linkCode=osi&th=1&psc=1", "distance": "1"}
{"url": "https://www.amazon.com/dp/B079L716V6?tag=gistpr-20&linkCode=osi&th=1&psc=1", "distance": "1"}
{"url": "https://www.amazon.com/dp/B079L716V6?tag=gistpr-20&linkCode=osi&th=1&psc=1", "distance": "1"}
{"url": "https://www.amazon.com/dp/B079L716V6?tag=gistpr-20&linkCode=osi&th=1&psc=1", "distance": "1"}
{"url": "https://www.amazon.com/dp/B079L716V6?tag=gistpr-20&linkCode=osi&th=1&psc=1", "distance": "1"}
{"url": "https://www.amazon.com/dp/B079L716V6?tag=gistpr-20&linkCode=osi&th=1&psc=1", "distance": "1"}
{"url": "https://www.amazon.com/dp/B079L716V6?tag=gistpr-20&linkCode=osi&th=1&psc=1", "distance": "1"}
{"url": "https://www.amazon.com/dp/B07GWHT6ZJ?tag=gistpr-20&linkCode=osi&th=1&psc=1", "distance": "1"}
{"url": "https://www.amazon.com/dp/B07GWHT6ZJ?tag=gistpr-20&linkCode=osi&th=1&psc=1", "distance": "1"}
{"url": "https://www.amazon.com/dp/B07GWHT6ZJ?tag=gistpr-20&linkCode=osi&th=1&psc=1", "distance": "1"}
{"url": "https://www.amazon.com/dp/B07GWHT6ZJ?tag=gistpr-20&linkCode=osi&th=1&psc=1", "distance": "1"}
{"url": "https://www.amazon.com/dp/B07GWHT6ZJ?tag=gistpr-20&linkCode=osi&th=1&psc=1", "distance": "1"}
{"url": "https://www.amazon.com/dp/B07GWHT6ZJ?tag=gistpr-20&linkCode=osi&th=1&psc=1", "distance": "1"}
{"url": "https://www.amazon.com/dp/B07GWHT6ZJ?tag=gistpr-20&linkCode=osi&th=1&psc=1", "distance": "1"}
{"url": "https://www.amazon.com/dp/B07GWHT6ZJ?tag=gistpr-20&linkCode=osi&th=1&psc=1", "distance": "1"}
{"url": "https://www.amazon.com/dp/B07GWHT6ZJ?tag=gistpr-20&linkCode=osi&th=1&psc=1", "distance": "1"}
{"url": "https://www.amazon.com/dp/B07GWHT6ZJ?tag=gistpr-20&linkCode=osi&th=1&psc=1", "distance": "1"}
{"url": "https://www.amazon.com/dp/B07GWHT6ZJ?tag=gistpr-20&linkCode=osi&th=1&psc=1", "distance": "1"}
{"url": "https://www.amazon.com/dp/B07GWHT6ZJ?tag=gistpr-20&linkCode=osi&th=1&psc=1", "distance": "1"}
{"url": "https://www.amazon.com/dp/B07D47NZBN?tag=gistpr-20&linkCode=osi&th=1&psc=1", "distance": "1"}
{"url": "https://www.amazon.com/dp/B07D47NZBN?tag=gistpr-20&linkCode=osi&th=1&psc=1", "distance": "1"}
{"url": "https://www.amazon.com/dp/B07D47NZBN?tag=gistpr-20&linkCode=osi&th=1&psc=1", "distance": "1"}
{"url": "https://www.amazon.com/dp/B07D47NZBN?tag=gistpr-20&linkCode=osi&th=1&psc=1", "distance": "1"}
{"url": "https://www.amazon.com/dp/B07D47NZBN?tag=gistpr-20&linkCode=osi&th=1&psc=1", "distance": "1"}
{"url": "https://www.amazon.com/dp/B07D47NZBN?tag=gistpr-20&linkCode=osi&th=1&psc=1", "distance": "1"}
{"url": "https://www.amazon.com/dp/B07D47NZBN?tag=gistpr-20&linkCode=osi&th=1&psc=1", "distance": "1"}
{"url": "https://www.amazon.com/dp/B07D47NZBN?tag=gistpr-20&linkCode=osi&th=1&psc=1", "distance": "1"}
{"url": "https://www.amazon.com/dp/B07D47NZBN?tag=gistpr-20&linkCode=osi&th=1&psc=1", "distance": "1"}
{"url": "https://www.amazon.com/dp/B07D47NZBN?tag=gistpr-20&linkCode=osi&th=1&psc=1", "distance": "1"}
{"url": "https://www.amazon.com/dp/B07D47NZBN?tag=gistpr-20&linkCode=osi&th=1&psc=1", "distance": "1"}
{"url": "https://www.amazon.com/dp/B07D47NZBN?tag=gistpr-20&linkCode=osi&th=1&psc=1", "distance": "1"}
{"url": "https://www.amazon.com/dp/B07LG9T1VR?tag=gistpr-20&linkCode=osi&th=1&psc=1", "distance": "1"}
{"url": "https://www.amazon.com/dp/B07LG9T1VR?tag=gistpr-20&linkCode=osi&th=1&psc=1", "distance": "1"}
{"url": "https://www.amazon.com/dp/B07LG9T1VR?tag=gistpr-20&linkCode=osi&th=1&psc=1", "distance": "1"}
{"url": "https://www.amazon.com/dp/B07LG9T1VR?tag=gistpr-20&linkCode=osi&th=1&psc=1", "distance": "1"}
{"url": "https://www.amazon.com/dp/B07LG9T1VR?tag=gistpr-20&linkCode=osi&th=1&psc=1", "distance": "1"}
{"url": "https://www.amazon.com/dp/B07LG9T1VR?tag=gistpr-20&linkCode=osi&th=1&psc=1", "distance": "1"}
{"url": "https://www.amazon.com/dp/B07LG9T1VR?tag=gistpr-20&linkCode=osi&th=1&psc=1", "distance": "1"}
{"url": "https://www.amazon.com/dp/B07LG9T1VR?tag=gistpr-20&linkCode=osi&th=1&psc=1", "distance": "1"}
{"url": "https://www.amazon.com/dp/B07LG9T1VR?tag=gistpr-20&linkCode=osi&th=1&psc=1", "distance": "1"}
{"url": "https://www.amazon.com/dp/B07LG9T1VR?tag=gistpr-20&linkCode=osi&th=1&psc=1", "distance": "1"}
{"url": "https://www.amazon.com/dp/B07LG9T1VR?tag=gistpr-20&linkCode=osi&th=1&psc=1", "distance": "1"}
{"url": "https://www.amazon.com/dp/B07LG9T1VR?tag=gistpr-20&linkCode=osi&th=1&psc=1", "distance": "1"}
{"url": "https://www.amazon.com/dp/B09B1MJGBT?tag=gistpr-20&linkCode=osi&th=1&psc=1", "distance": "1"}
{"url": "https://www.amazon.com/dp/B09B1MJGBT?tag=gistpr-20&linkCode=osi&th=1&psc=1", "distance": "1"}
{"url": "https://www.amazon.com/dp/B09B1MJGBT?tag=gistpr-20&linkCode=osi&th=1&psc=1", "distance": "1"}
{"url": "https://www.amazon.com/dp/B09B1MJGBT?tag=gistpr-20&linkCode=osi&th=1&psc=1", "distance": "1"}
{"url": "https://www.amazon.com/dp/B09B1MJGBT?tag=gistpr-20&linkCode=osi&th=1&psc=1", "distance": "1"}
{"url": "https://www.amazon.com/dp/B09B1MJGBT?tag=gistpr-20&linkCode=osi&th=1&psc=1", "distance": "1"}
{"url": "https://www.amazon.com/dp/B09B1MJGBT?tag=gistpr-20&linkCode=osi&th=1&psc=1", "distance": "1"}
{"url": "https://www.amazon.com/dp/B09B1MJGBT?tag=gistpr-20&linkCode=osi&th=1&psc=1", "distance": "1"}
{"url": "https://www.amazon.com/dp/B09B1MJGBT?tag=gistpr-20&linkCode=osi&th=1&psc=1", "distance": "1"}
{"url": "https://www.amazon.com/dp/B09B1MJGBT?tag=gistpr-20&linkCode=osi&th=1&psc=1", "distance": "1"}
{"url": "https://www.amazon.com/dp/B08M3LZXCG?tag=gistpr-20&linkCode=osi&th=1&psc=1", "distance": "1"}
{"url": "https://www.amazon.com/dp/B08M3LZXCG?tag=gistpr-20&linkCode=osi&th=1&psc=1", "distance": "1"}
{"url": "https://www.amazon.com/dp/B08M3LZXCG?tag=gistpr-20&linkCode=osi&th=1&psc=1", "distance": "1"}
{"url": "https://www.amazon.com/dp/B08M3LZXCG?tag=gistpr-20&linkCode=osi&th=1&psc=1", "distance": "1"}
{"url": "https://www.amazon.com/dp/B08M3LZXCG?tag=gistpr-20&linkCode=osi&th=1&psc=1", "distance": "1"}
{"url": "https://www.amazon.com/dp/B08M3LZXCG?tag=gistpr-20&linkCode=osi&th=1&psc=1", "distance": "1"}
{"url": "https://www.amazon.com/dp/B08M3LZXCG?tag=gistpr-20&linkCode=osi&th=1&psc=1", "distance": "1"}
{"url": "https://www.amazon.com/dp/B08RDCD9L2?tag=gistpr-20&linkCode=osi&th=1&psc=1", "distance": "1"}
{"url": "https://www.amazon.com/dp/B08RDCD9L2?tag=gistpr-20&linkCode=osi&th=1&psc=1", "distance": "1"}
{"url": "https://www.amazon.com/dp/B08RDCD9L2?tag=gistpr-20&linkCode=osi&th=1&psc=1", "distance": "1"}
{"url": "https://www.amazon.com/dp/B08RDCD9L2?tag=gistpr-20&linkCode=osi&th=1&psc=1", "distance": "1"}
{"url": "https://www.amazon.com/dp/B08RDCD9L2?tag=gistpr-20&linkCode=osi&th=1&psc=1", "distance": "1"}
{"url": "https://www.amazon.com/dp/B08RDCD9L2?tag=gistpr-20&linkCode=osi&th=1&psc=1", "distance": "1"}
{"url": "https://www.amazon.com/dp/B08RDCD9L2?tag=gistpr-20&linkCode=osi&th=1&psc=1", "distance": "1"}
{"url": "https://www.amazon.com/dp/B08RDCD9L2?tag=gistpr-20&linkCode=osi&th=1&psc=1", "distance": "1"}
{"url": "https://www.amazon.com/dp/B08RDCD9L2?tag=gistpr-20&linkCode=osi&th=1&psc=1", "distance": "1"}
{"url": "https://www.amazon.com/dp/B08RDCD9L2?tag=gistpr-20&linkCode=osi&th=1&psc=1", "distance": "1"}
{"url": "https://www.amazon.com/dp/B08RDCD9L2?tag=gistpr-20&linkCode=osi&th=1&psc=1", "distance": "1"}
{"url": "https://www.amazon.com/dp/B08RDCD9L2?tag=gistpr-20&linkCode=osi&th=1&psc=1", "distance": "1"}
{"url": "https://www.amazon.com/dp/B08HCVX9X8?tag=gistpr-20&linkCode=osi&th=1&psc=1", "distance": "1"}
{"url": "https://www.amazon.com/dp/B08HCVX9X8?tag=gistpr-20&linkCode=osi&th=1&psc=1", "distance": "1"}
{"url": "https://www.amazon.com/dp/B08HCVX9X8?tag=gistpr-20&linkCode=osi&th=1&psc=1", "distance": "1"}
{"url": "https://www.amazon.com/dp/B08HCVX9X8?tag=gistpr-20&linkCode=osi&th=1&psc=1", "distance": "1"}
{"url": "https://www.amazon.com/dp/B08HCVX9X8?tag=gistpr-20&linkCode=osi&th=1&psc=1", "distance": "1"}
{"url": "https://www.amazon.com/dp/B08HCVX9X8?tag=gistpr-20&linkCode=osi&th=1&psc=1", "distance": "1"}
{"url": "https://www.amazon.com/dp/B08HCVX9X8?tag=gistpr-20&linkCode=osi&th=1&psc=1", "distance": "1"}
{"url": "https://www.amazon.com/dp/B08HCVX9X8?tag=gistpr-20&linkCode=osi&th=1&psc=1", "distance": "1"}
{"url": "https://www.amazon.com/dp/B08HCVX9X8?tag=gistpr-20&linkCode=osi&th=1&psc=1", "distance": "1"}
{"url": "https://www.amazon.com/dp/B08HCVX9X8?tag=gistpr-20&linkCode=osi&th=1&psc=1", "distance": "1"}
{"url": "https://www.amazon.com/dp/B08HCVX9X8?tag=gistpr-20&linkCode=osi&th=1&psc=1", "distance": "1"}
{"url": "https://www.amazon.com/dp/B08BHY55ZF?tag=gistpr-20&linkCode=osi&th=1&psc=1", "distance": "1"}
{"url": "https://www.amazon.com/dp/B08BHY55ZF?tag=gistpr-20&linkCode=osi&th=1&psc=1", "distance": "1"}
{"url": "https://www.amazon.com/dp/B08BHY55ZF?tag=gistpr-20&linkCode=osi&th=1&psc=1", "distance": "1"}
{"url": "https://www.amazon.com/dp/B08BHY55ZF?tag=gistpr-20&linkCode=osi&th=1&psc=1", "distance": "1"}
{"url": "https://www.amazon.com/dp/B08BHY55ZF?tag=gistpr-20&linkCode=osi&th=1&psc=1", "distance": "1"}
{"url": "https://www.amazon.com/dp/B08BHY55ZF?tag=gistpr-20&linkCode=osi&th=1&psc=1", "distance": "1"}
{"url": "https://www.amazon.com/dp/B08BHY55ZF?tag=gistpr-20&linkCode=osi&th=1&psc=1", "distance": "1"}
{"url": "https://www.amazon.com/dp/B08BHY55ZF?tag=gistpr-20&linkCode=osi&th=1&psc=1", "distance": "1"}
{"url": "https://www.amazon.com/dp/B08BHY55ZF?tag=gistpr-20&linkCode=osi&th=1&psc=1", "distance": "1"}
{"url": "https://www.amazon.com/dp/B08BHY55ZF?tag=gistpr-20&linkCode=osi&th=1&psc=1", "distance": "1"}
{"url": "https://www.amazon.com/dp/B07Q2PDTBC?tag=gistpr-20&linkCode=osi&th=1&psc=1", "distance": "1"}
{"url": "https://www.amazon.com/dp/B07Q2PDTBC?tag=gistpr-20&linkCode=osi&th=1&psc=1", "distance": "1"}
{"url": "https://www.amazon.com/dp/B07Q2PDTBC?tag=gistpr-20&linkCode=osi&th=1&psc=1", "distance": "1"}
{"url": "https://www.amazon.com/dp/B07Q2PDTBC?tag=gistpr-20&linkCode=osi&th=1&psc=1", "distance": "1"}
{"url": "https://www.amazon.com/dp/B07Q2PDTBC?tag=gistpr-20&linkCode=osi&th=1&psc=1", "distance": "1"}
{"url": "https://www.amazon.com/dp/B07Q2PDTBC?tag=gistpr-20&linkCode=osi&th=1&psc=1", "distance": "1"}
{"url": "https://www.amazon.com/dp/B07Q2PDTBC?tag=gistpr-20&linkCode=osi&th=1&psc=1", "distance": "1"}
{"url": "https://www.amazon.com/dp/B07Q2PDTBC?tag=gistpr-20&linkCode=osi&th=1&psc=1", "distance": "1"}
{"url": "https://www.amazon.com/dp/B07Q2PDTBC?tag=gistpr-20&linkCode=osi&th=1&psc=1", "distance": "1"}
{"url": "https://www.amazon.com/dp/B07Q2PDTBC?tag=gistpr-20&linkCode=osi&th=1&psc=1", "distance": "1"}
{"url": "https://www.amazon.com/dp/B07Q2PDTBC?tag=gistpr-20&linkCode=osi&th=1&psc=1", "distance": "1"}
{"url": "https://www.amazon.com/dp/B07Q2PDTBC?tag=gistpr-20&linkCode=osi&th=1&psc=1", "distance": "1"}
{"url": "https://www.amazon.com/dp/B07Q2PDTBC?tag=gistpr-20&linkCode=osi&th=1&psc=1", "distance": "1"}
{"url": "https://www.amazon.com/dp/B08JQR8JLX?tag=gistpr-20&linkCode=osi&th=1&psc=1", "distance": "1"}
{"url": "https://www.amazon.com/dp/B08JQR8JLX?tag=gistpr-20&linkCode=osi&th=1&psc=1", "distance": "1"}
{"url": "https://www.amazon.com/dp/B08JQR8JLX?tag=gistpr-20&linkCode=osi&th=1&psc=1", "distance": "1"}
{"url": "https://www.amazon.com/dp/B08JQR8JLX?tag=gistpr-20&linkCode=osi&th=1&psc=1", "distance": "1"}
{"url": "https://www.amazon.com/dp/B08JQR8JLX?tag=gistpr-20&linkCode=osi&th=1&psc=1", "distance": "1"}
{"url": "https://www.amazon.com/dp/B08JQR8JLX?tag=gistpr-20&linkCode=osi&th=1&psc=1", "distance": "1"}
{"url": "https://www.amazon.com/dp/B08JQR8JLX?tag=gistpr-20&linkCode=osi&th=1&psc=1", "distance": "1"}
{"url": "https://www.amazon.com/dp/B08JQR8JLX?tag=gistpr-20&linkCode=osi&th=1&psc=1", "distance": "1"}
{"url": "https://www.amazon.com/dp/B08JQR8JLX?tag=gistpr-20&linkCode=osi&th=1&psc=1", "distance": "1"}
{"url": "https://www.amazon.com/dp/B08JQR8JLX?tag=gistpr-20&linkCode=osi&th=1&psc=1", "distance": "1"}
{"url": "https://www.amazon.com/dp/B08JQR8JLX?tag=gistpr-20&linkCode=osi&th=1&psc=1", "distance": "1"}
{"url": "https://www.amazon.com/dp/B07F32GG88?tag=gistpr-20&linkCode=osi&th=1&psc=1", "distance": "1"}
{"url": "https://www.amazon.com/dp/B07F32GG88?tag=gistpr-20&linkCode=osi&th=1&psc=1", "distance": "1"}
{"url": "https://www.amazon.com/dp/B07F32GG88?tag=gistpr-20&linkCode=osi&th=1&psc=1", "distance": "1"}
{"url": "https://www.amazon.com/dp/B07F32GG88?tag=gistpr-20&linkCode=osi&th=1&psc=1", "distance": "1"}
{"url": "https://www.amazon.com/dp/B07F32GG88?tag=gistpr-20&linkCode=osi&th=1&psc=1", "distance": "1"}
{"url": "https://www.amazon.com/dp/B07F32GG88?tag=gistpr-20&linkCode=osi&th=1&psc=1", "distance": "1"}
{"url": "https://www.amazon.com/dp/B07F32GG88?tag=gistpr-20&linkCode=osi&th=1&psc=1", "distance": "1"}
{"url": "https://www.amazon.com/dp/B07F32GG88?tag=gistpr-20&linkCode=osi&th=1&psc=1", "distance": "1"}
{"url": "https://www.amazon.com/dp/B07F32GG88?tag=gistpr-20&linkCode=osi&th=1&psc=1", "distance": "1"}
{"url": "https://www.amazon.com/dp/B07F32GG88?tag=gistpr-20&linkCode=osi&th=1&psc=1", "distance": "1"}
{"url": "https://www.amazon.com/dp/B08NPF8J2H?tag=gistpr-20&linkCode=osi&th=1&psc=1", "distance": "1"}
{"url": "https://www.amazon.com/dp/B08NPF8J2H?tag=gistpr-20&linkCode=osi&th=1&psc=1", "distance": "1"}
{"url": "https://www.amazon.com/dp/B08NPF8J2H?tag=gistpr-20&linkCode=osi&th=1&psc=1", "distance": "1"}
{"url": "https://www.amazon.com/dp/B08NPF8J2H?tag=gistpr-20&linkCode=osi&th=1&psc=1", "distance": "1"}
{"url": "https://www.amazon.com/dp/B08NPF8J2H?tag=gistpr-20&linkCode=osi&th=1&psc=1", "distance": "1"}
{"url": "https://www.amazon.com/dp/B08NPF8J2H?tag=gistpr-20&linkCode=osi&th=1&psc=1", "distance": "1"}
{"url": "https://www.amazon.com/dp/B08NPF8J2H?tag=gistpr-20&linkCode=osi&th=1&psc=1", "distance": "1"}
{"url": "https://www.amazon.com/dp/B08NPF8J2H?tag=gistpr-20&linkCode=osi&th=1&psc=1", "distance": "1"}
{"url": "https://www.amazon.com/dp/B08NPF8J2H?tag=gistpr-20&linkCode=osi&th=1&psc=1", "distance": "1"}
{"url": "https://www.amazon.com/dp/B08NPF8J2H?tag=gistpr-20&linkCode=osi&th=1&psc=1", "distance": "1"}
{"url": "https://www.amazon.com/dp/B08NPF8J2H?tag=gistpr-20&linkCode=osi&th=1&psc=1", "distance": "1"}
{"url": "https://www.amazon.com/dp/B08J7VBTX8?tag=gistpr-20&linkCode=osi&th=1&psc=1", "distance": "1"}
{"url": "https://www.amazon.com/dp/B08J7VBTX8?tag=gistpr-20&linkCode=osi&th=1&psc=1", "distance": "1"}
{"url": "https://www.amazon.com/dp/B08J7VBTX8?tag=gistpr-20&linkCode=osi&th=1&psc=1", "distance": "1"}
{"url": "https://www.amazon.com/dp/B08J7VBTX8?tag=gistpr-20&linkCode=osi&th=1&psc=1", "distance": "1"}
{"url": "https://www.amazon.com/dp/B08J7VBTX8?tag=gistpr-20&linkCode=osi&th=1&psc=1", "distance": "1"}
{"url": "https://www.amazon.com/dp/B08J7VBTX8?tag=gistpr-20&linkCode=osi&th=1&psc=1", "distance": "1"}
{"url": "https://www.amazon.com/dp/B08J7VBTX8?tag=gistpr-20&linkCode=osi&th=1&psc=1", "distance": "1"}
{"url": "https://www.amazon.com/dp/B08J7VBTX8?tag=gistpr-20&linkCode=osi&th=1&psc=1", "distance": "1"}
{"url": "https://www.amazon.com/dp/B08J7VBTX8?tag=gistpr-20&linkCode=osi&th=1&psc=1", "distance": "1"}
{"url": "https://www.amazon.com/dp/B08J7VBTX8?tag=gistpr-20&linkCode=osi&th=1&psc=1", "distance": "1"}
{"url": "https://www.amazon.com/dp/B07SYW7GFX?tag=gistpr-20&linkCode=osi&th=1&psc=1", "distance": "1"}
{"url": "https://www.amazon.com/dp/B07SYW7GFX?tag=gistpr-20&linkCode=osi&th=1&psc=1", "distance": "1"}
{"url": "https://www.amazon.com/dp/B07SYW7GFX?tag=gistpr-20&linkCode=osi&th=1&psc=1", "distance": "1"}
{"url": "https://www.amazon.com/dp/B07SYW7GFX?tag=gistpr-20&linkCode=osi&th=1&psc=1", "distance": "1"}
{"url": "https://www.amazon.com/dp/B07SYW7GFX?tag=gistpr-20&linkCode=osi&th=1&psc=1", "distance": "1"}
{"url": "https://www.amazon.com/dp/B07SYW7GFX?tag=gistpr-20&linkCode=osi&th=1&psc=1", "distance": "1"}
{"url": "https://www.amazon.com/dp/B07SYW7GFX?tag=gistpr-20&linkCode=osi&th=1&psc=1", "distance": "1"}
{"url": "https://www.amazon.com/dp/B07SYW7GFX?tag=gistpr-20&linkCode=osi&th=1&psc=1", "distance": "1"}
{"url": "https://www.amazon.com/dp/B07SYW7GFX?tag=gistpr-20&linkCode=osi&th=1&psc=1", "distance": "1"}
{"url": "https://www.amazon.com/dp/B07SYW7GFX?tag=gistpr-20&linkCode=osi&th=1&psc=1", "distance": "1"}
{"url": "https://www.amazon.com/dp/B08MV7TDVV?tag=gistpr-20&linkCode=osi&th=1&psc=1", "distance": "1"}
{"url": "https://www.amazon.com/dp/B08MV7TDVV?tag=gistpr-20&linkCode=osi&th=1&psc=1", "distance": "1"}
{"url": "https://www.amazon.com/dp/B08MV7TDVV?tag=gistpr-20&linkCode=osi&th=1&psc=1", "distance": "1"}
{"url": "https://www.amazon.com/dp/B08MV7TDVV?tag=gistpr-20&linkCode=osi&th=1&psc=1", "distance": "1"}
{"url": "https://www.amazon.com/dp/B08MV7TDVV?tag=gistpr-20&linkCode=osi&th=1&psc=1", "distance": "1"}
{"url": "https://www.amazon.com/dp/B08MV7TDVV?tag=gistpr-20&linkCode=osi&th=1&psc=1", "distance": "1"}
{"url": "https://www.amazon.com/dp/B08MV7TDVV?tag=gistpr-20&linkCode=osi&th=1&psc=1", "distance": "1"}
{"url": "https://www.amazon.com/dp/B08MV7TDVV?tag=gistpr-20&linkCode=osi&th=1&psc=1", "distance": "1"}
{"url": "https://www.amazon.com/dp/B08MV7TDVV?tag=gistpr-20&linkCode=osi&th=1&psc=1", "distance": "1"}
{"url": "https://www.amazon.com/dp/B08MV7TDVV?tag=gistpr-20&linkCode=osi&th=1&psc=1", "distance": "1"}
{"url": "https://www.amazon.com/dp/B01MRBMQKN?tag=gistpr-20&linkCode=osi&th=1&psc=1", "distance": "1"}
{"url": "https://www.amazon.com/dp/B01MRBMQKN?tag=gistpr-20&linkCode=osi&th=1&psc=1", "distance": "1"}
{"url": "https://www.amazon.com/dp/B01MRBMQKN?tag=gistpr-20&linkCode=osi&th=1&psc=1", "distance": "1"}
{"url": "https://www.amazon.com/dp/B01MRBMQKN?tag=gistpr-20&linkCode=osi&th=1&psc=1", "distance": "1"}
{"url": "https://www.amazon.com/dp/B01MRBMQKN?tag=gistpr-20&linkCode=osi&th=1&psc=1", "distance": "1"}
{"url": "https://www.amazon.com/dp/B01MRBMQKN?tag=gistpr-20&linkCode=osi&th=1&psc=1", "distance": "1"}
{"url": "https://www.amazon.com/dp/B01MRBMQKN?tag=gistpr-20&linkCode=osi&th=1&psc=1", "distance": "1"}
{"url": "https://www.amazon.com/dp/B01MRBMQKN?tag=gistpr-20&linkCode=osi&th=1&psc=1", "distance": "1"}
{"url": "https://www.amazon.com/dp/B01MRBMQKN?tag=gistpr-20&linkCode=osi&th=1&psc=1", "distance": "1"}
{"url": "https://www.amazon.com/dp/B08JGNRVQ1?tag=gistpr-20&linkCode=osi&th=1&psc=1", "distance": "1"}
{"url": "https://www.amazon.com/dp/B08JGNRVQ1?tag=gistpr-20&linkCode=osi&th=1&psc=1", "distance": "1"}
{"url": "https://www.amazon.com/dp/B08JGNRVQ1?tag=gistpr-20&linkCode=osi&th=1&psc=1", "distance": "1"}
{"url": "https://www.amazon.com/dp/B08JGNRVQ1?tag=gistpr-20&linkCode=osi&th=1&psc=1", "distance": "1"}
{"url": "https://www.amazon.com/dp/B08JGNRVQ1?tag=gistpr-20&linkCode=osi&th=1&psc=1", "distance": "1"}
{"url": "https://www.amazon.com/dp/B08JGNRVQ1?tag=gistpr-20&linkCode=osi&th=1&psc=1", "distance": "1"}
{"url": "https://www.amazon.com/dp/B08JGNRVQ1?tag=gistpr-20&linkCode=osi&th=1&psc=1", "distance": "1"}
{"url": "https://www.amazon.com/dp/B08JGNRVQ1?tag=gistpr-20&linkCode=osi&th=1&psc=1", "distance": "1"}
{"url": "https://www.amazon.com/dp/B08JGNRVQ1?tag=gistpr-20&linkCode=osi&th=1&psc=1", "distance": "1"}
{"url": "https://www.amazon.com/dp/B08JGNRVQ1?tag=gistpr-20&linkCode=osi&th=1&psc=1", "distance": "1"}
{"url": "https://www.amazon.com/dp/B0822NP36Z?tag=gistpr-20&linkCode=osi&th=1&psc=1", "distance": "1"}
{"url": "https://www.amazon.com/dp/B0822NP36Z?tag=gistpr-20&linkCode=osi&th=1&psc=1", "distance": "1"}
{"url": "https://www.amazon.com/dp/B0822NP36Z?tag=gistpr-20&linkCode=osi&th=1&psc=1", "distance": "1"}
{"url": "https://www.amazon.com/dp/B0822NP36Z?tag=gistpr-20&linkCode=osi&th=1&psc=1", "distance": "1"}
{"url": "https://www.amazon.com/dp/B0822NP36Z?tag=gistpr-20&linkCode=osi&th=1&psc=1", "distance": "1"}
{"url": "https://www.amazon.com/dp/B0822NP36Z?tag=gistpr-20&linkCode=osi&th=1&psc=1", "distance": "1"}
{"url": "https://www.amazon.com/dp/B0822NP36Z?tag=gistpr-20&linkCode=osi&th=1&psc=1", "distance": "1"}
{"url": "https://www.amazon.com/dp/B01M1I5CP6?tag=gistpr-20&linkCode=osi&th=1&psc=1", "distance": "1"}
{"url": "https://www.amazon.com/dp/B01M1I5CP6?tag=gistpr-20&linkCode=osi&th=1&psc=1", "distance": "1"}
{"url": "https://www.amazon.com/dp/B01M1I5CP6?tag=gistpr-20&linkCode=osi&th=1&psc=1", "distance": "1"}
{"url": "https://www.amazon.com/dp/B01M1I5CP6?tag=gistpr-20&linkCode=osi&th=1&psc=1", "distance": "1"}
{"url": "https://www.fandom.com/topics/games", "distance": "1"}
{"url": "https://www.fandom.com/topics/movies", "distance": "1"}
{"url": "https://www.fandom.com/topics/tv", "distance": "1"}
{"url": "https://www.fandom.com/video", "distance": "1"}
{"url": "https://www.fandom.com/register?redirect=https%3A%2F%2Flol.fandom.com%2Fwiki%2FMLGB_E-SPORTS_CLUB", "distance": "1"}
{"url": "https://www.fandom.com/signin?redirect=https%3A%2F%2Flol.fandom.com%2Fwiki%2FMLGB_E-SPORTS_CLUB", "distance": "1"}
{"url": "https://twitch.tv/lcs", "distance": "1"}
{"url": "https://lol.fandom.com/Special:RunQuery/SpoilerFreeSchedule?SFS%5B1%5D=LCS%20Proving%20Grounds/2021%20Season/Summer&pfRunQueryFormName=SpoilerFreeSchedule", "distance": "1"}
{"url": "https://twitch.tv/lcs", "distance": "1"}
{"url": "https://lol.fandom.com/Special:RunQuery/SpoilerFreeSchedule?SFS%5B1%5D=LCS%20Proving%20Grounds/2021%20Season/Summer&pfRunQueryFormName=SpoilerFreeSchedule", "distance": "1"}
{"url": "https://www.twitch.tv/inygontv1", "distance": "1"}
{"url": "https://lol.fandom.com/Special:RunQuery/SpoilerFreeSchedule?SFS%5B1%5D=LPLOL/2021%20Season/Summer%20Relegations&pfRunQueryFormName=SpoilerFreeSchedule", "distance": "1"}
{"url": "https://www.twitch.tv/lolarabia", "distance": "1"}
{"url": "https://lol.fandom.com/Special:RunQuery/SpoilerFreeSchedule?SFS%5B1%5D=Intel%20Arabian%20Cup%20Champions%20League/2021%20Season/Season%203&pfRunQueryFormName=SpoilerFreeSchedule", "distance": "1"}
{"url": "https://www.twitch.tv/etvn", "distance": "1"}
{"url": "https://lol.fandom.com/Special:RunQuery/SpoilerFreeSchedule?SFS%5B1%5D=LFL%20Division%202/2021%20Season/Promotion&pfRunQueryFormName=SpoilerFreeSchedule", "distance": "1"}
{"url": "https://www.twitch.tv/lolarabia", "distance": "1"}
{"url": "https://lol.fandom.com/Special:RunQuery/SpoilerFreeSchedule?SFS%5B1%5D=Intel%20Arabian%20Cup%20Champions%20League/2021%20Season/Season%203&pfRunQueryFormName=SpoilerFreeSchedule", "distance": "1"}
{"url": "https://www.twitch.tv/lolarabia", "distance": "1"}
{"url": "https://lol.fandom.com/Special:RunQuery/SpoilerFreeSchedule?SFS%5B1%5D=Intel%20Arabian%20Cup%20Champions%20League/2021%20Season/Season%203&pfRunQueryFormName=SpoilerFreeSchedule", "distance": "1"}
{"url": "https://www.twitch.tv/lolarabia", "distance": "1"}
{"url": "https://lol.fandom.com/Special:RunQuery/SpoilerFreeSchedule?SFS%5B1%5D=Intel%20Arabian%20Cup%20Champions%20League/2021%20Season/Season%203&pfRunQueryFormName=SpoilerFreeSchedule", "distance": "1"}
{"url": "https://www.twitch.tv/inygontv1", "distance": "1"}
{"url": "https://lol.fandom.com/Special:RunQuery/SpoilerFreeSchedule?SFS%5B1%5D=LPLOL/2021%20Season/Summer%20Relegations&pfRunQueryFormName=SpoilerFreeSchedule", "distance": "1"}
{"url": "https://twitch.tv/lcs", "distance": "1"}
{"url": "https://lol.fandom.com/Special:RunQuery/SpoilerFreeSchedule?SFS%5B1%5D=LCS%20Proving%20Grounds/2021%20Season/Summer&pfRunQueryFormName=SpoilerFreeSchedule", "distance": "1"}
{"url": "https://twitch.tv/lcs", "distance": "1"}
{"url": "https://lol.fandom.com/Special:RunQuery/SpoilerFreeSchedule?SFS%5B1%5D=LCS%20Proving%20Grounds/2021%20Season/Summer&pfRunQueryFormName=SpoilerFreeSchedule", "distance": "1"}
{"url": "https://www.twitch.tv/inygontv1", "distance": "1"}
{"url": "https://lol.fandom.com/Special:RunQuery/SpoilerFreeSchedule?SFS%5B1%5D=LPLOL/2021%20Season/Summer%20Relegations&pfRunQueryFormName=SpoilerFreeSchedule", "distance": "1"}
{"url": "https://www.twitch.tv/primeleague", "distance": "1"}
{"url": "https://lol.fandom.com/Special:RunQuery/SpoilerFreeSchedule?SFS%5B1%5D=Prime%20League%201st%20Division/2021%20Season/Winter%20Season&pfRunQueryFormName=SpoilerFreeSchedule", "distance": "1"}
{"url": "https://www.twitch.tv/lolarabia", "distance": "1"}
{"url": "https://lol.fandom.com/Special:RunQuery/SpoilerFreeSchedule?SFS%5B1%5D=Intel%20Arabian%20Cup%20Champions%20League/2021%20Season/Season%203&pfRunQueryFormName=SpoilerFreeSchedule", "distance": "1"}
{"url": "https://www.twitch.tv/etvn", "distance": "1"}
{"url": "https://lol.fandom.com/Special:RunQuery/SpoilerFreeSchedule?SFS%5B1%5D=LFL%20Division%202/2021%20Season/Promotion&pfRunQueryFormName=SpoilerFreeSchedule", "distance": "1"}
{"url": "https://www.twitch.tv/primeleague", "distance": "1"}
{"url": "https://lol.fandom.com/Special:RunQuery/SpoilerFreeSchedule?SFS%5B1%5D=Prime%20League%201st%20Division/2021%20Season/Winter%20Season&pfRunQueryFormName=SpoilerFreeSchedule", "distance": "1"}
{"url": "https://www.twitch.tv/lolarabia", "distance": "1"}
{"url": "https://lol.fandom.com/Special:RunQuery/SpoilerFreeSchedule?SFS%5B1%5D=Intel%20Arabian%20Cup%20Champions%20League/2021%20Season/Season%203&pfRunQueryFormName=SpoilerFreeSchedule", "distance": "1"}
{"url": "https://www.twitch.tv/primeleague", "distance": "1"}
{"url": "https://lol.fandom.com/Special:RunQuery/SpoilerFreeSchedule?SFS%5B1%5D=Prime%20League%201st%20Division/2021%20Season/Winter%20Season&pfRunQueryFormName=SpoilerFreeSchedule", "distance": "1"}
{"url": "https://www.twitch.tv/lolarabia", "distance": "1"}
{"url": "https://lol.fandom.com/Special:RunQuery/SpoilerFreeSchedule?SFS%5B1%5D=Intel%20Arabian%20Cup%20Champions%20League/2021%20Season/Season%203&pfRunQueryFormName=SpoilerFreeSchedule", "distance": "1"}
{"url": "https://www.twitch.tv/primeleague", "distance": "1"}
{"url": "https://lol.fandom.com/Special:RunQuery/SpoilerFreeSchedule?SFS%5B1%5D=Prime%20League%201st%20Division/2021%20Season/Winter%20Season&pfRunQueryFormName=SpoilerFreeSchedule", "distance": "1"}
{"url": "https://www.twitch.tv/lolarabia", "distance": "1"}
{"url": "https://lol.fandom.com/Special:RunQuery/SpoilerFreeSchedule?SFS%5B1%5D=Intel%20Arabian%20Cup%20Champions%20League/2021%20Season/Season%203&pfRunQueryFormName=SpoilerFreeSchedule", "distance": "1"}
{"url": "https://www.twitch.tv/inygontv1", "distance": "1"}
{"url": "https://lol.fandom.com/Special:RunQuery/SpoilerFreeSchedule?SFS%5B1%5D=LPLOL/2021%20Season/Summer%20Relegations&pfRunQueryFormName=SpoilerFreeSchedule", "distance": "1"}
{"url": "https://www.twitch.tv/primeleague", "distance": "1"}
{"url": "https://lol.fandom.com/Special:RunQuery/SpoilerFreeSchedule?SFS%5B1%5D=Prime%20League%201st%20Division/2021%20Season/Winter%20Season&pfRunQueryFormName=SpoilerFreeSchedule", "distance": "1"}
{"url": "https://twitch.tv/lcs", "distance": "1"}
{"url": "https://lol.fandom.com/Special:RunQuery/SpoilerFreeSchedule?SFS%5B1%5D=LCS%20Proving%20Grounds/2021%20Season/Summer&pfRunQueryFormName=SpoilerFreeSchedule", "distance": "1"}
{"url": "https://twitch.tv/lcs", "distance": "1"}
{"url": "https://lol.fandom.com/Special:RunQuery/SpoilerFreeSchedule?SFS%5B1%5D=LCS%20Proving%20Grounds/2021%20Season/Summer&pfRunQueryFormName=SpoilerFreeSchedule", "distance": "1"}
{"url": "https://lol.fandom.com/Special:RunQuery/SpoilerFreeSchedule?SFS%5B1%5D=HUE%20Invitational%202021&pfRunQueryFormName=SpoilerFreeSchedule", "distance": "1"}
{"url": "https://lol.fandom.com/Special:RunQuery/SpoilerFreeSchedule?SFS%5B1%5D=Gamergy%20Stars%202021&pfRunQueryFormName=SpoilerFreeSchedule", "distance": "1"}
{"url": "https://www.twitch.tv/inygontv1", "distance": "1"}
{"url": "https://lol.fandom.com/Special:RunQuery/SpoilerFreeSchedule?SFS%5B1%5D=LPLOL/2021%20Season/Summer%20Relegations&pfRunQueryFormName=SpoilerFreeSchedule", "distance": "1"}
{"url": "https://www.twitch.tv/lolarabia", "distance": "1"}
{"url": "https://lol.fandom.com/Special:RunQuery/SpoilerFreeSchedule?SFS%5B1%5D=Intel%20Arabian%20Cup%20Champions%20League/2021%20Season/Season%203&pfRunQueryFormName=SpoilerFreeSchedule", "distance": "1"}
{"url": "https://lol.fandom.com/Special:RunQuery/SpoilerFreeSchedule?SFS%5B1%5D=HUE%20Invitational%202021&pfRunQueryFormName=SpoilerFreeSchedule", "distance": "1"}
{"url": "https://www.twitch.tv/etvn", "distance": "1"}
{"url": "https://lol.fandom.com/Special:RunQuery/SpoilerFreeSchedule?SFS%5B1%5D=LFL%20Division%202/2021%20Season/Promotion&pfRunQueryFormName=SpoilerFreeSchedule", "distance": "1"}
{"url": "https://www.twitch.tv/lolarabia", "distance": "1"}
{"url": "https://lol.fandom.com/Special:RunQuery/SpoilerFreeSchedule?SFS%5B1%5D=Intel%20Arabian%20Cup%20Champions%20League/2021%20Season/Season%203&pfRunQueryFormName=SpoilerFreeSchedule", "distance": "1"}
{"url": "https://www.twitch.tv/latgchallenge_spa", "distance": "1"}
{"url": "https://lol.fandom.com/Special:RunQuery/SpoilerFreeSchedule?SFS%5B1%5D=Logitech%20G%20Challenge%202021/Cono%20Sur&pfRunQueryFormName=SpoilerFreeSchedule", "distance": "1"}
{"url": "https://www.twitch.tv/lolarabia", "distance": "1"}
{"url": "https://lol.fandom.com/Special:RunQuery/SpoilerFreeSchedule?SFS%5B1%5D=Intel%20Arabian%20Cup%20Champions%20League/2021%20Season/Season%203&pfRunQueryFormName=SpoilerFreeSchedule", "distance": "1"}
{"url": "https://www.twitch.tv/lolarabia", "distance": "1"}
{"url": "https://lol.fandom.com/Special:RunQuery/SpoilerFreeSchedule?SFS%5B1%5D=Intel%20Arabian%20Cup%20Champions%20League/2021%20Season/Season%203&pfRunQueryFormName=SpoilerFreeSchedule", "distance": "1"}
{"url": "https://static.wikia.nocookie.net/lolesports_gamepedia_en/images/0/07/MLGB_E-SPORTS_CLUBlogo_square.png/revision/latest?cb=20171127172125", "distance": "1"}
{"url": "https://www.fandom.com/licensing", "distance": "1"}
{"url": "https://lol.fandom.com/wiki/MLGB_E-SPORTS_CLUB?title=MLGB_E-SPORTS_CLUB&mobileaction=toggle_view_mobile", "distance": "1"}
{"url": "http://bit.ly/fandomshop1", "distance": "1"}
{"url": "https://bit.ly/WBEmailCap", "distance": "1"}
{"url": "http://bit.ly/NewFanLabWB", "distance": "1"}
{"url": "https://www.google.com/intl/en/about/products?tab=ph", "distance": "1"}
{"url": "https://www.google.com/accounts/Login?service=print&continue=https://books.google.com/books%3Fid%3D0ekNAAAAQAAJ%26pg%3DRA19-PA12%26lpg%3DRA19-PA12%26dq%3Dmlgb%26source%3Dbl%26ots%3DKSRKpXB9Nl%26sig%3DACfU3U0ThRlly8N_kw63-1YFuabFSYaPaA%26hl%3Den%26sa%3DX&hl=en&ec=GAZACg", "distance": "1"}
{"url": "https://books.google.com/?hl=en&tab=pp", "distance": "1"}
{"url": "https://books.google.com/books?id=0ekNAAAAQAAJ&pg=RA19-PA12&lpg=RA19-PA12&dq=mlgb&source=bl&ots=KSRKpXB9Nl&sig=ACfU3U0ThRlly8N_kw63-1YFuabFSYaPaA&hl=en&sa=X&output=html_text", "distance": "1"}
{"url": "https://www.google.com/accounts/Login?service=print&continue=https://books.google.com/books%3Fop%3Dlookup%26id%3D0ekNAAAAQAAJ%26continue%3Dhttps://books.google.com/books%253Fid%253D0ekNAAAAQAAJ%2526pg%253DRA19-PA12%2526lpg%253DRA19-PA12%2526dq%253Dmlgb%2526source%253Dbl%2526ots%253DKSRKpXB9Nl%2526sig%253DACfU3U0ThRlly8N_kw63-1YFuabFSYaPaA%2526hl%253Den%2526sa%253DX&hl=en", "distance": "1"}
{"url": "https://books.google.com/books?id=0ekNAAAAQAAJ&printsec=frontcover&source=gbs_vpt_read", "distance": "1"}
{"url": "https://play.google.com/books/reader?id=0ekNAAAAQAAJ&printsec=frontcover&source=gbs_vpt_read", "distance": "1"}
{"url": "https://www.google.com/books/edition/_/0ekNAAAAQAAJ?hl=en&newbks=1&gbpv=1&dq=mlgb&pg=RA19-PA12&printsec=frontcover", "distance": "1"}
{"url": "https://play.google.com/store/books/details?id=0ekNAAAAQAAJ&rdid=book-0ekNAAAAQAAJ&rdot=1", "distance": "1"}
{"url": "https://books.google.com/books?id=0ekNAAAAQAAJ&printsec=frontcover", "distance": "1"}
{"url": "https://books.google.com/books?id=0ekNAAAAQAAJ&dq=mlgb&sitesec=reviews", "distance": "1"}
{"url": "https://www.google.com/accounts/Login?service=print&continue=https://books.google.com/books%3Fop%3Dlookup%26id%3D0ekNAAAAQAAJ%26continue%3Dhttps://books.google.com/books%253Fid%253D0ekNAAAAQAAJ%2526pg%253DRA19-PA12%2526lpg%253DRA19-PA12%2526dq%253Dmlgb%2526source%253Dbl%2526ots%253DKSRKpXB9Nl%2526sig%253DACfU3U0ThRlly8N_kw63-1YFuabFSYaPaA%2526hl%253Den%2526sa%253DX&hl=en", "distance": "1"}
{"url": "https://twitter.com/share", "distance": "1"}
{"url": "http://www.facebook.com", "distance": "1"}
{"url": "https://www.advfn.com/subscription/LSE-Real-Time-Prices/a_lse_l1", "distance": "1"}
{"url": "https://www.advfn.com/stock-market/london/MLGB/chart", "distance": "1"}
{"url": "https://www.advfn.com/stock-market/london/MLGB/chart", "distance": "1"}
{"url": "https://www.advfn.com/stock-market/search", "distance": "1"}
{"url": "https://www.advfn.com/stock-market/london/MLGB/news", "distance": "1"}
{"url": "https://www.advfn.com/stock-market/london/MLGB/historical", "distance": "1"}
{"url": "https://www.warmane.com/", "distance": "1"}
{"url": "https://www.facebook.com/warmane", "distance": "1"}
{"url": "https://www.youtube.com/c/warmane", "distance": "1"}
{"url": "https://www.reddit.com/r/warmane", "distance": "1"}
{"url": "https://www.twitch.tv/warmane", "distance": "1"}
{"url": "https://www.reddit.com/r/warmane", "distance": "1"}
{"url": "http://wotlk.cavernoftime.com/item=36971", "distance": "1"}
{"url": "http://wotlk.cavernoftime.com/item=43309", "distance": "1"}
{"url": "http://wotlk.cavernoftime.com/item=35616", "distance": "1"}
{"url": "http://wotlk.cavernoftime.com/item=38757", "distance": "1"}
{"url": "http://wotlk.cavernoftime.com/item=39023", "distance": "1"}
{"url": "http://wotlk.cavernoftime.com/item=127", "distance": "1"}
{"url": "http://wotlk.cavernoftime.com/item=39025", "distance": "1"}
{"url": "http://wotlk.cavernoftime.com/item=36951", "distance": "1"}
{"url": "http://wotlk.cavernoftime.com/item=15136", "distance": "1"}
{"url": "http://wotlk.cavernoftime.com/item=39030", "distance": "1"}
{"url": "http://wotlk.cavernoftime.com/item=36999", "distance": "1"}
{"url": "http://wotlk.cavernoftime.com/item=38750", "distance": "1"}
{"url": "http://wotlk.cavernoftime.com/item=38749", "distance": "1"}
{"url": "http://wotlk.cavernoftime.com/item=38761", "distance": "1"}
{"url": "http://wotlk.cavernoftime.com/item=39889", "distance": "1"}
{"url": "http://wotlk.cavernoftime.com/item=36980", "distance": "1"}
{"url": "http://wotlk.cavernoftime.com/item=36994", "distance": "1"}
{"url": "http://wotlk.cavernoftime.com/achievement=488", "distance": "1"}
{"url": "http://wotlk.cavernoftime.com/achievement=522", "distance": "1"}
{"url": "http://wotlk.cavernoftime.com/achievement=487", "distance": "1"}
{"url": "http://wotlk.cavernoftime.com/achievement=505", "distance": "1"}
{"url": "http://wotlk.cavernoftime.com/achievement=486", "distance": "1"}
{"url": "http://wotlk.cavernoftime.com/achievement=13", "distance": "1"}
{"url": "http://wotlk.cavernoftime.com/achievement=1266", "distance": "1"}
{"url": "http://wotlk.cavernoftime.com/achievement=1176", "distance": "1"}
{"url": "https://www.warmane.com/policies/terms", "distance": "1"}
{"url": "https://www.warmane.com/policies/privacy", "distance": "1"}
{"url": "https://www.warmane.com/policies/refund", "distance": "1"}
{"url": "http://forum.warmane.com/forumdisplay.php?132-Support-amp-Q-A", "distance": "1"}
{"url": "https://www.amazon.com/ap/signin?openid.pape.max_auth_age=0&openid.return_to=https%3A%2F%2Fwww.amazon.com%2Fstores%2FMLGB%2F%25E4%25B8%25BB%25E9%25A1%25B5%2Fpage%2F8D632B55-D825-4D74-B1E3-B712D639B8C5%2F%3F_encoding%3DUTF8%26ref_%3Dnav_ya_signin&openid.identity=http%3A%2F%2Fspecs.openid.net%2Fauth%2F2.0%2Fidentifier_select&openid.assoc_handle=usflex&openid.mode=checkid_setup&openid.claimed_id=http%3A%2F%2Fspecs.openid.net%2Fauth%2F2.0%2Fidentifier_select&openid.ns=http%3A%2F%2Fspecs.openid.net%2Fauth%2F2.0&", "distance": "1"}
{"url": "https://pharmacy.amazon.com/?ref_=nav_cs_pharmacy_641fc8228c0a4254ba0c834bf1a0429c", "distance": "1"}
{"url": "https://www.facebook.com/MeltzerLippe", "distance": "1"}
{"url": "https://www.linkedin.com/company/meltzer-lippe-goldstein-&-breitstone-llp", "distance": "1"}
{"url": "https://www.youtube.com/channel/UCni6yFUFNj09PNFZMHTHLzw", "distance": "1"}
{"url": "https://www.meltzerlippe.com/", "distance": "1"}
{"url": "https://www.meltzerlippe.com/", "distance": "1"}
{"url": "https://www.meltzerlippe.com/news/meltzer-lippe-handles-1-5-billion-deal/", "distance": "1"}
{"url": "https://www.meltzerlippe.com/news/charity-in-hot-water-over-epstein-connection/", "distance": "1"}
{"url": "https://www.meltzerlippe.com", "distance": "1"}
{"url": "https://www.allphasemedia.com/long-island-web-design/", "distance": "1"}
{"url": "https://www.meltzerlippe.com/the-firm/", "distance": "1"}
{"url": "https://www.meltzerlippe.com/the-firm/standards/", "distance": "1"}
{"url": "https://www.facebook.com/MeltzerLippe", "distance": "1"}
{"url": "https://www.linkedin.com/company/meltzer-lippe-goldstein-&-breitstone-llp", "distance": "1"}
{"url": "https://www.youtube.com/channel/UCni6yFUFNj09PNFZMHTHLzw", "distance": "1"}
{"url": "https://medium.com/?source=post_page-----c4b447a67d22--------------------------------", "distance": "1"}
{"url": "https://medium.com/?source=post_page-----c4b447a67d22--------------------------------", "distance": "1"}
{"url": "https://medium.com/?source=post_page-----c4b447a67d22--------------------------------", "distance": "1"}
{"url": "https://alex-vitori.medium.com/isometric-grid-pro-action-the-fastest-way-to-build-an-isometric-grid-in-adobe-illustrator-89e28a72cea6?source=post_internal_links---------1----------------------------", "distance": "1"}
{"url": "https://blog.agrahyah.com/7-things-to-keep-in-mind-while-building-for-next-billion-users-7fe36db371e7?source=post_internal_links---------7----------------------------", "distance": "1"}
{"url": "https://itunes.apple.com/app/all-acronyms-free/id1192688132", "distance": "1"}
{"url": "https://play.google.com/store/apps/details?id=io.cordova.allacronyms", "distance": "1"}
{"url": "https://www.timeoutshanghai.com/index.html", "distance": "1"}
{"url": "https://www.timeoutshanghai.com/index.html", "distance": "1"}
{"url": "https://s.weibo.com/realtime?q=%23MLGB%E5%95%86%E6%A0%87%E6%97%A0%E6%95%88%23&rd=realtime&tw=realtime&Refer=weibo_realtime)", "distance": "1"}
{"url": "https://www.timeoutshanghai.com/index.html", "distance": "1"}
{"url": "http://twitter.com/dribbble", "distance": "1"}
{"url": "http://facebook.com/dribbble", "distance": "1"}
{"url": "http://instagram.com/dribbble", "distance": "1"}
{"url": "http://www.pinterest.com/Pinner13145726/", "distance": "1"}
{"url": "https://developer.dribbble.com", "distance": "1"}
{"url": "https://creativemarket.com/?utm_source=dribbble&utm_medium=referral&utm_campaign=footer", "distance": "1"}
{"url": "http://aippi.org/event/2021-aippi-world-congress-online/", "distance": "1"}
{"url": "http://www.chinaipmagazine.com/en/news-show.asp?id=9720", "distance": "1"}
{"url": "http://www.chinaipmagazine.com/", "distance": "1"}
{"url": "http://www.miibeian.gov.cn", "distance": "1"}
{"url": "https://restaurantguru.com", "distance": "1"}
{"url": "https://es.restaurantguru.com/MLGB-Wageningen", "distance": "1"}
{"url": "https://ru.restaurantguru.com/MLGB-Wageningen", "distance": "1"}
{"url": "https://fr.restaurantguru.com/MLGB-Wageningen", "distance": "1"}
{"url": "https://de.restaurantguru.com/MLGB-Wageningen", "distance": "1"}
{"url": "https://restaurantguru.com/pub-and-bar-Wageningen-t2", "distance": "1"}
{"url": "https://restaurantguru.com/Wageningen", "distance": "1"}
{"url": "https://restaurantguru.com/seafood-restaurants-Wageningen-b", "distance": "1"}
{"url": "https://restaurantguru.com/sushi-Wageningen-c98", "distance": "1"}
{"url": "https://restaurantguru.com/MLGB-Wageningen/menu", "distance": "1"}
{"url": "https://restaurantguru.com/MLGB-Wageningen/menu", "distance": "1"}
{"url": "https://www.google.com/maps/dir/?api=1&destination=51.9828233,5.6640664", "distance": "1"}
{"url": "https://www.google.com/maps/dir/?api=1&destination=51.9828233,5.6640664", "distance": "1"}
{"url": "https://restaurantguru.com/MLGB-Wageningen/reviews?meal=9623", "distance": "1"}
{"url": "https://restaurantguru.com/MLGB-Wageningen/reviews?meal=9622", "distance": "1"}
{"url": "https://restaurantguru.com/MLGB-Wageningen/reviews?meal=477", "distance": "1"}
{"url": "https://restaurantguru.com/MLGB-Wageningen/reviews?meal=121", "distance": "1"}
{"url": "https://restaurantguru.com/MLGB-Wageningen/reviews?meal=9467", "distance": "1"}
{"url": "https://restaurantguru.com/MLGB-Wageningen/reviews?meal=7469", "distance": "1"}
{"url": "https://restaurantguru.com/MLGB-Wageningen/reviews?meal=8094", "distance": "1"}
{"url": "https://restaurantguru.com/MLGB-Wageningen/reviews?meal=4", "distance": "1"}
{"url": "https://restaurantguru.com/MLGB-Wageningen/reviews?meal=72", "distance": "1"}
{"url": "https://restaurantguru.com/MLGB-Wageningen/reviews?meal=6445", "distance": "1"}
{"url": "https://restaurantguru.com/MLGB-Wageningen/reviews?meal=10", "distance": "1"}
{"url": "https://restaurantguru.com/MLGB-Wageningen/reviews?meal=59", "distance": "1"}
{"url": "https://restaurantguru.com/MLGB-Wageningen/reviews/google", "distance": "1"}
{"url": "https://restaurantguru.com/MLGB-Wageningen/reviews/facebook", "distance": "1"}
{"url": "https://restaurantguru.com/MLGB-Wageningen/reviews#search", "distance": "1"}
{"url": "https://restaurantguru.com/MLGB-Wageningen/reviews", "distance": "1"}
{"url": "https://restaurantguru.com/MLGB-Wageningen/reviews?bylang=1", "distance": "1"}
{"url": "https://restaurantguru.com/link/a1:35382350:rw9059172", "distance": "1"}
{"url": "https://restaurantguru.com/link/a1:35382350:rw7596540", "distance": "1"}
{"url": "https://restaurantguru.com/link/a1:35382350:rw7596541", "distance": "1"}
{"url": "https://restaurantguru.com/MLGB-Wageningen/reviews?bylang=1", "distance": "1"}
{"url": "https://www.google.com/maps/dir/?api=1&destination=51.9828233,5.6640664", "distance": "1"}
{"url": "https://restaurantguru.com/link/71750834", "distance": "1"}
{"url": "https://restaurantguru.com/Diels-Restobar-Wageningen-2", "distance": "1"}
{"url": "https://restaurantguru.com/De-Vlaamsche-Reus-Wageningen", "distance": "1"}
{"url": "https://restaurantguru.com/Le-Perron-Wageningen-Wageningen", "distance": "1"}
{"url": "https://restaurantguru.com/Whats-happening-at-Heerenstraat-47-Wageningen", "distance": "1"}
{"url": "https://restaurantguru.com", "distance": "1"}
{"url": "https://restaurantguru.com/contactus", "distance": "1"}
{"url": "https://restaurantguru.com/widget-landing?id=71750834", "distance": "1"}
{"url": "https://restaurantguru.com/request_content_removal", "distance": "1"}
{"url": "https://restaurantguru.com/aboutus", "distance": "1"}
{"url": "https://restaurantguru.com/disclaimer", "distance": "1"}
{"url": "https://restaurantguru.com/tutorial", "distance": "1"}
{"url": "https://www.addthis.com/bookmark.php?lng=en-US&pub=ra-50dc926d011f6845&source=tbx-300&title=Urban+Dictionary%3A+MLGB&url=http%3A%2F%2Fmlgb.urbanup.com%2F10166182&v=300&winname=addthis&s=twitter", "distance": "1"}
{"url": "https://www.addthis.com/bookmark.php?lng=en-US&pub=ra-50dc926d011f6845&source=tbx-300&title=Urban+Dictionary%3A+MLGB&url=http%3A%2F%2Fmlgb.urbanup.com%2F10166182&v=300&winname=addthis&s=facebook", "distance": "1"}
{"url": "https://www.addthis.com/bookmark.php?lng=en-US&pub=ra-50dc926d011f6845&source=tbx-300&title=Urban+Dictionary%3A+MLGB&url=http%3A%2F%2Fmlgb.urbanup.com%2F10166182&v=300&winname=addthis", "distance": "1"}
{"url": "https://urbandictionary.store/products/mug?defid=10166182&utm_campaign=onpage&utm_medium=web&utm_source=define", "distance": "1"}
{"url": "https://www.addthis.com/bookmark.php?lng=en-US&pub=ra-50dc926d011f6845&source=tbx-300&title=Urban+Dictionary%3A+micro+marrige&url=http%3A%2F%2Fmicro-marrige.urbanup.com%2F12694222&v=300&winname=addthis&s=twitter", "distance": "1"}
{"url": "https://www.addthis.com/bookmark.php?lng=en-US&pub=ra-50dc926d011f6845&source=tbx-300&title=Urban+Dictionary%3A+micro+marrige&url=http%3A%2F%2Fmicro-marrige.urbanup.com%2F12694222&v=300&winname=addthis&s=facebook", "distance": "1"}
{"url": "https://www.addthis.com/bookmark.php?lng=en-US&pub=ra-50dc926d011f6845&source=tbx-300&title=Urban+Dictionary%3A+micro+marrige&url=http%3A%2F%2Fmicro-marrige.urbanup.com%2F12694222&v=300&winname=addthis", "distance": "1"}
{"url": "https://urbandictionary.store/products/mug?defid=12694222&utm_campaign=onpage&utm_medium=web&utm_source=define", "distance": "1"}
{"url": "https://www.addthis.com/bookmark.php?lng=en-US&pub=ra-50dc926d011f6845&source=tbx-300&title=Urban+Dictionary%3A+MLGB&url=http%3A%2F%2Fmlgb.urbanup.com%2F12301749&v=300&winname=addthis&s=twitter", "distance": "1"}
{"url": "https://www.addthis.com/bookmark.php?lng=en-US&pub=ra-50dc926d011f6845&source=tbx-300&title=Urban+Dictionary%3A+MLGB&url=http%3A%2F%2Fmlgb.urbanup.com%2F12301749&v=300&winname=addthis&s=facebook", "distance": "1"}
{"url": "https://www.addthis.com/bookmark.php?lng=en-US&pub=ra-50dc926d011f6845&source=tbx-300&title=Urban+Dictionary%3A+MLGB&url=http%3A%2F%2Fmlgb.urbanup.com%2F12301749&v=300&winname=addthis", "distance": "1"}
{"url": "https://urbandictionary.store/products/gaiter?defid=12301749&utm_campaign=onpage&utm_medium=web&utm_source=define", "distance": "1"}
{"url": "https://www.addthis.com/bookmark.php?lng=en-US&pub=ra-50dc926d011f6845&source=tbx-300&title=Urban+Dictionary%3A+mlgb&url=http%3A%2F%2Fmlgb.urbanup.com%2F8214822&v=300&winname=addthis&s=twitter", "distance": "1"}
{"url": "https://www.addthis.com/bookmark.php?lng=en-US&pub=ra-50dc926d011f6845&source=tbx-300&title=Urban+Dictionary%3A+mlgb&url=http%3A%2F%2Fmlgb.urbanup.com%2F8214822&v=300&winname=addthis&s=facebook", "distance": "1"}
{"url": "https://www.addthis.com/bookmark.php?lng=en-US&pub=ra-50dc926d011f6845&source=tbx-300&title=Urban+Dictionary%3A+mlgb&url=http%3A%2F%2Fmlgb.urbanup.com%2F8214822&v=300&winname=addthis", "distance": "1"}
{"url": "https://urbandictionary.store/products/mug?defid=8214822&utm_campaign=onpage&utm_medium=web&utm_source=define", "distance": "1"}
{"url": "https://www.addthis.com/bookmark.php?lng=en-US&pub=ra-50dc926d011f6845&source=tbx-300&title=Urban+Dictionary%3A+mlgb&url=http%3A%2F%2Fmlgb.urbanup.com%2F8046233&v=300&winname=addthis&s=twitter", "distance": "1"}
{"url": "https://www.addthis.com/bookmark.php?lng=en-US&pub=ra-50dc926d011f6845&source=tbx-300&title=Urban+Dictionary%3A+mlgb&url=http%3A%2F%2Fmlgb.urbanup.com%2F8046233&v=300&winname=addthis&s=facebook", "distance": "1"}
{"url": "https://www.addthis.com/bookmark.php?lng=en-US&pub=ra-50dc926d011f6845&source=tbx-300&title=Urban+Dictionary%3A+mlgb&url=http%3A%2F%2Fmlgb.urbanup.com%2F8046233&v=300&winname=addthis", "distance": "1"}
{"url": "https://urbandictionary.store/products/mug?defid=8046233&utm_campaign=onpage&utm_medium=web&utm_source=define", "distance": "1"}
{"url": "http://ads.urbandictionary.com/", "distance": "1"}
{"url": "http://about.urbandictionary.com/tos", "distance": "1"}
{"url": "http://about.urbandictionary.com/privacy", "distance": "1"}
{"url": "http://about.urbandictionary.com/dmca", "distance": "1"}
{"url": "https://urbandictionary.wufoo.com/forms/bug-report-form/", "distance": "1"}
{"url": "http://help.urbandictionary.com/", "distance": "1"}
{"url": "https://urbandictionary.blog/", "distance": "1"}
{"url": "https://urbandictionary.wufoo.com/forms/data-subject-request-form/", "distance": "1"}
{"url": "http://ads.urbandictionary.com/", "distance": "1"}
{"url": "http://about.urbandictionary.com/tos", "distance": "1"}
{"url": "http://about.urbandictionary.com/privacy", "distance": "1"}
{"url": "http://about.urbandictionary.com/dmca", "distance": "1"}
{"url": "https://urbandictionary.wufoo.com/forms/bug-report-form/", "distance": "1"}
{"url": "http://help.urbandictionary.com/", "distance": "1"}
{"url": "https://urbandictionary.blog/", "distance": "1"}
{"url": "https://urbandictionary.wufoo.com/forms/data-subject-request-form/", "distance": "1"}
{"url": "https://m.facebook.com/login.php?next=https%3A%2F%2Fm.facebook.com%2FMLGBAutoStudio%2F%3F_rdr&ref=104&rs=6&lrs=3&rid=410476502777348&lrid=410476502777348&refsrc=deprecated&refid=17", "distance": "1"}
{"url": "http://lm.facebook.com/l.php?u=http%3A%2F%2Fshare.here.com%2Fr%2Fmylocation%2Fe-eyJuYW1lIjoiTUxHQiIsImFkZHJlc3MiOiIyODk5IFN0ZWVsZXMgQXZlIFcuIFVuaXQgMTQsIFRvcm9udG8sIE9OLCBDYW5hZGEgTTNKIDNBMSIsImxhdGl0dWRlIjo0My43ODE0MSwibG9uZ2l0dWRlIjotNzkuNDkxNjUsInByb3ZpZGVyTmFtZSI6ImZhY2Vib29rIiwicHJvdmlkZXJJZCI6NDEwNDc2NTAyNzc3MzQ4fQ%3D%3D%3Flink%3Dunknown%26fb_locale%3Den_US%26ref%3Dfb_mobile&h=AT32sXR2ETtPKJWX3rtw84OUkpOIxJ1-oCyTmR7jhfkrna4beoUDl8v6BgTAm55n8dTLUxZ4Gmcg_zRH5mmc8Zfko0aPT_yM9GfYnOvwFPB48XxVg3BEmm3z7UUM0Q-MWZ05m2p62OxxE-Hhfl_RpxI6iA", "distance": "1"}
{"url": "https://github.com/", "distance": "1"}
{"url": "https://github.com", "distance": "1"}
{"url": "http://tv.on.cc", "distance": "1"}
{"url": "https://twitter.com/albiononline/", "distance": "1"}
{"url": "https://www.facebook.com/albiononline", "distance": "1"}
{"url": "https://www.youtube.com/user/albiononlineofficial", "distance": "1"}
{"url": "https://discord.gg/albiononline", "distance": "1"}
{"url": "https://www.reddit.com/r/albiononline", "distance": "1"}
{"url": "https://www.twitch.tv/albiononline", "distance": "1"}
{"url": "https://wiki.albiononline.com", "distance": "1"}
{"url": "http://up.thefreedictionary.com/trc.ashx?sender=farlex&info=download", "distance": "1"}
{"url": "https://secure.thefreedictionary.com/Registration.aspx?returnTo=https%3a%2f%2facronyms.thefreedictionary.com%2fMLGB", "distance": "1"}
{"url": "https://secure.thefreedictionary.com/Login.aspx?returnTo=https%3a%2f%2facronyms.thefreedictionary.com%2fMLGB", "distance": "1"}
{"url": "http://up.thefreedictionary.com/trc.ashx?sender=farlex&info=download", "distance": "1"}
{"url": "https://www.acronymfinder.com", "distance": "1"}
{"url": "http://w1.acronymfinder.com/~/app/add.aspx?acronym=MLGB", "distance": "1"}
{"url": "https://secure.thefreedictionary.com/Login.aspx?returnTo=https%3a%2f%2facronyms.thefreedictionary.com%2fMLGB", "distance": "1"}
{"url": "https://secure.thefreedictionary.com/Registration.aspx?returnTo=https%3a%2f%2facronyms.thefreedictionary.com%2fMLGB", "distance": "1"}
{"url": "https://www.thefreelibrary.com/The+Speculum+Spiritualium+from+Manuscript+to+Print-a0220766518", "distance": "1"}
{"url": "https://instagram.com/depop/", "distance": "1"}
{"url": "https://twitter.com/depop/", "distance": "1"}
{"url": "https://facebook.com/depop", "distance": "1"}
{"url": "https://chrome.google.com/webstore/detail/fakespot-fake-amazon-revi/nakplnnackehceedgkgkokbgbmfghain?utm_campaign=ext_button", "distance": "1"}
{"url": "https://play.google.com/store/apps/details?id=com.fakespot.fakespot", "distance": "1"}
{"url": "https://chrome.google.com/webstore/detail/fakespot-fake-amazon-revi/nakplnnackehceedgkgkokbgbmfghain?utm_campaign=ext_button", "distance": "1"}
{"url": "https://addons.mozilla.org/en-US/firefox/addon/fakespot-fake-reviews-amazon/", "distance": "1"}
{"url": "https://play.google.com/store/apps/details?id=com.fakespot.fakespot", "distance": "1"}
{"url": "https://play.google.com/store/apps/details?id=com.fakespot.fakespot", "distance": "1"}
{"url": "https://www.facebook.com/FakespotAnalyzer", "distance": "1"}
{"url": "https://twitter.com/fakespottweets", "distance": "1"}
{"url": "https://www.linkedin.com/company/fakespot", "distance": "1"}
{"url": "https://www.facebook.com/atamlbg", "distance": "1"}
{"url": "https://www.youtube.com/atamlbgchanger", "distance": "1"}
{"url": "https://play.google.com/store/apps/details?id=com.mobile.legends&hl=en&gl=US", "distance": "1"}
{"url": "https://www.youtube.com/channel/UCBuS-fb9TtqmZtfXgxPPO8w/featured", "distance": "1"}
{"url": "https://www.facebook.com/atamlbg", "distance": "1"}
{"url": "https://www.youtube.com/atamlbgchanger", "distance": "1"}
{"url": "http://aungthura.atamlbgchanger.net/", "distance": "1"}
{"url": "http://thuyaaung.atamlbgchanger.net/", "distance": "1"}
{"url": "http://www.aernnova.com/en", "distance": "1"}
{"url": "http://www.aernnova.com/en/about-us/", "distance": "1"}
{"url": "http://www.aernnova.com/en/activities/", "distance": "1"}
{"url": "http://www.aernnova.com/en/programs-and-products/", "distance": "1"}
{"url": "http://www.aernnova.com/en/shareholders/", "distance": "1"}
{"url": "http://www.aernnova.com/en/about-us/aernnova-stories/", "distance": "1"}
{"url": "http://www.aernnova.com/en/global-presence/", "distance": "1"}
{"url": "http://www.aernnova.com/en/careers/", "distance": "1"}
{"url": "http://www.aernnova.com/en/discover-hamble-aerostructures/", "distance": "1"}
{"url": "http://www.aernnova.com/en/activities/", "distance": "1"}
{"url": "http://www.aernnova.com/en/stories/hamble-aerostructures/", "distance": "1"}
{"url": "http://www.aernnova.com/en/stories/hamble-aerostructures/", "distance": "1"}
{"url": "http://www.aernnova.com/en", "distance": "1"}
{"url": "https://klassicx.tumblr.com/post/21471393009", "distance": "1"}
{"url": "https://klassicx.tumblr.com/", "distance": "1"}
{"url": "https://klassicx.tumblr.com/post/21471393009", "distance": "1"}
{"url": "https://klassicx.tumblr.com/", "distance": "1"}
{"url": "https://terrysdiary.com/post/18016741421/my-hollywood-high-school-id-card", "distance": "1"}
{"url": "https://terrysdiary.com/", "distance": "1"}
{"url": "https://terrysdiary.com/post/18016741421/my-hollywood-high-school-id-card", "distance": "1"}
{"url": "https://terrysdiary.com/", "distance": "1"}
{"url": "https://www.yoybuy.com/", "distance": "1"}
{"url": "https://www.yoybuy.com/en/addurloptimize.html", "distance": "1"}
{"url": "https://www.yoybuy.com/en/Forwarding.html", "distance": "1"}
{"url": "https://blog.yoybuy.com/", "distance": "1"}
{"url": "https://shoppingcart.yoybuy.com/en/shoppingcart.html", "distance": "1"}
{"url": "https://en.wikipedia.org/wiki/International_Safe_Harbor_Privacy_Principles", "distance": "1"}
{"url": "https://www.yoybuy.com/en/help.html?cateid=3237177", "distance": "1"}
{"url": "https://www.yoybuy.com/en/help.html?cateid=3237176", "distance": "1"}
{"url": "https://img.yoybuy.com/v7/imgs/seo/Ser.png", "distance": "1"}
{"url": "https://www.yoybuy.com/en/help.html?cateid=3237177", "distance": "1"}
{"url": "https://www.yoybuy.com/en/help.html?cateid=3237176", "distance": "1"}
{"url": "https://login.yoybuy.com/en/login", "distance": "1"}
{"url": "https://login.yoybuy.com/en/loginfusion/register", "distance": "1"}
{"url": "https://wa.me/8618210068564", "distance": "1"}
{"url": "https://m.me/TaobaoAgent.Yoybuy", "distance": "1"}
{"url": "https://www.facebook.com/Sourcing.QC.Warehouse.Logistics", "distance": "1"}
{"url": "https://vk.com/yoybuy_com", "distance": "1"}
{"url": "https://www.youtube.com/channel/UCWGcOwK5Z3O0fKaXBqvjKRA", "distance": "1"}
{"url": "https://passport.webmoney.ru/asp/certview.asp?wmid=167442449693", "distance": "1"}
{"url": "https://www.yoybuy.com/sitemap.html", "distance": "1"}
{"url": "https://www.yoybuy.com/en/help.html?cateid=12888", "distance": "1"}
{"url": "https://www.yoybuy.com/en/help.html?cateid=3237174", "distance": "1"}
{"url": "https://www.yoybuy.com/en/help.html?cateid=3237175", "distance": "1"}
{"url": "https://www.yoybuy.com/en/help.html?cateid=3237176", "distance": "1"}
{"url": "https://www.yoybuy.com/en/help.html?cateid=3237177", "distance": "1"}
{"url": "https://www.yoybuy.com/en/help.html?cateid=142", "distance": "1"}
{"url": "https://foursquare.com/v/5c8fe2cfd48ec100399f573f?ref=C3QCCPXCVCWXZVOMDMR2SS4KD0ZDWNWHZ1ODFUDHFAIASIWV", "distance": "1"}
{"url": "https://foursquare.com/v/5c8fe2cfd48ec100399f573f?ref=C3QCCPXCVCWXZVOMDMR2SS4KD0ZDWNWHZ1ODFUDHFAIASIWV", "distance": "1"}
{"url": "https://untappd.com/business?source=webvenue_inline&venue_name=Mlgb&state=Gelderland&city=Wageningen&country=Nederland&internal_venue_id=8776434", "distance": "1"}
{"url": "https://foursquare.com/v/5c8fe2cfd48ec100399f573f?ref=C3QCCPXCVCWXZVOMDMR2SS4KD0ZDWNWHZ1ODFUDHFAIASIWV", "distance": "1"}
{"url": "https://help.untappd.com", "distance": "1"}
{"url": "https://tl.net/forum/website-feedback/94785-liquipedia-feedback-thread", "distance": "1"}
{"url": "https://liquipedia.net/discord", "distance": "1"}
{"url": "https://twitter.com/LiquipediaNet", "distance": "1"}
{"url": "https://twitter.com/LiquipediaPUBG", "distance": "1"}
{"url": "https://liquipedia.net/commons/Special:Upload", "distance": "1"}
{"url": "https://liquipedia.net/pubg/index.php?title=Template:TeamBracket/mlgb_e-sports_club&oldid=3324", "distance": "1"}
{"url": "https://voice.hupu.com/other/1581560.html", "distance": "1"}
{"url": "https://voice.hupu.com/other/1634334.html", "distance": "1"}
{"url": "https://bbs.hupu.com/all-gambia", "distance": "1"}
{"url": "https://shop311048929.taobao.com/", "distance": "1"}
{"url": "http://outdoor.hupu.com/", "distance": "1"}
{"url": "http://run.hupu.com/", "distance": "1"}
{"url": "http://ymq.hupu.com/", "distance": "1"}
{"url": "http://xgame.hupu.com/", "distance": "1"}
{"url": "http://www.nflchina.com/", "distance": "1"}
{"url": "https://bbs.hupu.com/api/v1/go", "distance": "1"}
{"url": "https://my.hupu.com/127589846377581", "distance": "1"}
{"url": "https://my.hupu.com/127589846377581", "distance": "1"}
{"url": "https://my.hupu.com/275651731712058", "distance": "1"}
{"url": "https://my.hupu.com/275651731712058", "distance": "1"}
{"url": "https://my.hupu.com/213608761305654", "distance": "1"}
{"url": "https://my.hupu.com/213608761305654", "distance": "1"}
{"url": "https://my.hupu.com/189805287735358", "distance": "1"}
{"url": "https://my.hupu.com/189805287735358", "distance": "1"}
{"url": "https://my.hupu.com/133133015514735", "distance": "1"}
{"url": "https://my.hupu.com/133133015514735", "distance": "1"}
{"url": "https://my.hupu.com/257136048518051", "distance": "1"}
{"url": "https://my.hupu.com/257136048518051", "distance": "1"}
{"url": "https://my.hupu.com/104432899631972", "distance": "1"}
{"url": "https://my.hupu.com/104432899631972", "distance": "1"}
{"url": "https://my.hupu.com/189026774027398", "distance": "1"}
{"url": "https://my.hupu.com/189026774027398", "distance": "1"}
{"url": "https://my.hupu.com/221285230396964", "distance": "1"}
{"url": "https://my.hupu.com/221285230396964", "distance": "1"}
{"url": "https://my.hupu.com/253527206112174", "distance": "1"}
{"url": "https://my.hupu.com/253527206112174", "distance": "1"}
{"url": "https://my.hupu.com/156858892294849", "distance": "1"}
{"url": "https://my.hupu.com/156858892294849", "distance": "1"}
{"url": "https://my.hupu.com/221285230396964", "distance": "1"}
{"url": "https://my.hupu.com/221285230396964", "distance": "1"}
{"url": "https://my.hupu.com/213608761305654", "distance": "1"}
{"url": "https://my.hupu.com/213608761305654", "distance": "1"}
{"url": "https://my.hupu.com/213608761305654", "distance": "1"}
{"url": "https://my.hupu.com/213608761305654", "distance": "1"}
{"url": "https://my.hupu.com/153639360505767", "distance": "1"}
{"url": "https://my.hupu.com/153639360505767", "distance": "1"}
{"url": "https://my.hupu.com/260502496102264", "distance": "1"}
{"url": "https://my.hupu.com/260502496102264", "distance": "1"}
{"url": "https://passport.hupu.com/login?from=bbsPost", "distance": "1"}
{"url": "https://passport.hupu.com/register?project=bxj&from=bbsPost", "distance": "1"}
{"url": "https://my.hupu.com/set.php?s=picture", "distance": "1"}
{"url": "https://fairy.mobileapi.hupu.com/gamecentre?gamesource=bbsold#/nba-journey", "distance": "1"}
{"url": "https://fairy.mobileapi.hupu.com/game/pc?appid=shzh&gamesource=bbsold", "distance": "1"}
{"url": "https://fairy.mobileapi.hupu.com/game/pc?appid=tzsports&gamesource=bbsold", "distance": "1"}
{"url": "https://fairy.mobileapi.hupu.com/game/pc?appid=qiuwang&gamesource=bbsold", "distance": "1"}
{"url": "https://bbs.hupu.com/api/v1/go", "distance": "1"}
{"url": "https://www.hupu.com/", "distance": "1"}
{"url": "https://m.hupu.com/", "distance": "1"}
{"url": "https://mobile.hupu.com/", "distance": "1"}
{"url": "https://www.hupu.com/policies/terms", "distance": "1"}
{"url": "https://nba.hupu.com/", "distance": "1"}
{"url": "https://cba.hupu.com/", "distance": "1"}
{"url": "https://soccer.hupu.com/", "distance": "1"}
{"url": "https://www.facebook.com/dialog/share?app_id=102978293121214&href=https://www.audible.com/pd/B08NTZPVWK%3Faction_code=SNGGBWS072717001P%26ipRedirectOverride=true%26shareTest=ControlShare&redirect_uri=https://www.audible.com/pd/B08NTZPVWK%3Fref=a_fb_metrics", "distance": "1"}
{"url": "https://twitter.com/intent/tweet?text=I'm+thinking+about+listening+to+MLGB+1.0+%2826%29+-+Who+Said+That%3F+on+my+%23AudibleApp&url=https://www.audible.com/pd/B08NTZPVWK%3Faction_code=SNGGBWS072717001P%26ipRedirectOverride=true%26shareTest=ControlShare", "distance": "1"}
{"url": "https://www.pinterest.com/pin/create/button?url=https://www.audible.com/pd/B08NTZPVWK%3Faction_code=SNGGBWS072717001P%26ipRedirectOverride=true%26shareTest=ControlShare&media=https://m.media-amazon.com/images/I/41RkifqxGPS._SL500_.jpg&description=Another+must-listen+from+my+%23AudibleApp:+%22MLGB+1.0+%2826%29+-+Who+Said+That%3F%22+by+,+narrated+by+.", "distance": "1"}
{"url": "https://www.amazon.com/gp/help/customer/display.html/?nodeId=468496&pf_rd_p=99fa432a-0901-45d1-91e8-00d0990c9f0a&pf_rd_r=N8YJ5XGB0T84R2EW1H80", "distance": "1"}
{"url": "https://www.amazon.com/gp/help/customer/display.html/?nodeId=201890250&pf_rd_p=99fa432a-0901-45d1-91e8-00d0990c9f0a&pf_rd_r=N8YJ5XGB0T84R2EW1H80", "distance": "1"}
{"url": "http://gunnersville.com/", "distance": "1"}
{"url": "http://gunnersville.com/2021/07/26/in-spain-the-death-of-a-man-after-the-janssen-vaccine-is-being-investigated/", "distance": "1"}
{"url": "http://optimathemes.com/", "distance": "1"}
{"url": "https://vsco.co/download", "distance": "1"}
{"url": "https://www.cite.me", "distance": "1"}
{"url": "https://www.abbreviations.com/images/2084361_MLGB.png", "distance": "1"}
{"url": "https://www.facebook.com/STANDS4", "distance": "1"}
{"url": "https://twitter.com/justadded", "distance": "1"}
{"url": "https://www.linkedin.com/company/stands4/", "distance": "1"}
{"url": "https://www.enable-javascript.com/", "distance": "1"}
{"url": "https://discord.gg/raider", "distance": "1"}
{"url": "https://twitter.com/RaiderIO_WoW", "distance": "1"}
{"url": "https://facebook.com/raider.io", "distance": "1"}
{"url": "https://www.instagram.com/raiderio_wow/", "distance": "1"}
{"url": "https://rio.gg/become_a_patron3", "distance": "1"}
{"url": "https://rio.gg/become_a_patron3", "distance": "1"}
{"url": "https://worldofwarcraft.com/en-us/guild/us/blood-furnace/mlgb", "distance": "1"}
{"url": "https://www.warcraftlogs.com/guild/us/blood-furnace/MLGB", "distance": "1"}
{"url": "https://discord.gg/raider", "distance": "1"}
{"url": "https://facebook.com/raider.io", "distance": "1"}
{"url": "https://www.instagram.com/raiderio_wow/", "distance": "1"}
{"url": "https://twitter.com/RaiderIO_WoW", "distance": "1"}
{"url": "https://thebreaker.news/business/olympic-condo-flipping-mystery/", "distance": "1"}
{"url": "https://thebreaker.news/category/business/", "distance": "1"}
{"url": "https://thebreaker.news/category/news/", "distance": "1"}
{"url": "https://thebreaker.news/category/sports/", "distance": "1"}
{"url": "https://thebreaker.news/2021/09/", "distance": "1"}
{"url": "https://thebreaker.news/business/trudeau-and-a-chinese-soldier/", "distance": "1"}
{"url": "https://thebreaker.news/category/business/", "distance": "1"}
{"url": "https://thebreaker.news/category/news/", "distance": "1"}
{"url": "https://thebreaker.news/2021/09/", "distance": "1"}
{"url": "https://thebreaker.news", "distance": "1"}
{"url": "https://thebreaker.news/", "distance": "1"}
{"url": "https://thebreaker.news/", "distance": "1"}
{"url": "https://thebreaker.news/", "distance": "1"}
{"url": "https://thebreaker.news/", "distance": "1"}
{"url": "https://thebreaker.news/category/miscellany/", "distance": "1"}
{"url": "https://thebreaker.news/category/miscellany/", "distance": "1"}
{"url": "https://thebreaker.news/category/news/", "distance": "1"}
{"url": "https://thebreaker.news/category/sports/", "distance": "1"}
{"url": "https://thebreaker.news/2018/05/", "distance": "1"}
{"url": "https://thebreaker.news/author/thebreaker/", "distance": "1"}
{"url": "https://thebreaker.news/news/e-sports-game-over/#respond", "distance": "1"}
{"url": "https://thebreaker.news/tag/b-c-supreme-court/", "distance": "1"}
{"url": "https://thebreaker.news/tag/bai-wang/", "distance": "1"}
{"url": "https://thebreaker.news/tag/chao-bai/", "distance": "1"}
{"url": "https://thebreaker.news/tag/china/", "distance": "1"}
{"url": "https://thebreaker.news/tag/e-sports/", "distance": "1"}
{"url": "https://thebreaker.news/tag/fei-gao/", "distance": "1"}
{"url": "https://thebreaker.news/tag/justice-barbara-norell/", "distance": "1"}
{"url": "https://thebreaker.news/tag/league-of-legends/", "distance": "1"}
{"url": "https://thebreaker.news/tag/mlgb-e-sports-club/", "distance": "1"}
{"url": "https://thebreaker.news/tag/playerunknowns-battlegrounds/", "distance": "1"}
{"url": "https://thebreaker.news/tag/richmond/", "distance": "1"}
{"url": "https://thebreaker.news/tag/shan-he/", "distance": "1"}
{"url": "https://thebreaker.news/tag/shuai-xiao/", "distance": "1"}
{"url": "https://thebreaker.news/tag/vancouver/", "distance": "1"}
{"url": "https://thebreaker.news/tag/wenwei-zhu/", "distance": "1"}
{"url": "https://thebreaker.news/tag/zhiheng-zhou/", "distance": "1"}
{"url": "https://thebreaker.news/tag/zihao-zhou/", "distance": "1"}
{"url": "https://thebreaker.news/news/real-estate-tutors-tiff/", "distance": "1"}
{"url": "https://thebreaker.news/news/pipeline-billboards/", "distance": "1"}
{"url": "https://thebreaker.news/business/olympic-condo-flipping-mystery/", "distance": "1"}
{"url": "https://thebreaker.news/category/business/", "distance": "1"}
