{"url": "https://www.theamas.com/", "distance": 0}
{"url": "https://www.bet.com/music.html", "distance": 0}
{"url": "https://www.fayettevilleflyer.com/2021/09/14/lineup-released-for-fall-music-on-the-mountain-series-at-mount-sequoyah/", "distance": 0}
{"url": "https://www.westmusic.com/", "distance": 0}
{"url": "https://www.kristv.com/news/local-news/port-aransas-designated-as-music-friendly-community", "distance": 0}
{"url": "https://www.aarp.org/entertainment/music/", "distance": 0}
{"url": "https://www.wgrz.com/article/life/people/good-neighbors/good-neighbors-former-students-raise-money-for-wheelchair-van-for-music-teacher/71-1aaa20ca-a17c-41dd-b45a-f2385b9462a1", "distance": 0}
{"url": "https://music.umd.edu/", "distance": 0}
{"url": "https://www.ascap.com/", "distance": 0}
{"url": "https://www.k12.wa.us/sites/default/files/public/arts/standards/2017/MusicStandards_ADA_PASSED_2-6-19_PASSED_11-15-19.pdf", "distance": 0}
{"url": "https://www.bmi.com/", "distance": 0}
{"url": "https://www.musiciansfriend.com/", "distance": 0}
{"url": "https://www.bbc.com/culture/music", "distance": 0}
{"url": "https://www.quavermusic.com/info/", "distance": 0}
{"url": "https://www.wcsu.edu/graduate/wp-content/uploads/sites/49/2018/06/MS-in-Music-Education-Non-Thesis.pdf", "distance": 0}
{"url": "https://www.universalproductionmusic.com/", "distance": 0}
{"url": "https://musically.com/", "distance": 0}
{"url": "https://kotaku.com/youtube-kills-two-big-discord-music-bots-and-that-suck-1847665322", "distance": 0}
{"url": "https://www.sleepfoundation.org/noise-and-sleep/music", "distance": 0}
{"url": "https://necmusic.edu/", "distance": 0}
{"url": "https://www.azcardinals.com/news/week-1-rewind-pitch-perfect-in-the-music-city-cardinals-titans", "distance": 0}
{"url": "https://www.seattletimes.com/entertainment/classical-music/8-classical-music-performances-to-catch-in-fall-2021/", "distance": 0}
{"url": "https://www.uab.edu/cas/music/", "distance": 0}
{"url": "https://www.clevelandorchestra.com/", "distance": 0}
{"url": "https://www.usatoday.com/entertainment/music/", "distance": 0}
{"url": "http://www.nysed.gov/common/nysed/files/programs/curriculum-instruction/nys-music-at-a-glance-final-8.2.2017-high-res-v2.pdf", "distance": 0}
{"url": "https://www.cim.edu/", "distance": 0}
{"url": "https://www.abc.net.au/news/2021-09-15/aria-awards-gendered-categories-music-2021/100462942", "distance": 0}
{"url": "https://ed.sc.gov/scdoe/assets/File/instruction/standards/Visual%20Arts/General_Music_Design_and_Media_Arts_Standards.pdf", "distance": 0}
{"url": "https://journals.sagepub.com/home/mns", "distance": 0}
{"url": "https://ccm.uc.edu/", "distance": 0}
{"url": "https://www.musicconnection.com/", "distance": 0}
{"url": "https://www.curtis.edu/", "distance": 0}
{"url": "https://www.musicinst.org/", "distance": 0}
{"url": "https://www.cbc.ca/music", "distance": 0}
{"url": "https://www.soundstripe.com/", "distance": 0}
{"url": "https://www.detroitnews.com/story/entertainment/2021/09/14/comic-says-he-cancel-royal-oak-music-theatre-show-over-vax-rules/8330851002/", "distance": 0}
{"url": "https://www.musicbed.com/", "distance": 0}
{"url": "https://www.britannica.com/art/music", "distance": 0}
{"url": "https://cla.umn.edu/music", "distance": 0}
{"url": "https://pbskids.org/daniel/games/feel-the-music/", "distance": 0}
{"url": "https://www.cnet.com/topics/music/", "distance": 0}
{"url": "https://books.google.com/books?id=VpZ3mM5wuxIC&pg=PA85&lpg=PA85&dq=music&source=bl&ots=IRj7g_s3A_&sig=ACfU3U1clO7PNXV_0ugp14INbIjR0unObg&hl=en&sa=X&ved=2ahUKEwi24qu994HzAhUWQTABHYk2B4w45gEQ6AF6BAgHEAM", "distance": 0}
{"url": "https://academic.oup.com/ml", "distance": 0}
{"url": "https://www.bam.org/", "distance": 0}
{"url": "https://www.toyotamusicfactory.com/events/", "distance": 0}
{"url": "https://www.apa.org/monitor/2013/11/music", "distance": 0}
{"url": "https://www.mtishows.com/", "distance": 0}
{"url": "https://artlist.io/", "distance": 0}
{"url": "https://www.nationalartsstandards.org/sites/default/files/Music%20at%20a%20Glance%20rev%2012-1-16.pdf", "distance": 0}
{"url": "https://www.bensound.com/", "distance": 0}
{"url": "https://www.ft.com/music", "distance": 0}
{"url": "https://mileofmusic.com/", "distance": 0}
{"url": "https://music.com/", "distance": 0}
{"url": "https://www.latimes.com/entertainment-arts/music", "distance": 0}
{"url": "https://music.fsu.edu/", "distance": 0}
{"url": "https://leginfo.legislature.ca.gov/faces/billNavClient.xhtml?bill_id=202120220SB793", "distance": 0}
{"url": "https://www.iheart.com/", "distance": 0}
{"url": "https://www.musicbusinessworldwide.com/", "distance": 0}
{"url": "https://musicdaily.app/", "distance": 0}
{"url": "https://www.musiclibraryassoc.org/", "distance": 0}
{"url": "https://www.music.msu.edu/", "distance": 0}
{"url": "https://www.thisdayinmusic.com/", "distance": 0}
{"url": "https://www.walmart.com/cp/music/4104", "distance": 0}
{"url": "https://vimeo.zendesk.com/hc/en-us/articles/236022047-Music-Store", "distance": 0}
{"url": "https://www.classicfm.com/discover-music/musical-italian-terms/", "distance": 0}
{"url": "https://www.npr.org/music", "distance": 0}
{"url": "https://music.indiana.edu/", "distance": 0}
{"url": "https://www.oxy.edu/academics/areas-study/music", "distance": 0}
{"url": "https://www.kcrw.com/music", "distance": 0}
{"url": "https://www.apple.com/apple-music/", "distance": 0}
{"url": "https://medium.com/topic/music", "distance": 0}
{"url": "https://music.utexas.edu/", "distance": 0}
{"url": "https://www.oberlin.edu/conservatory", "distance": 0}
{"url": "https://variety.com/v/music/", "distance": 0}
{"url": "https://www.rollingstone.com/music/", "distance": 0}
{"url": "https://musicvine.com/", "distance": 0}
{"url": "https://music.osu.edu/", "distance": 0}
{"url": "https://www.theguardian.com/technology/2016/may/20/music-industry-battling-google-youtube-what-happens-next", "distance": 0}
{"url": "https://nafme.org/", "distance": 0}
{"url": "https://www.theguardian.com/music", "distance": 0}
{"url": "https://catalog.csustan.edu/preview_program.php?catoid=28&poid=5145", "distance": 0}
{"url": "https://peoplesmusicschool.org/", "distance": 0}
{"url": "https://freemusicarchive.org/", "distance": 0}
{"url": "https://www.vulture.com/music/", "distance": 0}
{"url": "https://pitchfork.com/", "distance": 0}
{"url": "https://www.wsj.com/news/types/music-review", "distance": 0}
{"url": "https://music.youtube.com/", "distance": 0}
{"url": "https://support.microsoft.com/en-us/windows/groove-music-and-spotify-faq-7f5e6c92-c662-0e14-a866-45ad8782dd91", "distance": 0}
{"url": "https://www.etsu.edu/cas/music/", "distance": 0}
{"url": "https://www.post-journal.com/news/page-one/2021/09/striking-a-chord-locals-look-to-raise-money-for-beloved-music-teacher/", "distance": 0}
{"url": "https://www.musictheory.net/", "distance": 0}
{"url": "https://www.online-tech-tips.com/computer-tips/how-to-listen-to-free-music-online-without-downloading/", "distance": 0}
{"url": "https://www.newschannel5.com/news/rocketship-public-schools-begin-work-on-antioch-music-themed-elementary-school", "distance": 0}
{"url": "https://www.avclub.com/music", "distance": 0}
{"url": "https://www.curriculumonline.ie/getmedia/6d3a3e34-69ed-464e-9d3e-002ab7e47140/PSEC04c_Music_Curriculum.pdf", "distance": 0}
{"url": "https://soundcloud.com/", "distance": 0}
{"url": "https://www.delmarvanow.com/story/entertainment/2021/09/15/bret-michaels-kid-rock-among-big-name-music-acts-rock-oc-bikefest/8345388002/", "distance": 0}
{"url": "https://www.berklee.edu/", "distance": 0}
{"url": "https://books.google.com/books?id=VI7zDwAAQBAJ&pg=PA272&lpg=PA272&dq=music&source=bl&ots=5scLpbzCDd&sig=ACfU3U0IN-C66ofFnYH8ddDrrXAbAusqRA&hl=en&sa=X&ved=2ahUKEwi24qu994HzAhUWQTABHYk2B4w45gEQ6AF6BAgDEAM", "distance": 0}
{"url": "https://www.austintexas.org/music-scene/", "distance": 0}
{"url": "https://www.msmnyc.edu/", "distance": 0}
{"url": "https://www.jwpepper.com/sheet-music/welcome.jsp", "distance": 0}
{"url": "https://www.fox19.com/2021/09/15/slain-college-hill-teens-music-will-be-his-legacy-father-says/", "distance": 0}
{"url": "https://cdbaby.com/", "distance": 0}
{"url": "https://www.unr.edu/counseling/virtual-relaxation-room/releasing-stress-through-the-power-of-music", "distance": 0}
{"url": "https://www.twitch.tv/directory/game/Music", "distance": 0}
{"url": "https://www.complex.com/music/", "distance": 0}
{"url": "https://schoolofmusic.ucla.edu/", "distance": 0}
{"url": "https://www.foxnews.com/category/entertainment/music", "distance": 0}
{"url": "https://www.healthline.com/health/benefits-of-music", "distance": 0}
{"url": "https://americanamusic.org/", "distance": 0}
{"url": "https://www.hopkinsmedicine.org/health/wellness-and-prevention/keep-your-brain-young-with-music", "distance": 0}
{"url": "https://blog.youtube/news-and-events/youtube-music-now-lets-listeners-switch/", "distance": 0}
{"url": "https://www.copyright.gov/music-modernization/", "distance": 0}
{"url": "https://www.pandora.com/", "distance": 0}
{"url": "https://www.cde.state.co.us/coarts/2020cas-mu-p12", "distance": 0}
{"url": "https://www.musicradar.com/", "distance": 0}
{"url": "https://www.reuters.com/business/media-telecom/universal-list-music-streaming-picks-up-2021-09-14/", "distance": 0}
{"url": "https://www.sonymusic.com/", "distance": 0}
{"url": "https://www.musicgateway.com/", "distance": 0}
{"url": "https://www.louisianatravel.com/music", "distance": 0}
{"url": "https://www.buzzfeed.com/music", "distance": 0}
{"url": "https://news.siu.edu/2021/09/091521-Wander-Down-Music-Festival-2021-is-canceled.php", "distance": 0}
{"url": "https://musicchoice.com/", "distance": 0}
{"url": "https://www.sonos.com/", "distance": 0}
{"url": "https://www.imdb.com/title/tt7541720/", "distance": 0}
{"url": "https://www.cbsnews.com/news/mtv-video-music-awards-vma-winners-nominees-list/", "distance": 0}
{"url": "https://apnews.com/hub/music", "distance": 0}
{"url": "https://www.nytimes.com/section/arts/music", "distance": 0}
{"url": "https://www.cincinnatiarts.org/music-hall", "distance": 0}
{"url": "https://www.musicnotes.com/", "distance": 0}
{"url": "https://meritmusic.org/", "distance": 0}
{"url": "https://www.nme.com/", "distance": 0}
{"url": "https://www.loc.gov/collections/?fa=partof:music+division", "distance": 0}
{"url": "https://abcnews.go.com/US/orleans-jazz-community-weathers-crisis-crisis-music-uplifts/story?id=79745884", "distance": 0}
{"url": "https://library.unc.edu/music/", "distance": 0}
{"url": "https://www.isbe.net/Documents/Music-Standards.pdf", "distance": 0}
{"url": "https://www.esm.rochester.edu/", "distance": 0}
{"url": "https://www.smartmusic.com/", "distance": 0}
{"url": "https://music.depaul.edu/Pages/default.aspx", "distance": 0}
{"url": "https://www.wau.edu/academics/undergraduate-programs/old-music-site/music-performing-organizations/", "distance": 0}
{"url": "https://www.washingtonpost.com/goingoutguide/music/", "distance": 0}
{"url": "https://www.allmusic.com/", "distance": 0}
{"url": "http://www.aspenmusicfestival.com/", "distance": 0}
{"url": "https://www.mcgill.ca/music/", "distance": 0}
{"url": "https://www.merriam-webster.com/dictionary/music", "distance": 0}
{"url": "https://en.wikipedia.org/wiki/Music", "distance": 0}
{"url": "https://www.accuradio.com/", "distance": 0}
{"url": "https://www.musicacademy.org/", "distance": 0}
{"url": "https://theconversation.com/us/topics/music-12", "distance": 0}
{"url": "https://longy.edu/", "distance": 0}
{"url": "https://www.jstor.org/subject/music", "distance": 0}
{"url": "https://www.ampermusic.com/", "distance": 0}
{"url": "https://www.colorado.edu/music/", "distance": 0}
{"url": "https://enews.wvu.edu/articles/2021/09/15/community-music-program-opens-fall-enrollment", "distance": 0}
{"url": "https://twitter.com/music?lang=en", "distance": 0}
{"url": "https://www.dolby.com/music/", "distance": 0}
{"url": "https://www.musiccenter.org/tmc-offstage/", "distance": 0}
{"url": "https://www.hoopladigital.com/browse/music/popular?page=1", "distance": 0}
{"url": "https://consequence.net/category/music/", "distance": 0}
{"url": "https://www.medicalnewstoday.com/articles/302903", "distance": 0}
{"url": "https://www.billboard.com/", "distance": 0}
{"url": "https://www.msn.com/en-us/music", "distance": 0}
{"url": "https://www.deezer.com/en/", "distance": 0}
{"url": "https://books.google.com/books?id=YL4cEAAAQBAJ&pg=PA3&lpg=PA3&dq=music&source=bl&ots=iRuddc-2Zs&sig=ACfU3U2BDfR4R_ZU4SmmuoF6a7weuJhCoQ&hl=en&sa=X&ved=2ahUKEwi24qu994HzAhUWQTABHYk2B4w45gEQ6AF6BAgFEAM", "distance": 0}
{"url": "https://themusicclass.com/", "distance": 0}
{"url": "https://play.google.com/store/apps/details?id=com.google.android.apps.youtube.music&hl=en_US&gl=US", "distance": 0}
{"url": "https://www.montgomeryadvertiser.com/story/entertainment/2021/09/15/hank-williams-98th-birthday-casual-weekend-music-planned-museum/8345361002/", "distance": 0}
{"url": "https://www.musicarts.com/", "distance": 0}
{"url": "https://musicbiz.org/", "distance": 0}
{"url": "http://catalog.allegheny.edu/preview_program.php?catoid=34&poid=3232&returnto=830", "distance": 0}
{"url": "https://www.yahoo.com/entertainment/music/", "distance": 0}
{"url": "https://www.musictherapy.org/about/musictherapy/", "distance": 0}
{"url": "https://music.olemiss.edu/", "distance": 0}
{"url": "https://www.cnn.com/2021/09/13/entertainment/gallery/mtv-vmas-2021/index.html", "distance": 0}
{"url": "https://countrymusichalloffame.org/", "distance": 0}
{"url": "https://voyager.jpl.nasa.gov/golden-record/whats-on-the-record/music/", "distance": 0}
{"url": "https://www.music.org/", "distance": 0}
{"url": "https://www.musictogether.com/", "distance": 0}
{"url": "https://artsandculture.google.com/experiment/paint-with-music/YAGuJyDB-XbbWg?hl=en", "distance": 0}
{"url": "http://catalog.apsu.edu/preview_program.php?catoid=41&poid=9950", "distance": 0}
{"url": "https://www.pastemagazine.com/music", "distance": 0}
{"url": "https://fox17.com/news/local/country-singer-says-stolen-trailer-carrying-music-equipment-has-been-found-adam-doleac-nashville-metro-police-crime-tennessee", "distance": 0}
{"url": "https://www.theoaklandpress.com/2021/09/15/music-rob-zombie-alan-jackson-megadeth-judas-priest-2xl", "distance": 0}
{"url": "https://www.mixonline.com/recording/profiles/danny-elfman-making-music-part-2-moving-to-film", "distance": 0}
{"url": "https://www.depauw.edu/music/", "distance": 0}
{"url": "https://www.fox5atlanta.com/news/imagine-music-festival-2021-canceled-by-severe-weather-concerns-from-hurricane-nicholas", "distance": 0}
{"url": "https://www.visitmusiccity.com/explore-nashville/music-and-entertainment/story-music-city", "distance": 0}
{"url": "https://www.michigan.gov/documents/mde/VPAA_Standards_Accessible_Final_599577_7.pdf", "distance": 0}
{"url": "https://www.makemusicday.org/", "distance": 0}
{"url": "https://tidal.com/", "distance": 0}
{"url": "https://www.mtv.com/music", "distance": 0}
{"url": "https://books.google.com/books?id=7JZQAAAAYAAJ&pg=RA24-PA197&lpg=RA24-PA197&dq=music&source=bl&ots=8Mon6R_TNf&sig=ACfU3U2teh3ya1BXLuF0OCkHXYQZgl5ZTQ&hl=en&sa=X&ved=2ahUKEwi24qu994HzAhUWQTABHYk2B4w45gEQ6AF6BAgCEAM", "distance": 0}
{"url": "https://musiclab.chromeexperiments.com/", "distance": 0}
{"url": "https://wvmetronews.com/2021/09/15/preston-county-prepares-for-large-music-festival/", "distance": 0}
{"url": "https://www.theverge.com/22672704/olivia-rodrigo-switched-on-pop-charlie-harding-music-copyright", "distance": 0}
{"url": "https://www.musicforall.org/", "distance": 0}
{"url": "https://books.google.com/books?id=FYMYDAAAQBAJ&pg=PA2&lpg=PA2&dq=music&source=bl&ots=NNCABfObr9&sig=ACfU3U2jpKkXUqu0zTT3VWyrCu6c2dWhYg&hl=en&sa=X&ved=2ahUKEwi24qu994HzAhUWQTABHYk2B4w45gEQ6AF6BAgEEAM", "distance": 0}
{"url": "https://ew.com/music/", "distance": 0}
{"url": "https://www.reddit.com/r/Music/", "distance": 0}
{"url": "https://www.imaginefestival.com/", "distance": 0}
{"url": "https://www.classical-music.com/", "distance": 0}
{"url": "https://www.musicweek.com/", "distance": 0}
{"url": "https://www.wpr.org/how-philadelphia-artists-are-celebrating-citys-black-music-legacy", "distance": 0}
{"url": "https://www.macombdaily.com/2021/09/15/music-rob-zombie-alan-jackson-megadeth-judas-priest-2xl/", "distance": 0}
{"url": "https://www.tunecore.com/", "distance": 0}
{"url": "https://www.phillipscollection.org/music", "distance": 0}
{"url": "https://www.frontiersin.org/articles/10.3389/fsoc.2017.00008/full", "distance": 0}
{"url": "https://blockclubchicago.org/2021/09/15/lincoln-square-community-raising-20000-for-amundsen-music-students/", "distance": 0}
{"url": "https://www.hindustantimes.com/entertainment/music", "distance": 0}
{"url": "https://music.stanford.edu/", "distance": 0}
{"url": "http://catalog.apsu.edu/preview_program.php?catoid=36&poid=8648", "distance": 0}
{"url": "https://blog.youtube/news-and-events/youtube-music-will-replace-google-play-music-end-2020/", "distance": 0}
{"url": "https://www.audacy.com/music", "distance": 0}
{"url": "https://freeplaymusic.com/", "distance": 0}
{"url": "https://www.youtube.com/channel/UC-9-kyTW8ZkZNDHQJ6FgpwQ", "distance": 0}
{"url": "https://www.stltoday.com/entertainment/subscriber/7-takeaways-from-inaugural-music-at-the-intersection-festival/article_9fa2b678-c74c-5f2e-a466-580982a55acf.html", "distance": 0}
{"url": "https://music.yale.edu/", "distance": 0}
{"url": "https://gov.texas.gov/news/post/governor-abbott-announces-port-aransas-designated-as-music-friendly-community", "distance": 0}
{"url": "https://support.google.com/youtube/answer/7680188?hl=en", "distance": 0}
{"url": "https://sfcm.edu/", "distance": 0}
{"url": "https://www.valpo.edu/music/", "distance": 0}
{"url": "https://www.spotify.com/us/", "distance": 0}
{"url": "https://music.usc.edu/", "distance": 0}
{"url": "https://www.oxfordmusiconline.com/", "distance": 0}
{"url": "https://www.bls.gov/ooh/entertainment-and-sports/music-directors-and-composers.htm", "distance": 0}
{"url": "https://www.universalmusic.com/", "distance": 0}
{"url": "https://www.dictionary.com/browse/music", "distance": 0}
{"url": "https://www.udemy.com/courses/music/", "distance": 0}
{"url": "https://buy.garmin.com/en-US/US/p/707225", "distance": 0}
{"url": "https://music.berkeley.edu/", "distance": 0}
{"url": "https://www.instagram.com/applemusic/?hl=en", "distance": 0}
{"url": "https://musicandmemory.org/", "distance": 0}
{"url": "https://music.amazon.com/", "distance": 0}
{"url": "https://www.dailybreeze.com/2021/09/15/the-old-town-music-halls-mighty-organ-is-making-music-again-in-el-segundo", "distance": 0}
{"url": "https://www.musichealthalliance.com/", "distance": 0}
{"url": "https://www.themorgan.org/music", "distance": 0}
{"url": "https://pilgrimagefestival.com/", "distance": 0}
{"url": "https://www.musicxray.com/", "distance": 0}
{"url": "https://books.google.com/books?id=iKxGAQAAMAAJ&pg=RA1-PA16&lpg=RA1-PA16&dq=music&source=bl&ots=Tb_E3kN1NM&sig=ACfU3U0x7-r8_1D8sSi2TVcHBrgPcV1rqQ&hl=en&sa=X&ved=2ahUKEwi24qu994HzAhUWQTABHYk2B4w45gEQ6AF6BAgGEAM", "distance": 0}
{"url": "https://www.juilliard.edu/", "distance": 0}
{"url": "https://www.fayettevilleflyer.com/2020/03/13/updates-impact-of-coronavirus-on-local-community/", "distance": "1"}
{"url": "https://twitter.com/fayflyer", "distance": "1"}
{"url": "https://www.fayettevilleflyer.com/sponsors", "distance": "1"}
{"url": "https://www.fayettevilleflyer.com/sponsors/", "distance": "1"}
{"url": "https://twitter.com/fayflyer/lists/flyer-sponsors?ref_src=twsrc%5Etfw", "distance": "1"}
{"url": "https://facebook.com/fayflyer", "distance": "1"}
{"url": "https://twitter.com/fayflyer", "distance": "1"}
{"url": "https://instagram.com/fayflyer", "distance": "1"}
{"url": "https://flickr.com/photos/fayettevilleflyer", "distance": "1"}
{"url": "https://pinterest.com/fvilleflyer/", "distance": "1"}
{"url": "https://www.fayettevilleflyer.com/feed/", "distance": "1"}
{"url": "https://www.kristv.com/news", "distance": "1"}
{"url": "https://www.kristv.com/weather", "distance": "1"}
{"url": "https://www.kristv.com/were-here", "distance": "1"}
{"url": "https://www.kristv.com/traffic", "distance": "1"}
{"url": "https://www.kristv.com/sports", "distance": "1"}
{"url": "https://www.kristv.com/community", "distance": "1"}
{"url": "https://www.kristv.com/video", "distance": "1"}
{"url": "https://www.kristv.com/entertainment", "distance": "1"}
{"url": "https://www.kristv.com/about-us", "distance": "1"}
{"url": "https://scripps.wd5.myworkdayjobs.com/Scripps_Careers", "distance": "1"}
{"url": "https://www.kristv.com/news/coronavirus", "distance": "1"}
{"url": "https://www.kristv.com/weather", "distance": "1"}
{"url": "https://www.kristv.com/weather/hurricane-center", "distance": "1"}
{"url": "https://www.kristv.com/weather/keep-track-of-current-beach-conditions-across-the-coastal-bend-here", "distance": "1"}
{"url": "https://www.kristv.com/news/local-news", "distance": "1"}
{"url": "https://www.kristv.com/contests", "distance": "1"}
{"url": "https://www.kristv.com/news", "distance": "1"}
{"url": "https://www.kristv.com/news/local-news", "distance": "1"}
{"url": "https://www.kristv.com/alyssa-flores", "distance": "1"}
{"url": "https://www.kristv.com/rebound/state-of-education?utm_source=website&utm_medium=local-promo-right-rail&utm_campaign=keeping-you-safe", "distance": "1"}
{"url": "https://www.kristv.com/news", "distance": "1"}
{"url": "https://www.kristv.com/weather", "distance": "1"}
{"url": "https://www.kristv.com/sports", "distance": "1"}
{"url": "https://www.kristv.com/community", "distance": "1"}
{"url": "https://www.dontwasteyourmoney.com/", "distance": "1"}
{"url": "http://support.kristv.com", "distance": "1"}
{"url": "https://www.kristv.com/privacy-policy", "distance": "1"}
{"url": "https://assets.scrippsdigital.com/docs/journalism-ethics-guidelines.pdf ", "distance": "1"}
{"url": "https://www.kristv.com/terms-of-use", "distance": "1"}
{"url": "https://www.kristv.com/eeo", "distance": "1"}
{"url": "https://scripps.com/careers/find-a-job/ ", "distance": "1"}
{"url": "https://publicfiles.fcc.gov/tv-profile/kris", "distance": "1"}
{"url": "https://www.kristv.com/fcc-application", "distance": "1"}
{"url": "https://www.kristv.com/public-file-contact-us", "distance": "1"}
{"url": "https://www.kristv.com/accessibility-statement", "distance": "1"}
{"url": "https://scripps.com/our-brands/local-media/", "distance": "1"}
{"url": "http://www.twitter.com/AMAs", "distance": "1"}
{"url": "http://www.facebook.com/AMAs", "distance": "1"}
{"url": "http://www.youtube.com/theamas", "distance": "1"}
{"url": "http://www.instagram.com/amas", "distance": "1"}
{"url": "https://www.theamas.com/2021/07/jesse-collins-named-showrunner-exec-producer-of-2021-amas/", "distance": "1"}
{"url": "https://www.theamas.com/2020/11/winners-announced-for-the-2020-amas/", "distance": "1"}
{"url": "https://www.theamas.com/2020/11/bebe-rexha-the-weeknd-more-set-to-perform-at-2020-amas/", "distance": "1"}
{"url": "https://www.theamas.com/2020/11/justin-bieber-teams-up-with-t-mobile-for-amas-performance/", "distance": "1"}
{"url": "https://www.theamas.com/2020/11/bell-biv-devoe-and-nelly-to-thrill-fans-on-amas-stage/", "distance": "1"}
{"url": "https://www.theamas.com/2020/11/katy-perry-returns-to-the-amas-stage-with-world-premiere/", "distance": "1"}
{"url": "https://www.mrcentertainment.com/", "distance": "1"}
{"url": "https://www.mrcentertainment.com/", "distance": "1"}
{"url": "https://www.facebook.com/dialog/share?app_id=214344422473170&display=popup&href=https://www.wgrz.com/article/life/people/good-neighbors/good-neighbors-former-students-raise-money-for-wheelchair-van-for-music-teacher/71-1aaa20ca-a17c-41dd-b45a-f2385b9462a1&redirect_uri=https://www.wgrz.com/article/life/people/good-neighbors/good-neighbors-former-students-raise-money-for-wheelchair-van-for-music-teacher/71-1aaa20ca-a17c-41dd-b45a-f2385b9462a1", "distance": "1"}
{"url": "https://twitter.com/intent/tweet?text=Good%20Neighbors:%20Former%20students%20raise%20money%20for%20wheelchair%20van%20for%20music%20teacher&url=https://www.wgrz.com/article/life/people/good-neighbors/good-neighbors-former-students-raise-money-for-wheelchair-van-for-music-teacher/71-1aaa20ca-a17c-41dd-b45a-f2385b9462a1&via=WGRZ", "distance": "1"}
{"url": "https://www.ascapfoundation.org/", "distance": "1"}
{"url": "https://facebook.com/ascap", "distance": "1"}
{"url": "https://twitter.com/ascap", "distance": "1"}
{"url": "https://instagram.com/ascap", "distance": "1"}
{"url": "http://www.ascapexperience.com/?utm_source=ascap_website&utm_medium=module&utm_campaign=experience2021&utm_content=homepage_feat_artist", "distance": "1"}
{"url": "https://youtu.be/-M9p8Zy0knk", "distance": "1"}
{"url": "http://www.ascap.com/musicunitesus", "distance": "1"}
{"url": "https://www.ascap.com/about-us/annual-report-2020?utm_source=ascap_homepage&utm_medium=module&utm_campaign=annualreport&utm_content=", "distance": "1"}
{"url": "https://www.bmiresource.center/", "distance": "1"}
{"url": "https://www.facebook.com/broadcastmusicinc", "distance": "1"}
{"url": "https://www.twitter.com/bmi", "distance": "1"}
{"url": "https://www.youtube.com/user/bmivideo", "distance": "1"}
{"url": "https://www.instagram.com/bmi", "distance": "1"}
{"url": "https://www.linkedin.com/company/11104?trk=tyah", "distance": "1"}
{"url": "https://www.facebook.com/broadcastmusicinc", "distance": "1"}
{"url": "https://www.twitter.com/bmi", "distance": "1"}
{"url": "https://www.instagram.com/bmi", "distance": "1"}
{"url": "https://play.spotify.com/user/bmiofficial", "distance": "1"}
{"url": "https://www.youtube.com/bmivideo", "distance": "1"}
{"url": "http://feeds.bmi.com/bmicom", "distance": "1"}
{"url": "https://www.facebook.com/broadcastmusicinc", "distance": "1"}
{"url": "https://www.twitter.com/bmi", "distance": "1"}
{"url": "https://www.instagram.com/bmi", "distance": "1"}
{"url": "https://play.spotify.com/user/bmiofficial", "distance": "1"}
{"url": "https://www.youtube.com/bmivideo", "distance": "1"}
{"url": "http://feeds.bmi.com/bmicom", "distance": "1"}
{"url": "https://bmusic.force.com", "distance": "1"}
{"url": "https://www.bbc.co.uk", "distance": "1"}
{"url": "https://account.bbc.com/account", "distance": "1"}
{"url": "https://search.bbc.co.uk/search", "distance": "1"}
{"url": "https://www.facebook.com/sleepfoundationorg", "distance": "1"}
{"url": "https://twitter.com/sleepfoundorg", "distance": "1"}
{"url": "https://www.youtube.com/channel/UCUJR_p_OYh6NYMMTmF-IGIg", "distance": "1"}
{"url": "https://www.instagram.com/sleepfoundationorg/", "distance": "1"}
{"url": "https://www.onecare.com/", "distance": "1"}
{"url": "https://www.uab.edu/home", "distance": "1"}
{"url": "https://go.uab.edu/dj4er", "distance": "1"}
{"url": "https://uab.edu/students/admissions/why-uab", "distance": "1"}
{"url": "http://www.musicallychina.com/", "distance": "1"}
{"url": "https://www.musically.jp/", "distance": "1"}
{"url": "https://musically.com/learn/", "distance": "1"}
{"url": "https://musically.com/musically_events/", "distance": "1"}
{"url": "https://musically.com/marketing-services/", "distance": "1"}
{"url": "https://musically.com/news/", "distance": "1"}
{"url": "https://musically.com/insight/", "distance": "1"}
{"url": "https://musically.com/subscribe/", "distance": "1"}
{"url": "https://musically.com/the-knowledge/", "distance": "1"}
{"url": "https://musically.com/news/", "distance": "1"}
{"url": "https://musically.com/2021/09/15/tiktok-regulatory-irish-inquiries/", "distance": "1"}
{"url": "https://musically.com/musically_events/", "distance": "1"}
{"url": "https://musically.com/musically_events/music-ally-china-digital-summit-21/", "distance": "1"}
{"url": "https://musically.com/subscribe/", "distance": "1"}
{"url": "https://www.aubergine262.com/", "distance": "1"}
{"url": "https://www.azcardinals.com/tickets", "distance": "1"}
{"url": "https://www.azcardinals.com", "distance": "1"}
{"url": "https://www.azcardinals.com", "distance": "1"}
{"url": "https://application.cim.edu/register/?id=df75e69e-4e33-40e8-8924-29dd062ca2c7", "distance": "1"}
{"url": "https://application.cim.edu/portal/cim_tour", "distance": "1"}
{"url": "https://www.cim.edu/return-to-campus", "distance": "1"}
{"url": "https://livestream.com/cimmixonhall", "distance": "1"}
{"url": "https://livestream.com/cimkulashall", "distance": "1"}
{"url": "https://visitor.r20.constantcontact.com/manage/optin?v=001ilHvYJhSOXhYfn_fXRSUNWsT5qLz7hqgpKJ23dgYg3sHvcSMNncTJ55PEgJ2l-zBebgOr0nBEX5qtyYM_bIucMeYg7D36GUee1yswf6YNoQjX1_umxzVI3_ODbAbKwENsU9a0TZRJxESyXcsLxV4ZBv8h6IDY7h1", "distance": "1"}
{"url": "https://www.facebook.com/CurtisInstitute/", "distance": "1"}
{"url": "https://www.youtube.com/channel/UC5SZkTtx8UgwU_0Ot6qRTTA", "distance": "1"}
{"url": "https://www.instagram.com/curtisinstitute/", "distance": "1"}
{"url": "https://twitter.com/CurtisInstitute", "distance": "1"}
{"url": "https://goo.gl/maps/UTDi9b6fQsr", "distance": "1"}
{"url": "https://www.facebook.com/CurtisInstitute/", "distance": "1"}
{"url": "https://www.youtube.com/channel/UC5SZkTtx8UgwU_0Ot6qRTTA", "distance": "1"}
{"url": "https://www.instagram.com/curtisinstitute/", "distance": "1"}
{"url": "https://twitter.com/CurtisInstitute", "distance": "1"}
{"url": "https://offers.usatoday.com/topdropdownnav", "distance": "1"}
{"url": "https://login.usatoday.com/USAT-GUP/authenticate/?success-url=https%3A//www.usatoday.com/entertainment/music/&cancel-url=https%3A//www.usatoday.com/entertainment/music/", "distance": "1"}
{"url": "https://cm.usatoday.com/account-activation/", "distance": "1"}
{"url": "https://login.usatoday.com", "distance": "1"}
{"url": "https://www.facebook.com/DetroitNews", "distance": "1"}
{"url": "https://twitter.com/detroitnews", "distance": "1"}
{"url": "http://instagram.com/DetroitNews", "distance": "1"}
{"url": "http://www.pinterest.com/detroitnews/", "distance": "1"}
{"url": "http://academic.eb.com", "distance": "1"}
{"url": "https://www.facebook.com/BRITANNICA/", "distance": "1"}
{"url": "https://twitter.com/britannica", "distance": "1"}
{"url": "http://corporate.britannica.com/publishing-partner-program/", "distance": "1"}
{"url": "https://cdn.britannica.com/33/149833-050-3630B62C/hands-piano-keys.jpg", "distance": "1"}
{"url": "https://cdn.britannica.com/57/199157-050-1AB128C3/street-musicians-Cuban-music.jpg", "distance": "1"}
{"url": "https://cdn.britannica.com/67/196867-050-CC934CD8/Man-Indian-instrument.jpg", "distance": "1"}
{"url": "https://cdn.britannica.com/90/160390-050-14CBA54B/Musician-erhu-Chinese-fiddle-2008-Moon-Festival-2008.jpg", "distance": "1"}
{"url": "https://cdn.britannica.com/28/197128-050-737DF894/Dancers-clothing-celebration-island-Easter-Crete-Greece.jpg", "distance": "1"}
{"url": "https://cdn.britannica.com/38/3538-004-0EC22906/Plato-Roman-original-Greek-Staatliche-Museen-Berlin.jpg", "distance": "1"}
{"url": "https://cdn.britannica.com/98/95798-050-9C2A1186/Philosophy-Boethius-oil-canvas-Mattia-Preti.jpg", "distance": "1"}
{"url": "https://cdn.britannica.com/97/115497-050-7D8CC20E/Portrait-oil-panel-Martin-Luther-Lucas-Cranach.jpg", "distance": "1"}
{"url": "https://cdn.britannica.com/04/1904-004-D1A961F7/Johannes-Kepler-oil-painting-artist-Strasbourg-cathedral.jpg", "distance": "1"}
{"url": "https://cdn.britannica.com/29/51029-004-21FCAAB9/Immanuel-Kant-pencil-portrait-Hans-Veit-Schnoor.jpg", "distance": "1"}
{"url": "https://pbskids.org", "distance": "1"}
{"url": "https://pbskids.org/daniel/", "distance": "1"}
{"url": "http://www.fredrogers.org/", "distance": "1"}
{"url": "https://pbskids.org/privacy/", "distance": "1"}
{"url": "https://www.cbc.ca/radio/asithappens/as-it-happens-the-monday-edition-1.6158305/reggae-icon-lee-scratch-perry-was-a-genius-in-the-true-sense-of-the-word-says-max-romeo-1.6158433", "distance": "1"}
{"url": "https://www.cbc.ca/musicpromocurrent", "distance": "1"}
{"url": "https://www.cbc.ca/listen", "distance": "1"}
{"url": "https://www.cbc.ca/music/searchlight", "distance": "1"}
{"url": "http://www.facebook.com/BAMstage", "distance": "1"}
{"url": "http://twitter.com/BAM_Brooklyn", "distance": "1"}
{"url": "http://instagram.com/bam_brooklyn", "distance": "1"}
{"url": "http://www.youtube.com/bamorg", "distance": "1"}
{"url": "https://tms.apa.org", "distance": "1"}
{"url": "https://www.apa.org/members/your-membership/join", "distance": "1"}
{"url": "http://www.psyccareers.com", "distance": "1"}
{"url": "https://www.apa.org/renew", "distance": "1"}
{"url": "https://www.accreditation.apa.org/accredited-programs", "distance": "1"}
{"url": "https://apastyle.apa.org", "distance": "1"}
{"url": "https://advertising.apa.org", "distance": "1"}
{"url": "https://www.google.com/intl/en/about/products?tab=ph", "distance": "1"}
{"url": "https://www.google.com/accounts/Login?service=print&continue=https://books.google.com/books%3Fid%3DVpZ3mM5wuxIC%26pg%3DPA85%26lpg%3DPA85%26dq%3Dmusic%26source%3Dbl%26ots%3DIRj7g_s3A_%26sig%3DACfU3U1clO7PNXV_0ugp14INbIjR0unObg%26hl%3Den%26sa%3DX&hl=en&ec=GAZACg", "distance": "1"}
{"url": "https://books.google.com/?hl=en&tab=pp", "distance": "1"}
{"url": "https://books.google.com/books?id=VpZ3mM5wuxIC&pg=PA85&lpg=PA85&dq=music&source=bl&ots=IRj7g_s3A_&sig=ACfU3U1clO7PNXV_0ugp14INbIjR0unObg&hl=en&sa=X&output=html_text", "distance": "1"}
{"url": "https://www.google.com/accounts/Login?service=print&continue=https://books.google.com/books%3Fop%3Dlookup%26id%3DVpZ3mM5wuxIC%26continue%3Dhttps://books.google.com/books%253Fid%253DVpZ3mM5wuxIC%2526pg%253DPA85%2526lpg%253DPA85%2526dq%253Dmusic%2526source%253Dbl%2526ots%253DIRj7g_s3A_%2526sig%253DACfU3U1clO7PNXV_0ugp14INbIjR0unObg%2526hl%253Den%2526sa%253DX&hl=en", "distance": "1"}
{"url": "https://books.google.com/books?id=VpZ3mM5wuxIC&printsec=frontcover&source=gbs_vpt_read", "distance": "1"}
{"url": "https://www.google.com/books/edition/_/VpZ3mM5wuxIC?hl=en&newbks=1&gbpv=1&dq=music&pg=PA85&printsec=frontcover", "distance": "1"}
{"url": "https://books.google.com/books?id=VpZ3mM5wuxIC&sitesec=buy&source=gbs_vpt_read", "distance": "1"}
{"url": "https://books.google.com/books?id=VpZ3mM5wuxIC&printsec=frontcover", "distance": "1"}
{"url": "https://books.google.com/books?id=VpZ3mM5wuxIC&dq=music&sitesec=reviews", "distance": "1"}
{"url": "https://www.google.com/accounts/Login?service=print&continue=https://books.google.com/books%3Fop%3Dlookup%26id%3DVpZ3mM5wuxIC%26continue%3Dhttps://books.google.com/books%253Fid%253DVpZ3mM5wuxIC%2526pg%253DPA85%2526lpg%253DPA85%2526dq%253Dmusic%2526source%253Dbl%2526ots%253DIRj7g_s3A_%2526sig%253DACfU3U1clO7PNXV_0ugp14INbIjR0unObg%2526hl%253Den%2526sa%253DX&hl=en", "distance": "1"}
{"url": "https://play.google.com/store/books/category/coll_1673", "distance": "1"}
{"url": "https://books.google.com/books?id=VpZ3mM5wuxIC&pg=PA86&lpg=PA85&ots=IRj7g_s3A_&focus=viewport&dq=music", "distance": "1"}
{"url": "https://www.uc.edu", "distance": "1"}
{"url": "https://ccm.uc.edu/admissions-and-aid.html", "distance": "1"}
{"url": "https://ccm.uc.edu/admissions-and-aid/campus-visit.html", "distance": "1"}
{"url": "https://ccm.uc.edu/onstage.html", "distance": "1"}
{"url": "https://ccm.uc.edu/alumni-giving-support/support.html", "distance": "1"}
{"url": "https://www.uc.edu/news/articles/2021/08/ccms-streaming-series-debuts-essentially-ellington-gala-concert.html", "distance": "1"}
{"url": "https://ccm.uc.edu/overview/videos.html", "distance": "1"}
{"url": "https://ccm.uc.edu/campaigns/school-stage-screen.html", "distance": "1"}
{"url": "https://www.uc.edu/news/articles/2021/08/ccm-shares-calendar-of-free-and-ticketed-events.html", "distance": "1"}
{"url": "https://www.uc.edu/publichealth", "distance": "1"}
{"url": "https://ccm.uc.edu/equity-inclusion.html", "distance": "1"}
{"url": "https://ccm.uc.edu/onstage", "distance": "1"}
{"url": "https://ccm.uc.edu/overview/why-cincinnati", "distance": "1"}
{"url": "https://ccm.uc.edu/overview/facilities", "distance": "1"}
{"url": "https://www.uc.edu/news/search/_jcr_content.rss?12_group.tagid.0_value=colleges%253accm&12_group.tagid.or=true&12_group.tagid.property=jcr%253acontent%252fcq%253atags&2_group.2_property=jcr%253acontent%252fhideInNav&2_group.2_property.value=true&2_group.p.not=true&3_group.2_relativedaterange.lowerBound=0&3_group.2_relativedaterange.property=jcr%253acontent%252fonTime&3_group.p.not=true&4_group.2_relativedaterange.property=jcr%253acontent%252foffTime&4_group.2_relativedaterange.upperBound=0&4_group.p.not=true&5_group.1_property=jcr%253acontent%252fisEmergency&5_group.1_property.value=true&5_group.p.not=true&7_daterange.lowerBound=0&7_daterange.lowerOperation=%253e%253d&7_daterange.property=jcr%253acontent%252fdispDate&7_daterange.upperBound=1631741696378&7_daterange.upperOperation=%253c%253d&8_group.p.not=true&8_group.tagid.0_value=content_types%253aannouncement&8_group.tagid.or=true&8_group.tagid.property=jcr%253acontent%252fcq%253atags&orderby=%2540jcr%253acontent%252fdispDate&orderby.sort=desc&p.limit=3&p.offset=0&path=%252fcontent%252fuc%252fnews%252farticles&property=jcr%253acontent%252fsling%253aresourceType&property.operation=like&property.value=%2525storyTemplates%2525&type=cq%253aPage", "distance": "1"}
{"url": "https://www.uc.edu/news/colleges/ccm.html", "distance": "1"}
{"url": "https://www.bensound.com/royalty-free-music/2", "distance": "1"}
{"url": "https://www.bensound.com/royalty-free-music/3", "distance": "1"}
{"url": "https://www.bensound.com/royalty-free-music/4", "distance": "1"}
{"url": "https://www.bensound.com/royalty-free-music/5", "distance": "1"}
{"url": "https://www.bensound.com/royalty-free-music/6", "distance": "1"}
{"url": "https://www.bensound.com/royalty-free-music/7", "distance": "1"}
{"url": "https://www.bensound.com/royalty-free-music/8", "distance": "1"}
{"url": "https://www.bensound.com/royalty-free-music/9", "distance": "1"}
{"url": "https://www.bensound.com/royalty-free-music/10", "distance": "1"}
{"url": "https://www.bensound.com/royalty-free-music/11", "distance": "1"}
{"url": "https://www.bensound.com/royalty-free-music/2", "distance": "1"}
{"url": "https://www.bensound.com/royalty-free-music/track/ukulele", "distance": "1"}
{"url": "https://www.bensound.com/royalty-free-music/track/ukulele", "distance": "1"}
{"url": "https://www.bensound.com/royalty-free-music/track/ukulele", "distance": "1"}
{"url": "https://www.bensound.com/royalty-free-music/track/creative-minds", "distance": "1"}
{"url": "https://www.bensound.com/royalty-free-music/track/creative-minds", "distance": "1"}
{"url": "https://www.bensound.com/royalty-free-music/track/creative-minds", "distance": "1"}
{"url": "https://www.bensound.com/royalty-free-music/track/a-new-beginning", "distance": "1"}
{"url": "https://www.bensound.com/royalty-free-music/track/a-new-beginning", "distance": "1"}
{"url": "https://www.bensound.com/royalty-free-music/track/a-new-beginning", "distance": "1"}
{"url": "https://www.bensound.com/royalty-free-music/track/little-idea", "distance": "1"}
{"url": "https://www.bensound.com/royalty-free-music/track/little-idea", "distance": "1"}
{"url": "https://www.bensound.com/royalty-free-music/track/little-idea", "distance": "1"}
{"url": "https://www.bensound.com/royalty-free-music/track/jazzy-frenchy", "distance": "1"}
{"url": "https://www.bensound.com/royalty-free-music/track/jazzy-frenchy", "distance": "1"}
{"url": "https://www.bensound.com/royalty-free-music/track/jazzy-frenchy", "distance": "1"}
{"url": "https://www.bensound.com/royalty-free-music/track/happy-rock", "distance": "1"}
{"url": "https://www.bensound.com/royalty-free-music/track/happy-rock", "distance": "1"}
{"url": "https://www.bensound.com/royalty-free-music/track/happy-rock", "distance": "1"}
{"url": "https://www.bensound.com/royalty-free-music/track/hey-happy-cheerful", "distance": "1"}
{"url": "https://www.bensound.com/royalty-free-music/track/hey-happy-cheerful", "distance": "1"}
{"url": "https://www.bensound.com/royalty-free-music/track/hey-happy-cheerful", "distance": "1"}
{"url": "https://www.bensound.com/royalty-free-music/track/cute", "distance": "1"}
{"url": "https://www.bensound.com/royalty-free-music/track/cute", "distance": "1"}
{"url": "https://www.bensound.com/royalty-free-music/track/cute", "distance": "1"}
{"url": "https://www.bensound.com/royalty-free-music/track/memories", "distance": "1"}
{"url": "https://www.bensound.com/royalty-free-music/track/memories", "distance": "1"}
{"url": "https://www.bensound.com/royalty-free-music/track/memories", "distance": "1"}
{"url": "https://www.bensound.com/royalty-free-music/track/going-higher", "distance": "1"}
{"url": "https://www.bensound.com/royalty-free-music/track/going-higher", "distance": "1"}
{"url": "https://www.bensound.com/royalty-free-music/track/going-higher", "distance": "1"}
{"url": "https://www.bensound.com/royalty-free-music/track/acoustic-breeze", "distance": "1"}
{"url": "https://www.bensound.com/royalty-free-music/track/acoustic-breeze", "distance": "1"}
{"url": "https://www.bensound.com/royalty-free-music/track/acoustic-breeze", "distance": "1"}
{"url": "https://www.bensound.com/royalty-free-music/track/buddy", "distance": "1"}
{"url": "https://www.bensound.com/royalty-free-music/track/buddy", "distance": "1"}
{"url": "https://www.bensound.com/royalty-free-music/track/buddy", "distance": "1"}
{"url": "https://www.bensound.com/royalty-free-music/2", "distance": "1"}
{"url": "https://www.bensound.com/royalty-free-music/3", "distance": "1"}
{"url": "https://www.bensound.com/royalty-free-music/4", "distance": "1"}
{"url": "https://www.bensound.com/royalty-free-music/5", "distance": "1"}
{"url": "https://www.bensound.com/royalty-free-music/6", "distance": "1"}
{"url": "https://www.bensound.com/royalty-free-music/7", "distance": "1"}
{"url": "https://www.bensound.com/royalty-free-music/8", "distance": "1"}
{"url": "https://www.bensound.com/royalty-free-music/9", "distance": "1"}
{"url": "https://www.bensound.com/royalty-free-music/10", "distance": "1"}
{"url": "https://www.bensound.com/royalty-free-music/11", "distance": "1"}
{"url": "https://www.bensound.com/royalty-free-music/2", "distance": "1"}
{"url": "https://www.latimes.com/business", "distance": "1"}
{"url": "https://www.latimes.com/california", "distance": "1"}
{"url": "https://www.latimes.com/environment", "distance": "1"}
{"url": "https://www.latimes.com/entertainment-arts", "distance": "1"}
{"url": "https://www.latimes.com/espanol/", "distance": "1"}
{"url": "https://www.latimes.com/food", "distance": "1"}
{"url": "https://www.latimes.com/homeless-housing", "distance": "1"}
{"url": "https://www.latimes.com/lifestyle/image", "distance": "1"}
{"url": "https://www.latimes.com/lifestyle", "distance": "1"}
{"url": "https://www.latimes.com/obituaries", "distance": "1"}
{"url": "https://www.latimes.com/opinion", "distance": "1"}
{"url": "https://www.latimes.com/politics", "distance": "1"}
{"url": "https://www.latimes.com/science", "distance": "1"}
{"url": "https://www.latimes.com/sports", "distance": "1"}
{"url": "https://www.latimes.com/travel", "distance": "1"}
{"url": "https://www.latimes.com/world-nation", "distance": "1"}
{"url": "https://www.latimes.com/sitemap", "distance": "1"}
{"url": "https://membership.latimes.com/newsletters/?_ga=2.251099398.1896328230.1613286933-114874840.1613286932", "distance": "1"}
{"url": "https://www.latimes.com/california/photography", "distance": "1"}
{"url": "https://www.latimes.com/podcasts", "distance": "1"}
{"url": "https://www.latimes.com/video", "distance": "1"}
{"url": "https://www.latimes.com/about", "distance": "1"}
{"url": "https://placeanad.latimes.com/", "distance": "1"}
{"url": "https://www.latimes.com/bestcovery/", "distance": "1"}
{"url": "https://www.latimes.com/brandpublishing", "distance": "1"}
{"url": "https://www.latimes.com/b2b/business-visionaries", "distance": "1"}
{"url": "https://www.latimes.com/brandpublishing/hotproperty", "distance": "1"}
{"url": "https://www.latimes.com/games", "distance": "1"}
{"url": "https://www.latimes.com/about/virtual-events", "distance": "1"}
{"url": "https://store.latimes.com/?utm_source=latimes&utm_medium=homepage&utm_campaign=homepage_nav", "distance": "1"}
{"url": "https://www.latimes.com/flyoutsubscribe", "distance": "1"}
{"url": "https://www.latimes.com/terms-of-service", "distance": "1"}
{"url": "https://www.latimes.com/privacy-policy", "distance": "1"}
{"url": "https://www.latimes.com/privacy-policy#california-notice-of-collection", "distance": "1"}
{"url": "https://membership.latimes.com/privacy-settings", "distance": "1"}
{"url": "https://www.latimes.com/", "distance": "1"}
{"url": "https://www.latimes.com/entertainment-arts/movies", "distance": "1"}
{"url": "https://www.latimes.com/entertainment-arts/tv", "distance": "1"}
{"url": "https://www.latimes.com/entertainment-arts/awards", "distance": "1"}
{"url": "https://www.latimes.com/entertainment-arts/story/2021-09-08/academy-museum-opening-guide", "distance": "1"}
{"url": "https://www.latimes.com/entertainment-arts/business", "distance": "1"}
{"url": "https://www.latimes.com/topic/arts", "distance": "1"}
{"url": "https://www.latimes.com/entertainment-arts/books", "distance": "1"}
{"url": "https://www.latimes.com/topic/theater", "distance": "1"}
{"url": "https://www.latimes.com/topic/museums", "distance": "1"}
{"url": "https://www.latimes.com/topic/hero-complex", "distance": "1"}
{"url": "https://www.latimes.com/entertainment-arts/movies", "distance": "1"}
{"url": "https://www.latimes.com/entertainment-arts/tv", "distance": "1"}
{"url": "https://www.latimes.com/entertainment-arts/awards", "distance": "1"}
{"url": "https://www.latimes.com/entertainment-arts/story/2021-09-08/academy-museum-opening-guide", "distance": "1"}
{"url": "https://www.latimes.com/entertainment-arts/business", "distance": "1"}
{"url": "https://www.latimes.com/topic/arts", "distance": "1"}
{"url": "https://www.latimes.com/entertainment-arts/books", "distance": "1"}
{"url": "https://www.latimes.com/topic/theater", "distance": "1"}
{"url": "https://www.latimes.com/topic/museums", "distance": "1"}
{"url": "https://www.latimes.com/topic/hero-complex", "distance": "1"}
{"url": "https://www.latimes.com/entertainment-arts/music/story/2021-09-15/nicki-minaj-vaccine-hesitancy-uproar-keeps-getting-wilder-and-fauci-weighs-in", "distance": "1"}
{"url": "https://www.latimes.com/entertainment-arts/movies/story/2021-09-14/alanis-morisette-hbo-jagged-documentary-statement", "distance": "1"}
{"url": "https://www.latimes.com/entertainment-arts/music/story/2021-09-13/nicki-minaj-covid-19-vaccine-met-gala", "distance": "1"}
{"url": "https://www.latimes.com/entertainment-arts/music/story/2021-09-13/mtv-video-music-awards-40th-anniversary", "distance": "1"}
{"url": "https://www.latimes.com/entertainment-arts/music/story/2021-09-13/2021-mtv-vmas-five-must-see-moments", "distance": "1"}
{"url": "https://www.latimes.com/entertainment-arts/music/story/2021-09-13/bootleg-theater-2220-arts-archives", "distance": "1"}
{"url": "https://www.latimes.com/entertainment-arts/music/story/2021-09-12/foo-fighters-shred-accept-mtv-global-icon-award-at-the-2021-vmas", "distance": "1"}
{"url": "https://www.latimes.com/entertainment-arts/music/story/2021-09-12/lil-nas-x-wins-video-of-the-year-at-the-2021-mtv-vmas-thank-you-to-the-gay-agenda", "distance": "1"}
{"url": "https://www.latimes.com/entertainment-arts/music/story/2021-09-12/olivia-rodrigo-good-4-u-2021-mtv-vmas", "distance": "1"}
{"url": "https://www.latimes.com/entertainment-arts/story/2021-09-12/britney-spears-engaged-sam-asghari", "distance": "1"}
{"url": "https://www.latimes.com/entertainment-arts/music/story/2021-09-12/doja-cat-mtv-vmas-host", "distance": "1"}
{"url": "https://www.latimes.com/entertainment-arts/story/2021-09-11/gustavo-dudamel-fellows-fellowship-conductors", "distance": "1"}
{"url": "https://www.latimes.com/entertainment-arts/music/story/2021-09-10/stevie-nicks-lindsey-buckingham-relationship-timeline", "distance": "1"}
{"url": "https://www.latimes.com/entertainment-arts/music/story/2021-09-10/aaliyah-how-where-to-stream-aaliyah-albums", "distance": "1"}
{"url": "https://www.latimes.com/entertainment-arts/music/story/2021-09-10/walker-hayes-fancy-like-applebees-commercial", "distance": "1"}
{"url": "https://www.latimes.com/entertainment-arts/story/2021-09-10/composer-ludwig-goransson-on-why-black-panther-at-the-bowl-will-be-so-special", "distance": "1"}
{"url": "https://www.latimes.com/entertainment-arts/story/2021-09-10/academy-museum-film-scores-composers", "distance": "1"}
{"url": "https://www.latimes.com/entertainment-arts/story/2021-09-09/julia-bullock-davone-tines-opera-singer", "distance": "1"}
{"url": "https://www.latimes.com/topic/for-la-times-subscribers", "distance": "1"}
{"url": "https://www.latimes.com/terms-of-service", "distance": "1"}
{"url": "https://www.latimes.com/privacy-policy", "distance": "1"}
{"url": "https://www.latimes.com/privacy-policy#california-notice-of-collection", "distance": "1"}
{"url": "https://membership.latimes.com/privacy-settings", "distance": "1"}
{"url": "https://stellarbluetechnologies.com?pk_campaign=mileofmusicmobilelogo&pk_kwd=redirect", "distance": "1"}
{"url": "https://www.facebook.com/MileOfMusicFest/", "distance": "1"}
{"url": "https://twitter.com/MileOfMusicFest", "distance": "1"}
{"url": "https://www.instagram.com/mileofmusicfest/", "distance": "1"}
{"url": "http://twitter.com/MileOfMusicFest", "distance": "1"}
{"url": "http://twitter.com/MileOfMusicFest", "distance": "1"}
{"url": "https://t.co/uAoEMA9hdR", "distance": "1"}
{"url": "https://twitter.com/intent/tweet?in_reply_to=1437892340321030146", "distance": "1"}
{"url": "https://twitter.com/intent/retweet?tweet_id=1437892340321030146", "distance": "1"}
{"url": "https://twitter.com/intent/favorite?tweet_id=1437892340321030146", "distance": "1"}
{"url": "https://twitter.com/intent/follow?user_id=1413483386", "distance": "1"}
{"url": "https://twitter.com/intent/retweet?tweet_id=1437892340321030146", "distance": "1"}
{"url": "http://twitter.com/wearemutts", "distance": "1"}
{"url": "http://twitter.com/wearemutts", "distance": "1"}
{"url": "https://t.co/4Ch9N0PHlH", "distance": "1"}
{"url": "https://twitter.com/intent/tweet?in_reply_to=1434575708542619649", "distance": "1"}
{"url": "https://twitter.com/intent/retweet?tweet_id=1434575708542619649", "distance": "1"}
{"url": "https://twitter.com/intent/favorite?tweet_id=1434575708542619649", "distance": "1"}
{"url": "https://twitter.com/intent/follow?user_id=389574071", "distance": "1"}
{"url": "https://twitter.com/intent/retweet?tweet_id=1434575708542619649", "distance": "1"}
{"url": "http://twitter.com/wearemutts", "distance": "1"}
{"url": "http://twitter.com/wearemutts", "distance": "1"}
{"url": "https://t.co/VEQJXlWXYV", "distance": "1"}
{"url": "https://twitter.com/intent/tweet?in_reply_to=1434204201878495235", "distance": "1"}
{"url": "https://twitter.com/intent/retweet?tweet_id=1434204201878495235", "distance": "1"}
{"url": "https://twitter.com/intent/favorite?tweet_id=1434204201878495235", "distance": "1"}
{"url": "https://twitter.com/intent/follow?user_id=389574071", "distance": "1"}
{"url": "https://twitter.com/intent/retweet?tweet_id=1434204201878495235", "distance": "1"}
{"url": "http://twitter.com/MileOfMusicFest", "distance": "1"}
{"url": "http://twitter.com/MileOfMusicFest", "distance": "1"}
{"url": "https://t.co/IYwjXeZFMq", "distance": "1"}
{"url": "https://twitter.com/intent/tweet?in_reply_to=1430978764171841537", "distance": "1"}
{"url": "https://twitter.com/intent/retweet?tweet_id=1430978764171841537", "distance": "1"}
{"url": "https://twitter.com/intent/favorite?tweet_id=1430978764171841537", "distance": "1"}
{"url": "https://twitter.com/intent/follow?user_id=1413483386", "distance": "1"}
{"url": "https://twitter.com/intent/retweet?tweet_id=1430978764171841537", "distance": "1"}
{"url": "http://twitter.com/MileOfMusicFest", "distance": "1"}
{"url": "http://twitter.com/MileOfMusicFest", "distance": "1"}
{"url": "https://t.co/nejS8J79GM", "distance": "1"}
{"url": "https://twitter.com/intent/tweet?in_reply_to=1427657047693303815", "distance": "1"}
{"url": "https://twitter.com/intent/retweet?tweet_id=1427657047693303815", "distance": "1"}
{"url": "https://twitter.com/intent/favorite?tweet_id=1427657047693303815", "distance": "1"}
{"url": "https://twitter.com/intent/follow?user_id=1413483386", "distance": "1"}
{"url": "https://twitter.com/intent/retweet?tweet_id=1427657047693303815", "distance": "1"}
{"url": "http://twitter.com/MoMFunFacts", "distance": "1"}
{"url": "http://twitter.com/MoMFunFacts", "distance": "1"}
{"url": "https://twitter.com/intent/tweet?in_reply_to=1425621627690172418", "distance": "1"}
{"url": "https://twitter.com/intent/retweet?tweet_id=1425621627690172418", "distance": "1"}
{"url": "https://twitter.com/intent/favorite?tweet_id=1425621627690172418", "distance": "1"}
{"url": "https://twitter.com/intent/follow?user_id=1422624278122541057", "distance": "1"}
{"url": "https://twitter.com/intent/retweet?tweet_id=1425621627690172418", "distance": "1"}
{"url": "http://twitter.com/OlskiJim", "distance": "1"}
{"url": "http://twitter.com/OlskiJim", "distance": "1"}
{"url": "https://t.co/qU0vS36IAa", "distance": "1"}
{"url": "https://twitter.com/intent/tweet?in_reply_to=1424927520596668418", "distance": "1"}
{"url": "https://twitter.com/intent/retweet?tweet_id=1424927520596668418", "distance": "1"}
{"url": "https://twitter.com/intent/favorite?tweet_id=1424927520596668418", "distance": "1"}
{"url": "https://twitter.com/intent/follow?user_id=194705415", "distance": "1"}
{"url": "https://twitter.com/intent/retweet?tweet_id=1424927520596668418", "distance": "1"}
{"url": "http://twitter.com/daumdesign", "distance": "1"}
{"url": "http://twitter.com/daumdesign", "distance": "1"}
{"url": "https://t.co/wJRA4pKRij", "distance": "1"}
{"url": "https://twitter.com/intent/tweet?in_reply_to=1424909267711188994", "distance": "1"}
{"url": "https://twitter.com/intent/retweet?tweet_id=1424909267711188994", "distance": "1"}
{"url": "https://twitter.com/intent/favorite?tweet_id=1424909267711188994", "distance": "1"}
{"url": "https://twitter.com/intent/follow?user_id=20103208", "distance": "1"}
{"url": "https://twitter.com/intent/retweet?tweet_id=1424909267711188994", "distance": "1"}
{"url": "http://twitter.com/thehackyturtles", "distance": "1"}
{"url": "http://twitter.com/thehackyturtles", "distance": "1"}
{"url": "https://t.co/7WofbnB1CC", "distance": "1"}
{"url": "https://twitter.com/intent/tweet?in_reply_to=1424854788378869760", "distance": "1"}
{"url": "https://twitter.com/intent/retweet?tweet_id=1424854788378869760", "distance": "1"}
{"url": "https://twitter.com/intent/favorite?tweet_id=1424854788378869760", "distance": "1"}
{"url": "https://twitter.com/intent/follow?user_id=2591801696", "distance": "1"}
{"url": "https://twitter.com/intent/retweet?tweet_id=1424854788378869760", "distance": "1"}
{"url": "http://twitter.com/Westone", "distance": "1"}
{"url": "http://twitter.com/Westone", "distance": "1"}
{"url": "https://t.co/F1oiDXUEur", "distance": "1"}
{"url": "https://twitter.com/intent/tweet?in_reply_to=1424848763001073667", "distance": "1"}
{"url": "https://twitter.com/intent/retweet?tweet_id=1424848763001073667", "distance": "1"}
{"url": "https://twitter.com/intent/favorite?tweet_id=1424848763001073667", "distance": "1"}
{"url": "https://twitter.com/intent/follow?user_id=10344382", "distance": "1"}
{"url": "https://twitter.com/intent/retweet?tweet_id=1424848763001073667", "distance": "1"}
{"url": "http://twitter.com/wearemutts", "distance": "1"}
{"url": "http://twitter.com/wearemutts", "distance": "1"}
{"url": "https://t.co/UiD25utNO5", "distance": "1"}
{"url": "https://twitter.com/intent/tweet?in_reply_to=1424815410013261835", "distance": "1"}
{"url": "https://twitter.com/intent/retweet?tweet_id=1424815410013261835", "distance": "1"}
{"url": "https://twitter.com/intent/favorite?tweet_id=1424815410013261835", "distance": "1"}
{"url": "https://twitter.com/intent/follow?user_id=389574071", "distance": "1"}
{"url": "https://twitter.com/intent/retweet?tweet_id=1424815410013261835", "distance": "1"}
{"url": "http://twitter.com/rsfmusic", "distance": "1"}
{"url": "http://twitter.com/rsfmusic", "distance": "1"}
{"url": "https://t.co/UOMqLNVSw6", "distance": "1"}
{"url": "https://twitter.com/intent/tweet?in_reply_to=1424745846445383688", "distance": "1"}
{"url": "https://twitter.com/intent/retweet?tweet_id=1424745846445383688", "distance": "1"}
{"url": "https://twitter.com/intent/favorite?tweet_id=1424745846445383688", "distance": "1"}
{"url": "https://twitter.com/intent/follow?user_id=855604393", "distance": "1"}
{"url": "https://twitter.com/intent/retweet?tweet_id=1424745846445383688", "distance": "1"}
{"url": "http://twitter.com/wearemutts", "distance": "1"}
{"url": "http://twitter.com/wearemutts", "distance": "1"}
{"url": "https://t.co/KI1MdRxwL7", "distance": "1"}
{"url": "https://twitter.com/intent/tweet?in_reply_to=1424540416586797058", "distance": "1"}
{"url": "https://twitter.com/intent/retweet?tweet_id=1424540416586797058", "distance": "1"}
{"url": "https://twitter.com/intent/favorite?tweet_id=1424540416586797058", "distance": "1"}
{"url": "https://twitter.com/intent/follow?user_id=389574071", "distance": "1"}
{"url": "https://twitter.com/intent/retweet?tweet_id=1424540416586797058", "distance": "1"}
{"url": "http://twitter.com/aschluet23", "distance": "1"}
{"url": "http://twitter.com/aschluet23", "distance": "1"}
{"url": "https://t.co/ZhKYP9Gl9c", "distance": "1"}
{"url": "https://twitter.com/intent/tweet?in_reply_to=1424516506029789189", "distance": "1"}
{"url": "https://twitter.com/intent/retweet?tweet_id=1424516506029789189", "distance": "1"}
{"url": "https://twitter.com/intent/favorite?tweet_id=1424516506029789189", "distance": "1"}
{"url": "https://twitter.com/intent/follow?user_id=268901728", "distance": "1"}
{"url": "https://twitter.com/intent/retweet?tweet_id=1424516506029789189", "distance": "1"}
{"url": "http://twitter.com/NateAndree", "distance": "1"}
{"url": "http://twitter.com/NateAndree", "distance": "1"}
{"url": "https://t.co/5tnUwUGPYg", "distance": "1"}
{"url": "https://twitter.com/intent/tweet?in_reply_to=1424474944927408133", "distance": "1"}
{"url": "https://twitter.com/intent/retweet?tweet_id=1424474944927408133", "distance": "1"}
{"url": "https://twitter.com/intent/favorite?tweet_id=1424474944927408133", "distance": "1"}
{"url": "https://twitter.com/intent/follow?user_id=302760900", "distance": "1"}
{"url": "https://twitter.com/intent/retweet?tweet_id=1424474944927408133", "distance": "1"}
{"url": "http://twitter.com/aschluet23", "distance": "1"}
{"url": "http://twitter.com/aschluet23", "distance": "1"}
{"url": "https://t.co/7SlhUnJynf", "distance": "1"}
{"url": "https://twitter.com/intent/tweet?in_reply_to=1424428763832537089", "distance": "1"}
{"url": "https://twitter.com/intent/retweet?tweet_id=1424428763832537089", "distance": "1"}
{"url": "https://twitter.com/intent/favorite?tweet_id=1424428763832537089", "distance": "1"}
{"url": "https://twitter.com/intent/follow?user_id=268901728", "distance": "1"}
{"url": "https://twitter.com/intent/retweet?tweet_id=1424428763832537089", "distance": "1"}
{"url": "http://twitter.com/aschluet23", "distance": "1"}
{"url": "http://twitter.com/aschluet23", "distance": "1"}
{"url": "https://t.co/4zITlxo5te", "distance": "1"}
{"url": "https://twitter.com/intent/tweet?in_reply_to=1424425105690664960", "distance": "1"}
{"url": "https://twitter.com/intent/retweet?tweet_id=1424425105690664960", "distance": "1"}
{"url": "https://twitter.com/intent/favorite?tweet_id=1424425105690664960", "distance": "1"}
{"url": "https://twitter.com/intent/follow?user_id=268901728", "distance": "1"}
{"url": "https://twitter.com/intent/retweet?tweet_id=1424425105690664960", "distance": "1"}
{"url": "http://twitter.com/MoMFunFacts", "distance": "1"}
{"url": "http://twitter.com/MoMFunFacts", "distance": "1"}
{"url": "https://t.co/rii8OkrADE", "distance": "1"}
{"url": "https://twitter.com/intent/tweet?in_reply_to=1424424205475536896", "distance": "1"}
{"url": "https://twitter.com/intent/retweet?tweet_id=1424424205475536896", "distance": "1"}
{"url": "https://twitter.com/intent/favorite?tweet_id=1424424205475536896", "distance": "1"}
{"url": "https://twitter.com/intent/follow?user_id=1422624278122541057", "distance": "1"}
{"url": "https://twitter.com/intent/retweet?tweet_id=1424424205475536896", "distance": "1"}
{"url": "http://twitter.com/CannonBranjamin", "distance": "1"}
{"url": "http://twitter.com/CannonBranjamin", "distance": "1"}
{"url": "https://t.co/4ofGliE9Ct", "distance": "1"}
{"url": "https://twitter.com/intent/tweet?in_reply_to=1424411304438255623", "distance": "1"}
{"url": "https://twitter.com/intent/retweet?tweet_id=1424411304438255623", "distance": "1"}
{"url": "https://twitter.com/intent/favorite?tweet_id=1424411304438255623", "distance": "1"}
{"url": "https://twitter.com/intent/follow?user_id=1134553330296983554", "distance": "1"}
{"url": "https://twitter.com/intent/retweet?tweet_id=1424411304438255623", "distance": "1"}
{"url": "http://twitter.com/RezinBryan", "distance": "1"}
{"url": "http://twitter.com/RezinBryan", "distance": "1"}
{"url": "https://t.co/0n0jSmpb8Y", "distance": "1"}
{"url": "https://twitter.com/intent/tweet?in_reply_to=1424365590320492544", "distance": "1"}
{"url": "https://twitter.com/intent/retweet?tweet_id=1424365590320492544", "distance": "1"}
{"url": "https://twitter.com/intent/favorite?tweet_id=1424365590320492544", "distance": "1"}
{"url": "https://twitter.com/intent/follow?user_id=825825050037198849", "distance": "1"}
{"url": "https://twitter.com/intent/retweet?tweet_id=1424365590320492544", "distance": "1"}
{"url": "http://twitter.com/GregSampson", "distance": "1"}
{"url": "http://twitter.com/GregSampson", "distance": "1"}
{"url": "https://t.co/lUA4RQ0MDy", "distance": "1"}
{"url": "https://twitter.com/intent/tweet?in_reply_to=1424195020433858561", "distance": "1"}
{"url": "https://twitter.com/intent/retweet?tweet_id=1424195020433858561", "distance": "1"}
{"url": "https://twitter.com/intent/favorite?tweet_id=1424195020433858561", "distance": "1"}
{"url": "https://twitter.com/intent/follow?user_id=17980932", "distance": "1"}
{"url": "https://twitter.com/intent/retweet?tweet_id=1424195020433858561", "distance": "1"}
{"url": "http://twitter.com/aschluet23", "distance": "1"}
{"url": "http://twitter.com/aschluet23", "distance": "1"}
{"url": "https://t.co/7h3JsML49D", "distance": "1"}
{"url": "https://twitter.com/intent/tweet?in_reply_to=1424187288272183296", "distance": "1"}
{"url": "https://twitter.com/intent/retweet?tweet_id=1424187288272183296", "distance": "1"}
{"url": "https://twitter.com/intent/favorite?tweet_id=1424187288272183296", "distance": "1"}
{"url": "https://twitter.com/intent/follow?user_id=268901728", "distance": "1"}
{"url": "https://twitter.com/intent/retweet?tweet_id=1424187288272183296", "distance": "1"}
{"url": "https://www.facebook.com/MileOfMusicFest/", "distance": "1"}
{"url": "https://twitter.com/MileOfMusicFest", "distance": "1"}
{"url": "https://www.instagram.com/mileofmusicfest/", "distance": "1"}
{"url": "http://www.facebook.com/sharer.php?u=https://mileofmusic.com/", "distance": "1"}
{"url": "http://twitter.com/?status=Come join us at Mile of Music!", "distance": "1"}
{"url": "https://foxcu.org/", "distance": "1"}
{"url": "https://foxcu.org/", "distance": "1"}
{"url": "https://foxcu.org/", "distance": "1"}
{"url": "https://mileofmusic.com/2021/08/shop-our-online-store-today/", "distance": "1"}
{"url": "https://mileofmusic.com/2021/08/take-our-mile-8-survey-today/", "distance": "1"}
{"url": "https://mileofmusic.com/2021/08/thank-you-for-a-great-mile-8/", "distance": "1"}
{"url": "https://www.twitter.com/MileOfMusicFest", "distance": "1"}
{"url": "https://foxcu.org", "distance": "1"}
{"url": "https://stellarbluetechnologies.com", "distance": "1"}
{"url": "http://www.willemsmarketingandevents.com/", "distance": "1"}
{"url": "https://www.facebook.com/MusicBusinessWorldwide", "distance": "1"}
{"url": "https://www.linkedin.com/company/musicbizworldwide/", "distance": "1"}
{"url": "https://www.musicbusinessworldwide.com/vincent-bollore-is-about-to-own-7bn-plus-of-universal-shares-and-other-things-we-learned-from-umgs-new-prospectus/", "distance": "1"}
{"url": "https://www.musicbusinessworldwide.com/meet-universal-music-groups-new-board/", "distance": "1"}
{"url": "https://www.musicbusinessworldwide.com/snep-snipes-at-believe-believe-bites-back/", "distance": "1"}
{"url": "https://www.musicbusinessworldwide.com/tag/inspiring-women/", "distance": "1"}
{"url": "https://www.musicbusinessworldwide.com/tag/worlds-greatest-managers/", "distance": "1"}
{"url": "https://www.musicbusinessworldwide.com/tag/worlds-greatest-songwriters/", "distance": "1"}
{"url": "https://www.musicbusinessworldwide.com/tag/worlds-greatest-producers/", "distance": "1"}
{"url": "https://www.44bytes.net", "distance": "1"}
{"url": "https://www.facebook.com/sharer/sharer.php?u=https%3A//leginfo.legislature.ca.gov%3A443/faces/billNavClient.xhtml%3Fbill_id=202120220SB793&t=20212022SB-793&", "distance": "1"}
{"url": "https://twitter.com/home?status=20212022SB-793 https://leginfo.legislature.ca.gov:443/faces/billNavClient.xhtml?bill_id=202120220SB793&", "distance": "1"}
{"url": "https://shop.npr.org", "distance": "1"}
{"url": "https://www.npr.org/2021/09/14/1036941536/new-mix-tiny-desk-contest-winner-neffy-snail-mail-my-morning-jacket-more", "distance": "1"}
{"url": "https://www.npr.org/2019/06/17/526657674/vikings-choice", "distance": "1"}
{"url": "https://www.npr.org/2019/06/17/526657674/vikings-choice", "distance": "1"}
{"url": "https://www.npr.org/2021/08/23/1026119067/now-playing-essential-new-music-playlist", "distance": "1"}
{"url": "https://www.npr.org/2021/08/23/1026119067/now-playing-essential-new-music-playlist", "distance": "1"}
{"url": "https://www.npr.org/sections/allsongs/2021/09/08/1034906053/lazy-river-playlist", "distance": "1"}
{"url": "https://www.npr.org/sections/allsongs/2021/09/08/1034906053/lazy-river-playlist", "distance": "1"}
{"url": "https://www.npr.org/2019/06/17/527125751/the-alt-latino-playlist", "distance": "1"}
{"url": "https://www.npr.org/2019/06/17/527125751/the-alt-latino-playlist", "distance": "1"}
{"url": "https://www.npr.org/2021/09/10/1035553570/kacey-musgraves-star-crossed-and-thriving", "distance": "1"}
{"url": "https://www.npr.org/2021/09/10/1035510633/the-magic-of-lee-scratch-perry", "distance": "1"}
{"url": "https://www.npr.org/2021/09/09/1035092814/how-salt-n-pepas-blacks-magic-gave-me-a-blueprint-for-feminism", "distance": "1"}
{"url": "https://www.npr.org/series/770565791/npr-music-live-sessions", "distance": "1"}
{"url": "https://www.npr.org/series/770565791/npr-music-live-sessions", "distance": "1"}
{"url": "https://www.npr.org/series/tiny-desk-concerts/", "distance": "1"}
{"url": "https://www.npr.org/series/tiny-desk-concerts/", "distance": "1"}
{"url": "https://www.npr.org/series/144918893/field-recordings", "distance": "1"}
{"url": "https://www.npr.org/series/144918893/field-recordings", "distance": "1"}
{"url": "https://www.npr.org/2018/08/14/638483063/erykah-badu-tiny-desk-concert", "distance": "1"}
{"url": "https://www.npr.org/2018/08/16/639233311/more-than-keeping-time-a-melodic-drumming-demo", "distance": "1"}
{"url": "https://www.npr.org/2016/12/07/504595430/lucinda-williams-live-in-concert", "distance": "1"}
{"url": "https://www.npr.org/sections/allsongs/", "distance": "1"}
{"url": "https://www.npr.org/sections/altlatino/", "distance": "1"}
{"url": "https://www.npr.org/series/125637934/fresh-air-interviews", "distance": "1"}
{"url": "https://www.npr.org/series/99022917/from-the-top", "distance": "1"}
{"url": "https://www.npr.org/series/347139849/jazz-night-in-america", "distance": "1"}
{"url": "https://www.npr.org/sections/metropolis/", "distance": "1"}
{"url": "https://www.npr.org/series/mountain-stage/", "distance": "1"}
{"url": "https://www.npr.org/series/15773266/marian-mcpartland-s-piano-jazz", "distance": "1"}
{"url": "https://www.npr.org/series/103063413/the-thistle-and-shamrock", "distance": "1"}
{"url": "https://www.npr.org/sections/world-cafe/", "distance": "1"}
{"url": "https://www.thisdayinmusic.com/?s=", "distance": "1"}
{"url": "https://www.thisdayinmusic.com/?s=", "distance": "1"}
{"url": "https://www.thisdayinmusic.com/books/harry-me/", "distance": "1"}
{"url": "https://www.thisdayinmusic.com/liner-notes/died-and-gone-to-heaven-2020/", "distance": "1"}
{"url": "https://www.thisdayinmusic.com/liner-notes/50-best-selling-studio-albums/", "distance": "1"}
{"url": "https://www.thisdayinmusic.com/classic-albums/pink-floyd-the-dark-side-of-the-moon/", "distance": "1"}
{"url": "https://www.thisdayinmusic.com/classic-albums/the-beatles-abbey-road/", "distance": "1"}
{"url": "https://www.thisdayinmusic.com/books/from-the-floorboards-up/", "distance": "1"}
{"url": "https://www.thisdayinmusic.com/books/deacon-blue-to-be-here-someday/", "distance": "1"}
{"url": "https://www.thisdayinmusic.com/books/shaun-ryders-book-of-mumbo-jumbo/", "distance": "1"}
{"url": "https://www.thisdayinmusic.com/books/finding-fretless/", "distance": "1"}
{"url": "https://www.thisdayinmusic.com/books/kim-wilde-pop-dont-stop/", "distance": "1"}
{"url": "https://www.thisdayinmusic.com/liner-notes/30-facts-about-paul-mccartney/", "distance": "1"}
{"url": "https://www.umusic.co.uk/privacy.html", "distance": "1"}
{"url": "https://vimeo.com", "distance": "1"}
{"url": "https://vimeo.com/help/contact", "distance": "1"}
{"url": "https://music.apple.com/subscribe?app=music&at=1000l4QJ&ct=401&itscg=10000&itsct=401x", "distance": "1"}
{"url": "https://music.apple.com/subscribe?app=music&at=1000l4QJ&ct=402&itscg=10000&itsct=402x", "distance": "1"}
{"url": "https://music.apple.com/subscribe?app=music&at=1000l4QJ&ct=404&itscg=10000&itsct=404x", "distance": "1"}
{"url": "https://music.apple.com/radio?itscg=10000&itsct=mus-0-ovp-crd1-apl-200217", "distance": "1"}
{"url": "https://music.apple.com/?itscg=10000&itsct=mus-0-ovp-crd4-apl-200217", "distance": "1"}
{"url": "https://music.apple.com/subscribe?app=music&at=1000l4QJ&ct=403&itscg=10000&itsct=403x", "distance": "1"}
{"url": "https://music.apple.com/deeplink?app=music&p=subscribe-student&at=1000l4QJ&ct=405&itscg=10000&itsct=405x", "distance": "1"}
{"url": "https://music.apple.com/deeplink?app=music&p=subscribe-individual&at=1000l4QJ&ct=406&itscg=10000&itsct=406x", "distance": "1"}
{"url": "https://music.apple.com/deeplink?app=music&p=subscribe-family&at=1000l4QJ&ct=407&itscg=10000&itsct=407x", "distance": "1"}
{"url": "https://music.apple.com/deeplink?app=music&p=subscribe-student&at=1000l4QJ&ct=405&itscg=10000&itsct=405x", "distance": "1"}
{"url": "https://music.apple.com/deeplink?app=music&p=subscribe-individual&at=1000l4QJ&ct=406&itscg=10000&itsct=406x", "distance": "1"}
{"url": "https://music.apple.com/deeplink?app=music&p=subscribe-family&at=1000l4QJ&ct=407&itscg=10000&itsct=407x", "distance": "1"}
{"url": "https://locate.apple.com/", "distance": "1"}
{"url": "https://www.utexas.edu", "distance": "1"}
{"url": "https://butlerschoolofmusic.thundertix.com/events/188496", "distance": "1"}
{"url": "http://butlerschoolofmusic.thundertix.com/events/188230", "distance": "1"}
{"url": "https://butlerschoolofmusic.thundertix.com/events/188598", "distance": "1"}
{"url": "https://www.facebook.com/ButlerSOM", "distance": "1"}
{"url": "https://twitter.com/ButlerSOM", "distance": "1"}
{"url": "https://www.instagram.com/butlersom", "distance": "1"}
{"url": "http://libguides.oxy.edu/music", "distance": "1"}
{"url": "https://www.oxy.edu/academics/areas-study/music/music-la", "distance": "1"}
{"url": "https://www.oxy.edu/arts", "distance": "1"}
{"url": "https://www.oxy.edu/events?combine=&department=578&category=All", "distance": "1"}
{"url": "https://docs.google.com/forms/d/e/1FAIpQLSfmis8cyKa7BlfCQrVo2lRm-LhDq9uht0i_lni1nd_GSCDcmw/viewform", "distance": "1"}
{"url": "http://oxy.smartcatalogiq.com/en/2018-2019/Catalog/Course-Descriptions/MUSC-Music/200/MUSC-248", "distance": "1"}
{"url": "http://oxy.smartcatalogiq.com/en/2018-2019/Catalog/Course-Descriptions/MUSC-Music/200/MUSC-285", "distance": "1"}
{"url": "http://oxy.smartcatalogiq.com/en/2018-2019/Catalog/Course-Descriptions/MUSC-Music/200/MUSC-295", "distance": "1"}
{"url": "http://oxy.smartcatalogiq.com/en/2018-2019/Catalog/Course-Descriptions/MUSC-Music/200/MUSC-258", "distance": "1"}
{"url": "http://oxy.smartcatalogiq.com/en/2018-2019/Catalog/Course-Descriptions/MUSC-Music/200/MUSC-268", "distance": "1"}
{"url": "http://oxy.smartcatalogiq.com/en/2018-2019/Catalog/Course-Descriptions/MUSC-Music/200/MUSC-249", "distance": "1"}
{"url": "http://oxy.smartcatalogiq.com/en/2018-2019/Catalog/Course-Descriptions/MUSC-Music/300/MUSC-348", "distance": "1"}
{"url": "https://www.oxy.edu/academics/areas-study/music/courses-requirements", "distance": "1"}
{"url": "https://www.oxy.edu/academics/areas-study/music/faculty", "distance": "1"}
{"url": "https://www.imdb.com/name/nm3198102/", "distance": "1"}
{"url": "https://www.imdb.com/name/nm4035204/", "distance": "1"}
{"url": "https://www.oxy.edu/events?combine=&department=578&category=All", "distance": "1"}
{"url": "https://www.oxy.edu/events", "distance": "1"}
{"url": "https://www.oxy.edu/academics/areas-study/music/news-announcements", "distance": "1"}
{"url": "https://www.oxy.edu/news?combine=&department=578&category=All", "distance": "1"}
{"url": "https://www.facebook.com/OxyMusicDept", "distance": "1"}
{"url": "https://securelb.imodules.com/s/956/16/form.aspx?sid=956&gid=1&pgid=2855&cid=6113", "distance": "1"}
{"url": "https://variety.com/2021/music/asia/bts-virtual-concert-permission-to-dance-1235065220/", "distance": "1"}
{"url": "https://variety.com/author/ethan-shanfeld/", "distance": "1"}
{"url": "https://variety.com/author/chris-willman/", "distance": "1"}
{"url": "https://variety.com/author/jem-aswad/", "distance": "1"}
{"url": "https://variety.com/author/elizabeth-wagmeister/", "distance": "1"}
{"url": "https://variety.com/author/chris-willman/", "distance": "1"}
{"url": "https://variety.com/2021/music/news/octavia-spencer-britney-spears-engagement-prenup-joke-apology-1235065543/", "distance": "1"}
{"url": "https://variety.com/2021/music/news/laika-wildwood-colin-meloy-decemberists-1235065369/", "distance": "1"}
{"url": "https://variety.com/2021/music/news/weeknd-salxco-berklee-college-of-music-1235065284/", "distance": "1"}
{"url": "https://variety.com/2021/music/news/lady-gaga-tony-bennett-viacomcbs-mtv-unplugged-special-video-1235065259/", "distance": "1"}
{"url": "https://variety.com/2021/music/asia/bts-virtual-concert-permission-to-dance-1235065220/", "distance": "1"}
{"url": "https://variety.com/2021/music/asia/bts-virtual-concert-permission-to-dance-1235065220/", "distance": "1"}
{"url": "https://variety.com/2021/music/news/todd-rundgren-kanye-west-worked-donda-1235064883/", "distance": "1"}
{"url": "https://variety.com/2021/music/news/republic-imperial-music-a2im-clio-awards-1235063632/", "distance": "1"}
{"url": "https://variety.com/2021/music/news/drake-certified-lover-boy-every-producer-1235060169/", "distance": "1"}
{"url": "https://variety.com/2021/music/news/young-thug-nate-ruess-collaboration-1235064787/", "distance": "1"}
{"url": "https://variety.com/2021/music/news/britney-spears-counting-for-freedom-deletes-instagram-1235064755/", "distance": "1"}
{"url": "https://variety.com/2021/music/news/alanis-morissette-blasts-jagged-documentary-1235064553/", "distance": "1"}
{"url": "https://variety.com/2021/music/reviews/listening-to-kenny-g-review-hbo-music-box-1235063018/", "distance": "1"}
{"url": "https://variety.com/2021/music/news/record-store-day-black-friday-exclusive-vinyl-150-titles-1235064411/", "distance": "1"}
{"url": "https://variety.com/v/music/page/2/", "distance": "1"}
{"url": "https://variety.com/2021/film/reviews/dashcam-review-1235062063/", "distance": "1"}
{"url": "https://variety.com/2021/tv/news/norm-macdonald-dead-dies-snl-1235064570/", "distance": "1"}
{"url": "https://variety.com/2021/tv/news/norm-macdonald-funniest-moments-burt-reynolds-snl-late-night-jokes-1235064624/", "distance": "1"}
{"url": "https://variety.com/2021/tv/news/norm-macdonald-dead-comedians-react-1235064613/", "distance": "1"}
{"url": "https://variety.com/2021/tv/news/lularich-amazon-reviews-lularoe-retailers-1235063321/", "distance": "1"}
{"url": "https://variety.com/2021/music/news/todd-rundgren-kanye-west-worked-donda-1235064883/", "distance": "1"}
{"url": "https://variety.com/2021/tv/news/norm-macdonald-dead-dies-snl-1235064570/", "distance": "1"}
{"url": "https://variety.com/gallery/2021-met-gala-photos-red-carpet-gallery/", "distance": "1"}
{"url": "https://variety.com/2021/film/news/christopher-nolan-universal-deal-1235064461/", "distance": "1"}
{"url": "https://variety.com/2021/film/box-office/box-office-shang-chi-triumphs-again-malignant-misfires-1235062236/", "distance": "1"}
{"url": "https://variety.com/2021/film/reviews/dashcam-review-1235062063/", "distance": "1"}
{"url": "https://www.rollingstone.com/music/music-news/judee-sill-50th-anniversary-debut-flashback-1226089/", "distance": "1"}
{"url": "https://robbreport.com/shelter/art-collectibles/philadelphia-museum-of-art-returning-shield-to-czech-republic-1234636161/", "distance": "1"}
{"url": "https://www.sportico.com/business/finance/2021/federer-on-sneakers-ipo-soars-46-1234639515/", "distance": "1"}
{"url": "https://spy.com/articles/hacks/kitchen/top-rated-electric-knives-reviewed-198737/", "distance": "1"}
{"url": "https://tvline.com/2021/09/15/wendy-williams-covid-diagnosis-show-premiere-delayed/", "distance": "1"}
{"url": "https://subscribe.variety.com/site/magazine-subscribe-choice", "distance": "1"}
{"url": "https://subscribe.variety.com/site/magazine-subscribe-choice", "distance": "1"}
{"url": "https://vip.wordpress.com/?utm_source=vip_powered_wpcom&utm_medium=web&utm_campaign=VIP%20Footer%20Credit", "distance": "1"}
{"url": "https://variety.com/v/film/", "distance": "1"}
{"url": "https://variety.com/v/tv/", "distance": "1"}
{"url": "https://variety.com/what-to-watch-streaming-movies-shows-online/", "distance": "1"}
{"url": "https://variety.com/e/contenders/", "distance": "1"}
{"url": "https://variety.com/v/digital/", "distance": "1"}
{"url": "https://variety.com/v/legit/", "distance": "1"}
{"url": "https://pmc.com/", "distance": "1"}
{"url": "https://support.theguardian.com/subscribe?INTCMP=header_supporter_cta&acquisitionData=%7B%22source%22:%22GUARDIAN_WEB%22,%22componentType%22:%22ACQUISITIONS_HEADER%22,%22componentId%22:%22header_supporter_cta%22%7D", "distance": "1"}
{"url": "https://jobs.theguardian.com/?INTCMP=jobs_us_web_newheader", "distance": "1"}
{"url": "https://profile.theguardian.com/signin?INTCMP=DOTCOM_NEWHEADER_SIGNIN&componentEventParams=componentType%3Didentityauthentication%26componentId%3Dguardian_signin_header", "distance": "1"}
{"url": "https://www.google.co.uk/advanced_search?q=site:www.theguardian.com", "distance": "1"}
{"url": "https://www.theguardian.com/music/2021/sep/15/nicki-minaj-rarely-a-dull-moment-for-the-outspoken-rapper", "distance": "1"}
{"url": "https://www.theguardian.com/music/2021/sep/15/gary-devine-punk-fell-runner-leeds-interview", "distance": "1"}
{"url": "https://www.theguardian.com/music/2021/sep/15/ed-sheeran-awards-ceremonies-mtv-vmas", "distance": "1"}
{"url": "https://www.theguardian.com/music/2021/sep/14/britney-spears-instagram-social-media-engagement", "distance": "1"}
{"url": "https://www.theguardian.com/music/2021/sep/14/michael-chapman-mc-taylor", "distance": "1"}
{"url": "https://www.theguardian.com/music/2021/sep/14/design-museum-to-host-major-amy-winehouse-retrospective", "distance": "1"}
{"url": "https://www.theguardian.com/music/2021/sep/14/cbso-kazuki-yamada-chief-conductor-city-of-birmingham-symphony-orchestra", "distance": "1"}
{"url": "https://www.theguardian.com/music/2021/sep/10/fauness-dragonfly-track-of-week", "distance": "1"}
{"url": "https://www.theguardian.com/music/ng-interactive/2021/sep/07/little-simz-iron-maiden-and-more-septembers-best-album-reviews", "distance": "1"}
{"url": "https://www.theguardian.com/music/2021/sep/03/blackstarkids-track-of-the-week", "distance": "1"}
{"url": "https://www.theguardian.com/music/2021/sep/03/amy-winehouse-radiohead-10-albums-that-should-have-won-the-mercury-prize", "distance": "1"}
{"url": "https://www.theguardian.com/music+tone/interviews", "distance": "1"}
{"url": "https://www.theguardian.com/music/2021/sep/11/kacey-musgraves-nashville-country-music-interview-divorce-mushrooms", "distance": "1"}
{"url": "https://www.theguardian.com/music/2021/sep/10/meet-uniiqu3-the-global-ambassador-of-musics-most-influential-genre", "distance": "1"}
{"url": "https://www.theguardian.com/music/2021/sep/09/garbages-shirley-manson-grange-hill-was-my-best-friend-it-saved-my-life", "distance": "1"}
{"url": "https://www.theguardian.com/music/2021/sep/09/pavel-kolesnikov-the-pianist-making-a-palace-of-sound-built-by-your-own-imagination", "distance": "1"}
{"url": "https://www.theguardian.com/music+tone/albumreview", "distance": "1"}
{"url": "https://www.theguardian.com/music/2021/sep/09/low-hey-what-review", "distance": "1"}
{"url": "https://www.theguardian.com/music/2021/sep/10/kacey-musgraves-star-crossed-review-interscope-mca-nashville", "distance": "1"}
{"url": "https://www.theguardian.com/music/2021/sep/11/amyl-and-the-sniffers-comfort-to-me-review-harder-more-intense-erupting-with-defiance", "distance": "1"}
{"url": "https://www.theguardian.com/music/2021/sep/12/manic-street-preachers-the-ultra-vivid-lament-review-abba", "distance": "1"}
{"url": "https://www.theguardian.com/music/2021/sep/12/park-hye-jin-before-i-die-review", "distance": "1"}
{"url": "https://www.theguardian.com/music/2021/sep/11/spiers-and-boden-fallow-ground-review", "distance": "1"}
{"url": "https://www.theguardian.com/music/2021/sep/03/drake-certified-lover-boy-review-album-r-kelly", "distance": "1"}
{"url": "https://www.theguardian.com/music/2021/sep/02/little-simz-sometimes-i-might-be-introvert-review-rich-vital-rap", "distance": "1"}
{"url": "https://www.theguardian.com/music/2021/sep/05/sarah-harding-singer-with-girls-aloud-dies-aged-39-from-breast-cancer", "distance": "1"}
{"url": "https://www.theguardian.com/music/2021/aug/29/lee-scratch-perry-a-limitless-genius-who-took-jamaica-to-the-future", "distance": "1"}
{"url": "https://www.theguardian.com/music/2021/aug/24/charlie-watts-the-calm-brilliant-eye-of-the-rolling-stones-rocknroll-storm", "distance": "1"}
{"url": "https://www.theguardian.com/music/2021/aug/23/ub40-saxophonist-and-songwriter-brian-travers-dies-aged-62", "distance": "1"}
{"url": "https://www.theguardian.com/music/series/from-rock-s-backpages", "distance": "1"}
{"url": "https://www.theguardian.com/music/2020/nov/16/rafaella-carra-the-italian-pop-star-who-taught-europe-the-joy-of-sex", "distance": "1"}
{"url": "https://www.theguardian.com/info/ng-interactive/2017/mar/06/sign-up-for-the-sleeve-notes-email", "distance": "1"}
{"url": "https://www.theguardian.com/music/2021/sep/15/letter-dave-evans-obituary", "distance": "1"}
{"url": "https://www.theguardian.com/music/2021/sep/13/maria-mendiola-obituary", "distance": "1"}
{"url": "https://www.theguardian.com/music/ng-interactive/2021/sep/07/little-simz-iron-maiden-and-more-septembers-best-album-reviews", "distance": "1"}
{"url": "https://www.theguardian.com/culture/2021/aug/25/autumn-2021-essential-music-ghetts-genesis-nick-cave", "distance": "1"}
{"url": "https://www.theguardian.com/culture/2021/sep/13/it-seemed-to-capture-a-wave-how-the-boo-radleys-made-wake-up-boo", "distance": "1"}
{"url": "https://www.theguardian.com/music/2021/sep/09/mercury-prize-2021-arlo-parks-wins-for-collapsed-in-sunbeams", "distance": "1"}
{"url": "https://www.theguardian.com/music/2021/sep/11/one-to-watch-sad-night-dynamite-psychedelic-views", "distance": "1"}
{"url": "https://www.theguardian.com/music/2021/sep/10/british-blues-will-survive-the-apocalypse-how-the-underground-scene-kept-its-groove", "distance": "1"}
{"url": "https://www.theguardian.com/music/2021/sep/10/rewrite-rule-britannia-what-would-you-do-with-the-last-night-of-the-proms", "distance": "1"}
{"url": "https://www.theguardian.com/music/2021/sep/11/a-decade-after-she-died-i-can-finally-grieve-the-amy-winehouse-i-knew-and-loved", "distance": "1"}
{"url": "https://www.theguardian.com/music/2021/sep/09/daytimers-south-asian-dance-music-collective", "distance": "1"}
{"url": "https://www.theguardian.com/music/2021/sep/08/unseen-sex-pistols-photos-show-london", "distance": "1"}
{"url": "https://www.theguardian.com/film/2021/sep/07/fire-music-history-free-jazz-documentary", "distance": "1"}
{"url": "https://www.theguardian.com/music/2021/sep/07/disabled-and-clinically-vulnerable-shut-out-from-return-of-live-music-and-theatre", "distance": "1"}
{"url": "https://support.theguardian.com/contribute?INTCMP=footer_support_contribute&acquisitionData=%7B%22source%22:%22GUARDIAN_WEB%22,%22componentType%22:%22ACQUISITIONS_FOOTER%22,%22componentId%22:%22footer_support_contribute%22%7D", "distance": "1"}
{"url": "https://support.theguardian.com/subscribe?INTCMP=footer_support_subscribe&acquisitionData=%7B%22source%22:%22GUARDIAN_WEB%22,%22componentType%22:%22ACQUISITIONS_FOOTER%22,%22componentId%22:%22footer_support_subscribe%22%7D", "distance": "1"}
{"url": "https://subs.nymag.com/magazine/subscribe/official-subscription.html?itm_source=vsitepromo&itm_medium=internal&itm_campaign=subscribe-button", "distance": "1"}
{"url": "https://nymag.com/maglinks/global-02", "distance": "1"}
{"url": "https://nymag.com/maglinks/global-03", "distance": "1"}
{"url": "https://nymag.com/maglinks/global-04", "distance": "1"}
{"url": "https://subs.nymag.com/magazine/subscribe/official-subscription.html?itm_source=vsitepromo&itm_medium=internal&itm_campaign=subscribe-button", "distance": "1"}
{"url": "https://subs.nymag.com/account/", "distance": "1"}
{"url": "https://policies.google.com/privacy", "distance": "1"}
{"url": "https://policies.google.com/terms", "distance": "1"}
{"url": "https://podcasts.apple.com/us/podcast/switched-on-pop/id934552872", "distance": "1"}
{"url": "https://peoplesmusicschool.org", "distance": "1"}
{"url": "https://peoplesmusicschool.org", "distance": "1"}
{"url": "https://peoplesmusicschool.org/donate/", "distance": "1"}
{"url": "https://peoplesmusicschool.org/get-involved/ways-to-get-involved/", "distance": "1"}
{"url": "https://peoplesmusicschool.org/event/", "distance": "1"}
{"url": "https://jobs.theguardian.com/?INTCMP=jobs_uk_web_newheader", "distance": "1"}
{"url": "https://profile.theguardian.com/signin?INTCMP=DOTCOM_NEWHEADER_SIGNIN&ABCMP=ab-sign-in&componentEventParams=componentType%3Didentityauthentication%26componentId%3Dguardian_signin_header", "distance": "1"}
{"url": "https://www.google.co.uk/advanced_search?q=site:www.theguardian.com", "distance": "1"}
{"url": "https://www.theguardian.com/technology/youtube", "distance": "1"}
{"url": "https://www.twitter.com/stuartdredge", "distance": "1"}
{"url": "http://www.theguardian.com/music/musicblog/2016/apr/19/youtube-a-music-industry-online-music-streaming", "distance": "1"}
{"url": "http://www.theguardian.com/media/2016/apr/09/youtubers-hit-mainstream-digital-media-top-choice-new-talent", "distance": "1"}
{"url": "https://syndication.theguardian.com/automation/?url=https%3A%2F%2Fwww.theguardian.com%2Ftechnology%2F2016%2Fmay%2F20%2Fmusic-industry-battling-google-youtube-what-happens-next&type=article&internalpagecode=technology/2016/may/20/music-industry-battling-google-youtube-what-happens-next", "distance": "1"}
{"url": "https://www.wsj.com/about-us?mod=wsjcorphat", "distance": "1"}
{"url": "https://www.wsj.com/?mod=wsjheader_logo", "distance": "1"}
{"url": "https://www.wsj.com/news/books-arts?mod=wsjheader_logo", "distance": "1"}
{"url": "https://subscribe.wsj.com/hpheaderlink", "distance": "1"}
{"url": "https://accounts.wsj.com/login?target=https%3A%2F%2Fwww.wsj.com%2Fnews%2Ftypes%2Fmusic-review", "distance": "1"}
{"url": "https://www.wsj.com/digital-print-edition?mod=wsjheader", "distance": "1"}
{"url": "https://www.wsj.com/video?mod=wsjheader", "distance": "1"}
{"url": "https://www.wsj.com/podcasts?mod=wsjheader", "distance": "1"}
{"url": "https://www.wsj.com/news/latest-headlines?mod=wsjheader", "distance": "1"}
{"url": "https://www.wsj.com/", "distance": "1"}
{"url": "https://subscribe.wsj.com/hpheaderlink", "distance": "1"}
{"url": "https://accounts.wsj.com/login?target=https%3A%2F%2Fwww.wsj.com%2Fnews%2Ftypes%2Fmusic-review", "distance": "1"}
{"url": "https://www.wsj.com/articles/village-vanguard-live-jazz-jason-moran-fred-hersch-arturo-o'farrill-birdland-blue-note-jazz-at-lincoln-center-wynton-marsalis-pat-metheny-11631739791", "distance": "1"}
{"url": "https://www.wsj.com/articles/juilliard-string-quartet-the-early-columbia-recordings-1949-56-william-schumann-robert-mann-robert-koff-raphael-hillyer-arthur-winograd-claus-adam-11631569901", "distance": "1"}
{"url": "https://www.wsj.com/articles/kacey-musgraves-star-crossed-review-marriage-divorce-11631567471", "distance": "1"}
{"url": "https://www.wsj.com/articles/9-11-music-jay-z-strokes-new-york-bruce-springsteen-blueprint-11631135966", "distance": "1"}
{"url": "https://www.wsj.com/articles/certified-lover-boy-drake-review-clb-album-11631050337", "distance": "1"}
{"url": "https://www.wsj.com/articles/kinds-of-love-renee-rosnes-bill-charlap-antonio-carlos-jobim-cecile-mclorin-savant-village-vanguard-11630358143", "distance": "1"}
{"url": "https://www.wsj.com/articles/donda-kanye-west-album-review-jay-z-kim-kardashian-11630351084", "distance": "1"}
{"url": "https://www.wsj.com/articles/big-red-machine-how-long-do-you-think-its-gonna-last-justin-vernon-bon-iver-aaron-dessner-taylor-swift-11629928168", "distance": "1"}
{"url": "https://www.wsj.com/articles/homecoming-concert-nyc-central-park-bruce-springsteen-patti-smith-hurricane-henri-barry-manilow-jennifer-hudson-11629749036", "distance": "1"}
{"url": "https://www.wsj.com/articles/lorde-solar-power-album-review-jack-antonoff-royals-mood-ring-11629320909", "distance": "1"}
{"url": "https://www.wsj.com/articles/the-complete-live-at-the-lighthouse-lee-morgan-dizzy-gillespie-art-blakey-max-roach-jack-de-johnette-dave-douglas-11629224092", "distance": "1"}
{"url": "https://www.wsj.com/articles/beyond-music-marian-anderson-daughters-of-the-american-revoluton-eleanor-roosevelt-toscanini-11628889025", "distance": "1"}
{"url": "https://www.wsj.com/articles/its-about-time-john-mcitigue-greg-garing-emmylou-harris-loretta-lynn-tim-carroll-11628714764", "distance": "1"}
{"url": "https://www.wsj.com/articles/billie-eilish-happier-than-ever-review-lyrics-finneas-11627940026", "distance": "1"}
{"url": "https://www.wsj.com/articles/nadia-boulanger-and-her-world-bard-festival-aaron-copland-philip-glass-leon-botstein-11628200224", "distance": "1"}
{"url": "https://www.wsj.com/articles/george-harrison-all-things-must-pass-review-beatles-remix-11628020472", "distance": "1"}
{"url": "https://www.wsj.com/articles/bleachers-jack-antonoff-taylor-swift-lorde-new-album-11627333500", "distance": "1"}
{"url": "https://www.wsj.com/articles/maya-beiser-x-philip-glass-review-reforging-minimalism-11627075612", "distance": "1"}
{"url": "https://www.wsj.com/articles/riffing-on-a-master-11626900659", "distance": "1"}
{"url": "https://www.wsj.com/articles/in-harmony-review-modern-jazz-masters-gone-too-soon-11626803487", "distance": "1"}
{"url": "https://www.post-journal.com/", "distance": "1"}
{"url": "https://www.post-journal.com/", "distance": "1"}
{"url": "https://www.post-journal.com/news/page-one/2021/09/state-sen-borrello-calls-for-testing-option-for-health-care-workers/", "distance": "1"}
{"url": "https://www.post-journal.com/news/page-one/2021/09/haines-receives-ritzer-award/", "distance": "1"}
{"url": "https://www.post-journal.com/news/page-one/2021/09/city-sees-significant-second-quarter-sales-tax-revenue-increase/", "distance": "1"}
{"url": "https://www.post-journal.com/", "distance": "1"}
