{"url": "https://www.expedia.com/Gifu-Hotels-HOTEL-MYU-STYLE-INUYAMA-Experience.h66851795.Hotel-Information", "distance": 0}
{"url": "https://community.canvaslms.com/t5/Partner-Listings/Partner-Listing-MyU-Learning-Collaboration/ta-p/437267", "distance": 0}
{"url": "https://my.uq.edu.au/", "distance": 0}
{"url": "https://vgmdb.net/artist/205", "distance": 0}
{"url": "https://myuhs.uhs.wisc.edu/login_dualauthentication.aspx", "distance": 0}
{"url": "https://cdle.colorado.gov/myui-plus", "distance": 0}
{"url": "https://www.ifilms.media/video/myu/", "distance": 0}
{"url": "https://poshmark.com/closet/myu", "distance": 0}
{"url": "https://www.etsy.com/market/sera_myu_cosplay", "distance": 0}
{"url": "https://en.wiktionary.org/wiki/myu", "distance": 0}
{"url": "https://www.uofmhealth.org/patient-visitor-guide/patient-portal", "distance": 0}
{"url": "https://my.unm.edu/dashboard", "distance": 0}
{"url": "https://nyulangone.org/locations/nyu-langone-orthopedic-hospital", "distance": 0}
{"url": "https://pubmed.ncbi.nlm.nih.gov/27568568/", "distance": 0}
{"url": "https://www.restaurantji.com/ny/flushing/myu-/", "distance": 0}
{"url": "https://hero.fandom.com/wiki/Myu", "distance": 0}
{"url": "https://www.gamestop.com/toys-games/stuffed-animals-plush/products/myu-white-cat-plush/11110292.html", "distance": 0}
{"url": "https://www.pearson.com/english/digital-tools/myenglishlab.html", "distance": 0}
{"url": "https://www.unisa.ac.za/sites/myunisa/default/", "distance": 0}
{"url": "https://www.simon.com/mall/battlefield-mall/stores?type=brands&id=6573", "distance": 0}
{"url": "https://www.amiami.com/eng/detail/?gcode=CARD-00014963", "distance": 0}
{"url": "http://mychart.nyulmc.org/", "distance": 0}
{"url": "https://www.flightradar24.com/data/airports/myu", "distance": 0}
{"url": "https://gateway.morgan.edu/", "distance": 0}
{"url": "https://zozo.jp/shop/myu/", "distance": 0}
{"url": "https://myub.buffalo.edu/", "distance": 0}
{"url": "https://myu.co/", "distance": 0}
{"url": "https://my.northeastern.edu/", "distance": 0}
{"url": "https://www.memphis.edu/", "distance": 0}
{"url": "https://www.boatinternational.com/yacht-market-intelligence/brokerage-sales-news/palmer-johnson-motor-yacht-myu-for-sale--41383", "distance": 0}
{"url": "https://www.amazon.com/Myu/e/B002E3HWX4", "distance": 0}
{"url": "https://www.crunchbase.com/organization/myu", "distance": 0}
{"url": "https://myniu.niu.edu/", "distance": 0}
{"url": "https://www.redbubble.com/shop/myu+stickers", "distance": 0}
{"url": "https://www.morleyyachts.com/yachts-for-sale/myu/", "distance": 0}
{"url": "https://www.bedbathandbeyond.com/store/product/amuse-myu-cat-plush-toy-in-white/5565927", "distance": 0}
{"url": "https://www.myunemployment.nj.gov/labor/myunemployment/schedule.shtml", "distance": 0}
{"url": "https://www.facebook.com/myuhelicopters/", "distance": 0}
{"url": "https://my.utrgv.edu/web/myutrgv/home", "distance": 0}
{"url": "https://www.trip.com/flights/airport-myu/mekoryuk-airport/", "distance": 0}
{"url": "https://na.finalfantasyxiv.com/lodestone/character/6825240/", "distance": 0}
{"url": "https://www.canada.ca/en/revenue-agency/services/e-services/e-services-individuals/account-individuals.html", "distance": 0}
{"url": "https://arifureta.fandom.com/wiki/Myu", "distance": 0}
{"url": "https://my.liu.edu/", "distance": 0}
{"url": "https://myuncchart.org/MyChart/", "distance": 0}
{"url": "https://www.zeldadungeon.net/wiki/Myu", "distance": 0}
{"url": "https://my.sc.edu/", "distance": 0}
{"url": "https://goislanders.com/sports/womens-tennis/roster/myu-kageyama/3184", "distance": 0}
{"url": "https://my.jh.edu/myJH/", "distance": 0}
{"url": "https://www.yachtcharterfleet.com/luxury-charter-yacht-30034/myu.htm", "distance": 0}
{"url": "https://en.wikipedia.org/wiki/MYU", "distance": 0}
{"url": "https://myuni.swansea.ac.uk/", "distance": 0}
{"url": "https://myu.mans.edu.eg/", "distance": 0}
{"url": "https://www.ut.edu/about-ut/university-services/information-technology-and-security/myutampa", "distance": 0}
{"url": "https://www.goodsmile.info/en/product/6428/Nendoroid+Plus+Star+Myu+Collectible+Rubber+Straps.html", "distance": 0}
{"url": "https://my.cwu.edu/", "distance": 0}
{"url": "https://www.seamless.com/menu/myu-41-90-bowne-street-flushing/2480063", "distance": 0}
{"url": "https://my.udel.edu/", "distance": 0}
{"url": "https://www.designboom.com/design/self-repair-myu-umbrella-design-11-09-2018/", "distance": 0}
{"url": "https://soundcloud.com/myu-entertainment", "distance": 0}
{"url": "https://www.bandsintown.com/a/65689-myu", "distance": 0}
{"url": "https://www.canberra.edu.au/current-students", "distance": 0}
{"url": "https://www.mtu.edu/webcams/", "distance": 0}
{"url": "https://en.wikipedia.org/wiki/Mewtwo", "distance": 0}
{"url": "https://www.albany.edu/myualbany", "distance": 0}
{"url": "https://nyufcu.com/", "distance": 0}
{"url": "https://twitter.com/myutilate?lang=en", "distance": 0}
{"url": "https://www.myu.umn.edu/", "distance": 0}
{"url": "https://www.umt.edu/my/", "distance": 0}
{"url": "https://www.abbreviations.com/MYU", "distance": 0}
{"url": "https://www.rcsb.org/ligand/MYU", "distance": 0}
{"url": "https://moeninjagirls.tumblr.com/post/626272056226545664/myu-sweet-ending-season-28-thanks-to", "distance": 0}
{"url": "https://my.uic.edu/", "distance": 0}
{"url": "https://rule34.xxx/index.php?page=post&s=list&tags=myu-po", "distance": 0}
{"url": "https://nyulangone.org/locations/inflammatory-bowel-disease-center", "distance": 0}
{"url": "https://icon.uiowa.edu/", "distance": 0}
{"url": "https://www.worthavenueyachts.com/yachts-for-sale/myu/", "distance": 0}
{"url": "https://www.linkedin.com/company/myu-helicopters", "distance": 0}
{"url": "https://www.animenewsnetwork.com/encyclopedia/people.php?id=27056", "distance": 0}
{"url": "https://my.ucdavis.edu/", "distance": 0}
{"url": "https://places.singleplatform.com/myu/menu?ref=Yahoo", "distance": 0}
{"url": "https://www.uhd.edu/myuhd/Pages/Student-Login.aspx", "distance": 0}
{"url": "https://my.ucsc.edu/", "distance": 0}
{"url": "https://www.kennesaw.edu/myksu/index.php", "distance": 0}
{"url": "https://forebears.io/surnames/myu", "distance": 0}
{"url": "https://www.yelp.com/biz/myu-beauty-irvine-3", "distance": 0}
{"url": "https://www.reddit.com/r/Arifureta/comments/g5yzff/what_is_myu_current_status/", "distance": 0}
{"url": "https://www.wattpad.com/stories/myu", "distance": 0}
{"url": "https://myubeauty.com/", "distance": 0}
{"url": "https://impact-products.com/protective-clothing/alternative-aprons/urethane-aprons/myu-48", "distance": 0}
{"url": "https://www.deviantart.com/tag/myu", "distance": 0}
{"url": "https://www.coingecko.com/en/coins/myubi/usd", "distance": 0}
{"url": "https://www.thefreedictionary.com/words-containing-myu", "distance": 0}
{"url": "https://myumyustore.com/", "distance": 0}
{"url": "https://myu-group.co.jp/en/index-en/", "distance": 0}
{"url": "https://www.myutelehealth.com/", "distance": 0}
{"url": "https://min.news/en/world/52576a2c7c8afe67acbf018bd5d3e6e2.html", "distance": 0}
{"url": "https://it.umn.edu/services-technologies/myu-portal", "distance": 0}
{"url": "https://my.uwf.edu/", "distance": 0}
{"url": "https://www.meundies.com/", "distance": 0}
{"url": "https://www.nyu.edu/", "distance": 0}
{"url": "https://www.deviantart.com/pixiveo/art/Log-Myu-Page-114-891894819", "distance": 0}
{"url": "https://flightaware.com/resources/airport/PAMY", "distance": 0}
{"url": "https://www.archdaily.com/72559/myu-restaurant-paul-kaloustian/50125f5c28ba0d1b4c000400-myu-restaurant-paul-kaloustian-image", "distance": 0}
{"url": "https://my.ucla.edu/", "distance": 0}
{"url": "https://my.fsu.edu/", "distance": 0}
{"url": "https://yachtharbour.com/yacht/myu-5518", "distance": 0}
{"url": "https://answers.microsoft.com/en-us/msoffice/forum/all/when-i-type-myu-that-u-keep-disappear-why/9ffea38c-77c1-4919-9d04-c3972c9bc710", "distance": 0}
{"url": "https://prodmyinfo.montana.edu/pls/bzagent/twbkwbis.P_GenMenu?name=homepage", "distance": 0}
{"url": "https://play.google.com/store/apps/details?id=com.myu.android&hl=en_US&gl=US", "distance": 0}
{"url": "https://my.bgsu.edu/", "distance": 0}
{"url": "https://www.d.umn.edu/", "distance": 0}
{"url": "https://www.instagram.com/myu.inoue/?hl=en", "distance": 0}
{"url": "https://www.trendsmap.com/twitter/tweet/1437658150472196096", "distance": 0}
{"url": "https://www.urbandictionary.com/define.php?term=Myu", "distance": 0}
{"url": "https://my.umbc.edu/", "distance": 0}
{"url": "https://my.unh.edu/", "distance": 0}
{"url": "https://www.imdb.com/name/nm4970971/", "distance": 0}
{"url": "https://www.allacronyms.com/MYU", "distance": 0}
{"url": "https://top.gg/bot/438057969251254293", "distance": 0}
{"url": "http://www.myumakeup.com/", "distance": 0}
{"url": "http://acronymsandslang.com/MYU-meaning.html", "distance": 0}
{"url": "https://www.staradvertiser.com/2021/09/11/editorial/kauakukalahale/column-he-myu-aeo-ia-a-i-aeole-he-mu-he-aeano-mu-no-paha/", "distance": 0}
{"url": "https://goodsrepublic.com/product/tag_page.html?tags=173055&p=1", "distance": 0}
{"url": "https://www.usf.edu/it/class-prep/myusf.aspx", "distance": 0}
{"url": "https://my.unsw.edu.au/", "distance": 0}
{"url": "https://www.myu.ac.jp/english/", "distance": 0}
{"url": "https://www.thepoetryofitall.com/releases/p/myu", "distance": 0}
{"url": "https://myuc.canterbury.ac.nz/", "distance": 0}
{"url": "https://www.chamberlainyachts.com/yacht-for-sale/myu-256808/", "distance": 0}
{"url": "https://myu.edu.pk/", "distance": 0}
{"url": "https://www.denisonyachtsales.com/yachts-for-sale/90-Palmer-Johnson-Orange-Beach/256808-yc", "distance": 0}
{"url": "https://www.names.org/n/myu/about", "distance": 0}
{"url": "https://myu.umc.edu/", "distance": 0}
{"url": "https://www.uvm.edu/", "distance": 0}
{"url": "https://www.lomography.com/cameras/3337165-myu/photos", "distance": 0}
{"url": "https://my.lmu.edu/", "distance": 0}
{"url": "https://www.world-airport-codes.com/united-states/myu-71231.html", "distance": 0}
{"url": "https://www.myuhc.com/", "distance": 0}
{"url": "https://my.fiu.edu/", "distance": 0}
{"url": "https://my.usd.edu/", "distance": 0}
{"url": "https://open.spotify.com/album/2NswNowS6yUqNGQVEfhQrL", "distance": 0}
{"url": "https://www.cooley.com/people/milson-yu", "distance": 0}
{"url": "https://www.wigoutlet.com/products/myu-synthetic-wig-sentoo", "distance": 0}
{"url": "https://myuplanning.co.jp/works/sanpoutei-nyc", "distance": 0}
{"url": "https://www.pixiv.net/en/users/2718623", "distance": 0}
{"url": "https://myu.universitecentrale.net/", "distance": 0}
{"url": "https://www.umgc.edu/login/index.cfm", "distance": 0}
{"url": "https://www.architonic.com/de/project/paul-kaloustian-architect-myu-restaurant-bar/5100658", "distance": 0}
{"url": "https://mtstandard.com/news/local/obituaries/marylee-myu-lingenfelter-72/article_1b2320a2-1f55-11e3-b926-001a4bcf887a.html", "distance": 0}
{"url": "https://accounts.google.com/AccountChooser", "distance": 0}
{"url": "https://www.myus.com/", "distance": 0}
{"url": "https://www.onetravel.com/airports/flights-to-mekoryuk-airport-myu", "distance": 0}
{"url": "https://myuhealthchart.com/", "distance": 0}
{"url": "https://apps.apple.com/us/app/myu-school-communication/id740372863", "distance": 0}
{"url": "https://myanimelist.net/people/20566/myu", "distance": 0}
{"url": "https://www.tripadvisor.com/LocationPhotoDirectLink-g187147-d8616614-i313332534-Myu_Myu-Paris_Ile_de_France.html", "distance": 0}
{"url": "https://jellybeet.com/amuse-myu-white-cat-plush/", "distance": 0}
{"url": "https://www.globalair.com/airport/apt.weather.aspx?aptcode=LS97", "distance": 0}
{"url": "https://quixoteglobe.com/modiste776798.html", "distance": 0}
{"url": "https://www.yukastylebh.com/sentoo-collection/myu-1882-by-sentoo", "distance": 0}
{"url": "https://www.howtopronounce.com/myu", "distance": 0}
{"url": "https://support.clo3d.com/hc/en-us/articles/115000493107-2D-Pattern-MYU-Import", "distance": 0}
{"url": "https://launchpad.classlink.com/poway", "distance": 0}
{"url": "https://golobos.com/roster/myu-kageyama/", "distance": 0}
{"url": "https://my.utsa.edu/", "distance": 0}
{"url": "https://www.youtube.com/watch?v=uUpYZ70sf6Y", "distance": 0}
{"url": "https://www.gyu-kaku.com/", "distance": 0}
{"url": "https://one.sjsu.edu/", "distance": 0}
{"url": "https://ung.edu/", "distance": 0}
{"url": "https://myu.unbc.ca/", "distance": 0}
{"url": "https://www.sciencedirect.com/science/article/pii/S2211124716310610", "distance": 0}
{"url": "https://www.myplate.gov/", "distance": 0}
{"url": "https://my-account.umn.edu/", "distance": 0}
{"url": "https://myu-photos.tumblr.com/", "distance": 0}
{"url": "https://my.byu.edu/", "distance": 0}
{"url": "https://myuh.hawaii.edu/", "distance": 0}
{"url": "https://iso639-3.sil.org/code/myu", "distance": 0}
{"url": "https://ameblo.jp/myu-ny/", "distance": 0}
{"url": "https://my.ucf.edu/", "distance": 0}
{"url": "https://umanitoba.ca/email", "distance": 0}
{"url": "https://www.behindthevoiceactors.com/tv-shows/Arifureta-From-Commonplace-to-Worlds-Strongest/Myu/", "distance": 0}
{"url": "https://www.superyachttimes.com/yachts/myu", "distance": 0}
{"url": "https://myupmc.upmc.com/", "distance": 0}
{"url": "https://www.marinetraffic.com/en/ais/details/ships/shipid:452876/mmsi:367636310/imo:0/vessel:MYU", "distance": 0}
{"url": "https://elwiki.net/w/Myu", "distance": 0}
{"url": "https://www.flightconnections.com/flights-from-mekoryuk-myu", "distance": 0}
{"url": "https://www.ifilms.media/", "distance": "1"}
{"url": "https://www.ifilms.media/", "distance": "1"}
{"url": "https://www.ifilms.media/", "distance": "1"}
{"url": "https://www.ifilms.media/", "distance": "1"}
{"url": "https://www.ifilms.media/", "distance": "1"}
{"url": "https://www.ifilms.media/video-category/entrepreneurs/", "distance": "1"}
{"url": "https://www.ifilms.media/video-category/shows/", "distance": "1"}
{"url": "https://www.ifilms.media/wp-content/uploads/2021/05/MyU_12.jpg", "distance": "1"}
{"url": "https://www.ifilms.media/wp-content/uploads/2021/05/MyU_6.jpg", "distance": "1"}
{"url": "https://www.ifilms.media/wp-content/uploads/2021/05/MyU_11.jpg", "distance": "1"}
{"url": "https://www.ifilms.media/wp-content/uploads/2021/05/MyU_7.jpg", "distance": "1"}
{"url": "https://www.ifilms.media/wp-content/uploads/2021/05/MyU_8.jpg", "distance": "1"}
{"url": "https://www.ifilms.media/wp-content/uploads/2021/05/MyU_9.jpg", "distance": "1"}
{"url": "https://www.ifilms.media/wp-content/uploads/2021/05/MyU_1.jpg", "distance": "1"}
{"url": "https://www.ifilms.media/wp-content/uploads/2021/05/MyU_2.jpg", "distance": "1"}
{"url": "https://www.ifilms.media/wp-content/uploads/2021/05/MyU_3.jpg", "distance": "1"}
{"url": "https://www.ifilms.media/wp-content/uploads/2021/05/MyU_4.jpg", "distance": "1"}
{"url": "https://www.ifilms.media/wp-content/uploads/2021/05/MyU_5.jpg", "distance": "1"}
{"url": "https://www.ifilms.media/wp-content/uploads/2021/05/MyU_10.jpg", "distance": "1"}
{"url": "https://www.ifilms.media/video/ucas/", "distance": "1"}
{"url": "https://www.ifilms.media/video-category/entrepreneurs/", "distance": "1"}
{"url": "https://www.ifilms.media/video-category/shows/", "distance": "1"}
{"url": "https://www.ifilms.media/video/kuwaiti-theater/", "distance": "1"}
{"url": "https://www.ifilms.media/video-category/arabic-theatre/", "distance": "1"}
{"url": "https://www.ifilms.media/video-category/shows/", "distance": "1"}
{"url": "https://www.ifilms.media/video/elkarnak/", "distance": "1"}
{"url": "https://www.ifilms.media/video-category/out-of-text/", "distance": "1"}
{"url": "https://www.ifilms.media/video-category/shows/", "distance": "1"}
{"url": "https://www.myuofmhealth.org/MyChart-PRD/", "distance": "1"}
{"url": "https://www.uofmhealth.org/about-umhs/best-hospitals", "distance": "1"}
{"url": "http://maps.google.com/maps?q=301+East+17th+Street+New+York%2C+NY+10003", "distance": "1"}
{"url": "http://maps.google.com/maps?q=301+East+17th+Street%2C+New+York%2C+NY%2C+10003", "distance": "1"}
{"url": "http://maps.google.com/maps?q=301+East+17th+Street%2C+New+York%2C+NY%2C+10003", "distance": "1"}
{"url": "https://nyulangone.org/news/how-we-delivered-more-156000-doses-5-months-across-21-locations", "distance": "1"}
{"url": "https://nyulangone.org/news/new-york-post-patients-are-rescheduling-elective-surgeries-postponed-because-coronavirus", "distance": "1"}
{"url": "https://nyulangone.org/news/nurses-social-workers-part-mission-enhance-advance-care-planning-among-patients", "distance": "1"}
{"url": "https://nyulangone.org/news/room-all-smoothly-directing-nyu-langones-patient-volume-during-pandemic", "distance": "1"}
{"url": "https://nyulangone.org/news/new-york-times-hospital-chaplains-respond-coronavirus-support-patients-families-staff", "distance": "1"}
{"url": "https://nyulangone.org/news/internationally-renowned-orthopedic-surgeon-lead-foot-ankle-division-nyu-langone-health", "distance": "1"}
{"url": "https://nyulangone.org/news/top-joint-replacement-surgeon-lead-nyu-langones-adult-reconstructive-surgery-division", "distance": "1"}
{"url": "https://nyulangone.org/news/neurocognitive-impairment-linked-worse-outcomes-after-total-joint-replacement", "distance": "1"}
{"url": "https://nyulangone.org/news/new-assessment-tool-helps-identify-risk-post-surgical-dislocations-after-total-hip-replacement", "distance": "1"}
{"url": "https://nyulangone.org/news/study-validates-software-tool-assess-mortality-risk-older-patients-orthopedic-fractures", "distance": "1"}
{"url": "https://nyulangone.org/news/initiatives-improve-quality-outcomes-costs-orthopedic-surgery", "distance": "1"}
{"url": "https://nyulangone.org/news/nyu-langones-2017-musculoskeletal-ball-raises-more-than-1-3-million-advance-medicine-education-research-orthopedics-rheumatology-rehabilitation", "distance": "1"}
{"url": "https://www.restaurantji.com/order.php?id=5542893", "distance": "1"}
{"url": "https://www.etsy.com/help/article/372", "distance": "1"}
{"url": "https://www.etsy.com/market/sera_myu_cosplay?min=&max=25&price_bucket=1", "distance": "1"}
{"url": "https://www.etsy.com/market/sera_myu_cosplay?min=25&max=50&price_bucket=1", "distance": "1"}
{"url": "https://www.etsy.com/market/sera_myu_cosplay?min=50&max=100&price_bucket=1", "distance": "1"}
{"url": "https://www.etsy.com/market/sera_myu_cosplay?min=100&max=&price_bucket=1", "distance": "1"}
{"url": "https://www.etsy.com/listing/693632683/sailor-moon-sera-myu-all-scouts?ga_order=most_relevant&ga_search_type=all&ga_view_type=gallery&ga_search_query=sera+myu+cosplay&ref=sr_gallery-1-1&frs=1", "distance": "1"}
{"url": "https://www.etsy.com/listing/1052573203/presale-sailor-moon-cosplay-halloween?ga_order=most_relevant&ga_search_type=all&ga_view_type=gallery&ga_search_query=sera+myu+cosplay&ref=sr_gallery-1-2&frs=1&bes=1", "distance": "1"}
{"url": "https://www.etsy.com/listing/674152157/customize-tsukino-usagi-serena-sailor?ga_order=most_relevant&ga_search_type=all&ga_view_type=gallery&ga_search_query=sera+myu+cosplay&ref=sr_gallery-1-3&frs=1", "distance": "1"}
{"url": "https://www.etsy.com/listing/719480227/customize-sailor-jupiter-kino-makoto?ga_order=most_relevant&ga_search_type=all&ga_view_type=gallery&ga_search_query=sera+myu+cosplay&ref=sr_gallery-1-4&frs=1", "distance": "1"}
{"url": "https://www.etsy.com/listing/1010549560/sailor-moon-sera-myu-1993-paper-pamphlet?ga_order=most_relevant&ga_search_type=all&ga_view_type=gallery&ga_search_query=sera+myu+cosplay&ref=sr_gallery-1-5", "distance": "1"}
{"url": "https://www.etsy.com/listing/220969369/sailor-scout-moon-cosplay-costume-royal?ga_order=most_relevant&ga_search_type=all&ga_view_type=gallery&ga_search_query=sera+myu+cosplay&ref=sr_gallery-1-6&frs=1", "distance": "1"}
{"url": "https://www.etsy.com/listing/660284216/customize-sailor-moon-sailor-mars-hino?ga_order=most_relevant&ga_search_type=all&ga_view_type=gallery&ga_search_query=sera+myu+cosplay&ref=sr_gallery-1-7&frs=1", "distance": "1"}
{"url": "https://www.etsy.com/listing/130121436/sailor-moon-sera-myu-stage-musical-tiara?ga_order=most_relevant&ga_search_type=all&ga_view_type=gallery&ga_search_query=sera+myu+cosplay&ref=sr_gallery-1-8&col=1", "distance": "1"}
{"url": "https://www.etsy.com/listing/1003834712/sailor-moon-corset-rave-outfit-halloween?ga_order=most_relevant&ga_search_type=all&ga_view_type=gallery&ga_search_query=sera+myu+cosplay&ref=sr_gallery-1-9&frs=1", "distance": "1"}
{"url": "https://www.etsy.com/listing/700141585/sailor-moon-boot-moons-moons-only?ga_order=most_relevant&ga_search_type=all&ga_view_type=gallery&ga_search_query=sera+myu+cosplay&ref=sr_gallery-1-10", "distance": "1"}
{"url": "https://www.etsy.com/listing/482101057/sailor-moon-senshi-cosplay-collar?ga_order=most_relevant&ga_search_type=all&ga_view_type=gallery&ga_search_query=sera+myu+cosplay&ref=sr_gallery-1-11", "distance": "1"}
{"url": "https://www.etsy.com/listing/1010545844/sailor-moon-sera-myu-petite-etrangere?ga_order=most_relevant&ga_search_type=all&ga_view_type=gallery&ga_search_query=sera+myu+cosplay&ref=sr_gallery-1-12", "distance": "1"}
{"url": "https://www.etsy.com/listing/471920650/sailor-moon-bootlets-shoe-covers-boot?ga_order=most_relevant&ga_search_type=all&ga_view_type=gallery&ga_search_query=sera+myu+cosplay&ref=sr_gallery-1-13&frs=1&col=1", "distance": "1"}
{"url": "https://www.etsy.com/listing/1027672778/sailor-moon-cosplay-custom-cosplay?ga_order=most_relevant&ga_search_type=all&ga_view_type=gallery&ga_search_query=sera+myu+cosplay&ref=sr_gallery-1-14&frs=1", "distance": "1"}
{"url": "https://www.etsy.com/listing/540747216/super-sailor-chibi-moon-cosplay-collar?ga_order=most_relevant&ga_search_type=all&ga_view_type=gallery&ga_search_query=sera+myu+cosplay&ref=sr_gallery-1-15&frs=1", "distance": "1"}
{"url": "https://www.etsy.com/listing/692985545/tiara-sailor-moon-diadema-fantasy?ga_order=most_relevant&ga_search_type=all&ga_view_type=gallery&ga_search_query=sera+myu+cosplay&ref=sr_gallery-1-16&col=1", "distance": "1"}
{"url": "https://www.etsy.com/listing/1007166758/sailor-moon-usagi-tsukino-serena-cosplay?ga_order=most_relevant&ga_search_type=all&ga_view_type=gallery&ga_search_query=sera+myu+cosplay&ref=sr_gallery-1-17&frs=1", "distance": "1"}
{"url": "https://www.etsy.com/listing/716628103/inspired-sailor-moon-wig-sailor-senshi?ga_order=most_relevant&ga_search_type=all&ga_view_type=gallery&ga_search_query=sera+myu+cosplay&ref=sr_gallery-1-18", "distance": "1"}
{"url": "https://www.etsy.com/listing/1058081007/custom-sailor-moon-cosplay?ga_order=most_relevant&ga_search_type=all&ga_view_type=gallery&ga_search_query=sera+myu+cosplay&ref=sr_gallery-1-19&frs=1", "distance": "1"}
{"url": "https://www.etsy.com/listing/485348049/sailor-moon-senshi-cosplay-collar?ga_order=most_relevant&ga_search_type=all&ga_view_type=gallery&ga_search_query=sera+myu+cosplay&ref=sr_gallery-1-20", "distance": "1"}
{"url": "https://www.etsy.com/listing/674069541/customize-sailor-moon-sailor-saturn?ga_order=most_relevant&ga_search_type=all&ga_view_type=gallery&ga_search_query=sera+myu+cosplay&ref=sr_gallery-1-21&frs=1", "distance": "1"}
{"url": "https://www.etsy.com/listing/153227808/sailor-moon-mars-cosplay-metal-tiara?ga_order=most_relevant&ga_search_type=all&ga_view_type=gallery&ga_search_query=sera+myu+cosplay&ref=sr_gallery-1-22", "distance": "1"}
{"url": "https://www.etsy.com/listing/164142525/sailor-moon-boots-sizes-5-6-and-11?ga_order=most_relevant&ga_search_type=all&ga_view_type=gallery&ga_search_query=sera+myu+cosplay&ref=sr_gallery-1-23&col=1", "distance": "1"}
{"url": "https://www.etsy.com/listing/819144083/sailor-moon-sailor-senshi-cosplay?ga_order=most_relevant&ga_search_type=all&ga_view_type=gallery&ga_search_query=sera+myu+cosplay&ref=sr_gallery-1-24&frs=1", "distance": "1"}
{"url": "https://www.etsy.com/listing/725926545/tsukino-usagi-serena-sailor-moon-cosplay?ga_order=most_relevant&ga_search_type=all&ga_view_type=gallery&ga_search_query=sera+myu+cosplay&ref=sr_gallery-1-25&frs=1", "distance": "1"}
{"url": "https://www.etsy.com/listing/522858506/sailor-moon-odango-shields-2-size?ga_order=most_relevant&ga_search_type=all&ga_view_type=gallery&ga_search_query=sera+myu+cosplay&ref=sr_gallery-1-26", "distance": "1"}
{"url": "https://www.etsy.com/listing/472453326/sailor-moon-scout-uniform-fuku-anime?ga_order=most_relevant&ga_search_type=all&ga_view_type=gallery&ga_search_query=sera+myu+cosplay&ref=sr_gallery-1-27", "distance": "1"}
{"url": "https://www.etsy.com/listing/744746821/sailor-moon-tuxedo-mask-chiba-mamoru?ga_order=most_relevant&ga_search_type=all&ga_view_type=gallery&ga_search_query=sera+myu+cosplay&ref=sr_gallery-1-28&frs=1", "distance": "1"}
{"url": "https://www.etsy.com/listing/840945859/sailor-moon-costume-sailor-moon-cosplay?ga_order=most_relevant&ga_search_type=all&ga_view_type=gallery&ga_search_query=sera+myu+cosplay&ref=sr_gallery-1-29&pro=1&frs=1", "distance": "1"}
{"url": "https://www.etsy.com/listing/555954099/princess-serenity-cosplay-costume?ga_order=most_relevant&ga_search_type=all&ga_view_type=gallery&ga_search_query=sera+myu+cosplay&ref=sr_gallery-1-30", "distance": "1"}
{"url": "https://www.etsy.com/listing/725925903/sailor-moon-sailor-mars-hino-rei-cosplay?ga_order=most_relevant&ga_search_type=all&ga_view_type=gallery&ga_search_query=sera+myu+cosplay&ref=sr_gallery-1-31&frs=1", "distance": "1"}
{"url": "https://www.etsy.com/listing/261100303/sailor-scout-tiaras-brooches?ga_order=most_relevant&ga_search_type=all&ga_view_type=gallery&ga_search_query=sera+myu+cosplay&ref=sr_gallery-1-32&frs=1", "distance": "1"}
{"url": "https://www.etsy.com/listing/1021094339/sailor-moon-sailor-tsukino-usagi-serena?ga_order=most_relevant&ga_search_type=all&ga_view_type=gallery&ga_search_query=sera+myu+cosplay&ref=sr_gallery-1-33&frs=1", "distance": "1"}
{"url": "https://www.etsy.com/listing/683283638/crystal-sailor-scout-tiaras?ga_order=most_relevant&ga_search_type=all&ga_view_type=gallery&ga_search_query=sera+myu+cosplay&ref=sr_gallery-1-34&frs=1", "distance": "1"}
{"url": "https://www.etsy.com/listing/659984162/customize-sailor-moon-sailor-mercury?ga_order=most_relevant&ga_search_type=all&ga_view_type=gallery&ga_search_query=sera+myu+cosplay&ref=sr_gallery-1-35&frs=1", "distance": "1"}
{"url": "https://www.etsy.com/listing/674098119/customize-sailor-moon-sailor-venus-aino?ga_order=most_relevant&ga_search_type=all&ga_view_type=gallery&ga_search_query=sera+myu+cosplay&ref=sr_gallery-1-36&frs=1", "distance": "1"}
{"url": "https://www.etsy.com/listing/892532225/sailor-moon-senshi-fuku-costume-pattern?ga_order=most_relevant&ga_search_type=all&ga_view_type=gallery&ga_search_query=sera+myu+cosplay&ref=sr_gallery-1-37", "distance": "1"}
{"url": "https://www.etsy.com/listing/674098477/customize-sailor-moon-chibiusa-sailor?ga_order=most_relevant&ga_search_type=all&ga_view_type=gallery&ga_search_query=sera+myu+cosplay&ref=sr_gallery-1-38&frs=1", "distance": "1"}
{"url": "https://www.etsy.com/listing/882190373/handmade-sarah-labyrinth-costume-sarah?ga_order=most_relevant&ga_search_type=all&ga_view_type=gallery&ga_search_query=sera+myu+cosplay&ref=sr_gallery-1-39", "distance": "1"}
{"url": "https://www.etsy.com/listing/1008256069/sailor-moon-neo-queen-serenity-cosplay?ga_order=most_relevant&ga_search_type=all&ga_view_type=gallery&ga_search_query=sera+myu+cosplay&ref=sr_gallery-1-40&frs=1", "distance": "1"}
{"url": "https://etsy.app.link/d7nDUdp49V", "distance": "1"}
{"url": "https://www.gamestop.com/weekly-ad", "distance": "1"}
{"url": "https://www.gamestop.com/gift-cards", "distance": "1"}
{"url": "https://www.gamestop.com/order/search/", "distance": "1"}
{"url": "https://www.gamestop.com/stores/?showMap=true&horizontalView=true&isForm=true", "distance": "1"}
{"url": "https://www.gamestop.com/video-games", "distance": "1"}
{"url": "https://www.gamestop.com/consoles-hardware", "distance": "1"}
{"url": "https://www.gamestop.com/gaming-accessories", "distance": "1"}
{"url": "https://www.gamestop.com/electronics", "distance": "1"}
{"url": "https://www.gamestop.com/collectibles", "distance": "1"}
{"url": "https://www.gamestop.com/clothing", "distance": "1"}
{"url": "https://www.gamestop.com/stores/?showMap=true&horizontalView=true&isForm=true", "distance": "1"}
{"url": "https://play.google.com/store/apps/details?id=com.gamestop.powerup&utm_source=mWeb&utm_medium=banner&utm_campaign=AppInstallOpenBanner", "distance": "1"}
{"url": "https://care.gamestop.com/store-return-policy", "distance": "1"}
{"url": "https://www.gamestop.com/stores/?showMap=true&horizontalView=true&isForm=true", "distance": "1"}
{"url": "https://www.gamestop.com/poweruprewards/", "distance": "1"}
{"url": "https://www.facebook.com/GameStop", "distance": "1"}
{"url": "https://www.twitter.com/GameStop", "distance": "1"}
{"url": "https://www.youtube.com/GameStopVideo", "distance": "1"}
{"url": "https://www.instagram.com/gamestop/?hl=en", "distance": "1"}
{"url": "https://itunes.apple.com/us/app/gamestop/id406033647?mt=8", "distance": "1"}
{"url": "https://play.google.com/store/apps/details?id=com.gamestop.powerup", "distance": "1"}
{"url": "https://www.gamestop.com/affiliate.html", "distance": "1"}
{"url": "http://news.gamestop.com/", "distance": "1"}
{"url": "https://careers.gamestop.com/", "distance": "1"}
{"url": "https://www.gamestop.com/PrivacyPolicy.html", "distance": "1"}
{"url": "https://www.gamestop.com/disclaimer.html", "distance": "1"}
{"url": "https://www.gamestop.com/catransparencyact.html", "distance": "1"}
{"url": "https://www.gamestop.com/accessibility.html", "distance": "1"}
{"url": "https://www.uq.edu.au/", "distance": "1"}
{"url": "https://my.uq.edu.au", "distance": "1"}
{"url": "https://threeminutethesis.uq.edu.au/3mt-final-showcase", "distance": "1"}
{"url": "https://life.uq.edu.au/event/student-safety-month", "distance": "1"}
{"url": "https://music.uq.edu.au/Gianni-Schicchi", "distance": "1"}
{"url": "http://www.uq.edu.au/events/", "distance": "1"}
{"url": "https://uq.edu.au/contacts", "distance": "1"}
{"url": "https://www.uq.edu.au/about/cricos-link", "distance": "1"}
{"url": "https://www.uq.edu.au/terms-of-use/", "distance": "1"}
{"url": "https://my.uq.edu.au/feedback?r=https://my.uq.edu.au/home", "distance": "1"}
{"url": "https://www.flightradar24.com/premium", "distance": "1"}
{"url": "https://www.jetphotos.com/", "distance": "1"}
{"url": "https://www.flightradar24.com/premium", "distance": "1"}
{"url": "https://www.flightradar24.com/premium/signup", "distance": "1"}
{"url": "https://www.flightradar24.com/premium/#featureInfo152", "distance": "1"}
{"url": "https://www.flightradar24.com/premium/#featureInfo153", "distance": "1"}
{"url": "https://www.flightradar24.com/premium/#featureInfo153", "distance": "1"}
{"url": "https://myexams.unisa.ac.za", "distance": "1"}
{"url": "https://www.unisa.ac.za/sites/corporate/default/Apply-for-admission", "distance": "1"}
{"url": "https://www.unisa.ac.za/sites/myunisa/default/Assignments-&-Examination/Examinations/Essential-tips-for-online-examinations", "distance": "1"}
{"url": "https://myexams.unisa.ac.za", "distance": "1"}
{"url": "https://www.unisa.ac.za/sites/corporate/default/Apply-for-admission", "distance": "1"}
{"url": "https://www.unisa.ac.za/sites/myunisa/default/Assignments-&-Examination/Examinations/Essential-tips-for-online-examinations", "distance": "1"}
{"url": "http://mylife.unisa.ac.za", "distance": "1"}
{"url": "https://unisa.westeurope.cloudapp.azure.com/exam-results-service", "distance": "1"}
{"url": "https://stratus.unisa.ac.za/sacdl20/asps/unisa_assignments.asp", "distance": "1"}
{"url": "http://mylife.unisa.ac.za", "distance": "1"}
{"url": "https://unisa.westeurope.cloudapp.azure.com/exam-results-service", "distance": "1"}
{"url": "https://stratus.unisa.ac.za/sacdl20/asps/unisa_assignments.asp", "distance": "1"}
{"url": "https://www.facebook.com/UniversityOfSouthAfrica", "distance": "1"}
{"url": "https://twitter.com/unisa", "distance": "1"}
{"url": "https://www.youtube.com/user/UnisaVideos", "distance": "1"}
{"url": "https://www.memphis.edu/coronavirusupdates/", "distance": "1"}
{"url": "https://www.memphis.edu/admissions/index-old.php", "distance": "1"}
{"url": "https://www.memphis.edu/graduateadmissions/index.php", "distance": "1"}
{"url": "https://www.memphis.edu/admissions/freshmen/visitcampus.php", "distance": "1"}
{"url": "https://www.memphis.edu/scholarships/index.php", "distance": "1"}
{"url": "https://www.memphis.edu/financialaid/index.php", "distance": "1"}
{"url": "https://www.memphis.edu/admissions/request.php", "distance": "1"}
{"url": "https://www.memphis.edu/gradschool/requestinfo.php", "distance": "1"}
{"url": "https://www.memphis.edu/uofmglobal/about/request-information.php", "distance": "1"}
{"url": "https://www.memphis.edu/academics/index.php", "distance": "1"}
{"url": "https://www.memphis.edu/admissions/index-old.php", "distance": "1"}
{"url": "https://www.memphis.edu/gradschool/index.php", "distance": "1"}
{"url": "https://www.memphis.edu/graduateadmissions/index.php", "distance": "1"}
{"url": "https://www.memphis.edu/cies/index.php", "distance": "1"}
{"url": "https://www.memphis.edu/admissions/international-archive/index.php", "distance": "1"}
{"url": "https://www.memphis.edu/law/index.php", "distance": "1"}
{"url": "https://www.memphis.edu/law/admissions/index.php", "distance": "1"}
{"url": "https://www.memphis.edu/#/vte/?data-platform=v&data-link-type=immersive&data-inst=63583&data-image-width=100%&data-image-height=100%&", "distance": "1"}
{"url": "http://youvis.it/polmD3", "distance": "1"}
{"url": "http://youvis.it/BmfYSg", "distance": "1"}
{"url": "http://youvis.it/p4rR8s", "distance": "1"}
{"url": "http://youvis.it/PlMMcX", "distance": "1"}
{"url": "https://www.memphis.edu/uofmglobal/", "distance": "1"}
{"url": "https://www.memphis.edu/lambuth/", "distance": "1"}
{"url": "https://www.instagram.com/uofmemphis/", "distance": "1"}
{"url": "https://www.facebook.com/uofmemphis", "distance": "1"}
{"url": "https://twitter.com/uofmemphis", "distance": "1"}
{"url": "https://www.youtube.com/user/uofmemphisvideos", "distance": "1"}
{"url": "https://www.linkedin.com/school/the-university-of-memphis/", "distance": "1"}
{"url": "https://tnecampus.info/", "distance": "1"}
{"url": "https://www.tntransferpathway.org/", "distance": "1"}
{"url": "https://www.niu.edu/students.shtml", "distance": "1"}
{"url": "https://niu.edu/faculty-staff.shtml", "distance": "1"}
{"url": "https://niu.edu/parents.shtml", "distance": "1"}
{"url": "https://www.myniu.com/", "distance": "1"}
{"url": "https://niu.edu/community/index.shtml", "distance": "1"}
{"url": "https://employment.niu.edu/", "distance": "1"}
{"url": "https://webcourses.niu.edu/", "distance": "1"}
{"url": "https://myniu.niu.edu/ps/signon.html", "distance": "1"}
{"url": "https://go.niu.edu/my-scholarships", "distance": "1"}
{"url": "https://go.niu.edu/huskielink", "distance": "1"}
{"url": "https://o365.niu.edu", "distance": "1"}
{"url": "https://anywhereapps.niu.edu", "distance": "1"}
{"url": "https://niu.qualtrics.com", "distance": "1"}
{"url": "https://go.niu.edu/navigate", "distance": "1"}
{"url": "https://niu.edu/careerservices/huskies-get-hired/index.shtml", "distance": "1"}
{"url": "https://o365.niu.edu", "distance": "1"}
{"url": "https://password.niu.edu", "distance": "1"}
{"url": "https://www.niu.edu/students.shtml", "distance": "1"}
{"url": "https://niu.edu/faculty-staff.shtml", "distance": "1"}
{"url": "https://niu.edu/parents.shtml", "distance": "1"}
{"url": "https://www.myniu.com/", "distance": "1"}
{"url": "https://niu.edu/community/index.shtml", "distance": "1"}
{"url": "https://employment.niu.edu/", "distance": "1"}
{"url": "https://webcourses.niu.edu/", "distance": "1"}
{"url": "https://myniu.niu.edu/ps/signon.html", "distance": "1"}
{"url": "https://go.niu.edu/my-scholarships", "distance": "1"}
{"url": "https://go.niu.edu/huskielink", "distance": "1"}
{"url": "https://o365.niu.edu", "distance": "1"}
{"url": "https://anywhereapps.niu.edu", "distance": "1"}
{"url": "https://niu.qualtrics.com", "distance": "1"}
{"url": "https://go.niu.edu/navigate", "distance": "1"}
{"url": "https://niu.edu/careerservices/huskies-get-hired/index.shtml", "distance": "1"}
{"url": "https://o365.niu.edu", "distance": "1"}
{"url": "https://password.niu.edu", "distance": "1"}
{"url": "https://www.amazon.com/ap/signin?openid.pape.max_auth_age=0&openid.return_to=https%3A%2F%2Fwww.amazon.com%2Fgp%2Fentity%2Fdefault%2FB002E3HWX4%2F%3Fie%3DUTF8%26isDramIntegrated%3Dtrue%26redirectedFromKindleDbs%3Dtrue%26rfkd%3D1%26shoppingPortalEnabled%3Dtrue%26ref_%3Dnav_ya_signin&openid.identity=http%3A%2F%2Fspecs.openid.net%2Fauth%2F2.0%2Fidentifier_select&openid.assoc_handle=usflex&openid.mode=checkid_setup&openid.claimed_id=http%3A%2F%2Fspecs.openid.net%2Fauth%2F2.0%2Fidentifier_select&openid.ns=http%3A%2F%2Fspecs.openid.net%2Fauth%2F2.0&", "distance": "1"}
{"url": "https://pharmacy.amazon.com/?ref_=nav_cs_pharmacy_641fc8228c0a4254ba0c834bf1a0429c", "distance": "1"}
{"url": "https://www.amazon.com/dp/B00007KL4D/ref=ntt_mus_ep_dpi_1/133-6691762-0639565", "distance": "1"}
{"url": "https://www.amazon.com/dp/B00007KL4D/ref=ntt_mus_dp_dpp_1/133-6691762-0639565", "distance": "1"}
{"url": "https://www.amazon.com/dp/B00005V4AE/ref=ntt_mus_ep_dpi_2/133-6691762-0639565", "distance": "1"}
{"url": "https://www.amazon.com/dp/B00005Q7MC/ref=ntt_mus_ep_dpi_3/133-6691762-0639565", "distance": "1"}
{"url": "https://nj.gov/governor/", "distance": "1"}
{"url": "https://twitter.com/NJLaborDept", "distance": "1"}
{"url": "https://www.facebook.com/NJLabor/", "distance": "1"}
{"url": "https://secure.dol.state.nj.us/sso/XUI/?realm=ui#register/", "distance": "1"}
{"url": "https://secure.dol.state.nj.us/sso/XUI/#login/&realm=ui&goto=https%3A%2F%2Fclaimproxy.dol.state.nj.us%3A443%2Fnjsuccess", "distance": "1"}
{"url": "https://lwdwebpt.dol.state.nj.us/ClaimStatus/", "distance": "1"}
{"url": "https://myunemployment.nj.gov/labor/myunemployment/schedule.shtml", "distance": "1"}
{"url": "https://my.state.nj.us/openam/UI/Login", "distance": "1"}
{"url": "https://twitter.com/NJLaborDept", "distance": "1"}
{"url": "https://www.facebook.com/NJLabor/", "distance": "1"}
{"url": "https://tech.nj.gov/", "distance": "1"}
{"url": "https://my.utrgv.edu", "distance": "1"}
{"url": "https://myaccount.utrgv.edu", "distance": "1"}
{"url": "https://www.morleyyachts.com/", "distance": "1"}
{"url": "https://www.morleyyachts.com/", "distance": "1"}
{"url": "https://s3.amazonaws.com/boss.yatco.com/ForSale/Vessel/Photo/267872/large_2625050.jpg", "distance": "1"}
{"url": "https://s3.amazonaws.com/boss.yatco.com/ForSale/Vessel/Photo/267872/large_2624690.jpg", "distance": "1"}
{"url": "https://s3.amazonaws.com/boss.yatco.com/ForSale/Vessel/Photo/267872/large_2624693.jpg", "distance": "1"}
{"url": "https://s3.amazonaws.com/boss.yatco.com/ForSale/Vessel/Photo/267872/large_2624868.jpg", "distance": "1"}
{"url": "https://s3.amazonaws.com/boss.yatco.com/ForSale/Vessel/Photo/267872/large_2668247.jpg", "distance": "1"}
{"url": "https://s3.amazonaws.com/boss.yatco.com/ForSale/Vessel/Photo/267872/large_2624870.jpg", "distance": "1"}
{"url": "https://s3.amazonaws.com/boss.yatco.com/ForSale/Vessel/Photo/267872/large_2624871.jpg", "distance": "1"}
{"url": "https://s3.amazonaws.com/boss.yatco.com/ForSale/Vessel/Photo/267872/large_2624929.jpg", "distance": "1"}
{"url": "https://s3.amazonaws.com/boss.yatco.com/ForSale/Vessel/Photo/267872/large_2624975.jpg", "distance": "1"}
{"url": "https://s3.amazonaws.com/boss.yatco.com/ForSale/Vessel/Photo/267872/large_2624976.jpg", "distance": "1"}
{"url": "https://s3.amazonaws.com/boss.yatco.com/ForSale/Vessel/Photo/267872/large_2624977.jpg", "distance": "1"}
{"url": "https://s3.amazonaws.com/boss.yatco.com/ForSale/Vessel/Photo/267872/large_2624978.jpg", "distance": "1"}
{"url": "https://s3.amazonaws.com/boss.yatco.com/ForSale/Vessel/Photo/267872/large_2624979.jpg", "distance": "1"}
{"url": "https://s3.amazonaws.com/boss.yatco.com/ForSale/Vessel/Photo/267872/large_2624980.jpg", "distance": "1"}
{"url": "https://s3.amazonaws.com/boss.yatco.com/ForSale/Vessel/Photo/267872/large_2624981.jpg", "distance": "1"}
{"url": "https://s3.amazonaws.com/boss.yatco.com/ForSale/Vessel/Photo/267872/large_2624982.jpg", "distance": "1"}
{"url": "https://s3.amazonaws.com/boss.yatco.com/ForSale/Vessel/Photo/267872/large_2625038.jpg", "distance": "1"}
{"url": "https://s3.amazonaws.com/boss.yatco.com/ForSale/Vessel/Photo/267872/large_2624985.jpg", "distance": "1"}
{"url": "https://s3.amazonaws.com/boss.yatco.com/ForSale/Vessel/Photo/267872/large_2624983.jpg", "distance": "1"}
{"url": "https://s3.amazonaws.com/boss.yatco.com/ForSale/Vessel/Photo/267872/large_2624984.jpg", "distance": "1"}
{"url": "https://s3.amazonaws.com/boss.yatco.com/ForSale/Vessel/Photo/267872/large_2625039.jpg", "distance": "1"}
{"url": "https://s3.amazonaws.com/boss.yatco.com/ForSale/Vessel/Photo/267872/large_2625041.jpg", "distance": "1"}
{"url": "https://s3.amazonaws.com/boss.yatco.com/ForSale/Vessel/Photo/267872/large_2625040.jpg", "distance": "1"}
{"url": "https://s3.amazonaws.com/boss.yatco.com/ForSale/Vessel/Photo/267872/large_2625042.jpg", "distance": "1"}
{"url": "https://s3.amazonaws.com/boss.yatco.com/ForSale/Vessel/Photo/267872/large_2625043.jpg", "distance": "1"}
{"url": "https://s3.amazonaws.com/boss.yatco.com/ForSale/Vessel/Photo/267872/large_2707927.jpg", "distance": "1"}
{"url": "https://s3.amazonaws.com/boss.yatco.com/ForSale/Vessel/Photo/267872/large_2707928.jpg", "distance": "1"}
{"url": "https://s3.amazonaws.com/boss.yatco.com/ForSale/Vessel/Photo/267872/large_2707929.jpg", "distance": "1"}
{"url": "https://s3.amazonaws.com/boss.yatco.com/ForSale/Vessel/Photo/267872/large_2707930.jpg", "distance": "1"}
{"url": "https://s3.amazonaws.com/boss.yatco.com/ForSale/Vessel/Photo/267872/large_2707931.jpg", "distance": "1"}
{"url": "https://www.morleyyachts.com/privacy-policy/", "distance": "1"}
{"url": "https://www.morleyyachts.com", "distance": "1"}
{"url": "https://www.facebook.com/MorleyYachtsMonaco/", "distance": "1"}
{"url": "https://www.linkedin.com/company/morley-yachts/", "distance": "1"}
{"url": "https://twitter.com/morley_yachts", "distance": "1"}
{"url": "https://arifureta.fandom.com/wiki/Arifureta_(Main_Series)", "distance": "1"}
{"url": "https://arifureta.fandom.com/wiki/Category:Characters", "distance": "1"}
{"url": "https://arifureta.fandom.com/wiki/Special:Community", "distance": "1"}
{"url": "https://arifureta.fandom.com/wiki/Arifureta_(Main_Series)", "distance": "1"}
{"url": "https://arifureta.fandom.com/wiki/Category:Characters", "distance": "1"}
{"url": "https://arifureta.fandom.com/wiki/Special:Community", "distance": "1"}
{"url": "https://arifureta.fandom.com/wiki/Arifureta_(Main_Series)", "distance": "1"}
{"url": "https://arifureta.fandom.com/wiki/Category:Characters", "distance": "1"}
{"url": "https://arifureta.fandom.com/wiki/Category:Main_Series_Characters", "distance": "1"}
{"url": "https://arifureta.fandom.com/wiki/Category:Arifureta_Zero_Characters", "distance": "1"}
{"url": "https://arifureta.fandom.com/wiki/Special:Community", "distance": "1"}
{"url": "https://arifureta.fandom.com/wiki/Arifureta_Shokugyou_de_Sekai_Saikyou_Wiki:Administrators", "distance": "1"}
{"url": "https://arifureta.fandom.com/wiki/Arifureta_(Main_Series)", "distance": "1"}
{"url": "https://arifureta.fandom.com/wiki/Worlds", "distance": "1"}
{"url": "https://arifureta.fandom.com/wiki/Category:Terminology", "distance": "1"}
{"url": "https://arifureta.fandom.com/wiki/Category:Characters", "distance": "1"}
{"url": "https://arifureta.fandom.com/wiki/Category:Main_Series_Characters", "distance": "1"}
{"url": "https://arifureta.fandom.com/wiki/Category:Arifureta_Zero_Characters", "distance": "1"}
{"url": "https://arifureta.fandom.com/wiki/Special:Community", "distance": "1"}
{"url": "https://arifureta.fandom.com/wiki/Arifureta_Shokugyou_de_Sekai_Saikyou_Wiki:Administrators", "distance": "1"}
{"url": "https://www.fandom.com/topics/games", "distance": "1"}
{"url": "https://www.fandom.com/topics/movies", "distance": "1"}
{"url": "https://www.fandom.com/topics/tv", "distance": "1"}
{"url": "https://www.fandom.com/video", "distance": "1"}
{"url": "https://www.fandom.com/register?redirect=https%3A%2F%2Farifureta.fandom.com%2Fwiki%2FMyu", "distance": "1"}
{"url": "https://www.fandom.com/signin?redirect=https%3A%2F%2Farifureta.fandom.com%2Fwiki%2FMyu", "distance": "1"}
{"url": "https://arifureta.fandom.com/wiki/Arifureta_(Main_Series)", "distance": "1"}
{"url": "https://arifureta.fandom.com/wiki/Category:Characters", "distance": "1"}
{"url": "https://arifureta.fandom.com/wiki/Special:Community", "distance": "1"}
{"url": "https://arifureta.fandom.com/wiki/Arifureta_(Main_Series)", "distance": "1"}
{"url": "https://arifureta.fandom.com/wiki/Category:Characters", "distance": "1"}
{"url": "https://arifureta.fandom.com/wiki/Special:Community", "distance": "1"}
{"url": "https://arifureta.fandom.com/wiki/Arifureta_(Main_Series)", "distance": "1"}
{"url": "https://arifureta.fandom.com/wiki/Category:Characters", "distance": "1"}
{"url": "https://arifureta.fandom.com/wiki/Category:Main_Series_Characters", "distance": "1"}
{"url": "https://arifureta.fandom.com/wiki/Category:Arifureta_Zero_Characters", "distance": "1"}
{"url": "https://arifureta.fandom.com/wiki/Special:Community", "distance": "1"}
{"url": "https://arifureta.fandom.com/wiki/Arifureta_Shokugyou_de_Sekai_Saikyou_Wiki:Administrators", "distance": "1"}
{"url": "https://arifureta.fandom.com/wiki/Arifureta_(Main_Series)", "distance": "1"}
{"url": "https://arifureta.fandom.com/wiki/Worlds", "distance": "1"}
{"url": "https://arifureta.fandom.com/wiki/Category:Terminology", "distance": "1"}
{"url": "https://arifureta.fandom.com/wiki/Category:Characters", "distance": "1"}
{"url": "https://arifureta.fandom.com/wiki/Category:Main_Series_Characters", "distance": "1"}
{"url": "https://arifureta.fandom.com/wiki/Category:Arifureta_Zero_Characters", "distance": "1"}
{"url": "https://arifureta.fandom.com/wiki/Special:Community", "distance": "1"}
{"url": "https://arifureta.fandom.com/wiki/Arifureta_Shokugyou_de_Sekai_Saikyou_Wiki:Administrators", "distance": "1"}
{"url": "http://en.wikipedia.org/wiki/Yui_Ogura", "distance": "1"}
{"url": "https://www.fandom.com/licensing", "distance": "1"}
{"url": "https://arifureta.fandom.com/wiki/Myu?title=Myu&mobileaction=toggle_view_mobile", "distance": "1"}
{"url": "http://bit.ly/fandomshop1", "distance": "1"}
{"url": "https://bit.ly/WBEmailCap", "distance": "1"}
{"url": "http://bit.ly/NewFanLabWB", "distance": "1"}
{"url": "https://na.square-enix.com/us/home", "distance": "1"}
{"url": "http://www.sc.edu", "distance": "1"}
{"url": "http://ssb.onecarolina.sc.edu/", "distance": "1"}
{"url": "https://my.sc.edu", "distance": "1"}
{"url": "https://covid19.insidehopkinsmedicine.org/", "distance": "1"}
{"url": "https://covidsurvey.jh.edu/", "distance": "1"}
{"url": "https://en.wikipedia.org/w/index.php?title=MYU&oldid=880839740", "distance": "1"}
{"url": "http://vc.mans.edu.eg/stu/stu.html", "distance": "1"}
{"url": "https://www.designboom.com/", "distance": "1"}
{"url": "https://www.designboom.com/readers-submit/", "distance": "1"}
{"url": "https://www.designboom.com/design/met-gala-2021-in-america-09-14-2021/", "distance": "1"}
{"url": "https://www.designboom.com/design/", "distance": "1"}
{"url": "https://www.designboom.com/design/fashion-brands-steal-the-show-milan-design-week-2021-10-09-2021/", "distance": "1"}
{"url": "https://www.designboom.com/design/", "distance": "1"}
{"url": "https://www.designboom.com/design/doimo-cucine-all-around-kitchen-design-09-13-2021/", "distance": "1"}
{"url": "https://www.designboom.com/design/", "distance": "1"}
{"url": "https://www.designboom.com/design/holographic-objects-of-common-interest-futuristic-domestic-landscape-09-10-2021/", "distance": "1"}
{"url": "https://www.designboom.com/design/", "distance": "1"}
{"url": "https://www.designboom.com/design/hermes-home-collections-chambers-graphic-patterns-milan-design-week-09-08-2021/", "distance": "1"}
{"url": "https://www.designboom.com/design/", "distance": "1"}
{"url": "https://www.designboom.com/login/?is_comment=1&destination=https://www.designboom.com/design/self-repair-myu-umbrella-design-11-09-2018/", "distance": "1"}
{"url": "https://www.designboom.com/design/blossoming-beach-umbrella-solar-power-cooling-refrigeration-06-02-2021/", "distance": "1"}
{"url": "https://www.designboom.com/design/japanese-umbrella-magnet-holder-smartphone-10-03-2020/", "distance": "1"}
{"url": "https://www.designboom.com/design/you-plus-more-jellyfish-umbrellas-06-07-2020/", "distance": "1"}
{"url": "https://www.designboom.com/design/drip-tip-umbrella-rain-drainer-pakzu-design-10-01-2018/", "distance": "1"}
{"url": "https://www.designboom.com/technology/umbrella-drone-free-parasol-06-04-2018/", "distance": "1"}
{"url": "https://www.designboom.com/design/", "distance": "1"}
{"url": "https://www.designboom.com/design/", "distance": "1"}
{"url": "https://www.designboom.com/design/cloud-pixels-new-furniture-series-miguel-chevalier-aa-cooren-09-14-2021/", "distance": "1"}
{"url": "https://www.designboom.com/design/", "distance": "1"}
{"url": "https://www.designboom.com/readers/", "distance": "1"}
{"url": "https://www.designboom.com/design/fashion-brands-steal-the-show-milan-design-week-2021-10-09-2021/", "distance": "1"}
{"url": "https://www.designboom.com/design/", "distance": "1"}
{"url": "https://www.designboom.com/design/hermes-home-collections-chambers-graphic-patterns-milan-design-week-09-08-2021/", "distance": "1"}
{"url": "https://www.designboom.com/design/", "distance": "1"}
{"url": "https://www.designboom.com/design/design-icons-sawaya-moroni-the-design-prize-lifetime-achievement-08-25-2021/", "distance": "1"}
{"url": "https://www.designboom.com/design/", "distance": "1"}
{"url": "https://www.designboom.com/", "distance": "1"}
{"url": "https://www.designboom.com/newsletters/web-daily.php", "distance": "1"}
{"url": "https://www.designboom.com/newsletters/web-weekly.php", "distance": "1"}
{"url": "https://www.bandsintown.com/?came_from=251", "distance": "1"}
{"url": "https://manager.bandsintown.com", "distance": "1"}
{"url": "https://promoters.bandsintown.com", "distance": "1"}
{"url": "https://help.bandsintown.com", "distance": "1"}
{"url": "https://corp.bandsintown.com/privacy", "distance": "1"}
{"url": "https://corp.bandsintown.com/terms", "distance": "1"}
{"url": "https://www.bandsintown.com/e/1021243848-myu-at-womb?came_from=251&utm_medium=web&utm_source=artist_page&utm_campaign=event", "distance": "1"}
{"url": "https://www.bandsintown.com/e/1020969284-myu-at-womb?came_from=251&utm_medium=web&utm_source=artist_page&utm_campaign=event", "distance": "1"}
{"url": "https://www.bandsintown.com/e/1020841775-myu-at-bar-w-studio-w-cafe-w?came_from=251&utm_medium=web&utm_source=artist_page&utm_campaign=event", "distance": "1"}
{"url": "https://www.bandsintown.com/e/1019965324-myu-at-womb?came_from=251&utm_medium=web&utm_source=artist_page&utm_campaign=event", "distance": "1"}
{"url": "https://www.bandsintown.com/e/1018077002-myu-at-womb?came_from=251&utm_medium=web&utm_source=artist_page&utm_campaign=event", "distance": "1"}
{"url": "https://www.bandsintown.com/e/1017419933-myu-at-fm-by-block.fmmagnet-by-shibuya109?came_from=251&utm_medium=web&utm_source=artist_page&utm_campaign=event", "distance": "1"}
{"url": "https://www.bandsintown.com/a/65689/past-events?startDate=2021-09-15T19%3A52%3A11", "distance": "1"}
{"url": "https://www.bandsintown.com/e/1021243848-myu-at-womb?came_from=251&utm_medium=web&utm_source=artist_page&utm_campaign=event", "distance": "1"}
{"url": "https://www.bandsintown.com/e/1020969284-myu-at-womb?came_from=251&utm_medium=web&utm_source=artist_page&utm_campaign=event", "distance": "1"}
{"url": "https://www.bandsintown.com/e/1020841775-myu-at-bar-w-studio-w-cafe-w?came_from=251&utm_medium=web&utm_source=artist_page&utm_campaign=event", "distance": "1"}
{"url": "https://www.bandsintown.com/e/1019965324-myu-at-womb?came_from=251&utm_medium=web&utm_source=artist_page&utm_campaign=event", "distance": "1"}
{"url": "https://www.bandsintown.com/e/1018077002-myu-at-womb?came_from=251&utm_medium=web&utm_source=artist_page&utm_campaign=event", "distance": "1"}
{"url": "https://www.bandsintown.com/e/1017419933-myu-at-fm-by-block.fmmagnet-by-shibuya109?came_from=251&utm_medium=web&utm_source=artist_page&utm_campaign=event", "distance": "1"}
{"url": "https://www.bandsintown.com/a/65689/past-events?startDate=2021-09-15T19%3A52%3A11", "distance": "1"}
{"url": "https://www.bandsintown.com/mobileapp?came_from=251", "distance": "1"}
{"url": "https://corp.bandsintown.com", "distance": "1"}
{"url": "https://www.bandsintown.com/cities?came_from=251", "distance": "1"}
{"url": "https://artists.bandsintown.com", "distance": "1"}
{"url": "https://news.bandsintown.com", "distance": "1"}
{"url": "https://news.bandsintown.com/charts", "distance": "1"}
{"url": "https://help.bandsintown.com/", "distance": "1"}
{"url": "https://www.bandsintown.com/?came_from=251", "distance": "1"}
{"url": "https://corp.bandsintown.com/terms", "distance": "1"}
{"url": "https://corp.bandsintown.com/privacy", "distance": "1"}
{"url": "https://corp.bandsintown.com/cookie-policy", "distance": "1"}
{"url": "https://bandsintown.com/privacy_request", "distance": "1"}
{"url": "https://www.facebook.com/bandsintown", "distance": "1"}
{"url": "https://www.twitter.com/bandsintown", "distance": "1"}
{"url": "https://instagram.com/bandsintown", "distance": "1"}
{"url": "https://live.bandsintown.com", "distance": "1"}
{"url": "https://www.youtube.com/bandsintown", "distance": "1"}
{"url": "https://discord.com/invite/4DrsSGrYAm", "distance": "1"}
{"url": "https://a.cms.omniupdate.com/11/?skin=oucampus&account=MTU&site=www&action=de&path=/webcams/index.pcf", "distance": "1"}
{"url": "https://www.goodsmile.info/", "distance": "1"}
{"url": "https://event.goodsmile.info/event/gamersheek-x-good-smile-pop-up-store-glasgow/", "distance": "1"}
{"url": "https://event.goodsmile.info/event/good-smile-x-figuya-pop-up-store-berlin-2/", "distance": "1"}
{"url": "https://event.goodsmile.info/event/comic-fiesta-2019/", "distance": "1"}
{"url": "https://event.goodsmile.info/event/anime-x-game-festival-2019/", "distance": "1"}
{"url": "https://twitter.com/share", "distance": "1"}
{"url": "https://twitter.com/share", "distance": "1"}
{"url": "https://ualbanysports.com/", "distance": "1"}
{"url": "https://www.albany.edu/myualbany/academic-support-tutoring", "distance": "1"}
{"url": "https://www.albany.edu/myualbany/academic-support-tutoring", "distance": "1"}
{"url": "https://www.albany.edu/myualbany/mental-health-well-being", "distance": "1"}
{"url": "https://www.albany.edu/myualbany/mental-health-well-being", "distance": "1"}
{"url": "https://www.albany.edu/myualbany/financial-information", "distance": "1"}
{"url": "https://www.albany.edu/myualbany/financial-information", "distance": "1"}
{"url": "https://www.albany.edu/myualbany/campus-community", "distance": "1"}
{"url": "https://www.albany.edu/myualbany/campus-community", "distance": "1"}
{"url": "https://www.albany.edu/", "distance": "1"}
{"url": "https://www.google.com/maps/place/1400+Washington+Ave,+Albany,+NY+12222/@42.6859115,-73.8287166,17z/data=!3m1!4b1!4m5!3m4!1s0x89de0b3ce5c93e45:0x4cdbe8d7b52fa412!8m2!3d42.6859115!4d-73.8265279", "distance": "1"}
{"url": "https://wiki.albany.edu/display/public/askit/Internet+Privacy+Policy", "distance": "1"}
{"url": "https://www.umt.edu/catalog", "distance": "1"}
{"url": "https://ssb.umt.edu/StudentRegistrationSsb/ssb/term/termSelection?mode=search", "distance": "1"}
{"url": "https://moodle.umt.edu/", "distance": "1"}
{"url": "http://cyberbear.umt.edu/", "distance": "1"}
{"url": "http://www.umt.edu/umconnect/", "distance": "1"}
{"url": "http://montana.mylabsplus.com", "distance": "1"}
{"url": "http://www.lib.umt.edu/", "distance": "1"}
{"url": "http://umt.app.box.com/", "distance": "1"}
{"url": "https://umt.teamdynamix.com/TDClient/Home/", "distance": "1"}
{"url": "https://umt.navigate.eab.com/", "distance": "1"}
{"url": "https://umontana.zoom.us/", "distance": "1"}
{"url": "https://www.umt.edu/griz-hub/default.php", "distance": "1"}
{"url": "https://www.umt.edu/griz-hub/", "distance": "1"}
{"url": "https://www.umt.edu/registrar/Registration/default.php", "distance": "1"}
{"url": "https://www.umt.edu", "distance": "1"}
{"url": "http://maps.google.com/maps?q=305+East+33rd+Street+New+York%2C+NY+10016", "distance": "1"}
{"url": "https://med.nyu.edu/departments-institutes/medicine/divisions/gastroenterology-hepatology/research/clinical-trials", "distance": "1"}
{"url": "http://maps.google.com/maps?q=305+East+33rd+Street%2C+New+York%2C+NY%2C+10016", "distance": "1"}
{"url": "http://maps.google.com/maps?q=305+East+33rd+Street%2C+New+York%2C+NY%2C+10016", "distance": "1"}
{"url": "https://nyulangone.org/news/self-what-know-when-considering-surgery-ulcerative-colitis", "distance": "1"}
{"url": "https://nyulangone.org/news/long-rectal-cuff-may-be-preventable-risk-factor-pouch-failure-patients-inflammatory-bowel-disease", "distance": "1"}
{"url": "https://nyulangone.org/news/nyu-langone-health-opens-comprehensive-inflammatory-bowel-disease-center", "distance": "1"}
{"url": "https://nyulangone.org/news/redo-surgery-solves-longtime-problem-ibd-patient-pouch-failure", "distance": "1"}
{"url": "https://nyulangone.org/news/advancing-science-origin-development-treatment-inflammatory-bowel-disease", "distance": "1"}
{"url": "https://nyulangone.org/news/careful-screening-more-patients-are-eligible-pouch-surgery", "distance": "1"}
{"url": "https://nyulangone.org/news/dr-feza-remzi-his-team-inflammatory-bowel-disease-center-are-redefining-whats-possible", "distance": "1"}
{"url": "https://nyulangone.org/news/internationally-renowned-colorectal-surgeon-named-director-inflammatory-bowel-disease-center-nyu-langone", "distance": "1"}
{"url": "https://nyulangone.org/news/parasitic-worms-unsung-heroes-fight-against-inflammatory-bowel-disease", "distance": "1"}
{"url": "https://twitter.com/anime", "distance": "1"}
{"url": "https://www.youtube.com/animenewsnetwork", "distance": "1"}
{"url": "https://www.facebook.com/animenewsnetwork", "distance": "1"}
{"url": "https://www.instagram.com/animenewsnetwork/", "distance": "1"}
{"url": "http://www.buriki.net/", "distance": "1"}
{"url": "http://www.singleplatform.com/menu-lp?ref=Yahoo&sp_source=publisher&sp_campaign=Yahoo&sp_channel=viral", "distance": "1"}
{"url": "https://m.uber.com/ul/?client_id=Md64GYThBYoDtZvyOWgMWiX04lvBY_yJ&action=setPickup&dropoff%5Blatitude%5D=40.75754&dropoff%5Blongitude%5D=-73.82313&dropoff%5Bnickname%5D=Myu&dropoff%5Bformatted_address%5D=41-90+Bowne+Street+Flushing+NY+11355", "distance": "1"}
{"url": "http://www.singleplatform.com/menu-lp?ref=Yahoo&sp_source=publisher&sp_campaign=Yahoo&sp_channel=viral", "distance": "1"}
{"url": "http://www.singleplatform.com/menu-lp?ref=Yahoo&sp_source=publisher&sp_campaign=Yahoo&sp_channel=viral", "distance": "1"}
{"url": "http://www.singleplatform.com/legal?sp_channel=internal", "distance": "1"}
{"url": "https://www.endurance.com/privacy", "distance": "1"}
{"url": "https://maps.google.com/maps/?q=41-90+Bowne+Street++Flushing+NY+11355", "distance": "1"}
{"url": "http://www.singleplatform.com/menu-lp?ref=Yahoo&sp_source=publisher&sp_campaign=Yahoo&sp_channel=viral", "distance": "1"}
{"url": "http://maps.google.com/maps?q=41-90 Bowne Street  Flushing NY 11355&t=m&z=16", "distance": "1"}
{"url": "https://www.worthavenueyachts.com", "distance": "1"}
{"url": "https://policies.google.com/privacy", "distance": "1"}
{"url": "https://policies.google.com/terms", "distance": "1"}
{"url": "https://www.worthavenueyachts.com/yachts-for-sale/shipyards/palmer-johnson/", "distance": "1"}
{"url": "https://www.worthavenueyachts.com/luxury-yacht-sales/", "distance": "1"}
{"url": "https://www.worthavenueyachts.com/offices/palm-beach/", "distance": "1"}
{"url": "https://www.worthavenueyachts.com/offices/fort-lauderdale/", "distance": "1"}
{"url": "https://www.worthavenueyachts.com/offices/monaco/", "distance": "1"}
{"url": "https://www.worthavenueyachts.com/offices/seattle-yacht-brokers/", "distance": "1"}
{"url": "https://www.worthavenueyachts.com/offices/san-diego/", "distance": "1"}
{"url": "https://www.worthavenueyachts.com/offices/newport-rhode-island/", "distance": "1"}
{"url": "https://www.reddit.com/login/?dest=https%3A%2F%2Fwww.reddit.com%2Fr%2FArifureta%2Fcomments%2Fg5yzff%2Fwhat_is_myu_current_status%2F", "distance": "1"}
{"url": "https://www.reddit.com/register/?dest=https%3A%2F%2Fwww.reddit.com%2Fr%2FArifureta%2Fcomments%2Fg5yzff%2Fwhat_is_myu_current_status%2F", "distance": "1"}
{"url": "https://www.reddit.com/posts/2020/april-22-1/", "distance": "1"}
{"url": "https://www.reddit.com/posts/2020/april-22-1/", "distance": "1"}
{"url": "https://www.reddit.com/posts/2020/april/", "distance": "1"}
{"url": "https://www.reddit.com/posts/2020/", "distance": "1"}
{"url": "https://www.reddithelp.com", "distance": "1"}
{"url": "https://www.reddit.com/coins", "distance": "1"}
{"url": "https://www.reddit.com/premium", "distance": "1"}
{"url": "https://redditgifts.com/", "distance": "1"}
{"url": "https://about.reddit.com", "distance": "1"}
{"url": "https://about.reddit.com/careers/", "distance": "1"}
{"url": "https://about.reddit.com/press/", "distance": "1"}
{"url": "https://www.redditinc.com/advertising", "distance": "1"}
{"url": "http://www.redditblog.com/", "distance": "1"}
{"url": "https://www.redditinc.com/policies/user-agreement", "distance": "1"}
{"url": "https://www.redditinc.com/policies/content-policy", "distance": "1"}
{"url": "https://www.redditinc.com/policies/privacy-policy", "distance": "1"}
{"url": "https://www.reddit.com/help/healthycommunities/", "distance": "1"}
{"url": "https://www.myubeauty.com", "distance": "1"}
{"url": "https://myubeauty.com", "distance": "1"}
{"url": "https://myubeauty.com/service", "distance": "1"}
{"url": "https://www.instagram.com/p/B-d6ViTp98P/", "distance": "1"}
{"url": "https://myubeauty.com/wp/about-us", "distance": "1"}
{"url": "https://myubeauty.com/wp/about-us", "distance": "1"}
{"url": "https://myubeauty.com/wp/about-us", "distance": "1"}
{"url": "https://myubeauty.com/wp", "distance": "1"}
{"url": "https://www.google.com/url?sa=t&rct=j&q=&esrc=s&source=web&cd=1&cad=rja&uact=8&ved=2ahUKEwiCqavBxe_oAhViCjQIHbBjCcMQFjAAegQIARAB&url=https%3A%2F%2Fwww.facebook.com%2Fjapanesegel%2F%3Frf%3D103045869762726&usg=AOvVaw3tJvNdsD4NctuQBwhQeCvf", "distance": "1"}
{"url": "https://www.yelp.com/biz/myu-beauty-irvine-3", "distance": "1"}
{"url": "https://www.instagram.com/myubeauty/", "distance": "1"}
{"url": "https://www.google.com/url?sa=t&rct=j&q=&esrc=s&source=web&cd=1&cad=rja&uact=8&ved=2ahUKEwiCqavBxe_oAhViCjQIHbBjCcMQFjAAegQIARAB&url=https%3A%2F%2Fwww.facebook.com%2Fjapanesegel%2F%3Frf%3D103045869762726&usg=AOvVaw3tJvNdsD4NctuQBwhQeCvf", "distance": "1"}
{"url": "https://www.yelp.com/biz/myu-beauty-irvine-3", "distance": "1"}
{"url": "https://www.instagram.com/myubeauty/", "distance": "1"}
{"url": "https://www.deviantart.com/join/", "distance": "1"}
{"url": "https://www.deviantart.com/users/login", "distance": "1"}
{"url": "https://www.deviantart.com/core-membership", "distance": "1"}
{"url": "https://www.deviantartsupport.com/en/", "distance": "1"}
{"url": "https://www.deviantart.com/about/policy/service", "distance": "1"}
{"url": "https://www.deviantart.com/about/policy/privacy", "distance": "1"}
{"url": "https://www.deviantart.com/tag/anime", "distance": "1"}
{"url": "https://www.deviantart.com/tag/log", "distance": "1"}
{"url": "https://www.deviantart.com/tag/logmyu", "distance": "1"}
{"url": "https://www.deviantart.com/tag/cute", "distance": "1"}
{"url": "https://www.deviantart.com/tag/girl", "distance": "1"}
{"url": "https://www.deviantart.com/tag/neko", "distance": "1"}
{"url": "https://www.deviantart.com/tag/comic", "distance": "1"}
{"url": "https://www.deviantart.com/tag/cat", "distance": "1"}
{"url": "https://www.deviantart.com/tag/nekomimi", "distance": "1"}
{"url": "https://www.deviantart.com/tag/manga", "distance": "1"}
{"url": "https://www.deviantart.com/pixiveo", "distance": "1"}
{"url": "https://www.deviantart.com/pixiveo", "distance": "1"}
{"url": "https://www.deviantart.com/pixiveo/art/Min-maxing-881831767#comments", "distance": "1"}
{"url": "https://www.deviantart.com/pewbutt", "distance": "1"}
{"url": "https://www.deviantart.com/pewbutt", "distance": "1"}
{"url": "https://www.deviantart.com/pewbutt/art/loggin-that-myu-870896800#comments", "distance": "1"}
{"url": "https://www.deviantart.com/pixiveo", "distance": "1"}
{"url": "https://www.deviantart.com/pixiveo", "distance": "1"}
{"url": "https://www.deviantart.com/pixiveo/art/Zina-s-Wild-Run-869490689#comments", "distance": "1"}
{"url": "https://www.deviantart.com/pixiveo", "distance": "1"}
{"url": "https://www.deviantart.com/pixiveo", "distance": "1"}
{"url": "https://www.deviantart.com/pixiveo/art/The-Ultrastar-876074648#comments", "distance": "1"}
{"url": "https://www.deviantart.com/pixiveo", "distance": "1"}
{"url": "https://www.deviantart.com/pixiveo", "distance": "1"}
{"url": "https://www.deviantart.com/pixiveo/art/Log-Myu-Page-25-841645690#comments", "distance": "1"}
{"url": "https://www.deviantart.com/pixiveo", "distance": "1"}
{"url": "https://www.deviantart.com/pixiveo", "distance": "1"}
{"url": "https://www.deviantart.com/pixiveo/art/Log-Myu-Page-51-854828111#comments", "distance": "1"}
{"url": "https://www.deviantart.com/pixiveo", "distance": "1"}
{"url": "https://www.deviantart.com/pixiveo", "distance": "1"}
{"url": "https://www.deviantart.com/pixiveo/art/Feeding-Party-880316352#comments", "distance": "1"}
{"url": "https://www.deviantart.com/rocky-ace", "distance": "1"}
{"url": "https://www.deviantart.com/rocky-ace", "distance": "1"}
{"url": "https://www.deviantart.com/rocky-ace/art/Brandish-Myu-784350891#comments", "distance": "1"}
{"url": "https://www.deviantart.com/pixiveo", "distance": "1"}
{"url": "https://www.deviantart.com/pixiveo", "distance": "1"}
{"url": "https://www.deviantart.com/pixiveo/art/Log-Myu-Page-55-857179267#comments", "distance": "1"}
{"url": "https://www.deviantart.com/pixiveo", "distance": "1"}
{"url": "https://www.deviantart.com/pixiveo", "distance": "1"}
{"url": "https://www.deviantart.com/pixiveo/art/Log-Myu-Page-54-856480036#comments", "distance": "1"}
{"url": "https://www.deviantart.com/pixiveo", "distance": "1"}
{"url": "https://www.deviantart.com/pixiveo", "distance": "1"}
{"url": "https://www.deviantart.com/pixiveo/art/Log-Myu-Page-101-883548596#comments", "distance": "1"}
{"url": "https://www.deviantart.com/pixiveo", "distance": "1"}
{"url": "https://www.deviantart.com/pixiveo", "distance": "1"}
{"url": "https://www.deviantart.com/pixiveo/art/Log-Myu-Page-37-848277594#comments", "distance": "1"}
{"url": "https://www.deviantart.com/pixiveo", "distance": "1"}
{"url": "https://www.deviantart.com/pixiveo", "distance": "1"}
{"url": "https://www.deviantart.com/pixiveo/art/Log-Myu-Page-65-863514821#comments", "distance": "1"}
{"url": "https://www.deviantart.com/pixiveo", "distance": "1"}
{"url": "https://www.deviantart.com/pixiveo", "distance": "1"}
{"url": "https://www.deviantart.com/pixiveo/art/Log-Myu-Page-67-864175906#comments", "distance": "1"}
{"url": "https://www.deviantart.com/pixiveo", "distance": "1"}
{"url": "https://www.deviantart.com/pixiveo", "distance": "1"}
{"url": "https://www.deviantart.com/pixiveo/art/Log-Myu-Page-36-848055013#comments", "distance": "1"}
{"url": "https://www.deviantart.com/pixiveo", "distance": "1"}
{"url": "https://www.deviantart.com/pixiveo", "distance": "1"}
{"url": "https://www.deviantart.com/pixiveo/art/Log-Myu-Page-34-847242406#comments", "distance": "1"}
{"url": "https://www.deviantart.com/pixiveo", "distance": "1"}
{"url": "https://www.deviantart.com/pixiveo", "distance": "1"}
{"url": "https://www.deviantart.com/pixiveo/art/Log-Myu-Page-102-884740919#comments", "distance": "1"}
{"url": "https://www.deviantart.com/pixiveo", "distance": "1"}
{"url": "https://www.deviantart.com/pixiveo", "distance": "1"}
{"url": "https://www.deviantart.com/pixiveo/art/Log-Myu-Page-39-848993458#comments", "distance": "1"}
{"url": "https://www.deviantart.com/thegoldensmurf", "distance": "1"}
{"url": "https://www.deviantart.com/thegoldensmurf", "distance": "1"}
{"url": "https://www.deviantart.com/thegoldensmurf/art/Dimaria-and-Brandish-Fairy-Tail-798319387#comments", "distance": "1"}
{"url": "https://www.deviantart.com/pixiveo", "distance": "1"}
{"url": "https://www.deviantart.com/pixiveo", "distance": "1"}
{"url": "https://www.deviantart.com/pixiveo/art/Log-Myu-Page-28-843353712#comments", "distance": "1"}
{"url": "https://www.deviantart.com/pixiveo", "distance": "1"}
{"url": "https://www.deviantart.com/pixiveo", "distance": "1"}
{"url": "https://www.deviantart.com/pixiveo/art/Log-Myu-Page-31-844943555#comments", "distance": "1"}
{"url": "https://www.deviantart.com/pixiveo", "distance": "1"}
{"url": "https://www.deviantart.com/pixiveo", "distance": "1"}
{"url": "https://www.deviantart.com/pixiveo/art/Log-Myu-Page-38-848511088#comments", "distance": "1"}
{"url": "https://www.deviantart.com/pixiveo", "distance": "1"}
{"url": "https://www.deviantart.com/pixiveo", "distance": "1"}
{"url": "https://www.deviantart.com/pixiveo/art/Log-Myu-Page-40-849693800#comments", "distance": "1"}
{"url": "https://www.deviantart.com/pixiveo", "distance": "1"}
{"url": "https://www.deviantart.com/pixiveo", "distance": "1"}
{"url": "https://www.deviantart.com/pixiveo/art/Log-Myu-Page-95-880124873#comments", "distance": "1"}
{"url": "http://up.thefreedictionary.com/trc.ashx?sender=farlex&info=download", "distance": "1"}
{"url": "https://secure.thefreedictionary.com/Registration.aspx?returnTo=https%3a%2f%2fwww.thefreedictionary.com%2fwords-containing-myu", "distance": "1"}
{"url": "https://secure.thefreedictionary.com/Login.aspx?returnTo=https%3a%2f%2fwww.thefreedictionary.com%2fwords-containing-myu", "distance": "1"}
{"url": "http://up.thefreedictionary.com/trc.ashx?sender=farlex&info=download", "distance": "1"}
{"url": "https://myu-group.co.jp/en/index-en", "distance": "1"}
{"url": "https://apps.apple.com/us/app/live-flight-tracker/id316793974", "distance": "1"}
{"url": "https://play.google.com/store/apps/details?id=com.flightaware.android.liveFlightTracker", "distance": "1"}
{"url": "https://flightaware.com/account/locale_switch.rvt?locale=en_US", "distance": "1"}
{"url": "https://apps.apple.com/us/app/live-flight-tracker/id316793974", "distance": "1"}
{"url": "https://play.google.com/store/apps/details?id=com.flightaware.android.liveFlightTracker", "distance": "1"}
{"url": "https://flightaware.com/account/forgot", "distance": "1"}
{"url": "https://www.linkedin.com/company/flightaware/", "distance": "1"}
{"url": "https://www.facebook.com/FlightAware", "distance": "1"}
{"url": "https://twitter.com/flightaware", "distance": "1"}
{"url": "https://apps.apple.com/us/app/live-flight-tracker/id316793974", "distance": "1"}
{"url": "https://play.google.com/store/apps/details?id=com.flightaware.android.liveFlightTracker", "distance": "1"}
{"url": "https://blog.flightaware.com/", "distance": "1"}
{"url": "https://go.flightaware.com/webinars", "distance": "1"}
{"url": "https://industry.flightaware.com/usgovernment", "distance": "1"}
{"url": "https://discussions.flightaware.com/", "distance": "1"}
{"url": "https://blog.flightaware.com/", "distance": "1"}
{"url": "https://go.flightaware.com/webinars", "distance": "1"}
{"url": "https://industry.flightaware.com/usgovernment", "distance": "1"}
{"url": "https://discussions.flightaware.com/", "distance": "1"}
{"url": "https://www.facebook.com/yachtharbour", "distance": "1"}
{"url": "https://www.instagram.com/yacht_harbour/", "distance": "1"}
{"url": "https://twitter.com/yachtharbour", "distance": "1"}
{"url": "https://plus.google.com/+Yachtharbour1/posts", "distance": "1"}
{"url": "https://www.linkedin.com/company/yachtharbour-com", "distance": "1"}
{"url": "https://www.facebook.com/yachtharbour", "distance": "1"}
{"url": "https://www.instagram.com/yacht_harbour/", "distance": "1"}
{"url": "https://twitter.com/yachtharbour", "distance": "1"}
{"url": "https://www.linkedin.com/company/yachtharbour-com", "distance": "1"}
{"url": "http://www.bgsu.edu/give", "distance": "1"}
{"url": "https://my.bgsu.edu", "distance": "1"}
{"url": "http://www.bgsu.edu/email", "distance": "1"}
{"url": "http://www.bgsu.edu/", "distance": "1"}
{"url": "https://www.addthis.com/bookmark.php?lng=en-US&pub=ra-50dc926d011f6845&source=tbx-300&title=Urban+Dictionary%3A+Myu&url=http%3A%2F%2Fmyu.urbanup.com%2F165993&v=300&winname=addthis&s=twitter", "distance": "1"}
{"url": "https://www.addthis.com/bookmark.php?lng=en-US&pub=ra-50dc926d011f6845&source=tbx-300&title=Urban+Dictionary%3A+Myu&url=http%3A%2F%2Fmyu.urbanup.com%2F165993&v=300&winname=addthis&s=facebook", "distance": "1"}
{"url": "https://www.addthis.com/bookmark.php?lng=en-US&pub=ra-50dc926d011f6845&source=tbx-300&title=Urban+Dictionary%3A+Myu&url=http%3A%2F%2Fmyu.urbanup.com%2F165993&v=300&winname=addthis", "distance": "1"}
{"url": "https://urbandictionary.store/products/mug?defid=165993&utm_campaign=onpage&utm_medium=web&utm_source=define", "distance": "1"}
{"url": "https://www.addthis.com/bookmark.php?lng=en-US&pub=ra-50dc926d011f6845&source=tbx-300&title=Urban+Dictionary%3A+micro+marrige&url=http%3A%2F%2Fmicro-marrige.urbanup.com%2F12694222&v=300&winname=addthis&s=twitter", "distance": "1"}
{"url": "https://www.addthis.com/bookmark.php?lng=en-US&pub=ra-50dc926d011f6845&source=tbx-300&title=Urban+Dictionary%3A+micro+marrige&url=http%3A%2F%2Fmicro-marrige.urbanup.com%2F12694222&v=300&winname=addthis&s=facebook", "distance": "1"}
{"url": "https://www.addthis.com/bookmark.php?lng=en-US&pub=ra-50dc926d011f6845&source=tbx-300&title=Urban+Dictionary%3A+micro+marrige&url=http%3A%2F%2Fmicro-marrige.urbanup.com%2F12694222&v=300&winname=addthis", "distance": "1"}
{"url": "https://urbandictionary.store/products/gaiter?defid=12694222&utm_campaign=onpage&utm_medium=web&utm_source=define", "distance": "1"}
{"url": "https://www.addthis.com/bookmark.php?lng=en-US&pub=ra-50dc926d011f6845&source=tbx-300&title=Urban+Dictionary%3A+Myus&url=http%3A%2F%2Fmyus.urbanup.com%2F15345673&v=300&winname=addthis&s=twitter", "distance": "1"}
{"url": "https://www.addthis.com/bookmark.php?lng=en-US&pub=ra-50dc926d011f6845&source=tbx-300&title=Urban+Dictionary%3A+Myus&url=http%3A%2F%2Fmyus.urbanup.com%2F15345673&v=300&winname=addthis&s=facebook", "distance": "1"}
{"url": "https://www.addthis.com/bookmark.php?lng=en-US&pub=ra-50dc926d011f6845&source=tbx-300&title=Urban+Dictionary%3A+Myus&url=http%3A%2F%2Fmyus.urbanup.com%2F15345673&v=300&winname=addthis", "distance": "1"}
{"url": "https://urbandictionary.store/products/mug?defid=15345673&utm_campaign=onpage&utm_medium=web&utm_source=define", "distance": "1"}
{"url": "http://ads.urbandictionary.com/", "distance": "1"}
{"url": "http://about.urbandictionary.com/tos", "distance": "1"}
{"url": "http://about.urbandictionary.com/privacy", "distance": "1"}
{"url": "http://about.urbandictionary.com/dmca", "distance": "1"}
{"url": "https://urbandictionary.wufoo.com/forms/bug-report-form/", "distance": "1"}
{"url": "http://help.urbandictionary.com/", "distance": "1"}
{"url": "https://urbandictionary.blog/", "distance": "1"}
{"url": "https://urbandictionary.wufoo.com/forms/data-subject-request-form/", "distance": "1"}
{"url": "http://ads.urbandictionary.com/", "distance": "1"}
{"url": "http://about.urbandictionary.com/tos", "distance": "1"}
{"url": "http://about.urbandictionary.com/privacy", "distance": "1"}
{"url": "http://about.urbandictionary.com/dmca", "distance": "1"}
{"url": "https://urbandictionary.wufoo.com/forms/bug-report-form/", "distance": "1"}
{"url": "http://help.urbandictionary.com/", "distance": "1"}
{"url": "https://urbandictionary.blog/", "distance": "1"}
{"url": "https://urbandictionary.wufoo.com/forms/data-subject-request-form/", "distance": "1"}
{"url": "https://itunes.apple.com/app/all-acronyms-free/id1192688132", "distance": "1"}
{"url": "https://play.google.com/store/apps/details?id=io.cordova.allacronyms", "distance": "1"}
{"url": "https://unh.az1.qualtrics.com/jfe/form/SV_1YQ8Ij0uoom3Mzj", "distance": "1"}
{"url": "https://td.unh.edu/TDClient/KB/ArticleDet?ID=1345", "distance": "1"}
{"url": "https://www.usnh.edu/about/copyright", "distance": "1"}
{"url": "https://www.unh.edu/", "distance": "1"}
{"url": "http://www.usnh.edu/about/privacy-policy", "distance": "1"}
{"url": "https://rsmart.com", "distance": "1"}
{"url": "http://instagram.com/michelle_yu_myumakeup", "distance": "1"}
{"url": "https://www.instagram.com/p/B8zX3_IBCkA/", "distance": "1"}
{"url": "https://www.instagram.com/p/B8h8cXnB7Wt/", "distance": "1"}
{"url": "https://www.instagram.com/p/B8epGI2hbTN/", "distance": "1"}
{"url": "https://www.instagram.com/p/B8PFsvVBwJb/", "distance": "1"}
{"url": "https://www.instagram.com/p/B8Mp2K0BfsH/", "distance": "1"}
{"url": "https://www.instagram.com/p/B7gYJnGBqYO/", "distance": "1"}
{"url": "https://www.instagram.com/p/B7B-XFcBvUs/", "distance": "1"}
{"url": "https://www.instagram.com/p/B63dvh7BzB_/", "distance": "1"}
{"url": "https://www.staradvertiser.com", "distance": "1"}
{"url": "http://longs.staradvertiser.com", "distance": "1"}
{"url": "https://gateway.staradvertiser.com/", "distance": "1"}
{"url": "https://gateway.staradvertiser.com/account_lookup.php", "distance": "1"}
{"url": "https://gateway.staradvertiser.com/", "distance": "1"}
{"url": "https://www.staradvertiser.com//user-access/?redirect_to=https%3A%2F%2Fwww.staradvertiser.com%2F2021%2F09%2F11%2Feditorial%2Fkauakukalahale%2Fcolumn-he-myu-aeo-ia-a-i-aeole-he-mu-he-aeano-mu-no-paha%2F", "distance": "1"}
{"url": "https://www.staradvertiser.com", "distance": "1"}
{"url": "https://gateway.staradvertiser.com/", "distance": "1"}
{"url": "https://www.staradvertiser.com/user-access/?redirect_to=https%3A%2F%2Fwww.staradvertiser.com%2F2021%2F09%2F11%2Feditorial%2Fkauakukalahale%2Fcolumn-he-myu-aeo-ia-a-i-aeole-he-mu-he-aeano-mu-no-paha%2F", "distance": "1"}
{"url": "https://gateway.staradvertiser.com/account_lookup.php", "distance": "1"}
{"url": "https://www.staradvertiser.com/2021/09/10/editorial/letters/letters-align-testing-rules-for-customers-workers/", "distance": "1"}
{"url": "https://www.staradvertiser.com/2021/09/12/editorial/island-voices/what-now-for-honolulus-rail-project/", "distance": "1"}
{"url": "https://www.staradvertiser.com", "distance": "1"}
{"url": "http://www.oahupublications.com/terms-of-service/", "distance": "1"}
{"url": "http://www.oahupublications.com/terms-of-service", "distance": "1"}
{"url": "https://giving.usf.edu/where/usf/giving-university-south-florida", "distance": "1"}
{"url": "https://www.usf.edu", "distance": "1"}
{"url": "https://content.usf.edu/10?skin=oucampus&account=USFMainPROD&site=usf_edu&action=de&path=/it/class-prep/myusf.pcf", "distance": "1"}
{"url": "https://myu.edu.pk/apply-online", "distance": "1"}
{"url": "https://myu.edu.pk/apply-online", "distance": "1"}
{"url": "https://myu.edu.pk/apply-online", "distance": "1"}
{"url": "https://myu.edu.pk/apply-online", "distance": "1"}
{"url": "https://myu.edu.pk/apply-online", "distance": "1"}
{"url": "https://myu.edu.pk/apply-online", "distance": "1"}
{"url": "https://myu.edu.pk/apply-online", "distance": "1"}
{"url": "https://myu.edu.pk/apply-online", "distance": "1"}
{"url": "https://myu.edu.pk/apply-online", "distance": "1"}
{"url": "https://myu.edu.pk/apply-online", "distance": "1"}
{"url": "https://myu.edu.pk/apply-online", "distance": "1"}
{"url": "https://www.facebook.com/MYUniversityOfficial/", "distance": "1"}
{"url": "https://twitter.com/myuniversityisb", "distance": "1"}
{"url": "https://www.linkedin.com/edu/my-university-3156266", "distance": "1"}
{"url": "https://www.youtube.com/channel/UC8L0N27KtYQ0RFdyDcy4f8g", "distance": "1"}
{"url": "https://www.uvm.edu/uvmforward", "distance": "1"}
{"url": "https://www.uvm.edu/aaeo/americans-disabilities-act-ada-and-reasonable-accommodations-employees", "distance": "1"}
{"url": "https://www.uvm.edu/compliance/website-privacy-policy/terms-use", "distance": "1"}
{"url": "https://www.names.org/name-poster/Myu-tc9bcf732eddde036ab9546f7239d89b828d8c20ccd6ac0dad74bba64690b1eaek-hq.png?dl=1", "distance": "1"}
{"url": "http://www.lmu.edu", "distance": "1"}
{"url": "https://my.lmu.edu/Shibboleth.sso/Login", "distance": "1"}
{"url": "https://passwordreset.microsoftonline.com/?whr=lmu.edu", "distance": "1"}
{"url": "https://apps.lmu.edu/AccountLookup/AccountLookupWeb/", "distance": "1"}
{"url": "https://cal.lmu.edu/event/justice_on_trial_film_festival_299", "distance": "1"}
{"url": "https://lmu.edu/workday", "distance": "1"}
{"url": "https://cal.lmu.edu/event/Constitutionday2021", "distance": "1"}
{"url": "https://cal.lmu.edu/event/rlc_deadline", "distance": "1"}
{"url": "https://cal.lmu.edu/event/2021_moon_festival_meet_and_greet", "distance": "1"}
