{"url": "https://www.wsws.org/en/articles/2021/09/07/f6d9-s07.html", "distance": 0}
{"url": "https://www.msche.org/institution/0360/", "distance": 0}
{"url": "https://www.collegeconsensus.com/schools/new-york-university/", "distance": 0}
{"url": "https://www.linkedin.com/school/new-york-university/", "distance": 0}
{"url": "https://nyulangone.org/", "distance": 0}
{"url": "https://www.petersons.com/college-search/new-york-university-000_10000134.aspx", "distance": 0}
{"url": "https://www.colgate.edu/", "distance": 0}
{"url": "https://www.shmoop.com/nyu/", "distance": 0}
{"url": "http://www.buffalo.edu/", "distance": 0}
{"url": "https://www.topuniversities.com/universities/new-york-university-nyu", "distance": 0}
{"url": "https://www.yale.edu/", "distance": 0}
{"url": "https://www.canton.edu/", "distance": 0}
{"url": "https://www.genesee.edu/", "distance": 0}
{"url": "https://www.investopedia.com/articles/personal-finance/010915/cost-studying-new-york-university-nyu.asp", "distance": 0}
{"url": "https://nyuskirball.org/", "distance": 0}
{"url": "https://nyupress.org/", "distance": 0}
{"url": "https://www.studentinsurance.com/Client/645", "distance": 0}
{"url": "https://www.sarahlawrence.edu/", "distance": 0}
{"url": "https://www.cuny.edu/", "distance": 0}
{"url": "https://sunypoly.edu/", "distance": 0}
{"url": "https://www.bachelorsportal.com/universities/11753/new-york-university.html", "distance": 0}
{"url": "https://www.hamilton.edu/", "distance": 0}
{"url": "https://www.shanghairanking.com/institution/new-york-university", "distance": 0}
{"url": "https://www.yorku.ca/", "distance": 0}
{"url": "https://www.cappex.com/colleges/new-york-university", "distance": 0}
{"url": "https://www.mcny.edu/", "distance": 0}
{"url": "https://www.aau.edu/who-we-are/our-members/new-york-university", "distance": 0}
{"url": "https://www.forbes.com/colleges/new-york-university/", "distance": 0}
{"url": "https://www.asa.edu/", "distance": 0}
{"url": "https://www.cobleskill.edu/", "distance": 0}
{"url": "https://www.tiaa.org/public/tcm/nyu", "distance": 0}
{"url": "https://www.laguardia.edu/", "distance": 0}
{"url": "https://www.imleagues.com/NYU", "distance": 0}
{"url": "https://en.wikipedia.org/wiki/New_York_University", "distance": 0}
{"url": "https://www.rpi.edu/", "distance": 0}
{"url": "https://poetsandquantsforundergrads.com/school-profile/new-york-university-stern-school-business/", "distance": 0}
{"url": "https://www.insider.com/what-its-like-to-be-nyu-student-on-campus-covid-2020-9", "distance": 0}
{"url": "https://ischoolconnect.com/blog/all-about-studying-at-new-york-university/", "distance": 0}
{"url": "https://www.classcentral.com/university/nyu", "distance": 0}
{"url": "https://manhattan.edu/", "distance": 0}
{"url": "https://www.hofstra.edu/", "distance": 0}
{"url": "https://www.union.edu/", "distance": 0}
{"url": "https://www.bronfmancenter.org/", "distance": 0}
{"url": "http://www.nysed.gov/", "distance": 0}
{"url": "https://tcnjathletics.com/sports/womens-soccer/stats/2021/new-york-university/boxscore/8614", "distance": 0}
{"url": "https://www.stonybrookmedicine.edu/", "distance": 0}
{"url": "https://blog.nomadcredit.com/average-gmat-toefl-scores-new-york-university-stern-school-business/", "distance": 0}
{"url": "https://www.nyuelj.org/", "distance": 0}
{"url": "https://www.facebook.com/NYU/", "distance": 0}
{"url": "https://makingabetternyu.org/", "distance": 0}
{"url": "https://www.newworldencyclopedia.org/entry/New_York_University", "distance": 0}
{"url": "https://www.sunymaritime.edu/", "distance": 0}
{"url": "https://www.commonapp.org/explore/new-york-university", "distance": 0}
{"url": "https://www.rit.edu/", "distance": 0}
{"url": "http://www.dyc.edu/", "distance": 0}
{"url": "https://www.rochester.edu/", "distance": 0}
{"url": "https://www.princetonreview.com/college/new-york-university-1022976", "distance": 0}
{"url": "https://www.sunyjefferson.edu/", "distance": 0}
{"url": "https://www.niche.com/colleges/new-york-university/", "distance": 0}
{"url": "https://www.uopeople.edu/about/partners/academic-partnerships/new-york-university/", "distance": 0}
{"url": "https://www.suny.edu/", "distance": 0}
{"url": "https://www.dc.edu/", "distance": 0}
{"url": "https://www.nyu.edu/search.html?search=minimum+GPA+for+admission", "distance": 0}
{"url": "https://www.collegevine.com/schools/new-york-university-nyu", "distance": 0}
{"url": "https://www.bard.edu/", "distance": 0}
{"url": "https://blogs.shu.edu/nyc-history/2017/11/07/new-york-university/", "distance": 0}
{"url": "https://www.nyp.org/", "distance": 0}
{"url": "https://www.avenues.org/about/after-avenues/", "distance": 0}
{"url": "https://daytripperuniversity.com/dtuschool/new-york-university", "distance": 0}
{"url": "https://www.glassdoor.com/Jobs/NYU-New-York-University-Jobs-E2917.htm", "distance": 0}
{"url": "https://www.niche.com/colleges/new-york-university/admissions/", "distance": 0}
{"url": "https://www.marist.edu/", "distance": 0}
{"url": "https://www.tripadvisor.com/Attraction_Review-g60763-d548804-Reviews-New_York_University-New_York_City_New_York.html", "distance": 0}
{"url": "https://blog.collegeadvisor.com/new-york-university-essay-guide-2020-2021", "distance": 0}
{"url": "https://www.afrotc.com/college/new-york-university/", "distance": 0}
{"url": "https://www.binghamton.edu/", "distance": 0}
{"url": "https://www.collegedata.com/college-search/new-york-university", "distance": 0}
{"url": "https://www.zoominfo.com/c/new-york-university/28459040", "distance": 0}
{"url": "https://www.ny.gov/programs/tuition-free-degree-program-excelsior-scholarship", "distance": 0}
{"url": "https://elabedu.eu/study-at-new-york-university/", "distance": 0}
{"url": "https://www.columbia.edu/", "distance": 0}
{"url": "https://furmancenter.org/", "distance": 0}
{"url": "https://www.chea.org/new-york-university", "distance": 0}
{"url": "https://www.pinterest.com/nyu1831fund/new-york-university/", "distance": 0}
{"url": "https://pubmed.ncbi.nlm.nih.gov/34465900/", "distance": 0}
{"url": "https://www.nyit.edu/", "distance": 0}
{"url": "https://www.sfc.edu/", "distance": 0}
{"url": "https://www.nyulawreview.org/", "distance": 0}
{"url": "http://www.casaitaliananyu.org/", "distance": 0}
{"url": "https://www.food-management.com/news-trends/5-coronavirus-things-nyu-criticized-poor-quality-meals-quarantined-students", "distance": 0}
{"url": "https://www.usnews.com/best-colleges/nyu-2785", "distance": 0}
{"url": "https://www.britannica.com/topic/New-York-University", "distance": 0}
{"url": "https://talk.collegeconfidential.com/c/colleges-and-universities/new-york-university/358", "distance": 0}
{"url": "https://thebestschools.org/rankings/best-universities-worldwide/", "distance": 0}
{"url": "https://www.brennancenter.org/", "distance": 0}
{"url": "https://bigfuture.collegeboard.org/college-university-search/new-york-university", "distance": 0}
{"url": "https://www.gotouniversity.com/university/new-york-university", "distance": 0}
{"url": "https://icnyu.org/", "distance": 0}
{"url": "https://www2.naz.edu/", "distance": 0}
{"url": "https://cwur.org/2020-21/New-York-University.php", "distance": 0}
{"url": "https://www.reddit.com/r/nyu/", "distance": 0}
{"url": "https://nyufcu.com/", "distance": 0}
{"url": "https://www.nyu.edu/", "distance": 0}
{"url": "https://themontclarion.org/sports/montclair-state-topped-by-new-york-university-in-heartbreaking-fashion/", "distance": 0}
{"url": "https://www.eliteprospects.com/team/10519/new-york-univ.", "distance": 0}
{"url": "https://armacad.info/organizations/new-york-university", "distance": 0}
{"url": "https://www.paschoolfinder.com/item/new-york-university/", "distance": 0}
{"url": "https://www.liu.edu/", "distance": 0}
{"url": "https://www.syracuse.edu/", "distance": 0}
{"url": "https://gonyuathletics.com/", "distance": 0}
{"url": "https://www.bloomberg.com/profile/company/321042Z:US", "distance": 0}
{"url": "https://www.pace.edu/", "distance": 0}
{"url": "https://www.sunyacc.edu/", "distance": 0}
{"url": "https://www.nyls.edu/", "distance": 0}
{"url": "https://www.vassar.edu/", "distance": 0}
{"url": "https://firstgen.naspa.org/events/new-york-university-s-first-generation-college-celebration", "distance": 0}
{"url": "https://www.stjohns.edu/", "distance": 0}
{"url": "https://www.case.org/awards/new-york-university", "distance": 0}
{"url": "https://twitter.com/nyuniversity?lang=en", "distance": 0}
{"url": "https://www.farmingdale.edu/", "distance": 0}
{"url": "https://studyabroad.shiksha.com/usa/universities/new-york-university", "distance": 0}
{"url": "https://www.hotcoursesabroad.com/india/us-usa/school-college-university/new-york-university/72070/international.html", "distance": 0}
{"url": "https://resouces-cms.prd.timeshighereducation.com/world-university-rankings/new-york-university", "distance": 0}
{"url": "https://untappedcities.com/2019/06/14/the-top-10-secrets-of-new-york-university-nyu/", "distance": 0}
{"url": "https://kierantimberlake.com/page/181-mercer", "distance": 0}
{"url": "https://www.youtube.com/channel/UCWbOgmmhIvrmcxKiAF8twPA", "distance": 0}
{"url": "https://www.unigo.com/colleges/new-york-university", "distance": 0}
{"url": "https://www.nyfa.edu/", "distance": 0}
{"url": "https://www.newschool.edu/", "distance": 0}
{"url": "https://www.weadmit.com/blog/what-does-it-take-to-get-into-new-york-university", "distance": 0}
{"url": "https://www.nytimes.com/topic/organization/new-york-university", "distance": 0}
{"url": "https://www.collegesimply.com/colleges/new-york/new-york-university/", "distance": 0}
{"url": "https://2u.com/partners/new-york-university/", "distance": 0}
{"url": "https://www.agri-pulse.com/keywords/17922-new-york-university", "distance": 0}
{"url": "https://www.educationcorner.com/new-york-university.html", "distance": 0}
{"url": "https://www.albany.edu/", "distance": 0}
{"url": "https://www.delhi.edu/", "distance": 0}
{"url": "https://www.clarkson.edu/", "distance": 0}
{"url": "https://www.coursera.org/nyu", "distance": 0}
{"url": "https://cgsnet.org/new-york-university", "distance": 0}
{"url": "https://www.juilliard.edu/", "distance": 0}
{"url": "https://www.signaturecollegecounseling.com/new-york-university/", "distance": 0}
{"url": "https://datausa.io/profile/university/new-york-university", "distance": 0}
{"url": "https://www.collegefactual.com/colleges/new-york-university/", "distance": 0}
{"url": "https://www.interfolio.com/clients/new-york-university/", "distance": 0}
{"url": "http://jordanrussiacenter.org/", "distance": 0}
{"url": "https://www.instagram.com/nyuniversity/?hl=en", "distance": 0}
{"url": "https://sva.edu/", "distance": 0}
{"url": "http://schools.njnu.edu.cn/business/academic-events/associate-professor-zhisong-chen-visited-stern-school-of-business-new-york", "distance": 0}
{"url": "https://radiohealthjournal.org/archive/terms/institutions/nyu_new-york-university/", "distance": 0}
{"url": "https://collegegazette.com/is-nyu-ivy-league-ranking-acceptance-rate-and-more/", "distance": 0}
{"url": "https://www.edx.org/school/nyux", "distance": 0}
{"url": "https://www.bkstr.com/nyustore/home", "distance": 0}
{"url": "https://www.crunchbase.com/organization/new-york-university", "distance": 0}
{"url": "https://barnard.edu/", "distance": 0}
{"url": "https://www.yelp.com/biz/new-york-university-new-york-18", "distance": 0}
{"url": "https://www.cornell.edu/", "distance": 0}
{"url": "https://ultimatepopculture.fandom.com/wiki/New_York_University", "distance": 0}
{"url": "https://www.thoughtco.com/nyu-admissions-787200", "distance": 0}
{"url": "http://www.nyuuniversityheights.com/", "distance": 0}
{"url": "https://www.nydailynews.com/new-york/ny-nyu-coronavirus-online-instruction-20200310-jov5akxr4ngwjhxtv4zrz2ypea-story.html", "distance": 0}
{"url": "https://thegovlab.org/", "distance": 0}
{"url": "https://www.apartmentguide.com/apartments/New-York/New-York-University/", "distance": 0}
{"url": "https://advisingcorps.org/program/new-york-university/", "distance": 0}
{"url": "https://www.ama-assn.org/education/accelerating-change-medical-education/new-york-university-school-medicine", "distance": 0}
{"url": "https://www.researchgate.net/institution/New_York_University2", "distance": 0}
{"url": "https://nyulangone.app.link/mrAUrEHgiZ", "distance": "1"}
{"url": "https://www.collegeconsensus.com/schools/NY", "distance": "1"}
{"url": "https://www.collegeconsensus.com/source/wsjthe", "distance": "1"}
{"url": "https://www.collegeconsensus.com/source/usnwr-national-universities", "distance": "1"}
{"url": "https://www.collegeconsensus.com/source/wallethub", "distance": "1"}
{"url": "https://www.collegeconsensus.com/source/washington-monthly-national", "distance": "1"}
{"url": "https://www.collegeconsensus.com/source/money", "distance": "1"}
{"url": "https://www.collegeconsensus.com/source/cappex", "distance": "1"}
{"url": "https://www.collegeconsensus.com/source/niche", "distance": "1"}
{"url": "https://www.collegeconsensus.com/source/my-plan", "distance": "1"}
{"url": "https://www.collegeconsensus.com/source/students-review", "distance": "1"}
{"url": "https://www.google.com/maps/search/?api=1&query=New+York+University%2C+70+Washington+Sq+South%2C+New+York%2C+NY%2C+10012-1091", "distance": "1"}
{"url": "https://www.nyu.edu", "distance": "1"}
{"url": "https://nces.ed.gov/ipeds/", "distance": "1"}
{"url": "https://www.collegeconsensus.com/online/schools/NY", "distance": "1"}
{"url": "https://www.collegeconsensus.com/online/schools/new-york-university-college-of-global-public-health/", "distance": "1"}
{"url": "https://www.collegeconsensus.com/online/schools/NY", "distance": "1"}
{"url": "https://www.collegeconsensus.com/online/schools/new-york-university-tandon-school-of-engineering/", "distance": "1"}
{"url": "https://www.collegeconsensus.com/online/schools/NY", "distance": "1"}
{"url": "https://www.collegeconsensus.com/online/schools/new-york-university-school-of-law/", "distance": "1"}
{"url": "https://www.collegeconsensus.com/online/schools/NY", "distance": "1"}
{"url": "https://www.collegeconsensus.com/online/schools/new-york-university-steinhardt-school-of-culture-education-and-human-development/", "distance": "1"}
{"url": "https://www.collegeconsensus.com/online/schools/NY", "distance": "1"}
{"url": "https://www.collegeconsensus.com/online/schools/new-york-university-leonard-n-stern-school-of-business/", "distance": "1"}
{"url": "https://www.collegeconsensus.com/online/schools/NY", "distance": "1"}
{"url": "https://www.collegeconsensus.com/online/schools/new-york-university-school-of-professional-studies/", "distance": "1"}
{"url": "https://www.collegeconsensus.com/business/schools/NY", "distance": "1"}
{"url": "https://www.collegeconsensus.com/business/schools/new-york-university/", "distance": "1"}
{"url": "https://www.collegeconsensus.com/law/schools/NY", "distance": "1"}
{"url": "https://www.collegeconsensus.com/law/schools/new-york-university/", "distance": "1"}
{"url": "https://www.collegeconsensus.com/schools/NY/", "distance": "1"}
{"url": "https://www.collegeconsensus.com/online/schools/NY/", "distance": "1"}
{"url": "https://www.collegeconsensus.com/business/schools/NY/", "distance": "1"}
{"url": "https://www.collegeconsensus.com/law/schools/NY/", "distance": "1"}
{"url": "https://www.facebook.com/collegeconsensus/", "distance": "1"}
{"url": "https://twitter.com/CollegeConsens", "distance": "1"}
{"url": "https://www.instagram.com/collegeconsensus/", "distance": "1"}
{"url": "https://www.linkedin.com/company/college-consensus", "distance": "1"}
{"url": "https://www.collegeconsensus.com/sitemap/", "distance": "1"}
{"url": "https://www.collegeconsensus.com/wp-sitemap.xml", "distance": "1"}
{"url": "https://www.facebook.com/wsws.org", "distance": "1"}
{"url": "https://twitter.com/WSWS_Updates", "distance": "1"}
{"url": "https://www.instagram.com/worldsocialistwebsite/", "distance": "1"}
{"url": "https://www.youtube.com/SEPupload", "distance": "1"}
{"url": "https://www.wsws.org/rss/en.xml", "distance": "1"}
{"url": "https://www.wsws.org/en/special/podcast.html", "distance": "1"}
{"url": "https://www.wsws.org/en/special/newsletter.html", "distance": "1"}
{"url": "https://connect.colgate.edu/register/inquiry", "distance": "1"}
{"url": "https://www.colgate.edu/news/stories", "distance": "1"}
{"url": "https://calendar.colgate.edu", "distance": "1"}
{"url": "https://www.youvisit.com/#/vte/?data-platform=v&data-link-type=immersive&data-inst=59866&data-image-width=100%&data-image-height=100%&", "distance": "1"}
{"url": "https://giving.yale.edu/", "distance": "1"}
{"url": "https://news.yale.edu/", "distance": "1"}
{"url": "https://directory.yale.edu/", "distance": "1"}
{"url": "http://world.yale.edu", "distance": "1"}
{"url": "https://world.yale.edu/academics-research", "distance": "1"}
{"url": "https://summer.yale.edu/", "distance": "1"}
{"url": "https://poorvucenter.yale.edu/online-courses", "distance": "1"}
{"url": "https://admissions.yale.edu/", "distance": "1"}
{"url": "https://world.yale.edu/admissions", "distance": "1"}
{"url": "https://summer.yale.edu/apply", "distance": "1"}
{"url": "https://worldfellows.yale.edu/the-program/application/", "distance": "1"}
{"url": "https://research.yale.edu/", "distance": "1"}
{"url": "https://web.library.yale.edu/", "distance": "1"}
{"url": "http://discover.odai.yale.edu/ydc/", "distance": "1"}
{"url": "https://belong.yale.edu", "distance": "1"}
{"url": "https://housing.yale.edu/", "distance": "1"}
{"url": "https://secretary.yale.edu/student-life/student-groups-and-activities", "distance": "1"}
{"url": "https://visitorcenter.yale.edu/", "distance": "1"}
{"url": "https://www.youtube.com/watch?v=kMdlgDHyjrI", "distance": "1"}
{"url": "https://visitorcenter.yale.edu/", "distance": "1"}
{"url": "https://paulimurray.yalecollege.yale.edu", "distance": "1"}
{"url": "https://covid19.yale.edu", "distance": "1"}
{"url": "https://your.yale.edu/work-yale/careers", "distance": "1"}
{"url": "https://emergency.yale.edu/", "distance": "1"}
{"url": "https://your.yale.edu/community/public-safety", "distance": "1"}
{"url": "https://usability.yale.edu/web-accessibility/accessibility-yale", "distance": "1"}
{"url": "https://westcampus.yale.edu/", "distance": "1"}
{"url": "https://communications.yale.edu/mobile", "distance": "1"}
{"url": "https://visitorcenter.yale.edu/tours", "distance": "1"}
{"url": "https://visitorcenter.yale.edu/", "distance": "1"}
{"url": "https://www.facebook.com/YaleUniversity", "distance": "1"}
{"url": "http://www.twitter.com/yale", "distance": "1"}
{"url": "http://www.youtube.com/yale", "distance": "1"}
{"url": "http://weibo.com/yaleuniversity", "distance": "1"}
{"url": "https://giving.yale.edu/", "distance": "1"}
{"url": "https://news.yale.edu/", "distance": "1"}
{"url": "https://directory.yale.edu/", "distance": "1"}
{"url": "https://secretary.yale.edu/student-life", "distance": "1"}
{"url": "https://your.yale.edu/", "distance": "1"}
{"url": "https://alumni.yale.edu", "distance": "1"}
{"url": "https://nyuskirball.org/events/#/?tab=calendar-tab", "distance": "1"}
{"url": "https://nyuskirball.org/events/aunts-goes-public/", "distance": "1"}
{"url": "https://nyuskirball.org/events/aunts-goes-public/", "distance": "1"}
{"url": "https://nyuskirball.org/events/aunts-2/", "distance": "1"}
{"url": "https://nyuskirball.org/events/aunts-2/", "distance": "1"}
{"url": "https://nyuskirball.org/paradigm-shifters/", "distance": "1"}
{"url": "https://nyuskirball.org/paradigm-shifters/", "distance": "1"}
{"url": "https://nyuskirball.org/skirball-tv-archives/", "distance": "1"}
{"url": "https://nyuskirball.org/skirball-tv-archives/", "distance": "1"}
{"url": "https://nyuskirball.org/skirball-tv-archives/", "distance": "1"}
{"url": "https://nyuskirball.org/paradigm-shifters/", "distance": "1"}
{"url": "https://nyuskirball.org/paradigm-shifters/", "distance": "1"}
{"url": "https://nyuskirball.org/paradigm-shifters/", "distance": "1"}
{"url": "https://nyuskirball.org/support/", "distance": "1"}
{"url": "https://nyuskirball.org/support/", "distance": "1"}
{"url": "https://nyuskirball.org/support/", "distance": "1"}
{"url": "https://nyuskirball.org/events/aunts-goes-public/", "distance": "1"}
{"url": "https://nyuskirball.org/events/aunts-goes-public/", "distance": "1"}
{"url": "https://nyuskirball.org/events/aunts-goes-public/", "distance": "1"}
{"url": "https://nyuskirball.org/events/aunts-2/", "distance": "1"}
{"url": "https://nyuskirball.org/events/aunts-2/", "distance": "1"}
{"url": "https://nyuskirball.org/events/aunts-2/", "distance": "1"}
{"url": "https://nyuskirball.org/events/sibyl-kempson-maery-s/", "distance": "1"}
{"url": "https://nyuskirball.org/events/sibyl-kempson-maery-s/", "distance": "1"}
{"url": "https://nyuskirball.org/events/sibyl-kempson-maery-s/", "distance": "1"}
{"url": "https://ci.ovationtix.com/238/production/1073686", "distance": "1"}
{"url": "https://www.facebook.com/universityatbuffalo", "distance": "1"}
{"url": "https://twitter.com/UBuffalo", "distance": "1"}
{"url": "https://www.instagram.com/universityatbuffalo/", "distance": "1"}
{"url": "http://giving.buffalo.edu", "distance": "1"}
{"url": "https://www.buffalo.edu/ub_admissions/apply-now.html", "distance": "1"}
{"url": "http://giving.buffalo.edu", "distance": "1"}
{"url": "https://www.buffalo.edu/news/ub-in-the-news.html", "distance": "1"}
{"url": "https://www.buffalo.edu/news/ub-in-the-news.html", "distance": "1"}
{"url": "https://www.buffalo.edu/news/ub-in-the-news.html", "distance": "1"}
{"url": "https://www.buffalo.edu/news/ub-in-the-news.html", "distance": "1"}
{"url": "https://www.buffalo.edu/news/ub-in-the-news.html", "distance": "1"}
{"url": "http://www.buffalo.edu/home/visiting-ub/CampusMaps/maps.html", "distance": "1"}
{"url": "http://www.buffalo.edu/home/visiting-ub/CampusMaps/maps.html", "distance": "1"}
{"url": "https://twitter.com/UBuffalo", "distance": "1"}
{"url": "https://www.instagram.com/universityatbuffalo/", "distance": "1"}
{"url": "http://www.buffalo.edu/home/visiting-ub/CampusMaps/maps.html", "distance": "1"}
{"url": "https://itunes.apple.com/us/app/ub-mobile/id457650145?mt=8", "distance": "1"}
{"url": "https://play.google.com/store/apps/details?id=edu.buffalo.ubmobile", "distance": "1"}
{"url": "https://www.genesee.edu/cms/home/promo/slideshows/homepage-slideshow/?previewid=A3BC6313-5056-B9D6-D60BC230805A88DA", "distance": "1"}
{"url": "https://news.genesee.edu/", "distance": "1"}
{"url": "https://calendar.genesee.edu/2021-09-16/pta-program-information-session", "distance": "1"}
{"url": "https://calendar.genesee.edu/2021-09-20/virtual-nursing-information-session-advanced-placement-lpn-rn", "distance": "1"}
{"url": "https://calendar.genesee.edu/2021-09-21/veterinary-technology-information-session", "distance": "1"}
{"url": "https://calendar.genesee.edu/2021-09-24/person-admissions-information-session-and-campus-tour", "distance": "1"}
{"url": "https://calendar.genesee.edu/2021-09-28/pta-program-information-session", "distance": "1"}
{"url": "https://calendar.genesee.edu/2021-10-06/virtual-nursing-information-session-non-lpn", "distance": "1"}
{"url": "https://www.genesee.edu/home/offices/access-accommodation-services/web-accessibility-statement/", "distance": "1"}
{"url": "https://www.cuny.edu", "distance": "1"}
{"url": "https://www.cuny.edu", "distance": "1"}
{"url": "https://www.cuny.edu/learnmore?utm_source=homepage&utm_medium=banner&utm_campaign=admissions", "distance": "1"}
{"url": "https://www.cuny.edu/admissions/undergraduate/apply/", "distance": "1"}
{"url": "https://www.cuny.edu/admissions/undergraduate/explore/transfer/", "distance": "1"}
{"url": "https://www.facebook.com/CUNYedu/", "distance": "1"}
{"url": "https://twitter.com/cuny", "distance": "1"}
{"url": "https://www.instagram.com/cunyedu/", "distance": "1"}
{"url": "http://www.linkedin.com/company/city-university-of-new-york", "distance": "1"}
{"url": "https://www.youtube.com/user/CUNYMedia", "distance": "1"}
{"url": "https://twitter.com/CUNY", "distance": "1"}
{"url": "https://twitter.com/CUNY", "distance": "1"}
{"url": "https://twitter.com/CUNY", "distance": "1"}
{"url": "https://twitter.com/CUNY", "distance": "1"}
{"url": "https://www.facebook.com/sharer/sharer.php?u=https://twitter.com/CUNY/status/1438247501698637829", "distance": "1"}
{"url": "https://plus.google.com/share?url=https://twitter.com/CUNY/status/1438247501698637829", "distance": "1"}
{"url": "https://www.linkedin.com/shareArticle?mini=true&url=https://twitter.com/CUNY/status/1438247501698637829", "distance": "1"}
{"url": "https://twitter.com/CUNY/status/1438247501698637829", "distance": "1"}
{"url": "https://twitter.com/intent/retweet?tweet_id=1438247501698637829&related=CUNY", "distance": "1"}
{"url": "https://twitter.com/intent/like?tweet_id=1438247501698637829&related=CUNY", "distance": "1"}
{"url": "https://twitter.com/cuny", "distance": "1"}
{"url": "https://youtu.be/-5csZAojddg", "distance": "1"}
{"url": "https://www.facebook.com/CUNYedu", "distance": "1"}
{"url": "https://twitter.com/#!/cuny", "distance": "1"}
{"url": "https://www.youtube.com/user/CUNYMedia", "distance": "1"}
{"url": "https://www.linkedin.com/company/city-university-of-new-york", "distance": "1"}
{"url": "https://www.flickr.com/photos/cunyedu/", "distance": "1"}
{"url": "https://new.cappex.com/register/main/create", "distance": "1"}
{"url": "https://my.cappex.com/page/account/login.jsp", "distance": "1"}
{"url": "https://new.cappex.com/register/chances/college-info?collegeId=193900", "distance": "1"}
{"url": "https://new.cappex.com/register/chances/college-info?collegeId=193900", "distance": "1"}
{"url": "https://new.cappex.com/register/main/create?collegeId=193900", "distance": "1"}
{"url": "https://new.cappex.com/register/chances/college-info?collegeId=193900", "distance": "1"}
{"url": "https://www.cappex.com/colleges/new-york-university/admissions", "distance": "1"}
{"url": "https://new.cappex.com/register/main/create?collegeId=193900", "distance": "1"}
{"url": "https://www.cappex.com/colleges/new-york-university/academics", "distance": "1"}
{"url": "https://new.cappex.com/register/main/create", "distance": "1"}
{"url": "https://www.cappex.com/colleges/new-york-university/tuition-and-aid", "distance": "1"}
{"url": "https://www.cappex.com/colleges/new-york-university/campus-life", "distance": "1"}
{"url": "https://www.cappex.com/colleges/new-york-university/after-graduation", "distance": "1"}
{"url": "https://new.cappex.com/register/chances/college-info?collegeId=193900", "distance": "1"}
{"url": "https://www.instagram.com/cappex/", "distance": "1"}
{"url": "https://twitter.com/cappex", "distance": "1"}
{"url": "https://www.facebook.com/cappex", "distance": "1"}
{"url": "http://www.nyu.edu", "distance": "1"}
{"url": "https://auth.tiaa.org/public/authentication/enroll", "distance": "1"}
{"url": "https://auth.tiaa.org/public/authentication/enroll", "distance": "1"}
{"url": "https://auth.tiaa.org/public/authentication/login?flow=SRK&CLIENTID=009845&EMPLOYERID=101667", "distance": "1"}
{"url": "https://shared.tiaa.org/public/publictools/events/meetingatworkplace?employerId=1-6787-19", "distance": "1"}
{"url": "https://rpi.edu", "distance": "1"}
{"url": "http://rpinfo.rpi.edu/summer-arch", "distance": "1"}
{"url": "http://rpinfo.rpi.edu/summer-arch", "distance": "1"}
{"url": "https://magazine.rpi.edu/", "distance": "1"}
{"url": "https://everydaymatters.rpi.edu/", "distance": "1"}
{"url": "http://rpi.edu/academics/index.html#academics-link__arch", "distance": "1"}
{"url": "http://rpi.edu/academics/index.html#academics-link__eng", "distance": "1"}
{"url": "http://rpi.edu/academics/index.html#academics-link__hass", "distance": "1"}
{"url": "http://rpi.edu/academics/index.html#academics-link__lally", "distance": "1"}
{"url": "http://rpi.edu/academics/index.html#academics-link__science", "distance": "1"}
{"url": "http://rpi.edu/academics/index.html#academics-link__inter", "distance": "1"}
{"url": "http://rpi.edu/academics/index.html#academics-link__gradcert", "distance": "1"}
{"url": "http://rpi.edu/academics/index.html#academics-link__minors", "distance": "1"}
{"url": "http://rpi.edu/academics/index.html#academics-link__prof", "distance": "1"}
{"url": "http://rpi.edu/academics/index.html#academics-link__other", "distance": "1"}
{"url": "http://news.rpi.edu//content/2021/09/11/rensselaer-president-joins-rotc-students-911-remembrance", "distance": "1"}
{"url": "http://news.rpi.edu//content/2021/08/18/evaluating-materials-under-real-world-conditions-will-improve-material-design", "distance": "1"}
{"url": "http://news.rpi.edu//content/2021/08/30/rensselaer-class-2025-determined-change-world", "distance": "1"}
{"url": "https://www.insider.com/", "distance": "1"}
{"url": "https://www.businessinsider.com", "distance": "1"}
{"url": "https://www.businessinsider.com/reviews", "distance": "1"}
{"url": "https://businessinsider.com/subscription/newsletter", "distance": "1"}
{"url": "https://www.insider.com/app?utm_source=businessinsider.com&utm_medium=HamburgerMenu&utm_campaign=2021-General&utm_content=AppRelaunch2021", "distance": "1"}
{"url": "https://apps.apple.com/app/apple-store/id554260576?pt=385758&ct=08052021_myinsider_web&mt=8", "distance": "1"}
{"url": "https://play.google.com/store/apps/details?id=com.freerange360.mpp.businessinsider&referrer=utm_source%3Dmyinsider%26utm_medium%3Dweb%26utm_term%3D08052021%26anid%3Dadmob", "distance": "1"}
{"url": "https://www.insider-intelligence.com?utm_medium=site_menu&utm_source=insider&utm_term=ins_site_menu&utm_content=ins_site_menu&utm_campaign=ins_site_menu", "distance": "1"}
{"url": "https://www.insider-intelligence.com/coverage/?utm_medium=site_menu&utm_source=insider&utm_term=ins_site_menu&utm_content=ins_site_menu&utm_campaign=ins_site_menu", "distance": "1"}
{"url": "https://www.businessinsider.com/subscription?r-masthead", "distance": "1"}
{"url": "https://www.businessinsider.com/subscription/?r-masthead", "distance": "1"}
{"url": "https://www.facebook.com/sharer/sharer.php?u=https%3A%2F%2Fwww.insider.com%2Fwhat-its-like-to-be-nyu-student-on-campus-covid-2020-9&utmSource=facebook&utmContent=referral&utmTerm=topbar&referrer=facebook", "distance": "1"}
{"url": "https://www.businessinsider.com/terms", "distance": "1"}
{"url": "https://www.businessinsider.com/privacy-policy", "distance": "1"}
{"url": "https://itunes.apple.com/app/apple-store/id554260576?mt=8", "distance": "1"}
{"url": "https://play.google.com/store/apps/details?id=com.freerange360.mpp.businessinsider", "distance": "1"}
{"url": "https://www.classcentral.com/report/history-of-science-study-group/", "distance": "1"}
{"url": "https://www.classcentral.com/report/", "distance": "1"}
{"url": "https://www.classcentral.com/report/2u-edx-acquisition-analysis/", "distance": "1"}
{"url": "https://www.classcentral.com/report/author/dhawal/", "distance": "1"}
{"url": "https://www.classcentral.com/report/feed/", "distance": "1"}
{"url": "https://www.classcentral.com/report/free-certificates/", "distance": "1"}
{"url": "https://medium.com/nyu-bronfman", "distance": "1"}
{"url": "https://medium.com/nyu-bronfman", "distance": "1"}
{"url": "https://medium.com/nyu-bronfman", "distance": "1"}
{"url": "https://www.nyu.edu/life/safety-health-wellness/coronavirus-information.html", "distance": "1"}
{"url": "https://www.youtube.com/embed/oHnt6z1RnOY?rel=0&autoplay=1", "distance": "1"}
{"url": "https://www.youvisit.com/tour/hofstra", "distance": "1"}
{"url": "https://www.gohofstra.com", "distance": "1"}
{"url": "https://twitter.com/hofstrau", "distance": "1"}
{"url": "http://www.facebook.com/hofstrau", "distance": "1"}
{"url": "https://www.instagram.com/hofstrau/?hl=en", "distance": "1"}
{"url": "https://www.youtube.com/\\hofstrauniversity", "distance": "1"}
{"url": "https://m.facebook.com/login.php?next=https%3A%2F%2Fm.facebook.com%2FNYU%2F%3F_rdr&ref=104&rs=6&lrs=3&rid=103256838688&lrid=103256838688&refsrc=deprecated&refid=17", "distance": "1"}
{"url": "https://lm.facebook.com/l.php?u=https%3A%2F%2Fwww.nyu.edu%2Fabout%2Fnews-publications%2Fnews%2F2021%2Fseptember%2Fa-look-back-at-2003.html&h=AT1nVw6RNh9CDPg1KvN0TiJ3ZZR8pRdStRmBNF9tgWOOqVBwP7jo8iaW3_umFMruBr-MRe1CHWft5aQ4fmYNbjUrtQQPO2XeQHtucxQMluWtJZhYJAdUcR_qm7KqKyYbqb2JFFyDi7RTW21YJ10vk0sL1Pacic0NI8oERVTRykoCLVEjfpu7s5gIeq_iAy3Lo2fPhHmOoCxMtLaqcK93VM6rQk4mH0btELY5SJ3Qbmn54cu88nod59El6Q43E-d50ffgMEbSwRJeQsxA_TckdsuSzgWdmDXdeWFYTWOiJqkidTc_zZnVJ0_J0CJumhL0RtI-kU_BhwgfcZut--Zr-QVQ9vBEAgjyqHxEvWft8uPSfYN1IzApFyHlzuoWUAh6ARYlBpnPNotRxuK0op4MiNEA1WHgR-2fYi61As1Kz356aNtNHpFLdlO_GwkLinGpWyr8meawwHlasW5SV_TMrXkmp_v9uUTJpt_cV8l9M2fGhKkQ0-xcZVh8fe0lq-5Hm8voBiIC9JqkclxW61vcZSH1hj_NH0R7o-gskRW43pWYX3dBtZqtNuzFOHXMx8O1xMV57W1I11_bWrVWVgFLjHvmV8C0UZUDOwVgt05-3_LsVTAtrE9Eg_aWdM4Bpjcy8ZQXpkYbiOPqF6xzlfmU9WmDYR0yqVWCs9TfyspVvSqH5rePwFtw3lYxs5YagODNsWWBw5i5np0rLXjw4xLHOXRIC0__QBySL-HjnYZzEvqXO_ANg5KpMbitDNpOdYO7UncTnzmxrLD0lcdkghsvx06jMjaNKsUv2rQSMzzkZPx1wQxTlZpKBgPIGg3A8uz_XT8sCr8zO2Tqd12uzBHD4yR2aiJui8WKIFKZhAqPfp0GjLeKKNmKJXb7XdzHvnukfzhcghTJ_g3o4oOauNXmcdqH6OjHEq-9gYPxcQkVaurU9lrytmC6Qt93inC-VmYsUYnwH9QgYebZIJKzXkxzOD23LNZ2kOJ_odTYpj24bMqO_ThP9ERHOvXQ4Wfz2cv9t_oUvq4mWHKp1gZqsXiMCwJDnz5KqbXKODRVuN9qd2fbw656fC4KU9YC5f3rP-23w9OTe27B0-KPOwzNzfyTWN8Wbygdg1gu-QYejmIuEVy3JxlT_-i2FZYmQ5eR3OMK7_SghS9KkHtg73KUMs7R6e6sf-tFfSQgu7BjSM19QMqFN_17H-n_-zTLs67tBvsRaihZyWFCsElVRCrYENqJqKT71ZqejuSgSJajPZG5Njp0Wv5pdM5btGm9HUKGgQMQKIeLskbqW8Dmf7KvJK5vT_20lhNHqx4KxjP4u3Jp2gelw58ymhrHOgXNipqT8N2H7tSD9lmUaxlTikgTvbVs4XF2KVRxLdkUXPPWC2Wm8sL33QBG9VTzm-c1-pVk0GQSCZsQd_YwtjFiOaxoWilaI0MBrK7__8KUPUHiFf7RNWPqShZu-WxY7vwLWJuMpCLTxvUEEDblYkmzJAkayTaY34QqjPXcWMo8uWNRwuYz1oR9tsoYBhqwFyV8UUI2aHbSDEknmWU2V8VFp95CGpxTzbgtpPf6n8WDzFHJ7aNwP8RnP9tnuOWJoG3zlpH24B06FDTclI3YDiTiXbpfIxniEo70Ve0UAMhuHW6Q2e5-UPeC8F_tdeuTozXdTsu3-567BFvmSYLFMLSV8subikiOpc6sT_s_TUSfJmrYoEKnPOr8KVm7GA", "distance": "1"}
{"url": "https://lm.facebook.com/l.php?u=https%3A%2F%2Fwww.inverse.com%2Fscience%2Fsynthetic-cell-active-transport-chemistry%2Famp&h=AT0IfQvXoxT9-vyhPvIrtyd_AYBS2M7J2ygq7pl8ntoH_SQjmxTj3TC3bJLPfNvJ6gDWp6_LlaNRjPNI9OP5hUtzB9csKObO6dmoaEaVHUd4AwqPXRTwSbMrEE3JAY1M-LE7RCdumNxDbFAGSv0cVfi59gDq07QAZR5WcuYRRn2Z_hLxgYRthIqvxpd4EgZJd0pW8Y_KdteBS-DMyHhLSjDOWcFfyDYK0aq8DpryXwSuzzwkHIFaK_hQXN06ETJlO8jmBFwh0Uld5QLvrTyhhGjOdAl689JmpLoE939yLIHyygpJgGfPahKFjwSZK0I8OX3XUWwOm_Po0bUJHaPNr6lCGvpu8yDuqcoYPexhBoAXYvgrDE_oEFBelKPpqU8RBJBUlwLDL2rpGOwCurF0o5rltUFNQjaLjVKKbWijK1bGkW3g5fMjqQR-oxVAuwIePLVur8bGm07ZdeCK0l6xcXn_EZIDH6ULch4l5iw-QnhbeRXyTxcPIe4ZHqieHg3eRBG6zlFZ7M5jPebMBn8XpRbZ8nIiGrrCAMcRecxf1zvF_1UkJv00zFDhyz_Rkr0HKFnZgS317CBe7qWKrNbcns-ZgraStMG5zlrgRJPSSyN5R-YGbtI6_uIf-VkoQCaOMljoZC397swl8u4zkt4qTMi5EPM0zhgY4NRfXuk2O3up9zHD9-1Y10b0jQuDTNEHjy6ySc0Bm6KYbsTBYR4M6g68-thmvPEJuYsn3hwwc_BJ-gPqRpDofckwdVHKCW_YexDLLnY5vXooj_k3NXNkia_cwuFjHsaDx5cQ-7v04ZQWfm0TgekCKIUMfPO40TScNa1tSj5-cyKEc60f8WGsOD3AweukELZ31s3wvbEOdNleiKyh3aQQgYPBHNESffZYoQXgRJ2odsAP07_jl-iTP_uwpDGY32JIl8ve3uEUSXr6dF3Z4gedm4zm3e2SpZz_koJsZTRu4KTET7Tj6JRpOQGbQZWtqbwTMQHXPyqSEvonmsInG3BPJ_08EyayDCHIpdCwQmFaO2tBYyeY9_JRInU6ZGo6slnALEtFf0gqObFf023Fn684Mcw51XYaRPxxazG1srF3qwW7SpXRbDUl8N2hOs0VAJILalXKOt7YEATibpjK-DHR09yedaVQWNQafa170jnBMJBrAixLrtONM-bOSCQEA0Ko2xwYGo2cZ65Pvpx4Q_SRKKwK8-McOo4WI_rZWCK3GUGLBZ7_ZNA1fv-RCdTeU7yKcCKDOFwtj_f4Qe44AQAyvkYo01xQqpse7-dbI-_WWk2LClRamj7ZDVfpPF0XKSwPVz9JaSDMaVED2COkcHW0qfI-ouBh9eP6I__k5J89cpJEPwTzxkJiTiP4ikA7ZDr5fqPdAQE1-2qoyna5XbE25SWboQHKCk9P0g7GtXK5XL_9iK4X6CXLP0IVEW_7em82xvEOX7X0ISS05YW9JTLAGditdtejGMU", "distance": "1"}
{"url": "https://lm.facebook.com/l.php?u=https%3A%2F%2Fwww.nyu.edu%2Fabout%2Fnews-publications%2Fnews%2F2021%2Fseptember%2Fjack-antonoff-joins-nyu-s-clive-davis-institute-of-recorded-musi.html&h=AT1UjcrrHK85VeA3YsnikcEG9pbcvvGPCEPn5ui-p1QICqRes25oi5GdNcBvls35Gajd6UXyUcPhBnIzMk47vfQT60sgSg_0eQUfOm5GdqNF9UuATNKciRauKX_6Mn0k2kXqIxAFXk5FCpPJyZVUnyiOkZ_1BCupShb79PmEHPUKIj-d5_KNtQ57d9RDeTSetkojL7BUN6mW4hi7gDMfCA_8nE--cKVGdVN3LyYQZ9NZQUfCIOWJgfqO5e3UIwaM47-IUgGXSez-mAWi4d6DEDdyuZg_CfrQqs9AGlfmXN99Qwryz19g2JXGg3kJiZCDIYaeqKoZQ7-7NAa6czNw7y0vazaU-q2CXid3FOMkeqrFYfWOQQP1eivg-0HmyW3Sk2JlhIEWasZem5WfRP_b6i1RbugdwBBERy8rneha4aL1p707o6WNFVNtTQEQixIcxUwz1lB6avXWPU6gRt38WGQ40hP0ZIqARHVV9X_fA9wYaVxbogqTTKxylSPDGxAR_YUtMjcluS5PKNbOo6D-vcyWjSAOUkWMKyQ8voPnZ2lIO2R764q7kXI-OadwZf4ZJXDeJGTcQ_cl5MwHEpix_h7OzVYh39-2HF-v-GFUiGfF6sIDt6BbEdhDYaom-wKWWfGOqpdtPHZWBbfr3Wa1NxGL4Yvbr4sCXb8f2JofHgotzhgJBv9rwCByl2EjanbOYEO6SW8xt2tmYJ-djck0JTjd1PdWXoEQ-K--MxfpR7EkveM_pG1Ss7wWk7OZF8qoUALyCJYlq1AxRqhzPB279HRN_u8qlTdhSw1EAbWsFO5QN_Rgsf2cKQAfKWxYbDn79Jm-lOfHANl6n-c6gbO6KrC8fgURlcOBmu2icgH8OuQ76hn5_CJQG_v4luwyusvKGLYAuyOycOVSbN0IPoA7LGOYX4uX0UGkLcMA-2EStLjRAVQYajqx7o6GL6Y75wt5ZZbFsW2_i91-jRY7CxD79WQZbmzeM4Em6PYP5f7VFSOqDJmneaMHj0clPskROn1VXoeB2AwJdVNqENkyxZYqHpVfh-taeZYLdnUv60skfZ0T1FR-BFHOI57N4X1hieyfKSAm-X3Lnnc-rVTtpoz301XKyXVYgzmgyxYMEBG3iHmhrhkY1bUMw4MyTBtwZp8kUBhH3Nq4Ec3Jml8J172CFHg-G5tlEgU1a6G3UylOyqAr_0SIBg89bgYISXL_FBOb89P4oKdQLrsqiy1_Yzo8Jg0DMXTTNVQHJkENHLWMq7gq1Qo4nqTCcNa4lU_N2z-wTkj4l_BQ1DN-Rl9RFhhDLehLHXCAtfP8-Z6Z1JmkNX11JJcvLCzIJKGZ29mIY19-npQ86RSTrzNEJma7kNNbgdH6ZVextBULQ3_f5OlNVftBu5dst0FxvGkVom9eBQ7HLtbyCdEXLPcp4I1XEoFHaukBLZg1jShXKlFF9oRFirpp_XZYPeo", "distance": "1"}
{"url": "https://blog.nomadcredit.com/category/application-process/", "distance": "1"}
{"url": "https://blog.nomadcredit.com/category/international-student/", "distance": "1"}
{"url": "https://blog.nomadcredit.com/category/new-york-university/", "distance": "1"}
{"url": "https://blog.nomadcredit.com/category/school-profile/", "distance": "1"}
{"url": "https://blog.nomadcredit.com/category/study-in-us/", "distance": "1"}
{"url": "https://blog.nomadcredit.com/average-gmat-toefl-scores-new-york-university-stern-school-business/#respond", "distance": "1"}
{"url": "https://www.facebook.com/share.php?u=https%3A%2F%2Fblog.nomadcredit.com%2Faverage-gmat-toefl-scores-new-york-university-stern-school-business%2F", "distance": "1"}
{"url": "https://twitter.com/intent/tweet?text=GMAT+%26+TOEFL+Scores+for+The+New+York+University+Stern+School+of+Business&url=https%3A%2F%2Fblog.nomadcredit.com%2Faverage-gmat-toefl-scores-new-york-university-stern-school-business%2F", "distance": "1"}
{"url": "https://www.linkedin.com/cws/share?url=https%3A%2F%2Fblog.nomadcredit.com%2Faverage-gmat-toefl-scores-new-york-university-stern-school-business%2F", "distance": "1"}
{"url": "https://blog.nomadcredit.com/tag/business-school/", "distance": "1"}
{"url": "https://blog.nomadcredit.com/tag/international-student/", "distance": "1"}
{"url": "https://blog.nomadcredit.com/tag/new-york-university/", "distance": "1"}
{"url": "https://blog.nomadcredit.com/tag/stern-school-of-business/", "distance": "1"}
{"url": "https://blog.nomadcredit.com/tag/study-in-us/", "distance": "1"}
{"url": "https://blog.nomadcredit.com/author/johnr/", "distance": "1"}
{"url": "https://blog.nomadcredit.com/gre-toefl-scores-university-california-berkeley-engineering/", "distance": "1"}
{"url": "https://blog.nomadcredit.com/gre-toefl-scores-duke-university-fuqua-school-business/", "distance": "1"}
{"url": "https://blog.nomadcredit.com/tips-for-applying-to-popular-u-s-graduate-programs/", "distance": "1"}
{"url": "https://blog.nomadcredit.com/category/admission-process/", "distance": "1"}
{"url": "https://blog.nomadcredit.com/category/application-process/", "distance": "1"}
{"url": "https://blog.nomadcredit.com/category/international-student/", "distance": "1"}
{"url": "https://blog.nomadcredit.com/american-university-international-student-profile/", "distance": "1"}
{"url": "https://blog.nomadcredit.com/category/admission-process/", "distance": "1"}
{"url": "https://blog.nomadcredit.com/category/american-university/", "distance": "1"}
{"url": "https://blog.nomadcredit.com/category/application-process/", "distance": "1"}
{"url": "https://blog.nomadcredit.com/university-of-the-pacific-international-student-profile/", "distance": "1"}
{"url": "https://blog.nomadcredit.com/category/admission-process/", "distance": "1"}
{"url": "https://blog.nomadcredit.com/category/application-process/", "distance": "1"}
{"url": "https://blog.nomadcredit.com/category/university-of-the-pacific/", "distance": "1"}
{"url": "https://blog.nomadcredit.com/inr-loan-options-required-documents/", "distance": "1"}
{"url": "https://blog.nomadcredit.com/nomad-credits-inr-loan-options/", "distance": "1"}
{"url": "https://blog.nomadcredit.com/nomad-credit-potential-loan-options-for-your-admissions-journey-2/", "distance": "1"}
{"url": "https://blog.nomadcredit.com/admissions-faqs/", "distance": "1"}
{"url": "https://blog.nomadcredit.com/what-schools-are-a-great-fit-for-you/", "distance": "1"}
{"url": "https://blog.nomadcredit.com/what-are-the-potential-loan-options-available-to-me/", "distance": "1"}
{"url": "https://blog.nomadcredit.com/how-do-i-get-the-i-20-whats-needed/", "distance": "1"}
{"url": "https://blog.nomadcredit.com/libor-sofr-important-information/", "distance": "1"}
{"url": "https://blog.nomadcredit.com/harvard-business-school/", "distance": "1"}
{"url": "https://www.newworldencyclopedia.org/p/index.php?title=New_York_University&oldid=1015916", "distance": "1"}
{"url": "https://www.newworldencyclopedia.org/entry/New World Encyclopedia:Creative_Commons_CC-by-sa_3.0", "distance": "1"}
{"url": "https://www.newworldencyclopedia.org/entry/New_World_Encyclopedia:Terms_of_Use", "distance": "1"}
{"url": "http://www.dyc.edu/admissions/visit/", "distance": "1"}
{"url": "http://www.dyc.edu/news/2021/grant_for_students_pursuing_stem_careers.aspx", "distance": "1"}
{"url": "http://www.dyc.edu/news/2021/grant-funded_dyouville_summer_camp.aspx", "distance": "1"}
{"url": "https://a.cms.omniupdate.com/11/?skin=oucampus&account=dyc&site=dyouville-www-new&action=de&path=/index.pcf", "distance": "1"}
{"url": "https://apply.commonapp.org/createaccount", "distance": "1"}
{"url": "https://apply.commonapp.org/login?ma=180&tref=3003", "distance": "1"}
{"url": "https://apply.transfer.commonapp.org/applicant-ux/?tref=3003#/deeplink/programSearch/organization/6400340551827288064", "distance": "1"}
{"url": "https://apply.commonapp.org/login?ma=180&tref=3003", "distance": "1"}
{"url": "https://apply.transfer.commonapp.org/applicant-ux/?tref=3003#/deeplink/programSearch/organization/6400340551827288064", "distance": "1"}
{"url": "http://www.youvisit.com", "distance": "1"}
{"url": "https://apply.commonapp.org/login?ma=180&tref=3003", "distance": "1"}
{"url": "https://apply.transfer.commonapp.org/applicant-ux/?tref=3003#/deeplink/programSearch/organization/6400340551827288064", "distance": "1"}
{"url": "https://www.princetonreview.com", "distance": "1"}
{"url": "https://secure.princetonreview.com/purchase/cart", "distance": "1"}
{"url": "http://www.nyu.edu", "distance": "1"}
{"url": "https://booking.gradgab.app/school/5f27b643011e7832e73a1208", "distance": "1"}
{"url": "https://facebook.com/sharer/sharer.php?u=http%3a%2f%2fwww.princetonreview.com%2fcollege%2fnew-york-university-1022976", "distance": "1"}
{"url": "https://twitter.com/share?via=ThePrincetonRev&url=http%3a%2f%2fwww.princetonreview.com%2fcollege%2fnew-york-university-1022976", "distance": "1"}
{"url": "https://www.nyu.edu/life/global-inclusion-and-diversity/centers-and-communities/lgbtq-center.html\t\t\t\t\t\t\t", "distance": "1"}
{"url": "https://www.nyu.edu/life/global-inclusion-and-diversity/centers-and-communities/center-for-multicultural-education-and-programs.html\t\t\t\t\t\t\t\t\t\t", "distance": "1"}
{"url": "http://www.nyu.edu/public.safety/pdf/10.safety.report.pdf", "distance": "1"}
{"url": "https://www.facebook.com/ThePrincetonReviewMed", "distance": "1"}
{"url": "https://twitter.com/ThePrincetonRev", "distance": "1"}
{"url": "https://instagram.com/theprincetonreview/", "distance": "1"}
{"url": "https://www.youtube.com/user/ThePrincetonReviewUS", "distance": "1"}
{"url": "https://www.linkedin.com/company/the-princeton-review/", "distance": "1"}
{"url": "https://www.niche.com/?ref=colleges", "distance": "1"}
{"url": "https://www.niche.com/k12/search/best-schools/s/new-york/", "distance": "1"}
{"url": "https://www.niche.com/colleges/search/best-colleges/s/new-york/", "distance": "1"}
{"url": "https://www.niche.com/graduate-schools/search/best-graduate-schools/s/new-york/", "distance": "1"}
{"url": "https://www.niche.com/places-to-live/search/best-places-to-live/s/new-york/", "distance": "1"}
{"url": "https://www.niche.com/colleges/new-york-university/connect/", "distance": "1"}
{"url": "https://www.niche.com/graduate-schools/new-york-university/", "distance": "1"}
{"url": "https://www.nyu.edu/admissions/undergraduate-admissions/how-to-apply.html", "distance": "1"}
{"url": "https://meet.nyu.edu/campus/", "distance": "1"}
{"url": "https://www.niche.com/about/where-niche-grades-come-from/", "distance": "1"}
{"url": "https://www.niche.com/about/data/#data-college", "distance": "1"}
{"url": "http://www.nyu.edu", "distance": "1"}
{"url": "https://www.niche.com/colleges/new-york-university/connect/", "distance": "1"}
{"url": "https://youtu.be/XVc9Lr7cwCc", "distance": "1"}
{"url": "https://www.nyu.edu/admissions/undergraduate-admissions/visit-nyu/virtual-visit.html", "distance": "1"}
{"url": "https://www.niche.com/colleges/new-york-university/rankings/", "distance": "1"}
{"url": "https://www.niche.com/colleges/new-york-university/admissions/", "distance": "1"}
{"url": "https://www.niche.com/about/find-private-student-loans/#?ref=profile&IpedID=193900", "distance": "1"}
{"url": "https://www.niche.com/about/find-private-student-loans/", "distance": "1"}
{"url": "https://www.niche.com/colleges/new-york-university/cost/", "distance": "1"}
{"url": "https://www.niche.com/colleges/scholarships/", "distance": "1"}
{"url": "https://www.niche.com/colleges/new-york-university/academics/", "distance": "1"}
{"url": "https://www.niche.com/colleges/new-york-university/majors/", "distance": "1"}
{"url": "https://www.niche.com/colleges/online-majors/", "distance": "1"}
{"url": "https://www.niche.com/colleges/new-york-university/students/", "distance": "1"}
{"url": "https://meet.nyu.edu/campus/", "distance": "1"}
{"url": "https://www.niche.com/colleges/new-york-university/campus-life/", "distance": "1"}
{"url": "https://www.niche.com/colleges/new-york-university/after-college/", "distance": "1"}
{"url": "https://www.niche.com/colleges/survey/start/?t=u&e=new-york-university", "distance": "1"}
{"url": "https://www.niche.com/colleges/new-york-university/reviews/", "distance": "1"}
{"url": "https://www.niche.com/", "distance": "1"}
{"url": "https://www.niche.com/claim-your-school/", "distance": "1"}
{"url": "https://www.facebook.com/TCNJBaseball", "distance": "1"}
{"url": "https://www.facebook.com/tcnjmbb", "distance": "1"}
{"url": "https://www.facebook.com/TCNJFootball", "distance": "1"}
{"url": "https://www.facebook.com/TCNJ-Tennis-752296484819137", "distance": "1"}
{"url": "https://www.facebook.com/TcnjWrestling", "distance": "1"}
{"url": "https://www.facebook.com/TCNJSoftball", "distance": "1"}
{"url": "https://www.facebook.com/TCNJ-Womens-Swimming-Diving-617892595041663", "distance": "1"}
{"url": "https://www.facebook.com/TCNJ-Tennis-752296484819137", "distance": "1"}
{"url": "https://tcnjathletics.com/galleries/", "distance": "1"}
{"url": "https://spark.adobe.com/page/nsRacY0X34PKx/", "distance": "1"}
{"url": "http://www.tcnjathletics.com/calendar.aspx", "distance": "1"}
{"url": "https://tcnj.edu/about/campus-info/directions-to-tcnj/", "distance": "1"}
{"url": "https://homecoming.tcnj.edu/", "distance": "1"}
{"url": "https://tcnjathletics.com/sports/2014/8/13/GEN_0813141032.aspx?id=1458", "distance": "1"}
{"url": "https://tcnj.edu", "distance": "1"}
{"url": "https://admissions.tcnj.edu/apply/", "distance": "1"}
{"url": "https://financialaid.tcnj.edu/", "distance": "1"}
{"url": "https://admissions.tcnj.edu/about-tcnj/costs-financial-aid/", "distance": "1"}
{"url": "https://tcnjathletics.com/honors/hall-of-fame", "distance": "1"}
{"url": "https://spark.adobe.com/page/9UO74xgi6eb8v/", "distance": "1"}
{"url": "https://spark.adobe.com/page/BqjROeUhRnSyu/", "distance": "1"}
{"url": "https://spark.adobe.com/page/0ooAe75eWk5xu/", "distance": "1"}
{"url": "https://spark.adobe.com/page/5zppQzUriXFTo/", "distance": "1"}
{"url": "http://alumni.pages.tcnj.edu/", "distance": "1"}
{"url": "http://tcnj.edu/athleticsgiving", "distance": "1"}
{"url": "http://tcnj.edu/athleticsgiving", "distance": "1"}
{"url": "http://www.sidearmstats.com/tcnj/wsoc/", "distance": "1"}
{"url": "https://www.tcnj.edu/", "distance": "1"}
{"url": "http://www.njacsports.com/", "distance": "1"}
{"url": "http://www.ncaa.org/d3", "distance": "1"}
{"url": "https://www.sidearmsports.com", "distance": "1"}
{"url": "http://www.sidearmsports.com/blockers", "distance": "1"}
{"url": "https://www.bard.edu/campus/", "distance": "1"}
{"url": "https://fishercenter.bard.edu/upstreaming/", "distance": "1"}
{"url": "https://www.bard.edu/academics/", "distance": "1"}
{"url": "https://cce.bard.edu/", "distance": "1"}
{"url": "https://www.bard.edu/about/", "distance": "1"}
{"url": "https://www.bard.edu/faculty/", "distance": "1"}
{"url": "https://www.bardathletics.com/", "distance": "1"}
{"url": "https://arts.bard.edu/", "distance": "1"}
{"url": "https://www.bard.edu/campus", "distance": "1"}
{"url": "https://www.bard.edu/network/", "distance": "1"}
{"url": "https://www.bard.edu/admission/applying/", "distance": "1"}
{"url": "https://www.bard.edu/admission/tours/", "distance": "1"}
{"url": "https://www.annandaleonline.org/giving", "distance": "1"}
{"url": "https://www.bard.edu/academics/programs/", "distance": "1"}
{"url": "https://cce.bard.edu/", "distance": "1"}
{"url": "https://cce.bard.edu/", "distance": "1"}
{"url": "https://www.bard.edu/campus/", "distance": "1"}
{"url": "https://www.bard.edu/dei/", "distance": "1"}
{"url": "https://arts.bard.edu/", "distance": "1"}
{"url": "https://arts.bard.edu/", "distance": "1"}
{"url": "https://www.bard.edu/academics/", "distance": "1"}
{"url": "https://www.bard.edu/academics/", "distance": "1"}
{"url": "https://www.bard.edu/graduate/", "distance": "1"}
{"url": "https://www.bard.edu/graduate/", "distance": "1"}
{"url": "https://bhsec.bard.edu", "distance": "1"}
{"url": "https://bhsec.bard.edu", "distance": "1"}
{"url": "https://www.bard.edu/bardabroad/", "distance": "1"}
{"url": "https://www.bard.edu/bardabroad/", "distance": "1"}
{"url": "https://www.bard.edu/network/", "distance": "1"}
{"url": "https://www.bard.edu/network/", "distance": "1"}
{"url": "https://www.annandaleonline.org/s/990/bp18/interior.aspx?sid=990&gid=1&pgid=3420&content_id=6697", "distance": "1"}
{"url": "https://www.annandaleonline.org/s/990/bp18/interior.aspx?sid=990&gid=1&pgid=3420&content_id=6697", "distance": "1"}
{"url": "https://onlinelibrary.wiley.com/doi/10.1111/ele.13875", "distance": "1"}
{"url": "https://www.bard.edu/news/", "distance": "1"}
{"url": "https://www.bard.edu/news/events/", "distance": "1"}
{"url": "https://twitter.com/BARDCollege", "distance": "1"}
{"url": "https://www.facebook.com/BardCollegeNY", "distance": "1"}
{"url": "https://instagram.com/bardcollege/", "distance": "1"}
{"url": "https://www.youtube.com/user/bardwebvideo", "distance": "1"}
{"url": "https://www.bard.edu/admission/", "distance": "1"}
{"url": "https://www.bard.edu/employment/", "distance": "1"}
{"url": "https://www.annandaleonline.org/s/990/bp18/interior.aspx?sid=990&gid=1&pgid=2616", "distance": "1"}
{"url": "https://www.annandaleonline.org/s/990/bp18/home.aspx?sid=990&gid=1&pgid=2586", "distance": "1"}
{"url": "https://www.bard.edu/employment/employment/", "distance": "1"}
{"url": "https://www.bard.edu/visiting/directions/", "distance": "1"}
{"url": "https://www.bard.edu/search/", "distance": "1"}
{"url": "https://www.annandaleonline.org/giving", "distance": "1"}
{"url": "https://doctors.nyp.org", "distance": "1"}
{"url": "https://www.nyp.org/patientportal", "distance": "1"}
{"url": "https://doctors.nyp.org", "distance": "1"}
{"url": "https://www.nyp.org/patient-stories/britt-sinha", "distance": "1"}
{"url": "https://nypsite.prod.acquia-sites.com/patient-stories/britt-sinha", "distance": "1"}
{"url": "https://www.nyp.org/brooklyn/patients-visitors/patient-stories/trenia-hill", "distance": "1"}
{"url": "https://nypsite.prod.acquia-sites.com/brooklyn/patients-visitors/patient-stories/trenia-hill", "distance": "1"}
{"url": "https://www.nyp.org/patient-stories/john-sarcona", "distance": "1"}
{"url": "https://nypsite.prod.acquia-sites.com/patient-stories/john-sarcona", "distance": "1"}
{"url": "https://www.nyp.org/patient-stories/maria-silver", "distance": "1"}
{"url": "https://nypsite.prod.acquia-sites.com/patient-stories/maria-silver", "distance": "1"}
{"url": "https://twitter.com/nyphospital", "distance": "1"}
{"url": "https://www.facebook.com/newyorkpresbyterian", "distance": "1"}
{"url": "https://instagram.com/nyphospital", "distance": "1"}
{"url": "https://www.linkedin.com/company/new-york-presbyterian-hospital", "distance": "1"}
{"url": "https://www.youtube.com/user/newyorkpresbyterian", "distance": "1"}
{"url": "http://home.nyu.edu", "distance": "1"}
{"url": "http://home.nyu.edu", "distance": "1"}
{"url": "https://wagner.nyu.edu/admissions/degree-checklist/phd", "distance": "1"}
{"url": "https://cas.nyu.edu/content/nyu-as/cas/postbacc/faqs.html", "distance": "1"}
{"url": "https://www.stern.nyu.edu/programs-admissions/full-time-mba/academics/nyuxnyu/nyuxnyuadmissions", "distance": "1"}
{"url": "https://cas.nyu.edu/content/nyu-as/cas/postbacc/faqs.html", "distance": "1"}
{"url": "https://dental.nyu.edu/academicprograms/dds-program/admission-requirements.html", "distance": "1"}
{"url": "https://sps.nyu.edu/content/sps/homepage/admissions/undergraduate-financial-aid.html", "distance": "1"}
{"url": "https://steinhardt.nyu.edu/james-j-peters-bronx-va-medical-center-dietetic-internship", "distance": "1"}
{"url": "https://www.stern.nyu.edu/programs-admissions/mba-programs/admissions/transcripts-and-degrees", "distance": "1"}
{"url": "https://steinhardt.nyu.edu/programs/music-business/music-business-transfer-process-faqs", "distance": "1"}
{"url": "https://cas.nyu.edu/content/nyu-as/cas/prelaw/applying-to-law-school.html", "distance": "1"}
{"url": "https://www.niche.com/?ref=colleges", "distance": "1"}
{"url": "https://www.niche.com/k12/search/best-schools/s/new-york/", "distance": "1"}
{"url": "https://www.niche.com/colleges/search/best-colleges/s/new-york/", "distance": "1"}
{"url": "https://www.niche.com/graduate-schools/search/best-graduate-schools/s/new-york/", "distance": "1"}
{"url": "https://www.niche.com/places-to-live/search/best-places-to-live/s/new-york/", "distance": "1"}
{"url": "https://www.niche.com/graduate-schools/new-york-university/", "distance": "1"}
{"url": "http://www.nyu.edu", "distance": "1"}
{"url": "https://www.niche.com/colleges/new-york-university/how-to-apply/", "distance": "1"}
{"url": "https://www.niche.com/colleges/new-york-university/cost/", "distance": "1"}
{"url": "http://www.nyu.edu/admissions/undergraduate-admissions/apply.html", "distance": "1"}
{"url": "http://www.nyu.edu", "distance": "1"}
{"url": "https://www.niche.com/", "distance": "1"}
{"url": "https://www.niche.com/claim-your-school/", "distance": "1"}
{"url": "https://www.afrotc.com/", "distance": "1"}
{"url": "https://www.afrotc.com/about/", "distance": "1"}
{"url": "https://www.afrotc.com/about/what-defines-us/mission/", "distance": "1"}
{"url": "https://www.afrotc.com/about/what-defines-us/values/", "distance": "1"}
{"url": "https://www.afrotc.com/about/what-defines-us/history/", "distance": "1"}
{"url": "https://www.afrotc.com/about/more-than-an-education/leadership/", "distance": "1"}
{"url": "https://www.afrotc.com/about/more-than-an-education/professional-development/", "distance": "1"}
{"url": "https://www.afrotc.com/about/rewarding-future/manager/", "distance": "1"}
{"url": "https://www.afrotc.com/about/rewarding-future/benefits/", "distance": "1"}
{"url": "https://www.afrotc.com/what-it-takes/", "distance": "1"}
{"url": "https://www.afrotc.com/what-it-takes/academic/", "distance": "1"}
{"url": "https://www.afrotc.com/what-it-takes/fitness/", "distance": "1"}
{"url": "https://www.afrotc.com/what-it-takes/medical/", "distance": "1"}
{"url": "https://www.afrotc.com/what-it-takes/enlisted/", "distance": "1"}
{"url": "https://www.afrotc.com/campus-life/", "distance": "1"}
{"url": "https://www.afrotc.com/campus-life/courses/curriculum/", "distance": "1"}
{"url": "https://www.afrotc.com/campus-life/courses/gmc/", "distance": "1"}
{"url": "https://www.afrotc.com/campus-life/courses/poc/", "distance": "1"}
{"url": "https://www.afrotc.com/campus-life/cadet-testimonials/", "distance": "1"}
{"url": "https://www.afrotc.com/campus-life/flight/", "distance": "1"}
{"url": "https://www.afrotc.com/life-after-rotc/", "distance": "1"}
{"url": "https://www.afrotc.com/life-after-rotc/innovation/", "distance": "1"}
{"url": "https://www.afrotc.com/life-after-rotc/base/community/", "distance": "1"}
{"url": "https://www.afrotc.com/life-after-rotc/base/family/", "distance": "1"}
{"url": "https://www.afrotc.com/life-after-rotc/base/housing/", "distance": "1"}
{"url": "https://www.afrotc.com/life-after-rotc/base/wellness/", "distance": "1"}
{"url": "https://www.afrotc.com/life-after-rotc/base/recreation/", "distance": "1"}
{"url": "https://www.afrotc.com/life-after-rotc/graduate-programs/", "distance": "1"}
{"url": "https://www.afrotc.com/life-after-rotc/distinguished-grads/", "distance": "1"}
{"url": "https://www.afrotc.com/scholarships/", "distance": "1"}
{"url": "https://www.afrotc.com/scholarships/high-school/types/", "distance": "1"}
{"url": "https://www.afrotc.com/scholarships/high-school/requirements/", "distance": "1"}
{"url": "https://www.afrotc.com/scholarships/high-school/application/", "distance": "1"}
{"url": "https://www.afrotc.com/scholarships/college/types/", "distance": "1"}
{"url": "https://www.afrotc.com/scholarships/college/requirements/", "distance": "1"}
{"url": "https://www.afrotc.com/scholarships/college/application/", "distance": "1"}
{"url": "https://www.afrotc.com/scholarships/enlisted/ascp-soar/", "distance": "1"}
{"url": "https://www.afrotc.com/scholarships/enlisted/poc-erp/", "distance": "1"}
{"url": "https://www.afrotc.com/scholarships/enlisted/application/", "distance": "1"}
{"url": "https://www.afrotc.com/scholarships/desired-majors/", "distance": "1"}
{"url": "https://www.afrotc.com/contact/", "distance": "1"}
{"url": "https://www.afrotc.com/contact/faq/careers/", "distance": "1"}
{"url": "https://www.afrotc.com/contact/faq/admissions/", "distance": "1"}
{"url": "https://www.afrotc.com/college-locator/", "distance": "1"}
{"url": "http://www.nyu.edu/", "distance": "1"}
{"url": "https://www.facebook.com/CollegeData", "distance": "1"}
{"url": "https://twitter.com/CollegeData", "distance": "1"}
{"url": "https://www.instagram.com/collegedata/", "distance": "1"}
{"url": "https://www.hesc.ny.gov/pay-for-college/financial-aid/types-of-financial-aid/nys-grants-scholarships-awards/the-excelsior-scholarship.html", "distance": "1"}
{"url": "https://www.hesc.ny.gov/pay-for-college/financial-aid/types-of-financial-aid/nys-grants-scholarships-awards/enhanced-tuition-awards.html", "distance": "1"}
{"url": "https://www.ny.gov/sites/ny.gov/files/atoms/files/ExcelsiorScholarship_Toolkit.pdf", "distance": "1"}
{"url": "https://www.governor.ny.gov/news/governor-cuomo-announces-first-nation-excelsior-scholarship-program-will-provide-tuition-free", "distance": "1"}
{"url": "https://www.publichealth.columbia.edu/centennial", "distance": "1"}
{"url": "https://news.columbia.edu/content/your-back-campus-columbia-toolkit", "distance": "1"}
{"url": "https://covid19.columbia.edu/content/health-guidance#/text-5269", "distance": "1"}
{"url": "https://gocolumbialions.com/index.aspx", "distance": "1"}
{"url": "http://www.cumc.columbia.edu/", "distance": "1"}
{"url": "http://library.columbia.edu/", "distance": "1"}
{"url": "https://www.columbia.edu/content/node/2653", "distance": "1"}
{"url": "http://www.gocolumbialions.com/", "distance": "1"}
{"url": "http://giving.columbia.edu/", "distance": "1"}
{"url": "https://www.facebook.com/columbia/", "distance": "1"}
{"url": "https://twitter.com/columbia", "distance": "1"}
{"url": "https://www.youtube.com/user/columbiauniversity", "distance": "1"}
{"url": "https://www.instagram.com/columbia/", "distance": "1"}
{"url": "https://www.linkedin.com/school/2624/", "distance": "1"}
{"url": "https://covid19.columbia.edu/content/new-york-city-vaccination-requirements", "distance": "1"}
{"url": "https://covid19.columbia.edu/content/covid-19-monitoring-plan", "distance": "1"}
{"url": "https://covid19.columbia.edu/#/cu_card_group-2538", "distance": "1"}
{"url": "https://covid19.columbia.edu/#/cu_tabbed_content-3518", "distance": "1"}
{"url": "https://news.columbia.edu/books", "distance": "1"}
{"url": "http://registrar.columbia.edu/calendar", "distance": "1"}
{"url": "http://summer.sps.columbia.edu/", "distance": "1"}
{"url": "https://visit.columbia.edu/", "distance": "1"}
{"url": "https://commencement.columbia.edu/", "distance": "1"}
{"url": "https://careers.columbia.edu/", "distance": "1"}
{"url": "https://www.youtube.com/watch?v=jI9FbJFGHX8", "distance": "1"}
{"url": "https://www.youtube.com/watch?v=vsui5c_ZNVs", "distance": "1"}
{"url": "https://www.youtube.com/watch?v=gp5GGJPXJ_Y", "distance": "1"}
{"url": "https://www.columbia.edu/content/about-columbia", "distance": "1"}
{"url": "https://news.columbia.edu/content/enews-subscribe-and-archive#/cu_mailchimp_embed-5753", "distance": "1"}
{"url": "https://visit.columbia.edu/", "distance": "1"}
{"url": "http://www.cumc.columbia.edu/", "distance": "1"}
{"url": "http://manhattanville.columbia.edu/", "distance": "1"}
{"url": "http://www.ldeo.columbia.edu/", "distance": "1"}
{"url": "https://gocolumbialions.com/sports/2018/6/5/205689348.aspx", "distance": "1"}
{"url": "http://globalcenters.columbia.edu/", "distance": "1"}
{"url": "https://neighbors.columbia.edu/", "distance": "1"}
{"url": "https://communitywellness.manhattanville.columbia.edu/", "distance": "1"}
{"url": "https://gca.columbia.edu/content/community-scholars", "distance": "1"}
{"url": "https://ddc.college.columbia.edu/", "distance": "1"}
{"url": "http://communityimpact.columbia.edu/", "distance": "1"}
{"url": "https://www.mailman.columbia.edu/harlem-health-promotion-center/about", "distance": "1"}
{"url": "https://www.facebook.com/columbia", "distance": "1"}
{"url": "https://twitter.com/columbia", "distance": "1"}
{"url": "https://www.instagram.com/columbia/", "distance": "1"}
{"url": "https://www.linkedin.com/school/2624/", "distance": "1"}
{"url": "https://www.youtube.com/user/columbiauniversity", "distance": "1"}
{"url": "http://www.columbia.edu", "distance": "1"}
{"url": "https://almanac.chea.org/", "distance": "1"}
{"url": "https://www.facebook.com/www.chea.org", "distance": "1"}
{"url": "https://twitter.com/CHEAnews", "distance": "1"}
{"url": "https://www.linkedin.com/company/chea---council-for-higher-education-accreditation", "distance": "1"}
{"url": "http://www.nyu.edu/", "distance": "1"}
{"url": "https://www.facebook.com/www.chea.org", "distance": "1"}
{"url": "https://twitter.com/CHEAnews", "distance": "1"}
{"url": "https://www.linkedin.com/company/chea---council-for-higher-education-accreditation", "distance": "1"}
{"url": "https://www.ncbi.nlm.nih.gov/", "distance": "1"}
{"url": "https://account.ncbi.nlm.nih.gov", "distance": "1"}
{"url": "https://www.ncbi.nlm.nih.gov/guide/browsers/#ncbi_accesskeys", "distance": "1"}
{"url": "https://www.ncbi.nlm.nih.gov", "distance": "1"}
{"url": "https://doi.org/10.1038/s41564-021-00961-5", "distance": "1"}
{"url": "https://account.ncbi.nlm.nih.gov/?back_url=https%3A//pubmed.ncbi.nlm.nih.gov/34465900/%23add-to-favorites", "distance": "1"}
{"url": "https://doi.org/10.1038/s41564-021-00961-5", "distance": "1"}
{"url": "https://twitter.com/ncbi", "distance": "1"}
{"url": "https://www.facebook.com/ncbi.nlm", "distance": "1"}
{"url": "https://www.youtube.com/user/NCBINLM", "distance": "1"}
{"url": "https://www.linkedin.com/company/ncbinlm", "distance": "1"}
{"url": "https://github.com/ncbi", "distance": "1"}
{"url": "https://ncbiinsights.ncbi.nlm.nih.gov/", "distance": "1"}
{"url": "http://www.daytripper365.com/homegrown-ny-1/2015/3/11/homegrown-ny-an-east-village-stroll-st-marks-place-to-east-7th-street", "distance": "1"}
{"url": "http://www.daytripper365.com/homegrown-ny-1/2015/3/11/homegrown-ny-an-east-village-stroll-st-marks-place-to-east-7th-street", "distance": "1"}
{"url": "http://www.daytripper365.com/homegrown-ny-1/2015/7/16/homegrown-ny-visiting-the-911-memorial-museum-and-brookfield-place", "distance": "1"}
{"url": "http://www.daytripper365.com/homegrown-ny-1/2015/7/16/homegrown-ny-visiting-the-911-memorial-museum-and-brookfield-place", "distance": "1"}
{"url": "http://www.booked.net/", "distance": "1"}
{"url": "http://www.booked.net/weather/new-york-18103", "distance": "1"}
{"url": "http://www.daytripperuniversity.com/shop-new-york-university", "distance": "1"}
{"url": "https://form.jotform.com/52977391928170", "distance": "1"}
{"url": "https://www.instagram.com/p/B4xPmbvgdxC/", "distance": "1"}
{"url": "https://www.instagram.com/p/B4vufbkA6BV/", "distance": "1"}
{"url": "https://www.instagram.com/p/B4mzgM1gZu0/", "distance": "1"}
{"url": "https://www.instagram.com/p/B4i_YKOgcf5/", "distance": "1"}
{"url": "https://www.instagram.com/p/B4gBPFWgZ89/", "distance": "1"}
{"url": "https://www.instagram.com/p/B4bC9dugP8V/", "distance": "1"}
{"url": "https://www.instagram.com/p/B4Oa1yQAqT3/", "distance": "1"}
{"url": "https://www.instagram.com/p/B4BOTsjAFBY/", "distance": "1"}
{"url": "https://www.instagram.com/p/B36-4k8H-Tx/", "distance": "1"}
{"url": "https://www.instagram.com/p/B35V2-8AnfB/", "distance": "1"}
{"url": "https://www.instagram.com/p/B3vDMdCgp5Z/", "distance": "1"}
{"url": "https://www.instagram.com/p/B3rzpvBA6DV/", "distance": "1"}
{"url": "https://www.facebook.com/DaytripperUniversity/?fref=ts", "distance": "1"}
{"url": "https://www.pinterest.com/daytripper365/", "distance": "1"}
{"url": "https://www.instagram.com/daytripperuniversity/", "distance": "1"}
{"url": "https://www.youvisit.com/#/vte/?data-platform=v&data-link-type=immersive&data-inst=63226&data-loc=80541&data-stopid=13520&data-image-width=100%&data-image-height=100%&", "distance": "1"}
{"url": "https://talk.collegeconfidential.com/tag/early-decision", "distance": "1"}
{"url": "https://talk.collegeconfidential.com/tag/nyu", "distance": "1"}
{"url": "https://talk.collegeconfidential.com/tag/official", "distance": "1"}
{"url": "https://talk.collegeconfidential.com/tag/transfer", "distance": "1"}
{"url": "https://talk.collegeconfidential.com/tag/transfer", "distance": "1"}
{"url": "https://talk.collegeconfidential.com/tag/nyu", "distance": "1"}
{"url": "https://talk.collegeconfidential.com/tag/waitlist", "distance": "1"}
{"url": "https://talk.collegeconfidential.com/tag/class-2025", "distance": "1"}
{"url": "https://talk.collegeconfidential.com/tag/nyu", "distance": "1"}
{"url": "https://talk.collegeconfidential.com/tag/class-2024", "distance": "1"}
{"url": "https://talk.collegeconfidential.com/tag/transfer", "distance": "1"}
{"url": "https://talk.collegeconfidential.com/tag/transfer", "distance": "1"}
{"url": "https://talk.collegeconfidential.com/tag/nyu-tisch", "distance": "1"}
{"url": "https://talk.collegeconfidential.com/tag/nyu", "distance": "1"}
{"url": "https://talk.collegeconfidential.com/tag/nyu", "distance": "1"}
{"url": "https://talk.collegeconfidential.com/tag/nyu", "distance": "1"}
{"url": "https://talk.collegeconfidential.com/tag/nyu", "distance": "1"}
{"url": "https://talk.collegeconfidential.com/tag/financial-aid", "distance": "1"}
{"url": "https://talk.collegeconfidential.com/tag/nyu", "distance": "1"}
{"url": "https://talk.collegeconfidential.com/tag/class-2025", "distance": "1"}
{"url": "https://talk.collegeconfidential.com/tag/admission-results", "distance": "1"}
{"url": "https://talk.collegeconfidential.com/tag/class-2025", "distance": "1"}
{"url": "https://www.facebook.com/BrennanCenter", "distance": "1"}
{"url": "https://twitter.com/brennancenter", "distance": "1"}
{"url": "https://www.youtube.com/user/TheBrennanCenter", "distance": "1"}
{"url": "https://www.instagram.com/brennancenter", "distance": "1"}
{"url": "https://www.facebook.com/BrennanCenter", "distance": "1"}
{"url": "https://twitter.com/brennancenter", "distance": "1"}
{"url": "https://www.youtube.com/user/TheBrennanCenter", "distance": "1"}
{"url": "https://www.instagram.com/brennancenter", "distance": "1"}
{"url": "https://secure.brennancenter.org/secure/defend-our-democracy", "distance": "1"}
{"url": "https://twitter.com/AliVelshi/status/1355646511028252679?s=19", "distance": "1"}
{"url": "https://www.facebook.com/BrennanCenter", "distance": "1"}
{"url": "https://twitter.com/brennancenter", "distance": "1"}
{"url": "https://www.youtube.com/user/TheBrennanCenter", "distance": "1"}
{"url": "https://www.instagram.com/brennancenter", "distance": "1"}
{"url": "https://www.nyu.edu/footer/accessibility.html", "distance": "1"}
{"url": "https://www.nyu.edu/", "distance": "1"}
{"url": "https://www.gotouniversity.com/compare-universities/new-york-university", "distance": "1"}
{"url": "https://www.gotouniversity.com/university/new-york-university/programs", "distance": "1"}
{"url": "https://www.gotouniversity.com/university/new-york-university/application-requirements", "distance": "1"}
{"url": "https://www.gotouniversity.com/university/new-york-university/tuition-fee", "distance": "1"}
{"url": "https://www.gotouniversity.com/university/new-york-university/deadlines", "distance": "1"}
{"url": "https://www.gotouniversity.com/university/new-york-university/ranking", "distance": "1"}
{"url": "https://api.whatsapp.com/send?phone=971589997527", "distance": "1"}
{"url": "https://web.whatsapp.com/send?phone=971589997527", "distance": "1"}
{"url": "https://www.facebook.com/go2university/", "distance": "1"}
{"url": "https://www.instagram.com/go2university/", "distance": "1"}
{"url": "https://twitter.com/GoToUniv", "distance": "1"}
{"url": "https://www.linkedin.com/company/go2university/", "distance": "1"}
{"url": "https://www.reddit.com/login/?dest=https%3A%2F%2Fwww.reddit.com%2Fr%2Fnyu%2F", "distance": "1"}
{"url": "https://www.reddit.com/register/?dest=https%3A%2F%2Fwww.reddit.com%2Fr%2Fnyu%2F", "distance": "1"}
{"url": "https://www.reddit.com/r/nyu/wiki/faq", "distance": "1"}
{"url": "https://www.nyu.edu/", "distance": "1"}
{"url": "https://www.nyu.edu/life/safety-health-wellness/coronavirus-information/nyc-covid-19-testing-data.html", "distance": "1"}
{"url": "https://www.reddit.com/r/nyu/comments/pndydc/megathread_prospective_students_applications_and/", "distance": "1"}
{"url": "https://www.reddit.com/r/nyu/comments/popq5x/meeting_people_as_an_nyu_tandon_grad_student/", "distance": "1"}
{"url": "https://alb.reddit.com/cr?z=gAAAAABhQmiW4n-eglV0bBRK2SOprpnt0KyxCX0ZTGg3lbPaIy5g6uLaC4d0yT-69R-h32c7QPUKlwpvc2b1oV5PeL2lMQ2lr8sHUUkjuFK4jwAEwDdiTXu_OmF_jKg3JfI1FVSVdy6hqd29Eh8077-M5Rft6z3RKqi6bsvupT7-LlC_B04AxDYvLLlH4VjXc0t75odM25aUwMOzQAei8MEO36S7tOa9RwX5TZCs5456cN7QrK19QSFGu3ungbY-7P4cKzuhRnYt8cT5IsbgSS-I83ZtFpi1Gk3q65eaI-EjiOjHCK_BlNMqLzQTLwtxtqr9mMtiXvcOQq2QbavbWGnla9LNTtFwZ7s_NWdyxTEaaNeDCaUueLdXtoXbfVqTl0bVu1bUPZmQMaLdPVimyVp1vDiR9rFuhWZ3XRcjHliBr7l-vE_gws7bableFxnJeX_LkcvzC8DMKcPBV8-RQDB88bq_9VVoxlX_E5gS-4mQ9VE8XkJgTJlwwRbsEJTOi7pSjiE6JRSPaGSBBmCA44d_gIWfC5GTya7HZn7A5mQNUga7HAwi9JbuTUQRzlT2B1Rntu_6CWTBq5IZ_2aVQGVAI2L21RJhbYcrN_rk-7dvE-ab6Xie9w0Q0euyMfD56HUR5OTuBRHbtODX8S76ZtsT_y9WNqlnmKl0sBto5CdHZPGQna0T1ODqpheoQEdm6ePFjh1HZZFdsgJwAw2CrAl0THNe4yRIuxzi5CVH4T92-i9gfWLwvODHErQrxDI8Azahta9r9cUwOPMiuE_O94gkU2tFrnYIglUpmOSskQ2_FDDXdGI0NuuqH4cYHggdiK__-uvjops8a-nHxPgrTa-2RWB6bFKljgLAeappyZWO5N8-GHw5CcIspMfos8H_JfgR3XK8C4hy4c29PmA2I5Q1m1kmRLybc57AvkGJY4Tz1emQM_c9MkD8Fc6s2cMPRMauJOrQfgN9vuSmrzd9yf3fFHTdwblOYXPZ6a3RJmqGNYHx5X5ptj8o-_nv1wuX0OUAutZQUqRpz-M5UhUiu1HGeaCY0f7_VRQw-Ynk0-FUNnaiW86WBm1JzlLctmX0WqgtWPQ3OZWUb38gMJ4U5gWe2hn19YZ7-x_QCK9OrJ25hT4CWRopFGqJZOdgm6O9vk9l5QnZ0WXv-LzfabOL7rQYN6RLCPO0h-zm7KxjgcBmpSCsZ0H4dBSRrKJRv1raBGQ7I0jQvXDRLzj-yPLdQcvJU9XZl009H0FJmCR_IYZSimuY511D0Lf7wxMsxPlrvJ6jzoogx5HNacHj6QDHoeDl_wZDTXnvArBiFkAD_rHaOXWeplAZ-hQ=", "distance": "1"}
{"url": "https://alb.reddit.com/cr?z=gAAAAABhQmiW4n-eglV0bBRK2SOprpnt0KyxCX0ZTGg3lbPaIy5g6uLaC4d0yT-69R-h32c7QPUKlwpvc2b1oV5PeL2lMQ2lr8sHUUkjuFK4jwAEwDdiTXu_OmF_jKg3JfI1FVSVdy6hqd29Eh8077-M5Rft6z3RKqi6bsvupT7-LlC_B04AxDYvLLlH4VjXc0t75odM25aUwMOzQAei8MEO36S7tOa9RwX5TZCs5456cN7QrK19QSFGu3ungbY-7P4cKzuhRnYt8cT5IsbgSS-I83ZtFpi1Gk3q65eaI-EjiOjHCK_BlNMqLzQTLwtxtqr9mMtiXvcOQq2QbavbWGnla9LNTtFwZ7s_NWdyxTEaaNeDCaUueLdXtoXbfVqTl0bVu1bUPZmQMaLdPVimyVp1vDiR9rFuhWZ3XRcjHliBr7l-vE_gws7bableFxnJeX_LkcvzC8DMKcPBV8-RQDB88bq_9VVoxlX_E5gS-4mQ9VE8XkJgTJlwwRbsEJTOi7pSjiE6JRSPaGSBBmCA44d_gIWfC5GTya7HZn7A5mQNUga7HAwi9JbuTUQRzlT2B1Rntu_6CWTBq5IZ_2aVQGVAI2L21RJhbYcrN_rk-7dvE-ab6Xie9w0Q0euyMfD56HUR5OTuBRHbtODX8S76ZtsT_y9WNqlnmKl0sBto5CdHZPGQna0T1ODqpheoQEdm6ePFjh1HZZFdsgJwAw2CrAl0THNe4yRIuxzi5CVH4T92-i9gfWLwvODHErQrxDI8Azahta9r9cUwOPMiuE_O94gkU2tFrnYIglUpmOSskQ2_FDDXdGI0NuuqH4cYHggdiK__-uvjops8a-nHxPgrTa-2RWB6bFKljgLAeappyZWO5N8-GHw5CcIspMfos8H_JfgR3XK8C4hy4c29PmA2I5Q1m1kmRLybc57AvkGJY4Tz1emQM_c9MkD8Fc6s2cMPRMauJOrQfgN9vuSmrzd9yf3fFHTdwblOYXPZ6a3RJmqGNYHx5X5ptj8o-_nv1wuX0OUAutZQUqRpz-M5UhUiu1HGeaCY0f7_VRQw-Ynk0-FUNnaiW86WBm1JzlLctmX0WqgtWPQ3OZWUb38gMJ4U5gWe2hn19YZ7-x_QCK9OrJ25hT4CWRopFGqJZOdgm6O9vk9l5QnZ0WXv-LzfabOL7rQYN6RLCPO0h-zm7KxjgcBmpSCsZ0H4dBSRrKJRv1raBGQ7I0jQvXDRLzj-yPLdQcvJU9XZl009H0FJmCR_IYZSimuY511D0Lf7wxMsxPlrvJ6jzoogx5HNacHj6QDHoeDl_wZDTXnvArBiFkAD_rHaOXWeplAZ-hQ=", "distance": "1"}
{"url": "https://alb.reddit.com/cr?z=gAAAAABhQmiW4n-eglV0bBRK2SOprpnt0KyxCX0ZTGg3lbPaIy5g6uLaC4d0yT-69R-h32c7QPUKlwpvc2b1oV5PeL2lMQ2lr8sHUUkjuFK4jwAEwDdiTXu_OmF_jKg3JfI1FVSVdy6hqd29Eh8077-M5Rft6z3RKqi6bsvupT7-LlC_B04AxDYvLLlH4VjXc0t75odM25aUwMOzQAei8MEO36S7tOa9RwX5TZCs5456cN7QrK19QSFGu3ungbY-7P4cKzuhRnYt8cT5IsbgSS-I83ZtFpi1Gk3q65eaI-EjiOjHCK_BlNMqLzQTLwtxtqr9mMtiXvcOQq2QbavbWGnla9LNTtFwZ7s_NWdyxTEaaNeDCaUueLdXtoXbfVqTl0bVu1bUPZmQMaLdPVimyVp1vDiR9rFuhWZ3XRcjHliBr7l-vE_gws7bableFxnJeX_LkcvzC8DMKcPBV8-RQDB88bq_9VVoxlX_E5gS-4mQ9VE8XkJgTJlwwRbsEJTOi7pSjiE6JRSPaGSBBmCA44d_gIWfC5GTya7HZn7A5mQNUga7HAwi9JbuTUQRzlT2B1Rntu_6CWTBq5IZ_2aVQGVAI2L21RJhbYcrN_rk-7dvE-ab6Xie9w0Q0euyMfD56HUR5OTuBRHbtODX8S76ZtsT_y9WNqlnmKl0sBto5CdHZPGQna0T1ODqpheoQEdm6ePFjh1HZZFdsgJwAw2CrAl0THNe4yRIuxzi5CVH4T92-i9gfWLwvODHErQrxDI8Azahta9r9cUwOPMiuE_O94gkU2tFrnYIglUpmOSskQ2_FDDXdGI0NuuqH4cYHggdiK__-uvjops8a-nHxPgrTa-2RWB6bFKljgLAeappyZWO5N8-GHw5CcIspMfos8H_JfgR3XK8C4hy4c29PmA2I5Q1m1kmRLybc57AvkGJY4Tz1emQM_c9MkD8Fc6s2cMPRMauJOrQfgN9vuSmrzd9yf3fFHTdwblOYXPZ6a3RJmqGNYHx5X5ptj8o-_nv1wuX0OUAutZQUqRpz-M5UhUiu1HGeaCY0f7_VRQw-Ynk0-FUNnaiW86WBm1JzlLctmX0WqgtWPQ3OZWUb38gMJ4U5gWe2hn19YZ7-x_QCK9OrJ25hT4CWRopFGqJZOdgm6O9vk9l5QnZ0WXv-LzfabOL7rQYN6RLCPO0h-zm7KxjgcBmpSCsZ0H4dBSRrKJRv1raBGQ7I0jQvXDRLzj-yPLdQcvJU9XZl009H0FJmCR_IYZSimuY511D0Lf7wxMsxPlrvJ6jzoogx5HNacHj6QDHoeDl_wZDTXnvArBiFkAD_rHaOXWeplAZ-hQ=", "distance": "1"}
{"url": "https://www.reddit.com/r/nyu/comments/poz7wd/rogers_hall_or_jacobs_academic_building/", "distance": "1"}
{"url": "https://www.reddit.com/r/nyu/comments/pot6np/how_do_i_use_dining_dollars/", "distance": "1"}
{"url": "https://www.reddit.com/r/nyu/comments/poy7dk/early_decision_nyu/", "distance": "1"}
{"url": "https://www.reddit.com/r/nyu/comments/pox5hh/free_health_insurance/", "distance": "1"}
{"url": "https://www.reddithelp.com/hc/en-us/articles/360049499032", "distance": "1"}
{"url": "https://www.reddithelp.com", "distance": "1"}
{"url": "https://www.reddit.com/coins", "distance": "1"}
{"url": "https://www.reddit.com/premium", "distance": "1"}
{"url": "https://redditgifts.com/", "distance": "1"}
{"url": "https://about.reddit.com", "distance": "1"}
{"url": "https://about.reddit.com/careers/", "distance": "1"}
{"url": "https://about.reddit.com/press/", "distance": "1"}
{"url": "https://www.redditinc.com/advertising", "distance": "1"}
{"url": "http://www.redditblog.com/", "distance": "1"}
{"url": "https://www.redditinc.com/policies/user-agreement", "distance": "1"}
{"url": "https://www.redditinc.com/policies/content-policy", "distance": "1"}
{"url": "https://www.redditinc.com/policies/privacy-policy", "distance": "1"}
{"url": "https://www.reddit.com/help/healthycommunities/", "distance": "1"}
{"url": "https://www.ticketsmarter.com/?utm_source=eliteprospects&utm_medium=dropdownlink&utm_campaign=partners", "distance": "1"}
{"url": "https://jobs.eliteprospects.com", "distance": "1"}
{"url": "https://www.verbero.com/eliteprospects", "distance": "1"}
{"url": "https://www.eprinkside.com", "distance": "1"}
{"url": "https://www.eliteprospects.com", "distance": "1"}
{"url": "https://www.eliteprospects.com/stats", "distance": "1"}
{"url": "https://www.eliteprospects.com/teams", "distance": "1"}
{"url": "https://www.eliteprospects.com/leagues", "distance": "1"}
{"url": "https://www.eliteprospects.com/nations", "distance": "1"}
{"url": "https://www.eliteprospects.com/awards", "distance": "1"}
{"url": "https://www.eliteprospects.com/free-agent-pool/nhl", "distance": "1"}
{"url": "https://www.eliteprospects.com/draft-center/2022", "distance": "1"}
{"url": "https://www.eliteprospects.com/draft/nhl-entry-draft", "distance": "1"}
{"url": "https://www.ticketsmarter.com/?utm_source=eliteprospects&utm_medium=dropdownlink&utm_campaign=partners", "distance": "1"}
{"url": "https://www.eliteprospects.com/register", "distance": "1"}
{"url": "https://www.eliteprospects.com/login?previous=https://www.eliteprospects.com/team/10519/new-york-univ.", "distance": "1"}
{"url": "https://www.eliteprospects.com/eliteprospects-premium-overview", "distance": "1"}
{"url": "https://www.eliteprospects.com/player-tracker", "distance": "1"}
{"url": "https://www.eliteprospects.com/compare-players", "distance": "1"}
{"url": "https://www.eliteprospects.com/contact-book", "distance": "1"}
{"url": "https://www.eliteprospects.com/register", "distance": "1"}
{"url": "https://www.eliteprospects.com/register", "distance": "1"}
{"url": "https://www.eliteprospects.com/player/random", "distance": "1"}
{"url": "https://www.eliteprospects.com/search/player", "distance": "1"}
{"url": "https://www.eliteprospects.com/league/ligue-magnus/stats/2021-2022", "distance": "1"}
{"url": "https://www.eliteprospects.com/leagues", "distance": "1"}
{"url": "https://twitter.com/share", "distance": "1"}
{"url": "https://www.eliteprospects.com/search/team?q=*&view=views", "distance": "1"}
{"url": "https://www.eliteprospects.com/team/10519/new-york-univ./2020-2021", "distance": "1"}
{"url": "https://www.eliteprospects.com/team/10519/new-york-univ./2022-2023", "distance": "1"}
{"url": "https://www.eliteprospects.com/team/10519/new-york-univ./captaincy-history", "distance": "1"}
{"url": "https://www.eliteprospects.com/rss/team/10519/new-york-univ./transactions", "distance": "1"}
{"url": "https://www.eliteprospects.com/team/10519/new-york-univ./transfers", "distance": "1"}
{"url": "https://www.eliteprospects.com/team/10519/new-york-univ./stats/all-time?sort=tp", "distance": "1"}
{"url": "https://www.eliteprospects.com/team/10519/new-york-univ./stats/all-time?sort=g", "distance": "1"}
{"url": "https://www.eliteprospects.com/team/10519/new-york-univ./stats/all-time?sort=a", "distance": "1"}
{"url": "https://www.eliteprospects.com/team/10519/new-york-univ./stats/all-time?sort=pim", "distance": "1"}
{"url": "https://www.eliteprospects.com/team/10519/new-york-univ./stats/all-time?sort=gp", "distance": "1"}
{"url": "https://www.eliteprospects.com/team/10519/new-york-univ./stats/all-time?sort=ppg", "distance": "1"}
{"url": "https://www.eliteprospects.com/team/10519/new-york-univ./stats/all-time-season?sort=tp", "distance": "1"}
{"url": "https://www.eliteprospects.com/team/10519/new-york-univ./stats/all-time-season?sort=g", "distance": "1"}
{"url": "https://www.eliteprospects.com/team/10519/new-york-univ./stats/all-time-season?sort=a", "distance": "1"}
{"url": "https://www.eliteprospects.com/team/10519/new-york-univ./stats/all-time-season?sort=pim", "distance": "1"}
{"url": "https://www.eliteprospects.com/team/10519/new-york-univ./physical-stats", "distance": "1"}
{"url": "https://www.eliteprospects.com", "distance": "1"}
{"url": "https://www.paschoolfinder.com/", "distance": "1"}
{"url": "https://www.paschoolfinder.com/", "distance": "1"}
{"url": "http://www.thepalife.com/the-free-physician-assistant-essay-and-personal-statement-collaborative/", "distance": "1"}
{"url": "https://www.thepalife.com/mock-interview/", "distance": "1"}
{"url": "https://www.thepalife.com/pre-pa-consulting/", "distance": "1"}
{"url": "https://www.paschoolfinder.com/item/university-of-washington-medex-northwest-seattle-physician-assistant-program/", "distance": "1"}
{"url": "https://www.paschoolfinder.com/item/university-of-washington-medex-northwest-seattle-physician-assistant-program/", "distance": "1"}
{"url": "https://www.paschoolfinder.com/item/university-of-the-cumberlands-florence-physician-assistant-program/", "distance": "1"}
{"url": "https://www.paschoolfinder.com/item/university-of-the-cumberlands-florence-physician-assistant-program/", "distance": "1"}
{"url": "https://www.paschoolfinder.com/item/concordia-university/", "distance": "1"}
{"url": "https://www.paschoolfinder.com/item/concordia-university/", "distance": "1"}
{"url": "https://www.paschoolfinder.com/item/idaho-state-university-pocatello-physician-assistant-program/", "distance": "1"}
{"url": "https://www.paschoolfinder.com/item/idaho-state-university-pocatello-physician-assistant-program/", "distance": "1"}
{"url": "https://www.paschoolfinder.com/item/university-texas-pan-american/", "distance": "1"}
{"url": "https://www.paschoolfinder.com/item/university-texas-pan-american/", "distance": "1"}
{"url": "https://www.paschoolfinder.com/item/ucsf-fresno-orthopedic-surgery-pa-residency/", "distance": "1"}
{"url": "https://www.paschoolfinder.com/item/ucsf-fresno-orthopedic-surgery-pa-residency/", "distance": "1"}
{"url": "https://www.paschoolfinder.com/item/michigan-state-university-physician-assistant-program/", "distance": "1"}
{"url": "https://www.paschoolfinder.com/item/michigan-state-university-physician-assistant-program/", "distance": "1"}
{"url": "https://www.paschoolfinder.com/item/radford-university-physician-assistant-program/", "distance": "1"}
{"url": "https://www.paschoolfinder.com/item/radford-university-physician-assistant-program/", "distance": "1"}
{"url": "https://www.paschoolfinder.com/item/montefiore-medical-center-albert-einstein-college-medicine-surgery-pa-residency/", "distance": "1"}
{"url": "https://www.paschoolfinder.com/item/montefiore-medical-center-albert-einstein-college-medicine-surgery-pa-residency/", "distance": "1"}
{"url": "https://www.paschoolfinder.com/item/dartmouth-hitchcock-medical-center-cardiothoracic-physician-assistant-post-graduate-residency/", "distance": "1"}
{"url": "https://www.paschoolfinder.com/item/dartmouth-hitchcock-medical-center-cardiothoracic-physician-assistant-post-graduate-residency/", "distance": "1"}
{"url": "https://www.paschoolfinder.com/item/grand-valley-state-university/", "distance": "1"}
{"url": "https://www.paschoolfinder.com/item/grand-valley-state-university/", "distance": "1"}
{"url": "https://www.paschoolfinder.com/item/boston-university/", "distance": "1"}
{"url": "https://www.paschoolfinder.com/item/boston-university/", "distance": "1"}
{"url": "https://www.paschoolfinder.com/item/mayo-clinic-arizona-otolaryngology-pa-residency/", "distance": "1"}
{"url": "https://www.paschoolfinder.com/item/mayo-clinic-arizona-otolaryngology-pa-residency/", "distance": "1"}
{"url": "https://www.paschoolfinder.com/item/colorado-mesa-university/", "distance": "1"}
{"url": "https://www.paschoolfinder.com/item/colorado-mesa-university/", "distance": "1"}
{"url": "https://www.paschoolfinder.com/item/samford-university/", "distance": "1"}
{"url": "https://www.paschoolfinder.com/item/samford-university/", "distance": "1"}
{"url": "https://www.paschoolfinder.com/item/kean-university/", "distance": "1"}
{"url": "https://www.paschoolfinder.com/item/kean-university/", "distance": "1"}
{"url": "http://directory.syr.edu/", "distance": "1"}
{"url": "http://commencement.syr.edu/", "distance": "1"}
{"url": "https://www.sunyacc.edu/apply", "distance": "1"}
{"url": "https://www.sunyacc.edu/academics/academic-advisementstudent-success", "distance": "1"}
{"url": "https://www.sunyacc.edu/fall-2021", "distance": "1"}
{"url": "https://www.sunyacc.edu/college-access", "distance": "1"}
{"url": "https://time.com/6096573/time-to-host-series-of-time100-talks/", "distance": "1"}
{"url": "https://www.port-magazine.com/art-photography/orejarena-stein/", "distance": "1"}
{"url": "https://www.discovermagazine.com/health/humans-are-the-only-animals-that-cry-and-we-dont-know-why", "distance": "1"}
{"url": "https://www.washingtonpost.com/outlook/2021/08/24/pre-war-us-support-afghan-womens-rights-offers-blueprint-future/", "distance": "1"}
{"url": "https://highlandscurrent.org/2021/08/20/police-exam-draws-diverse-pool/", "distance": "1"}
{"url": "https://twitter.com/VassarAthletics?ref_src=twsrc%5Etfw", "distance": "1"}
{"url": "http://www.brewersfund.com/", "distance": "1"}
{"url": "https://www.stjohns.edu/stjohnsopens", "distance": "1"}
{"url": "https://www.facebook.com/stjohnsu", "distance": "1"}
{"url": "https://www.instagram.com/stjohnsu/", "distance": "1"}
{"url": "https://twitter.com/stjohnsu", "distance": "1"}
{"url": "https://www.linkedin.com/school/15138540", "distance": "1"}
{"url": "https://www.youtube.com/user/stjohnsedu", "distance": "1"}
{"url": "https://www.stjohns.edu/admission/connect-us/undergraduate-admission-open-house?utm_source=Home%20Page&utm_medium=Website&utm_campaign=Fall%20Open%20House%20Slider&utm_id=Fall%20Open%20House%20Slider", "distance": "1"}
{"url": "https://www.facebook.com/stjohnsu", "distance": "1"}
{"url": "https://www.instagram.com/stjohnsu/", "distance": "1"}
{"url": "https://twitter.com/stjohnsu", "distance": "1"}
{"url": "https://www.linkedin.com/school/15138540", "distance": "1"}
{"url": "https://www.youtube.com/user/stjohnsedu", "distance": "1"}
{"url": "https://studyabroad.shiksha.com/search-layer?ref=universityPage", "distance": "1"}
{"url": "https://studyabroad.shiksha.com/scholarships/narotam-sekhsaria-s-scholarships", "distance": "1"}
{"url": "https://studyabroad.shiksha.com/scholarships/hani-zeini-scholarship", "distance": "1"}
{"url": "https://studyabroad.shiksha.com/scholarships/inlaks-scholarships-university-courses", "distance": "1"}
{"url": "https://studyabroad.shiksha.com/scholarships/harvey-fellowship", "distance": "1"}
{"url": "https://www.nyu.edu/students/student-information-and-resources/housing-and-dining/on-campus-living.html", "distance": "1"}
{"url": "https://www.nyu.edu/students/student-information-and-resources/housing-and-dining/on-campus-living/application-and-assignments/rates-and-payments.html", "distance": "1"}
{"url": "https://www.studenthousing.org/", "distance": "1"}
{"url": "https://www.student.com/", "distance": "1"}
{"url": "http://www.offcampusapartments.nyc/", "distance": "1"}
{"url": "http://www.google.com/maps/place/40.7295,-73.9965", "distance": "1"}
{"url": "https://studyabroad.shiksha.com/search-layer?ref=universityPage", "distance": "1"}
{"url": "http://www.infoedge.in", "distance": "1"}
{"url": "http://www.shiksha.com", "distance": "1"}
{"url": "http://www.naukri.com", "distance": "1"}
{"url": "http://www.firstnaukri.com", "distance": "1"}
{"url": "http://www.naukrigulf.com", "distance": "1"}
{"url": "http://www.99acres.com", "distance": "1"}
{"url": "http://www.jeevansathi.com", "distance": "1"}
{"url": "http://www.ambitionbox.com", "distance": "1"}
{"url": "http://www.zomata.com", "distance": "1"}
{"url": "http://www.policybazaar.com", "distance": "1"}
{"url": "http://www.meritnation.com", "distance": "1"}
{"url": "https://www.shiksha.com/shikshaHelp/ShikshaHelp/privacyPolicy", "distance": "1"}
{"url": "https://www.shiksha.com/shikshaHelp/ShikshaHelp/termCondition", "distance": "1"}
{"url": "https://www.shiksha.com/shikshaHelp/ShikshaHelp/grievances", "distance": "1"}
{"url": "https://www.shiksha.com/shikshaHelp/ShikshaHelp/summonsNotices", "distance": "1"}
{"url": "https://aboutus.shiksha.com", "distance": "1"}
{"url": "https://www.timeshighereducation.com/student/register-interest/shorelight?utm_medium=thewebsite&utm_campaign=cta-link&utm_source=profile-page-header&iid=i-53177321", "distance": "1"}
{"url": "https://www.timeshighereducation.com/student/register-your-free-personalised-academic-evaluation-expert-academic-advisor?utm_medium=thewebsite&utm_campaign=cta-link&utm_source=rankings&iid=i-53177321", "distance": "1"}
{"url": "https://www.timeshighereducation.com/student/course-search?institutionText=i-53177321&utm_medium=thewebsite&utm_campaign=cta-link&utm_source=rankings&iid=i-53177321", "distance": "1"}
{"url": "https://www.timeshighereducation.com/student/course-search?institutionText=i-61246677&utm_medium=thewebsite&utm_campaign=cta-link&utm_source=rankings&iid=i-61246677", "distance": "1"}
{"url": "https://www.timeshighereducation.com/student/course-search?institutionText=i-64875949&utm_medium=thewebsite&utm_campaign=cta-link&utm_source=rankings&iid=i-64875949", "distance": "1"}
{"url": "https://www.timeshighereducation.com/student/course-search?institutionText=i-32965331&utm_medium=thewebsite&utm_campaign=cta-link&utm_source=rankings&iid=i-32965331", "distance": "1"}
{"url": "https://www.timeshighereducation.com/student/course-search?institutionText=i-61246677&utm_medium=thewebsite&utm_campaign=cta-link&utm_source=rankings&iid=i-61246677", "distance": "1"}
{"url": "https://www.timeshighereducation.com/student/course-search?institutionText=i-64875949&utm_medium=thewebsite&utm_campaign=cta-link&utm_source=rankings&iid=i-64875949", "distance": "1"}
{"url": "https://www.google.com/maps/search/?api=1&query=40.729054900000,-73.996523300000", "distance": "1"}
{"url": "https://www.linkedin.com/company/kierantimberlake/", "distance": "1"}
{"url": "https://twitter.com/KieranTmberlk", "distance": "1"}
{"url": "https://www.instagram.com/kierantimberlake/", "distance": "1"}
{"url": "https://www.unigo.com ", "distance": "1"}
{"url": "https://click.linksynergy.com/fs-bin/click?id=Lu0dIbHCvQo&offerid=192924.10004204&type=3&subid=0", "distance": "1"}
{"url": "https://click.linksynergy.com/fs-bin/click?id=Lu0dIbHCvQo&offerid=192924.10004206&type=3&subid=0", "distance": "1"}
{"url": "https://compliance.educationdynamics.com/DataRequest/DoNotSellData?sourceurl=unigo", "distance": "1"}
{"url": "https://vimeo.com/488565572", "distance": "1"}
{"url": "https://vimeo.com/423320194", "distance": "1"}
{"url": "https://vimeo.com/466251400", "distance": "1"}
{"url": "https://vimeo.com/422790654", "distance": "1"}
{"url": "https://www.newschool.edu/research-and-work/noemi-/trae-harris/", "distance": "1"}
{"url": "https://vimeo.com/537713226", "distance": "1"}
{"url": "https://vimeo.com/374243462", "distance": "1"}
{"url": "https://ww3.newschool.edu/performing-arts/story/innovating-ways/", "distance": "1"}
{"url": "https://vimeo.com/319917039", "distance": "1"}
{"url": "https://www.nytimes.com/section/todayspaper", "distance": "1"}
{"url": "https://myaccount.nytimes.com/auth/login?response_type=cookie&client_id=vi", "distance": "1"}
{"url": "https://ot.steinhardt.nyu.edu/", "distance": "1"}
{"url": "https://counseling.steinhardt.nyu.edu/online-masters-school-counseling/?_ga=2.97490143.1312641177.1547561117-202794809.1547128050", "distance": "1"}
{"url": "https://counseling.steinhardt.nyu.edu/online-masters-mental-health-counseling/", "distance": "1"}
{"url": "https://speech.steinhardt.nyu.edu/?_ga=2.97875167.1312641177.1547561117-202794809.1547128050", "distance": "1"}
{"url": "https://www.educationcorner.com", "distance": "1"}
{"url": "https://www.educationcorner.com", "distance": "1"}
{"url": "https://www.educationcorner.com/higher-education.html", "distance": "1"}
{"url": "https://www.educationcorner.com/distance-learning/", "distance": "1"}
{"url": "https://www.educationcorner.com/k12-education.html", "distance": "1"}
{"url": "https://www.educationcorner.com/early-childhood-education.html", "distance": "1"}
{"url": "https://www.educationcorner.com/special-education.html", "distance": "1"}
{"url": "https://www.educationcorner.com/teachers-corner.html", "distance": "1"}
{"url": "https://www.delhi.edu/covid19/fall-2021-semester-information.php", "distance": "1"}
{"url": "https://www.delhi.edu", "distance": "1"}
{"url": "https://www.delhi.edu/about/college-relations/newsroom/suny-delhi-among-best-regional-colleges.php", "distance": "1"}
{"url": "https://sunydelhi.exposure.co/dr-leonel-diaz-mosaic", "distance": "1"}
{"url": "https://sunydelhi.exposure.co/welcome-weekend-2021", "distance": "1"}
{"url": "https://www.delhi.edu/#/vte/?data-platform=v&data-inst=63295&", "distance": "1"}
{"url": "https://www.google.com/maps/place/SUNY+Delhi/@42.2706716,-74.9267247,17z/data=!3m1!4b1!4m5!3m4!1s0x89dc78e03b65916d:0x8140c194327d99db!8m2!3d42.2706716!4d-74.9245307", "distance": "1"}
{"url": "https://a.cms.omniupdate.com/11/?skin=oucampus&account=suny-delhi&site=dev&action=de&path=/index.pcf", "distance": "1"}
{"url": "https://itunes.apple.com/app/apple-store/id736535961?pt=2334150&ct=Coursera%20Web%20Promo%20Banner&mt=8", "distance": "1"}
{"url": "http://play.google.com/store/apps/details?id=org.coursera.android", "distance": "1"}
{"url": "https://t.co/OIYpVGwxeI", "distance": "1"}
{"url": "https://t.co/HQrRzYgM6e", "distance": "1"}
{"url": "https://t.co/3IXLyKk8KX", "distance": "1"}
{"url": "https://flic.kr/p/r1XxF3", "distance": "1"}
{"url": "http://www2.deloitte.com/us/en.html", "distance": "1"}
{"url": "http://www.datawheel.us/", "distance": "1"}
{"url": "https://www.interfolio.com/", "distance": "1"}
{"url": "https://account.interfolio.com/login", "distance": "1"}
{"url": "https://www.facebook.com/Interfolio/", "distance": "1"}
{"url": "https://twitter.com/Interfolio", "distance": "1"}
{"url": "https://www.instagram.com/interfolio/", "distance": "1"}
{"url": "https://www.linkedin.com/company/interfolio-inc-/", "distance": "1"}
{"url": "http://facebook.com/sharer.php?u=http%3A%2F%2Fschools.njnu.edu.cn%2Fbusiness%2Facademic-events%2Fassociate-professor-zhisong-chen-visited-stern-school-of-business-new-york&t=Associate%20Professor%20Zhisong%20Chen%20visited%20Stern%20School%20of%20Business%2C%20New%20York%20University%20%28NYU%29", "distance": "1"}
{"url": "http://twitter.com/intent/tweet?url=http%3A%2F%2Fschools.njnu.edu.cn%2Fbusiness%2Facademic-events%2Fassociate-professor-zhisong-chen-visited-stern-school-of-business-new-york&text=Associate%20Professor%20Zhisong%20Chen%20visited%20Stern%20School%20of%20Business%2C%20New%20York%20University%20%28NYU%29", "distance": "1"}
{"url": "http://www.linkedin.com/shareArticle?url=http%3A%2F%2Fschools.njnu.edu.cn%2Fbusiness%2Facademic-events%2Fassociate-professor-zhisong-chen-visited-stern-school-of-business-new-york&mini=true&title=Associate%20Professor%20Zhisong%20Chen%20visited%20Stern%20School%20of%20Business%2C%20New%20York%20University%20%28NYU%29&ro=false&summary=&source=", "distance": "1"}
{"url": "https://plus.google.com/share?url=http%3A%2F%2Fschools.njnu.edu.cn%2Fbusiness%2Facademic-events%2Fassociate-professor-zhisong-chen-visited-stern-school-of-business-new-york", "distance": "1"}
{"url": "http://pinterest.com/pin/create/button/?url=http%3A%2F%2Fschools.njnu.edu.cn%2Fbusiness%2Facademic-events%2Fassociate-professor-zhisong-chen-visited-stern-school-of-business-new-york&media=&description=", "distance": "1"}
{"url": "http://service.weibo.com/share/share.php?url=http%3A%2F%2Fschools.njnu.edu.cn%2Fbusiness%2Facademic-events%2Fassociate-professor-zhisong-chen-visited-stern-school-of-business-new-york&title=Associate%20Professor%20Zhisong%20Chen%20visited%20Stern%20School%20of%20Business%2C%20New%20York%20University%20%28NYU%29", "distance": "1"}
{"url": "http://facebook.com/sharer.php?u=http%3A%2F%2Fschools.njnu.edu.cn%2Fbusiness%2Facademic-events%2Fassociate-professor-zhisong-chen-visited-stern-school-of-business-new-york&t=Associate%20Professor%20Zhisong%20Chen%20visited%20Stern%20School%20of%20Business%2C%20New%20York%20University%20%28NYU%29", "distance": "1"}
{"url": "http://twitter.com/intent/tweet?url=http%3A%2F%2Fschools.njnu.edu.cn%2Fbusiness%2Facademic-events%2Fassociate-professor-zhisong-chen-visited-stern-school-of-business-new-york&text=Associate%20Professor%20Zhisong%20Chen%20visited%20Stern%20School%20of%20Business%2C%20New%20York%20University%20%28NYU%29", "distance": "1"}
