{"url": "https://startad.ae/", "distance": 0}
{"url": "https://maniacgeek.net/science/archeologie/cette-etude-est-lune-des-premieres-a-examiner-les-genomes-de-plantes-trouvees-dans-des-sites-archeologiques/", "distance": 0}
{"url": "https://books.google.com/books?id=qoF8DwAAQBAJ&pg=PA105&lpg=PA105&dq=nyuad&source=bl&ots=fYCuVw3xTt&sig=ACfU3U2_cWnAjDVtEH-BjLfMEZ9t4x6wzQ&hl=en&sa=X&ved=2ahUKEwiNk9KD4YHzAhV7F1kFHeNRBjE4UBDoAXoECBQQAw", "distance": 0}
{"url": "https://www.nyuad-artscenter.org/", "distance": 0}
{"url": "https://www.emirates247.com/news/emirates/nyu-abu-dhabi-announces-recipients-of-2020-sheikh-mohamed-bin-zayed-scholarship-2019-07-28-1.687760", "distance": 0}
{"url": "https://koyapartners.com/search/dean-of-arts-humanities/", "distance": 0}
{"url": "https://www.facebook.com/NYUAD/", "distance": 0}
{"url": "https://www.sciencedaily.com/releases/2021/09/210907160552.htm", "distance": 0}
{"url": "http://nyuad.im/", "distance": 0}
{"url": "https://nymag.com/news/intelligencer/nyu-abu-dhabi-2013-5/", "distance": 0}
{"url": "https://www.gulftoday.ae/news/2019/07/29/32-students-to-join-nyuad-summer-academy", "distance": 0}
{"url": "https://www.timeoutabudhabi.com/culture/473628-winners-of-the-comedy-wildlife-photography-awards-2021", "distance": 0}
{"url": "https://mail.kuloy.net/c2do/nyu-computer-engineering-ms.html", "distance": 0}
{"url": "https://en.wikipedia.org/wiki/New_York_University_Abu_Dhabi", "distance": 0}
{"url": "http://demo.claypot.com.my/pypb5x/apy.php?bqxkeoo=nyu-faculty-housing-rent", "distance": 0}
{"url": "https://acronyms.thefreedictionary.com/NYUAD", "distance": 0}
{"url": "https://www.youtube.com/channel/UCnQtHHDBUVyOZrES9EmUI9A", "distance": 0}
{"url": "https://www.iie.org/Programs/NYU-Abu-Dhabi", "distance": 0}
{"url": "https://exrensuli.lecasedimilano.it/4062.html", "distance": 0}
{"url": "https://www.tiktok.com/tag/nyuad?lang=en", "distance": 0}
{"url": "https://networks.h-net.org/node/73374/announcements/6258955/featured-job-nyuad-institute-humanities-research-fellowships", "distance": 0}
{"url": "https://www.afar.com/places/the-art-gallery-at-nyu-abu-dhabi-abu-dhabi", "distance": 0}
{"url": "https://www.cntraveler.com/gallery/best-coffee-shops-in-abu-dhabi", "distance": 0}
{"url": "https://robopsych.libsyn.com/ep-99-michael-shiloh-nyu-abu-dhabi", "distance": 0}
{"url": "https://www.thenation.com/article/archive/labor-abuse-went-nyus-abu-dhabi-campus/", "distance": 0}
{"url": "https://www.braingainmag.com/generous-scholarships-for-exceptional-talent-at-nyuad.htm", "distance": 0}
{"url": "https://arabfoundationsforum.org/author/NYUAD/", "distance": 0}
{"url": "https://nyuad.nyu.edu/", "distance": 0}
{"url": "http://wam.ae/en/details/1395302641391", "distance": 0}
{"url": "http://nyuadvis.art/", "distance": 0}
{"url": "http://sifaradio.com/nyu", "distance": 0}
{"url": "https://www.thenationalnews.com/uae/nyuad-graduates-work-to-set-themselves-apart-from-the-rest-1.193563", "distance": 0}
{"url": "https://www.gonyuad.com/landing/index", "distance": 0}
{"url": "https://www.michaelang.com/a/2976/professor-at-nyuad-interactive-media.html", "distance": 0}
{"url": "https://medium.com/sia-nyuad", "distance": 0}
{"url": "https://www.jwnenergy.com/article/2021/9/7/indonesian-sri-lankan-and-jordanian-energy-ministe/", "distance": 0}
{"url": "https://www.linkedin.com/school/new-york-university-abu-dhabi/", "distance": 0}
{"url": "http://64handikap.com/nyu-ai-school", "distance": 0}
{"url": "https://www.nyuad.io/", "distance": 0}
{"url": "https://www.eurekalert.org/news-releases/916005", "distance": 0}
{"url": "https://www.topuniversities.com/universities/new-york-university-abu-dhabi-nyuad", "distance": 0}
{"url": "https://nyulocal.com/nyu-journalism-department-ends-relationship-with-nyu-abu-dhabi-1d34deea613c", "distance": 0}
{"url": "https://nyunews.com/news/04/08/nyu-abu-dhabi-tax-returns/", "distance": 0}
{"url": "https://www.instagram.com/nyuabudhabi/?hl=en", "distance": 0}
{"url": "https://economics.yale.edu/", "distance": 0}
{"url": "https://nyuad.mywconline.com/", "distance": 0}
{"url": "https://www.degruyter.com/document/doi/10.18574/nyu/9781479806263/html", "distance": 0}
{"url": "https://www.al-fanarmedia.org/2014/08/nyu-abu-dhabi-students-view/", "distance": 0}
{"url": "https://www.tradetalkspodcast.com/podcast/141-britains-trade-policy-1815-2016/", "distance": 0}
{"url": "https://www.quora.com/What-are-the-best-tips-to-get-in-to-NYUAD", "distance": 0}
{"url": "https://www.4icu.org/reviews/universities-urls/17112.shtm", "distance": 0}
{"url": "https://www.nyuad-artgallery.org/", "distance": 0}
{"url": "http://cardinalconstructioncorp.com/nyu", "distance": 0}
{"url": "https://www.pinterest.com/pin/858991328926845331/", "distance": 0}
{"url": "https://artsandculture.google.com/exhibit/find-ramadan-project-nyu-abu-dhabi/QQEiLdAU?hl=en", "distance": 0}
{"url": "https://www.natureindex.com/institution-outputs/united-arab-emirates/new-york-university-abu-dhabi-nyuad/51b699e2140ba0f70f000000", "distance": 0}
{"url": "http://wilsonrdselfstorage.com/abu-dhabi", "distance": 0}
{"url": "http://34.202.2.40/en/about/leadership-and-administration/office-of-the-vice-chancellor/campus-life/administration.html", "distance": 0}
{"url": "https://books.google.com/books?id=4zkTBwAAQBAJ&pg=PT7&lpg=PT7&dq=nyuad&source=bl&ots=QEBngTJMDE&sig=ACfU3U0XwxG_uti31Tz1laMU4KuulMu32g&hl=en&sa=X&ved=2ahUKEwioo7qE4YHzAhWiGFkFHZJ8Dw44WhDoAXoECBQQAw", "distance": 0}
{"url": "https://agaps.org/nyuad-humanities-research-fellowships/", "distance": 0}
{"url": "https://www.cur.org/nyu_abu_dhabi_undergraduates_propose_a_protocol_for_5g_internet/", "distance": 0}
{"url": "https://app.joinhandshake.com/login", "distance": 0}
{"url": "https://www.artnews.com/art-news/news/nyu-abu-dhabi-arab-center-study-of-art-opens-1234581259/", "distance": 0}
{"url": "https://2020.igem.org/Team:NYU_Abu_Dhabi", "distance": 0}
{"url": "https://gulfnews.com/uae/education/nyu-abu-dhabi-to-have-visiting-professors-from-indian-universities-1.81839455", "distance": 0}
{"url": "https://yousefalotaiba.com/insights/nyu-abu-dhabi-the-next-generation-of-global-leaders/", "distance": 0}
{"url": "https://www.higheredjobs.com/institution/search.cfm?University=NYU%20Abu%20Dhabi", "distance": 0}
{"url": "https://www.youtube.com/watch?v=LC2akgHek0Q", "distance": 0}
{"url": "https://www.theatlantic.com/education/archive/2018/05/the-selective-westernization-of-nyus-abu-dhabi-campus/560096/", "distance": 0}
{"url": "https://www.kanopy.com/", "distance": 0}
{"url": "https://www.miragenews.com/nyu-abu-dhabi-researchers-use-hair-cortisol-626589/", "distance": 0}
{"url": "https://www.artandeducation.net/directory/286187/nyu-abu-dhabi-institute", "distance": 0}
{"url": "https://www.nytimes.com/2010/06/21/education/21nyu.html", "distance": 0}
{"url": "http://healingochsant.com/nyu", "distance": 0}
{"url": "https://twitter.com/nyuabudhabi?lang=en", "distance": 0}
{"url": "https://www.admitsee.com/blog/10-fun-facts-about-nyu", "distance": 0}
{"url": "https://ae.trabajo.org/job-844-20210914-0771580bcc4989b417e8d708088c9b7b", "distance": 0}
{"url": "http://billigevinterjakker.com/nyu", "distance": 0}
{"url": "https://middleeast.in-24.com/entertainment/News/52768.html", "distance": 0}
{"url": "http://wohnen-in-hillesheim.de/hilltop-resource-group-abu-dhabi.html", "distance": 0}
{"url": "http://leben-zwischen-leben.de/nyu-stern-stats-college-confidential.html", "distance": 0}
{"url": "http://sfrubicon.com/nyu", "distance": 0}
{"url": "https://www.timeshighereducation.com/unijobs/listing/265626/design-product-engineer/", "distance": 0}
{"url": "https://www.thefire.org/nyus-abu-dhabi-campus-continues-to-face-questions-about-academic-freedom/", "distance": 0}
{"url": "https://ae.melga.com/job/2021-09-14_773c12e6f680ebf7ab5b10174d1c5786", "distance": 0}
{"url": "https://www.artforum.com/spotlight/nyu-abu-dhabi-art-gallery-83541", "distance": 0}
{"url": "http://ladiestrekking.com/nyu", "distance": 0}
{"url": "https://books.google.com/books?id=YrKvDAAAQBAJ&pg=PA93&lpg=PA93&dq=nyuad&source=bl&ots=RCMfstMC_0&sig=ACfU3U0u8UrbDjqO-q0dPW9ITM6-w5hEtA&hl=en&sa=X&ved=2ahUKEwiNk9KD4YHzAhV7F1kFHeNRBjE4UBDoAXoECBMQAw", "distance": 0}
{"url": "https://books.google.com/books?id=wEaODwAAQBAJ&pg=PA248&lpg=PA248&dq=nyuad&source=bl&ots=RjKAFekkF8&sig=ACfU3U202f79a2tk0xQG8f4xIlmScrXowQ&hl=en&sa=X&ved=2ahUKEwioo7qE4YHzAhWiGFkFHZJ8Dw44WhDoAXoECBMQAw", "distance": 0}
{"url": "https://www.nyu.edu/abu-dhabi.html", "distance": 0}
{"url": "https://www.nardelloandco.com/insights/independent-investigation-into-nyu-abu-dhabi-campus-allegations/", "distance": 0}
{"url": "http://fundit.fr/en/institutions/new-york-university-abu-dhabi-nyuad", "distance": 0}
{"url": "https://www.serco.com/me", "distance": 0}
{"url": "https://www.uaeusaunited.com/story/nyu-abu-dhabi/", "distance": 0}
{"url": "https://www.google.com/intl/en/about/products?tab=ph", "distance": "1"}
{"url": "https://www.google.com/accounts/Login?service=print&continue=https://books.google.com/books%3Fid%3DqoF8DwAAQBAJ%26pg%3DPA105%26lpg%3DPA105%26dq%3Dnyuad%26source%3Dbl%26ots%3DfYCuVw3xTt%26sig%3DACfU3U2_cWnAjDVtEH-BjLfMEZ9t4x6wzQ%26hl%3Den%26sa%3DX&hl=en&ec=GAZACg", "distance": "1"}
{"url": "https://books.google.com/?hl=en&tab=pp", "distance": "1"}
{"url": "https://books.google.com/books?id=qoF8DwAAQBAJ&pg=PA105&lpg=PA105&dq=nyuad&source=bl&ots=fYCuVw3xTt&sig=ACfU3U2_cWnAjDVtEH-BjLfMEZ9t4x6wzQ&hl=en&sa=X&output=html_text", "distance": "1"}
{"url": "https://www.google.com/accounts/Login?service=print&continue=https://books.google.com/books%3Fop%3Dlookup%26id%3DqoF8DwAAQBAJ%26continue%3Dhttps://books.google.com/books%253Fid%253DqoF8DwAAQBAJ%2526pg%253DPA105%2526lpg%253DPA105%2526dq%253Dnyuad%2526source%253Dbl%2526ots%253DfYCuVw3xTt%2526sig%253DACfU3U2_cWnAjDVtEH-BjLfMEZ9t4x6wzQ%2526hl%253Den%2526sa%253DX&hl=en", "distance": "1"}
{"url": "https://books.google.com/books?id=qoF8DwAAQBAJ&printsec=frontcover&source=gbs_vpt_read", "distance": "1"}
{"url": "https://play.google.com/books/reader?id=qoF8DwAAQBAJ&printsec=frontcover&source=gbs_vpt_read", "distance": "1"}
{"url": "https://www.google.com/books/edition/_/qoF8DwAAQBAJ?hl=en&newbks=1&gbpv=1&dq=nyuad&pg=PA105&printsec=frontcover", "distance": "1"}
{"url": "https://play.google.com/store/books/details?id=qoF8DwAAQBAJ&rdid=book-qoF8DwAAQBAJ&rdot=1&source=gbs_vpt_read&pcampaignid=books_booksearch_viewport", "distance": "1"}
{"url": "https://books.google.com/books?id=qoF8DwAAQBAJ&printsec=frontcover", "distance": "1"}
{"url": "https://books.google.com/books?id=qoF8DwAAQBAJ&dq=nyuad&sitesec=reviews", "distance": "1"}
{"url": "https://www.google.com/accounts/Login?service=print&continue=https://books.google.com/books%3Fop%3Dlookup%26id%3DqoF8DwAAQBAJ%26continue%3Dhttps://books.google.com/books%253Fid%253DqoF8DwAAQBAJ%2526pg%253DPA105%2526lpg%253DPA105%2526dq%253Dnyuad%2526source%253Dbl%2526ots%253DfYCuVw3xTt%2526sig%253DACfU3U2_cWnAjDVtEH-BjLfMEZ9t4x6wzQ%2526hl%253Den%2526sa%253DX&hl=en", "distance": "1"}
{"url": "https://books.google.com/books?id=qoF8DwAAQBAJ&pg=PA106&lpg=PA105&ots=fYCuVw3xTt&focus=viewport&dq=nyuad", "distance": "1"}
{"url": "https://www.linkedin.com/company/emirates247", "distance": "1"}
{"url": "https://instagram.com/emirates_247/", "distance": "1"}
{"url": "https://www.youtube.com/user/Emirates247channel", "distance": "1"}
{"url": "https://twitter.com/Emirates247", "distance": "1"}
{"url": "https://www.facebook.com/Emirates247", "distance": "1"}
{"url": "https://www.pinterest.com/emirates247/", "distance": "1"}
{"url": "https://www.linkedin.com/company/emirates-24-7-dubai-media-inc.", "distance": "1"}
{"url": "https://instagram.com/emirates_247/", "distance": "1"}
{"url": "https://www.youtube.com/user/Emirates247channel", "distance": "1"}
{"url": "https://twitter.com/Emirates247", "distance": "1"}
{"url": "https://www.facebook.com/Emirates247", "distance": "1"}
{"url": "https://www.emirates247.com/happiness-meter/gotoHIndex.jsp?themeColor=%23BE2025", "distance": "1"}
{"url": "https://m.facebook.com/login.php?next=https%3A%2F%2Fm.facebook.com%2FNYUAD%2F%3F_rdr&ref=104&rs=6&lrs=3&rid=250829409716&lrid=250829409716&refsrc=deprecated&refid=17", "distance": "1"}
{"url": "https://lm.facebook.com/l.php?u=http%3A%2F%2Fow.ly%2FOO1L50G8bUT&h=AT3CGASgBrU6wlkSL-M4QwuEsbmpwtlNGKAD3KGRv1EslRVGZPoq7hGsQ0plUKuhF1ik5vM1hVrcYepEACgz_kJvbHD5fie40HL25df0mXbwOlPjbnzG_eqfcLuYIIHhvRJfaUOP8URvWnbwI8h7iH2kBX99i9qmFHlEIVi5B56aOGcul1vnIZFTGTufcAiUnsXZPVVoFf36ZrD9gF9-1-9MQ0GkSRs1n92IQKHe0UHsi-xvpJAsCW24rGr4rdakRGK-U4F9p0A2GhZy2ec1Bc8PnDiHg2pea5tmEglzLA_03Sab-EX_8O2rQhtrFUpzXlq1YXSRfIbJ2hP0rZlclitSHnd4FxJzOTB_7p9lEbSZ0hpUR6Q0peNu0kJrSKPyCx_qWFn6SmE7JB163c3EEYZzdgeaPU9gNBuMNGNmp5tO0hHtBm7Bg-RA8w985kk6GB17f5dPmML9ij4JtKXZj5OH9f6XgdQyZUmOle4sJktww1sunxhzg8PnK2Zcs9cq238KiJKM6J46eE1AwBSa3Qvg8_riI13WP-VrtegKg1cxEmTAeprBNaa87sscyMQgQrCokQ7qceoG4hl-f2DyL-0qo2_YjORdsu7CjOn1y7mMZwuKifVJuk7sXwoxJtXHleadYjEQUq5AJmPTT4MpOVa9oGBx673kkMFHSwMpu7zYd2cDyCnspqvDrQnj_3h-dSP7kli0YjLMXi9UJr_9yrmJBSBz2sPsrVsrITF8NqftFka2e7XnhLc9Clyw0JMwt1fw6512_ps4QEPyL9-Twqan9NbbclAqBHwrdkT1wHAm5u2x_grx-FQjAPEhsjN3I7j72YVZ3XHH3kylilb6gJCrjUpIwMZGESX4qs-bGTQvdE8a_KcLW5aBxJ72WnG6ka5nMirocipDanEl2EEKuYUMYHaJnfJp6SBqL-AaDEoghRyTtrkzk-BUDjNNJXRem8sXSMskMOZLwOw4II_hSr7N_E9o2I6Iklwo_Iwj89PANUdLL4ZZwmbpsR1nXzC5NweHvzQrmUK5oX-O0bIFidQWxk2UabyVvHgrB9fYvK9k8izJM5xPZfwUZ0iYdR2cw5-J4xfrLDcCbBAlXqMQP0lh4XgKwX6svIpeCJqGJEqFWNucGNOwQYeVjLhAzDKwlTBShkQDkfyn_FNqw8MElsn6ic0FZ81vMG9jddPyM2KhJ9iiV61b5ogSsQIxQnKoz9BkeKUovaHfjpGQ", "distance": "1"}
{"url": "https://lm.facebook.com/l.php?u=http%3A%2F%2Fow.ly%2Foe6x50G8bYJ&h=AT0meJRbAcS-soF0O5RQkmytQbLOHNlchK-glg5LXxfui_2FYFJtuAns1QkwojCeaCqgg35cB-BZOWnpYuufzwIwfITEBONI5pM5ov0MBhPzmsXBbJVBUS6-oYoPcqLMK3ZrJdUh-aAYuK9caWNcNoYX2jEinNaQlej58BVeRgijPIvVYyp1dYLeI_8kqsY6artEKRaGd_T_xUmj6EVqk0sctTg-4lZKTWkAvEjm9sV-vxiM3oFfswxW2C7g0lpUOzsCSp-8DVOwsfBj6P69zYXZST2T3EAReU5-QaPSVtjcPAhh4J1EJJcdSqSF7RExiu3IFX069AbzbxRBACIWhhZSwoH6L8jllWxTQYmTnNYW2C3cEY8LnO6fGcNQeOY_0_PvUrbiu1O6LZ2PWvc1__G5nz28ciMPKLeCccg_D_I6NC2bKgWXi5MWtvs3Ho-DZUsvnJpQmuufJGWBZsP5QKls7fNbB4hkvnO947OztfxbsMqlReBQbXzIE2Pf8tyD-NOYQFdt8fQn0zPhHrAUw6unKt7qSxdIs39OH5dTeI5N5DHg1FM6pCpBYvdEHAEEXPj4wHXoxF5bQWtTOwEhc_oTUJlGF2WHa5tM26NPMDWUI9bgnKXrZMhY8fIn8U9qcdccxgMH5ELzggGtveTT-h9W34l3C2IjRVfnEncaX_FEuCzr0Z-tLkpHpt2ymXR6jTYcGCrtM1uhS9tT40ZP7VZ2SH7zFk-C_MhmENAgODNNX6anxgmO53PZTatGR1_s0-hIWeTohBCO3KvyGUbbSChaHgE6IhYJN321aKmGww9oL9ppm8AF95BxQa6rmhiAo2yO0YwJukC7_ZfquUJ9p2fpt_fei3VGgcqdsD2Gtukc7MsNZoDCu1wQqoT7KQsIn36VDRDnw0nyOKWJrZMTFsV2TxssTD3Nb4nij--ZrCFU1vUsunfDDP2vfJn0VCebCSdaahcKdCohsUl4BB6gAmLSAUYYXrpEO4uz3-MbWL7EPaPbem45e0cvCdZUr1_p-wPV8Ual5CWpd-PLZ17a_aLclAlOLCqKCdVZ28Cgj9SfmR8h3XaViMwmUna7BzT9DHELHB2cAxDCDCU7oyX625VG3UyLkortRyD6lx8LYJKXOPm-ZmJcJL7siBoI3ywRrIJJaqvvYkn91FJFlbn2myq8Po9t4wiX8YrNZ9w62P7bMD0e_sgV5uYiN8rbQJhBYCts6Zi7e9W7hdnPasmpEGQt3Xg_heYRkTSxeFXyiBsR94gSknIofDG7vapgxVioS0g2gexqqlAgwmNBW6O2LUvT6nH6jPAcxajwTI0_4Qn_NJwMnECa8HTmTPRZvXHLVq_U5CESmHcvxJI-8a1MQ2X3J3nEs8L5TfpXJG7HpiAU3vevFNmocwUCYTBOhXsYxOqESF6t6yDf5AArebEaEHffUtZJGXawHjtMNUE5pZXbsEjKs3NROMf2SwZPzQaJt3iN", "distance": "1"}
{"url": "https://www.facebook.com/startadNYUAD", "distance": "1"}
{"url": "https://twitter.com/NYUADstartAD", "distance": "1"}
{"url": "https://www.linkedin.com/company/startad", "distance": "1"}
{"url": "https://www.instagram.com/startadnyuad/", "distance": "1"}
{"url": "https://m.youtube.com/channel/UCrbx__jALksqhVCUWL9ZDlQ", "distance": "1"}
{"url": "https://startad.ae/course/corporate-sprint-accelerator/", "distance": "1"}
{"url": "https://startad.ae/events/list/", "distance": "1"}
{"url": "https://startad.ae/angel-rising/", "distance": "1"}
{"url": "https://startad.ae/course-category/programs/", "distance": "1"}
{"url": "https://startad.ae/course/corporate-sprint-accelerator/", "distance": "1"}
{"url": "https://startad.ae/course/corporate-sprint-accelerator/", "distance": "1"}
{"url": "https://startad.ae/course-category/programs/", "distance": "1"}
{"url": "https://startad.ae/course/al-warsha/", "distance": "1"}
{"url": "https://startad.ae/course/al-warsha/", "distance": "1"}
{"url": "https://startad.ae/course-category/programs/", "distance": "1"}
{"url": "https://startad.ae/course/youth-entrepreneurship-program/", "distance": "1"}
{"url": "https://startad.ae/course/youth-entrepreneurship-program/", "distance": "1"}
{"url": "https://startad.ae/course-category/popular/", "distance": "1"}
{"url": "https://startad.ae/course/startinvest/", "distance": "1"}
{"url": "https://startad.ae/course/startinvest/", "distance": "1"}
{"url": "https://startad.ae/course-category/learning/", "distance": "1"}
{"url": "https://startad.ae/course/founder-school/", "distance": "1"}
{"url": "https://startad.ae/course/founder-school/", "distance": "1"}
{"url": "https://startad.ae/course-category/programs/", "distance": "1"}
{"url": "https://startad.ae/course/summer-incubator/", "distance": "1"}
{"url": "https://startad.ae/course/summer-incubator/", "distance": "1"}
{"url": "https://www.youtube.com/watch?v=XyZltYt-SKA", "distance": "1"}
{"url": "https://www.nyu.edu/footer/copyright-and-fair-use/digital-privacy-statement.html", "distance": "1"}
{"url": "https://www.facebook.com/startadNYUAD", "distance": "1"}
{"url": "https://twitter.com/NYUADstartAD", "distance": "1"}
{"url": "https://www.linkedin.com/company/startad", "distance": "1"}
{"url": "https://www.instagram.com/startadnyuad/", "distance": "1"}
{"url": "https://m.youtube.com/channel/UCrbx__jALksqhVCUWL9ZDlQ", "distance": "1"}
{"url": "https://www.h-net.org/jobs/job_display.php?id=60223", "distance": "1"}
{"url": "http://localhost/aff-website/", "distance": "1"}
{"url": "http://localhost/aff-website/members/", "distance": "1"}
{"url": "https://twitter.com/Arabfoundforum", "distance": "1"}
{"url": "https://www.facebook.com/pages/Arab-Foundations-Forum/136330396406782", "distance": "1"}
{"url": "https://visitor.r20.constantcontact.com/d.jsp?llr=566crw7ab&p=oi&m=1130332518334&sit=gqby8fkmb&f=53389548-4119-4fd8-a78f-7d3c84f8f588", "distance": "1"}
{"url": "https://www.facebook.com/TheNationMagazine", "distance": "1"}
{"url": "https://twitter.com/thenation", "distance": "1"}
{"url": "https://www.instagram.com/nationmag/", "distance": "1"}
{"url": "https://ssl.drgnetwork.com/ecom/nat/app/live/web_user_maint?pagemode=c&org=NAT", "distance": "1"}
{"url": "https://subscribe.thenation.com/flex/NA/key/G0ENCB9/", "distance": "1"}
{"url": "https://ssl.drgnetwork.com/ecom/nat/app/live/web_user_maint?pagemode=a&org=NAT", "distance": "1"}
{"url": "https://subscribe.thenation.com/flex/NA/key/CEM/", "distance": "1"}
{"url": "https://www.thenation.com/issue", "distance": "1"}
{"url": "https://subscribe.thenation.com/flex/NA/key/CEM/", "distance": "1"}
{"url": "https://www.thenation.com/donate-website/?sourceid=1020085", "distance": "1"}
{"url": "https://www.thenationwineclub.com", "distance": "1"}
{"url": "https://www.thenation.com/issue/september-20-27-2021-issue/", "distance": "1"}
{"url": "https://www.thenation.com/issue/september-20-27-2021-issue/", "distance": "1"}
{"url": "http://www.thenation.com/advertising-policy", "distance": "1"}
{"url": "https://www.thenation.com/article/archive/video-people-in-denmark-are-a-lot-happier-than-people-in-the-united-states-heres-why/", "distance": "1"}
{"url": "https://www.thenation.com/article/archive/historical-amnesia-about-slavery-is-a-tool-of-white-supremacy/", "distance": "1"}
{"url": "https://medium.com/", "distance": "1"}
{"url": "https://rsci.app.link/?%24canonical_url=https%3A%2F%2Fmedium.com/sia-nyuad%3F~feature=LoMobileNavBar&~channel=ShowCollectionHome&~stage=m2", "distance": "1"}
{"url": "https://medium.com/m/signin?redirect=https%3A%2F%2Fmedium.com%2Fsia-nyuad&source=--------------------------nav_reg&operation=login", "distance": "1"}
{"url": "https://medium.com/m/signin?redirect=https%3A%2F%2Fmedium.com%2Fsia-nyuad&source=--------------------------nav_reg&operation=register", "distance": "1"}
{"url": "https://medium.com/sia-nyuad/turkeys-awkward-moment-from-neo-ottoman-ambitions-to-political-isolation-6a929fc503ed?source=collection_home---4------0-----------------------", "distance": "1"}
{"url": "https://medium.com/sia-nyuad/turkeys-awkward-moment-from-neo-ottoman-ambitions-to-political-isolation-6a929fc503ed?source=collection_home---4------0-----------------------", "distance": "1"}
{"url": "https://medium.com/@sianyuad", "distance": "1"}
{"url": "https://medium.com/@sianyuad", "distance": "1"}
{"url": "https://medium.com/sia-nyuad/cheat-sheet-the-wirecard-scandal-5c4eb84ace46?source=collection_home---4------0-----------------------", "distance": "1"}
{"url": "https://medium.com/sia-nyuad/cheat-sheet-the-wirecard-scandal-5c4eb84ace46?source=collection_home---4------0-----------------------", "distance": "1"}
{"url": "https://medium.com/@sianyuad", "distance": "1"}
{"url": "https://medium.com/@sianyuad", "distance": "1"}
{"url": "https://medium.com/sia-nyuad/lebanese-economic-situation-covid-and-syrian-refugees-374e0eda2a09?source=collection_home---4------1-----------------------", "distance": "1"}
{"url": "https://medium.com/sia-nyuad/lebanese-economic-situation-covid-and-syrian-refugees-374e0eda2a09?source=collection_home---4------1-----------------------", "distance": "1"}
{"url": "https://medium.com/@sianyuad", "distance": "1"}
{"url": "https://medium.com/@sianyuad", "distance": "1"}
{"url": "https://medium.com/sia-nyuad/from-inter-to-intra-dividing-the-net-cff10a93d921?source=collection_home---4------2-----------------------", "distance": "1"}
{"url": "https://medium.com/sia-nyuad/from-inter-to-intra-dividing-the-net-cff10a93d921?source=collection_home---4------2-----------------------", "distance": "1"}
{"url": "https://medium.com/@sianyuad", "distance": "1"}
{"url": "https://medium.com/@sianyuad", "distance": "1"}
{"url": "https://medium.com/sia-nyuad/an-opportunity-for-sustainable-peace-in-the-balkans-f7025e12fbdf?source=collection_home---4------0-----------------------", "distance": "1"}
{"url": "https://medium.com/sia-nyuad/an-opportunity-for-sustainable-peace-in-the-balkans-f7025e12fbdf?source=collection_home---4------0-----------------------", "distance": "1"}
{"url": "https://medium.com/@sianyuad", "distance": "1"}
{"url": "https://medium.com/@sianyuad", "distance": "1"}
{"url": "https://medium.com/sia-nyuad/a-pandemics-of-all-sorts-7c87b7798659?source=collection_home---4------1-----------------------", "distance": "1"}
{"url": "https://medium.com/sia-nyuad/a-pandemics-of-all-sorts-7c87b7798659?source=collection_home---4------1-----------------------", "distance": "1"}
{"url": "https://medium.com/@sianyuad", "distance": "1"}
{"url": "https://medium.com/@sianyuad", "distance": "1"}
{"url": "https://medium.com/sia-nyuad/a-divisive-kashmir-on-unity-834869a4dc6?source=collection_home---4------2-----------------------", "distance": "1"}
{"url": "https://medium.com/sia-nyuad/a-divisive-kashmir-on-unity-834869a4dc6?source=collection_home---4------2-----------------------", "distance": "1"}
{"url": "https://medium.com/@sianyuad", "distance": "1"}
{"url": "https://medium.com/@sianyuad", "distance": "1"}
{"url": "https://medium.com/sia-nyuad/the-mercosur-are-economic-trade-blocs-good-18a3561fe088?source=collection_home---4------3-----------------------", "distance": "1"}
{"url": "https://medium.com/sia-nyuad/the-mercosur-are-economic-trade-blocs-good-18a3561fe088?source=collection_home---4------3-----------------------", "distance": "1"}
{"url": "https://medium.com/@sianyuad", "distance": "1"}
{"url": "https://medium.com/@sianyuad", "distance": "1"}
{"url": "https://medium.com/sia-nyuad/parasite-trump-period-67e021381982?source=collection_home---4------0-----------------------", "distance": "1"}
{"url": "https://medium.com/sia-nyuad/parasite-trump-period-67e021381982?source=collection_home---4------0-----------------------", "distance": "1"}
{"url": "https://medium.com/@sianyuad", "distance": "1"}
{"url": "https://medium.com/@sianyuad", "distance": "1"}
{"url": "https://medium.com/sia-nyuad/write-for-us-7b54bc9e2220?source=collection_home---4------0-----------------------", "distance": "1"}
{"url": "https://medium.com/@sianyuad", "distance": "1"}
{"url": "https://medium.com/@sianyuad", "distance": "1"}
{"url": "https://medium.com/sia-nyuad/about", "distance": "1"}
{"url": "https://medium.com/sia-nyuad/latest", "distance": "1"}
{"url": "https://medium.com/sia-nyuad/archive", "distance": "1"}
{"url": "https://medium.com/about", "distance": "1"}
{"url": "https://policy.medium.com/medium-terms-of-service-9db0094a1e0f", "distance": "1"}
{"url": "https://policy.medium.com/medium-privacy-policy-f03bf92035c9", "distance": "1"}
{"url": "http://wam.ae/en", "distance": "1"}
{"url": "http://wam.ae/en/feeds", "distance": "1"}
{"url": "https://www.youtube.com/channel/UC_5xwyTiWrLUf0cAO_MDmxA", "distance": "1"}
{"url": "https://www.instagram.com/wamnewsen/", "distance": "1"}
{"url": "https://twitter.com/wamnews_eng", "distance": "1"}
{"url": "https://www.facebook.com/WAMNewsEN", "distance": "1"}
{"url": "https://play.google.com/store/apps/details?id=ae.dotdev.wam", "distance": "1"}
{"url": "http://wam.ae/ar", "distance": "1"}
{"url": "http://wam.ae/en", "distance": "1"}
{"url": "http://wam.ae/bn", "distance": "1"}
{"url": "http://wam.ae/zh-CN", "distance": "1"}
{"url": "http://wam.ae/de", "distance": "1"}
{"url": "http://wam.ae/es", "distance": "1"}
{"url": "http://wam.ae/fa", "distance": "1"}
{"url": "http://wam.ae/fr", "distance": "1"}
{"url": "http://wam.ae/he", "distance": "1"}
{"url": "http://wam.ae/hi", "distance": "1"}
{"url": "http://wam.ae/id", "distance": "1"}
{"url": "http://wam.ae/it", "distance": "1"}
{"url": "http://wam.ae/ml", "distance": "1"}
{"url": "http://wam.ae/ps", "distance": "1"}
{"url": "http://wam.ae/pt", "distance": "1"}
{"url": "http://wam.ae/ru", "distance": "1"}
{"url": "http://wam.ae/si", "distance": "1"}
{"url": "http://wam.ae/tr", "distance": "1"}
{"url": "http://wam.ae/ur", "distance": "1"}
{"url": "http://wam.ae/en/category/international-relations", "distance": "1"}
{"url": "http://wam.ae/en/category/humanitarian-aid", "distance": "1"}
{"url": "http://wam.ae/en/category/culture, heritage, tourism, ", "distance": "1"}
{"url": "http://wam.ae/en/category/women-empowerment", "distance": "1"}
{"url": "http://wam.ae/en/category/infrastructure, transport", "distance": "1"}
{"url": "http://wam.ae/en/category/environment_sustainability", "distance": "1"}
{"url": "http://wam.ae/en/category/expo-2020-dubai", "distance": "1"}
{"url": "http://wam.ae/en/category/events", "distance": "1"}
{"url": "http://wam.ae/en/category/decrees", "distance": "1"}
{"url": "http://wam.ae/en/category/Kids_Bulletin", "distance": "1"}
{"url": "http://wam.ae/en/category/News_of_Youth", "distance": "1"}
{"url": "http://wam.ae/en/category/local_news", "distance": "1"}
{"url": "http://wam.ae/en/occasion/coronavirus_updates", "distance": "1"}
{"url": "http://wam.ae/en/category/2020_towards_the_next_50", "distance": "1"}
{"url": "http://wam.ae/en/category/t2/special_events", "distance": "1"}
{"url": "http://wam.ae/en/category/t2/ministry_of_presidential_affairs", "distance": "1"}
{"url": "http://wam.ae/en/albums", "distance": "1"}
{"url": "http://wam.ae/en/media", "distance": "1"}
{"url": "http://wam.ae/en/wam_video_graphics", "distance": "1"}
{"url": "http://wam.ae/en/category/gcc", "distance": "1"}
{"url": "http://wam.ae/en/category/international", "distance": "1"}
{"url": "http://wam.ae/en/category/t2/renewable_energy", "distance": "1"}
{"url": "http://wam.ae/en/category/t2/oil_&_gas", "distance": "1"}
{"url": "http://wam.ae/en/category/t2/HH_Sheikh_Khalifa_bin_Zayed_Al_Nahyan", "distance": "1"}
{"url": "http://wam.ae/en/category/t2/HH_Sheikh_Mohammed_bin_Rashid_Al_Maktoum", "distance": "1"}
{"url": "http://wam.ae/en/category/t2/HH_Sheikh_Mohammed_bin_Zayed_Al_Nahyan", "distance": "1"}
{"url": "http://wam.ae/ar", "distance": "1"}
{"url": "http://wam.ae/en", "distance": "1"}
{"url": "http://wam.ae/bn", "distance": "1"}
{"url": "http://wam.ae/zh-CN", "distance": "1"}
{"url": "http://wam.ae/de", "distance": "1"}
{"url": "http://wam.ae/es", "distance": "1"}
{"url": "http://wam.ae/fa", "distance": "1"}
{"url": "http://wam.ae/fr", "distance": "1"}
{"url": "http://wam.ae/he", "distance": "1"}
{"url": "http://wam.ae/hi", "distance": "1"}
{"url": "http://wam.ae/id", "distance": "1"}
{"url": "http://wam.ae/it", "distance": "1"}
{"url": "http://wam.ae/ml", "distance": "1"}
{"url": "http://wam.ae/ps", "distance": "1"}
{"url": "http://wam.ae/pt", "distance": "1"}
{"url": "http://wam.ae/ru", "distance": "1"}
{"url": "http://wam.ae/si", "distance": "1"}
{"url": "http://wam.ae/tr", "distance": "1"}
{"url": "http://wam.ae/ur", "distance": "1"}
{"url": "http://wam.ae/en", "distance": "1"}
{"url": "http://wam.ae/en/news_bulletin", "distance": "1"}
{"url": "http://wam.ae/en/category/emirates", "distance": "1"}
{"url": "http://wam.ae/en/category/international-relations", "distance": "1"}
{"url": "http://wam.ae/en/category/humanitarian-aid", "distance": "1"}
{"url": "http://wam.ae/en/category/culture, heritage, tourism, ", "distance": "1"}
{"url": "http://wam.ae/en/category/women-empowerment", "distance": "1"}
{"url": "http://wam.ae/en/category/infrastructure, transport", "distance": "1"}
{"url": "http://wam.ae/en/category/environment_sustainability", "distance": "1"}
{"url": "http://wam.ae/en/category/expo-2020-dubai", "distance": "1"}
{"url": "http://wam.ae/en/category/events", "distance": "1"}
{"url": "http://wam.ae/en/category/decrees", "distance": "1"}
{"url": "http://wam.ae/en/category/Kids_Bulletin", "distance": "1"}
{"url": "http://wam.ae/en/category/News_of_Youth", "distance": "1"}
{"url": "http://wam.ae/en/category/local_news", "distance": "1"}
{"url": "http://wam.ae/en/occasion/coronavirus_updates", "distance": "1"}
{"url": "http://wam.ae/en/category/2020_towards_the_next_50", "distance": "1"}
{"url": "http://wam.ae/en/category/t2/special_events", "distance": "1"}
{"url": "http://wam.ae/en/category/t2/ministry_of_presidential_affairs", "distance": "1"}
{"url": "http://wam.ae/en/albums", "distance": "1"}
{"url": "http://wam.ae/en/media", "distance": "1"}
{"url": "http://wam.ae/en/wam_video_graphics", "distance": "1"}
{"url": "http://wam.ae/en/category/world", "distance": "1"}
{"url": "http://wam.ae/en/category/gcc", "distance": "1"}
{"url": "http://wam.ae/en/category/international", "distance": "1"}
{"url": "http://wam.ae/en/category/business", "distance": "1"}
{"url": "http://wam.ae/en/category/t2/renewable_energy", "distance": "1"}
{"url": "http://wam.ae/en/category/t2/oil_&_gas", "distance": "1"}
{"url": "http://wam.ae/en/category/t2/leadership", "distance": "1"}
{"url": "http://wam.ae/en/category/t2/HH_Sheikh_Khalifa_bin_Zayed_Al_Nahyan", "distance": "1"}
{"url": "http://wam.ae/en/category/t2/HH_Sheikh_Mohammed_bin_Rashid_Al_Maktoum", "distance": "1"}
{"url": "http://wam.ae/en/category/t2/HH_Sheikh_Mohammed_bin_Zayed_Al_Nahyan", "distance": "1"}
{"url": "http://wam.ae/en/category/t2/sports", "distance": "1"}
{"url": "http://wam.ae/en/category/reports", "distance": "1"}
{"url": "http://wam.ae/en/category/expo-2020-dubai", "distance": "1"}
{"url": "http://wam.ae/en/category/year_of_the_fiftieth", "distance": "1"}
{"url": "http://wam.ae/en/feeds", "distance": "1"}
{"url": "https://www.youtube.com/channel/UC_5xwyTiWrLUf0cAO_MDmxA", "distance": "1"}
{"url": "https://www.instagram.com/wamnewsen/", "distance": "1"}
{"url": "https://twitter.com/wamnews_eng", "distance": "1"}
{"url": "https://www.facebook.com/WAMNewsEN", "distance": "1"}
{"url": "http://wam.ae/en/feeds", "distance": "1"}
{"url": "https://www.youtube.com/channel/UC_5xwyTiWrLUf0cAO_MDmxA", "distance": "1"}
{"url": "https://www.instagram.com/wamnewsen/", "distance": "1"}
{"url": "https://twitter.com/wamnews_eng", "distance": "1"}
{"url": "https://www.facebook.com/WAMNewsEN", "distance": "1"}
{"url": "http://wam.ae/en/page/about-wam", "distance": "1"}
{"url": "http://wam.ae/en/page/services-2", "distance": "1"}
{"url": "http://wam.ae/en/contactus", "distance": "1"}
{"url": "http://wam.ae/en/page/privacy-policy", "distance": "1"}
{"url": "http://wam.ae/en/page/terms-and-conditions", "distance": "1"}
{"url": "http://wam.ae/en/feeds", "distance": "1"}
{"url": "http://wam.ae/en/category/emirates", "distance": "1"}
{"url": "http://wam.ae/en/category/world", "distance": "1"}
{"url": "http://wam.ae/en/category/business", "distance": "1"}
{"url": "http://wam.ae/en/category/sports", "distance": "1"}
{"url": "http://wam.ae/en/albums", "distance": "1"}
{"url": "https://www.facebook.com/nyunews", "distance": "1"}
{"url": "https://twitter.com/nyunews", "distance": "1"}
{"url": "https://www.instagram.com/nyunews/", "distance": "1"}
{"url": "https://soundcloud.com/nyunews", "distance": "1"}
{"url": "https://www.youtube.com/user/wsnnyunews", "distance": "1"}
{"url": "https://nyunews.com/", "distance": "1"}
{"url": "https://nyunews.com/news/2021/09/15/serial-groping-suspect-arrested/", "distance": "1"}
{"url": "https://nyunews.com/news/2021/09/14/nyu-museum-gateway-program-free-access-returns/", "distance": "1"}
{"url": "https://nyunews.com/news/2021/09/13/september-11-nyu-memorial-event/", "distance": "1"}
{"url": "https://nyunews.com/news/2021/09/13/soapbox-congo-kabul-vaccine-inequity/", "distance": "1"}
{"url": "https://nyunews.com/news/2021/09/12/serial-moped-sexual-harassment-incidents/", "distance": "1"}
{"url": "https://nyunews.com/news/2021/09/11/september-11-attacks-life-at-nyu/", "distance": "1"}
{"url": "https://nyunews.com/news/2021/09/08/afghan-student-reflects-on-taliban-takeover/", "distance": "1"}
{"url": "https://nyunews.com/news/2021/08/25/pandemic-immigration-tel-aviv-abu-dhabi/", "distance": "1"}
{"url": "https://nyunews.com/news/2021/08/04/facebook-disables-nyu-ad-observatory-project-accounts/", "distance": "1"}
{"url": "https://nyunews.com/news/2020/03/15/coronavirus-confirmed-nyu-law-student/", "distance": "1"}
{"url": "https://nyunews.com/news/03/09/nyu-closes-corona/", "distance": "1"}
{"url": "https://nyunews.com/news/03/10/20-madrid-closing-corona/", "distance": "1"}
{"url": "https://nyunews.com/news/2019/10/01/palladium-fails-health-inspection-chartwells/", "distance": "1"}
{"url": "https://nyunews.com/2019/09/27/news-shots-fired-near-broadway-and-west-3rd-no-injuries-nyu/", "distance": "1"}
{"url": "https://nyunews.com/news/2021/04/22/nyu-state-of-sustainability-address/", "distance": "1"}
{"url": "https://nyunews.com/2020/04/29/181-mercer-street-construction-resumes/", "distance": "1"}
{"url": "https://nyunews.com/2018/05/15/5-15-news-budget/", "distance": "1"}
{"url": "https://nyunews.com/2017/11/02/locals-oppose-nyus-updated-181-mercer-plan/", "distance": "1"}
{"url": "https://nyunews.com/2017/10/12/gallatin-students-create-school-of-the-earth-2061-plan/", "distance": "1"}
{"url": "https://nyunews.com/2017/03/28/nyu-langone-looks-to-expand-to-lower-east-side/", "distance": "1"}
{"url": "https://nyunews.com/news/2021/09/15/serial-groping-suspect-arrested/", "distance": "1"}
{"url": "https://nyunews.com/news/2021/09/12/serial-moped-sexual-harassment-incidents/", "distance": "1"}
{"url": "https://nyunews.com/news/2021/09/11/september-11-attacks-life-at-nyu/", "distance": "1"}
{"url": "https://nyunews.com/news/2021/09/11/september-11-attacks-faculty-memories/", "distance": "1"}
{"url": "https://nyunews.com/news/2021/09/02/new-york-city-floods/", "distance": "1"}
{"url": "https://nyunews.com/news/2021/09/02/cuomo-resignation-kathy-hochul/", "distance": "1"}
{"url": "https://nyunews.com/news/2021/09/08/move-in-day-reflections/", "distance": "1"}
{"url": "https://nyunews.com/news/2021/08/30/guide-to-fall-2021/", "distance": "1"}
{"url": "https://nyunews.com/news/2021/08/25/pandemic-immigration-tel-aviv-abu-dhabi/", "distance": "1"}
{"url": "https://nyunews.com/news/2021/08/25/remote-accommodations-moses-center/", "distance": "1"}
{"url": "https://nyunews.com/news/2021/08/04/international-students-nyu-vaccine-requirement/", "distance": "1"}
{"url": "https://nyunews.com/news/2021/07/19/international-students-covid-vaccination/", "distance": "1"}
{"url": "https://nyunews.com/news/2021/09/02/three-groping-incidents-reported/", "distance": "1"}
{"url": "https://nyunews.com/news/2021/07/25/nyu-safety-officer-stabbed/", "distance": "1"}
{"url": "https://nyunews.com/news/2020/09/21/crime-log/", "distance": "1"}
{"url": "https://nyunews.com/news/2020/03/09/crime-log/", "distance": "1"}
{"url": "https://nyunews.com/news/2020/03/02/crime-log/", "distance": "1"}
{"url": "https://nyunews.com/2020/02/23/02-24-news-crimebot-larceny/", "distance": "1"}
{"url": "https://nyunews.com/news/2021/08/25/critical-race-theory-debate/", "distance": "1"}
{"url": "https://nyunews.com/news/2021/04/26/politics-professor-denoon-anti-asian-sentiment/", "distance": "1"}
{"url": "https://nyunews.com/2021/04/22/stern-alumna-organizes-essay-competition-to-combat-racism/", "distance": "1"}
{"url": "https://nyunews.com/news/2021/04/15/nyu-students-organize-and-take-action-against-anti-asian-violence/", "distance": "1"}
{"url": "https://nyunews.com/news/2021/04/08/justice-lab-students-demands-reparations/", "distance": "1"}
{"url": "https://nyunews.com/news/2021/04/05/nine-nyu-students-detained-in-shanghai/", "distance": "1"}
{"url": "https://nyunews.com/news/2021/09/14/nyu-museum-gateway-program-free-access-returns/", "distance": "1"}
{"url": "https://nyunews.com/news/2021/09/13/september-11-nyu-memorial-event/", "distance": "1"}
{"url": "https://nyunews.com/news/2021/09/12/serial-moped-sexual-harassment-incidents/", "distance": "1"}
{"url": "https://nyunews.com/news/2021/09/11/september-11-attacks-life-at-nyu/", "distance": "1"}
{"url": "https://nyunews.com/news/2021/09/11/september-11-attacks-faculty-memories/", "distance": "1"}
{"url": "https://nyunews.com/news/2021/09/09/club-fest-extracurricular-activities-return/", "distance": "1"}
{"url": "https://nyunews.com/culture/nyfw/2021/09/15/chucks-collins-nyfw-spring-summer-2021/", "distance": "1"}
{"url": "https://nyunews.com/culture/nyfw/2021/09/15/deity-new-york-nyfw-spring-summer-2022/", "distance": "1"}
{"url": "https://nyunews.com/culture/fashionweek/2021/09/15/nyfw-global-fashion-collective/", "distance": "1"}
{"url": "https://nyunews.com/culture/nyfw/2021/09/14/imperiallegacy-nyfw-spring-summer-2022/", "distance": "1"}
{"url": "https://nyunews.com/2021/09/14/tasou-chuks-collins-nyfw-athletic/", "distance": "1"}
{"url": "https://nyunews.com/culture/fashionweek/2021/09/14/tiffanybrowdesigns-nyfw-fall-2021-lavender/", "distance": "1"}
{"url": "https://nyunews.com/culture/2020/09/21/study-abroad-remote-zoom-gls/", "distance": "1"}
{"url": "https://nyunews.com/culture/2019/11/25/nyu-london-and-brexit/", "distance": "1"}
{"url": "https://nyunews.com/culture/abroad/2019/11/04/nyu-study-abroad-florence-review/", "distance": "1"}
{"url": "https://nyunews.com/culture/abroad/2019/03/15/nyu-london-spring-break-beach-fun/", "distance": "1"}
{"url": "https://nyunews.com/dining-nyu-madrid-students-try-ham-in-spain/", "distance": "1"}
{"url": "https://nyunews.com/2019/02/08/study-abroad-scholarships/", "distance": "1"}
{"url": "https://nyunews.com/culture/nyfw/2021/09/15/chucks-collins-nyfw-spring-summer-2021/", "distance": "1"}
{"url": "https://nyunews.com/culture/nyfw/2021/09/15/deity-new-york-nyfw-spring-summer-2022/", "distance": "1"}
{"url": "https://nyunews.com/culture/fashionweek/2021/09/15/nyfw-global-fashion-collective/", "distance": "1"}
{"url": "https://nyunews.com/culture/nyfw/2021/09/14/imperiallegacy-nyfw-spring-summer-2022/", "distance": "1"}
{"url": "https://nyunews.com/2021/09/14/tasou-chuks-collins-nyfw-athletic/", "distance": "1"}
{"url": "https://nyunews.com/culture/fashionweek/2021/09/14/tiffanybrowdesigns-nyfw-fall-2021-lavender/", "distance": "1"}
{"url": "https://nyunews.com/culture/nyfw/2021/09/15/chucks-collins-nyfw-spring-summer-2021/", "distance": "1"}
{"url": "https://nyunews.com/culture/nyfw/2021/09/15/deity-new-york-nyfw-spring-summer-2022/", "distance": "1"}
{"url": "https://nyunews.com/culture/fashionweek/2021/09/15/nyfw-global-fashion-collective/", "distance": "1"}
{"url": "https://nyunews.com/culture/nyfw/2021/09/14/imperiallegacy-nyfw-spring-summer-2022/", "distance": "1"}
{"url": "https://nyunews.com/2021/09/14/tasou-chuks-collins-nyfw-athletic/", "distance": "1"}
{"url": "https://nyunews.com/culture/fashionweek/2021/09/14/tiffanybrowdesigns-nyfw-fall-2021-lavender/", "distance": "1"}
{"url": "https://nyunews.com/2019/02/13/suzanne-rae-fw-2019/", "distance": "1"}
{"url": "https://nyunews.com/2019/02/10/nyfw-fashion-for-peace-fall-winter-2019/", "distance": "1"}
{"url": "https://nyunews.com/2019/02/13/nyfw-npc-fall-winter-2019/", "distance": "1"}
{"url": "https://nyunews.com/2019/02/10/nyfw-zang-toi-fall-winter-2019/", "distance": "1"}
{"url": "https://nyunews.com/2019/02/10/nyfw-peacebird-fall-winter-2019/", "distance": "1"}
{"url": "https://nyunews.com/2019/02/10/nyfw-vivienne-hu-fall-winter-2019/", "distance": "1"}
{"url": "https://nyunews.com/2020/02/10/private-policy-family-dinner-nyfw-fall-winter-2020/", "distance": "1"}
{"url": "https://nyunews.com/2020/02/12/noon-by-noor-fall-winter-2020/", "distance": "1"}
{"url": "https://nyunews.com/2020/02/13/just-in-xx-fall-winter-2020/", "distance": "1"}
{"url": "https://nyunews.com/2020/02/08/vivenne-hu-fall-winter-2020/", "distance": "1"}
{"url": "https://nyunews.com/culture/2020/02/10/nyfw-flying-solo-couture-fall-winter-2020/", "distance": "1"}
{"url": "https://nyunews.com/2020/02/08/son-jung-wan-fall-winter-2020/", "distance": "1"}
{"url": "https://nyunews.com/2020/02/06/timo-weiland-fall-winter-2020/", "distance": "1"}
{"url": "https://nyunews.com/2019/09/07/oxford-fashion-studio-ii-spring-summer-2020/", "distance": "1"}
{"url": "https://nyunews.com/2019/09/07/oxford-fashion-studio-iii-spring-summer-2020/", "distance": "1"}
{"url": "https://nyunews.com/2019/09/08/fashion-palette-australian-designers-spring-summer-2020/", "distance": "1"}
{"url": "https://nyunews.com/2019/09/09/swiss-touch-presents-mode-suisse-spring-summer-2020/", "distance": "1"}
{"url": "https://nyunews.com/2019/09/09/hogan-mclaughlin-spring-summer-2020/", "distance": "1"}
{"url": "https://nyunews.com/culture/bstyle/2020/09/11/why-were-not-covering-nyfw-2021/", "distance": "1"}
{"url": "https://nyunews.com/culture/nyfw/2021/09/15/chucks-collins-nyfw-spring-summer-2021/", "distance": "1"}
{"url": "https://nyunews.com/culture/nyfw/2021/09/15/deity-new-york-nyfw-spring-summer-2022/", "distance": "1"}
{"url": "https://nyunews.com/culture/fashionweek/2021/09/15/nyfw-global-fashion-collective/", "distance": "1"}
{"url": "https://nyunews.com/culture/nyfw/2021/09/14/imperiallegacy-nyfw-spring-summer-2022/", "distance": "1"}
{"url": "https://nyunews.com/2021/09/14/tasou-chuks-collins-nyfw-athletic/", "distance": "1"}
{"url": "https://nyunews.com/culture/nyfw/2021/09/10/frederick-anderson-spring-2022-collection-gives-beach-vibes/", "distance": "1"}
{"url": "https://nyunews.com/2021/09/12/ambo-indian-restaurant-nyc-village/", "distance": "1"}
{"url": "https://nyunews.com/culture/2021/09/09/nyu-law-student-on-top-chef/", "distance": "1"}
{"url": "https://nyunews.com/2021/09/08/10-food-spots-under-12/", "distance": "1"}
{"url": "https://nyunews.com/culture/2021/09/03/chick-fil-a-is-dead-but-cluckstein-sucks/", "distance": "1"}
{"url": "https://nyunews.com/culture/dining/2021/09/02/affordable-neapolitan-pizza-nyc-village/", "distance": "1"}
{"url": "https://nyunews.com/2021/09/01/asian-ice-cream-nyu-alumni-startup/", "distance": "1"}
{"url": "https://nyunews.com/culture/2020/09/01/best-sweet-potato-gnocchi-recipe/", "distance": "1"}
{"url": "https://nyunews.com/culture/dining/2020/04/29/quarantine-big-batch-recipe-ideas/", "distance": "1"}
{"url": "https://nyunews.com/culture/dining/2020/04/22/three-ingredient-quarantine-recipes/", "distance": "1"}
{"url": "https://nyunews.com/culture/dining/2020/04/01/recipes-to-make-in-quarantine/", "distance": "1"}
{"url": "https://nyunews.com/culture/dining/2020/03/25/quarantine-recipes/", "distance": "1"}
{"url": "https://nyunews.com/culture/dining/2020/02/26/i-tried-bon-appetit-gourmet-makes-pop-tarts/", "distance": "1"}
{"url": "https://nyunews.com/2021/09/01/asian-ice-cream-nyu-alumni-startup/", "distance": "1"}
{"url": "https://nyunews.com/2021/04/16/nyc-village-chess-covid-community/", "distance": "1"}
{"url": "https://nyunews.com/culture/2021/03/30/evolution-small-business/", "distance": "1"}
{"url": "https://nyunews.com/culture/2020/05/07/tunestack-nyu-student-sam-winslow/", "distance": "1"}
{"url": "https://nyunews.com/culture/2020/03/30/nyu-circus-trapeze-artist/", "distance": "1"}
{"url": "https://nyunews.com/culture/bstyle/2020/03/09/liv-solomon-nyu-student-model-tattoo-artist/", "distance": "1"}
{"url": "https://nyunews.com/culture/bstyle/2020/03/02/sami-stokes-nyu-student-model/", "distance": "1"}
{"url": "https://nyunews.com/culture/2020/02/24/how-to-build-muscle/", "distance": "1"}
{"url": "https://nyunews.com/culture/bstyle/2020/02/25/shopjenn-sells-rare-thrifted-finds/", "distance": "1"}
{"url": "https://nyunews.com/arts/film/2021/09/15/worth-911-colangelo-film-review/", "distance": "1"}
{"url": "https://nyunews.com/arts/music/2021/09/14/jack-antonoff-residency-clive-davis/", "distance": "1"}
{"url": "https://nyunews.com/arts/videogames/2021/09/13/battlefront-review/", "distance": "1"}
{"url": "https://nyunews.com/arts/music/2021/09/14/a-comeback-39-years-in-the-making-its-like-abba-never-left/", "distance": "1"}
{"url": "https://nyunews.com/arts/film/2021/09/14/faya-dayi-is-a-meditative-journey-to-the-khat-farms-of-ethiopia/", "distance": "1"}
{"url": "https://nyunews.com/arts/abroad/2021/09/13/paris-people-watching/", "distance": "1"}
{"url": "https://nyunews.com/2020/04/21/moscow-rules-book-review/", "distance": "1"}
{"url": "https://nyunews.com/arts/performingarts/2020/03/11/why-you-should-read-short-stories/", "distance": "1"}
{"url": "https://nyunews.com/arts/books/2020/02/18/why-you-should-support-local-bookstores/", "distance": "1"}
{"url": "https://nyunews.com/arts/books/2020/02/10/tina-chang/", "distance": "1"}
{"url": "https://nyunews.com/arts/books/2020/1/29/cheap-theater-tickets-nyc/", "distance": "1"}
{"url": "https://nyunews.com/arts/books/2019/11/25/new-east-village-bookstore-book-club-owner-interview/", "distance": "1"}
{"url": "https://nyunews.com/arts/film/2021/09/15/worth-911-colangelo-film-review/", "distance": "1"}
{"url": "https://nyunews.com/arts/film/2021/09/14/faya-dayi-is-a-meditative-journey-to-the-khat-farms-of-ethiopia/", "distance": "1"}
{"url": "https://nyunews.com/arts/tv/2021/08/30/review-hbo-white-lotus/", "distance": "1"}
{"url": "https://nyunews.com/arts/2021/08/30/risks-and-criticism-in-art/", "distance": "1"}
{"url": "https://nyunews.com/arts/2021/08/25/zola-movie-modern-fairytale-review/", "distance": "1"}
{"url": "https://nyunews.com/arts/film/2021/08/20/cryptozoo-review/", "distance": "1"}
{"url": "https://nyunews.com/arts/music/2021/09/14/jack-antonoff-residency-clive-davis/", "distance": "1"}
{"url": "https://nyunews.com/arts/music/2021/09/14/a-comeback-39-years-in-the-making-its-like-abba-never-left/", "distance": "1"}
{"url": "https://nyunews.com/arts/music/2021/09/09/weeklyradioroundup/", "distance": "1"}
{"url": "https://nyunews.com/09/08/arts/music/blu-detiger-review/", "distance": "1"}
{"url": "https://nyunews.com/09/08/arts/music/halsey-album-review/", "distance": "1"}
{"url": "https://nyunews.com/arts/music/2021/09/02/listen-to-this-august/", "distance": "1"}
{"url": "https://nyunews.com/arts/2021/08/30/risks-and-criticism-in-art/", "distance": "1"}
{"url": "https://nyunews.com/arts/performingarts/2021/08/25/microaggressions-in-acting-class/", "distance": "1"}
{"url": "https://nyunews.com/arts/performing-arts/2021/05/05/how-has-the-covid-19-pandemic-affected-the-nyc-drag-scene/", "distance": "1"}
{"url": "https://nyunews.com/arts/performing-arts/2021/05/05/revisiting-gob-squads-performance-techniques-in-a-time-of-remote-theatre/", "distance": "1"}
{"url": "https://nyunews.com/2021/05/05/arts/performingarts/tisch-drama-artistic-review-information/", "distance": "1"}
{"url": "https://nyunews.com/arts/performingarts/2021/04/30/bo-burnham-inside/", "distance": "1"}
{"url": "https://nyunews.com/arts/videogames/2021/09/13/battlefront-review/", "distance": "1"}
{"url": "https://nyunews.com/arts/video-games/2021/04/28/former-bethesda-lead-artist-discusses-working-on-skyrim-and-the-fallout-series/", "distance": "1"}
{"url": "https://nyunews.com/arts/videogames/2021/04/23/before-your-eyes-review/", "distance": "1"}
{"url": "https://nyunews.com/2021/03/30/arts/videogames/sony-gives-away-free-games/", "distance": "1"}
{"url": "https://nyunews.com/arts/videogames/2021/03/23/animal-crossing-anniversary/", "distance": "1"}
{"url": "https://nyunews.com/arts/abroad/2021/09/13/paris-people-watching/", "distance": "1"}
{"url": "https://nyunews.com/arts/abroad/2021/09/10/political-street-art-in-florence/", "distance": "1"}
{"url": "https://nyunews.com/2021/09/14/ops-saleh-brunch/", "distance": "1"}
{"url": "https://nyunews.com/opinion/2021/09/14/met-gala-2021-staff-rants/", "distance": "1"}
{"url": "https://nyunews.com/opinion/2021/09/14/nyu-test-optional-applications/", "distance": "1"}
{"url": "https://nyunews.com/2021/09/13/nyu-trustees-contradict-diversity-inclusion/", "distance": "1"}
{"url": "https://nyunews.com/opinion/2021/09/13/ida-eric-adams-climate-plan-insufficient/", "distance": "1"}
{"url": "https://nyunews.com/2021/09/10/critical-race-theory-nyc-education/", "distance": "1"}
{"url": "https://nyunews.com/opinion/2021/09/13/ida-eric-adams-climate-plan-insufficient/", "distance": "1"}
{"url": "https://nyunews.com/2021/09/10/critical-race-theory-nyc-education/", "distance": "1"}
{"url": "https://nyunews.com/opinion/2021/09/08/showing-daily-screener-is-redundant/", "distance": "1"}
{"url": "https://nyunews.com/opinion/2021/09/08/museum-of-chinese-in-america-mass-incarceration-funds-chinatown/", "distance": "1"}
{"url": "https://nyunews.com/opinion/2021/09/02/9-11-hate-crimes-against-south-asian-arab-and-muslim-americans/", "distance": "1"}
{"url": "https://nyunews.com/2021/09/01/deblasio-rezoning-gentrification/", "distance": "1"}
{"url": "https://nyunews.com/2021/04/29/04-30-ops-yama/", "distance": "1"}
{"url": "https://nyunews.com/opinion/2021/04/05/nyu-bystander-intervention-training-necessary/", "distance": "1"}
{"url": "https://nyunews.com/opinion/2021/04/02/gun-control-racist-past/", "distance": "1"}
{"url": "https://nyunews.com/opinion/2021/03/18/stop-anti-asian-hate-crimes/", "distance": "1"}
{"url": "https://nyunews.com/opinion/2021/03/16/deblasio-police-reform-fails/", "distance": "1"}
{"url": "https://nyunews.com/opinion/2020/04/23/release-juveniles-covid19/", "distance": "1"}
{"url": "https://nyunews.com/opinion/2021/04/22/nyu-reconsider-musuem-partnerships/", "distance": "1"}
{"url": "https://nyunews.com/opinion/2020/09/28/mental-health-remote-classes/", "distance": "1"}
{"url": "https://nyunews.com/opinion/2020/09/15/coronavirus-trauma-stress-students/", "distance": "1"}
{"url": "https://nyunews.com/opinion/2020/05/06/bookstores-coronavirus-aid/", "distance": "1"}
{"url": "https://nyunews.com/opinion/2020/04/13/support-authors-national-emergency-library/", "distance": "1"}
{"url": "https://nyunews.com/opinion/2020/04/02/productivity-trap/", "distance": "1"}
{"url": "https://nyunews.com/opinion/2021/03/25/high-speed-rail-necessary/", "distance": "1"}
{"url": "https://nyunews.com/2021/03/15/15-an-hour-is-not-enough-especially-in-new-york/", "distance": "1"}
{"url": "https://nyunews.com/2021/03/15/hbo-max-decision-harms-theaters-for-profit/", "distance": "1"}
{"url": "https://nyunews.com/opinion/2020/08/31/nyu-coronavirus-financial-crisis-budget/", "distance": "1"}
{"url": "https://nyunews.com/opinion/2020/05/07/nyu-low-income-students-president-pay-cut/", "distance": "1"}
{"url": "https://nyunews.com/opinion/2020/05/06/cares-funding-undocumented-coronavirus/", "distance": "1"}
{"url": "https://nyunews.com/2021/09/14/ops-saleh-brunch/", "distance": "1"}
{"url": "https://nyunews.com/opinion/2021/09/14/nyu-test-optional-applications/", "distance": "1"}
{"url": "https://nyunews.com/2021/09/10/critical-race-theory-nyc-education/", "distance": "1"}
{"url": "https://nyunews.com/2021/04/26/04-27-ops-saleh/", "distance": "1"}
{"url": "https://nyunews.com/opinion/2021/04/05/gsoc-deserves-support/", "distance": "1"}
{"url": "https://nyunews.com/opinion/2021/03/31/special-education-students-must-be-prioritized/", "distance": "1"}
{"url": "https://nyunews.com/opinion/2021/09/13/ida-eric-adams-climate-plan-insufficient/", "distance": "1"}
{"url": "https://nyunews.com/opinion/2021/05/05/recenter-sustainability/", "distance": "1"}
{"url": "https://nyunews.com/opinion/2021/04/26/natural-gas-pipeline-environmental-racism/", "distance": "1"}
{"url": "https://nyunews.com/opinion/2021/03/25/high-speed-rail-necessary/", "distance": "1"}
{"url": "https://nyunews.com/opinion/2021/03/23/nyu-climate-action-must-prioritize-indigenous-knowledge/", "distance": "1"}
{"url": "https://nyunews.com/opinion/2020/02/13/lab-meat-effect/", "distance": "1"}
{"url": "https://nyunews.com/opinion/2021/09/13/ida-eric-adams-climate-plan-insufficient/", "distance": "1"}
{"url": "https://nyunews.com/opinion/2021/09/09/texas-handmaids-tale-white-feminism/", "distance": "1"}
{"url": "https://nyunews.com/opinion/2021/09/02/9-11-hate-crimes-against-south-asian-arab-and-muslim-americans/", "distance": "1"}
{"url": "https://nyunews.com/2021/09/01/deblasio-rezoning-gentrification/", "distance": "1"}
{"url": "https://nyunews.com/opinion/2021/08/25/cuomo-must-never-hold-office-again/", "distance": "1"}
{"url": "https://nyunews.com/2021/04/29/04-30-ops-yama/", "distance": "1"}
{"url": "https://nyunews.com/opinion/2021/05/03/drop-out-scott-stringer/", "distance": "1"}
{"url": "https://nyunews.com/opinion/2021/04/26/protect-unlicensed-street-vendors/", "distance": "1"}
{"url": "https://nyunews.com/opinion/2021/04/12/nyu-accessibility-low-income-students/", "distance": "1"}
{"url": "https://nyunews.com/opinion/2021/04/05/nyu-bystander-intervention-training-necessary/", "distance": "1"}
{"url": "https://nyunews.com/opinion/2021/03/29/cuomo-unfit-to-govern/", "distance": "1"}
{"url": "https://nyunews.com/opinion/2021/03/22/media-coverage-asian-american-hate-crimes/", "distance": "1"}
{"url": "https://nyunews.com/opinion/2021/04/29/nyu-shanghai-ccp-student-arrest-political/", "distance": "1"}
{"url": "https://nyunews.com/opinion/2021/04/26/nyu-accommodate-international-students/", "distance": "1"}
{"url": "https://nyunews.com/opinion/2021/03/29/bolivian-democracy-american-media-hypocrisy/", "distance": "1"}
{"url": "https://nyunews.com/opinion/2020/09/11/wechat-ban-xenophobia/", "distance": "1"}
{"url": "https://nyunews.com/opinion/2020/03/06/indians-hindu-islamophobia/", "distance": "1"}
{"url": "https://nyunews.com/opinion/2020/02/03/coronavirus-china-racism/", "distance": "1"}
{"url": "https://nyunews.com/offthird/opinion/2020/04/01/nyu-permanent-online-university-zoom/", "distance": "1"}
{"url": "https://nyunews.com/opinion/offthird/2020/03/31/tisch-dean-dance-coronavirus/", "distance": "1"}
{"url": "https://nyunews.com/2020/03/23/03-24-ops-offthird-realestate/", "distance": "1"}
{"url": "https://nyunews.com/offthird/opinion/2020/03/09/coronavirus-three-week-wait-shc-offthird/", "distance": "1"}
{"url": "https://nyunews.com/opinion/offthird/2020/03/02/nyu-streaming-service-satire/", "distance": "1"}
{"url": "https://nyunews.com/opinion/offthird/2020/02/25/bachelor-nyu-schools/", "distance": "1"}
{"url": "https://nyunews.com/opinion/2021/08/25/letter-from-the-editor-ashley-wu/", "distance": "1"}
{"url": "https://nyunews.com/2021/03/08/letter-from-the-editor-why-is-wsn-coming-back/", "distance": "1"}
{"url": "https://nyunews.com/opinion/2020/09/28/nyu-news-resignation-letter-student-journalism/", "distance": "1"}
{"url": "https://nyunews.com/opinion/2020/03/30/wsn-coronavirus-journalism/", "distance": "1"}
{"url": "https://nyunews.com/opinion/2020/01/27/student-journalism-declining-industry/", "distance": "1"}
{"url": "https://nyunews.com/opinion/2019/09/02/journalism-obstacles-low-income-inaccessibility/", "distance": "1"}
{"url": "https://nyunews.com/opinion/2020/04/21/letter-to-the-editor-nyu-langone/", "distance": "1"}
{"url": "https://nyunews.com/opinion/2020/04/20/letter-to-the-editor-langone-workers-compensation/", "distance": "1"}
{"url": "https://nyunews.com/opinion/2020/02/24/letter-to-the-editor-nyu-abu-dhabi/", "distance": "1"}
{"url": "https://nyunews.com/opinion/2019/12/02/ken-cooper-wgbh-news-letter-to-the-editor/", "distance": "1"}
{"url": "https://nyunews.com/opinion/2019/11/04/letter-to-the-editor-andrew-hamilton-salary/", "distance": "1"}
{"url": "https://nyunews.com/ops/09/15/letter-wellness-resources-misconduct/", "distance": "1"}
{"url": "https://nyunews.com/opinion/2021/09/13/ida-eric-adams-climate-plan-insufficient/", "distance": "1"}
{"url": "https://nyunews.com/2021/09/10/critical-race-theory-nyc-education/", "distance": "1"}
{"url": "https://nyunews.com/opinion/2021/09/09/texas-handmaids-tale-white-feminism/", "distance": "1"}
{"url": "https://nyunews.com/opinion/2021/09/02/9-11-hate-crimes-against-south-asian-arab-and-muslim-americans/", "distance": "1"}
{"url": "https://nyunews.com/2021/09/01/deblasio-rezoning-gentrification/", "distance": "1"}
{"url": "https://nyunews.com/opinion/2021/08/25/cuomo-must-never-hold-office-again/", "distance": "1"}
{"url": "https://nyunews.com/2021/09/13/nyu-trustees-contradict-diversity-inclusion/", "distance": "1"}
{"url": "https://nyunews.com/2021/09/10/critical-race-theory-nyc-education/", "distance": "1"}
{"url": "https://nyunews.com/opinion/2021/09/09/texas-handmaids-tale-white-feminism/", "distance": "1"}
{"url": "https://nyunews.com/opinion/2021/09/02/9-11-hate-crimes-against-south-asian-arab-and-muslim-americans/", "distance": "1"}
{"url": "https://nyunews.com/2021/09/01/deblasio-rezoning-gentrification/", "distance": "1"}
{"url": "https://nyunews.com/2021/05/03/idealogical-diversity-bad/", "distance": "1"}
{"url": "https://nyunews.com/sports/2021/08/25/fantasy-football-draft-guide-for-beginners/", "distance": "1"}
{"url": "https://nyunews.com/opinion/lozano/2020/02/05/kobe-death-misinformation/", "distance": "1"}
{"url": "https://nyunews.com/opinion/2019/12/03/kyrie-irving-nba-mental-health/", "distance": "1"}
{"url": "https://nyunews.com/ops/2019/09/16/ncaa-unionization-california-sports/", "distance": "1"}
{"url": "https://nyunews.com/2018/11/14-ops-consciousathlete-consciousathleticism-james-kaepernick-ali-politics-sports/", "distance": "1"}
{"url": "https://nyunews.com/2018/09/10/williams-osaka-match/", "distance": "1"}
{"url": "https://nyunews.com/opinion/2021/09/14/met-gala-2021-staff-rants/", "distance": "1"}
{"url": "https://nyunews.com/opinion/2021/04/28/staffrants-oscars/", "distance": "1"}
{"url": "https://nyunews.com/opinion/2021/04/16/staffrants-spring-break/", "distance": "1"}
{"url": "https://nyunews.com/opinion/2021/04/09/staffrants-vaccines/", "distance": "1"}
{"url": "https://nyunews.com/opinion/2020/09/28/nyu-news-resignation-letter-student-journalism/", "distance": "1"}
{"url": "https://nyunews.com/opinion/2020/09/24/staffrants-emmys/", "distance": "1"}
{"url": "https://nyunews.com/opinion/2020/04/30/google-compensate-news-outlets/", "distance": "1"}
{"url": "https://nyunews.com/opinion/2020/02/28/facebook-advertises-bail-industry/", "distance": "1"}
{"url": "https://nyunews.com/opinion/2019/10/24/staff-rants-raves-twitter/", "distance": "1"}
{"url": "https://nyunews.com/opinion/2019/09/26/laptop-ban-class-accessibility-policies/", "distance": "1"}
{"url": "https://nyunews.com/opinion/2019/09/23/jun-sung-vaping-regulation-not-prohibition/", "distance": "1"}
{"url": "https://nyunews.com/opinion/2019/09/08/dating-apps-loneliness-addictveness-exploitation/", "distance": "1"}
{"url": "https://nyunews.com/2021/04/22/wsn-stands-with-doxa/", "distance": "1"}
{"url": "https://nyunews.com/opinion/2019/05/10/journalism-bias-social-change/", "distance": "1"}
{"url": "https://nyunews.com/opinion/2019/05/10/ted-conover-journalism-institute-part-2/", "distance": "1"}
{"url": "https://nyunews.com/2019/05/09/digital-media-production-journalism/", "distance": "1"}
{"url": "https://nyunews.com/2019/05/09/ted-conover-journalism-institute-part-1/", "distance": "1"}
{"url": "https://nyunews.com/2019/05/09/journalism-activism-student-reporting/", "distance": "1"}
{"url": "https://nyunews.com/opinion/2021/09/14/nyu-test-optional-applications/", "distance": "1"}
{"url": "https://nyunews.com/2021/09/13/nyu-trustees-contradict-diversity-inclusion/", "distance": "1"}
{"url": "https://nyunews.com/opinion/2021/08/25/mandatory-attendance-policies-irrational-ableist/", "distance": "1"}
{"url": "https://nyunews.com/opinion/2021/04/30/nyu-student-tuition-strike-ydsa-announcement/", "distance": "1"}
{"url": "https://nyunews.com/opinion/2021/04/29/nyu-shanghai-ccp-student-arrest-political/", "distance": "1"}
{"url": "https://nyunews.com/opinion/2021/04/26/nyu-accommodate-international-students/", "distance": "1"}
{"url": "https://nyunews.com/sports/2021/08/30/new-york-giants-season-priorities-for-success/", "distance": "1"}
{"url": "https://nyunews.com/sports/2021/08/25/new-coaching-hires-for-nyu-athletics/", "distance": "1"}
{"url": "https://nyunews.com/sports/2021/06/30/knicks-offseason-decisions/", "distance": "1"}
{"url": "https://nyunews.com/sports/2021/05/07/nyu-golf-coach-katie-rudolph/", "distance": "1"}
{"url": "https://nyunews.com/2021/05/06/05-06-sports-knicks/", "distance": "1"}
{"url": "https://nyunews.com/sports/2020/09/28/inside-nyu-mascot-team/", "distance": "1"}
{"url": "https://nyunews.com/sports/2021/08/30/new-york-giants-season-priorities-for-success/", "distance": "1"}
{"url": "https://nyunews.com/2021/05/06/05-06-sports-knicks/", "distance": "1"}
{"url": "https://nyunews.com/sports/2020/09/28/watching-heung-min-son/", "distance": "1"}
{"url": "https://nyunews.com/sports/2020/09/14/nba-chess-creativity/", "distance": "1"}
{"url": "https://nyunews.com/sports/2020/09/08/messi-transfer-barcelona/", "distance": "1"}
{"url": "https://nyunews.com/sports/2020/08/31/nba-strike-black-lives-matter-blm/", "distance": "1"}
{"url": "https://nyunews.com/sports/2020/05/04/can-athletes-trust-coaches/", "distance": "1"}
{"url": "https://nyunews.com/sports/2020/04/27/sports-documentary-ideas-starring-female-athletes/", "distance": "1"}
{"url": "https://nyunews.com/sports/2020/04/06/best-soccer-celebrations/", "distance": "1"}
{"url": "https://nyunews.com/sports/2020/03/30/a-reflection-on-lost-endings/", "distance": "1"}
{"url": "https://nyunews.com/sports/2020/03/23/insights-on-pro-athletes/", "distance": "1"}
{"url": "https://nyunews.com/sports/2020/03/09/nwsl-must-improve/", "distance": "1"}
{"url": "https://nyunews.com/sports/2020/09/08/nyu-athletic-director-stuart-robinson/", "distance": "1"}
{"url": "https://nyunews.com/sports/2020/03/09/nyu-sports-weekly-update/", "distance": "1"}
{"url": "https://nyunews.com/sports/2020/03/02/nyu-sports-weekly-update/", "distance": "1"}
{"url": "https://nyunews.com/sports/2020/02/18/nyu-sports-weekly-update/", "distance": "1"}
{"url": "https://nyunews.com/sports/2020/02/10/nyu-sports-weekly-update/", "distance": "1"}
{"url": "https://nyunews.com/sports/2019/12/02/nyu-violets-weekly-update/", "distance": "1"}
{"url": "https://nyunews.com/culture/fashionweek/2021/09/15/nyfw-global-fashion-collective/", "distance": "1"}
{"url": "https://nyunews.com/uta/exposures/2021/08/25/jake-alex-capture-times-square-2020-2/", "distance": "1"}
{"url": "https://nyunews.com/news/2021/04/27/photo-essay-nyu-graduate-student-union-picket-line/", "distance": "1"}
{"url": "https://nyunews.com/2021/04/21/george-floyd-demonstration-times-square/", "distance": "1"}
{"url": "https://nyunews.com/2021/04/21/george-floyd-demonstration-barclays-center/", "distance": "1"}
{"url": "https://nyunews.com/2019/10/18/pro-hong-kong-rally-in-astor-place-ny4hk/", "distance": "1"}
{"url": "https://nyunews.com/culture/fashionweek/2021/09/15/nyfw-global-fashion-collective/", "distance": "1"}
{"url": "https://nyunews.com/uta/exposures/2021/08/25/jake-alex-capture-times-square-2020-2/", "distance": "1"}
{"url": "https://nyunews.com/news/2021/04/27/photo-essay-nyu-graduate-student-union-picket-line/", "distance": "1"}
{"url": "https://nyunews.com/2021/04/21/george-floyd-demonstration-times-square/", "distance": "1"}
{"url": "https://nyunews.com/2021/04/21/george-floyd-demonstration-barclays-center/", "distance": "1"}
{"url": "https://nyunews.com/2019/10/18/pro-hong-kong-rally-in-astor-place-ny4hk/", "distance": "1"}
{"url": "https://nyunews.com/walkill/2020/05/14/unseen-wounds/", "distance": "1"}
{"url": "https://nyunews.com/wallkill/2019/11/18/financial-independence-at-25-cents-an-hour/", "distance": "1"}
{"url": "https://nyunews.com/2019/10/15/jumping-the-broom-finding-love-in-prison/", "distance": "1"}
{"url": "https://nyunews.com/wallkill/2019/04/08/let-it-unfold/", "distance": "1"}
{"url": "https://nyunews.com/2019/03/25/two-incarcerated-men-prepare-for-careers-in-fashion/", "distance": "1"}
{"url": "https://nyunews.com/wallkilljournal/2019/03/12/sociology-of-nyc-mixtape/", "distance": "1"}
{"url": "https://nyunews.com/uta/voices/2021/09/12/burnout/", "distance": "1"}
{"url": "https://nyunews.com/uta/exposures/2021/09/03/love-letter-to-california/", "distance": "1"}
{"url": "https://nyunews.com/uta/features/2021/08/30/motorcycles-and-military/", "distance": "1"}
{"url": "https://nyunews.com/uta/voices/2021/08/30/the-struggle-with-rapid-weight-gain-during-the-pandemic/", "distance": "1"}
{"url": "https://nyunews.com/uta/exposures/2021/08/25/jake-alex-capture-times-square-2020-2/", "distance": "1"}
{"url": "https://nyunews.com/uta/2021/08/25/slices-of-home/", "distance": "1"}
{"url": "https://nyunews.com/uta/exposures/2021/09/03/love-letter-to-california/", "distance": "1"}
{"url": "https://nyunews.com/uta/exposures/2021/08/25/jake-alex-capture-times-square-2020-2/", "distance": "1"}
{"url": "https://nyunews.com/uta/exposures/2020/09/21/zoom-facetime-photography-quarantine/", "distance": "1"}
{"url": "https://nyunews.com/uta/exposures/2020/05/05/exposures-infinite-bodies/", "distance": "1"}
{"url": "https://nyunews.com/uta/exposures/2020/05/04/drives-in-la-photo-series/", "distance": "1"}
{"url": "https://nyunews.com/uta/exposures/2020/04/13/nyc-street-art-photos/", "distance": "1"}
{"url": "https://nyunews.com/uta/features/2021/08/30/motorcycles-and-military/", "distance": "1"}
{"url": "https://nyunews.com/2021/05/03/features-rewriting-the-narrative/", "distance": "1"}
{"url": "https://nyunews.com/uta/features/2020/08/25/black-latina-coder-nyu-blm-website/", "distance": "1"}
{"url": "https://nyunews.com/uta/features/2020/07/23/international-students-ice-lawsuit/", "distance": "1"}
{"url": "https://nyunews.com/2020/05/11/anxiety-disorders-coronavirus-pandemic/", "distance": "1"}
{"url": "https://nyunews.com/uta/features/2020/05/07/sexism-in-tisch-film-set/", "distance": "1"}
{"url": "https://nyunews.com/uta/specialissues/2021/05/07/while-you-were-here-2021/", "distance": "1"}
{"url": "https://nyunews.com/uta/specialissues/2020/09/13/three-cs-of-consumption-caring-conscious-considerate/", "distance": "1"}
{"url": "https://nyunews.com/uta/specialissues/2020/05/08/while-you-were-here-2020/", "distance": "1"}
{"url": "https://nyunews.com/uta/specialissues/2020/05/01/fringe-spring-2020/", "distance": "1"}
{"url": "https://nyunews.com/uta/specialissues/2020/04/24/arts-issue-spring-2020/", "distance": "1"}
{"url": "https://nyunews.com/2020/02/20/nyu-housing-guide-2020/", "distance": "1"}
{"url": "https://nyunews.com/uta/voices/2021/09/12/burnout/", "distance": "1"}
{"url": "https://nyunews.com/uta/voices/2021/08/30/the-struggle-with-rapid-weight-gain-during-the-pandemic/", "distance": "1"}
{"url": "https://nyunews.com/2021/05/05/voices-even-before-they-were-a-headline/", "distance": "1"}
{"url": "https://nyunews.com/2021/05/03/voices-foreigner/", "distance": "1"}
{"url": "https://nyunews.com/2021/04/27/voices-bipolar-disorder/", "distance": "1"}
{"url": "https://nyunews.com/2021/04/22/voices-char/", "distance": "1"}
{"url": "https://nyunews.com/", "distance": "1"}
{"url": "https://nyunews.com/", "distance": "1"}
{"url": "https://nyunews.com/", "distance": "1"}
{"url": "https://nyunews.com/", "distance": "1"}
{"url": "https://nyunews.com/news/04/08/nyu-abu-dhabi-tax-returns/#respond ", "distance": "1"}
{"url": "https://www.facebook.com/sharer/sharer.php?u=https%3A%2F%2Fnyunews.com%2Fnews%2F04%2F08%2Fnyu-abu-dhabi-tax-returns%2F", "distance": "1"}
{"url": "https://twitter.com/intent/tweet?text=What It Means for NYUAD to Be  Fully Funded by the UAE&url=https%3A%2F%2Fnyunews.com%2F%3Fp%3D158273", "distance": "1"}
{"url": "https://www.facebook.com/sharer/sharer.php?u=https%3A%2F%2Fnyunews.com%2Fnews%2F04%2F08%2Fnyu-abu-dhabi-tax-returns%2F", "distance": "1"}
{"url": "https://twitter.com/intent/tweet?text=What It Means for NYUAD to Be  Fully Funded by the UAE&url=https%3A%2F%2Fnyunews.com%2F%3Fp%3D158273", "distance": "1"}
{"url": "https://nyunews.com/staff/meghna-maharishi/", "distance": "1"}
{"url": "https://nyunews.com/opinion/2021/09/08/showing-daily-screener-is-redundant/", "distance": "1"}
{"url": "https://nyunews.com/news/2021/09/12/serial-moped-sexual-harassment-incidents/", "distance": "1"}
{"url": "https://nyunews.com/news/2021/09/14/nyu-museum-gateway-program-free-access-returns/", "distance": "1"}
{"url": "https://nyunews.com/2021/09/08/10-food-spots-under-12/", "distance": "1"}
{"url": "https://nyunews.com/culture/2021/09/08/we-ranked-every-manhattan-trader-joes/", "distance": "1"}
{"url": "https://twitter.com/nyunews", "distance": "1"}
{"url": "https://nyunews.com/news/2021/09/15/serial-groping-suspect-arrested/", "distance": "1"}
{"url": "https://nyunews.com/arts/film/2021/09/15/worth-911-colangelo-film-review/", "distance": "1"}
{"url": "https://nyunews.com/arts/music/2021/09/14/jack-antonoff-residency-clive-davis/", "distance": "1"}
{"url": "https://nyunews.com/culture/nyfw/2021/09/15/chucks-collins-nyfw-spring-summer-2021/", "distance": "1"}
{"url": "https://nyunews.com/culture/nyfw/2021/09/15/deity-new-york-nyfw-spring-summer-2022/", "distance": "1"}
{"url": "https://nyunews.com/", "distance": "1"}
{"url": "https://www.facebook.com/nyunews", "distance": "1"}
{"url": "https://twitter.com/nyunews", "distance": "1"}
{"url": "https://www.instagram.com/nyunews/", "distance": "1"}
{"url": "https://soundcloud.com/nyunews", "distance": "1"}
{"url": "https://www.youtube.com/user/wsnnyunews", "distance": "1"}
{"url": "https://snosites.com/why-sno/", "distance": "1"}
{"url": "http://snosites.com", "distance": "1"}
{"url": "https://nyunews.com/wp-login.php", "distance": "1"}
{"url": "http://www.yale.edu", "distance": "1"}
{"url": "https://president.yale.edu/president/statements/welcome-new-academic-year", "distance": "1"}
{"url": "https://president.yale.edu/president/statements/welcome-new-academic-year", "distance": "1"}
{"url": "https://economics.yale.edu/news/2021-22-arvid-anderson-fellows-announced", "distance": "1"}
{"url": "https://economics.yale.edu/news/2021-22-arvid-anderson-fellows-announced", "distance": "1"}
{"url": "https://economics.yale.edu/event/women-economics/2021-05-07-170000/senior-thesis-spotlight", "distance": "1"}
{"url": "https://economics.yale.edu/event/women-economics/2021-05-07-170000/senior-thesis-spotlight", "distance": "1"}
{"url": "https://economics.yale.edu/news/finding-community-and-collaboration-yale-department-economics-phd-student-paula-calvo", "distance": "1"}
{"url": "https://economics.yale.edu/news/finding-community-and-collaboration-yale-department-economics-phd-student-paula-calvo", "distance": "1"}
{"url": "https://economics.yale.edu/news/women-yale-economics", "distance": "1"}
{"url": "https://economics.yale.edu/news/women-yale-economics", "distance": "1"}
{"url": "https://doi.org/10.1086/714443", "distance": "1"}
{"url": "https://www.aeaweb.org/articles?id=10.1257/jep.35.3.215", "distance": "1"}
{"url": "https://www.aeaweb.org/articles/pdf/doi/10.1257/pol.20200295", "distance": "1"}
{"url": "https://www.aeaweb.org/articles/pdf/doi/10.1257/pol.20200322", "distance": "1"}
{"url": "https://www.aeaweb.org/articles/pdf/doi/10.1257/pol.20190409", "distance": "1"}
{"url": "http://www.yale.edu", "distance": "1"}
{"url": "https://www.openstreetmap.org/node/3743198211#map=19/24.52357/54.43440", "distance": "1"}
{"url": "https://www.openstreetmap.org/node/7617599835", "distance": "1"}
{"url": "https://doi.org/10.18574/nyu/9781479806263", "distance": "1"}
{"url": "https://doi.org/10.18574/nyu/9781479806263", "distance": "1"}
{"url": "https://doi.org/10.18574/nyu/9781479806263", "distance": "1"}
{"url": "https://doi.org/10.18574/nyu/9781479806263", "distance": "1"}
{"url": "https://doi.org/10.18574/nyu/9781479806263", "distance": "1"}
{"url": "https://doi.org/10.18574/nyu/9781479806263", "distance": "1"}
{"url": "https://www.tradetalkspodcast.com", "distance": "1"}
{"url": "https://www.tradetalkspodcast.com/feed/podcast", "distance": "1"}
{"url": "https://twitter.com/Trade__Talks", "distance": "1"}
{"url": "https://www.tradetalkspodcast.com/feed/podcast", "distance": "1"}
{"url": "https://twitter.com/Trade__Talks", "distance": "1"}
{"url": "https://www.bing.com/maps/?v=2&cp=23.424076~53.847818&lvl=15&dir=0&sty=c&sp=point.23.424076_53.847818_AE", "distance": "1"}
{"url": "https://www.bing.com/maps/?v=2&cp=23.424076~53.847818&lvl=15&dir=0&sty=c&sp=point.23.424076_53.847818_AE", "distance": "1"}
{"url": "https://qs.topuniversities.com/grad/compare/ebook/top-10-student-cities-everything-you-need-to-know?utm_source=QS&utm_medium=iw&utm_campaign=QW&utm_content=profile&partnerid=1544716767", "distance": "1"}
{"url": "https://registration.britishcouncil.org/l/734493/2020-06-09/28xn1?country=ti&_ijcid=1614674927241%7C6.343723264.1614234733767.-1b7c3e7a&_ga=2.105882369.364026294.1614497853-658919888.1600756628/&utm_source=QS_topuniversities&utm_medium=display&utm_campaign=exams-all-ielts-global-global-widget", "distance": "1"}
