{"url": "https://vimeo.com/402749286", "distance": 0}
{"url": "https://shanghai.nyu.edu/it", "distance": 0}
{"url": "https://books.google.com/books?id=L1o-CwAAQBAJ&pg=PA188&lpg=PA188&dq=nyush&source=bl&ots=s_VNV8Xtou&sig=ACfU3U27MB4l_5LqIlMk-9ESUfyyLSmkLw&hl=en&sa=X&ved=2ahUKEwj3ztGG4oHzAhWqct8KHTHoCjc4MhDoAXoECAIQAw", "distance": 0}
{"url": "https://www.chegg.com/homework-help/questions-and-answers/question-2-suppose-bank-nyush-pay-2-000-one-year-5-000-three-years--yearly-yield-10--assum-q62291160", "distance": 0}
{"url": "http://blog.nordic-sac.org/untitled/", "distance": 0}
{"url": "https://www.youtube.com/watch?v=po_qeqieFF0", "distance": 0}
{"url": "https://www.overleaf.com/latex/templates/nyush-ds-cs-capstone-reports-template/tpdwcxmygnzc", "distance": 0}
{"url": "https://talk.collegeconfidential.com/t/nyush-full-ride-vs-stern/1440503", "distance": 0}
{"url": "https://giphy.com/gifs/nyushanghai-nyu-nyush-qilin-S5t2dQcVNqZm6mr7gF", "distance": 0}
{"url": "https://tamidgroup.org/nyu-shanghai/", "distance": 0}
{"url": "http://oncenturyavenue.org/2020/11/an-overview-of-the-peer-pal-program-at-nyush/", "distance": 0}
{"url": "https://nyus.mywconline.com/", "distance": 0}
{"url": "https://books.google.com/books?id=HOtIAwAAQBAJ&pg=PA53&lpg=PA53&dq=nyush&source=bl&ots=r0jIlZhGWI&sig=ACfU3U2cEtXjJblBKna7BP4alSOytRq_QA&hl=en&sa=X&ved=2ahUKEwj3ztGG4oHzAhWqct8KHTHoCjc4MhDoAXoECBgQAw", "distance": 0}
{"url": "https://www.linkedin.com/company/uba-nyush", "distance": 0}
{"url": "https://twitter.com/igemnyush?lang=en", "distance": 0}
{"url": "https://github.com/NYULibraries/primo-explore-nyush", "distance": 0}
{"url": "https://www.tumblr.com/tagged/nyush?sort=top", "distance": 0}
{"url": "https://nyushima.simplybook.asia/", "distance": 0}
{"url": "https://www.reddit.com/r/nyu/comments/jodncz/transfer_from_nyush_to_nyu_ny/", "distance": 0}
{"url": "https://www.bilibili.com/video/BV1v4411Z73g/", "distance": 0}
{"url": "https://books.google.com/books?id=WigxAQAAMAAJ&pg=PA566&lpg=PA566&dq=nyush&source=bl&ots=Kf16U1fnaR&sig=ACfU3U1UXcuE6IewB88E1VPm2uoFToL3UQ&hl=en&sa=X&ved=2ahUKEwj3ztGG4oHzAhWqct8KHTHoCjc4MhDoAXoECBEQAw", "distance": 0}
{"url": "https://www.instagram.com/nyushanghai.diversity/?hl=en", "distance": 0}
{"url": "http://surp-nyush.org/", "distance": 0}
{"url": "https://www.insidehighered.com/news/2021/08/25/question-nyus-control-over-nyu-shanghai-sits-center-faculty-suit", "distance": 0}
{"url": "https://hacknyu-nyush.devpost.com/", "distance": 0}
{"url": "https://youthneuro.org/chapters/nyush/", "distance": 0}
{"url": "https://www.edexlive.com/campus/2018/jul/14/why-nyu-shanghai-is-a-good-place-to-study-for-indian-students-3419.html", "distance": 0}
{"url": "https://www.signalhire.com/companies/undergraduate-business-association-at-nyush", "distance": 0}
{"url": "https://independent.academia.edu/aykonyush", "distance": 0}
{"url": "https://nyunews.com/news/2020/02/24-coronavirus-shanghai-promotional-video-choir/", "distance": 0}
{"url": "https://www.shutterstock.com/search/nyush", "distance": 0}
{"url": "http://54.249.157.191:30013/news/nyush-freshmen-elect-first-ever-student-government", "distance": 0}
{"url": "https://www.wisdomlib.org/definition/nyush", "distance": 0}
{"url": "https://issuu.com/nyushanghai/stacks/af05b4e58ad348a5ab63d25a5c75322c", "distance": 0}
{"url": "https://www.facebook.com/NYUSH-Campus-Store-548906851857459/", "distance": 0}
{"url": "https://thenamesdictionary.com/name-meanings/nyush/name-meaning-of-nyush", "distance": 0}
{"url": "https://www.coursehero.com/sitemap/schools/115758-NYU-Shanghai/courses/8282491-NYUSH304/", "distance": 0}
{"url": "https://2019.igem.org/Team:NYU_Shanghai", "distance": 0}
{"url": "https://www.instagram.com/waw.nyush/?hl=en", "distance": 0}
{"url": "https://shanghai.nyu.edu/", "distance": 0}
{"url": "https://quizlet.com/nyush/folders", "distance": 0}
{"url": "https://nyu.timbyrnes.net/people/", "distance": 0}
{"url": "https://en.wikipedia.org/wiki/New_York_University_Shanghai", "distance": 0}
{"url": "https://commons.wikimedia.org/wiki/File:NYUSH_Lujiazui_Building.jpg", "distance": 0}
{"url": "https://books.google.com/books?id=IHxbAAAAQAAJ&pg=RA1-PA5&lpg=RA1-PA5&dq=nyush&source=bl&ots=eaEfSxkBbI&sig=ACfU3U3n7Muc3BQqT8F2GTmXs2fWBUT5ag&hl=en&sa=X&ved=2ahUKEwj3ztGG4oHzAhWqct8KHTHoCjc4MhDoAXoECBcQAw", "distance": 0}
{"url": "https://www.change.org/p/nyu-shanghai-boycotts-nestl%C3%A9-products-from-nyush", "distance": 0}
{"url": "https://library.nyu.sh.cn/2019/03/08/reserve-a-group-study-room-in-the-library/", "distance": 0}
{"url": "https://shanghai.nyu.edu/academics/majors", "distance": 0}
{"url": "https://nyu-shanghai.libcal.com/", "distance": 0}
{"url": "https://books.google.com/books?id=LIssAAAAYAAJ&pg=PA1&lpg=PA1&dq=nyush&source=bl&ots=xcktzzCmPT&sig=ACfU3U3fuUdwv5AfU0B38F_CqxfkPi6qyQ&hl=en&sa=X&ved=2ahUKEwj3ztGG4oHzAhWqct8KHTHoCjc4MhDoAXoECBYQAw", "distance": 0}
{"url": "https://www.coursicle.com/nyu/courses/MUSSHU/10871/", "distance": 0}
{"url": "http://www.ai-nyushanghai.org/", "distance": 0}
{"url": "https://medium.com/@wemkehou95/nyush-the-good-the-bad-the-almost-impossible-c7d27a2bea6f", "distance": 0}
{"url": "https://www.srpms-nyush.org/", "distance": 0}
{"url": "https://shanghai.nyu.edu/magazine/about", "distance": 0}
{"url": "https://radiichina.com/tag/nyush/", "distance": 0}
{"url": "https://news.cgtn.com/news/3d3d514f7a49444d35457a6333566d54/index.html", "distance": 0}
{"url": "https://www.alamy.com/stock-photo/nyush.html", "distance": 0}
{"url": "https://books.google.com/books?id=h8JKDwAAQBAJ&pg=PT42&lpg=PT42&dq=nyush&source=bl&ots=EAyQFv325W&sig=ACfU3U1dM9YXvuz66cxXjOxoMonmue6i_Q&hl=en&sa=X&ved=2ahUKEwj3ztGG4oHzAhWqct8KHTHoCjc4MhDoAXoECBkQAw", "distance": 0}
{"url": "https://srpp-nyush.org/", "distance": 0}
{"url": "http://blog.nordic-sac.org", "distance": "1"}
{"url": "https://www.facebook.com/nordicsac/", "distance": "1"}
{"url": "https://feedly.com/i/subscription/feed/http://blog.nordic-sac.org/rss/", "distance": "1"}
{"url": "https://www.google.com/intl/en/about/products?tab=ph", "distance": "1"}
{"url": "https://www.google.com/accounts/Login?service=print&continue=https://books.google.com/books%3Fid%3DL1o-CwAAQBAJ%26pg%3DPA188%26lpg%3DPA188%26dq%3Dnyush%26source%3Dbl%26ots%3Ds_VNV8Xtou%26sig%3DACfU3U27MB4l_5LqIlMk-9ESUfyyLSmkLw%26hl%3Den%26sa%3DX&hl=en&ec=GAZACg", "distance": "1"}
{"url": "https://books.google.com/?hl=en&tab=pp", "distance": "1"}
{"url": "https://books.google.com/books?id=L1o-CwAAQBAJ&pg=PA188&lpg=PA188&dq=nyush&source=bl&ots=s_VNV8Xtou&sig=ACfU3U27MB4l_5LqIlMk-9ESUfyyLSmkLw&hl=en&sa=X&output=html_text", "distance": "1"}
{"url": "https://www.google.com/accounts/Login?service=print&continue=https://books.google.com/books%3Fop%3Dlookup%26id%3DL1o-CwAAQBAJ%26continue%3Dhttps://books.google.com/books%253Fid%253DL1o-CwAAQBAJ%2526pg%253DPA188%2526lpg%253DPA188%2526dq%253Dnyush%2526source%253Dbl%2526ots%253Ds_VNV8Xtou%2526sig%253DACfU3U27MB4l_5LqIlMk-9ESUfyyLSmkLw%2526hl%253Den%2526sa%253DX&hl=en", "distance": "1"}
{"url": "https://books.google.com/books?id=L1o-CwAAQBAJ&printsec=frontcover&source=gbs_vpt_read", "distance": "1"}
{"url": "https://play.google.com/books/reader?id=L1o-CwAAQBAJ&printsec=frontcover&source=gbs_vpt_read", "distance": "1"}
{"url": "https://www.google.com/books/edition/_/L1o-CwAAQBAJ?hl=en&newbks=1&gbpv=1&dq=nyush&pg=PA188&printsec=frontcover", "distance": "1"}
{"url": "https://play.google.com/store/books/details?id=L1o-CwAAQBAJ&rdid=book-L1o-CwAAQBAJ&rdot=1&source=gbs_vpt_read", "distance": "1"}
{"url": "https://books.google.com/books?id=L1o-CwAAQBAJ&printsec=frontcover", "distance": "1"}
{"url": "https://books.google.com/books?id=L1o-CwAAQBAJ&dq=nyush&sitesec=reviews", "distance": "1"}
{"url": "https://www.google.com/accounts/Login?service=print&continue=https://books.google.com/books%3Fop%3Dlookup%26id%3DL1o-CwAAQBAJ%26continue%3Dhttps://books.google.com/books%253Fid%253DL1o-CwAAQBAJ%2526pg%253DPA188%2526lpg%253DPA188%2526dq%253Dnyush%2526source%253Dbl%2526ots%253Ds_VNV8Xtou%2526sig%253DACfU3U27MB4l_5LqIlMk-9ESUfyyLSmkLw%2526hl%253Den%2526sa%253DX&hl=en", "distance": "1"}
{"url": "https://books.google.com/books?id=L1o-CwAAQBAJ&pg=PA190&lpg=PA188&ots=s_VNV8Xtou&focus=viewport&dq=nyush", "distance": "1"}
{"url": "https://vimeo.com", "distance": "1"}
{"url": "https://docs.google.com/forms/d/e/1FAIpQLSfUiixY0-cKWNaJwQ8vjfBKyGZBV6IXoQe8J-cLz4mrRkmqiA/viewform", "distance": "1"}
{"url": "https://v1.overleaf.com/latex/templates/nyush-ds-cs-capstone-reports-template/tpdwcxmygnzc.pdf", "distance": "1"}
{"url": "https://www.google.com/intl/en/about/products?tab=ph", "distance": "1"}
{"url": "https://www.google.com/accounts/Login?service=print&continue=https://books.google.com/books%3Fid%3DHOtIAwAAQBAJ%26pg%3DPA53%26lpg%3DPA53%26dq%3Dnyush%26source%3Dbl%26ots%3Dr0jIlZhGWI%26sig%3DACfU3U2cEtXjJblBKna7BP4alSOytRq_QA%26hl%3Den%26sa%3DX&hl=en&ec=GAZACg", "distance": "1"}
{"url": "https://books.google.com/?hl=en&tab=pp", "distance": "1"}
{"url": "https://books.google.com/books?id=HOtIAwAAQBAJ&pg=PA53&lpg=PA53&dq=nyush&source=bl&ots=r0jIlZhGWI&sig=ACfU3U2cEtXjJblBKna7BP4alSOytRq_QA&hl=en&sa=X&output=html_text", "distance": "1"}
{"url": "https://www.google.com/accounts/Login?service=print&continue=https://books.google.com/books%3Fop%3Dlookup%26id%3DHOtIAwAAQBAJ%26continue%3Dhttps://books.google.com/books%253Fid%253DHOtIAwAAQBAJ%2526pg%253DPA53%2526lpg%253DPA53%2526dq%253Dnyush%2526source%253Dbl%2526ots%253Dr0jIlZhGWI%2526sig%253DACfU3U2cEtXjJblBKna7BP4alSOytRq_QA%2526hl%253Den%2526sa%253DX&hl=en", "distance": "1"}
{"url": "https://books.google.com/books?id=HOtIAwAAQBAJ&printsec=frontcover&source=gbs_vpt_read", "distance": "1"}
{"url": "https://www.google.com/books/edition/_/HOtIAwAAQBAJ?hl=en&newbks=1&gbpv=1&dq=nyush&pg=PA53&printsec=frontcover", "distance": "1"}
{"url": "https://books.google.com/books?id=80Vtsy6nTMkC&dq=nyush", "distance": "1"}
{"url": "https://books.google.com/books?id=HOtIAwAAQBAJ&printsec=frontcover", "distance": "1"}
{"url": "https://books.google.com/books?id=HOtIAwAAQBAJ&dq=nyush&sitesec=reviews", "distance": "1"}
{"url": "https://www.google.com/accounts/Login?service=print&continue=https://books.google.com/books%3Fop%3Dlookup%26id%3DHOtIAwAAQBAJ%26continue%3Dhttps://books.google.com/books%253Fid%253DHOtIAwAAQBAJ%2526pg%253DPA53%2526lpg%253DPA53%2526dq%253Dnyush%2526source%253Dbl%2526ots%253Dr0jIlZhGWI%2526sig%253DACfU3U2cEtXjJblBKna7BP4alSOytRq_QA%2526hl%253Den%2526sa%253DX&hl=en", "distance": "1"}
{"url": "https://books.google.com/books?id=HOtIAwAAQBAJ&pg=PA54&lpg=PA53&ots=r0jIlZhGWI&focus=viewport&dq=nyush", "distance": "1"}
{"url": "https://twitter.com/intent/tweet?text=An%20Overview%20of%20the%20PEER-Pal%20Program%20at%20NYUSH&url=http%3A%2F%2Foncenturyavenue.org%2F2020%2F11%2Fan-overview-of-the-peer-pal-program-at-nyush%2F&via=Crunchify", "distance": "1"}
{"url": "https://www.facebook.com/sharer/sharer.php?u=http%3A%2F%2Foncenturyavenue.org%2F2020%2F11%2Fan-overview-of-the-peer-pal-program-at-nyush%2F", "distance": "1"}
{"url": "http://oncenturyavenue.org/2020/11/perus-congress-committed-a-coup-now-peruvians-are-taking-their-country-back/", "distance": "1"}
{"url": "http://oncenturyavenue.org/2020/11/over-1000-nyu-students-and-faculty-sign-petition-in-protest-of-the-layoffs-of-five-liberal-studies-professors-at-nyu-paris/", "distance": "1"}
{"url": "http://oncenturyavenue.org/2020/11/an-overview-of-the-peer-pal-program-at-nyush/#comment-60954", "distance": "1"}
{"url": "http://oncenturyavenue.org/2020/11/an-overview-of-the-peer-pal-program-at-nyush/?replytocom=60954#respond", "distance": "1"}
{"url": "https://nyush-a.tumblr.com/", "distance": "1"}
{"url": "https://whitefluffyyeti.tumblr.com/", "distance": "1"}
{"url": "https://nyushitpost.tumblr.com/", "distance": "1"}
{"url": "https://nyushaofficial.tumblr.com/", "distance": "1"}
{"url": "https://www.google.com/chrome", "distance": "1"}
{"url": "https://www.mozilla.org/firefox", "distance": "1"}
{"url": "https://support.apple.com/downloads/safari", "distance": "1"}
{"url": "https://www.microsoft.com/windows/microsoft-edge", "distance": "1"}
{"url": "https://www.reddit.com/login/?dest=https%3A%2F%2Fwww.reddit.com%2Fr%2Fnyu%2Fcomments%2Fjodncz%2Ftransfer_from_nyush_to_nyu_ny%2F", "distance": "1"}
{"url": "https://www.reddit.com/register/?dest=https%3A%2F%2Fwww.reddit.com%2Fr%2Fnyu%2Fcomments%2Fjodncz%2Ftransfer_from_nyush_to_nyu_ny%2F", "distance": "1"}
{"url": "https://www.reddit.com/posts/2020/november-5-1/", "distance": "1"}
{"url": "https://www.reddit.com/posts/2020/november-5-1/", "distance": "1"}
{"url": "https://www.reddit.com/posts/2020/november/", "distance": "1"}
{"url": "https://www.reddit.com/posts/2020/", "distance": "1"}
{"url": "https://www.reddithelp.com", "distance": "1"}
{"url": "https://www.reddit.com/coins", "distance": "1"}
{"url": "https://www.reddit.com/premium", "distance": "1"}
{"url": "https://redditgifts.com/", "distance": "1"}
{"url": "https://about.reddit.com", "distance": "1"}
{"url": "https://about.reddit.com/careers/", "distance": "1"}
{"url": "https://about.reddit.com/press/", "distance": "1"}
{"url": "https://www.redditinc.com/advertising", "distance": "1"}
{"url": "http://www.redditblog.com/", "distance": "1"}
{"url": "https://www.redditinc.com/policies/user-agreement", "distance": "1"}
{"url": "https://www.redditinc.com/policies/content-policy", "distance": "1"}
{"url": "https://www.redditinc.com/policies/privacy-policy", "distance": "1"}
{"url": "https://www.reddit.com/help/healthycommunities/", "distance": "1"}
{"url": "https://devpost.com/hackathons", "distance": "1"}
{"url": "https://hacknyu-nyush.devpost.com/project-gallery", "distance": "1"}
{"url": "https://maps.google.com/?q=1555 Century Ave, Pudong Xinqu, Shanghai Shi, China, 200085", "distance": "1"}
{"url": "https://www.google.com/intl/en/about/products?tab=ph", "distance": "1"}
{"url": "https://www.google.com/accounts/Login?service=print&continue=https://books.google.com/books%3Fid%3DWigxAQAAMAAJ%26pg%3DPA566%26lpg%3DPA566%26dq%3Dnyush%26source%3Dbl%26ots%3DKf16U1fnaR%26sig%3DACfU3U1UXcuE6IewB88E1VPm2uoFToL3UQ%26hl%3Den%26sa%3DX&hl=en&ec=GAZACg", "distance": "1"}
{"url": "https://books.google.com/?hl=en&tab=pp", "distance": "1"}
{"url": "https://books.google.com/books?id=WigxAQAAMAAJ&pg=PA566&lpg=PA566&dq=nyush&source=bl&ots=Kf16U1fnaR&sig=ACfU3U1UXcuE6IewB88E1VPm2uoFToL3UQ&hl=en&sa=X&output=html_text", "distance": "1"}
{"url": "https://www.google.com/accounts/Login?service=print&continue=https://books.google.com/books%3Fop%3Dlookup%26id%3DWigxAQAAMAAJ%26continue%3Dhttps://books.google.com/books%253Fid%253DWigxAQAAMAAJ%2526pg%253DPA566%2526lpg%253DPA566%2526dq%253Dnyush%2526source%253Dbl%2526ots%253DKf16U1fnaR%2526sig%253DACfU3U1UXcuE6IewB88E1VPm2uoFToL3UQ%2526hl%253Den%2526sa%253DX&hl=en", "distance": "1"}
{"url": "https://books.google.com/books?id=WigxAQAAMAAJ&printsec=frontcover&source=gbs_vpt_read", "distance": "1"}
{"url": "https://play.google.com/books/reader?id=WigxAQAAMAAJ&printsec=frontcover&source=gbs_vpt_read", "distance": "1"}
{"url": "https://www.google.com/books/edition/_/WigxAQAAMAAJ?hl=en&newbks=1&gbpv=1&dq=nyush&pg=PA566&printsec=frontcover", "distance": "1"}
{"url": "https://play.google.com/store/books/details?id=WigxAQAAMAAJ&rdid=book-WigxAQAAMAAJ&rdot=1", "distance": "1"}
{"url": "https://books.google.com/books?id=WigxAQAAMAAJ&printsec=frontcover", "distance": "1"}
{"url": "https://books.google.com/books?id=WigxAQAAMAAJ&dq=nyush&sitesec=reviews", "distance": "1"}
{"url": "https://www.google.com/accounts/Login?service=print&continue=https://books.google.com/books%3Fop%3Dlookup%26id%3DWigxAQAAMAAJ%26continue%3Dhttps://books.google.com/books%253Fid%253DWigxAQAAMAAJ%2526pg%253DPA566%2526lpg%253DPA566%2526dq%253Dnyush%2526source%253Dbl%2526ots%253DKf16U1fnaR%2526sig%253DACfU3U1UXcuE6IewB88E1VPm2uoFToL3UQ%2526hl%253Den%2526sa%253DX&hl=en", "distance": "1"}
{"url": "https://www.shutterstock.com/editorial", "distance": "1"}
{"url": "https://www.turbosquid.com/", "distance": "1"}
{"url": "https://www.shutterstock.com/blog", "distance": "1"}
{"url": "https://www.facebook.com/edexnie/", "distance": "1"}
{"url": "https://twitter.com/xpress_edex", "distance": "1"}
{"url": "https://www.instagram.com/edexliveinsta/", "distance": "1"}
{"url": "https://www.linkedin.com/in/edex-live-9a0036138?trk=nav_responsive_tab_profile_pic", "distance": "1"}
{"url": "https://www.youtube.com/channel/UCycKg_4JJxw_SMhdyXVnWgA", "distance": "1"}
{"url": "https://www.edexlive.com/", "distance": "1"}
{"url": "https://www.edexlive.com/", "distance": "1"}
{"url": "https://www.edexlive.com/topic/NYU_Shanghai", "distance": "1"}
{"url": "https://www.instagram.com/edexliveinsta/", "distance": "1"}
{"url": "https://www.linkedin.com/shareArticle?url=https://www.edexlive.com/campus/2018/jul/14/why-nyu-shanghai-is-a-good-place-to-study-for-indian-students-3419.html&mini=true", "distance": "1"}
{"url": "https://t.me/edexlive", "distance": "1"}
{"url": "https://www.edexlive.com/topic/NYU_Shanghai", "distance": "1"}
{"url": "https://www.edexlive.com/campus/2018/jul/14/the-game-changers-of-parenting-report-gives-us-an-insight-into-parents-and-their-ways-3418.html", "distance": "1"}
{"url": "https://www.edexlive.com/campus/2018/jul/16/these-st-josephs-students-just-designed-a-tractor-for-small-farmers--and-its-awesome-3430.html", "distance": "1"}
{"url": "https://t.me/edexlive", "distance": "1"}
{"url": "https://twitter.com/Xpress_edex", "distance": "1"}
{"url": "https://www.facebook.com/edexnie/", "distance": "1"}
{"url": "https://twitter.com/xpress_edex", "distance": "1"}
{"url": "https://www.instagram.com/edexliveinsta/", "distance": "1"}
{"url": "https://www.linkedin.com/in/edex-live-9a0036138?trk=nav_responsive_tab_profile_pic", "distance": "1"}
{"url": "https://www.patreon.com/wisdomlib/", "distance": "1"}
{"url": "https://liberapay.com/Wisdomlib/donate", "distance": "1"}
{"url": "https://www.paypal.com/paypalme/wliborg", "distance": "1"}
{"url": "https://seal.godaddy.com/verifySeal?sealID=4nGuvXputH0td6HulIlkBzm7gS6p6svB6lie2k8vfnEXuPFO4v3GrpZ2i", "distance": "1"}
{"url": "https://www.bbb.org/us/ca/redwood-city/profile/internet-service/course-hero-inc-1116-381001/accreditation-information", "distance": "1"}
{"url": "https://m.facebook.com/login.php?next=https%3A%2F%2Fm.facebook.com%2FNYUSH-Campus-Store-548906851857459%2F%3F_rdr&ref=104&rs=6&lrs=3&rid=548906851857459&lrid=548906851857459&refsrc=deprecated&refid=17", "distance": "1"}
{"url": "https://www.wikidata.org/wiki/Q13652966#identifiers", "distance": "1"}
{"url": "https://en.wikipedia.org/w/index.php?title=New_York_University_Shanghai&oldid=1043139044", "distance": "1"}
{"url": "https://www.google.com/intl/en/about/products?tab=ph", "distance": "1"}
{"url": "https://www.google.com/accounts/Login?service=print&continue=https://books.google.com/books%3Fid%3DIHxbAAAAQAAJ%26pg%3DRA1-PA5%26lpg%3DRA1-PA5%26dq%3Dnyush%26source%3Dbl%26ots%3DeaEfSxkBbI%26sig%3DACfU3U3n7Muc3BQqT8F2GTmXs2fWBUT5ag%26hl%3Den%26sa%3DX&hl=en&ec=GAZACg", "distance": "1"}
{"url": "https://books.google.com/?hl=en&tab=pp", "distance": "1"}
{"url": "https://books.google.com/books?id=IHxbAAAAQAAJ&pg=RA1-PA5&lpg=RA1-PA5&dq=nyush&source=bl&ots=eaEfSxkBbI&sig=ACfU3U3n7Muc3BQqT8F2GTmXs2fWBUT5ag&hl=en&sa=X&output=html_text", "distance": "1"}
{"url": "https://www.google.com/accounts/Login?service=print&continue=https://books.google.com/books%3Fop%3Dlookup%26id%3DIHxbAAAAQAAJ%26continue%3Dhttps://books.google.com/books%253Fid%253DIHxbAAAAQAAJ%2526pg%253DRA1-PA5%2526lpg%253DRA1-PA5%2526dq%253Dnyush%2526source%253Dbl%2526ots%253DeaEfSxkBbI%2526sig%253DACfU3U3n7Muc3BQqT8F2GTmXs2fWBUT5ag%2526hl%253Den%2526sa%253DX&hl=en", "distance": "1"}
{"url": "https://books.google.com/books?id=IHxbAAAAQAAJ&printsec=frontcover&source=gbs_vpt_read", "distance": "1"}
{"url": "https://play.google.com/books/reader?id=IHxbAAAAQAAJ&printsec=frontcover&source=gbs_vpt_read", "distance": "1"}
{"url": "https://www.google.com/books/edition/_/IHxbAAAAQAAJ?hl=en&newbks=1&gbpv=1&dq=nyush&pg=RA1-PA5&printsec=frontcover", "distance": "1"}
{"url": "https://play.google.com/store/books/details?id=IHxbAAAAQAAJ&rdid=book-IHxbAAAAQAAJ&rdot=1", "distance": "1"}
{"url": "https://books.google.com/books?id=IHxbAAAAQAAJ&printsec=frontcover", "distance": "1"}
{"url": "https://books.google.com/books?id=IHxbAAAAQAAJ&dq=nyush&sitesec=reviews", "distance": "1"}
{"url": "https://www.google.com/accounts/Login?service=print&continue=https://books.google.com/books%3Fop%3Dlookup%26id%3DIHxbAAAAQAAJ%26continue%3Dhttps://books.google.com/books%253Fid%253DIHxbAAAAQAAJ%2526pg%253DRA1-PA5%2526lpg%253DRA1-PA5%2526dq%253Dnyush%2526source%253Dbl%2526ots%253DeaEfSxkBbI%2526sig%253DACfU3U3n7Muc3BQqT8F2GTmXs2fWBUT5ag%2526hl%253Den%2526sa%253DX&hl=en", "distance": "1"}
{"url": "http://shanghai.nyu.edu/library", "distance": "1"}
{"url": "https://www.springshare.com", "distance": "1"}
{"url": "https://nyu-shanghai.libapps.com/libapps/login.php?site_id=18213&target=", "distance": "1"}
{"url": "https://www.coursicle.com/nyu/professors/Gabriel+Song/", "distance": "1"}
{"url": "https://medium.com/?source=post_page-----c7d27a2bea6f--------------------------------", "distance": "1"}
{"url": "https://medium.com/?source=post_page-----c7d27a2bea6f--------------------------------", "distance": "1"}
{"url": "https://medium.com/?source=post_page-----c7d27a2bea6f--------------------------------", "distance": "1"}
{"url": "https://alerodz9506.medium.com/is-formal-education-preparing-students-for-life-cd48c4b04aba?source=post_internal_links---------2----------------------------", "distance": "1"}
{"url": "https://wendiesun.medium.com/summary-learning-how-to-learn-f46ad6b7646a?source=post_internal_links---------3----------------------------", "distance": "1"}
{"url": "https://jegelkrout.medium.com/the-junk-in-my-head-bed4cd95a025?source=post_internal_links---------6----------------------------", "distance": "1"}
{"url": "https://missceoinc.medium.com/can-children-affect-the-way-you-look-at-life-8ec9c64721c4?source=post_internal_links---------7----------------------------", "distance": "1"}
{"url": "http://beian.miit.gov.cn", "distance": "1"}
{"url": "http://www.beian.gov.cn/portal/registerSystemInfo?recordcode=31011502017015", "distance": "1"}
{"url": "https://www.cgtn.com/about-us", "distance": "1"}
{"url": "https://www.cgtn.com", "distance": "1"}
{"url": "https://www.cgtn.com", "distance": "1"}
{"url": "https://www.cgtn.com", "distance": "1"}
{"url": "https://www.cgtn.com", "distance": "1"}
{"url": "https://www.google.com/intl/en/about/products?tab=ph", "distance": "1"}
{"url": "https://www.google.com/accounts/Login?service=print&continue=https://books.google.com/books%3Fid%3Dh8JKDwAAQBAJ%26pg%3DPT42%26lpg%3DPT42%26dq%3Dnyush%26source%3Dbl%26ots%3DEAyQFv325W%26sig%3DACfU3U1dM9YXvuz66cxXjOxoMonmue6i_Q%26hl%3Den%26sa%3DX&hl=en&ec=GAZACg", "distance": "1"}
{"url": "https://books.google.com/?hl=en&tab=pp", "distance": "1"}
{"url": "https://books.google.com/books?id=h8JKDwAAQBAJ&pg=PT42&lpg=PT42&dq=nyush&source=bl&ots=EAyQFv325W&sig=ACfU3U1dM9YXvuz66cxXjOxoMonmue6i_Q&hl=en&sa=X&output=html_text", "distance": "1"}
{"url": "https://www.google.com/accounts/Login?service=print&continue=https://books.google.com/books%3Fop%3Dlookup%26id%3Dh8JKDwAAQBAJ%26continue%3Dhttps://books.google.com/books%253Fid%253Dh8JKDwAAQBAJ%2526pg%253DPT42%2526lpg%253DPT42%2526dq%253Dnyush%2526source%253Dbl%2526ots%253DEAyQFv325W%2526sig%253DACfU3U1dM9YXvuz66cxXjOxoMonmue6i_Q%2526hl%253Den%2526sa%253DX&hl=en", "distance": "1"}
{"url": "https://books.google.com/books?id=h8JKDwAAQBAJ&printsec=frontcover&source=gbs_vpt_read", "distance": "1"}
{"url": "https://play.google.com/books/reader?id=h8JKDwAAQBAJ&printsec=frontcover&source=gbs_vpt_read", "distance": "1"}
{"url": "https://www.google.com/books/edition/_/h8JKDwAAQBAJ?hl=en&newbks=1&gbpv=1&dq=nyush&pg=PT42&printsec=frontcover", "distance": "1"}
{"url": "https://play.google.com/store/books/details?id=h8JKDwAAQBAJ&rdid=book-h8JKDwAAQBAJ&rdot=1&source=gbs_vpt_read&pcampaignid=books_booksearch_viewport", "distance": "1"}
{"url": "https://books.google.com/books?id=h8JKDwAAQBAJ&printsec=frontcover", "distance": "1"}
{"url": "https://books.google.com/books?id=h8JKDwAAQBAJ&dq=nyush&sitesec=reviews", "distance": "1"}
{"url": "https://www.google.com/accounts/Login?service=print&continue=https://books.google.com/books%3Fop%3Dlookup%26id%3Dh8JKDwAAQBAJ%26continue%3Dhttps://books.google.com/books%253Fid%253Dh8JKDwAAQBAJ%2526pg%253DPT42%2526lpg%253DPT42%2526dq%253Dnyush%2526source%253Dbl%2526ots%253DEAyQFv325W%2526sig%253DACfU3U1dM9YXvuz66cxXjOxoMonmue6i_Q%2526hl%253Den%2526sa%253DX&hl=en", "distance": "1"}
{"url": "https://books.google.com/books?id=h8JKDwAAQBAJ&pg=PT43&lpg=PT42&ots=EAyQFv325W&focus=viewport&dq=nyush", "distance": "1"}
{"url": "https://www.facebook.com/nordicsac/", "distance": "2"}
{"url": "https://www.facebook.com/nordicsac/", "distance": "2"}
{"url": "https://accounts.google.com/signin/usernamerecovery?continue=https%3A%2F%2Fbooks.google.com%2Fbooks%3Fid%3DL1o-CwAAQBAJ%26pg%3DPA188%26lpg%3DPA188%26dq%3Dnyush%26source%3Dbl%26ots%3Ds_VNV8Xtou%26sig%3DACfU3U27MB4l_5LqIlMk-9ESUfyyLSmkLw%26hl%3Den%26sa%3DX&service=print&hl=en", "distance": "2"}
{"url": "https://www.google.com/intl/en/about/products?tab=ph", "distance": "2"}
{"url": "https://www.google.com/accounts/Login?service=print&continue=https://books.google.com/books%3Fid%3DL1o-CwAAQBAJ%26pg%3DPA188%26lpg%3DPA188%26dq%3Dnyush%26source%3Dbl%26ots%3Ds_VNV8Xtou%26sig%3DACfU3U27MB4l_5LqIlMk-9ESUfyyLSmkLw%26hl%3Den%26sa%3DX%26output%3Dhtml_text&hl=en&ec=GAZACg", "distance": "2"}
{"url": "https://books.google.com/?hl=en&tab=pp", "distance": "2"}
{"url": "https://www.google.com/accounts/Login?service=print&continue=https://books.google.com/books%3Fop%3Dlookup%26id%3DL1o-CwAAQBAJ%26continue%3Dhttps://books.google.com/books%253Fid%253DL1o-CwAAQBAJ%2526pg%253DPA188%2526lpg%253DPA188%2526dq%253Dnyush%2526source%253Dbl%2526ots%253Ds_VNV8Xtou%2526sig%253DACfU3U27MB4l_5LqIlMk-9ESUfyyLSmkLw%2526hl%253Den%2526sa%253DX%2526output%253Dhtml_text%26output%3Dhtml_text&hl=en", "distance": "2"}
{"url": "https://books.google.com/books?id=L1o-CwAAQBAJ&printsec=frontcover&output=html_text&source=gbs_vpt_read", "distance": "2"}
{"url": "https://play.google.com/books/reader?id=L1o-CwAAQBAJ&output=html_text&printsec=frontcover&source=gbs_vpt_read", "distance": "2"}
{"url": "https://play.google.com/store/books/details?id=L1o-CwAAQBAJ&rdid=book-L1o-CwAAQBAJ&rdot=1&source=gbs_vpt_read", "distance": "2"}
{"url": "https://books.google.com/books?id=L1o-CwAAQBAJ&printsec=frontcover&output=html_text", "distance": "2"}
{"url": "https://books.google.com/books?id=L1o-CwAAQBAJ&dq=nyush&output=html_text&sitesec=reviews", "distance": "2"}
{"url": "https://www.google.com/accounts/Login?service=print&continue=https://books.google.com/books%3Fop%3Dlookup%26id%3DL1o-CwAAQBAJ%26continue%3Dhttps://books.google.com/books%253Fid%253DL1o-CwAAQBAJ%2526pg%253DPA188%2526lpg%253DPA188%2526dq%253Dnyush%2526source%253Dbl%2526ots%253Ds_VNV8Xtou%2526sig%253DACfU3U27MB4l_5LqIlMk-9ESUfyyLSmkLw%2526hl%253Den%2526sa%253DX%2526output%253Dhtml_text%26output%3Dhtml_text&hl=en", "distance": "2"}
{"url": "https://books.google.com/books?id=L1o-CwAAQBAJ&pg=PA190&lpg=PA188&ots=s_VNV8Xtou&focus=viewport&dq=nyush&output=html_text", "distance": "2"}
{"url": "https://www.google.com/intl/en/about/products?tab=ph", "distance": "2"}
{"url": "https://www.google.com/accounts/Login?service=print&continue=https://books.google.com/books%3Fid%3DL1o-CwAAQBAJ%26printsec%3Dfrontcover%26source%3Dgbs_vpt_read%26hl%3Den&hl=en&ec=GAZACg", "distance": "2"}
{"url": "https://books.google.com/?hl=en&tab=pp", "distance": "2"}
{"url": "https://books.google.com/books?id=L1o-CwAAQBAJ&printsec=frontcover&source=gbs_vpt_read&hl=en&output=html_text", "distance": "2"}
{"url": "https://www.google.com/accounts/Login?service=print&continue=https://books.google.com/books%3Fop%3Dlookup%26id%3DL1o-CwAAQBAJ%26continue%3Dhttps://books.google.com/books%253Fid%253DL1o-CwAAQBAJ%2526printsec%253Dfrontcover%2526source%253Dgbs_vpt_read%2526hl%253Den&hl=en", "distance": "2"}
{"url": "https://play.google.com/books/reader?id=L1o-CwAAQBAJ&printsec=frontcover&source=gbs_vpt_read", "distance": "2"}
{"url": "https://www.google.com/books/edition/_/L1o-CwAAQBAJ?hl=en&newbks=1&gbpv=1&pg=PP1&printsec=frontcover", "distance": "2"}
{"url": "https://play.google.com/store/books/details?id=L1o-CwAAQBAJ&rdid=book-L1o-CwAAQBAJ&rdot=1&source=gbs_vpt_read", "distance": "2"}
{"url": "https://books.google.com/books?id=L1o-CwAAQBAJ&printsec=frontcover", "distance": "2"}
{"url": "https://books.google.com/books?id=L1o-CwAAQBAJ&sitesec=reviews", "distance": "2"}
{"url": "https://www.google.com/accounts/Login?service=print&continue=https://books.google.com/books%3Fop%3Dlookup%26id%3DL1o-CwAAQBAJ%26continue%3Dhttps://books.google.com/books%253Fid%253DL1o-CwAAQBAJ%2526printsec%253Dfrontcover%2526source%253Dgbs_vpt_read%2526hl%253Den&hl=en", "distance": "2"}
{"url": "https://books.google.com/books?id=L1o-CwAAQBAJ&pg=PR3&lpg=PP1&focus=viewport", "distance": "2"}
{"url": "https://www.google.com/intl/en/about/products?tab=ph", "distance": "2"}
{"url": "https://www.google.com/accounts/Login?service=print&continue=https://books.google.com/books%3Fid%3DL1o-CwAAQBAJ%26newbks%3D0%26printsec%3Dfrontcover%26pg%3DPA188%26dq%3Dnyush%26hl%3Den&hl=en&ec=GAZACg", "distance": "2"}
{"url": "https://books.google.com/?hl=en&tab=pp", "distance": "2"}
{"url": "https://books.google.com/books?id=L1o-CwAAQBAJ&newbks=0&printsec=frontcover&pg=PA188&dq=nyush&hl=en&output=html_text", "distance": "2"}
{"url": "https://www.google.com/accounts/Login?service=print&continue=https://books.google.com/books%3Fop%3Dlookup%26id%3DL1o-CwAAQBAJ%26continue%3Dhttps://books.google.com/books%253Fid%253DL1o-CwAAQBAJ%2526newbks%253D0%2526printsec%253Dfrontcover%2526pg%253DPA188%2526dq%253Dnyush%2526hl%253Den&hl=en", "distance": "2"}
{"url": "https://books.google.com/books?id=L1o-CwAAQBAJ&newbks=0&printsec=frontcover&source=gbs_vpt_read", "distance": "2"}
{"url": "https://play.google.com/books/reader?id=L1o-CwAAQBAJ&printsec=frontcover&source=gbs_vpt_read", "distance": "2"}
{"url": "https://play.google.com/store/books/details?id=L1o-CwAAQBAJ&rdid=book-L1o-CwAAQBAJ&rdot=1&source=gbs_vpt_read", "distance": "2"}
{"url": "https://books.google.com/books?id=L1o-CwAAQBAJ&newbks=0&printsec=frontcover", "distance": "2"}
{"url": "https://books.google.com/books?id=L1o-CwAAQBAJ&dq=nyush&sitesec=reviews", "distance": "2"}
{"url": "https://www.google.com/accounts/Login?service=print&continue=https://books.google.com/books%3Fop%3Dlookup%26id%3DL1o-CwAAQBAJ%26continue%3Dhttps://books.google.com/books%253Fid%253DL1o-CwAAQBAJ%2526newbks%253D0%2526printsec%253Dfrontcover%2526pg%253DPA188%2526dq%253Dnyush%2526hl%253Den&hl=en", "distance": "2"}
{"url": "https://books.google.com/support/answer/43729?topic=9259&hl=en", "distance": "2"}
{"url": "https://www.google.com/intl/en/about/products?tab=ph", "distance": "2"}
{"url": "https://www.google.com/accounts/Login?service=print&continue=https://books.google.com/books%3Fid%3DL1o-CwAAQBAJ%26printsec%3Dfrontcover%26hl%3Den&hl=en&ec=GAZACg", "distance": "2"}
{"url": "https://books.google.com/?hl=en&tab=pp", "distance": "2"}
{"url": "https://books.google.com/books?id=L1o-CwAAQBAJ&printsec=frontcover&hl=en&output=html_text", "distance": "2"}
{"url": "https://www.google.com/accounts/Login?service=print&continue=https://books.google.com/books%3Fop%3Dlookup%26id%3DL1o-CwAAQBAJ%26continue%3Dhttps://books.google.com/books%253Fid%253DL1o-CwAAQBAJ%2526printsec%253Dfrontcover%2526hl%253Den&hl=en", "distance": "2"}
{"url": "https://play.google.com/books/reader?id=L1o-CwAAQBAJ&printsec=frontcover&source=gbs_vpt_read", "distance": "2"}
{"url": "https://www.google.com/books/edition/_/L1o-CwAAQBAJ?hl=en&newbks=1&gbpv=1&pg=PP1&printsec=frontcover", "distance": "2"}
{"url": "https://play.google.com/store/books/details?id=L1o-CwAAQBAJ&rdid=book-L1o-CwAAQBAJ&rdot=1&source=gbs_vpt_read", "distance": "2"}
{"url": "https://books.google.com/books?id=L1o-CwAAQBAJ&sitesec=reviews", "distance": "2"}
{"url": "https://www.google.com/accounts/Login?service=print&continue=https://books.google.com/books%3Fop%3Dlookup%26id%3DL1o-CwAAQBAJ%26continue%3Dhttps://books.google.com/books%253Fid%253DL1o-CwAAQBAJ%2526printsec%253Dfrontcover%2526hl%253Den&hl=en", "distance": "2"}
{"url": "https://books.google.com/books?id=L1o-CwAAQBAJ&pg=PR3&lpg=PP1&focus=viewport", "distance": "2"}
{"url": "https://shanghai.nyu.edu", "distance": "1"}
{"url": "https://shanghai.nyu.edu/cn", "distance": "1"}
{"url": "https://wordpress.org/", "distance": "1"}
{"url": "https://e.weibo.com/nyushanghai", "distance": "1"}
{"url": "https://bit.ly/12jI0zn", "distance": "1"}
{"url": "https://on.fb.me/13jBz5A", "distance": "1"}
{"url": "https://shanghai.nyu.edu/contact", "distance": "1"}
{"url": "https://shanghai.nyu.edu", "distance": "1"}
{"url": "https://www.google.com/intl/en/about/products?tab=ph", "distance": "2"}
{"url": "https://www.google.com/accounts/Login?service=print&continue=https://books.google.com/books%3Fid%3DL1o-CwAAQBAJ%26pg%3DPA190%26lpg%3DPA188%26ots%3Ds_VNV8Xtou%26dq%3Dnyush%26hl%3Den&hl=en&ec=GAZACg", "distance": "2"}
{"url": "https://books.google.com/?hl=en&tab=pp", "distance": "2"}
{"url": "https://books.google.com/books?id=L1o-CwAAQBAJ&pg=PA190&lpg=PA188&ots=s_VNV8Xtou&dq=nyush&hl=en&output=html_text", "distance": "2"}
{"url": "https://www.google.com/accounts/Login?service=print&continue=https://books.google.com/books%3Fop%3Dlookup%26id%3DL1o-CwAAQBAJ%26continue%3Dhttps://books.google.com/books%253Fid%253DL1o-CwAAQBAJ%2526pg%253DPA190%2526lpg%253DPA188%2526ots%253Ds_VNV8Xtou%2526dq%253Dnyush%2526hl%253Den&hl=en", "distance": "2"}
{"url": "https://play.google.com/books/reader?id=L1o-CwAAQBAJ&printsec=frontcover&source=gbs_vpt_read", "distance": "2"}
{"url": "https://www.google.com/books/edition/_/L1o-CwAAQBAJ?hl=en&newbks=1&gbpv=1&dq=nyush&pg=PA190&printsec=frontcover", "distance": "2"}
{"url": "https://play.google.com/store/books/details?id=L1o-CwAAQBAJ&rdid=book-L1o-CwAAQBAJ&rdot=1&source=gbs_vpt_read", "distance": "2"}
{"url": "https://books.google.com/books?id=L1o-CwAAQBAJ&dq=nyush&sitesec=reviews", "distance": "2"}
{"url": "https://www.google.com/accounts/Login?service=print&continue=https://books.google.com/books%3Fop%3Dlookup%26id%3DL1o-CwAAQBAJ%26continue%3Dhttps://books.google.com/books%253Fid%253DL1o-CwAAQBAJ%2526pg%253DPA190%2526lpg%253DPA188%2526ots%253Ds_VNV8Xtou%2526dq%253Dnyush%2526hl%253Den&hl=en", "distance": "2"}
{"url": "https://books.google.com/books?id=L1o-CwAAQBAJ&pg=PA191&lpg=PA188&ots=s_VNV8Xtou&focus=viewport&dq=nyush", "distance": "2"}
{"url": "https://docs.google.com/forms/d/e/1FAIpQLSfUiixY0-cKWNaJwQ8vjfBKyGZBV6IXoQe8J-cLz4mrRkmqiA/reportabuse?source=https://docs.google.com/forms/d/e/1FAIpQLSfUiixY0-cKWNaJwQ8vjfBKyGZBV6IXoQe8J-cLz4mrRkmqiA/viewform", "distance": "2"}
{"url": "https://accounts.google.com/signin/usernamerecovery?continue=https%3A%2F%2Fbooks.google.com%2Fbooks%3Fop%3Dlookup%26id%3DHOtIAwAAQBAJ%26continue%3Dhttps%3A%2F%2Fbooks.google.com%2Fbooks%253Fid%253DHOtIAwAAQBAJ%2526pg%253DPA53%2526lpg%253DPA53%2526dq%253Dnyush%2526source%253Dbl%2526ots%253Dr0jIlZhGWI%2526sig%253DACfU3U2cEtXjJblBKna7BP4alSOytRq_QA%2526hl%253Den%2526sa%253DX&service=print&hl=en", "distance": "2"}
{"url": "https://accounts.google.com/signin/usernamerecovery?continue=https%3A%2F%2Fbooks.google.com%2Fbooks%3Fid%3DHOtIAwAAQBAJ%26pg%3DPA53%26lpg%3DPA53%26dq%3Dnyush%26source%3Dbl%26ots%3Dr0jIlZhGWI%26sig%3DACfU3U2cEtXjJblBKna7BP4alSOytRq_QA%26hl%3Den%26sa%3DX&service=print&hl=en", "distance": "2"}
{"url": "https://www.google.com/intl/en/about/products?tab=ph", "distance": "2"}
{"url": "https://www.google.com/accounts/Login?service=print&continue=https://books.google.com/books%3Fid%3DHOtIAwAAQBAJ%26printsec%3Dfrontcover%26hl%3Den&hl=en&ec=GAZACg", "distance": "2"}
{"url": "https://books.google.com/?hl=en&tab=pp", "distance": "2"}
{"url": "https://books.google.com/books?id=HOtIAwAAQBAJ&printsec=frontcover&hl=en&output=html_text", "distance": "2"}
{"url": "https://www.google.com/accounts/Login?service=print&continue=https://books.google.com/books%3Fop%3Dlookup%26id%3DHOtIAwAAQBAJ%26continue%3Dhttps://books.google.com/books%253Fid%253DHOtIAwAAQBAJ%2526printsec%253Dfrontcover%2526hl%253Den&hl=en", "distance": "2"}
{"url": "https://books.google.com/books?id=HOtIAwAAQBAJ&printsec=frontcover&source=gbs_vpt_read", "distance": "2"}
{"url": "https://www.google.com/books/edition/_/HOtIAwAAQBAJ?hl=en&newbks=1&gbpv=1&pg=PP1&printsec=frontcover", "distance": "2"}
{"url": "https://books.google.com/books?id=80Vtsy6nTMkC", "distance": "2"}
{"url": "https://books.google.com/books?id=HOtIAwAAQBAJ&sitesec=reviews", "distance": "2"}
{"url": "https://www.google.com/accounts/Login?service=print&continue=https://books.google.com/books%3Fop%3Dlookup%26id%3DHOtIAwAAQBAJ%26continue%3Dhttps://books.google.com/books%253Fid%253DHOtIAwAAQBAJ%2526printsec%253Dfrontcover%2526hl%253Den&hl=en", "distance": "2"}
{"url": "https://books.google.com/books?id=HOtIAwAAQBAJ&pg=PR1&lpg=PP1&focus=viewport", "distance": "2"}
{"url": "https://www.google.com/intl/en/about/products?tab=ph", "distance": "2"}
{"url": "https://www.google.com/accounts/Login?service=print&continue=https://books.google.com/books%3Fid%3DHOtIAwAAQBAJ%26newbks%3D0%26printsec%3Dfrontcover%26pg%3DPA53%26dq%3Dnyush%26hl%3Den&hl=en&ec=GAZACg", "distance": "2"}
{"url": "https://books.google.com/?hl=en&tab=pp", "distance": "2"}
{"url": "https://books.google.com/books?id=HOtIAwAAQBAJ&newbks=0&printsec=frontcover&pg=PA53&dq=nyush&hl=en&output=html_text", "distance": "2"}
{"url": "https://www.google.com/accounts/Login?service=print&continue=https://books.google.com/books%3Fop%3Dlookup%26id%3DHOtIAwAAQBAJ%26continue%3Dhttps://books.google.com/books%253Fid%253DHOtIAwAAQBAJ%2526newbks%253D0%2526printsec%253Dfrontcover%2526pg%253DPA53%2526dq%253Dnyush%2526hl%253Den&hl=en", "distance": "2"}
{"url": "https://books.google.com/books?id=HOtIAwAAQBAJ&newbks=0&printsec=frontcover&source=gbs_vpt_read", "distance": "2"}
{"url": "https://books.google.com/books?id=80Vtsy6nTMkC&dq=nyush", "distance": "2"}
{"url": "https://books.google.com/books?id=HOtIAwAAQBAJ&newbks=0&printsec=frontcover", "distance": "2"}
{"url": "https://books.google.com/books?id=HOtIAwAAQBAJ&dq=nyush&sitesec=reviews", "distance": "2"}
{"url": "https://www.google.com/accounts/Login?service=print&continue=https://books.google.com/books%3Fop%3Dlookup%26id%3DHOtIAwAAQBAJ%26continue%3Dhttps://books.google.com/books%253Fid%253DHOtIAwAAQBAJ%2526newbks%253D0%2526printsec%253Dfrontcover%2526pg%253DPA53%2526dq%253Dnyush%2526hl%253Den&hl=en", "distance": "2"}
{"url": "https://books.google.com/support/answer/43729?topic=9259&hl=en", "distance": "2"}
{"url": "https://www.google.com/intl/en/about/products?tab=ph", "distance": "2"}
{"url": "https://www.google.com/accounts/Login?service=print&continue=https://books.google.com/books%3Fid%3DHOtIAwAAQBAJ%26pg%3DPA54%26lpg%3DPA53%26ots%3Dr0jIlZhGWI%26dq%3Dnyush%26hl%3Den&hl=en&ec=GAZACg", "distance": "2"}
{"url": "https://books.google.com/?hl=en&tab=pp", "distance": "2"}
{"url": "https://books.google.com/books?id=HOtIAwAAQBAJ&pg=PA54&lpg=PA53&ots=r0jIlZhGWI&dq=nyush&hl=en&output=html_text", "distance": "2"}
{"url": "https://www.google.com/accounts/Login?service=print&continue=https://books.google.com/books%3Fop%3Dlookup%26id%3DHOtIAwAAQBAJ%26continue%3Dhttps://books.google.com/books%253Fid%253DHOtIAwAAQBAJ%2526pg%253DPA54%2526lpg%253DPA53%2526ots%253Dr0jIlZhGWI%2526dq%253Dnyush%2526hl%253Den&hl=en", "distance": "2"}
{"url": "https://books.google.com/books?id=HOtIAwAAQBAJ&printsec=frontcover&source=gbs_vpt_read", "distance": "2"}
{"url": "https://www.google.com/books/edition/_/HOtIAwAAQBAJ?hl=en&newbks=1&gbpv=1&dq=nyush&pg=PA54&printsec=frontcover", "distance": "2"}
{"url": "https://books.google.com/books?id=80Vtsy6nTMkC&dq=nyush", "distance": "2"}
{"url": "https://books.google.com/books?id=HOtIAwAAQBAJ&dq=nyush&sitesec=reviews", "distance": "2"}
{"url": "https://www.google.com/accounts/Login?service=print&continue=https://books.google.com/books%3Fop%3Dlookup%26id%3DHOtIAwAAQBAJ%26continue%3Dhttps://books.google.com/books%253Fid%253DHOtIAwAAQBAJ%2526pg%253DPA54%2526lpg%253DPA53%2526ots%253Dr0jIlZhGWI%2526dq%253Dnyush%2526hl%253Den&hl=en", "distance": "2"}
{"url": "https://books.google.com/books?id=HOtIAwAAQBAJ&pg=PA55&lpg=PA53&ots=r0jIlZhGWI&focus=viewport&dq=nyush", "distance": "2"}
{"url": "https://twitter.com/intent/tweet?text=Over%201000%20NYU%20Students%20and%20Faculty%20Sign%20Petition%20in%20Protest%20of%20the%20Layoffs%20of%20Five%20Liberal%20Studies%20Professors%20at%20NYU%20Paris&url=http%3A%2F%2Foncenturyavenue.org%2F2020%2F11%2Fover-1000-nyu-students-and-faculty-sign-petition-in-protest-of-the-layoffs-of-five-liberal-studies-professors-at-nyu-paris%2F&via=Crunchify", "distance": "2"}
{"url": "https://www.facebook.com/sharer/sharer.php?u=http%3A%2F%2Foncenturyavenue.org%2F2020%2F11%2Fover-1000-nyu-students-and-faculty-sign-petition-in-protest-of-the-layoffs-of-five-liberal-studies-professors-at-nyu-paris%2F", "distance": "2"}
{"url": "http://oncenturyavenue.org/2020/11/learning-to-dance-through-covid-prevention-measures/", "distance": "2"}
{"url": "https://64.media.tumblr.com/ad7585f37d4c276ced7f68a7358696cf/ad7ebdaa0384fadc-d2/s500x750/b64deeb19b5368a779ad6319aea4d8d1edc74d39.gifv", "distance": "2"}
{"url": "https://64.media.tumblr.com/e5786f0b861a95eec3898a9ca9d3ef04/ad7ebdaa0384fadc-95/s500x750/0353a5820632347fe357f8eb0acba180e9a35503.gifv", "distance": "2"}
{"url": "https://64.media.tumblr.com/8c4318dc62349dd144839a769a779c94/ad7ebdaa0384fadc-0b/s540x810/650a033293026fc171695e6376de909811fe31fc.gifv", "distance": "2"}
{"url": "https://www.facebook.com/sharer.php?u=https://tmblr.co/ZolWhdallyNtGu00", "distance": "2"}
{"url": "https://www.twitter.com/share?url=https://tmblr.co/ZolWhdallyNtGu00", "distance": "2"}
{"url": "https://64.media.tumblr.com/355fbb556b3e5674febf032e3aad8fdc/b21a153ed1ccf113-46/s540x810/fd08a2b6e7992f0561c1dd229abf46a59e5ddee0.gifv", "distance": "2"}
{"url": "https://64.media.tumblr.com/5515d5e98e7db2dcbb923c2365195d00/b21a153ed1ccf113-6f/s540x810/8391b594ea9b0a16fd0b35709d7da1153f01dab4.gifv", "distance": "2"}
{"url": "https://64.media.tumblr.com/7d79187d0ca25ca0640aebda9852612e/b21a153ed1ccf113-85/s540x810/9d40f314f94be4f05590f9c4aa1b5333d9a222c5.gifv", "distance": "2"}
{"url": "https://www.facebook.com/sharer.php?u=https://tmblr.co/ZolWhdanF3oV0a00", "distance": "2"}
{"url": "https://www.twitter.com/share?url=https://tmblr.co/ZolWhdanF3oV0a00", "distance": "2"}
{"url": "https://64.media.tumblr.com/44a2b590f943af050bb9a3fe73b4696f/3816d16ecb59344d-3e/s540x810/89550f510f1508c0a68e0cfd02336b36291f1f78.gifv", "distance": "2"}
{"url": "https://64.media.tumblr.com/3d54cdd4bd1e855e765bd2bb1fb5bee8/3816d16ecb59344d-02/s540x810/658b7a4de2933e07b0b074007729b72cd975e2fb.gifv", "distance": "2"}
{"url": "https://64.media.tumblr.com/8ca22e5872409516cd031fab38f2eaa1/3816d16ecb59344d-5d/s540x810/18d40064285f42dde02f538b6249569d78922640.gifv", "distance": "2"}
{"url": "https://64.media.tumblr.com/f207e250e7a6b6670455a0c98d49cd19/3816d16ecb59344d-c7/s640x960/48a6b49b23101009352a128d8b9fb39f42f842f4.gifv", "distance": "2"}
{"url": "https://64.media.tumblr.com/304f6d39d800c32d550ef2f09b88c465/3816d16ecb59344d-88/s540x810/25f46c06684eb1c3fe13e74c1ca047ece6fdd8f1.gifv", "distance": "2"}
{"url": "https://64.media.tumblr.com/47e8a510712623e0796119e1795a2f4e/3816d16ecb59344d-8e/s540x810/68e93b21f467053d9ab401aae4dd5bf478ae71a7.gifv", "distance": "2"}
{"url": "https://www.facebook.com/sharer.php?u=https://tmblr.co/ZolWhdanDsn4eq00", "distance": "2"}
{"url": "https://www.twitter.com/share?url=https://tmblr.co/ZolWhdanDsn4eq00", "distance": "2"}
{"url": "https://64.media.tumblr.com/3f040babacbe474f7648869393eee910/3e168d3ee988e072-dc/s640x960/7faf57297c5b14108e024259b88c31b5e40b4c29.gifv", "distance": "2"}
{"url": "https://64.media.tumblr.com/8ea82285b86e5ef4ed4f69815faff6f2/3e168d3ee988e072-42/s640x960/6a0f4b08d0a8caf7cdb4018335c2e05da2709cb8.gifv", "distance": "2"}
{"url": "https://64.media.tumblr.com/d8849dc8600f33bd80c9def26577c7e5/3e168d3ee988e072-b1/s640x960/7d01c72ba81441f9e34497b711ae186e41a8c89e.gifv", "distance": "2"}
{"url": "https://www.facebook.com/sharer.php?u=https://tmblr.co/ZolWhdanDVamOy00", "distance": "2"}
{"url": "https://www.twitter.com/share?url=https://tmblr.co/ZolWhdanDVamOy00", "distance": "2"}
{"url": "https://64.media.tumblr.com/43882f2c574c55b804e0e856ac4f3e74/8640e71177dc1f47-c9/s1280x1920/650c6e6176aeeab02ad9e0a60e9df0868307f040.gifv", "distance": "2"}
{"url": "https://64.media.tumblr.com/7bc15cd42497b8a98d12c96a34e43625/8640e71177dc1f47-e1/s1280x1920/aa4e83134efb1666b05c527dff2020833ec77744.gifv", "distance": "2"}
{"url": "https://64.media.tumblr.com/89b88f1587665e51df63696b6bd8040f/8640e71177dc1f47-b1/s1280x1920/e732432ccd20bc473d71080261773cb3b798544a.gifv", "distance": "2"}
{"url": "https://64.media.tumblr.com/44804c2f2fcd9971f0c7d2b6cbabaf50/8640e71177dc1f47-e1/s1280x1920/ab0a29902f60d8b12ef73093d44027ff68f193f3.gifv", "distance": "2"}
{"url": "https://64.media.tumblr.com/e3ffc265d398cf79b642cd94122469c7/8640e71177dc1f47-29/s1280x1920/fa8ca71b0d6278af0a85ea56be84cd3741eee2a5.gifv", "distance": "2"}
{"url": "https://64.media.tumblr.com/0ab404165d7f6858d4562e428a486e44/8640e71177dc1f47-1f/s1280x1920/46cadc93e0b518545ca02d0af09b24305b0d5cbc.gifv", "distance": "2"}
{"url": "https://www.facebook.com/sharer.php?u=https://tmblr.co/ZolWhdamux3-Ga00", "distance": "2"}
{"url": "https://www.twitter.com/share?url=https://tmblr.co/ZolWhdamux3-Ga00", "distance": "2"}
{"url": "https://64.media.tumblr.com/4eedce576bbad8863743e0e4c5dd9bdf/4d7a170b0ab11e2c-fa/s540x810/263ed0dab1931bf7d173c0fe04fcc030a226b386.gifv", "distance": "2"}
{"url": "https://64.media.tumblr.com/475076b28e3b734d53d52ea33145ae99/4d7a170b0ab11e2c-63/s540x810/17ab3c6b1ecdb5dc7cdd0dafbf2939186055ec68.gifv", "distance": "2"}
{"url": "https://64.media.tumblr.com/8c4ac796b23a59013f733e4468915942/4d7a170b0ab11e2c-0f/s540x810/ab53d814e54895227e4bca8a582ce169375aa41e.gifv", "distance": "2"}
{"url": "https://www.facebook.com/sharer.php?u=https://tmblr.co/ZolWhdamYtWo8q00", "distance": "2"}
{"url": "https://www.twitter.com/share?url=https://tmblr.co/ZolWhdamYtWo8q00", "distance": "2"}
{"url": "https://64.media.tumblr.com/a5f41cce62ef0ca1fd5169c2ec8cdf5a/f4b77352b71fa2a0-3f/s640x960/d4ee1ee84216ba5ec7c3643b2e6460319ee332cf.gifv", "distance": "2"}
{"url": "https://64.media.tumblr.com/33dc09b1aeb2b6f5ac7ed3989023266b/f4b77352b71fa2a0-2d/s640x960/38a574bb1fd0f0bab523cdfd6cdfd6d36447eac7.gifv", "distance": "2"}
{"url": "https://www.facebook.com/sharer.php?u=https://tmblr.co/ZolWhdamOv-YyW00", "distance": "2"}
{"url": "https://www.twitter.com/share?url=https://tmblr.co/ZolWhdamOv-YyW00", "distance": "2"}
{"url": "https://64.media.tumblr.com/5f5dbaead2668b7727b40a5fe8a426ae/28d63b18f2a10dee-61/s540x810/813493a3d49470a40c746125a77e541d2b112c45.gifv", "distance": "2"}
{"url": "https://64.media.tumblr.com/2509db44374614e31132ff37bada41c0/28d63b18f2a10dee-ad/s540x810/025f582ff86533e469e3072569301ad6e09ef658.gifv", "distance": "2"}
{"url": "https://64.media.tumblr.com/4724ecdbd5de3d4f24d7aa5721754c5e/28d63b18f2a10dee-f7/s500x750/c800ed74c17a07c538ae0e76d1857bae4ac6089e.gifv", "distance": "2"}
{"url": "https://64.media.tumblr.com/3640cc3129c4a043cb794278c23ecedf/28d63b18f2a10dee-9a/s500x750/8245fdd188ad335dd777f8d5628e9585f4bed6d4.gifv", "distance": "2"}
{"url": "https://64.media.tumblr.com/7ce919caae5022bf3554198546e204a5/28d63b18f2a10dee-4e/s500x750/6cf319bb909e8efb477e658c0a54f23ae1b3f019.gifv", "distance": "2"}
{"url": "https://64.media.tumblr.com/a64856bb1bc002d1beeb3ef201fa57ec/28d63b18f2a10dee-b7/s500x750/f4bbd36088788035f5d2550c12e3792a4cb7f9c2.gifv", "distance": "2"}
{"url": "https://64.media.tumblr.com/b69b20834b5e9198354702b0056e2557/28d63b18f2a10dee-92/s500x750/dd2a5ba851999d30dd7dde67630c2a2329c9ddcb.gifv", "distance": "2"}
{"url": "https://64.media.tumblr.com/5863cfc5c24740cf93b873404887a721/28d63b18f2a10dee-a6/s500x750/24a2ff06193b199ff4c67910f33bf4a0bbd034ef.gifv", "distance": "2"}
{"url": "https://64.media.tumblr.com/87d9f31233e25610b9fdf4347492e91d/28d63b18f2a10dee-ff/s500x750/7f7b888ab3513787b128517a4a1c80e43fbac6ce.gifv", "distance": "2"}
{"url": "https://64.media.tumblr.com/17445f56d31d20c497906c41297f4957/28d63b18f2a10dee-9f/s500x750/25f7c15df0a718ed838aaefc9d4c99a1af36e3e0.gifv", "distance": "2"}
{"url": "https://www.facebook.com/sharer.php?u=https://tmblr.co/ZolWhdam21rhyq00", "distance": "2"}
{"url": "https://www.twitter.com/share?url=https://tmblr.co/ZolWhdam21rhyq00", "distance": "2"}
{"url": "https://64.media.tumblr.com/a02239aae7b37db36b7591035ca25409/ad0afaa7442c0a79-29/s640x960/d41eed8c44de1d20293278f453c6ad407b1580af.gifv", "distance": "2"}
{"url": "https://64.media.tumblr.com/bb5cd9782e890f13751ab8aca3548897/ad0afaa7442c0a79-a6/s640x960/5f4c0121e523bf3f15efc7f6abe61662e21d6884.gifv", "distance": "2"}
{"url": "https://64.media.tumblr.com/69e9ad81e1f3606176c961725cf01a0e/ad0afaa7442c0a79-69/s640x960/028aebf75516bc5e8c4fb321ee5c9b79c9e734a4.gifv", "distance": "2"}
{"url": "https://64.media.tumblr.com/95c06f11d9ae8f8923b12ae01a697e7d/ad0afaa7442c0a79-96/s640x960/855b63cf8cdf100b3ae467d43b7eeaaf03f0f482.gifv", "distance": "2"}
{"url": "https://www.facebook.com/sharer.php?u=https://tmblr.co/ZolWhdal_bVtSu00", "distance": "2"}
{"url": "https://www.twitter.com/share?url=https://tmblr.co/ZolWhdal_bVtSu00", "distance": "2"}
{"url": "https://64.media.tumblr.com/2bee3ce9a75ad594f656c3c4a975e854/525a08d5780ba8e7-eb/s500x750/6a191fe0823dea1b9f253ba24ea07aa2ae1bc044.gifv", "distance": "2"}
{"url": "https://64.media.tumblr.com/1edee123bc5b5e5433d36e8d2821842c/525a08d5780ba8e7-72/s500x750/ee03031a7260f0664f9745d8172224a51b8747e7.gifv", "distance": "2"}
{"url": "https://64.media.tumblr.com/86c5e883846eb3f717be81ba4ba053de/525a08d5780ba8e7-54/s500x750/6624a6a774299750e2cd5e1f3c0f203269cc685a.gifv", "distance": "2"}
{"url": "https://64.media.tumblr.com/7dffb413bda83992b8e45bfdfaee7fbf/525a08d5780ba8e7-8d/s500x750/7ecd40c1cf7d10e32b0726fcb8ef6c952a9fcbf0.gifv", "distance": "2"}
{"url": "https://64.media.tumblr.com/ecf67a98ec389492a6b35c767aa1106d/525a08d5780ba8e7-5f/s500x750/1abc00d26c981cb43770bad218bcbe3de1e1c860.gifv", "distance": "2"}
{"url": "https://64.media.tumblr.com/1737e2dfa01c153ddbc93d519cc1f4fe/525a08d5780ba8e7-05/s500x750/bb0b7030afcd73c82b39dc93f3c96be560d04cbc.gifv", "distance": "2"}
{"url": "https://64.media.tumblr.com/eca93a6fe323912d373f43c3170adcf8/525a08d5780ba8e7-07/s500x750/554d8a80236b5b6bb61e03fe39da9f4058f73fe1.gifv", "distance": "2"}
{"url": "https://64.media.tumblr.com/6f5df5c2f43f02493577c8e6c6269ea0/525a08d5780ba8e7-d8/s500x750/44d6c87aa5b889a724c24e1c2b715426a580f7cd.gifv", "distance": "2"}
{"url": "https://www.facebook.com/sharer.php?u=https://tmblr.co/ZolWhdalnw3Ymm00", "distance": "2"}
{"url": "https://www.twitter.com/share?url=https://tmblr.co/ZolWhdalnw3Ymm00", "distance": "2"}
{"url": "https://64.media.tumblr.com/087394df3e4bb007d5eeee865e3a3bd3/7aeff4d72e63579c-a9/s540x810/300e3a11ba90f1a8c8727c058069e2be40df1fc8.gifv", "distance": "2"}
{"url": "https://64.media.tumblr.com/b31096e7620ccb2b62148ceab62069c1/7aeff4d72e63579c-d0/s540x810/c11ae21c5048d590737d791194d60a702c82de0f.gifv", "distance": "2"}
{"url": "https://64.media.tumblr.com/00ae47d7777a4b54addd01d5a02ea4b2/7aeff4d72e63579c-af/s540x810/22925c521d49a7863a7985e9f709fa15b8b96679.gifv", "distance": "2"}
{"url": "https://64.media.tumblr.com/9b5f18668b40ffd04f17ba52d0537254/7aeff4d72e63579c-84/s540x810/26b1f52a4116986c4c2fedddc6eb8166efee1ed3.gifv", "distance": "2"}
{"url": "https://www.facebook.com/sharer.php?u=https://tmblr.co/ZolWhdalkWnQWa00", "distance": "2"}
{"url": "https://www.twitter.com/share?url=https://tmblr.co/ZolWhdalkWnQWa00", "distance": "2"}
{"url": "https://64.media.tumblr.com/6248886b43c11eb1dd7826e6113c657e/31e6737239b12938-14/s640x960/c1ace4236e33648d4ccb58eb09d36895b7c34659.gifv", "distance": "2"}
{"url": "https://64.media.tumblr.com/adc9c785b5b726549a1807c4da9e625e/31e6737239b12938-26/s640x960/80c6b06554d4b7728a0749bb028e472768b55638.gifv", "distance": "2"}
{"url": "https://64.media.tumblr.com/21551170d97f1b3337fa528c70ddcf49/31e6737239b12938-5e/s640x960/283b97632f2d34ffa862df5f4d7ad45da0c53400.gifv", "distance": "2"}
{"url": "https://64.media.tumblr.com/29003fcfb6faf11343b73ba30d23828a/31e6737239b12938-58/s640x960/7ee0225087df92e41d1c1e4797f1d055c41adb23.gifv", "distance": "2"}
{"url": "https://64.media.tumblr.com/fe9b539cd34e8a15bc67e1f2caf20145/31e6737239b12938-d8/s640x960/b0512b82106503dc4e37b7b70114523f94b4e424.gifv", "distance": "2"}
{"url": "https://64.media.tumblr.com/06fcc416f7865a713a348901e658533d/31e6737239b12938-30/s640x960/285e6be8515f1d09d79c1d56aca18faf2d0693db.gifv", "distance": "2"}
{"url": "https://www.facebook.com/sharer.php?u=https://tmblr.co/ZolWhdaliEmouu00", "distance": "2"}
{"url": "https://www.twitter.com/share?url=https://tmblr.co/ZolWhdaliEmouu00", "distance": "2"}
{"url": "https://64.media.tumblr.com/15d8368f4d6a0a88e22f9a31b3a9e7fc/6d7fc8cb2db76875-0b/s640x960/1c5fa8c4f67116dbf2c20ea0a028aab0eb53c06e.gifv", "distance": "2"}
{"url": "https://64.media.tumblr.com/a7ed39198102f2e1c2dbe157ecc5018c/6d7fc8cb2db76875-f5/s640x960/d00468cc30eb7534fa7a991993b7f5d7fcb9afef.gifv", "distance": "2"}
{"url": "https://64.media.tumblr.com/9c1eaf27d51bb3417b0ffe579a1e6d85/6d7fc8cb2db76875-c2/s640x960/49007a5a7cf911f0a892e2dc8fd2be2dc45b7b50.gifv", "distance": "2"}
{"url": "https://www.facebook.com/sharer.php?u=https://tmblr.co/ZolWhdalgaoQCa00", "distance": "2"}
{"url": "https://www.twitter.com/share?url=https://tmblr.co/ZolWhdalgaoQCa00", "distance": "2"}
{"url": "https://64.media.tumblr.com/0992431664a65554a471e4a4ba62ce8b/03b8ee5847223883-ef/s640x960/127c87ab39a96e68ca1a1c118f0590702559f42f.gifv", "distance": "2"}
{"url": "https://64.media.tumblr.com/d0200521e7c0070196768c69c4e6a990/03b8ee5847223883-3b/s640x960/8d3fda6833549bb6b9ca3c46bb5d24fe29465242.gifv", "distance": "2"}
{"url": "https://64.media.tumblr.com/58c83288661681685dd82370b58a8eff/03b8ee5847223883-96/s640x960/16c9d7af117228eccc9bc2edbfa7b85d6893adec.gifv", "distance": "2"}
{"url": "https://64.media.tumblr.com/57aee652797d1a376dbd987172ef9042/03b8ee5847223883-18/s640x960/22a45f7f68d5ebbede76f322ff99c8ef4f003fea.gifv", "distance": "2"}
{"url": "https://www.facebook.com/sharer.php?u=https://tmblr.co/ZolWhdalfW2_Gy00", "distance": "2"}
{"url": "https://www.twitter.com/share?url=https://tmblr.co/ZolWhdalfW2_Gy00", "distance": "2"}
{"url": "https://64.media.tumblr.com/506476cf8d615d05e27db62613931be5/4581ec05eb99425a-9f/s640x960/5896225f38b5463695705cf37ddcc8742519b314.gifv", "distance": "2"}
{"url": "https://64.media.tumblr.com/33c72a65aa0e3a6b1e4b325db6157a4c/4581ec05eb99425a-75/s640x960/59f971acd568c51327522eae22c8301f1d1ed8e0.gifv", "distance": "2"}
{"url": "https://64.media.tumblr.com/cc237c66a97288de6ed06b251e6e0cb7/4581ec05eb99425a-df/s640x960/e4e5bbf90131e8460e24295e10c3ce1b942d9d11.gifv", "distance": "2"}
{"url": "https://www.facebook.com/sharer.php?u=https://tmblr.co/ZolWhdaleIsiCa00", "distance": "2"}
{"url": "https://www.twitter.com/share?url=https://tmblr.co/ZolWhdaleIsiCa00", "distance": "2"}
{"url": "https://nyushaofficial.tumblr.com/rss", "distance": "2"}
{"url": "https://nyushaofficial.tumblr.com/image/167980153720", "distance": "2"}
{"url": "https://nyushaofficial.tumblr.com/image/158809016910", "distance": "2"}
{"url": "https://nyushaofficial.tumblr.com/image/158809007865", "distance": "2"}
{"url": "https://nyushaofficial.tumblr.com/image/145745662530", "distance": "2"}
{"url": "https://nyushaofficial.tumblr.com/image/133721727820", "distance": "2"}
{"url": "https://nyushaofficial.tumblr.com/image/121294701145", "distance": "2"}
{"url": "https://nyushaofficial.tumblr.com/image/119860076995", "distance": "2"}
{"url": "https://nyushaofficial.tumblr.com/image/116801355690", "distance": "2"}
{"url": "https://nyushaofficial.tumblr.com/image/116623877185", "distance": "2"}
{"url": "https://nyushaofficial.tumblr.com/image/114828859175", "distance": "2"}
{"url": "https://twitter.com/intent/tweet?text=An%20Overview%20of%20the%20PEER-Pal%20Program%20at%20NYUSH&url=http%3A%2F%2Foncenturyavenue.org%2F2020%2F11%2Fan-overview-of-the-peer-pal-program-at-nyush%2F&via=Crunchify", "distance": "2"}
{"url": "https://www.facebook.com/sharer/sharer.php?u=http%3A%2F%2Foncenturyavenue.org%2F2020%2F11%2Fan-overview-of-the-peer-pal-program-at-nyush%2F", "distance": "2"}
{"url": "http://oncenturyavenue.org/2020/11/perus-congress-committed-a-coup-now-peruvians-are-taking-their-country-back/", "distance": "2"}
{"url": "http://oncenturyavenue.org/2020/11/an-overview-of-the-peer-pal-program-at-nyush/#comment-60954", "distance": "2"}
{"url": "https://monitor.firefox.com/?utm_source=www.mozilla.org&utm_medium=referral&utm_campaign=firefox-home", "distance": "2"}
{"url": "https://accounts.firefox.com/signup?entrypoint=mozilla.org-firefox_home&form_type=button&utm_source=mozilla.org-firefox_home&utm_medium=referral&utm_campaign=firefox-home&utm_content=secondary-join-firefox", "distance": "2"}
{"url": "https://app.adjust.com/2uo1qc?redirect=https%3A%2F%2Fplay.google.com%2Fstore%2Fapps%2Fdetails%3Fid%3Dorg.mozilla.firefox&campaign=www.mozilla.org&adgroup=app-store-banner", "distance": "2"}
{"url": "https://app.adjust.com/2uo1qc?redirect=https%3A%2F%2Fitunes.apple.com%2Fus%2Fapp%2Ffirefox-private-safe-browser%2Fid989804926&campaign=www.mozilla.org&adgroup=app-store-banner", "distance": "2"}
{"url": "https://www.microsoft.com", "distance": "2"}
{"url": "https://www.microsoft.com/en-us/edge", "distance": "2"}
{"url": "https://www.microsoft.com/en-us/edge", "distance": "2"}
{"url": "https://blogs.windows.com/windowsexperience/2021/08/31/windows-11-available-on-october-5/", "distance": "2"}
{"url": "https://www.microsoft.com/en-us/edge/features#collections", "distance": "2"}
{"url": "https://www.microsoft.com/en-us/edge/features#shopping", "distance": "2"}
{"url": "https://www.microsoft.com/en-us/edge/features#security", "distance": "2"}
{"url": "https://www.microsoft.com/en-us/edge/kids-mode", "distance": "2"}
{"url": "https://support.microsoft.com/microsoft-edge/what-is-microsoft-edge-legacy-3e779e55-4c55-08e6-ecc8-2333768c0fb0", "distance": "2"}
{"url": "https://www.microsoftedgeinsider.com", "distance": "2"}
{"url": "https://support.microsoft.com/hub/4337664/microsoft-edge-help", "distance": "2"}
{"url": "https://go.microsoft.com/fwlink/?LinkId=521839", "distance": "2"}
{"url": "https://go.microsoft.com/fwlink/?LinkId=521839", "distance": "2"}
{"url": "https://www.microsoft.com/en-us/edge/worldwide", "distance": "2"}
{"url": "https://www.reddit.com/?utm_source=amp&utm_medium=&utm_content=header_logo", "distance": "2"}
{"url": "https://www.reddit.com/r/news/", "distance": "2"}
{"url": "https://www.reddit.com/r/memes/", "distance": "2"}
{"url": "https://www.reddit.com/r/memes/", "distance": "2"}
{"url": "https://www.reddit.com/r/politics/", "distance": "2"}
{"url": "https://www.reddit.com/r/nextfuckinglevel/", "distance": "2"}
{"url": "https://www.reddit.com/r/funny/", "distance": "2"}
{"url": "https://www.reddit.com/r/news/", "distance": "2"}
{"url": "https://www.reddit.com/r/memes/", "distance": "2"}
{"url": "https://www.reddit.com/r/memes/", "distance": "2"}
{"url": "https://www.reddit.com/r/dankmemes/", "distance": "2"}
{"url": "https://www.reddit.com/r/gaming/", "distance": "2"}
{"url": "https://www.reddit.com/r/memes/", "distance": "2"}
{"url": "https://www.reddit.com/r/funny/", "distance": "2"}
{"url": "https://www.reddit.com/r/memes/", "distance": "2"}
{"url": "https://www.reddit.com/r/wholesomememes/", "distance": "2"}
{"url": "https://www.reddit.com/r/pics/", "distance": "2"}
{"url": "https://www.reddit.com/r/memes/", "distance": "2"}
{"url": "https://www.reddit.com/r/gaming/", "distance": "2"}
{"url": "https://www.reddit.com/r/memes/", "distance": "2"}
{"url": "https://www.reddit.com/r/memes/", "distance": "2"}
{"url": "https://www.reddit.com/r/memes/", "distance": "2"}
{"url": "https://www.reddit.com/r/gaming/", "distance": "2"}
{"url": "https://www.reddit.com/r/memes/", "distance": "2"}
{"url": "https://www.reddit.com/r/MadeMeSmile/", "distance": "2"}
{"url": "https://www.reddit.com/r/memes/", "distance": "2"}
{"url": "https://www.reddit.com/r/MurderedByWords/", "distance": "2"}
{"url": "https://www.reddit.com/r/memes/", "distance": "2"}
{"url": "https://www.reddit.com/r/memes/", "distance": "2"}
{"url": "https://www.reddit.com/r/memes/", "distance": "2"}
{"url": "https://www.reddit.com/r/funny/", "distance": "2"}
{"url": "https://www.reddit.com/r/memes/", "distance": "2"}
{"url": "https://www.reddit.com/r/memes/", "distance": "2"}
{"url": "https://www.reddit.com/r/memes/", "distance": "2"}
{"url": "https://www.reddit.com/r/nextfuckinglevel/", "distance": "2"}
{"url": "https://www.reddit.com/r/memes/", "distance": "2"}
{"url": "https://www.reddit.com/r/Damnthatsinteresting/", "distance": "2"}
{"url": "https://www.reddit.com/r/memes/", "distance": "2"}
{"url": "https://www.reddit.com/r/funny/", "distance": "2"}
{"url": "https://www.reddit.com/r/PewdiepieSubmissions/", "distance": "2"}
{"url": "https://www.reddit.com/r/funny/", "distance": "2"}
{"url": "https://www.reddit.com/r/memes/", "distance": "2"}
{"url": "https://www.reddit.com/r/dankmemes/", "distance": "2"}
{"url": "https://www.reddit.com/r/memes/", "distance": "2"}
{"url": "https://www.reddit.com/r/aww/", "distance": "2"}
{"url": "https://www.reddit.com/r/dankmemes/", "distance": "2"}
{"url": "https://www.reddit.com/r/memes/", "distance": "2"}
{"url": "https://www.reddit.com/r/pics/", "distance": "2"}
{"url": "https://www.reddit.com/r/Unexpected/", "distance": "2"}
{"url": "https://www.reddit.com/r/memes/", "distance": "2"}
{"url": "https://www.reddit.com/r/nextfuckinglevel/", "distance": "2"}
{"url": "https://www.reddit.com/r/gifs/", "distance": "2"}
{"url": "https://www.reddit.com/r/memes/", "distance": "2"}
{"url": "https://www.reddit.com/r/facepalm/", "distance": "2"}
{"url": "https://www.reddit.com/r/nextfuckinglevel/", "distance": "2"}
{"url": "https://www.reddit.com/r/memes/", "distance": "2"}
{"url": "https://www.reddit.com/r/news/", "distance": "2"}
{"url": "https://www.reddit.com/r/funny/", "distance": "2"}
{"url": "https://www.reddit.com/r/WhitePeopleTwitter/", "distance": "2"}
{"url": "https://www.reddit.com/r/memes/", "distance": "2"}
{"url": "https://www.reddit.com/r/pics/", "distance": "2"}
{"url": "https://www.reddit.com/r/memes/", "distance": "2"}
{"url": "https://www.reddit.com/r/interestingasfuck/", "distance": "2"}
{"url": "https://www.reddit.com/r/aww/", "distance": "2"}
{"url": "https://www.reddit.com/r/memes/", "distance": "2"}
{"url": "https://www.reddit.com/r/Trumpvirus/", "distance": "2"}
{"url": "https://www.reddit.com/r/dankmemes/", "distance": "2"}
{"url": "https://www.reddit.com/r/memes/", "distance": "2"}
{"url": "https://www.reddit.com/r/pics/", "distance": "2"}
{"url": "https://www.reddit.com/r/funny/", "distance": "2"}
{"url": "https://www.reddit.com/r/memes/", "distance": "2"}
{"url": "https://www.reddit.com/r/dankmemes/", "distance": "2"}
{"url": "https://www.reddit.com/r/pics/", "distance": "2"}
{"url": "https://www.reddit.com/r/memes/", "distance": "2"}
{"url": "https://www.reddit.com/r/memes/", "distance": "2"}
{"url": "https://www.reddit.com/r/nextfuckinglevel/", "distance": "2"}
{"url": "https://www.reddit.com/r/nextfuckinglevel/", "distance": "2"}
{"url": "https://www.reddit.com/r/nextfuckinglevel/", "distance": "2"}
{"url": "https://www.reddit.com/r/memes/", "distance": "2"}
{"url": "https://www.reddit.com/r/memes/", "distance": "2"}
{"url": "https://www.reddit.com/r/wholesomememes/", "distance": "2"}
{"url": "https://www.reddit.com/r/aww/", "distance": "2"}
{"url": "https://www.reddit.com/r/gaming/", "distance": "2"}
{"url": "https://www.reddit.com/r/interestingasfuck/", "distance": "2"}
{"url": "https://www.reddit.com/r/nextfuckinglevel/", "distance": "2"}
{"url": "https://www.reddit.com/r/nextfuckinglevel/", "distance": "2"}
{"url": "https://www.reddit.com/r/funny/", "distance": "2"}
{"url": "https://www.reddit.com/r/news/", "distance": "2"}
{"url": "https://www.reddit.com/r/memes/", "distance": "2"}
{"url": "https://www.reddit.com/r/Wellthatsucks/", "distance": "2"}
{"url": "https://www.reddit.com/r/dankmemes/", "distance": "2"}
{"url": "https://www.reddit.com/r/aww/", "distance": "2"}
{"url": "https://www.reddit.com/r/memes/", "distance": "2"}
{"url": "https://www.reddit.com/r/nextfuckinglevel/", "distance": "2"}
{"url": "https://www.reddit.com/r/pics/", "distance": "2"}
{"url": "https://www.reddit.com/r/gaming/", "distance": "2"}
{"url": "https://www.reddit.com/r/pics/", "distance": "2"}
{"url": "https://www.reddit.com/r/memes/", "distance": "2"}
{"url": "https://www.reddit.com/r/memes/", "distance": "2"}
{"url": "https://www.reddit.com/r/aww/", "distance": "2"}
{"url": "https://www.reddit.com/r/MadeMeSmile/", "distance": "2"}
{"url": "https://www.reddit.com/r/interestingasfuck/", "distance": "2"}
{"url": "https://www.reddit.com/r/Wellthatsucks/", "distance": "2"}
{"url": "https://www.reddit.com/r/memes/", "distance": "2"}
{"url": "https://www.reddit.com/r/memes/", "distance": "2"}
{"url": "https://www.reddit.com/r/Unexpected/", "distance": "2"}
{"url": "https://www.reddit.com/r/memes/", "distance": "2"}
{"url": "https://www.reddit.com/r/pics/", "distance": "2"}
{"url": "https://www.reddit.com/r/memes/", "distance": "2"}
{"url": "https://www.reddit.com/r/memes/", "distance": "2"}
{"url": "https://www.reddit.com/r/AskReddit/", "distance": "2"}
{"url": "https://www.reddit.com/r/Unexpected/", "distance": "2"}
{"url": "https://www.reddit.com/r/memes/", "distance": "2"}
{"url": "https://www.reddit.com/r/politics/", "distance": "2"}
{"url": "https://www.reddit.com/r/memes/", "distance": "2"}
{"url": "https://www.reddit.com/r/funny/", "distance": "2"}
{"url": "https://www.reddit.com/r/interestingasfuck/", "distance": "2"}
{"url": "https://www.reddit.com/r/gaming/", "distance": "2"}
{"url": "https://www.reddit.com/r/nextfuckinglevel/", "distance": "2"}
{"url": "https://www.reddit.com/r/PoliticalHumor/", "distance": "2"}
{"url": "https://www.reddit.com/r/memes/", "distance": "2"}
{"url": "https://www.reddit.com/r/WatchPeopleDieInside/", "distance": "2"}
{"url": "https://www.reddit.com/r/funny/", "distance": "2"}
{"url": "https://www.reddit.com/r/interestingasfuck/", "distance": "2"}
{"url": "https://www.reddit.com/r/nextfuckinglevel/", "distance": "2"}
{"url": "https://www.reddit.com/r/nottheonion/", "distance": "2"}
{"url": "https://www.reddit.com/r/memes/", "distance": "2"}
{"url": "https://www.reddit.com/r/nextfuckinglevel/", "distance": "2"}
{"url": "https://www.reddit.com/r/nextfuckinglevel/", "distance": "2"}
{"url": "https://www.reddit.com/r/interestingasfuck/", "distance": "2"}
{"url": "https://www.reddit.com/r/aww/", "distance": "2"}
{"url": "https://www.reddit.com/r/dankmemes/", "distance": "2"}
{"url": "https://www.reddit.com/r/pics/", "distance": "2"}
{"url": "https://www.reddit.com/r/memes/", "distance": "2"}
{"url": "https://www.reddit.com/r/memes/", "distance": "2"}
{"url": "https://www.reddit.com/r/Showerthoughts/", "distance": "2"}
{"url": "https://www.reddit.com/r/dankmemes/", "distance": "2"}
{"url": "https://www.reddit.com/r/nextfuckinglevel/", "distance": "2"}
{"url": "https://www.reddit.com/r/funny/", "distance": "2"}
{"url": "https://www.reddit.com/r/worldnews/", "distance": "2"}
{"url": "https://www.reddit.com/r/facepalm/", "distance": "2"}
{"url": "https://www.reddit.com/r/dankmemes/", "distance": "2"}
{"url": "https://www.reddit.com/r/povertyfinance/", "distance": "2"}
{"url": "https://www.reddit.com/r/aww/", "distance": "2"}
{"url": "https://www.reddit.com/r/dankmemes/", "distance": "2"}
{"url": "https://www.reddit.com/r/facepalm/", "distance": "2"}
{"url": "https://www.reddit.com/r/nextfuckinglevel/", "distance": "2"}
{"url": "https://www.reddit.com/r/pics/", "distance": "2"}
{"url": "https://www.reddit.com/r/aww/", "distance": "2"}
{"url": "https://www.reddit.com/r/news/", "distance": "2"}
{"url": "https://www.reddit.com/r/dankmemes/", "distance": "2"}
{"url": "https://www.reddit.com/r/aww/", "distance": "2"}
{"url": "https://www.reddit.com/r/aww/", "distance": "2"}
{"url": "https://www.reddit.com/r/politics/", "distance": "2"}
{"url": "https://www.reddit.com/r/pics/", "distance": "2"}
{"url": "https://www.reddit.com/r/nextfuckinglevel/", "distance": "2"}
{"url": "https://www.reddit.com/r/interestingasfuck/", "distance": "2"}
{"url": "https://www.reddit.com/r/dankmemes/", "distance": "2"}
{"url": "https://www.reddit.com/r/MadeMeSmile/", "distance": "2"}
{"url": "https://www.reddit.com/r/memes/", "distance": "2"}
{"url": "https://www.reddit.com/r/memes/", "distance": "2"}
{"url": "https://www.reddit.com/r/memes/", "distance": "2"}
{"url": "https://www.reddit.com/r/memes/", "distance": "2"}
{"url": "https://www.reddit.com/r/pics/", "distance": "2"}
{"url": "https://www.reddit.com/r/MadeMeSmile/", "distance": "2"}
{"url": "https://www.reddit.com/r/dankmemes/", "distance": "2"}
{"url": "https://www.reddit.com/r/interestingasfuck/", "distance": "2"}
{"url": "https://www.reddit.com/r/pics/", "distance": "2"}
{"url": "https://www.reddit.com/r/WhitePeopleTwitter/", "distance": "2"}
{"url": "https://www.reddit.com/r/MurderedByWords/", "distance": "2"}
{"url": "https://www.reddit.com/r/memes/", "distance": "2"}
{"url": "https://www.reddit.com/r/gaming/", "distance": "2"}
{"url": "https://www.reddit.com/r/memes/", "distance": "2"}
{"url": "https://www.reddit.com/r/memes/", "distance": "2"}
{"url": "https://www.reddit.com/r/memes/", "distance": "2"}
{"url": "https://www.reddit.com/r/dankmemes/", "distance": "2"}
{"url": "https://www.reddit.com/r/aww/", "distance": "2"}
{"url": "https://www.reddit.com/r/facepalm/", "distance": "2"}
{"url": "https://www.reddit.com/r/aww/", "distance": "2"}
{"url": "https://www.reddit.com/r/politics/", "distance": "2"}
{"url": "https://www.reddit.com/r/nextfuckinglevel/", "distance": "2"}
{"url": "https://www.reddit.com/r/dankmemes/", "distance": "2"}
{"url": "https://www.reddit.com/r/wholesomememes/", "distance": "2"}
{"url": "https://www.reddit.com/r/aww/", "distance": "2"}
{"url": "https://www.reddit.com/r/aww/", "distance": "2"}
{"url": "https://www.reddit.com/r/news/", "distance": "2"}
{"url": "https://www.reddit.com/r/dankmemes/", "distance": "2"}
{"url": "https://www.reddit.com/r/aww/", "distance": "2"}
{"url": "https://www.reddit.com/r/nextfuckinglevel/", "distance": "2"}
{"url": "https://www.reddit.com/r/worldnews/", "distance": "2"}
{"url": "https://www.reddit.com/r/interestingasfuck/", "distance": "2"}
{"url": "https://www.reddit.com/r/dankmemes/", "distance": "2"}
{"url": "https://www.reddit.com/r/memes/", "distance": "2"}
{"url": "https://www.reddit.com/r/memes/", "distance": "2"}
{"url": "https://www.reddit.com/r/memes/", "distance": "2"}
{"url": "https://www.reddit.com/r/memes/", "distance": "2"}
{"url": "https://www.reddit.com/r/WhitePeopleTwitter/", "distance": "2"}
{"url": "https://www.reddit.com/r/memes/", "distance": "2"}
{"url": "https://www.reddit.com/r/dankmemes/", "distance": "2"}
{"url": "https://www.reddit.com/r/funny/", "distance": "2"}
{"url": "https://www.reddit.com/r/dankmemes/", "distance": "2"}
{"url": "https://www.reddit.com/r/pics/", "distance": "2"}
{"url": "https://www.reddit.com/r/funny/", "distance": "2"}
{"url": "https://www.reddit.com/r/dankmemes/", "distance": "2"}
{"url": "https://www.reddit.com/r/nextfuckinglevel/", "distance": "2"}
{"url": "https://www.reddit.com/r/dankmemes/", "distance": "2"}
{"url": "https://www.reddit.com/r/MadeMeSmile/", "distance": "2"}
{"url": "https://www.reddit.com/r/AskReddit/", "distance": "2"}
{"url": "https://www.reddit.com/r/MadeMeSmile/", "distance": "2"}
{"url": "https://www.reddit.com/r/dankmemes/", "distance": "2"}
{"url": "https://www.reddit.com/r/interestingasfuck/", "distance": "2"}
{"url": "https://www.reddit.com/r/nextfuckinglevel/", "distance": "2"}
{"url": "https://www.reddit.com/r/pics/", "distance": "2"}
{"url": "https://www.reddit.com/r/memes/", "distance": "2"}
{"url": "https://www.reddit.com/r/dankmemes/", "distance": "2"}
{"url": "https://www.reddit.com/r/pics/", "distance": "2"}
{"url": "https://www.reddit.com/r/pics/", "distance": "2"}
{"url": "https://www.reddit.com/r/memes/", "distance": "2"}
{"url": "https://www.reddit.com/r/nextfuckinglevel/", "distance": "2"}
{"url": "https://www.reddit.com/r/MurderedByWords/", "distance": "2"}
{"url": "https://www.reddit.com/r/nextfuckinglevel/", "distance": "2"}
{"url": "https://www.reddit.com/r/memes/", "distance": "2"}
{"url": "https://www.reddit.com/r/facepalm/", "distance": "2"}
{"url": "https://www.reddit.com/r/politics/", "distance": "2"}
{"url": "https://www.reddit.com/r/todayilearned/", "distance": "2"}
{"url": "https://www.reddit.com/r/nextfuckinglevel/", "distance": "2"}
{"url": "https://www.reddit.com/r/WhitePeopleTwitter/", "distance": "2"}
{"url": "https://www.reddit.com/r/funny/", "distance": "2"}
{"url": "https://www.reddit.com/r/memes/", "distance": "2"}
{"url": "https://www.reddit.com/r/memes/", "distance": "2"}
{"url": "https://www.reddit.com/r/nextfuckinglevel/", "distance": "2"}
{"url": "https://www.reddit.com/r/MadeMeSmile/", "distance": "2"}
{"url": "https://www.reddit.com/r/WhitePeopleTwitter/", "distance": "2"}
{"url": "https://www.reddit.com/r/dankmemes/", "distance": "2"}
{"url": "https://www.reddit.com/r/interestingasfuck/", "distance": "2"}
{"url": "https://www.reddit.com/r/MadeMeSmile/", "distance": "2"}
{"url": "https://www.reddit.com/r/aww/", "distance": "2"}
{"url": "https://www.reddit.com/r/funny/", "distance": "2"}
{"url": "https://www.reddit.com/r/dankmemes/", "distance": "2"}
{"url": "https://www.reddit.com/r/gaming/", "distance": "2"}
{"url": "https://www.reddit.com/r/todayilearned/", "distance": "2"}
{"url": "https://www.reddit.com/r/AskReddit/", "distance": "2"}
{"url": "https://www.reddit.com/r/pics/", "distance": "2"}
{"url": "https://www.reddit.com/r/WatchPeopleDieInside/", "distance": "2"}
{"url": "https://www.reddit.com/r/aww/", "distance": "2"}
{"url": "https://www.reddit.com/r/memes/", "distance": "2"}
{"url": "https://www.reddit.com/r/cursedcomments/", "distance": "2"}
{"url": "https://www.reddit.com/r/pics/", "distance": "2"}
{"url": "https://www.reddit.com/r/interestingasfuck/", "distance": "2"}
{"url": "https://www.reddit.com/r/Damnthatsinteresting/", "distance": "2"}
{"url": "https://www.reddit.com/r/memes/", "distance": "2"}
{"url": "https://www.reddit.com/r/funny/", "distance": "2"}
{"url": "https://www.reddit.com/r/HumansBeingBros/", "distance": "2"}
{"url": "https://www.reddit.com/r/memes/", "distance": "2"}
{"url": "https://www.reddit.com/r/dankmemes/", "distance": "2"}
{"url": "https://www.reddit.com/r/interestingasfuck/", "distance": "2"}
{"url": "https://www.reddit.com/r/todayilearned/", "distance": "2"}
{"url": "https://www.reddit.com/r/SelfAwarewolves/", "distance": "2"}
{"url": "https://www.reddit.com/r/WhitePeopleTwitter/", "distance": "2"}
{"url": "https://www.reddit.com/r/comedyheaven/", "distance": "2"}
{"url": "https://www.reddit.com/r/interestingasfuck/", "distance": "2"}
{"url": "https://www.reddit.com/r/dankmemes/", "distance": "2"}
{"url": "https://www.reddit.com/r/europe/", "distance": "2"}
{"url": "https://www.reddit.com/r/interestingasfuck/", "distance": "2"}
{"url": "https://www.reddit.com/r/politics/", "distance": "2"}
{"url": "https://www.reddit.com/r/WhitePeopleTwitter/", "distance": "2"}
{"url": "https://www.reddit.com/r/science/", "distance": "2"}
{"url": "https://www.reddit.com/r/pics/", "distance": "2"}
{"url": "https://www.reddit.com/r/dankmemes/", "distance": "2"}
{"url": "https://www.reddit.com/r/gifs/", "distance": "2"}
{"url": "https://www.reddit.com/r/politics/", "distance": "2"}
{"url": "https://www.reddit.com/r/memes/", "distance": "2"}
{"url": "https://www.reddit.com/r/aww/", "distance": "2"}
{"url": "https://www.reddit.com/r/worldnews/", "distance": "2"}
{"url": "https://www.reddit.com/r/insanepeoplefacebook/", "distance": "2"}
{"url": "https://www.reddit.com/r/news/", "distance": "2"}
{"url": "https://www.reddit.com/r/worldnews/", "distance": "2"}
{"url": "https://www.reddit.com/r/memes/", "distance": "2"}
{"url": "https://www.reddit.com/r/WhitePeopleTwitter/", "distance": "2"}
{"url": "https://www.reddit.com/r/worldnews/", "distance": "2"}
{"url": "https://www.reddit.com/r/dataisbeautiful/", "distance": "2"}
{"url": "https://www.reddit.com/r/gaming/", "distance": "2"}
{"url": "https://www.reddit.com/r/facepalm/", "distance": "2"}
{"url": "https://www.reddit.com/r/dankmemes/", "distance": "2"}
{"url": "https://www.reddit.com/r/aww/", "distance": "2"}
{"url": "https://www.reddit.com/r/dankmemes/", "distance": "2"}
{"url": "https://www.reddit.com/r/gaming/", "distance": "2"}
{"url": "https://www.reddit.com/r/memes/", "distance": "2"}
{"url": "https://www.reddit.com/r/facepalm/", "distance": "2"}
{"url": "https://www.reddit.com/r/interestingasfuck/", "distance": "2"}
{"url": "https://www.reddit.com/r/WhitePeopleTwitter/", "distance": "2"}
{"url": "https://www.reddit.com/r/facepalm/", "distance": "2"}
{"url": "https://www.reddit.com/r/memes/", "distance": "2"}
{"url": "https://www.reddit.com/r/nextfuckinglevel/", "distance": "2"}
{"url": "https://www.reddit.com/r/wholesomememes/", "distance": "2"}
{"url": "https://www.reddit.com/r/nextfuckinglevel/", "distance": "2"}
{"url": "https://www.reddit.com/r/WhitePeopleTwitter/", "distance": "2"}
{"url": "https://www.reddit.com/r/AskReddit/", "distance": "2"}
{"url": "https://www.reddit.com/r/Unexpected/", "distance": "2"}
{"url": "https://www.reddit.com/r/worldnews/", "distance": "2"}
{"url": "https://www.reddit.com/r/WatchPeopleDieInside/", "distance": "2"}
{"url": "https://www.reddit.com/r/dankmemes/", "distance": "2"}
{"url": "https://www.reddit.com/r/dankmemes/", "distance": "2"}
{"url": "https://www.reddit.com/r/pics/", "distance": "2"}
{"url": "https://www.reddit.com/r/WhitePeopleTwitter/", "distance": "2"}
{"url": "https://www.reddit.com/r/MadeMeSmile/", "distance": "2"}
{"url": "https://www.reddit.com/r/memes/", "distance": "2"}
{"url": "https://www.reddit.com/r/aww/", "distance": "2"}
{"url": "https://www.reddit.com/r/dankmemes/", "distance": "2"}
{"url": "https://www.reddit.com/r/ThatsInsane/", "distance": "2"}
{"url": "https://www.reddit.com/r/WhitePeopleTwitter/", "distance": "2"}
{"url": "https://www.reddit.com/r/gaming/", "distance": "2"}
{"url": "https://www.reddit.com/r/nextfuckinglevel/", "distance": "2"}
{"url": "https://www.reddit.com/r/MadeMeSmile/", "distance": "2"}
{"url": "https://www.reddit.com/r/pics/", "distance": "2"}
{"url": "https://www.reddit.com/r/gaming/", "distance": "2"}
{"url": "https://www.reddit.com/r/politics/", "distance": "2"}
{"url": "https://www.reddit.com/r/funny/", "distance": "2"}
{"url": "https://www.reddit.com/r/funny/", "distance": "2"}
{"url": "https://www.reddit.com/r/nextfuckinglevel/", "distance": "2"}
{"url": "https://www.reddit.com/r/nextfuckinglevel/", "distance": "2"}
{"url": "https://www.reddit.com/r/dankmemes/", "distance": "2"}
{"url": "https://www.reddit.com/r/MadeMeSmile/", "distance": "2"}
{"url": "https://www.reddit.com/r/aww/", "distance": "2"}
{"url": "https://www.reddit.com/r/memes/", "distance": "2"}
{"url": "https://www.reddit.com/r/memes/", "distance": "2"}
{"url": "https://www.reddit.com/r/PrequelMemes/", "distance": "2"}
{"url": "https://www.reddit.com/r/memes/", "distance": "2"}
{"url": "https://www.reddit.com/r/memes/", "distance": "2"}
{"url": "https://www.reddit.com/r/memes/", "distance": "2"}
{"url": "https://www.reddit.com/r/aww/", "distance": "2"}
{"url": "https://www.reddit.com/r/dankmemes/", "distance": "2"}
{"url": "https://www.reddit.com/r/pics/", "distance": "2"}
{"url": "https://www.reddit.com/r/MurderedByWords/", "distance": "2"}
{"url": "https://www.reddit.com/r/nextfuckinglevel/", "distance": "2"}
{"url": "https://www.reddit.com/r/worldnews/", "distance": "2"}
{"url": "https://www.reddit.com/r/interestingasfuck/", "distance": "2"}
{"url": "https://www.reddit.com/r/wholesomememes/", "distance": "2"}
{"url": "https://www.reddit.com/r/sports/", "distance": "2"}
{"url": "https://www.reddit.com/r/dankmemes/", "distance": "2"}
{"url": "https://www.reddit.com/r/dankmemes/", "distance": "2"}
{"url": "https://www.reddit.com/r/dankmemes/", "distance": "2"}
{"url": "https://www.reddit.com/r/funny/", "distance": "2"}
{"url": "https://www.reddit.com/r/funny/", "distance": "2"}
{"url": "https://www.reddit.com/r/WhitePeopleTwitter/", "distance": "2"}
{"url": "https://www.reddit.com/r/worldnews/", "distance": "2"}
{"url": "https://www.reddit.com/r/mildlyinteresting/", "distance": "2"}
{"url": "https://www.reddit.com/r/PoliticalHumor/", "distance": "2"}
{"url": "https://www.reddit.com/r/Damnthatsinteresting/", "distance": "2"}
{"url": "https://www.reddit.com/r/dankmemes/", "distance": "2"}
{"url": "https://www.reddit.com/r/aww/", "distance": "2"}
{"url": "https://www.reddit.com/r/WhitePeopleTwitter/", "distance": "2"}
{"url": "https://www.reddit.com/r/politics/", "distance": "2"}
{"url": "https://www.reddit.com/r/MadeMeSmile/", "distance": "2"}
{"url": "https://www.reddit.com/r/politics/", "distance": "2"}
{"url": "https://www.reddit.com/r/dankmemes/", "distance": "2"}
{"url": "https://www.reddit.com/r/funny/", "distance": "2"}
{"url": "https://www.reddit.com/r/worldnews/", "distance": "2"}
{"url": "https://www.reddit.com/r/memes/", "distance": "2"}
{"url": "https://www.reddit.com/r/dataisbeautiful/", "distance": "2"}
{"url": "https://www.reddit.com/r/pics/", "distance": "2"}
{"url": "https://www.reddit.com/r/MovieDetails/", "distance": "2"}
{"url": "https://www.reddit.com/r/pics/", "distance": "2"}
{"url": "https://www.reddit.com/r/aww/", "distance": "2"}
{"url": "https://www.reddit.com/r/interestingasfuck/", "distance": "2"}
{"url": "https://www.reddit.com/r/dankmemes/", "distance": "2"}
{"url": "https://www.reddit.com/r/nextfuckinglevel/", "distance": "2"}
{"url": "https://www.reddit.com/r/news/", "distance": "2"}
{"url": "https://www.reddit.com/r/MadeMeSmile/", "distance": "2"}
{"url": "https://www.reddit.com/r/dankmemes/", "distance": "2"}
{"url": "https://www.reddit.com/r/funny/", "distance": "2"}
{"url": "https://www.reddit.com/r/pics/", "distance": "2"}
{"url": "https://www.reddit.com/r/EverythingScience/", "distance": "2"}
{"url": "https://www.reddit.com/r/dankmemes/", "distance": "2"}
{"url": "https://www.reddit.com/r/Unexpected/", "distance": "2"}
{"url": "https://www.reddit.com/r/dankmemes/", "distance": "2"}
{"url": "https://www.reddit.com/r/WhitePeopleTwitter/", "distance": "2"}
{"url": "https://www.reddit.com/r/WatchPeopleDieInside/", "distance": "2"}
{"url": "https://www.reddit.com/r/mildlyinteresting/", "distance": "2"}
{"url": "https://www.reddit.com/r/wholesomememes/", "distance": "2"}
{"url": "https://www.reddit.com/r/PoliticalHumor/", "distance": "2"}
{"url": "https://www.reddit.com/r/WatchPeopleDieInside/", "distance": "2"}
{"url": "https://www.reddit.com/r/memes/", "distance": "2"}
{"url": "https://www.reddit.com/r/nextfuckinglevel/", "distance": "2"}
{"url": "https://www.reddit.com/r/dankmemes/", "distance": "2"}
{"url": "https://www.reddit.com/r/news/", "distance": "2"}
{"url": "https://www.reddit.com/r/memes/", "distance": "2"}
{"url": "https://www.reddit.com/r/interestingasfuck/", "distance": "2"}
{"url": "https://www.reddit.com/r/aww/", "distance": "2"}
{"url": "https://www.reddit.com/r/dankmemes/", "distance": "2"}
{"url": "https://www.reddit.com/r/aww/", "distance": "2"}
{"url": "https://www.reddit.com/r/worldnews/", "distance": "2"}
{"url": "https://www.reddit.com/r/funny/", "distance": "2"}
{"url": "https://www.reddit.com/r/memes/", "distance": "2"}
{"url": "https://www.reddit.com/r/insanepeoplefacebook/", "distance": "2"}
{"url": "https://www.reddit.com/r/MadeMeSmile/", "distance": "2"}
{"url": "https://www.reddit.com/r/IdiotsInCars/", "distance": "2"}
{"url": "https://www.reddit.com/r/aww/", "distance": "2"}
{"url": "https://www.reddit.com/r/politics/", "distance": "2"}
{"url": "https://www.reddit.com/r/interestingasfuck/", "distance": "2"}
{"url": "https://www.reddit.com/r/aww/", "distance": "2"}
{"url": "https://www.reddit.com/r/wholesomememes/", "distance": "2"}
{"url": "https://www.reddit.com/r/politics/", "distance": "2"}
{"url": "https://www.reddit.com/r/interestingasfuck/", "distance": "2"}
{"url": "https://www.reddit.com/r/pics/", "distance": "2"}
{"url": "https://www.reddit.com/r/politics/", "distance": "2"}
{"url": "https://www.reddit.com/r/pics/", "distance": "2"}
{"url": "https://www.reddit.com/r/todayilearned/", "distance": "2"}
{"url": "https://www.reddit.com/r/mildlyinteresting/", "distance": "2"}
{"url": "https://www.reddit.com/r/dankmemes/", "distance": "2"}
{"url": "https://www.reddit.com/r/aww/", "distance": "2"}
{"url": "https://www.reddit.com/r/aww/", "distance": "2"}
{"url": "https://www.reddit.com/r/politics/", "distance": "2"}
{"url": "https://www.reddit.com/r/facepalm/", "distance": "2"}
{"url": "https://www.reddit.com/r/facepalm/", "distance": "2"}
{"url": "https://www.reddit.com/r/blursedimages/", "distance": "2"}
{"url": "https://www.reddit.com/r/gifs/", "distance": "2"}
{"url": "https://www.reddit.com/r/funny/", "distance": "2"}
{"url": "https://www.reddit.com/r/interestingasfuck/", "distance": "2"}
{"url": "https://www.reddit.com/r/memes/", "distance": "2"}
{"url": "https://www.reddit.com/r/PoliticalHumor/", "distance": "2"}
{"url": "https://www.reddit.com/r/MadeMeSmile/", "distance": "2"}
{"url": "https://www.reddit.com/r/pics/", "distance": "2"}
{"url": "https://www.reddit.com/r/memes/", "distance": "2"}
{"url": "https://www.reddit.com/r/interestingasfuck/", "distance": "2"}
{"url": "https://www.reddit.com/r/aww/", "distance": "2"}
{"url": "https://www.reddit.com/r/pics/", "distance": "2"}
{"url": "https://www.reddit.com/r/aww/", "distance": "2"}
{"url": "https://www.reddit.com/r/news/", "distance": "2"}
{"url": "https://www.reddit.com/r/memes/", "distance": "2"}
{"url": "https://www.reddit.com/r/WhitePeopleTwitter/", "distance": "2"}
{"url": "https://www.reddit.com/r/worldnews/", "distance": "2"}
{"url": "https://www.reddit.com/r/pics/", "distance": "2"}
{"url": "https://www.reddit.com/r/interestingasfuck/", "distance": "2"}
{"url": "https://www.reddit.com/r/dankmemes/", "distance": "2"}
{"url": "https://www.reddit.com/r/WhitePeopleTwitter/", "distance": "2"}
{"url": "https://www.reddit.com/r/PrequelMemes/", "distance": "2"}
{"url": "https://www.reddit.com/r/Unexpected/", "distance": "2"}
{"url": "https://www.reddit.com/r/nextfuckinglevel/", "distance": "2"}
{"url": "https://www.reddit.com/r/dankmemes/", "distance": "2"}
{"url": "https://www.reddit.com/r/worldnews/", "distance": "2"}
{"url": "https://www.reddit.com/r/news/", "distance": "2"}
{"url": "https://www.reddit.com/r/nextfuckinglevel/", "distance": "2"}
{"url": "https://www.reddit.com/r/gifs/", "distance": "2"}
{"url": "https://www.reddit.com/r/WhitePeopleTwitter/", "distance": "2"}
{"url": "https://www.reddit.com/r/dankmemes/", "distance": "2"}
{"url": "https://www.reddit.com/r/nextfuckinglevel/", "distance": "2"}
{"url": "https://www.reddit.com/r/politics/", "distance": "2"}
{"url": "https://www.reddit.com/r/nextfuckinglevel/", "distance": "2"}
{"url": "https://www.reddit.com/r/nottheonion/", "distance": "2"}
{"url": "https://www.reddit.com/r/facepalm/", "distance": "2"}
{"url": "https://www.reddit.com/r/mildlyinteresting/", "distance": "2"}
{"url": "https://www.reddit.com/r/memes/", "distance": "2"}
{"url": "https://www.reddit.com/r/memes/", "distance": "2"}
{"url": "https://www.reddit.com/r/memes/", "distance": "2"}
{"url": "https://www.reddit.com/r/memes/", "distance": "2"}
{"url": "https://www.reddit.com/r/news/", "distance": "2"}
{"url": "https://www.reddit.com/r/Minecraft/", "distance": "2"}
{"url": "https://www.reddit.com/r/facepalm/", "distance": "2"}
{"url": "https://www.reddit.com/r/aww/", "distance": "2"}
{"url": "https://www.reddit.com/r/facepalm/", "distance": "2"}
{"url": "https://www.reddit.com/r/LifeProTips/", "distance": "2"}
{"url": "https://www.reddit.com/r/nottheonion/", "distance": "2"}
{"url": "https://www.reddit.com/r/LeopardsAteMyFace/", "distance": "2"}
{"url": "https://www.reddit.com/r/aww/", "distance": "2"}
{"url": "https://www.reddit.com/r/gaming/", "distance": "2"}
{"url": "https://www.reddit.com/r/aww/", "distance": "2"}
{"url": "https://www.reddit.com/r/interestingasfuck/", "distance": "2"}
{"url": "https://www.reddit.com/r/memes/", "distance": "2"}
{"url": "https://www.reddit.com/r/politics/", "distance": "2"}
{"url": "https://www.reddit.com/r/funny/", "distance": "2"}
{"url": "https://www.reddit.com/r/pics/", "distance": "2"}
{"url": "https://www.reddit.com/r/dankmemes/", "distance": "2"}
{"url": "https://www.reddit.com/r/interestingasfuck/", "distance": "2"}
{"url": "https://www.reddit.com/r/facepalm/", "distance": "2"}
{"url": "https://www.reddit.com/r/dankmemes/", "distance": "2"}
{"url": "https://www.reddit.com/r/WhitePeopleTwitter/", "distance": "2"}
{"url": "https://www.reddit.com/r/ShittyLifeProTips/", "distance": "2"}
{"url": "https://www.reddit.com/r/funny/", "distance": "2"}
{"url": "https://www.reddit.com/r/gaming/", "distance": "2"}
{"url": "https://www.reddit.com/r/aww/", "distance": "2"}
{"url": "https://www.reddit.com/r/Minecraft/", "distance": "2"}
{"url": "https://www.reddit.com/r/facepalm/", "distance": "2"}
{"url": "https://www.reddit.com/r/technicallythetruth/", "distance": "2"}
{"url": "https://www.reddit.com/r/memes/", "distance": "2"}
{"url": "https://www.reddit.com/r/funny/", "distance": "2"}
{"url": "https://www.reddit.com/r/PrequelMemes/", "distance": "2"}
{"url": "https://www.reddit.com/r/gaming/", "distance": "2"}
{"url": "https://www.reddit.com/r/WhitePeopleTwitter/", "distance": "2"}
{"url": "https://www.reddit.com/r/nextfuckinglevel/", "distance": "2"}
{"url": "https://www.reddit.com/r/memes/", "distance": "2"}
{"url": "https://www.reddit.com/r/gaming/", "distance": "2"}
{"url": "https://www.reddit.com/r/nextfuckinglevel/", "distance": "2"}
{"url": "https://www.reddit.com/r/dankmemes/", "distance": "2"}
{"url": "https://www.reddit.com/r/aww/", "distance": "2"}
{"url": "https://www.reddit.com/r/agedlikemilk/", "distance": "2"}
{"url": "https://www.reddit.com/r/pics/", "distance": "2"}
{"url": "https://www.reddit.com/r/gaming/", "distance": "2"}
{"url": "https://www.reddit.com/r/dankmemes/", "distance": "2"}
{"url": "https://www.reddit.com/r/wholesomememes/", "distance": "2"}
{"url": "https://www.reddit.com/r/MadeMeSmile/", "distance": "2"}
