{"url": "http://www.uclaconferencecenter.com/", "distance": 0}
{"url": "https://www.usnews.com/best-colleges/university-of-california-los-angeles-1315", "distance": 0}
{"url": "https://www.on3.com/college/usc-trojans/news/rich-nueheisel-suggests-urban-meyer-for-head-coach-usc-trojans/", "distance": 0}
{"url": "https://spectrumnews1.com/ca/la-west/education/2021/09/13/ucla-tops-us-news--annual-rankings-for-public-universities", "distance": 0}
{"url": "https://www.facebook.com/UCLA/", "distance": 0}
{"url": "https://www.youtube.com/user/UCLA", "distance": 0}
{"url": "https://mgoblue.com/news/2021/3/30/mens-basketball-recap-vs-ucla.aspx", "distance": 0}
{"url": "https://uclacovidbehindbars.org/", "distance": 0}
{"url": "https://www.uclahillel.org/", "distance": 0}
{"url": "https://mooresvilletribune.com/sports/nan-wooden-daughter-of-ucla-coach-john-wooden-dies-at-87/article_b1519c40-6fc4-5bc4-85e2-098183cb5c0b.html", "distance": 0}
{"url": "https://www.youvisit.com/tour/ucla", "distance": 0}
{"url": "https://fetzer.org/sites/default/files/images/stories/pdf/selfmeasures/Self_Measures_for_Loneliness_and_Interpersonal_Problems_UCLA_LONELINESS.pdf", "distance": 0}
{"url": "https://www.usatoday.com/story/sports/columnist/dan-wolken/2021/03/28/march-madness-ucla-resilience-bruins-elite-eight-ncaa-tournament/7042539002/", "distance": 0}
{"url": "https://www.shutterstock.com/search/ucla", "distance": 0}
{"url": "https://www.universityofcalifornia.edu/", "distance": 0}
{"url": "https://www.espn.com/mens-college-basketball/team/_/id/26/ucla-bruins", "distance": 0}
{"url": "https://www.niche.com/colleges/university-of-california---los-angeles/", "distance": 0}
{"url": "https://dailybruin.com/", "distance": 0}
{"url": "https://www.istockphoto.com/br/foto/campus-da-ucla-em-los-angeles-calif%C3%B3rnia-vista-a%C3%A9rea-gm166041568-20940407", "distance": 0}
{"url": "https://www.ncaa.com/schools/ucla", "distance": 0}
{"url": "https://www.uclalawreview.org/", "distance": 0}
{"url": "https://www.uclaisap.org/", "distance": 0}
{"url": "https://apps.apple.com/us/app/ucla-mindful/id1459128935", "distance": 0}
{"url": "https://covid19.uclaml.org/", "distance": 0}
{"url": "https://twitter.com/ucla?lang=en", "distance": 0}
{"url": "https://www.sports-reference.com/cbb/schools/ucla/", "distance": 0}
{"url": "https://istss.org/getattachment/Clinical-Resources/Assessing-Trauma/UCLA-Posttraumatic-Stress-Disorder-Reaction-Index/UCLA-Brief-COVID-19-Screening-Form-English-4-13-20.pdf", "distance": 0}
{"url": "http://uclaband.com/", "distance": 0}
{"url": "https://caianomundo.ci.com.br/e-aqui-na-ucla-muita-agitacao/", "distance": 0}
{"url": "https://calpirgstudents.org/chapters/ucla/", "distance": 0}
{"url": "https://www.uclafoundation.org/", "distance": 0}
{"url": "https://247sports.com/college/ucla/", "distance": 0}
{"url": "https://ucla.oasisscheduling.com/?ldap_user=1", "distance": 0}
{"url": "https://www.summerdiscovery.com/ucla", "distance": 0}
{"url": "https://uclabruins.com/", "distance": 0}
{"url": "http://www.uclagamblingprogram.org/", "distance": 0}
{"url": "https://www.bruinsnation.com/", "distance": 0}
{"url": "https://www.ocregister.com/2021/09/13/uclas-kazmeir-allen-excited-to-contribute-this-season-after-covid-19-battle", "distance": 0}
{"url": "https://www.linkedin.com/school/ucla/", "distance": 0}
{"url": "https://www.inquirer.com/college-sports/villanova/villanova-wildcats-basketball-non-conference-schedule-baylor-ucla-20210914.html", "distance": 0}
{"url": "https://d1baseball.com/team/ucla/", "distance": 0}
{"url": "https://startupucla.com/", "distance": 0}
{"url": "https://www.pinterest.com/ucla/", "distance": 0}
{"url": "https://kion546.com/news/ap-california/2021/09/14/nan-wooden-daughter-of-ucla-coach-john-wooden-dies-at-87-2/", "distance": 0}
{"url": "https://www.uclahealthcareers.org/", "distance": 0}
{"url": "https://pac-12.com/ucla-football/schedule", "distance": 0}
{"url": "https://www.theadvertiser.com/story/sports/college/lsu/2021/09/07/kirk-herbstreit-espn-attacks-lsu-football-effort-defense-vs-ucla/5758470001/", "distance": 0}
{"url": "https://www.lamag.com/citythinkblog/university-of-california-tuition/", "distance": 0}
{"url": "https://ucla.zoom.us/", "distance": 0}
{"url": "https://scvnews.com/ucla-hockey-to-play-at-the-cube-in-valencia/", "distance": 0}
{"url": "https://sports.yahoo.com/nan-wooden-daughter-ucla-coach-004432077.html", "distance": 0}
{"url": "https://innovateucla.org/", "distance": 0}
{"url": "http://collegesearch.collegeboard.com/search/CollegeDetail.jsp?collegeId=992&profileId=1", "distance": 0}
{"url": "https://wgnradio.com/sports/no-13-ucla-well-aware-of-what-awaits-in-fresno-state/", "distance": 0}
{"url": "https://www.mercurynews.com/2021/09/06/pac-12-power-ratings-ucla-on-top-of-the-overreaction-edition-following-week-one-games", "distance": 0}
{"url": "https://www.sacbee.com/sports/article254249543.html", "distance": 0}
{"url": "https://en.wikipedia.org/wiki/University_of_California,_Los_Angeles", "distance": 0}
{"url": "https://books.google.com/books?id=WbLr-4QteEYC&pg=PA196&lpg=PA196&dq=ucla&source=bl&ots=CPfc98v4-2&sig=ACfU3U1IO8VVwPabBQapLKMBScqLlCuM5Q&hl=en&sa=X&ved=2ahUKEwifsrfXh4LzAhXjTN8KHc6CDvc4ZBDoAXoECA4QAw", "distance": 0}
{"url": "https://losangeles.cbslocal.com/2021/09/13/ucla-selected-the-no-1-public-school-in-the-nation-by-us-news/", "distance": 0}
{"url": "https://lsusports.net/news/2021/09/04/ucla-pulls-away-from-lsu-38-27/", "distance": 0}
{"url": "https://www.nytimes.com/2015/03/06/us/debate-on-a-jewish-student-at-ucla.html", "distance": 0}
{"url": "https://www.instagram.com/ucla/?hl=en", "distance": 0}
{"url": "https://www.fanduel.com/theduel/posts/fresno-state-vs-ucla-prediction-spread-odds-date-start-time-college-football-week-3-game-01ffjx1adf2f", "distance": 0}
{"url": "https://uclacs.org/", "distance": 0}
{"url": "https://www.foxnews.com/category/sports/ncaa/ucla-bruins", "distance": 0}
{"url": "https://www.cbsnews.com/news/james-heaps-judge-oks-73-million-payout-6000-women-allegedly-sexually-abused-former-ucla-gynecologist/", "distance": 0}
{"url": "https://www.reddit.com/r/ucla/", "distance": 0}
{"url": "https://bigfuture.collegeboard.org/college-university-search/university-of-california-los-angeles", "distance": 0}
{"url": "https://www.harbor-ucla.org/", "distance": 0}
{"url": "https://www.ucla.edu/", "distance": 0}
{"url": "https://collegefootballnews.com/2021/09/ucla-vs-fresno-state-prediction-game-preview", "distance": 0}
{"url": "https://www.pe.com/2021/09/14/nan-wooden-daughter-of-legendary-ucla-coach-john-wooden-dies-at-87/", "distance": 0}
{"url": "https://www.espn.com/college-football/team/_/id/26/ucla-bruins", "distance": 0}
{"url": "https://www.topuniversities.com/universities/university-california-los-angeles-ucla", "distance": 0}
{"url": "https://www.cbssports.com/college-football/teams/UCLA/ucla-bruins/", "distance": 0}
{"url": "https://www.miragenews.com/ucla-ranked-no-1-public-university-by-us-news-world-report-for-fourth-straight-year/", "distance": 0}
{"url": "https://www.si.com/college/ucla/football/video-jones-philips-sept-15", "distance": 0}
{"url": "https://www.uclaextension.edu/", "distance": 0}
{"url": "https://ucla.rivals.com/", "distance": 0}
{"url": "https://roycehall.org/", "distance": 0}
{"url": "http://www.uclastore.com/", "distance": 0}
{"url": "https://escholarship.org/uc/ucla", "distance": 0}
{"url": "https://ucla.academicworks.com/", "distance": 0}
{"url": "https://www.uclaacm.com/", "distance": 0}
{"url": "https://daquiprafora.com.br/conheca-a-ucla-e-seus-diferenciais/", "distance": 0}
{"url": "https://bleacherreport.com/articles/10012451-nan-wooden-daughter-of-legendary-ucla-coach-john-dies-at-87", "distance": 0}
{"url": "https://www.cnn.com/2016/06/01/us/ucla-shooting-report/index.html", "distance": 0}
{"url": "https://www.yahoo.com/now/nan-wooden-daughter-ucla-coaching-013934975.html", "distance": 0}
{"url": "https://www.dailynews.com/2021/09/07/ucla-football-ranked-no-16-in-ap-poll-after-2-0-start", "distance": 0}
{"url": "https://www.forbes.com/colleges/university-of-california-los-angeles/", "distance": 0}
{"url": "https://abc7.com/ucla-graduation-coronavirus-ceremonies-is-going-to-have-covid-pandemic/10515127/", "distance": 0}
{"url": "https://uclaone.com/", "distance": 0}
{"url": "https://www.blockchainatucla.com/", "distance": 0}
{"url": "https://www.unicamp.org/", "distance": 0}
{"url": "https://apnews.com/hub/ucla-bruins-football", "distance": 0}
{"url": "https://www.newsobserver.com/sports/article254249543.html", "distance": 0}
{"url": "https://www.foxsports.com/college-football/ucla-bruins-team", "distance": 0}
{"url": "https://www.yourcentralvalley.com/sports/coach-hill-to-haener-ucla-is-not-another-game/", "distance": 0}
{"url": "https://www.newsweek.com/topic/ucla", "distance": 0}
{"url": "https://www.latimes.com/sports/ucla", "distance": 0}
{"url": "https://mwwire.com/2021/09/14/fresno-state-vs-ucla-game-preview-how-to-watch-odds-prediction/", "distance": 0}
{"url": "https://www.uclahealth.org/", "distance": 0}
{"url": "https://uclaradio.com/", "distance": 0}
{"url": "https://www.fanatics.com/college/ucla-bruins/o-38+t-68691402+z-998744-348097985", "distance": 0}
{"url": "https://m.facebook.com/login.php?next=https%3A%2F%2Fm.facebook.com%2FUCLA%2F%3F_rdr&ref=104&rs=6&lrs=3&rid=11360325957&lrid=11360325957&refsrc=deprecated&refid=17", "distance": "1"}
{"url": "https://lm.facebook.com/l.php?u=http%3A%2F%2Fwww.ucla.edu%2Foptimists%2F&h=AT3JmhFnZMbCq_fJ4K_mf0esXxhgNiZ-i8g8YgQUTzLhbpXDrTitqyYzG5aiE-i2qhsrwpshSr_R-V23iy02SOoOxAmqK554Mitw3YLfmLYMvakgvtresPsKg15Rftx0lXQahaXhFYzy3JGEABtsUwhS_WDoAQK-KIXXR7H1kTrg4MYpoRI_kw6jQrDqTHp-KXJ9C5FaGWnlpd6557_cDgcRvbPdpyTrxMPM5qlirVj3ti2q6fqHyHUdW77HKa4XzXq-Nfg5olrvY9ZvSdgJovsajZpNBAlsI8EECCptt20_Tp-UL5BbnJA_yEdyAtSE3tI-PRpyt4z9kV0tYJGTwO1qd7j1uQ4jDcOrhI5meqyUWJ8tbqB2IWBP-HR9eiQ7wF-RuMZVZ88-BktS_WKEWee8MtpUwTDdCNMAErVIHLsT", "distance": "1"}
{"url": "https://lm.facebook.com/l.php?u=https%3A%2F%2Fwww.cbsnews.com%2Fvideo%2Flatino-voters-california-recall-election-governor-gavin-newsom%2F%23x&h=AT1Y1n-tmcTntb6lQygitNI1tJ6trqoXPiJmkgKDU0fBzYYU_cNe124X-ki47ln-ffFswH_NIiEpvfs4ifDCJvtEGMDoB4MSclnslo0wbS_k--Qq1_NpPfjASfRgjJG9CQ_HtdP-OWu2ufW4G-BltLKraE3lN8fPpey27o4o5-5SWw6BHaWl0YzX7Lr2mRbrLwHJ8taYLJVkkHQZq5zRXFVd_00F8CJTwsHpE6sH2tPTtOa36YFfS2wJ3kcjb2TzlBKwziU7EEPJeGKq4p1BXj00P0LNh7JCf6lJgfRuN9kL9cYt8VXuwNsENCm6MApNHnacyUFL9cjZ6k21oknD1BOF_1_OJ967w-vsMrx5uY49zel2Gd2fUHNnEROVXRB_mbPwKcigf4G_kdRYRWDjZJBg76TweUdY808Hcu8U7QDjbM4womfM3NrGyGuE_V4jxo9Tc4BW0h92oiMU6zR5xpWmjvaqWY-rbKmDoV3mhUpymnHMgDpshsGC-XMj35lQtHqo-vHcMvF96hp4fh9AVspNjqIPPYtKU6g2tnVIOk-ubzcA6ky1gsJIgkzbI8DqlThBfZycpagQMAOSAFJdu44TsbfCE5jjo6Q9muyAvxtt6ugJ7VgWhEm5N2ixiY9khRmPp21UPtCryaps7pSsCSdJ513atFEQKFtN1OOZUY9k9hkfY_cV3MPydz2f9TFp09uEkofIv4k82-oTp3W59ZsaztRd3nYujqfDcQtsij3JaHg-o2uzw0eA5aX0vRm6WrPSWR8LocCwsiwKbwLEiW2Y7H8q7nAQ2jmfDKCkt_rbkS-PuVVZO4mg1DK2nRyIE7pQxRHMXAgkOfVk1Qxs-ihBM-b6q3E0AefNz4SCDRb8oaQkMQgVNuFZIeTjnZVdvXRem5f5g5AbOWQLL4C6BkmSFVzsxWI4qv0iCUo7mMQK8e7ueU2smRTvHQsv8QKfL2dMy2T5Q3v55FwE8UVWYeBcRDLT74rne_79WybX0jH-Ffuh-4sR8K5nh4kuIcNxkxPUtrT5Y2komB84hp_voeTyR3r2A_lKB0uNeingTgWXzvTduYI5Cs3LFwgH85ItROARa23c43gMqggv1aJ90-XkuRnQ-bO-SPeE8LexOPL10ufbfxlartASk4S7uKpBDz4QiSQ0NZ4svtAFp4a8Kyd7qNk1kxyALfNzDNltOc63Hb9GU0YJqJXe82NQiCJ3", "distance": "1"}
{"url": "https://lm.facebook.com/l.php?u=https%3A%2F%2Fnewsroom.ucla.edu%2Fstories%2Fmarissa-lopez-picturing-mexican-america&h=AT2asu9wvocFC8kj2DnQd2xlEXnJt7w1BYc0z47TlXLbjGdaH4mFWQCf2iP-z0wcCGajIuQyhSalj3qqufCzjpQ2gUnC4r0PHYaHvf3Qt1LV7_MSLf8SIKDCM3ocImCDxCVQaJqSocML3792y-whOPt6SbFAKcLAcffJ-RApmDjQmH-b3cXNEzxZ5Mn_F-nZpmbAeozq-fr15gzfpyAGqsvF4DQCY7jjgxRgzSGmfPPyOJupkucSMvlSuDrbJvd8ptBQXndF-fsS07LMR_jZ74r3ZJAYZyG71NymiiqpcCmxpWgCgvB-0Uj9YYhR3wM3b2RTWUd4bvJ0sY7bYG_DAXe6OpEPCi_pxgXKWXzK_wy_zivNB05YxjfiGwbbSI9zjmu3yeeC2-LgMz1Rdn3oxTxijQnfN9WU-L9CJSWL_aqNFnN8F0brUnMvbL3v1eKUpheZPdkvWwi8xAOEa7M7xQ2LcN7JyyNYWB6HgTcRABGDH8jyzfg2PoFtJMBiTFXUWKcoaGm-jHe_TM4F_naB8xlUNyE1V9p4XIvZ7hUX_VWKO-z1GgeFtHY_bbFWx4J6lXvDZytRco5a6P7VKghBQisqmRDVYkyYOnG3QF6Qp24iPcyC3Op-OtUMpdCMDma9-NSNFx-zUL4XdrLsklr5XP7puk0iFKBphrcZB-ySvomSBOSo1k6OQX5hOHlqqSFL3SaGT_nksMjFR9zbmcVdIrI-hCSHaY9l2igVJ7_yROXeh1gZ37Uaq6tXwcaqgCcizrqtaIkadUr4Y37MXylxtA7KOcU8ZtuCS71Jzuf4nmhT-muwDxLHG1XuClynO66_-wy2B9LebtCLuTHQKUhGpZjepA33S62oW54_VpMu03L-vlmojrG6-kzE9vbj9_Nq_QgJwfwYHqCNKsgBSDC3A7PfVu9WKw_bL9JBvblST-gYFMfIBDayyeNVS0r5RyguaVBCVtvT-nx0ireIw1H3vGjsRrq2lpqcVP4dnsNs0B5axaAGrtTYBvR88jsFKNpJgP3Py2SMo4lFife_q_c9e6qGN0c_TfN3lQ4DCvyC_7pQh-LmYeFN_7psBeyvh1Rs1wHJeEsoqyMuCN1Ynvj1xHG9le1rXjtTTIsViqSx8qVXPR7loFKcHG1Vu49POeqig-Kja-Kegk9x3Ve4a15ENA_EI84wFPEd3OvBHQuSDTyVVaGnX1xMUw3fM3354bkp", "distance": "1"}
{"url": "https://lm.facebook.com/l.php?u=https%3A%2F%2Fnewsroom.ucla.edu%2Fstories%2Fin-memoriam-nan-wooden-87%3Futm_campaign%3Dtrueanthem%26utm_medium%3Dtrueanthem%26utm_source%3Dfacebook&h=AT2IeHkwFA7mvu62diEFA9ZvptwxQmJc2Ahj2xU4YcTRBTf3PhkEa0hEVaF-FpQgPwuVi2-B96XNXP-ufmCNzt1HILA4l_Be9RYuq6c4wk5zb9dJJ00-GBop7STe39dPkAIrMssViIbjv4GjTtjL8j8AcVgMFqIJWBCkaljr8bDXY1VNsyO4yKiWSqdXPheGnv0OTC1-HFeQ51aV--kOnj7aeoVbfOmu0SyIzGhSfu8ZGw-mbwqmCa54piGEELOn4s3NHICIcvY6DFdquyvOR8yx1LG45oUp3o2wYhGo8TM8cjWhBUOcDs7SzIHIgAiTW8ALkappiyW94FDU1GPpxw_AaMVaSQ4TNmvJ9agl-_FlidDxF9LCQohFzmVgKCuX2o7eAGACW9bwZZ5KjtM7VcDqu90DDvKANjgw1hHFw1pNk54hJrn4VYFjy5ENcUbYoc3mDq6zkM0gKxT68E5mR93DsBa_UrHYPTvLI7G0AZsxb5vIklr1gdPFbSmddZP8i2FB8u8-BsE7PyaY72t1iNRUu4o89yJyWfLl2wr57gAEIhnMzlF__U1xoNSEcqvVHD0IbsbgvPAwII3m47y2wSkfrhikcvPN-TvB7ddb90et1asevJj843CNNS5W4mEp1sv7XaRlMoR2qcGieIkcxnpy3MaHrq4AQc8dhl-WqVAGLIlHtyWUeY_uHIW7Vz28XH04tdZxR63wpQ5tIHZ9tMwz4V6j2vEmkrFjHN_ZptbeHjbg3RSsZc6MvwfCYj26uC47VJlFBkVwALHf_Jlx2FayAbz11r1WUtnJgrWiSNXotyq41ygIiXOPZ1hOjNA-0mBXml19nk8SqWUOuNlJ-Akv5vA8VEvbR5UhQM64VyLiwcYiFdqE-SW2yBYwKQY5i4R69ZCYJHExN1O7b63nK8d6uOk_c6jJH1_Tmb9R2XxbvRckRD-hMf_wxUBL-EXDb0wZNoVaIxGobXoU-RnTfVNA7hTWYDtUF9wnjL_evH3lLKlOAs65owERh_xJej-mtHUrN5dycHK6RILlg_wFRSgZSNAQRbVMpI5M5Dtv-1pHlN3Ofv7HX2NcD5XYfx7hqYdAd6aEaT6CGW4TT7ie0CDcNm2oz_KTBKPmgboM2KO-ppNQs29D0nHLUJrooLcIxrY-T0tSzG2vaQpMDS-D_1KLAEcXmG4QhHo2gjuoemxA4cd6LvKscS8tGNjE0w4", "distance": "1"}
{"url": "https://www.facebook.com/usatoday", "distance": "1"}
{"url": "https://www.twitter.com/usatoday", "distance": "1"}
{"url": "https://go.snapchat.com/add/usatoday", "distance": "1"}
{"url": "https://www.instagram.com/usatoday", "distance": "1"}
{"url": "http://www.linkedin.com/company/usa-today", "distance": "1"}
{"url": "https://www.pinterest.com/usatoday/", "distance": "1"}
{"url": "https://apply.universityofcalifornia.edu/", "distance": "1"}
{"url": "http://hhs.ucla.edu", "distance": "1"}
{"url": "http://luskinconferencecenter.ucla.edu", "distance": "1"}
{"url": "http://lakearrowhead.ucla.edu", "distance": "1"}
{"url": "https://on3.zendesk.com/hc/en-us", "distance": "1"}
{"url": "https://on3.zendesk.com/hc/en-us", "distance": "1"}
{"url": "https://facebook.com/On3Sports", "distance": "1"}
{"url": "https://twitter.com/on3sports", "distance": "1"}
{"url": "https://instagram.com/on3/", "distance": "1"}
{"url": "https://www.uclalawreview.org/category/discourse/", "distance": "1"}
{"url": "https://www.uclalawreview.org/category/discourse/", "distance": "1"}
{"url": "https://www.uclalawreview.org/category/discourse/", "distance": "1"}
{"url": "https://www.uclalawreview.org/category/discourse/", "distance": "1"}
{"url": "https://www.uclalawreview.org/category/discourse/law-meets-world/", "distance": "1"}
{"url": "https://www.uclalawreview.org/category/discourse/law-meets-world/special-issue-jailhouse-lawyering/", "distance": "1"}
{"url": "https://www.uclalawreview.org/category/discourse/", "distance": "1"}
{"url": "https://www.uclalawreview.org/category/discourse/law-meets-world/", "distance": "1"}
{"url": "https://www.uclalawreview.org/category/discourse/law-meets-world/special-issue-jailhouse-lawyering/", "distance": "1"}
{"url": "https://www.uclalawreview.org/category/discourse/", "distance": "1"}
{"url": "https://www.uclalawreview.org/category/discourse/law-meets-world/", "distance": "1"}
{"url": "https://www.uclalawreview.org/category/discourse/law-meets-world/special-issue-jailhouse-lawyering/", "distance": "1"}
{"url": "https://www.facebook.com/HillelatUCLACommunity", "distance": "1"}
{"url": "https://www.instagram.com/hillelatucla/", "distance": "1"}
{"url": "https://www.youtube.com/channel/UCzZMRkJr7asAWcU2X3EN2TA?view_as=subscriber", "distance": "1"}
{"url": "http://uclahillel.org/donate", "distance": "1"}
{"url": "https://www.facebook.com/HillelatUCLACommunity", "distance": "1"}
{"url": "https://www.instagram.com/hillelatucla/", "distance": "1"}
{"url": "https://www.youtube.com/channel/UCzZMRkJr7asAWcU2X3EN2TA?view_as=subscriber", "distance": "1"}
{"url": "https://www.facebook.com/HillelatUCLAStudents", "distance": "1"}
{"url": "https://www.facebook.com/HillelatUCLA", "distance": "1"}
{"url": "https://www.uclahillel.org/users/facebook/connect?page_id=108&scope=public_profile%2Cemail", "distance": "1"}
{"url": "https://www.niche.com/?ref=colleges", "distance": "1"}
{"url": "https://www.niche.com/k12/search/best-schools/s/california/", "distance": "1"}
{"url": "https://www.niche.com/colleges/search/best-colleges/s/california/", "distance": "1"}
{"url": "https://www.niche.com/graduate-schools/search/best-graduate-schools/s/california/", "distance": "1"}
{"url": "https://www.niche.com/places-to-live/search/best-places-to-live/s/california/", "distance": "1"}
{"url": "https://www.niche.com/graduate-schools/university-of-california---los-angeles/", "distance": "1"}
{"url": "https://www.niche.com/colleges/university-of-california-system/", "distance": "1"}
{"url": "https://www.niche.com/colleges/search/top-public-universities/", "distance": "1"}
{"url": "https://www.niche.com/colleges/university-of-california---los-angeles/how-to-apply/", "distance": "1"}
{"url": "https://www.niche.com/about/where-niche-grades-come-from/", "distance": "1"}
{"url": "https://www.niche.com/about/data/#data-college", "distance": "1"}
{"url": "http://www.ucla.edu/", "distance": "1"}
{"url": "https://www.niche.com/colleges/university-of-california---los-angeles/rankings/", "distance": "1"}
{"url": "http://admission.universityofcalifornia.edu/apply-now.html", "distance": "1"}
{"url": "https://www.niche.com/colleges/university-of-california---san-diego/", "distance": "1"}
{"url": "https://www.niche.com/colleges/university-of-southern-california/", "distance": "1"}
{"url": "https://www.niche.com/colleges/university-of-california---irvine/", "distance": "1"}
{"url": "https://www.niche.com/colleges/university-of-california---berkeley/", "distance": "1"}
{"url": "https://www.niche.com/colleges/university-of-california---santa-barbara/", "distance": "1"}
{"url": "https://www.niche.com/colleges/university-of-california---davis/", "distance": "1"}
{"url": "https://www.niche.com/colleges/university-of-california---santa-cruz/", "distance": "1"}
{"url": "https://www.niche.com/colleges/university-of-san-diego/", "distance": "1"}
{"url": "https://www.niche.com/colleges/university-of-california---los-angeles/admissions/", "distance": "1"}
{"url": "https://www.niche.com/about/find-private-student-loans/#?ref=profile&IpedID=110662", "distance": "1"}
{"url": "https://www.niche.com/about/find-private-student-loans/", "distance": "1"}
{"url": "https://www.niche.com/colleges/university-of-california---los-angeles/cost/", "distance": "1"}
{"url": "https://www.niche.com/colleges/scholarships/", "distance": "1"}
{"url": "https://www.niche.com/colleges/university-of-california---los-angeles/academics/", "distance": "1"}
{"url": "https://www.niche.com/colleges/university-of-california---los-angeles/majors/", "distance": "1"}
{"url": "https://www.niche.com/colleges/online-majors/", "distance": "1"}
{"url": "https://www.niche.com/colleges/university-of-california---los-angeles/students/", "distance": "1"}
{"url": "https://www.niche.com/colleges/university-of-california---los-angeles/campus-life/", "distance": "1"}
{"url": "https://www.niche.com/colleges/university-of-california---los-angeles/after-college/", "distance": "1"}
{"url": "https://www.niche.com/colleges/university-of-california---berkeley/", "distance": "1"}
{"url": "https://www.niche.com/colleges/university-of-california---san-diego/", "distance": "1"}
{"url": "https://www.niche.com/colleges/university-of-southern-california/", "distance": "1"}
{"url": "https://www.niche.com/colleges/university-of-california---irvine/", "distance": "1"}
{"url": "https://www.niche.com/colleges/survey/start/?t=u&e=university-of-california---los-angeles", "distance": "1"}
{"url": "https://www.niche.com/colleges/university-of-california---los-angeles/reviews/", "distance": "1"}
{"url": "https://www.niche.com/", "distance": "1"}
{"url": "https://www.niche.com/claim-your-school/", "distance": "1"}
{"url": "https://www.apple.com/us/shop/goto/bag", "distance": "1"}
{"url": "https://www.apple.com/us/search", "distance": "1"}
{"url": "https://www.apple.com/us/shop/goto/bag", "distance": "1"}
{"url": "https://www.apple.com/ios/app-store/", "distance": "1"}
{"url": "https://apps.apple.com/us/app/heart-failure-risk-score/id880700312", "distance": "1"}
{"url": "https://apps.apple.com/us/app/ucla-health/id899307648", "distance": "1"}
{"url": "https://apps.apple.com/us/app/ucla-walks/id1101924895", "distance": "1"}
{"url": "https://apps.apple.com/us/app/hg-care-pregnancy-wellness/id1148105670", "distance": "1"}
{"url": "https://apps.apple.com/us/app/chatterbaby/id1347345855", "distance": "1"}
{"url": "https://apps.apple.com/us/app/timeout-ucla/id1377375256", "distance": "1"}
{"url": "https://apps.apple.com/us/app/breathe2relax/id425720246", "distance": "1"}
{"url": "https://apps.apple.com/us/app/cbt-i-coach/id655918660", "distance": "1"}
{"url": "https://apps.apple.com/us/app/mindfulness-coach/id804284729", "distance": "1"}
{"url": "https://apps.apple.com/us/app/cedars-sinai/id1034088603", "distance": "1"}
{"url": "https://apps.apple.com/us/app/unwinding-anxiety/id1247855111", "distance": "1"}
{"url": "https://apps.apple.com/us/app/plum-village-zen-meditation/id1273719339", "distance": "1"}
{"url": "https://www.apple.com/retail/", "distance": "1"}
{"url": "https://locate.apple.com/", "distance": "1"}
{"url": "https://www.apple.com/choose-country-region/", "distance": "1"}
{"url": "https://www.apple.com/legal/privacy/", "distance": "1"}
{"url": "https://www.apple.com/legal/internet-services/terms/site.html", "distance": "1"}
{"url": "https://www.apple.com/us/shop/goto/help/sales_refunds", "distance": "1"}
{"url": "https://www.apple.com/legal/", "distance": "1"}
{"url": "https://www.apple.com/sitemap/", "distance": "1"}
{"url": "https://www.dgsom.ucla.edu/sao/pages/login", "distance": "1"}
{"url": "https://caianomundo.ci.com.br/category/ci-intercambio-e-viagem/", "distance": "1"}
{"url": "https://caianomundo.ci.com.br/category/viajante-ci/", "distance": "1"}
{"url": "https://caianomundo.ci.com.br/category/intercambio-teen/", "distance": "1"}
{"url": "https://caianomundo.ci.com.br/category/america-do-norte/estados-unidos/", "distance": "1"}
{"url": "https://caianomundo.ci.com.br/category/intercambio-teen/", "distance": "1"}
{"url": "https://caianomundo.ci.com.br/category/america-do-norte/estados-unidos/los-angeles/", "distance": "1"}
{"url": "https://caianomundo.ci.com.br/e-aqui-na-ucla-muita-agitacao/#respond", "distance": "1"}
{"url": "https://caianomundo.ci.com.br/tag/losangeles/", "distance": "1"}
{"url": "https://caianomundo.ci.com.br/tag/ucla/", "distance": "1"}
{"url": "https://caianomundo.ci.com.br/author/it_20_07_2018/", "distance": "1"}
{"url": "https://www.ci.com.br/intercambio/intercambio-teen", "distance": "1"}
{"url": "https://caianomundo.ci.com.br/cambridge-news/", "distance": "1"}
{"url": "https://caianomundo.ci.com.br/national-gallery-and-shakespeare/", "distance": "1"}
{"url": "https://caianomundo.ci.com.br/ensino-medio-nos-eua/", "distance": "1"}
{"url": "https://caianomundo.ci.com.br/category/ci-intercambio-e-viagem/", "distance": "1"}
{"url": "https://caianomundo.ci.com.br/category/america-do-norte/estados-unidos/", "distance": "1"}
{"url": "https://caianomundo.ci.com.br/vale-do-silicio/", "distance": "1"}
{"url": "https://caianomundo.ci.com.br/category/ci-intercambio-e-viagem/", "distance": "1"}
{"url": "https://caianomundo.ci.com.br/category/america-do-norte/estados-unidos/", "distance": "1"}
{"url": "https://caianomundo.ci.com.br/category/america-do-norte/estados-unidos/san-francisco/", "distance": "1"}
{"url": "https://caianomundo.ci.com.br/o-vale-do-silicio-espera-por-voce/", "distance": "1"}
{"url": "https://caianomundo.ci.com.br/category/ci-intercambio-e-viagem/", "distance": "1"}
{"url": "https://caianomundo.ci.com.br/category/america-do-norte/estados-unidos/", "distance": "1"}
{"url": "https://caianomundo.ci.com.br/category/america-do-norte/estados-unidos/san-francisco/", "distance": "1"}
{"url": "http://ucla.edu", "distance": "1"}
{"url": "https://d1baseball.com/position-power-rankings/week-13-power-rankings-catcher/", "distance": "1"}
{"url": "https://d1baseball.com/position-power-rankings/week-13-power-rankings-first-base/", "distance": "1"}
{"url": "https://d1baseball.com/position-power-rankings/week-13-power-rankings-second-base/", "distance": "1"}
{"url": "https://d1baseball.com/position-power-rankings/week-13-power-rankings-third-base/", "distance": "1"}
{"url": "https://d1baseball.com/position-power-rankings/week-13-power-rankings-shortstop/", "distance": "1"}
{"url": "https://d1baseball.com/position-power-rankings/week-13-power-rankings-outfield/", "distance": "1"}
{"url": "https://ucla.zoom.us/signin", "distance": "1"}
{"url": "https://d1baseball.com/position-power-rankings/week-13-power-rankings-starting-pitcher/", "distance": "1"}
{"url": "https://d1baseball.com/position-power-rankings/week-13-power-rankings-relief-pitcher/", "distance": "1"}
{"url": "https://d1baseball.com/analysis/rogers-assistants-most-ready-for-head-coaching-jobs/", "distance": "1"}
{"url": "https://d1baseball.com/recruiting/examining-at-risk-recruiting-classes-heading-into-2021-draft/", "distance": "1"}
{"url": "https://d1baseball.com/features/corbin-burnes-helps-sean-mullen-become-uclas-secret-weapon/", "distance": "1"}
{"url": "https://d1baseball.com/postseason/lubbock-regional-preview-blue-bloods-converge-at-dan-law-field/", "distance": "1"}
{"url": "https://d1baseball.com/at-the-ballpark/max-rajcic-ucla-uc-santa-barbara-sean-mullen-rodney-boone/", "distance": "1"}
{"url": "https://d1baseball.com/projections/stock-report/week-12-stock-report-breaking-down-races-for-hosts-at-larges/", "distance": "1"}
{"url": "https://www.prepbaseballreport.com/draft-hq", "distance": "1"}
{"url": "https://www.drivelinebaseball.com/", "distance": "1"}
{"url": "https://www.astroturf.com/synthetic-turf-products/diamond-series-baseball-turf/", "distance": "1"}
{"url": "https://winreality.com/?utm_source=donebaseball&utm_medium=banner&utm_campaign=march", "distance": "1"}
{"url": "https://auth.voxmedia.com/login?community_id=106&return_to=https%3A%2F%2Fwww.bruinsnation.com%2F", "distance": "1"}
{"url": "https://www.sbnation.com/blogs", "distance": "1"}
{"url": "https://www.bruinsnation.com/2021/6/23/22548009/3-ucla-products-sam-mewis-dahlkemper-jessie-fleming-olympics-squads-womens-soccer-us-canada", "distance": "1"}
{"url": "https://www.bruinsnation.com/2021/5/14/22436296/ucla-football-recruiting-2022-class-top-25", "distance": "1"}
{"url": "https://www.bruinsnation.com/2021/5/14/22436296/ucla-football-recruiting-2022-class-top-25#comments", "distance": "1"}
{"url": "https://www.bruinsnation.com/2021/5/14/22436296/ucla-football-recruiting-2022-class-top-25#comments", "distance": "1"}
{"url": "https://www.bruinsnation.com/2021/5/12/22432469/ucla-bruins-football-osa-odighizuwa-dallas-cowboys-nfl-draft", "distance": "1"}
{"url": "https://www.bruinsnation.com/2021/5/10/22428755/ucla-athletics-national-runners-up-beach-volleyball", "distance": "1"}
{"url": "https://www.bruinsnation.com/2021/5/10/22428755/ucla-athletics-national-runners-up-beach-volleyball#comments", "distance": "1"}
{"url": "https://www.bruinsnation.com/2021/5/10/22428755/ucla-athletics-national-runners-up-beach-volleyball#comments", "distance": "1"}
{"url": "https://www.bruinsnation.com/2021/5/6/22421892/ucla-eliminated-ncaa-womens-soccer-tournament-by-clemson", "distance": "1"}
{"url": "https://www.bruinsnation.com/2021/4/30/22413076/ucla-score-last-minute-winner-advance-ncaa-womens-soccer-tournament-iowa-reilyn-turner", "distance": "1"}
{"url": "https://www.bruinsnation.com/2021/4/30/22413076/ucla-score-last-minute-winner-advance-ncaa-womens-soccer-tournament-iowa-reilyn-turner#comments", "distance": "1"}
{"url": "https://www.bruinsnation.com/2021/4/30/22413076/ucla-score-last-minute-winner-advance-ncaa-womens-soccer-tournament-iowa-reilyn-turner#comments", "distance": "1"}
{"url": "https://www.bruinsnation.com/2021/4/23/22400536/ucla-get-first-round-bye-in-ncaa-womens-soccer-tournament", "distance": "1"}
{"url": "https://www.bruinsnation.com/2021/4/15/22386599/ucla-michaela-onyenwere-drafted", "distance": "1"}
{"url": "https://www.bruinsnation.com/2021/4/5/22368313/how-to-watch-national-championship-gonzaga-vs-baylor", "distance": "1"}
{"url": "https://www.bruinsnation.com/2021/4/5/22368313/how-to-watch-national-championship-gonzaga-vs-baylor#comments", "distance": "1"}
{"url": "https://www.bruinsnation.com/2021/4/3/22366265/ucla-gonzaga-final-score-suggs-wins-it-at-the-buzzer", "distance": "1"}
{"url": "https://www.bruinsnation.com/2021/4/3/22366265/ucla-gonzaga-final-score-suggs-wins-it-at-the-buzzer#comments", "distance": "1"}
{"url": "https://www.bruinsnation.com/2021/4/3/22345904/ucla-gonzaga-march-madness-2006-rewind-magic", "distance": "1"}
{"url": "https://www.bruinsnation.com/2021/4/3/22345904/ucla-gonzaga-march-madness-2006-rewind-magic#comments", "distance": "1"}
{"url": "https://www.bruinsnation.com/2021/4/3/22360133/bruins-news-ncaa-tournament-final-four-how-to-watch-gonzaga", "distance": "1"}
{"url": "https://www.bruinsnation.com/2021/4/3/22360133/bruins-news-ncaa-tournament-final-four-how-to-watch-gonzaga#comments", "distance": "1"}
{"url": "https://www.bruinsnation.com/2021/3/30/22359638/ncaa-tournament-ucla-upsets-michigan-to-advance-to-final-four", "distance": "1"}
{"url": "https://www.bruinsnation.com/2021/3/30/22359638/ncaa-tournament-ucla-upsets-michigan-to-advance-to-final-four#comments", "distance": "1"}
{"url": "https://www.bruinsnation.com/2021/3/28/22355857/bruins-ucla-news-ncaa-alabama-elite-eight", "distance": "1"}
{"url": "https://www.bruinsnation.com/2021/3/28/22355857/bruins-ucla-news-ncaa-alabama-elite-eight#comments", "distance": "1"}
{"url": "https://www.bruinsnation.com/2021/3/28/22350729/ncaa-tournament-sweet-16-no-11-ucla-vs-no-2-alabama-how-to-watch", "distance": "1"}
{"url": "https://www.bruinsnation.com/2021/3/28/22350729/ncaa-tournament-sweet-16-no-11-ucla-vs-no-2-alabama-how-to-watch#comments", "distance": "1"}
{"url": "https://www.bruinsnation.com/2021/3/24/22349563/ucla-texas-upset-march-madness-charli-collier-michaela-onyenwere", "distance": "1"}
{"url": "https://www.bruinsnation.com/2021/3/24/22346809/ucla-bruins-news-2021-ncaa-tournament-texas-march-madness", "distance": "1"}
{"url": "https://www.voxmedia.com/careers", "distance": "1"}
{"url": "https://www.voxmedia.com/careers", "distance": "1"}
{"url": "https://www.bruinsnation.com/2021/3/23/22346286/ucla-news-ncaa-bruins-abilene-christian-sweet-16-march-madness", "distance": "1"}
{"url": "https://www.bruinsnation.com/2021/3/23/22346286/ucla-news-ncaa-bruins-abilene-christian-sweet-16-march-madness#comments", "distance": "1"}
{"url": "https://www.bruinsnation.com/ucla-womens-basketball/2021/3/22/22345797/ucla-bruins-2021-ncaa-tournament-first-round-win-wyoming-cowgirls-michaele-onyenwere", "distance": "1"}
{"url": "https://www.bruinsnation.com/2021/3/21/22342976/ucla-bruins-news-ncaa-wyoming-how-to-watch", "distance": "1"}
{"url": "https://www.bruinsnation.com/2021/3/21/22342976/ucla-bruins-news-ncaa-wyoming-how-to-watch#comments", "distance": "1"}
{"url": "https://www.bruinsnation.com/2021/3/20/22342572/ucla-bruins-brigham-young-cougars-first-round-2021-ncaa-tournament-final-score-recap", "distance": "1"}
{"url": "https://www.bruinsnation.com/2021/3/20/22342572/ucla-bruins-brigham-young-cougars-first-round-2021-ncaa-tournament-final-score-recap#comments", "distance": "1"}
d}};function initAndSendPageview(userId){$p("init",jsKey,{{"url": "https://www.bruinsnation.com/2021/3/18/22339414/ucla-bruins-michigan-state-spartans-first-four-overtime-advance-ncaa-tournament", "distance": "1"}
{"url": "https://www.bruinsnation.com/2021/3/18/22339414/ucla-bruins-michigan-state-spartans-first-four-overtime-advance-ncaa-tournament#comments", "distance": "1"}
{"url": "https://www.bruinsnation.com/2021/8/27/22645191/whats-happened-to-the-bruinnation-staff#comments", "distance": "1"}
{"url": "https://www.bruinsnation.com/2021/8/26/22643683/one-mans-opinion-on-the-upcoming-season#comments", "distance": "1"}
{"url": "https://www.bruinsnation.com/2021/6/18/22539789/havent-logged-in-in-years-ucla-football#comments", "distance": "1"}
{"url": "https://www.sbnation.com/admin/entries/new?community_id=106&entry_type=FanPost", "distance": "1"}
{"url": "https://www.bruinsnation.com/2021/3/18/22338209/ucla-bruins-news-first-four-spartans-michigan-state", "distance": "1"}
{"url": "https://www.bruinsnation.com/2021/3/18/22338209/ucla-bruins-news-first-four-spartans-michigan-state#comments", "distance": "1"}
{"url": "https://www.bruinsnation.com/ucla-womens-basketball/2021/3/15/22332850/ncaa-tournament-selection-monday-ucla-bruins-no-3-seed-hemisfair-region", "distance": "1"}
{"url": "https://www.bruinsnation.com/2021/3/15/22331192/march-madness-selection-show-womens-ucla-basketball", "distance": "1"}
{"url": "https://www.bruinsnation.com/2021/3/14/22326312/bruins-ucla-basketball-news-selection-sunday", "distance": "1"}
{"url": "https://www.bruinsnation.com/2021/3/14/22326312/bruins-ucla-basketball-news-selection-sunday#comments", "distance": "1"}
{"url": "https://www.bruinsnation.com/2021/3/14/22329128/ucla-bruins-basketball-march-madness-selection-show", "distance": "1"}
{"url": "https://www.bruinsnation.com/2021/3/11/22325708/ucla-bruins-basketball-oregon-state-pac-12-tournament", "distance": "1"}
{"url": "https://www.bruinsnation.com/2021/3/11/22325708/ucla-bruins-basketball-oregon-state-pac-12-tournament#comments", "distance": "1"}
{"url": "https://www.bruinsnation.com/2021/2/3/22264287/bruins-ucla-ea-sports-ncaa-football-video-game-franchise", "distance": "1"}
{"url": "https://www.bruinsnation.com/2021/1/21/22243517/ucla-eric-iloski-selected-vancouver-whitecaps-2021-mls-draft", "distance": "1"}
{"url": "https://www.bruinsnation.com/2021/1/21/22243517/ucla-eric-iloski-selected-vancouver-whitecaps-2021-mls-draft#comments", "distance": "1"}
{"url": "https://www.bruinsnation.com/2021/1/13/22230210/ucla-viviana-villacorta-lucy-parker-delanie-sheehan-2021-nwsl-draft-orlando-pride-kc-nwsl-sky-blue", "distance": "1"}
{"url": "https://www.bruinsnation.com/2021/1/5/22211531/ucla-athletics-cam-mellor-out-baby-news-vacation", "distance": "1"}
{"url": "https://www.bruinsnation.com/2021/1/5/22211531/ucla-athletics-cam-mellor-out-baby-news-vacation#comments", "distance": "1"}
{"url": "https://www.bruinsnation.com/2021/1/5/22215140/ucla-basketball-game-versus-arizona-state-espn-broadcast", "distance": "1"}
{"url": "https://www.bruinsnation.com/2021/1/5/22215140/ucla-basketball-game-versus-arizona-state-espn-broadcast#comments", "distance": "1"}
{"url": "https://www.bruinsnation.com/2021/1/4/22206970/ucla-football-tiaoalii-savea-commits-recruiting-chip-kelly-ethan-young", "distance": "1"}
{"url": "https://www.latimes.com/sports/ucla/story/2021-07-07/johnny-juzang-nba-update", "distance": "1"}
{"url": "https://www.espn.com/nba/story/_/id/31532507/former-utah-jazz-center-mark-eaton-dies-bicycle-crash-age-64", "distance": "1"}
{"url": "https://www.washingtonpost.com/sports/usa-olympian-garcia-leads-athletes-unlimited-softball-picks/2021/05/10/f8d39b2c-b1f4-11eb-bc96-fdf55de43bef_story.html", "distance": "1"}
{"url": "https://www.latimes.com/sports/ucla/story/2021-04-01/ucla-basketball-march-madness-martin-jarmond", "distance": "1"}
{"url": "https://fbschedules.com/ucla-football-schedule/", "distance": "1"}
{"url": "https://www.voxmedia.com", "distance": "1"}
{"url": "https://www.voxmedia.com", "distance": "1"}
{"url": "https://www.facebook.com/dailyadvertiser?ref=nf", "distance": "1"}
{"url": "https://twitter.com/theadvertiser/", "distance": "1"}
{"url": "https://www.instagram.com/thedailyadvertiser/", "distance": "1"}
{"url": "https://pac-12.com/", "distance": "1"}
{"url": "https://www.facebook.com/UCLAbaseball", "distance": "1"}
{"url": "https://www.facebook.com/UCLAMensBasketball", "distance": "1"}
{"url": "https://www.facebook.com/UCLAWomensBasketball", "distance": "1"}
{"url": "https://www.facebook.com/UCLABeachVB/", "distance": "1"}
{"url": "https://www.facebook.com/UCLAXC", "distance": "1"}
{"url": "https://www.facebook.com/uclafootball", "distance": "1"}
{"url": "https://www.facebook.com/uclamensgolf", "distance": "1"}
{"url": "https://www.facebook.com/uclawomensgolf", "distance": "1"}
{"url": "http://www.facebook.com/uclagymnastics", "distance": "1"}
{"url": "https://www.facebook.com/uclarowing", "distance": "1"}
{"url": "https://www.facebook.com/UCLAMSoccer", "distance": "1"}
{"url": "https://www.facebook.com/UCLAWSoccer", "distance": "1"}
{"url": "https://www.facebook.com/UCLABruinsSoftball", "distance": "1"}
{"url": "https://www.facebook.com/uclaswimanddive", "distance": "1"}
{"url": "https://www.facebook.com/UCLAMensTennis", "distance": "1"}
{"url": "https://www.facebook.com/UCLAWomensTennis", "distance": "1"}
{"url": "https://www.facebook.com/UCLATrackAndField", "distance": "1"}
{"url": "https://www.facebook.com/UCLAMVB", "distance": "1"}
{"url": "https://www.facebook.com/uclawomensvb", "distance": "1"}
{"url": "https://www.facebook.com/uclamenswaterpolo", "distance": "1"}
{"url": "https://www.facebook.com/uclawomenswaterpolo", "distance": "1"}
{"url": "https://ev2.evenue.net/cgi-bin/ncommerce3/EVExecMacro?linkID=ucla-multi&evm=myac&entry=myaccount.html&url=https%3A%2F%2Fev2.evenue.net%2Fcgi-bin%2Fncommerce3%2FEVExecMacro%3FlinkID%3Ducla-multi%26evm%3Dmyac%26entry%3DDisplayGroupList.html", "distance": "1"}
{"url": "https://www.woodenathleticfund.com/giving/bruin-varsity-club.html", "distance": "1"}
{"url": "https://www.stubhub.com/ucla-bruins-tickets/grouping/227754/?utm_source=ncaa&utm_medium=partnership&utm_sub_medium=ncaa&utm_campaign=general&utm_term=ucla&utm_content=mainsite", "distance": "1"}
{"url": "http://www.woodenathleticfund.com/bruinvarsityclub/index.html", "distance": "1"}
{"url": "http://www.ucla.edu/maps-directions-parking/", "distance": "1"}
{"url": "http://www.woodenathleticfund.com/", "distance": "1"}
{"url": "http://www.uclabruins.com/sports/2016/8/16/live-audio.aspx", "distance": "1"}
{"url": "https://www.youtube.com/channel/UCm3-NocWw8YDQ6lfOb78ehA", "distance": "1"}
{"url": "http://www.uclalivestats.com", "distance": "1"}
{"url": "http://uclabruins.com/sports/2014/8/22/209612683.aspx", "distance": "1"}
{"url": "http://www.seats3d.com/ncaa/university_california_los_angeles/rt/?DB_OEM_ID=30500&DB_OEM_ID=30500&DB_LANG=C&IN_SUBSCRIBER_CONTENT=", "distance": "1"}
{"url": "http://www.youvisit.com/tour/ucla?DB_OEM_ID=30500", "distance": "1"}
{"url": "https://www.stanza.co/@uclabruins#/v1/", "distance": "1"}
{"url": "http://bruinteamshop.com/", "distance": "1"}
{"url": "http://bruinteamshop.com/", "distance": "1"}
{"url": "http://bruinteamshop.com/c-11-all-mens.aspx", "distance": "1"}
{"url": "http://bruinteamshop.com/c-21-all-womens.aspx", "distance": "1"}
{"url": "http://bruinteamshop.com/c-26-all-kids.aspx", "distance": "1"}
{"url": "http://bruinteamshop.com/c-34-mens.aspx", "distance": "1"}
{"url": "http://bruinteamshop.com/c-6-jerseys.aspx", "distance": "1"}
{"url": "http://bruinteamshop.com/c-18-sweatshirts.aspx", "distance": "1"}
{"url": "http://bruinteamshop.com/c-46-caps.aspx", "distance": "1"}
{"url": "https://bruinteamshop.com/c-86-nike.aspx", "distance": "1"}
{"url": "https://pac-12.com/getpac-12networks", "distance": "1"}
{"url": "https://pac-12.com/ucla/schedule/network/televised/", "distance": "1"}
{"url": "http://www.ncaa.org/", "distance": "1"}
{"url": "https://pac-12.com/", "distance": "1"}
{"url": "https://www.learfield.com/", "distance": "1"}
{"url": "https://www.nextiva.com/pac12/?utm_source=pac12&utm_medium=website&utm_campaign=ucla", "distance": "1"}
{"url": "https://lgbtsportsafe.com/", "distance": "1"}
{"url": "https://www.sidearmsports.com/", "distance": "1"}
{"url": "http://www.sidearmsports.com/privacypolicy/", "distance": "1"}
{"url": "http://sidearmsports.com/terms-of-service/", "distance": "1"}
{"url": "http://www.sidearmsports.com/blockers", "distance": "1"}
{"url": "https://physician-careers.uclahealth.org/", "distance": "1"}
{"url": "https://uclahealth.okta.com/login/login.htm?fromURI=%2Fapp%2Fcornerstone%2Fexk1niet55G2vraw82p7%2Fsso%2Fsaml", "distance": "1"}
{"url": "https://www.facebook.com/UCLAHealthCareers", "distance": "1"}
{"url": "https://www.instagram.com/uclahealthcareers/", "distance": "1"}
{"url": "https://www.linkedin.com/company/ucla-health/life/1c83c5f1-3516-4323-80a8-52c255b8324c/", "distance": "1"}
{"url": "https://www.youtube.com/channel/UCb_JYhqnSdEejiznUm3XNqQ", "distance": "1"}
{"url": "https://www.mercurynews.com", "distance": "1"}
{"url": "https://www.mercurynews.com/author/jon-wilner/", "distance": "1"}
{"url": "https://thetrustproject.org/", "distance": "1"}
{"url": "https://myaccount.mercurynews.com/merc/preference", "distance": "1"}
{"url": "https://www.mercurynews.com/2021/09/14/dear-abby-he-said-we-werent-exclusive-so-i-slept-with-an-ex/", "distance": "1"}
{"url": "https://www.mercurynews.com/2021/09/13/pleasant-hill-rescue-puppy-is-having-trouble-sleeping-alone/", "distance": "1"}
{"url": "https://www.mercurynews.com/2021/09/07/ask-amy-grieving-woman-doesnt-want-suggestions/", "distance": "1"}
{"url": "https://www.mercurynews.com/2021/09/15/miss-manners-my-neighbor-ate-the-frosting-off-the-cake-with-a-spoon/", "distance": "1"}
{"url": "https://www.mercurynews.com/2021/09/14/miss-manners-when-strangers-thank-my-husband-what-should-he-say/", "distance": "1"}
{"url": "https://www.mercurynews.com/2021/09/10/growing-risk-of-once-in-a-century-solar-superstorm-that-could-knock-out-internet-study-says/", "distance": "1"}
{"url": "https://www.mercurynews.com/2021/09/14/lori-loughlin-granted-permission-to-head-to-canada-to-rekindle-career/", "distance": "1"}
{"url": "https://www.mercurynews.com/2021/09/14/ask-amy-people-say-i-look-30-and-i-have-a-young-boyfriend/", "distance": "1"}
{"url": "https://www.mercurynews.com/2021/09/14/second-hiker-found-dead-on-phoenix-area-trail/", "distance": "1"}
{"url": "https://www.mercurynews.com/2021/09/14/california-recall-election-results-yes-no-vote-and-candidates-vying-to-replace-gov-gavin-newsom/", "distance": "1"}
{"url": "https://twitter.com/wilnerhotline", "distance": "1"}
{"url": "https://checkout.mercurynews.com/nolanding?ofrgp_id=485&g2i_source=Event&g2i_medium=link&g2i_campaign=artbut&g2i_or_o=event&g2i_or_p=artbut", "distance": "1"}
{"url": "http://www.bayareanewsgroup.com", "distance": "1"}
{"url": "https://camps.mgoblue.com/", "distance": "1"}
{"url": "http://www.thisismichigan.com", "distance": "1"}
{"url": "https://support.mgoblue.com/sports/2019/2/13/premium-seating-2.aspx#Football%20Premium%20Seating", "distance": "1"}
{"url": "https://support.mgoblue.com/sports/2019/2/13/premium-seating-2.aspx#Men's%20Basketball%20Premium%20Seating", "distance": "1"}
{"url": "https://support.mgoblue.com/sports/2019/2/13/premium-seating-2.aspx#Men's%20Basketball%20Premium%20Seating", "distance": "1"}
{"url": "https://support.mgoblue.com/sports/2019/2/13/premium-seating-2.aspx#Premium%20Seat%20Exchange", "distance": "1"}
{"url": "http://tailgateguys.com/home/michigan?utm_source=Text_Link&utm_medium=Michigan&utm_campaign=Ticket_dropdown&utm_content=hospitality", "distance": "1"}
{"url": "https://www.stubhub.com/michigan-wolverines-tickets/grouping/227747/?gcid=chPRT-_-geoUS-_-vnMICHIGAN-_-genNCAAF-_-cmNCAAREGSEASON-_-srcTEXTLINK", "distance": "1"}
{"url": "https://mgoblue.evenue.net/cgi-bin/ncommerce3/GetApps?linkID=umichse&RSRC=&RDAT=&linkSource=SR&caller=appList&_ga=2.261318861.1187849799.1498309791-935369138.1498309789", "distance": "1"}
{"url": "https://mgoblue.evenue.net/cgi-bin/ncommerce3/EVExecMacro?linkID=umichse&evm=myac&entry=DPFundDetails.html&url=https%3A//mgoblue.evenue.net/cgi-bin/ncommerce3/DPLanding%3FlinkID%3Dumichse&RSRC=&RDAT=&_ga=2.22243707.1187849799.1498309791-935369138.1498309789", "distance": "1"}
{"url": "http://www.mgoblue.com/watch/", "distance": "1"}
{"url": "https://mgoblue.com/sms", "distance": "1"}
{"url": "http://btn.com/about/btn-channelfinder/", "distance": "1"}
{"url": "http://btn.com/about/hotels-with-btn/", "distance": "1"}
{"url": "http://macc.ath.umich.edu/", "distance": "1"}
{"url": "http://support.mgoblue.com/", "distance": "1"}
{"url": "http://eventteam.ath.umich.edu/", "distance": "1"}
{"url": "http://facilityrentals.ath.umich.edu/", "distance": "1"}
{"url": "http://facilityrentals.ath.umich.edu/", "distance": "1"}
{"url": "http://facilityrentals.ath.umich.edu/index.php/facility-tours/", "distance": "1"}
{"url": "https://tailgateguys.com/home/michigan?utm_source=Text_Link&utm_medium=Michigan&utm_campaign=Gameday_Page", "distance": "1"}
{"url": "http://www.mden.com/", "distance": "1"}
{"url": "http://michiganphotostore.photoshelter.com/", "distance": "1"}
{"url": "https://www.mden.com/", "distance": "1"}
{"url": "https://www.mden.com/new-arrivals.html#1", "distance": "1"}
{"url": "https://www.mden.com/nike-jerseys.html#1", "distance": "1"}
{"url": "https://www.mden.com/jordan-brand.html#1Jor", "distance": "1"}
{"url": "https://www.mden.com/proudbox.html", "distance": "1"}
{"url": "https://www.mden.com/vc-index.html", "distance": "1"}
{"url": "http://mgoblue.evenue.net/cgi-bin/ncommerce3/SEGetGroupList?groupCode=GS&linkID=umichse&shopperContext=&caller=&appCode=&RSRC=nav&RDAT=shop&_ga=2.211881744.56425418.1495116919-1870179246.1493321050", "distance": "1"}
{"url": "https://imgproducts.net/collections/michigan", "distance": "1"}
{"url": "https://camps.mgoblue.com/", "distance": "1"}
{"url": "http://www.thisismichigan.com", "distance": "1"}
{"url": "https://support.mgoblue.com/sports/2019/2/13/premium-seating-2.aspx#Football%20Premium%20Seating", "distance": "1"}
{"url": "https://support.mgoblue.com/sports/2019/2/13/premium-seating-2.aspx#Men's%20Basketball%20Premium%20Seating", "distance": "1"}
{"url": "https://support.mgoblue.com/sports/2019/2/13/premium-seating-2.aspx#Men's%20Basketball%20Premium%20Seating", "distance": "1"}
{"url": "https://support.mgoblue.com/sports/2019/2/13/premium-seating-2.aspx#Premium%20Seat%20Exchange", "distance": "1"}
{"url": "http://tailgateguys.com/home/michigan?utm_source=Text_Link&utm_medium=Michigan&utm_campaign=Ticket_dropdown&utm_content=hospitality", "distance": "1"}
{"url": "https://www.stubhub.com/michigan-wolverines-tickets/grouping/227747/?gcid=chPRT-_-geoUS-_-vnMICHIGAN-_-genNCAAF-_-cmNCAAREGSEASON-_-srcTEXTLINK", "distance": "1"}
{"url": "https://mgoblue.evenue.net/cgi-bin/ncommerce3/GetApps?linkID=umichse&RSRC=&RDAT=&linkSource=SR&caller=appList&_ga=2.261318861.1187849799.1498309791-935369138.1498309789", "distance": "1"}
{"url": "https://mgoblue.evenue.net/cgi-bin/ncommerce3/EVExecMacro?linkID=umichse&evm=myac&entry=DPFundDetails.html&url=https%3A//mgoblue.evenue.net/cgi-bin/ncommerce3/DPLanding%3FlinkID%3Dumichse&RSRC=&RDAT=&_ga=2.22243707.1187849799.1498309791-935369138.1498309789", "distance": "1"}
{"url": "http://www.mgoblue.com/watch/", "distance": "1"}
{"url": "https://mgoblue.com/sms", "distance": "1"}
{"url": "http://btn.com/about/btn-channelfinder/", "distance": "1"}
{"url": "http://btn.com/about/hotels-with-btn/", "distance": "1"}
{"url": "http://macc.ath.umich.edu/", "distance": "1"}
{"url": "http://support.mgoblue.com/", "distance": "1"}
{"url": "http://eventteam.ath.umich.edu/", "distance": "1"}
{"url": "http://facilityrentals.ath.umich.edu/", "distance": "1"}
{"url": "http://facilityrentals.ath.umich.edu/", "distance": "1"}
{"url": "http://facilityrentals.ath.umich.edu/index.php/facility-tours/", "distance": "1"}
{"url": "https://tailgateguys.com/home/michigan?utm_source=Text_Link&utm_medium=Michigan&utm_campaign=Gameday_Page", "distance": "1"}
{"url": "http://www.mden.com/", "distance": "1"}
{"url": "http://michiganphotostore.photoshelter.com/", "distance": "1"}
{"url": "https://www.mden.com/", "distance": "1"}
{"url": "https://www.mden.com/new-arrivals.html#1", "distance": "1"}
{"url": "https://www.mden.com/nike-jerseys.html#1", "distance": "1"}
{"url": "https://www.mden.com/jordan-brand.html#1Jor", "distance": "1"}
{"url": "https://www.mden.com/proudbox.html", "distance": "1"}
{"url": "https://www.mden.com/vc-index.html", "distance": "1"}
{"url": "http://mgoblue.evenue.net/cgi-bin/ncommerce3/SEGetGroupList?groupCode=GS&linkID=umichse&shopperContext=&caller=&appCode=&RSRC=nav&RDAT=shop&_ga=2.211881744.56425418.1495116919-1870179246.1493321050", "distance": "1"}
{"url": "https://imgproducts.net/collections/michigan", "distance": "1"}
{"url": "https://www.umich.edu/", "distance": "1"}
{"url": "http://www.ncaa.com/", "distance": "1"}
{"url": "http://bigten.org/", "distance": "1"}
{"url": "http://btn.com/", "distance": "1"}
{"url": "https://www.learfield.com/partner/michigan-sports-properties/", "distance": "1"}
{"url": "http://sidearmsports.com", "distance": "1"}
{"url": "http://www.sidearmsports.com/blockers", "distance": "1"}
{"url": "https://en.wikipedia.org/w/index.php?title=University_of_California,_Los_Angeles&action=edit&section=", "distance": "1"}
{"url": "https://www.wikidata.org/wiki/Q174710#identifiers", "distance": "1"}
{"url": "https://en.wikipedia.org/w/index.php?title=University_of_California,_Los_Angeles&oldid=1044153151", "distance": "1"}
{"url": "https://losangeles.cbslocal.com", "distance": "1"}
{"url": "https://losangeles.cbslocal.com/category/sports/lakers/", "distance": "1"}
{"url": "https://losangeles.cbslocal.com/category/sports/clippers/", "distance": "1"}
{"url": "https://losangeles.cbslocal.com/category/sports/raiders/", "distance": "1"}
{"url": "https://losangeles.cbslocal.com/category/sports/dodgers/", "distance": "1"}
{"url": "https://losangeles.cbslocal.com/category/sports/chargers/", "distance": "1"}
{"url": "https://losangeles.cbslocal.com/category/sports/angels/", "distance": "1"}
{"url": "https://losangeles.cbslocal.com/category/sports/rams/", "distance": "1"}
{"url": "https://losangeles.cbslocal.com/category/sports/kings/", "distance": "1"}
{"url": "https://losangeles.cbslocal.com/category/sports/ducks/", "distance": "1"}
{"url": "https://losangeles.cbslocal.com/category/sports/pga-tour/", "distance": "1"}
{"url": "https://losangeles.cbslocal.com/category/sports/college-sports/", "distance": "1"}
{"url": "https://losangeles.cbslocal.com/category/sports/high-school/", "distance": "1"}
{"url": "https://losangeles.cbslocal.com/video/", "distance": "1"}
{"url": "https://losangeles.cbslocal.com/category/news/seen-on-tv/", "distance": "1"}
{"url": "https://losangeles.cbslocal.com/video/program/1200/", "distance": "1"}
{"url": "https://losangeles.cbslocal.com/video/program/1347/", "distance": "1"}
{"url": "https://losangeles.cbslocal.com/category/people-making-a-difference/", "distance": "1"}
{"url": "https://losangeles.cbslocal.com/category/steam/", "distance": "1"}
{"url": "https://losangeles.cbslocal.com/category/best-of/", "distance": "1"}
{"url": "https://losangeles.cbslocal.com/category/best-of-orange-county/", "distance": "1"}
{"url": "https://losangeles.cbslocal.com/category/travel/", "distance": "1"}
{"url": "https://losangeles.cbslocal.com/category/travel/", "distance": "1"}
{"url": "https://losangeles.cbslocal.com/audio/", "distance": "1"}
{"url": "https://losangeles.cbslocal.com/category/contests-promotions/contests/", "distance": "1"}
{"url": "https://losangeles.cbslocal.com/category/only-cbs/", "distance": "1"}
{"url": "https://losangeles.cbslocal.com/category/news/", "distance": "1"}
{"url": "https://losangeles.cbslocal.com/category/news/business/", "distance": "1"}
{"url": "https://losangeles.cbslocal.com/category/news/consumer/", "distance": "1"}
{"url": "https://losangeles.cbslocal.com/category/news/entertainment/", "distance": "1"}
{"url": "https://losangeles.cbslocal.com/category/news/health/", "distance": "1"}
{"url": "https://losangeles.cbslocal.com/category/news/investigative/", "distance": "1"}
{"url": "https://losangeles.cbslocal.com/category/only-cbs/", "distance": "1"}
{"url": "https://losangeles.cbslocal.com/category/offbeat/", "distance": "1"}
{"url": "https://losangeles.cbslocal.com/category/steam/", "distance": "1"}
{"url": "https://losangeles.cbslocal.com/category/2-on-your-side/", "distance": "1"}
{"url": "https://losangeles.cbslocal.com/2021/09/15/exit-polls-ongoing-pandemic-most-important-issue-california-recall-voters/", "distance": "1"}
{"url": "https://losangeles.cbslocal.com/2021/09/15/hollywood-bowl-proof-of-vaccination-or-negative-covid-test-concerts/", "distance": "1"}
{"url": "https://losangeles.cbslocal.com/category/people-making-a-difference/", "distance": "1"}
{"url": "https://losangeles.cbslocal.com/category/sports/lakers/", "distance": "1"}
{"url": "https://losangeles.cbslocal.com/category/sports/clippers/", "distance": "1"}
{"url": "https://losangeles.cbslocal.com/category/sports/raiders/", "distance": "1"}
{"url": "https://losangeles.cbslocal.com/category/sports/dodgers/", "distance": "1"}
{"url": "https://losangeles.cbslocal.com/category/sports/chargers/", "distance": "1"}
{"url": "https://losangeles.cbslocal.com/category/sports/angels/", "distance": "1"}
{"url": "https://losangeles.cbslocal.com/category/sports/rams/", "distance": "1"}
{"url": "https://losangeles.cbslocal.com/category/sports/kings/", "distance": "1"}
{"url": "https://losangeles.cbslocal.com/category/sports/ducks/", "distance": "1"}
{"url": "https://losangeles.cbslocal.com/category/sports/pga-tour/", "distance": "1"}
{"url": "https://losangeles.cbslocal.com/category/sports/college-sports/", "distance": "1"}
{"url": "https://losangeles.cbslocal.com/category/sports/high-school/", "distance": "1"}
{"url": "https://losangeles.cbslocal.com/2021/09/15/alabama-bryce-young-florida-college-football-brian-jones-interview/", "distance": "1"}
{"url": "https://losangeles.cbslocal.com/2021/09/14/defending-champion-dodgers-beat-d-backs-clinch-playoff-spot/", "distance": "1"}
{"url": "https://losangeles.cbslocal.com/2021/09/14/sheets-white-sox-beat-angels-9-3-in-maddons-chicago-return/", "distance": "1"}
{"url": "http://losangeles.cbslocal.com/category/chargers", "distance": "1"}
{"url": "https://losangeles.cbslocal.com/2021/09/15/alabama-bryce-young-florida-college-football-brian-jones-interview/", "distance": "1"}
{"url": "https://losangeles.cbslocal.com/2021/09/15/tough-as-nails-phil-keoghan-season-3-cast/", "distance": "1"}
{"url": "https://losangeles.cbslocal.com/2021/09/15/survivor-41-jeff-probst-pool/", "distance": "1"}
{"url": "https://losangeles.cbslocal.com/2021/09/15/jeff-hobbs-beverly-hills-high-school-book/", "distance": "1"}
{"url": "https://losangeles.cbslocal.com/2021/09/13/amanda-kloots-akbar-gbajabiamila-the-talk-cbs/", "distance": "1"}
{"url": "https://losangeles.cbslocal.com/2021/09/13/daisy-haggard-showtime-back-to-life-season-2/", "distance": "1"}
{"url": "https://losangeles.cbslocal.com/video/", "distance": "1"}
{"url": "https://losangeles.cbslocal.com/category/news/seen-on-tv/", "distance": "1"}
{"url": "https://losangeles.cbslocal.com/video/program/1200/", "distance": "1"}
{"url": "https://losangeles.cbslocal.com/video/program/1347/", "distance": "1"}
{"url": "https://losangeles.cbslocal.com/category/people-making-a-difference/", "distance": "1"}
{"url": "https://losangeles.cbslocal.com/category/steam/", "distance": "1"}
{"url": "https://losangeles.cbslocal.com/category/steam/", "distance": "1"}
{"url": "https://losangeles.cbslocal.com/video/program/1430/", "distance": "1"}
{"url": "http://losangeles.cbslocal.com/video/program/1200/", "distance": "1"}
{"url": "https://losangeles.cbslocal.com/category/on-your-side-veterans-voices/", "distance": "1"}
{"url": "https://losangeles.cbslocal.com/category/people-making-a-difference/", "distance": "1"}
{"url": "https://losangeles.cbslocal.com/station/cbs-kcal/", "distance": "1"}
{"url": "https://losangeles.cbslocal.com/contests", "distance": "1"}
{"url": "https://losangeles.cbslocal.com/about-us/advertising-basics/", "distance": "1"}
{"url": "https://losangeles.cbslocal.com/have-a-news-tip/", "distance": "1"}
{"url": "https://losangeles.cbslocal.com/2018/07/16/2-on-your-side-story-ideas/", "distance": "1"}
{"url": "https://losangeles.cbslocal.com/category/podcasts/", "distance": "1"}
{"url": "https://losangeles.cbslocal.com/category/podcasts/", "distance": "1"}
{"url": "http://losangeles.cbslocal.com/have-a-news-tip/", "distance": "1"}
{"url": "http://losangeles.cbslocal.com/category/news/seen-on-tv/", "distance": "1"}
{"url": "http://www.cbsla.com/app", "distance": "1"}
{"url": "https://losangeles.cbslocal.com/category/only-cbs/", "distance": "1"}
{"url": "https://losangeles.cbslocal.com/live/", "distance": "1"}
{"url": "http://losangeles.cbslocal.com/weather", "distance": "1"}
{"url": "https://losangeles.cbslocal.com/live/cbsn-la/", "distance": "1"}
{"url": "https://losangeles.cbslocal.com/2021/09/15/exit-polls-ongoing-pandemic-most-important-issue-california-recall-voters/", "distance": "1"}
{"url": "https://losangeles.cbslocal.com/wp-content/uploads/sites/14984641/2020/09/GettyImages-1206664281.jpg", "distance": "1"}
{"url": "https://losangeles.cbslocal.com/2021/09/15/hollywood-bowl-proof-of-vaccination-or-negative-covid-test-concerts/", "distance": "1"}
{"url": "https://losangeles.cbslocal.com/2021/09/15/police-pursuit-santa-ana-ends-atwater-village-3-in-custody/", "distance": "1"}
{"url": "https://apps.cbslocal.com/los-angeles/", "distance": "1"}
{"url": "http://www.facebook.com/CBSLA", "distance": "1"}
{"url": "http://twitter.com/#!/CBSLA", "distance": "1"}
{"url": "http://www.youtube.com/cbsla", "distance": "1"}
{"url": "http://www.instagram.com/cbsla", "distance": "1"}
{"url": "https://www.reddit.com/user/cbsla", "distance": "1"}
{"url": "https://www.linkedin.com/company/kcbs-cbs-la/", "distance": "1"}
{"url": "https://losangeles.cbslocal.com/2021/09/15/cbs-news-projects-recall-effort-has-failed-newsom-remains-in-office/", "distance": "1"}
{"url": "https://losangeles.cbslocal.com/2021/09/14/report-comedian-norm-macdonald-dies-at-61/", "distance": "1"}
{"url": "https://losangeles.cbslocal.com/2021/09/14/nearly-2m-in-stolen-merchandise-seized-in-socal-organized-crime-ring-bust/", "distance": "1"}
{"url": "https://losangeles.cbslocal.com/2021/09/14/orange-county-voter-turnout-for-recall-election-estimated-at-46-by-mid-afternoon/", "distance": "1"}
{"url": "https://losangeles.cbslocal.com/2021/09/14/one-pedestrian-killed-one-hurt-in-collision-outside-simi-valley-high/", "distance": "1"}
{"url": "https://losangeles.cbslocal.com/2021/09/15/governor-gavin-newsom-addresses-recall-election-results-from-sacramento/", "distance": "1"}
{"url": "https://losangeles.cbslocal.com/2021/09/14/norm-macdonald-dead/", "distance": "1"}
{"url": "https://losangeles.cbslocal.com/2021/09/13/british-actress-tanya-fear-found-hollywood/", "distance": "1"}
{"url": "https://losangeles.cbslocal.com/2021/09/14/la-county-voting-centers-recall-election/", "distance": "1"}
{"url": "https://losangeles.cbslocal.com", "distance": "1"}
{"url": "http://www.facebook.com/CBSLA", "distance": "1"}
{"url": "http://twitter.com/#!/CBSLA", "distance": "1"}
{"url": "http://www.youtube.com/cbsla", "distance": "1"}
{"url": "http://www.instagram.com/cbsla", "distance": "1"}
{"url": "https://www.reddit.com/user/cbsla", "distance": "1"}
{"url": "https://www.linkedin.com/company/kcbs-cbs-la/", "distance": "1"}
{"url": "https://losangeles.cbslocal.com/category/news/", "distance": "1"}
{"url": "https://losangeles.cbslocal.com/category/weather/", "distance": "1"}
{"url": "https://losangeles.cbslocal.com/category/news/business/", "distance": "1"}
{"url": "https://losangeles.cbslocal.com/category/news/consumer/", "distance": "1"}
{"url": "https://losangeles.cbslocal.com/category/news/entertainment/", "distance": "1"}
{"url": "https://losangeles.cbslocal.com/category/news/investigative/", "distance": "1"}
{"url": "https://losangeles.cbslocal.com/category/sports/lakers/", "distance": "1"}
{"url": "https://losangeles.cbslocal.com/category/sports/clippers/", "distance": "1"}
{"url": "https://losangeles.cbslocal.com/category/sports/dodgers/", "distance": "1"}
{"url": "https://losangeles.cbslocal.com/category/sports/angels/", "distance": "1"}
{"url": "https://losangeles.cbslocal.com/category/sports/rams/", "distance": "1"}
{"url": "https://losangeles.cbslocal.com/category/sports/chargers/", "distance": "1"}
{"url": "https://losangeles.cbslocal.com/category/sports/college-sports/", "distance": "1"}
{"url": "https://losangeles.cbslocal.com/category/watch-listen/music/", "distance": "1"}
{"url": "https://losangeles.cbslocal.com/video/", "distance": "1"}
{"url": "https://losangeles.cbslocal.com/audio/", "distance": "1"}
{"url": "https://losangeles.cbslocal.com/category/news/seen-on-tv/", "distance": "1"}
{"url": "https://losangeles.cbslocal.com/category/only-cbs/", "distance": "1"}
{"url": "https://losangeles.cbslocal.com/category/best-of/", "distance": "1"}
{"url": "https://losangeles.cbslocal.com/category/best-of-orange-county/", "distance": "1"}
{"url": "https://losangeles.cbslocal.com/about-us/", "distance": "1"}
{"url": "https://losangeles.cbslocal.com/about-us/advertising-basics/", "distance": "1"}
{"url": "https://losangeles.cbslocal.com/social/", "distance": "1"}
{"url": "https://losangeles.cbslocal.com/station/cbs-kcal/", "distance": "1"}
{"url": "https://losangeles.cbslocal.com", "distance": "1"}
