{"url": "https://nyulangone.org/", "page_size(byte)": 179378, "download_time": "2021-09-15 17:41:20"}
{"url": "https://www.collegeconsensus.com/schools/new-york-university/", "page_size(byte)": 260794, "download_time": "2021-09-15 17:41:20"}
{"url": "https://www.wsws.org/en/articles/2021/09/07/f6d9-s07.html", "page_size(byte)": 134323, "download_time": "2021-09-15 17:41:20"}
{"url": "https://www.colgate.edu/", "page_size(byte)": 83325, "download_time": "2021-09-15 17:41:21"}
{"url": "https://www.yale.edu/", "page_size(byte)": 71024, "download_time": "2021-09-15 17:41:21"}
{"url": "https://nyuskirball.org/", "page_size(byte)": 42645, "download_time": "2021-09-15 17:41:21"}
{"url": "http://www.buffalo.edu/", "page_size(byte)": 394078, "download_time": "2021-09-15 17:41:22"}
{"url": "https://www.studentinsurance.com/Client/645", "page_size(byte)": 36294, "download_time": "2021-09-15 17:41:22"}
{"url": "https://www.genesee.edu/", "page_size(byte)": 35413, "download_time": "2021-09-15 17:41:22"}
{"url": "https://www.cuny.edu/", "page_size(byte)": 176707, "download_time": "2021-09-15 17:41:22"}
{"url": "https://www.cappex.com/colleges/new-york-university", "page_size(byte)": 81505, "download_time": "2021-09-15 17:41:22"}
{"url": "https://www.asa.edu/", "page_size(byte)": 17154, "download_time": "2021-09-15 17:41:22"}
{"url": "https://www.shanghairanking.com/institution/new-york-university", "page_size(byte)": 57632, "download_time": "2021-09-15 17:41:24"}
{"url": "https://www.tiaa.org/public/tcm/nyu", "page_size(byte)": 53767, "download_time": "2021-09-15 17:41:24"}
{"url": "https://www.rpi.edu/", "page_size(byte)": 49378, "download_time": "2021-09-15 17:41:24"}
{"url": "https://www.insider.com/what-its-like-to-be-nyu-student-on-campus-covid-2020-9", "page_size(byte)": 312391, "download_time": "2021-09-15 17:41:25"}
{"url": "https://www.aau.edu/who-we-are/our-members/new-york-university", "page_size(byte)": 72141, "download_time": "2021-09-15 17:41:25"}
{"url": "https://www.classcentral.com/university/nyu", "page_size(byte)": 727282, "download_time": "2021-09-15 17:41:26"}
{"url": "https://www.imleagues.com/NYU", "page_size(byte)": 117864, "download_time": "2021-09-15 17:41:26"}
{"url": "https://www.bronfmancenter.org/", "page_size(byte)": 253349, "download_time": "2021-09-15 17:41:26"}
{"url": "https://www.hofstra.edu/", "page_size(byte)": 51084, "download_time": "2021-09-15 17:41:26"}
{"url": "https://www.facebook.com/NYU/", "page_size(byte)": 72642, "download_time": "2021-09-15 17:41:27"}
{"url": "https://blog.nomadcredit.com/average-gmat-toefl-scores-new-york-university-stern-school-business/", "page_size(byte)": 91742, "download_time": "2021-09-15 17:41:27"}
{"url": "https://www.newworldencyclopedia.org/entry/New_York_University", "page_size(byte)": 90058, "download_time": "2021-09-15 17:41:28"}
{"url": "http://www.dyc.edu/", "page_size(byte)": 95437, "download_time": "2021-09-15 17:41:28"}
{"url": "https://www.commonapp.org/explore/new-york-university", "page_size(byte)": 450262, "download_time": "2021-09-15 17:41:28"}
{"url": "https://www.princetonreview.com/college/new-york-university-1022976", "page_size(byte)": 187824, "download_time": "2021-09-15 17:41:28"}
{"url": "https://www.niche.com/colleges/new-york-university/", "page_size(byte)": 198673, "download_time": "2021-09-15 17:41:29"}
{"url": "https://tcnjathletics.com/sports/womens-soccer/stats/2021/new-york-university/boxscore/8614", "page_size(byte)": 589474, "download_time": "2021-09-15 17:41:29"}
{"url": "https://www.bard.edu/", "page_size(byte)": 60142, "download_time": "2021-09-15 17:41:29"}
{"url": "https://www.nyp.org/", "page_size(byte)": 195955, "download_time": "2021-09-15 17:41:29"}
{"url": "https://www.nyu.edu/search.html?search=minimum+GPA+for+admission", "page_size(byte)": 90539, "download_time": "2021-09-15 17:41:29"}
{"url": "https://www.niche.com/colleges/new-york-university/admissions/", "page_size(byte)": 105636, "download_time": "2021-09-15 17:41:30"}
{"url": "https://www.afrotc.com/college/new-york-university/", "page_size(byte)": 31610, "download_time": "2021-09-15 17:41:30"}
{"url": "https://www.collegedata.com/college-search/new-york-university", "page_size(byte)": 63757, "download_time": "2021-09-15 17:41:31"}
{"url": "https://www.ny.gov/programs/tuition-free-degree-program-excelsior-scholarship", "page_size(byte)": 35179, "download_time": "2021-09-15 17:41:31"}
{"url": "https://www.columbia.edu/", "page_size(byte)": 131864, "download_time": "2021-09-15 17:41:31"}
{"url": "https://www.chea.org/new-york-university", "page_size(byte)": 178758, "download_time": "2021-09-15 17:41:32"}
{"url": "https://pubmed.ncbi.nlm.nih.gov/34465900/", "page_size(byte)": 209715, "download_time": "2021-09-15 17:41:33"}
{"url": "https://daytripperuniversity.com/dtuschool/new-york-university", "page_size(byte)": 167331, "download_time": "2021-09-15 17:41:33"}
{"url": "https://www.sfc.edu/", "page_size(byte)": 128192, "download_time": "2021-09-15 17:41:34"}
{"url": "http://www.casaitaliananyu.org/", "page_size(byte)": 808771, "download_time": "2021-09-15 17:41:35"}
{"url": "https://talk.collegeconfidential.com/c/colleges-and-universities/new-york-university/358", "page_size(byte)": 1100451, "download_time": "2021-09-15 17:41:37"}
{"url": "https://www.brennancenter.org/", "page_size(byte)": 146675, "download_time": "2021-09-15 17:41:37"}
{"url": "https://www.gotouniversity.com/university/new-york-university", "page_size(byte)": 106116, "download_time": "2021-09-15 17:41:38"}
{"url": "https://www2.naz.edu/", "page_size(byte)": 24310, "download_time": "2021-09-15 17:41:38"}
{"url": "https://www.reddit.com/r/nyu/", "page_size(byte)": 965314, "download_time": "2021-09-15 17:41:45"}
{"url": "https://www.eliteprospects.com/team/10519/new-york-univ.", "page_size(byte)": 210601, "download_time": "2021-09-15 17:41:47"}
{"url": "https://www.paschoolfinder.com/item/new-york-university/", "page_size(byte)": 142929, "download_time": "2021-09-15 17:41:51"}
{"url": "https://www.syracuse.edu/", "page_size(byte)": 57262, "download_time": "2021-09-15 17:41:51"}
{"url": "https://www.bloomberg.com/profile/company/321042Z:US", "page_size(byte)": 10973, "download_time": "2021-09-15 17:41:52"}
{"url": "https://www.sunyacc.edu/", "page_size(byte)": 59109, "download_time": "2021-09-15 17:41:53"}
{"url": "https://www.vassar.edu/", "page_size(byte)": 91118, "download_time": "2021-09-15 17:41:53"}
{"url": "https://www.stjohns.edu/", "page_size(byte)": 109457, "download_time": "2021-09-15 17:41:53"}
{"url": "https://twitter.com/nyuniversity?lang=en", "page_size(byte)": 79030, "download_time": "2021-09-15 17:41:54"}
{"url": "https://studyabroad.shiksha.com/usa/universities/new-york-university", "page_size(byte)": 459070, "download_time": "2021-09-15 17:41:55"}
{"url": "https://resouces-cms.prd.timeshighereducation.com/world-university-rankings/new-york-university", "page_size(byte)": 105375, "download_time": "2021-09-15 17:41:55"}
{"url": "https://kierantimberlake.com/page/181-mercer", "page_size(byte)": 48351, "download_time": "2021-09-15 17:41:56"}
{"url": "https://www.unigo.com/colleges/new-york-university", "page_size(byte)": 458099, "download_time": "2021-09-15 17:41:58"}
{"url": "https://www.newschool.edu/", "page_size(byte)": 219259, "download_time": "2021-09-15 17:41:58"}
{"url": "https://www.nytimes.com/topic/organization/new-york-university", "page_size(byte)": 462246, "download_time": "2021-09-15 17:42:01"}
{"url": "https://2u.com/partners/new-york-university/", "page_size(byte)": 88986, "download_time": "2021-09-15 17:42:02"}
{"url": "https://www.educationcorner.com/new-york-university.html", "page_size(byte)": 74932, "download_time": "2021-09-15 17:42:02"}
{"url": "https://www.delhi.edu/", "page_size(byte)": 30953, "download_time": "2021-09-15 17:42:04"}
{"url": "https://www.coursera.org/nyu", "page_size(byte)": 538775, "download_time": "2021-09-15 17:42:04"}
{"url": "https://www.juilliard.edu/", "page_size(byte)": 135653, "download_time": "2021-09-15 17:42:05"}
{"url": "https://datausa.io/profile/university/new-york-university", "page_size(byte)": 446829, "download_time": "2021-09-15 17:42:05"}
