{"url": "https://www.brooklynchophouse.com/", "page_size(byte)": 47580, "download_time": "2021-09-15 18:19:37"}
{"url": "https://www.prattlibrary.org/locations/brooklyn", "page_size(byte)": 34950, "download_time": "2021-09-15 18:19:37"}
{"url": "https://www.nuhotelbrooklyn.com/", "page_size(byte)": 147798, "download_time": "2021-09-15 18:19:37"}
{"url": "https://www.ferry.nyc/routes-and-schedules/route/south-brooklyn/", "page_size(byte)": 94987, "download_time": "2021-09-15 18:19:37"}
{"url": "https://commercialobserver.com/2021/09/brooklyn-real-estate-post-covid-2021/", "page_size(byte)": 113573, "download_time": "2021-09-15 18:19:37"}
{"url": "https://www.bop.gov/locations/institutions/bro/", "page_size(byte)": 33515, "download_time": "2021-09-15 18:19:37"}
{"url": "https://www.ihg.com/evenhotels/hotels/us/en/brooklyn/bxyev/hoteldetail", "page_size(byte)": 652204, "download_time": "2021-09-15 18:19:38"}
{"url": "http://www.bqx.nyc/", "page_size(byte)": 106719, "download_time": "2021-09-15 18:19:38"}
{"url": "https://www.superherosupplies.com/", "page_size(byte)": 79833, "download_time": "2021-09-15 18:19:38"}
{"url": "https://thebkcircus.com/", "page_size(byte)": 17374, "download_time": "2021-09-15 18:19:38"}
{"url": "https://www.bkindependent.org/", "page_size(byte)": 598384, "download_time": "2021-09-15 18:19:38"}
{"url": "https://www.bbpboathouse.org/", "page_size(byte)": 47778, "download_time": "2021-09-15 18:19:38"}
{"url": "https://www.bbg.org/", "page_size(byte)": 39609, "download_time": "2021-09-15 18:19:38"}
{"url": "https://www.ikea.com/us/en/stores/brooklyn/", "page_size(byte)": 163120, "download_time": "2021-09-15 18:19:39"}
{"url": "https://bqlt.org/", "page_size(byte)": 119739, "download_time": "2021-09-15 18:19:39"}
{"url": "https://www.6sqft.com/the-brooklyn-bridge-bike-lane-is-finally-open/", "page_size(byte)": 116984, "download_time": "2021-09-15 18:19:39"}
{"url": "https://www.thepodhotel.com/pod-brooklyn", "page_size(byte)": 192026, "download_time": "2021-09-15 18:19:39"}
{"url": "https://www.ccbq.org/", "page_size(byte)": 60882, "download_time": "2021-09-15 18:19:39"}
{"url": "http://www.brooklynschools.org/", "page_size(byte)": 153062, "download_time": "2021-09-15 18:19:40"}
{"url": "https://www.brooklynprospect.org/", "page_size(byte)": 42991, "download_time": "2021-09-15 18:19:40"}
{"url": "https://dioceseofbrooklyn.org/", "page_size(byte)": 61171, "download_time": "2021-09-15 18:19:40"}
{"url": "https://www.mbofbrooklyn.com/", "page_size(byte)": 290725, "download_time": "2021-09-15 18:19:40"}
{"url": "https://news.yahoo.com/woman-kicked-down-brooklyn-subway-032300293.html", "page_size(byte)": 705413, "download_time": "2021-09-15 18:19:40"}
{"url": "https://www.freshorthodontics.com/25-facts-about-brooklyn-that-are-hard-to-believe/", "page_size(byte)": 155555, "download_time": "2021-09-15 18:19:40"}
{"url": "http://www.brooklyncollegiate.net/", "page_size(byte)": 70534, "download_time": "2021-09-15 18:19:41"}
{"url": "https://www.fletchersbklyn.com/", "page_size(byte)": 36619, "download_time": "2021-09-15 18:19:42"}
{"url": "https://nothinbutnets.com/2021/09/15/brooklyn-nets-deandre-jordan-opens-departure-trade/", "page_size(byte)": 117351, "download_time": "2021-09-15 18:19:42"}
{"url": "https://astoriapost.com/catholic-school-students-in-queens-and-brooklyn-offered-online-learning-option", "page_size(byte)": 76648, "download_time": "2021-09-15 18:19:42"}
{"url": "https://bchands.org/", "page_size(byte)": 89080, "download_time": "2021-09-15 18:19:42"}
{"url": "https://ny.curbed.com/2017/9/27/16373802/native-new-yorker-brooklyn-most", "page_size(byte)": 129402, "download_time": "2021-09-15 18:19:42"}
{"url": "https://brooklynbuzz.com/", "page_size(byte)": 164162, "download_time": "2021-09-15 18:19:42"}
{"url": "https://www.villageofbrooklyn.com/", "page_size(byte)": 54480, "download_time": "2021-09-15 18:19:43"}
{"url": "https://www.brooklynstandarddeli.com/", "page_size(byte)": 547666, "download_time": "2021-09-15 18:19:43"}
{"url": "https://birdbrooklyn.com/", "page_size(byte)": 102884, "download_time": "2021-09-15 18:19:43"}
{"url": "https://wikitravel.org/en/Brooklyn", "page_size(byte)": 106415, "download_time": "2021-09-15 18:19:43"}
{"url": "https://www.barclayscenter.com/", "page_size(byte)": 109869, "download_time": "2021-09-15 18:19:43"}
{"url": "https://brooklyn.apache.org/", "page_size(byte)": 22939, "download_time": "2021-09-15 18:19:43"}
{"url": "https://brooklyndeep.org/", "page_size(byte)": 83955, "download_time": "2021-09-15 18:19:43"}
{"url": "http://www.brooklyn.cuny.edu/", "page_size(byte)": 85240, "download_time": "2021-09-15 18:19:43"}
{"url": "https://www.bklynlibrary.org/", "page_size(byte)": 89289, "download_time": "2021-09-15 18:19:44"}
{"url": "https://brooklynfoundry.com/", "page_size(byte)": 833955, "download_time": "2021-09-15 18:19:44"}
{"url": "https://themeforest.net/item/brooklyn-responsive-multipurpose-wordpress-theme/6221179", "page_size(byte)": 186052, "download_time": "2021-09-15 18:19:44"}
{"url": "https://www.brooklynindustries.com/", "page_size(byte)": 324245, "download_time": "2021-09-15 18:19:44"}
{"url": "https://brooklynarmyterminal.com/", "page_size(byte)": 52823, "download_time": "2021-09-15 18:19:44"}
{"url": "https://www.nydailynews.com/new-york/nyc-crime/ny-man-kicks-woman-down-brooklyn-escalator-20210913-lp6oxaxuxzg2jiacfj7xlnsp6i-story.html", "page_size(byte)": 397786, "download_time": "2021-09-15 18:19:44"}
{"url": "https://www.t-mobile.com/stores/pd/t-mobile-brooklyn-ny-11234-5072/t-mobile-revvl-4-plus", "page_size(byte)": 183608, "download_time": "2021-09-15 18:19:45"}
{"url": "https://www.brooklyncommunityfoundation.org/", "page_size(byte)": 47142, "download_time": "2021-09-15 18:19:45"}
{"url": "https://bkbagel.com/", "page_size(byte)": 105640, "download_time": "2021-09-15 18:19:45"}
{"url": "https://www.realtor.com/realestateandhomes-search/Brooklyn_NY", "page_size(byte)": 920688, "download_time": "2021-09-15 18:19:45"}
{"url": "https://www.searchlightpictures.com/brooklyn/", "page_size(byte)": 65150, "download_time": "2021-09-15 18:19:45"}
{"url": "https://www.nbcnewyork.com/tag/brooklyn/", "page_size(byte)": 146195, "download_time": "2021-09-15 18:19:45"}
{"url": "https://www.brooklynciderhouse.com/", "page_size(byte)": 54330, "download_time": "2021-09-15 18:19:45"}
{"url": "https://www.catcafebk.com/", "page_size(byte)": 3060, "download_time": "2021-09-15 18:19:46"}
{"url": "https://www.foxnews.com/us/anti-vaccine-mandate-protesters-new-york-city-joe-biden", "page_size(byte)": 94931, "download_time": "2021-09-15 18:19:46"}
{"url": "https://twitter.com/brooklynnets?lang=en", "page_size(byte)": 78520, "download_time": "2021-09-15 18:19:46"}
{"url": "https://www.uft.org/your-union/uft-borough-offices/brooklyn", "page_size(byte)": 1423811, "download_time": "2021-09-15 18:19:46"}
{"url": "https://brooklynsocialbar.com/", "page_size(byte)": 73270, "download_time": "2021-09-15 18:19:46"}
{"url": "https://www.1hotels.com/brooklyn-bridge", "page_size(byte)": 181943, "download_time": "2021-09-15 18:19:46"}
{"url": "https://brooklyn-neighborhood.org/", "page_size(byte)": 68203, "download_time": "2021-09-15 18:19:46"}
{"url": "https://www.corcoran.com/homes-for-sale/13-cranberry-street-brooklyn-ny-11201/6333061/regionId=1", "page_size(byte)": 3625526, "download_time": "2021-09-15 18:19:46"}
{"url": "https://citypointbrooklyn.com/", "page_size(byte)": 136983, "download_time": "2021-09-15 18:19:46"}
{"url": "https://www.brooklyntabernacle.org/", "page_size(byte)": 159394, "download_time": "2021-09-15 18:19:46"}
{"url": "https://www.laineygossip.com/lourdes-leon-brooklyn-beckham-and-ella-emhoff-attended-the-met-gala-2021-without-their-famous-parents/69358", "page_size(byte)": 213605, "download_time": "2021-09-15 18:19:47"}
{"url": "https://www.dailymail.co.uk/tvshowbiz/article-9993145/Brooklyn-Beckham-Nicola-Peltz-divide-fans-embarrassing-video-lingering-kiss.html", "page_size(byte)": 606315, "download_time": "2021-09-15 18:19:47"}
{"url": "https://www.3guysfrombrooklyn.com/", "page_size(byte)": 724836, "download_time": "2021-09-15 18:19:47"}
{"url": "https://www.blackownedbrooklyn.com/", "page_size(byte)": 72147, "download_time": "2021-09-15 18:19:47"}
{"url": "https://www.espn.com/nba/team/_/name/bkn/brooklyn-nets", "page_size(byte)": 1115218, "download_time": "2021-09-15 18:19:47"}
{"url": "https://www.brooklynwineexchange.com/", "page_size(byte)": 11800, "download_time": "2021-09-15 18:19:47"}
{"url": "https://www.richlandsource.com/obituaries/brooklyn-m-pierce/article_22ec585c-1589-11ec-b519-eb59079d1ec4.html", "page_size(byte)": 293232, "download_time": "2021-09-15 18:19:47"}
{"url": "https://www.businesswire.com/news/home/20210915005805/en/Brooklyn-Brewery-Launches-%E2%80%9CCREATE-SPACE%E2%80%9D-in-Partnership-with-The-Stonewall-Inn-Gives-Back-Initiative-SIGBI", "page_size(byte)": 79606, "download_time": "2021-09-15 18:19:47"}
{"url": "https://www.hotelbrooklyn.co.uk/", "page_size(byte)": 118790, "download_time": "2021-09-15 18:19:48"}
{"url": "https://patch.com/new-york/prospectheights/nyc-pizza-run-returning-brooklyn-after-2020-hiatus", "page_size(byte)": 155271, "download_time": "2021-09-15 18:19:48"}
{"url": "https://www.brooklynfi.com/", "page_size(byte)": 73812, "download_time": "2021-09-15 18:19:48"}
{"url": "https://www.brooklyncured.com/", "page_size(byte)": 440979, "download_time": "2021-09-15 18:19:48"}
{"url": "https://www.brooklynlaboratoryschool.org/", "page_size(byte)": 80601, "download_time": "2021-09-15 18:19:48"}
{"url": "https://www.brooklynartscouncil.org/", "page_size(byte)": 67650, "download_time": "2021-09-15 18:19:48"}
{"url": "https://www.brooklynfare.com/", "page_size(byte)": 19330, "download_time": "2021-09-15 18:19:48"}
{"url": "https://brooklyn.news12.com/", "page_size(byte)": 251353, "download_time": "2021-09-15 18:19:49"}
{"url": "https://www.tripadvisor.com/Tourism-g60827-Brooklyn_New_York-Vacations.html", "page_size(byte)": 579128, "download_time": "2021-09-15 18:19:49"}
{"url": "https://www.brooklyndumplingshop.com/", "page_size(byte)": 36980, "download_time": "2021-09-15 18:19:49"}
{"url": "https://www.brooklynpark.org/", "page_size(byte)": 92057, "download_time": "2021-09-15 18:19:49"}
{"url": "https://www.prospectpark.org/", "page_size(byte)": 506872, "download_time": "2021-09-15 18:19:49"}
{"url": "https://www.amny.com/new-york/brooklyn/", "page_size(byte)": 134317, "download_time": "2021-09-15 18:19:49"}
{"url": "https://brooklynpointnyc.com/", "page_size(byte)": 31534, "download_time": "2021-09-15 18:19:50"}
{"url": "https://brooklynpride.org/", "page_size(byte)": 136772, "download_time": "2021-09-15 18:19:50"}
{"url": "https://www.ci.brooklyn-center.mn.us/?locale=en", "page_size(byte)": 110418, "download_time": "2021-09-15 18:19:50"}
{"url": "https://www.bths.edu/", "page_size(byte)": 50762, "download_time": "2021-09-15 18:19:50"}
{"url": "https://www.milb.com/brooklyn", "page_size(byte)": 266896, "download_time": "2021-09-15 18:19:51"}
{"url": "https://www.amazon.com/Brooklyn-Novel-Colm-Toibin/dp/1439148953", "page_size(byte)": 1420943, "download_time": "2021-09-15 18:19:51"}
{"url": "https://www.pratt.edu/", "page_size(byte)": 48467, "download_time": "2021-09-15 18:19:51"}
{"url": "https://www.downtownbrooklyn.com/", "page_size(byte)": 71937, "download_time": "2021-09-15 18:19:51"}
{"url": "https://industrycity.com/", "page_size(byte)": 51492, "download_time": "2021-09-15 18:19:52"}
{"url": "https://wearebcs.org/", "page_size(byte)": 36702, "download_time": "2021-09-15 18:19:52"}
{"url": "https://www.brooklynkura.com/", "page_size(byte)": 123876, "download_time": "2021-09-15 18:19:52"}
{"url": "https://restaurantclicks.com/brooklyn-style-pizza/", "page_size(byte)": 212409, "download_time": "2021-09-15 18:19:52"}
{"url": "https://www.tbh.org/", "page_size(byte)": 36764, "download_time": "2021-09-15 18:19:53"}
{"url": "https://www.archdaily.com/tag/brooklyn", "page_size(byte)": 854688, "download_time": "2021-09-15 18:19:53"}
{"url": "https://brooklynrunningco.com/", "page_size(byte)": 42444, "download_time": "2021-09-15 18:19:53"}
{"url": "https://en.wikipedia.org/wiki/Brooklyn_(film)", "page_size(byte)": 146776, "download_time": "2021-09-15 18:19:53"}
{"url": "https://livebaltimore.com/neighborhoods/brooklyn/", "page_size(byte)": 152715, "download_time": "2021-09-15 18:19:53"}
{"url": "https://www.green-wood.com/", "page_size(byte)": 134996, "download_time": "2021-09-15 18:19:53"}
{"url": "https://bodybybrooklyn.com/", "page_size(byte)": 99628, "download_time": "2021-09-15 18:19:54"}
{"url": "https://www.brooklyngreenway.org/", "page_size(byte)": 55599, "download_time": "2021-09-15 18:19:54"}
{"url": "https://www.juniorscheesecake.com/blog/restaurants/brooklyn/", "page_size(byte)": 72317, "download_time": "2021-09-15 18:19:54"}
{"url": "http://www.brooklynballet.org/", "page_size(byte)": 43514, "download_time": "2021-09-15 18:19:54"}
{"url": "https://nypost.com/tag/brooklyn/", "page_size(byte)": 280527, "download_time": "2021-09-15 18:19:54"}
{"url": "https://themes.shopify.com/themes/brooklyn/styles/classic", "page_size(byte)": 141151, "download_time": "2021-09-15 18:19:54"}
{"url": "https://brooklynwi.gov/", "page_size(byte)": 221620, "download_time": "2021-09-15 18:19:54"}
{"url": "https://www.npr.org/2021/08/24/1030610901/as-brooklyn-nine-nine-winds-down-its-time-to-assess-its-complicated-legacy", "page_size(byte)": 70539, "download_time": "2021-09-15 18:19:55"}
{"url": "https://www.independent.co.uk/topic/brooklyn", "page_size(byte)": 288468, "download_time": "2021-09-15 18:19:55"}
{"url": "http://olmstednyc.com/", "page_size(byte)": 13967, "download_time": "2021-09-15 18:19:55"}
{"url": "https://www.brooklynrider.com/", "page_size(byte)": 115167, "download_time": "2021-09-15 18:19:55"}
{"url": "https://www.brooklynyouthchorus.org/", "page_size(byte)": 444258, "download_time": "2021-09-15 18:19:55"}
{"url": "https://www.washingtonpost.com/travel/united-states/brooklyn-local-guide/", "page_size(byte)": 826547, "download_time": "2021-09-15 18:19:55"}
{"url": "https://brooklynbedding.com/", "page_size(byte)": 141155, "download_time": "2021-09-15 18:19:55"}
{"url": "https://thebrooklyninstitute.com/", "page_size(byte)": 65095, "download_time": "2021-09-15 18:19:56"}
{"url": "https://www.facebook.com/Brooklyn-New-York-112111905481230/", "page_size(byte)": 21476, "download_time": "2021-09-15 18:19:56"}
{"url": "https://www.thebrooklynbarge.com/", "page_size(byte)": 98196, "download_time": "2021-09-15 18:19:56"}
{"url": "https://www.imdb.com/title/tt2381111/", "page_size(byte)": 971742, "download_time": "2021-09-15 18:19:56"}
{"url": "https://www.brooklynmusicschool.org/", "page_size(byte)": 140899, "download_time": "2021-09-15 18:19:56"}
{"url": "https://brooklynrail.org/", "page_size(byte)": 151667, "download_time": "2021-09-15 18:19:56"}
{"url": "https://www.forbes.com/sites/forbesrealestatecouncil/2021/05/17/brooklyn-proves-resilient-during-pandemic-recovery/", "page_size(byte)": 466026, "download_time": "2021-09-15 18:19:57"}
{"url": "https://brooklyn.basisindependent.com/", "page_size(byte)": 96114, "download_time": "2021-09-15 18:19:57"}
{"url": "https://www.crainsnewyork.com/topic/brooklyn", "page_size(byte)": 227793, "download_time": "2021-09-15 18:19:57"}
{"url": "https://en.wikivoyage.org/wiki/Brooklyn", "page_size(byte)": 111836, "download_time": "2021-09-15 18:19:57"}
{"url": "https://www.brooklyn-usa.org/", "page_size(byte)": 92861, "download_time": "2021-09-15 18:19:57"}
{"url": "https://brooklynflea.com/", "page_size(byte)": 57650, "download_time": "2021-09-15 18:19:57"}
{"url": "https://www.silive.com/news/2021/09/lane-closure-on-verrazzano-narrows-bridge-brooklyn-bound-traffic-jam-on-staten-island-expressway.html", "page_size(byte)": 126273, "download_time": "2021-09-15 18:19:57"}
{"url": "https://bk.knittingfactory.com/", "page_size(byte)": 228939, "download_time": "2021-09-15 18:19:57"}
{"url": "https://newyork.cbslocal.com/tag/brooklyn/", "page_size(byte)": 104223, "download_time": "2021-09-15 18:19:57"}
{"url": "https://brooklyndelhi.com/", "page_size(byte)": 79584, "download_time": "2021-09-15 18:19:57"}
{"url": "https://pix11.com/news/local-news/brooklyn/nypd-man-charged-with-murder-in-4-year-old-boys-brooklyn-death/", "page_size(byte)": 424373, "download_time": "2021-09-15 18:19:57"}
{"url": "https://www.instagram.com/brooklynbeckham/", "page_size(byte)": 213711, "download_time": "2021-09-15 18:19:57"}
{"url": "https://www.bkunitedmb.com/", "page_size(byte)": 122126, "download_time": "2021-09-15 18:19:58"}
{"url": "https://brooklynlabschool.org/", "page_size(byte)": 111778, "download_time": "2021-09-15 18:19:59"}
