{"url": "https://www.roadsideamerica.com/story/6995", "page_size(byte)": 26711, "download_time": "2021-09-17 00:17:07"}
{"url": "https://dentonrc.com/texas-ag-paxton-sues-more-districts-including-paris-isd-which-incorporated-masks-into-dress-code/article_65f88a87-870c-584a-9a81-c81d62461b15.html", "page_size(byte)": 366493, "download_time": "2021-09-17 00:17:07"}
{"url": "https://www.netexasent.com/", "page_size(byte)": 12420, "download_time": "2021-09-17 00:17:07"}
{"url": "https://open.spotify.com/artist/1SCrMreNPJYSRZIlRe9SUq", "page_size(byte)": 48233, "download_time": "2021-09-17 00:17:07"}
{"url": "https://www.fry-gibbs.com/", "page_size(byte)": 22547, "download_time": "2021-09-17 00:17:07"}
{"url": "https://www.bergdorfgoodman.com/c/designers-a-z-paris-texas-cat616702", "page_size(byte)": 414199, "download_time": "2021-09-17 00:17:08"}
{"url": "https://simpsons.fandom.com/wiki/Paris_Texan", "page_size(byte)": 522710, "download_time": "2021-09-17 00:17:09"}
{"url": "https://www.solismammo.com/dfw/paris", "page_size(byte)": 74852, "download_time": "2021-09-17 00:17:09"}
{"url": "https://ntxperioandimplants.com/paris-tx/", "page_size(byte)": 206234, "download_time": "2021-09-17 00:17:09"}
{"url": "https://www.complex.com/pigeons-and-planes/paris-texas-interview", "page_size(byte)": 548631, "download_time": "2021-09-17 00:17:09"}
{"url": "https://www.dallasnews.com/news/education/2021/09/10/texas-ag-paxton-sues-richardson-isd-over-mask-mandate/", "page_size(byte)": 731419, "download_time": "2021-09-17 00:17:10"}
{"url": "https://norrgatan.com/en/6_paris-texas", "page_size(byte)": 227162, "download_time": "2021-09-17 00:17:12"}
{"url": "https://www.east-texas.com/paris-texas.htm", "page_size(byte)": 21727, "download_time": "2021-09-17 00:17:15"}
{"url": "https://southmainiron.com/", "page_size(byte)": 119025, "download_time": "2021-09-17 00:17:15"}
{"url": "https://www.altpress.com/news/paris-texas-debut-boy-anonymous/", "page_size(byte)": 184808, "download_time": "2021-09-17 00:17:15"}
{"url": "https://paristexas.la/", "page_size(byte)": 50188, "download_time": "2021-09-17 00:17:16"}
{"url": "https://www.newyorker.com/culture/richard-brody/how-paris-texas-sold-harry-dean-stanton-short", "page_size(byte)": 572940, "download_time": "2021-09-17 00:17:16"}
{"url": "https://www.thelineofbestfit.com/new-music/song-of-the-day/paris-texas-heavy-metal", "page_size(byte)": 40472, "download_time": "2021-09-17 00:17:16"}
{"url": "https://www.northtexas.va.gov/", "page_size(byte)": 84090, "download_time": "2021-09-17 00:17:17"}
{"url": "https://www.rottentomatoes.com/m/paris_texas", "page_size(byte)": 444483, "download_time": "2021-09-17 00:17:18"}
{"url": "https://www.salvationarmytexas.org/paris/", "page_size(byte)": 19931, "download_time": "2021-09-17 00:17:18"}
{"url": "https://www.larsenonfilm.com/paris-texas", "page_size(byte)": 53408, "download_time": "2021-09-17 00:17:18"}
{"url": "https://www.chick-fil-a.com/locations/tx/paris-tx", "page_size(byte)": 41844, "download_time": "2021-09-17 00:17:19"}
{"url": "https://books.google.com/books?id=BCUzAQAAMAAJ&pg=RA2-PA76&lpg=RA2-PA76&dq=paris+texas&source=bl&ots=anjchQfOY3&sig=ACfU3U3jc0pZTyJr62MvTfkHIvET1jynMQ&hl=en&sa=X&ved=2ahUKEwjBvJSfk4XzAhURElkFHdCPBzg43AEQ6AF6BAgIEAM", "page_size(byte)": 308417, "download_time": "2021-09-17 00:17:19"}
{"url": "http://paristexashardware.com/", "page_size(byte)": 6262, "download_time": "2021-09-17 00:17:19"}
{"url": "https://poweroutage.us/area/state/texas", "page_size(byte)": 52400, "download_time": "2021-09-17 00:17:20"}
{"url": "http://www.texasescapes.com/TOWNS/Paris/Paris.htm", "page_size(byte)": 70807, "download_time": "2021-09-17 00:17:20"}
{"url": "https://acclaimmag.com/music/paris-texas/", "page_size(byte)": 76568, "download_time": "2021-09-17 00:17:20"}
{"url": "https://www.qualitycare-er.com/", "page_size(byte)": 96628, "download_time": "2021-09-17 00:17:20"}
{"url": "https://www.tshaonline.org/handbook/entries/paris-tx", "page_size(byte)": 102361, "download_time": "2021-09-17 00:17:20"}
{"url": "https://www.roadsideamerica.com/hotels_motels/country/us.html", "page_size(byte)": 30695, "download_time": "2021-09-17 00:17:20"}
{"url": "https://www.kanopy.com/product/paris-texas-0", "page_size(byte)": 44247, "download_time": "2021-09-17 00:17:21"}
{"url": "https://trendmag2.trendoffset.com/publication/?i=720341&p=&pn=", "page_size(byte)": 8361, "download_time": "2021-09-17 00:17:21"}
{"url": "https://dentonrc.com/tncms/admin/editorial-asset/?edit=65f88a87-870c-584a-9a81-c81d62461b15", "page_size(byte)": 720, "download_time": "2021-09-17 00:17:21"}
{"url": "https://www.epiphanydermatology.com/location/paris-tx/", "page_size(byte)": 58307, "download_time": "2021-09-17 00:17:21"}
{"url": "https://dentonrc.com/users/forgot/?referer_url=https%253A%252F%252Fdentonrc.com%252Ftexas-ag-paxton-sues-more-districts-including-paris-isd-which-incorporated-masks-into-dress-code%252Farticle_65f88a87-870c-584a-9a81-c81d62461b15.html", "page_size(byte)": 169338, "download_time": "2021-09-17 00:17:21"}
{"url": "https://www.jayhodgedcjrofparis.com/", "page_size(byte)": 391090, "download_time": "2021-09-17 00:17:21"}
{"url": "https://www.fandom.com/topics/games", "page_size(byte)": 427370, "download_time": "2021-09-17 00:17:23"}
{"url": "https://secure.lendingusa.com/secure/credit_app.aspx?lm=1&indie=tRV3&iframe=2&aid=iSjwszKQcJrM%2BWj1xupDLg%3D%3D&pid=40752", "page_size(byte)": 2081, "download_time": "2021-09-17 00:17:23"}
{"url": "https://simpsons.fandom.com/wiki/Category:Episodes", "page_size(byte)": 682568, "download_time": "2021-09-17 00:17:23"}
{"url": "https://apps.apple.com/us/app/bergdorf-goodman/id1484296650?ls=1", "page_size(byte)": 246021, "download_time": "2021-09-17 00:17:23"}
{"url": "https://simpsons.fandom.com/wiki/Category:Characters", "page_size(byte)": 636392, "download_time": "2021-09-17 00:17:23"}
{"url": "https://www.facebook.com/bergdorfgoodman", "page_size(byte)": 142037, "download_time": "2021-09-17 00:17:23"}
{"url": "http://bit.ly/NewFanLabWB", "page_size(byte)": 9837, "download_time": "2021-09-17 00:17:30"}
{"url": "https://www.fandom.com/licensing", "page_size(byte)": 72883, "download_time": "2021-09-17 00:17:30"}
{"url": "https://www.fandom.com/topics/tv", "page_size(byte)": 461113, "download_time": "2021-09-17 00:17:31"}
{"url": "https://simpsons.fandom.com/wiki/Template:Simpsons_characters?action=edit", "page_size(byte)": 312459, "download_time": "2021-09-17 00:17:31"}
{"url": "http://bit.ly/fandomshop1", "page_size(byte)": 403833, "download_time": "2021-09-17 00:17:31"}
{"url": "https://www.fandom.com/register?redirect=https%3A%2F%2Fsimpsons.fandom.com%2Fwiki%2FParis_Texan", "page_size(byte)": 14851, "download_time": "2021-09-17 00:17:34"}
{"url": "https://www.complexnetworks.com/?utm_source=complex", "page_size(byte)": 82315, "download_time": "2021-09-17 00:17:34"}
{"url": "https://twitter.com/intent/tweet?text=Texas%20AG%20Paxton%20sues%20more%20districts%2C%20including%20Paris%20ISD%2C%20which%20incorporated%20masks%20into%20dress%20code&url=https://www.dallasnews.com/news/education/2021/09/10/texas-ag-paxton-sues-richardson-isd-over-mask-mandate/", "page_size(byte)": 79048, "download_time": "2021-09-17 00:17:35"}
{"url": "https://www.facebook.com/dallasmorningnews", "page_size(byte)": 60051, "download_time": "2021-09-17 00:17:35"}
{"url": "https://www.instagram.com/dallasnews", "page_size(byte)": 69288, "download_time": "2021-09-17 00:17:35"}
{"url": "https://www.dallasnews.com", "page_size(byte)": 2021172, "download_time": "2021-09-17 00:17:35"}
{"url": "http://store.dallasnews.com", "page_size(byte)": 98336, "download_time": "2021-09-17 00:17:40"}
{"url": "https://docs.google.com/forms/d/e/1FAIpQLSc5q1vcwEtdtLR3IbASfx27PlFjfZ6YA1UImgTyN7ZQKTfWJw/viewform", "page_size(byte)": 110928, "download_time": "2021-09-17 00:17:40"}
{"url": "https://norrgatan.com/en/password-recovery", "page_size(byte)": 62112, "download_time": "2021-09-17 00:17:40"}
{"url": "https://norrgatan.com/en/cart", "page_size(byte)": 111234, "download_time": "2021-09-17 00:17:41"}
{"url": "https://norrgatan.com/en/6_paris-texas?order=product.date_add.desc", "page_size(byte)": 227411, "download_time": "2021-09-17 00:17:42"}
{"url": "https://norrgatan.com/en/boots/11264-52845-glossy-moc-croc-boots.html#/137-color-blue/187-size-35", "page_size(byte)": 101049, "download_time": "2021-09-17 00:17:45"}
{"url": "https://norrgatan.com/en/slingback/11260-52745-satin-snake-embossed-mama-slingback-pumps.html#/124-color-black/187-size-35", "page_size(byte)": 101852, "download_time": "2021-09-17 00:17:45"}
{"url": "https://norrgatan.com/en/6_paris-texas?order=product.random.desc", "page_size(byte)": 226865, "download_time": "2021-09-17 00:17:46"}
{"url": "https://norrgatan.com/en/6_paris-texas?order=product.price.desc", "page_size(byte)": 227845, "download_time": "2021-09-17 00:17:46"}
{"url": "http://dmnmedia.com/about-us/company-info", "page_size(byte)": 136279, "download_time": "2021-09-17 00:17:46"}
{"url": "https://norrgatan.com/en/6_paris-texas?order=product.name.desc", "page_size(byte)": 222050, "download_time": "2021-09-17 00:17:47"}
{"url": "https://norrgatan.com/en/boots/11253-52570-el-dorado-leather-boots.html#/124-color-black/187-size-35", "page_size(byte)": 99782, "download_time": "2021-09-17 00:17:48"}
{"url": "https://norrgatan.com/en/boots/11256-52645-smooth-leather-boots.html#/168-color-brown/187-size-35", "page_size(byte)": 100723, "download_time": "2021-09-17 00:17:48"}
{"url": "https://norrgatan.com/en/boots/10726-47926-suede-slouchy-boots.html#/124-color-black/187-size-35", "page_size(byte)": 101111, "download_time": "2021-09-17 00:17:49"}
{"url": "https://norrgatan.com/en/boots/11251-52520-suede-roxy-boots.html#/168-color-brown/187-size-35", "page_size(byte)": 103062, "download_time": "2021-09-17 00:17:50"}
{"url": "https://norrgatan.com/en/boots/10724-47876-lizard-embossed-stiletto-heels.html#/168-color-brown/187-size-35", "page_size(byte)": 103240, "download_time": "2021-09-17 00:17:50"}
{"url": "https://norrgatan.com/en/boots/10864-49054-moc-croc-boots.html#/168-color-brown/187-size-35", "page_size(byte)": 99331, "download_time": "2021-09-17 00:17:50"}
{"url": "https://norrgatan.com/en/boots/10722-47826-lizard-embossed-stiletto-heels.html#/124-color-black/187-size-35", "page_size(byte)": 105609, "download_time": "2021-09-17 00:17:50"}
{"url": "https://norrgatan.com/en/boots/10718-47726-moc-croc-stiletto-boots.html#/131-color-lilac/187-size-35", "page_size(byte)": 103157, "download_time": "2021-09-17 00:17:50"}
{"url": "https://www.facebook.com/norrgatan/", "page_size(byte)": 76599, "download_time": "2021-09-17 00:17:51"}
{"url": "https://ntxperioandimplants.com/appointment-request/", "page_size(byte)": 117343, "download_time": "2021-09-17 00:17:51"}
{"url": "https://ntxperioandimplants.com/about-our-practice/", "page_size(byte)": 129261, "download_time": "2021-09-17 00:17:52"}
{"url": "https://ntxperioandimplants.com/reviews/", "page_size(byte)": 105124, "download_time": "2021-09-17 00:17:52"}
{"url": "https://ntxperioandimplants.com/meet-our-team/", "page_size(byte)": 141868, "download_time": "2021-09-17 00:17:53"}
{"url": "https://ntxperioandimplants.com/rockwall-tx/", "page_size(byte)": 206482, "download_time": "2021-09-17 00:17:53"}
{"url": "https://goo.gl/maps/iniA7Wj1uBoKNFWD6", "page_size(byte)": 378396, "download_time": "2021-09-17 00:17:53"}
{"url": "https://www.facebook.com/paristxperio/", "page_size(byte)": 155615, "download_time": "2021-09-17 00:17:53"}
{"url": "https://schedule.solismammo.com/solisweb/?s=3B4A4B11-9B11-4865-BA75-2947AE7C3976", "page_size(byte)": 57999, "download_time": "2021-09-17 00:17:53"}
{"url": "https://www.instagram.com/southmainiron/", "page_size(byte)": 69292, "download_time": "2021-09-17 00:17:54"}
{"url": "https://www.yelp.com/biz/nathan-e-hodges-dds-northeast-texas-periodontal-specialists-paris", "page_size(byte)": 433536, "download_time": "2021-09-17 00:17:54"}
{"url": "https://www.yelp.com/biz/solis-mammography-paris-paris", "page_size(byte)": 452014, "download_time": "2021-09-17 00:17:55"}
{"url": "https://shopsmi.com/", "page_size(byte)": 210307, "download_time": "2021-09-17 00:17:55"}
{"url": "https://southmainiron.com/ATVs-Hisun-Forge-400I-2021-Paris-TX-52cf3408-4d0c-450a-8009-ad8f0103b7d7", "page_size(byte)": 116871, "download_time": "2021-09-17 00:17:56"}
{"url": "https://southmainiron.com/ATVs-Hisun-Forge-400I-2021-Paris-TX-e00a9e1b-e247-4af3-bc24-ad8f01045222", "page_size(byte)": 117001, "download_time": "2021-09-17 00:17:56"}
{"url": "https://southmainiron.com/ATVs-Hisun-Forge-250-2021-Paris-TX-18f2cdcc-13ab-41fc-9486-ad8f01052b00", "page_size(byte)": 112150, "download_time": "2021-09-17 00:17:56"}
{"url": "https://southmainiron.com/ATVs-Hisun-Tactic-550-EPS-2-UP-2021-Paris-TX-6f6b5d46-739e-4425-ae2c-ad8f010a4caa", "page_size(byte)": 120407, "download_time": "2021-09-17 00:17:57"}
{"url": "https://southmainiron.com/ATVs-Hisun-Tactic-550-EPS-2-UP-2021-Paris-TX-4cac1b3c-743f-47ba-9d99-ad8f0105ae4d", "page_size(byte)": 120147, "download_time": "2021-09-17 00:17:57"}
{"url": "https://www.newyorker.com/culture/the-front-row", "page_size(byte)": 367447, "download_time": "2021-09-17 00:17:59"}
{"url": "https://www.newyorker.com/video/watch/certified-copy", "page_size(byte)": 256292, "download_time": "2021-09-17 00:17:59"}
{"url": "https://southmainiron.com/Terms", "page_size(byte)": 65516, "download_time": "2021-09-17 00:17:59"}
{"url": "https://southmainiron.com/Utility-Vehicles-Hisun-Sector-E1-2021-Paris-TX-985295c0-aa2d-42f0-8cd6-ad8f010300b3", "page_size(byte)": 140851, "download_time": "2021-09-17 00:18:00"}
{"url": "https://southmainiron.com/ATVs-Hisun-Tactic-550-EPS-2-UP-2021-Paris-TX-c16f8302-e777-41f9-86ae-ad8f0107e890", "page_size(byte)": 120277, "download_time": "2021-09-17 00:18:00"}
{"url": "https://www.facebook.com/thelineofbestfit", "page_size(byte)": 55713, "download_time": "2021-09-17 00:18:00"}
{"url": "https://southmainiron.com/Utility-Vehicles-Hisun-Sector-E1-2021-Paris-TX-174e94e9-a0d3-40db-906e-ad8f010c1cae", "page_size(byte)": 125623, "download_time": "2021-09-17 00:18:00"}
{"url": "https://www.facebook.com/VeteransAffairs", "page_size(byte)": 64553, "download_time": "2021-09-17 00:18:01"}
{"url": "https://www.blogs.va.gov", "page_size(byte)": 241, "download_time": "2021-09-17 00:18:01"}
{"url": "http://public.govdelivery.com/accounts/USVHA/subscriber/new?topic_id=USVHA_163", "page_size(byte)": 6043, "download_time": "2021-09-17 00:18:02"}
{"url": "https://www.youtube.com/user/DeptVetAffairs", "page_size(byte)": 704022, "download_time": "2021-09-17 00:18:02"}
{"url": "https://www.va.gov", "page_size(byte)": 69950, "download_time": "2021-09-17 00:18:02"}
{"url": "https://www.myhealth.va.gov/mhv-portal-web/", "page_size(byte)": 72790, "download_time": "2021-09-17 00:18:02"}
{"url": "http://public.govdelivery.com/accounts/USVHA/subscriber/new?topic_id=USVHA_49", "page_size(byte)": 6043, "download_time": "2021-09-17 00:18:02"}
{"url": "https://www.altpress.com/privacy-policy/", "page_size(byte)": 156391, "download_time": "2021-09-17 00:18:03"}
{"url": "https://www.altpress.com/author/ervin/", "page_size(byte)": 162202, "download_time": "2021-09-17 00:18:03"}
{"url": "https://www.altpress.com/news/third-eye-blind-to-the-sea-velvet-negroni/", "page_size(byte)": 174097, "download_time": "2021-09-17 00:18:03"}
{"url": "http://www.va.gov/health", "page_size(byte)": 80291, "download_time": "2021-09-17 00:18:04"}
{"url": "https://twitter.com/altpress", "page_size(byte)": 78332, "download_time": "2021-09-17 00:18:04"}
{"url": "https://www.va.gov/communitycare/", "page_size(byte)": 86847, "download_time": "2021-09-17 00:18:04"}
{"url": "http://altpress.tumblr.com", "page_size(byte)": 73849, "download_time": "2021-09-17 00:18:05"}
{"url": "https://www.va.gov/vha-history/", "page_size(byte)": 74632, "download_time": "2021-09-17 00:18:05"}
{"url": "https://instagram.com/altpress", "page_size(byte)": 69292, "download_time": "2021-09-17 00:18:05"}
{"url": "https://editorial.rottentomatoes.com/", "page_size(byte)": 355067, "download_time": "2021-09-17 00:18:05"}
{"url": "https://www.altpress.com/contact", "page_size(byte)": 150397, "download_time": "2021-09-17 00:18:05"}
{"url": "https://editorial.rottentomatoes.com/article/sidney-poitiers-7-most-memorable-performances/", "page_size(byte)": 188845, "download_time": "2021-09-17 00:18:05"}
{"url": "https://editorial.rottentomatoes.com/article/rotten-tomatoes-is-wrong-a-podcast-from-rotten-tomatoes/", "page_size(byte)": 197927, "download_time": "2021-09-17 00:18:06"}
{"url": "https://editorial.rottentomatoes.com/article/the-eyes-of-tammy-faye-is-unfocused-but-jessica-chastain-is-riveting/", "page_size(byte)": 192285, "download_time": "2021-09-17 00:18:06"}
{"url": "https://editorial.rottentomatoes.com/rt-hub/2021-fall-tv-survey/", "page_size(byte)": 64384, "download_time": "2021-09-17 00:18:06"}
{"url": "https://editorial.rottentomatoes.com/guide/best-netflix-shows-and-movies-to-binge-watch-now/", "page_size(byte)": 721824, "download_time": "2021-09-17 00:18:06"}
{"url": "https://www.rottentomatoes.com/critics/tools/movie/?movieId=12963", "page_size(byte)": 49153, "download_time": "2021-09-17 00:18:06"}
{"url": "https://editorial.rottentomatoes.com/rt-hubs/", "page_size(byte)": 176957, "download_time": "2021-09-17 00:18:06"}
{"url": "https://www.snapchat.com/add/rottentomatoes", "page_size(byte)": 8045, "download_time": "2021-09-17 00:18:06"}
{"url": "https://editorial.rottentomatoes.com/guide/best-dramas-2020?cmp=rt_sticky_footer", "page_size(byte)": 212673, "download_time": "2021-09-17 00:18:07"}
{"url": "https://www.chick-fil-a.com/One", "page_size(byte)": 44631, "download_time": "2021-09-17 00:18:09"}
{"url": "https://thechickenwire.chick-fil-a.com/", "page_size(byte)": 49437, "download_time": "2021-09-17 00:18:09"}
{"url": "https://www.google.com/accounts/Login?service=print&continue=https://books.google.com/books%3Fid%3DBCUzAQAAMAAJ%26pg%3DRA2-PA76%26lpg%3DRA2-PA76%26dq%3Dparis%2Btexas%26source%3Dbl%26ots%3DanjchQfOY3%26sig%3DACfU3U3jc0pZTyJr62MvTfkHIvET1jynMQ%26hl%3Den%26sa%3DX&hl=en&ec=GAZACg", "page_size(byte)": 97366, "download_time": "2021-09-17 00:18:09"}
{"url": "https://books.google.com/books?id=BCUzAQAAMAAJ&pg=RA2-PA76&lpg=RA2-PA76&dq=paris+texas&source=bl&ots=anjchQfOY3&sig=ACfU3U3jc0pZTyJr62MvTfkHIvET1jynMQ&hl=en&sa=X&output=html_text", "page_size(byte)": 284900, "download_time": "2021-09-17 00:18:10"}
{"url": "https://books.google.com/books?id=BCUzAQAAMAAJ&printsec=frontcover&source=gbs_vpt_read", "page_size(byte)": 298238, "download_time": "2021-09-17 00:18:10"}
{"url": "https://books.google.com/books?id=BCUzAQAAMAAJ&printsec=frontcover", "page_size(byte)": 293249, "download_time": "2021-09-17 00:18:10"}
{"url": "https://www.google.com/books/edition/_/BCUzAQAAMAAJ?hl=en&newbks=1&gbpv=1&dq=paris+texas&pg=RA2-PA76&printsec=frontcover", "page_size(byte)": 299896, "download_time": "2021-09-17 00:18:10"}
{"url": "https://itunes.apple.com/us/app/chick-fil-a/id488818252", "page_size(byte)": 280606, "download_time": "2021-09-17 00:18:10"}
{"url": "https://www.larsenonfilm.com/trafic", "page_size(byte)": 51037, "download_time": "2021-09-17 00:18:11"}
{"url": "https://www.larsenonfilm.com/the-card-counter", "page_size(byte)": 51439, "download_time": "2021-09-17 00:18:11"}
{"url": "https://cultivatebrands.com", "page_size(byte)": 46397, "download_time": "2021-09-17 00:18:12"}
{"url": "https://www.amazon.com/Movies-Are-Prayers-Deepest-Longings/dp/0830844783/ref=sr_1_1?ie=UTF8&qid=1494540095&sr=8-1&keywords=movies+are+prayers", "page_size(byte)": 1404793, "download_time": "2021-09-17 00:18:13"}
{"url": "https://www.tshaonline.org/handbook", "page_size(byte)": 84541, "download_time": "2021-09-17 00:18:13"}
{"url": "https://www.twitter.com/share?url=https://acclaimmag.com/music/paris-texas/", "page_size(byte)": 78176, "download_time": "2021-09-17 00:18:13"}
{"url": "https://mytsha.com", "page_size(byte)": 8138, "download_time": "2021-09-17 00:18:13"}
{"url": "https://www.facebook.com/PowerOutageus", "page_size(byte)": 82617, "download_time": "2021-09-17 00:18:13"}
{"url": "https://acclaimmag.com/author/henry-owens/", "page_size(byte)": 58505, "download_time": "2021-09-17 00:18:13"}
{"url": "https://www.google.com/maps/dir/Current+Location/33.66047,-95.51282", "page_size(byte)": 3220844, "download_time": "2021-09-17 00:18:14"}
{"url": "https://texasalmanac.com/", "page_size(byte)": 50663, "download_time": "2021-09-17 00:18:15"}
{"url": "https://join.tshaonline.org/", "page_size(byte)": 19292, "download_time": "2021-09-17 00:18:15"}
{"url": "https://www.tshaonline.org/search", "page_size(byte)": 65944, "download_time": "2021-09-17 00:18:15"}
{"url": "https://www.tshaonline.org/about/contact/handbook-entry-error/HDP01", "page_size(byte)": 64668, "download_time": "2021-09-17 00:18:15"}
{"url": "https://mytsha.com/handbook-article/save/HDP01", "page_size(byte)": 7339, "download_time": "2021-09-17 00:18:16"}
{"url": "https://join.tshaonline.org/renew", "page_size(byte)": 14551, "download_time": "2021-09-17 00:18:16"}
{"url": "https://www.google.com/maps?cid=4891849171009416096", "page_size(byte)": 392699, "download_time": "2021-09-17 00:18:16"}
{"url": "https://www.epiphanydermatology.com/providers/ajay-amarnani-md-faad/ ", "page_size(byte)": 44123, "download_time": "2021-09-17 00:18:17"}
{"url": "https://goo.gl/maps/2mXnZAGYcm8tNMgL9", "page_size(byte)": 343299, "download_time": "2021-09-17 00:18:17"}
{"url": "https://www.fandom.com/register?redirect=https%3A%2F%2Fsimpsons.fandom.com%2Fwiki%2FCategory%3AEpisodes", "page_size(byte)": 14875, "download_time": "2021-09-17 00:18:17"}
{"url": "http://www.enable-javascript.com", "page_size(byte)": 39123, "download_time": "2021-09-17 00:18:18"}
{"url": "https://www.google.com/maps/place/Jay+Hodge+Dodge+Chrysler+Jeep+Ram+of+Paris/@33.6587611,-95.5100093,17z/data=!3m1!4b1!4m5!3m4!1s0x864a5891ea859d9d:0x4e2b51f3e675ecd7!8m2!3d33.6586163!4d-95.5078207", "page_size(byte)": 412868, "download_time": "2021-09-17 00:18:18"}
{"url": "https://simpsons.fandom.com/wiki/Category:Episodes?from=Dogtown", "page_size(byte)": 679362, "download_time": "2021-09-17 00:18:18"}
{"url": "https://www.apple.com/us/search", "page_size(byte)": 147849, "download_time": "2021-09-17 00:18:18"}
{"url": "https://simpsons.fandom.com/wiki/Category:Episodes?title=Category%3AEpisodes&mobileaction=toggle_view_mobile", "page_size(byte)": 441154, "download_time": "2021-09-17 00:18:18"}
{"url": "https://apps.apple.com/us/app/moda-operandi-luxury-fashion/id781702094", "page_size(byte)": 247175, "download_time": "2021-09-17 00:18:19"}
{"url": "https://apps.apple.com/us/app/bloomingdales-designer-style/id525536985", "page_size(byte)": 272032, "download_time": "2021-09-17 00:18:20"}
{"url": "https://www.jayhodgedcjrofparis.com/schedule-service/", "page_size(byte)": 180869, "download_time": "2021-09-17 00:18:20"}
{"url": "https://www.jameshodgemotors.net/value-your-trade/", "page_size(byte)": 184512, "download_time": "2021-09-17 00:18:21"}
{"url": "https://www.apple.com/retail/", "page_size(byte)": 146268, "download_time": "2021-09-17 00:18:22"}
{"url": "https://apps.apple.com/us/app/1stdibs/id938157117", "page_size(byte)": 272286, "download_time": "2021-09-17 00:18:23"}
{"url": "https://www.apple.com/legal/", "page_size(byte)": 57913, "download_time": "2021-09-17 00:18:24"}
{"url": "https://www.fandom.com/register?redirect=https%3A%2F%2Fsimpsons.fandom.com%2Fwiki%2FCategory%3ACharacters", "page_size(byte)": 14881, "download_time": "2021-09-17 00:18:24"}
{"url": "https://www.apple.com/choose-country-region/", "page_size(byte)": 83295, "download_time": "2021-09-17 00:18:26"}
{"url": "https://www.apple.com/legal/internet-services/terms/site.html", "page_size(byte)": 59669, "download_time": "2021-09-17 00:18:26"}
{"url": "https://cy-simpsons.fandom.com/wiki/Category:Cymeriadau", "page_size(byte)": 286668, "download_time": "2021-09-17 00:18:26"}
{"url": "https://simpsons.fandom.com/wiki/Category:Characters?from=Anger+Watkins", "page_size(byte)": 655770, "download_time": "2021-09-17 00:18:26"}
{"url": "https://m.me/40118983883", "page_size(byte)": 6534, "download_time": "2021-09-17 00:18:26"}
{"url": "https://m.facebook.com/login.php?next=https%3A%2F%2Fm.facebook.com%2Fbergdorfgoodman%3F_rdr&ref=104&rs=1&lrs=1&rid=40118983883&lrid=40118983883&refsrc=deprecated", "page_size(byte)": 10560, "download_time": "2021-09-17 00:18:27"}
{"url": "https://www.fandom.com/signin?redirect=https%3A%2F%2Fwww.fandom.com", "page_size(byte)": 13571, "download_time": "2021-09-17 00:18:27"}
{"url": "https://www.fandom.com/signin", "page_size(byte)": 13445, "download_time": "2021-09-17 00:18:27"}
{"url": "https://www.fandom.com/articles/origin-story-nancy-drew", "page_size(byte)": 108862, "download_time": "2021-09-17 00:18:28"}
{"url": "http://www.reddit.com/submit?url=https%3A%2F%2Fwww.fandom.com%2Farticles%2Fwhat-it-takes-valorant", "page_size(byte)": 520700, "download_time": "2021-09-17 00:18:28"}
{"url": "https://www.fandom.com/articles/star-stable-online-need-to-know", "page_size(byte)": 80967, "download_time": "2021-09-17 00:18:30"}
{"url": "https://twitter.com/share?url=https%3A%2F%2Fwww.fandom.com%2Farticles%2Fstar-stable-online-need-to-know", "page_size(byte)": 78175, "download_time": "2021-09-17 00:18:32"}
{"url": "http://www.reddit.com/submit?url=https%3A%2F%2Fwww.fandom.com%2Farticles%2Fhgt-great-ace-attorney-chronicles", "page_size(byte)": 521097, "download_time": "2021-09-17 00:18:34"}
{"url": "https://www.fandom.com/topics/honest-trailers", "page_size(byte)": 493998, "download_time": "2021-09-17 00:18:34"}
{"url": "http://www.reddit.com/submit?url=https%3A%2F%2Fwww.fandom.com%2Farticles%2Fez-mode-agents-valorant", "page_size(byte)": 521245, "download_time": "2021-09-17 00:18:34"}
{"url": "http://www.reddit.com/submit?url=https%3A%2F%2Fwww.fandom.com%2Farticles%2Ftop-5-hardest-crash-bandicoot-levels", "page_size(byte)": 521321, "download_time": "2021-09-17 00:18:36"}
{"url": "https://www.fandom.com/articles/shang-chi-fight-avengers", "page_size(byte)": 109209, "download_time": "2021-09-17 00:18:40"}
{"url": "https://twitter.com/share?url=https%3A%2F%2Fwww.fandom.com%2Farticles%2Fcrash-bandicoot-history", "page_size(byte)": 78324, "download_time": "2021-09-17 00:18:40"}
{"url": "https://www.fandom.com/articles/crash-bandicoot-history", "page_size(byte)": 109249, "download_time": "2021-09-17 00:18:41"}
{"url": "http://oldschoolrunescape.fandom.com", "page_size(byte)": 416516, "download_time": "2021-09-17 00:18:41"}
{"url": "https://mtg.gamepedia.com/Main_Page", "page_size(byte)": 360840, "download_time": "2021-09-17 00:18:41"}
{"url": "http://fallout.fandom.com", "page_size(byte)": 530419, "download_time": "2021-09-17 00:18:41"}
{"url": "https://animalcrossing.fandom.com/wiki/Animal_Crossing_Wiki", "page_size(byte)": 721184, "download_time": "2021-09-17 00:18:42"}
{"url": "http://gta.fandom.com/wiki/Main_Page", "page_size(byte)": 609313, "download_time": "2021-09-17 00:18:42"}
{"url": "https://wow.gamepedia.com/Wowpedia", "page_size(byte)": 358955, "download_time": "2021-09-17 00:18:54"}
{"url": "https://www.fandom.com/topics/anime", "page_size(byte)": 443332, "download_time": "2021-09-17 00:18:55"}
{"url": "https://www.fandom.com/articles/9-best-indie-demos-steam", "page_size(byte)": 111282, "download_time": "2021-09-17 00:18:55"}
{"url": "http://www.reddit.com/submit?url=https%3A%2F%2Fwww.fandom.com%2Farticles%2Frabbit-hole-time-loops", "page_size(byte)": 521137, "download_time": "2021-09-17 00:18:55"}
{"url": "http://www.reddit.com/submit?url=https%3A%2F%2Fwww.fandom.com%2Farticles%2Fpc-games-releasing-in-september-2021", "page_size(byte)": 520149, "download_time": "2021-09-17 00:18:58"}
{"url": "https://www.fandom.com/playstation", "page_size(byte)": 3168, "download_time": "2021-09-17 00:19:01"}
{"url": "https://www.fandom.com/articles/cram-it-tales-of-arise", "page_size(byte)": 94977, "download_time": "2021-09-17 00:19:02"}
{"url": "https://www.fandom.com/curated/win-custom-the-last-of-us-art-in-fan-contest", "page_size(byte)": 431667, "download_time": "2021-09-17 00:19:02"}
{"url": "https://twitter.com/share?url=https%3A%2F%2Fwww.fandom.com%2Farticles%2Fcram-it-tales-of-arise", "page_size(byte)": 78324, "download_time": "2021-09-17 00:19:05"}
{"url": "https://www.fandom.com/articles/skyrim-anniversary-whats-included", "page_size(byte)": 87222, "download_time": "2021-09-17 00:19:05"}
{"url": "http://www.reddit.com/submit?url=https%3A%2F%2Fwww.fandom.com%2Farticles%2Forigin-story-snes", "page_size(byte)": 520791, "download_time": "2021-09-17 00:19:05"}
{"url": "http://www.reddit.com/submit?url=https%3A%2F%2Fwww.fandom.com%2Farticles%2Fvalorant-playoffs-stage-3-recap", "page_size(byte)": 520750, "download_time": "2021-09-17 00:19:06"}
{"url": "https://www.fandom.com/articles/ez-mode-basics-valorant", "page_size(byte)": 80641, "download_time": "2021-09-17 00:19:09"}
{"url": "https://www.fandom.com/articles/cram-it-psychonauts-2", "page_size(byte)": 101168, "download_time": "2021-09-17 00:19:09"}
{"url": "https://www.fandom.com/topics/nintendo", "page_size(byte)": 452604, "download_time": "2021-09-17 00:19:10"}
{"url": "http://www.reddit.com/submit?url=https%3A%2F%2Fwww.fandom.com%2Farticles%2Fez-mode-hades", "page_size(byte)": 520999, "download_time": "2021-09-17 00:19:10"}
{"url": "http://www.reddit.com/submit?url=https%3A%2F%2Fwww.fandom.com%2Farticles%2Feverything-about-back-4-blood", "page_size(byte)": 520901, "download_time": "2021-09-17 00:19:11"}
{"url": "http://www.reddit.com/submit?url=https%3A%2F%2Fwww.fandom.com%2Farticles%2Franked-mode-hades", "page_size(byte)": 521347, "download_time": "2021-09-17 00:19:15"}
{"url": "http://www.reddit.com/submit?url=https%3A%2F%2Fwww.fandom.com%2Farticles%2Fvideo-game-bosses", "page_size(byte)": 521572, "download_time": "2021-09-17 00:19:16"}
{"url": "https://www.fandom.com/articles/best-pc-games-aug-21", "page_size(byte)": 90302, "download_time": "2021-09-17 00:19:16"}
{"url": "https://twitter.com/share?url=https%3A%2F%2Fwww.fandom.com%2Farticles%2Fbest-pc-games-aug-21", "page_size(byte)": 78491, "download_time": "2021-09-17 00:19:16"}
{"url": "https://www.fandom.com/articles/ranked-mode-the-sims-4", "page_size(byte)": 123846, "download_time": "2021-09-17 00:19:17"}
{"url": "http://www.reddit.com/submit?url=https%3A%2F%2Fwww.fandom.com%2Farticles%2F5-reasons-deathloop", "page_size(byte)": 521212, "download_time": "2021-09-17 00:19:17"}
{"url": "https://twitter.com/share?url=https%3A%2F%2Fwww.fandom.com%2Farticles%2Fgenshin-impact-teyvat-tour-guide", "page_size(byte)": 78176, "download_time": "2021-09-17 00:19:18"}
{"url": "https://www.fandom.com/articles/everything-deaths-door", "page_size(byte)": 86343, "download_time": "2021-09-17 00:19:18"}
{"url": "https://www.fandom.com/articles/genshin-impact-teyvat-tour-guide", "page_size(byte)": 94166, "download_time": "2021-09-17 00:19:18"}
{"url": "http://www.reddit.com/submit?url=https%3A%2F%2Fwww.fandom.com%2Farticles%2Ftrauma-and-the-last-of-us-part-ii", "page_size(byte)": 521113, "download_time": "2021-09-17 00:19:20"}
{"url": "http://www.reddit.com/submit?url=https%3A%2F%2Fwww.fandom.com%2Farticles%2F10-reasons-to-love-pokemon", "page_size(byte)": 520415, "download_time": "2021-09-17 00:19:20"}
{"url": "https://www.fandom.com/topics/pokemon", "page_size(byte)": 449023, "download_time": "2021-09-17 00:19:21"}
{"url": "http://www.reddit.com/submit?url=https%3A%2F%2Fwww.fandom.com%2Farticles%2Feverything-we-know-humankind", "page_size(byte)": 521449, "download_time": "2021-09-17 00:19:22"}
{"url": "http://www.reddit.com/submit?url=https%3A%2F%2Fwww.fandom.com%2Farticles%2Fthe-evolution-of-metroid", "page_size(byte)": 521257, "download_time": "2021-09-17 00:19:28"}
{"url": "http://www.reddit.com/submit?url=https%3A%2F%2Fwww.fandom.com%2Farticles%2Fez-mode-call-of-duty-cod", "page_size(byte)": 521402, "download_time": "2021-09-17 00:19:29"}
{"url": "https://www.fandom.com/articles/cram-it-the-legend-of-zelda", "page_size(byte)": 81084, "download_time": "2021-09-17 00:19:29"}
{"url": "http://www.reddit.com/submit?url=https%3A%2F%2Fwww.fandom.com%2Farticles%2Ffinal-fantasy-classics", "page_size(byte)": 521501, "download_time": "2021-09-17 00:19:29"}
{"url": "https://twitter.com/share?url=https%3A%2F%2Fwww.fandom.com%2Farticles%2Forigin-story-ace-attorney", "page_size(byte)": 78491, "download_time": "2021-09-17 00:19:29"}
{"url": "https://www.fandom.com/articles/origin-story-ace-attorney", "page_size(byte)": 111022, "download_time": "2021-09-17 00:19:29"}
{"url": "https://www.fandom.com/articles/meet-the-monstrums-of-ys-ix", "page_size(byte)": 92128, "download_time": "2021-09-17 00:19:30"}
{"url": "https://www.fandom.com/articles/best-2d-sprite-games", "page_size(byte)": 112958, "download_time": "2021-09-17 00:19:30"}
{"url": "https://www.fandom.com/articles/everything-about-the-ascent", "page_size(byte)": 86918, "download_time": "2021-09-17 00:19:31"}
{"url": "https://twitter.com/share?url=https%3A%2F%2Fwww.fandom.com%2Farticles%2Fbest-2d-sprite-games", "page_size(byte)": 78175, "download_time": "2021-09-17 00:19:32"}
{"url": "https://twitter.com/share?url=https%3A%2F%2Fwww.fandom.com%2Farticles%2Fez-mode-guilty-gear", "page_size(byte)": 78428, "download_time": "2021-09-17 00:19:32"}
{"url": "https://www.fandom.com/articles/ez-mode-guilty-gear", "page_size(byte)": 78796, "download_time": "2021-09-17 00:19:32"}
{"url": "https://www.fandom.com/articles/the-delicious-evolution-of-marios-cake", "page_size(byte)": 112102, "download_time": "2021-09-17 00:19:32"}
{"url": "https://www.fandom.com/articles/companions-of-the-hall", "page_size(byte)": 98657, "download_time": "2021-09-17 00:19:32"}
{"url": "https://www.fandom.com/topics/marvel", "page_size(byte)": 457795, "download_time": "2021-09-17 00:19:33"}
{"url": "http://www.reddit.com/submit?url=https%3A%2F%2Fwww.fandom.com%2Farticles%2Fe3-2021", "page_size(byte)": 521313, "download_time": "2021-09-17 00:19:34"}
{"url": "http://www.reddit.com/submit?url=https%3A%2F%2Fwww.fandom.com%2Farticles%2Fsonic-the-hedgehogs-renaissance", "page_size(byte)": 521593, "download_time": "2021-09-17 00:19:35"}
{"url": "http://www.reddit.com/submit?url=https%3A%2F%2Fwww.fandom.com%2Farticles%2Fmonster-hunter-stories-2", "page_size(byte)": 520063, "download_time": "2021-09-17 00:19:38"}
{"url": "http://www.reddit.com/submit?url=https%3A%2F%2Fwww.fandom.com%2Farticles%2Forigin-story-ffvii", "page_size(byte)": 520078, "download_time": "2021-09-17 00:19:38"}
{"url": "http://www.reddit.com/submit?url=https%3A%2F%2Fwww.fandom.com%2Farticles%2F16-reasons-final-fantasy", "page_size(byte)": 520581, "download_time": "2021-09-17 00:19:38"}
