{"url": "http://blog.nordic-sac.org/untitled/", "page_size(byte)": 24475, "download_time": "2021-09-15 15:59:07"}
{"url": "https://books.google.com/books?id=L1o-CwAAQBAJ&pg=PA188&lpg=PA188&dq=nyush&source=bl&ots=s_VNV8Xtou&sig=ACfU3U27MB4l_5LqIlMk-9ESUfyyLSmkLw&hl=en&sa=X&ved=2ahUKEwj3ztGG4oHzAhWqct8KHTHoCjc4MhDoAXoECAIQAw", "page_size(byte)": 264003, "download_time": "2021-09-15 15:59:07"}
{"url": "https://vimeo.com/402749286", "page_size(byte)": 195274, "download_time": "2021-09-15 15:59:07"}
{"url": "https://www.overleaf.com/latex/templates/nyush-ds-cs-capstone-reports-template/tpdwcxmygnzc", "page_size(byte)": 31295, "download_time": "2021-09-15 15:59:08"}
{"url": "https://giphy.com/gifs/nyushanghai-nyu-nyush-qilin-S5t2dQcVNqZm6mr7gF", "page_size(byte)": 44357, "download_time": "2021-09-15 15:59:08"}
{"url": "https://books.google.com/books?id=HOtIAwAAQBAJ&pg=PA53&lpg=PA53&dq=nyush&source=bl&ots=r0jIlZhGWI&sig=ACfU3U2cEtXjJblBKna7BP4alSOytRq_QA&hl=en&sa=X&ved=2ahUKEwj3ztGG4oHzAhWqct8KHTHoCjc4MhDoAXoECBgQAw", "page_size(byte)": 269789, "download_time": "2021-09-15 15:59:08"}
{"url": "https://twitter.com/igemnyush?lang=en", "page_size(byte)": 78465, "download_time": "2021-09-15 15:59:08"}
{"url": "http://oncenturyavenue.org/2020/11/an-overview-of-the-peer-pal-program-at-nyush/", "page_size(byte)": 53793, "download_time": "2021-09-15 15:59:09"}
{"url": "https://www.tumblr.com/tagged/nyush?sort=top", "page_size(byte)": 649332, "download_time": "2021-09-15 15:59:09"}
{"url": "https://www.reddit.com/r/nyu/comments/jodncz/transfer_from_nyush_to_nyu_ny/", "page_size(byte)": 602678, "download_time": "2021-09-15 15:59:09"}
{"url": "http://surp-nyush.org/", "page_size(byte)": 32581, "download_time": "2021-09-15 15:59:09"}
{"url": "https://hacknyu-nyush.devpost.com/", "page_size(byte)": 46184, "download_time": "2021-09-15 15:59:10"}
{"url": "https://books.google.com/books?id=WigxAQAAMAAJ&pg=PA566&lpg=PA566&dq=nyush&source=bl&ots=Kf16U1fnaR&sig=ACfU3U1UXcuE6IewB88E1VPm2uoFToL3UQ&hl=en&sa=X&ved=2ahUKEwj3ztGG4oHzAhWqct8KHTHoCjc4MhDoAXoECBEQAw", "page_size(byte)": 406043, "download_time": "2021-09-15 15:59:10"}
{"url": "https://www.shutterstock.com/search/nyush", "page_size(byte)": 333512, "download_time": "2021-09-15 15:59:10"}
{"url": "https://www.edexlive.com/campus/2018/jul/14/why-nyu-shanghai-is-a-good-place-to-study-for-indian-students-3419.html", "page_size(byte)": 95917, "download_time": "2021-09-15 15:59:10"}
{"url": "https://www.wisdomlib.org/definition/nyush", "page_size(byte)": 20185, "download_time": "2021-09-15 15:59:11"}
{"url": "https://www.coursehero.com/sitemap/schools/115758-NYU-Shanghai/courses/8282491-NYUSH304/", "page_size(byte)": 195893, "download_time": "2021-09-15 15:59:11"}
{"url": "https://www.facebook.com/NYUSH-Campus-Store-548906851857459/", "page_size(byte)": 52494, "download_time": "2021-09-15 15:59:12"}
{"url": "https://www.instagram.com/waw.nyush/?hl=en", "page_size(byte)": 69216, "download_time": "2021-09-15 15:59:12"}
{"url": "https://en.wikipedia.org/wiki/New_York_University_Shanghai", "page_size(byte)": 159494, "download_time": "2021-09-15 15:59:12"}
{"url": "https://books.google.com/books?id=IHxbAAAAQAAJ&pg=RA1-PA5&lpg=RA1-PA5&dq=nyush&source=bl&ots=eaEfSxkBbI&sig=ACfU3U3n7Muc3BQqT8F2GTmXs2fWBUT5ag&hl=en&sa=X&ved=2ahUKEwj3ztGG4oHzAhWqct8KHTHoCjc4MhDoAXoECBcQAw", "page_size(byte)": 266992, "download_time": "2021-09-15 15:59:12"}
{"url": "https://nyu-shanghai.libcal.com/", "page_size(byte)": 183900, "download_time": "2021-09-15 15:59:15"}
{"url": "https://www.coursicle.com/nyu/courses/MUSSHU/10871/", "page_size(byte)": 10622, "download_time": "2021-09-15 15:59:16"}
{"url": "https://medium.com/@wemkehou95/nyush-the-good-the-bad-the-almost-impossible-c7d27a2bea6f", "page_size(byte)": 110659, "download_time": "2021-09-15 15:59:17"}
{"url": "https://shanghai.nyu.edu/magazine/about", "page_size(byte)": 60257, "download_time": "2021-09-15 15:59:21"}
{"url": "https://news.cgtn.com/news/3d3d514f7a49444d35457a6333566d54/index.html", "page_size(byte)": 62241, "download_time": "2021-09-15 15:59:21"}
{"url": "https://books.google.com/books?id=h8JKDwAAQBAJ&pg=PT42&lpg=PT42&dq=nyush&source=bl&ots=EAyQFv325W&sig=ACfU3U1dM9YXvuz66cxXjOxoMonmue6i_Q&hl=en&sa=X&ved=2ahUKEwj3ztGG4oHzAhWqct8KHTHoCjc4MhDoAXoECBkQAw", "page_size(byte)": 282478, "download_time": "2021-09-15 15:59:22"}
{"url": "http://blog.nordic-sac.org", "page_size(byte)": 73274, "download_time": "2021-09-15 15:59:22"}
{"url": "https://feedly.com/i/subscription/feed/http://blog.nordic-sac.org/rss/", "page_size(byte)": 17131, "download_time": "2021-09-15 15:59:23"}
{"url": "https://www.google.com/accounts/Login?service=print&continue=https://books.google.com/books%3Fid%3DL1o-CwAAQBAJ%26pg%3DPA188%26lpg%3DPA188%26dq%3Dnyush%26source%3Dbl%26ots%3Ds_VNV8Xtou%26sig%3DACfU3U27MB4l_5LqIlMk-9ESUfyyLSmkLw%26hl%3Den%26sa%3DX&hl=en&ec=GAZACg", "page_size(byte)": 97758, "download_time": "2021-09-15 15:59:23"}
{"url": "https://books.google.com/books?id=L1o-CwAAQBAJ&pg=PA188&lpg=PA188&dq=nyush&source=bl&ots=s_VNV8Xtou&sig=ACfU3U27MB4l_5LqIlMk-9ESUfyyLSmkLw&hl=en&sa=X&output=html_text", "page_size(byte)": 242132, "download_time": "2021-09-15 15:59:24"}
{"url": "https://books.google.com/books?id=L1o-CwAAQBAJ&printsec=frontcover&source=gbs_vpt_read", "page_size(byte)": 263283, "download_time": "2021-09-15 15:59:24"}
{"url": "https://www.google.com/books/edition/_/L1o-CwAAQBAJ?hl=en&newbks=1&gbpv=1&dq=nyush&pg=PA188&printsec=frontcover", "page_size(byte)": 269395, "download_time": "2021-09-15 15:59:24"}
{"url": "https://books.google.com/books?id=L1o-CwAAQBAJ&printsec=frontcover", "page_size(byte)": 270409, "download_time": "2021-09-15 15:59:25"}
{"url": "https://library.nyu.sh.cn/2019/03/08/reserve-a-group-study-room-in-the-library/", "page_size(byte)": 18587, "download_time": "2021-09-15 15:59:25"}
{"url": "https://books.google.com/books?id=L1o-CwAAQBAJ&pg=PA190&lpg=PA188&ots=s_VNV8Xtou&focus=viewport&dq=nyush", "page_size(byte)": 263568, "download_time": "2021-09-15 15:59:25"}
{"url": "https://docs.google.com/forms/d/e/1FAIpQLSfUiixY0-cKWNaJwQ8vjfBKyGZBV6IXoQe8J-cLz4mrRkmqiA/viewform", "page_size(byte)": 113626, "download_time": "2021-09-15 15:59:25"}
{"url": "https://www.google.com/accounts/Login?service=print&continue=https://books.google.com/books%3Fop%3Dlookup%26id%3DHOtIAwAAQBAJ%26continue%3Dhttps://books.google.com/books%253Fid%253DHOtIAwAAQBAJ%2526pg%253DPA53%2526lpg%253DPA53%2526dq%253Dnyush%2526source%253Dbl%2526ots%253Dr0jIlZhGWI%2526sig%253DACfU3U2cEtXjJblBKna7BP4alSOytRq_QA%2526hl%253Den%2526sa%253DX&hl=en", "page_size(byte)": 98402, "download_time": "2021-09-15 15:59:26"}
{"url": "https://www.google.com/accounts/Login?service=print&continue=https://books.google.com/books%3Fid%3DHOtIAwAAQBAJ%26pg%3DPA53%26lpg%3DPA53%26dq%3Dnyush%26source%3Dbl%26ots%3Dr0jIlZhGWI%26sig%3DACfU3U2cEtXjJblBKna7BP4alSOytRq_QA%26hl%3Den%26sa%3DX&hl=en&ec=GAZACg", "page_size(byte)": 107839, "download_time": "2021-09-15 15:59:26"}
{"url": "https://books.google.com/books?id=HOtIAwAAQBAJ&printsec=frontcover", "page_size(byte)": 263272, "download_time": "2021-09-15 15:59:26"}
{"url": "https://www.google.com/books/edition/_/HOtIAwAAQBAJ?hl=en&newbks=1&gbpv=1&dq=nyush&pg=PA53&printsec=frontcover", "page_size(byte)": 267129, "download_time": "2021-09-15 15:59:26"}
{"url": "https://books.google.com/books?id=HOtIAwAAQBAJ&pg=PA54&lpg=PA53&ots=r0jIlZhGWI&focus=viewport&dq=nyush", "page_size(byte)": 264575, "download_time": "2021-09-15 15:59:26"}
{"url": "http://oncenturyavenue.org/2020/11/over-1000-nyu-students-and-faculty-sign-petition-in-protest-of-the-layoffs-of-five-liberal-studies-professors-at-nyu-paris/", "page_size(byte)": 56253, "download_time": "2021-09-15 15:59:28"}
{"url": "https://whitefluffyyeti.tumblr.com/", "page_size(byte)": 187127, "download_time": "2021-09-15 15:59:28"}
{"url": "https://nyushaofficial.tumblr.com/", "page_size(byte)": 62639, "download_time": "2021-09-15 15:59:28"}
{"url": "http://oncenturyavenue.org/2020/11/an-overview-of-the-peer-pal-program-at-nyush/?replytocom=60954#respond", "page_size(byte)": 53793, "download_time": "2021-09-15 15:59:29"}
{"url": "https://www.mozilla.org/firefox", "page_size(byte)": 79257, "download_time": "2021-09-15 15:59:29"}
{"url": "https://www.reddit.com/register/?dest=https%3A%2F%2Fwww.reddit.com%2Fr%2Fnyu%2Fcomments%2Fjodncz%2Ftransfer_from_nyush_to_nyu_ny%2F", "page_size(byte)": 12608, "download_time": "2021-09-15 15:59:29"}
{"url": "https://www.microsoft.com/windows/microsoft-edge", "page_size(byte)": 196101, "download_time": "2021-09-15 15:59:30"}
{"url": "https://www.reddit.com/posts/2020/november/", "page_size(byte)": 358600, "download_time": "2021-09-15 15:59:30"}
{"url": "https://www.reddithelp.com", "page_size(byte)": 17836, "download_time": "2021-09-15 15:59:31"}
{"url": "https://about.reddit.com", "page_size(byte)": 18527, "download_time": "2021-09-15 15:59:31"}
{"url": "https://www.reddit.com/premium", "page_size(byte)": 330873, "download_time": "2021-09-15 15:59:32"}
{"url": "https://independent.academia.edu/aykonyush", "page_size(byte)": 255389, "download_time": "2021-09-15 16:00:06"}
