{"url": "https://www.fayettevilleflyer.com/2021/09/14/lineup-released-for-fall-music-on-the-mountain-series-at-mount-sequoyah/", "page_size(byte)": 69310, "download_time": "2021-09-15 17:34:53"}
{"url": "https://www.kristv.com/news/local-news/port-aransas-designated-as-music-friendly-community", "page_size(byte)": 241655, "download_time": "2021-09-15 17:34:53"}
{"url": "https://www.theamas.com/", "page_size(byte)": 33768, "download_time": "2021-09-15 17:34:53"}
{"url": "https://www.wgrz.com/article/life/people/good-neighbors/good-neighbors-former-students-raise-money-for-wheelchair-van-for-music-teacher/71-1aaa20ca-a17c-41dd-b45a-f2385b9462a1", "page_size(byte)": 199982, "download_time": "2021-09-15 17:34:53"}
{"url": "https://www.ascap.com/", "page_size(byte)": 63110, "download_time": "2021-09-15 17:34:53"}
{"url": "https://www.bmi.com/", "page_size(byte)": 59436, "download_time": "2021-09-15 17:34:54"}
{"url": "https://www.bbc.com/culture/music", "page_size(byte)": 853454, "download_time": "2021-09-15 17:34:55"}
{"url": "https://www.sleepfoundation.org/noise-and-sleep/music", "page_size(byte)": 256660, "download_time": "2021-09-15 17:34:55"}
{"url": "https://www.uab.edu/cas/music/", "page_size(byte)": 45143, "download_time": "2021-09-15 17:34:55"}
{"url": "https://musically.com/", "page_size(byte)": 43319, "download_time": "2021-09-15 17:34:55"}
{"url": "https://www.azcardinals.com/news/week-1-rewind-pitch-perfect-in-the-music-city-cardinals-titans", "page_size(byte)": 327954, "download_time": "2021-09-15 17:34:55"}
{"url": "https://www.cim.edu/", "page_size(byte)": 40460, "download_time": "2021-09-15 17:34:55"}
{"url": "https://www.curtis.edu/", "page_size(byte)": 51569, "download_time": "2021-09-15 17:34:56"}
{"url": "https://www.usatoday.com/entertainment/music/", "page_size(byte)": 297453, "download_time": "2021-09-15 17:34:56"}
{"url": "https://www.detroitnews.com/story/entertainment/2021/09/14/comic-says-he-cancel-royal-oak-music-theatre-show-over-vax-rules/8330851002/", "page_size(byte)": 114176, "download_time": "2021-09-15 17:34:57"}
{"url": "https://www.britannica.com/art/music", "page_size(byte)": 119477, "download_time": "2021-09-15 17:34:57"}
{"url": "https://pbskids.org/daniel/games/feel-the-music/", "page_size(byte)": 35905, "download_time": "2021-09-15 17:34:57"}
{"url": "https://www.cbc.ca/music", "page_size(byte)": 215462, "download_time": "2021-09-15 17:34:57"}
{"url": "https://www.bam.org/", "page_size(byte)": 25381, "download_time": "2021-09-15 17:34:58"}
{"url": "https://www.apa.org/monitor/2013/11/music", "page_size(byte)": 64819, "download_time": "2021-09-15 17:34:58"}
{"url": "https://books.google.com/books?id=VpZ3mM5wuxIC&pg=PA85&lpg=PA85&dq=music&source=bl&ots=IRj7g_s3A_&sig=ACfU3U1clO7PNXV_0ugp14INbIjR0unObg&hl=en&sa=X&ved=2ahUKEwi24qu994HzAhUWQTABHYk2B4w45gEQ6AF6BAgHEAM", "page_size(byte)": 309006, "download_time": "2021-09-15 17:34:59"}
{"url": "https://artlist.io/", "page_size(byte)": 263082, "download_time": "2021-09-15 17:34:59"}
{"url": "https://ccm.uc.edu/", "page_size(byte)": 311474, "download_time": "2021-09-15 17:34:59"}
{"url": "https://www.bensound.com/", "page_size(byte)": 47082, "download_time": "2021-09-15 17:35:00"}
{"url": "https://www.latimes.com/entertainment-arts/music", "page_size(byte)": 308620, "download_time": "2021-09-15 17:35:00"}
{"url": "https://mileofmusic.com/", "page_size(byte)": 172200, "download_time": "2021-09-15 17:35:00"}
{"url": "https://www.musicbusinessworldwide.com/", "page_size(byte)": 64712, "download_time": "2021-09-15 17:35:00"}
{"url": "https://leginfo.legislature.ca.gov/faces/billNavClient.xhtml?bill_id=202120220SB793", "page_size(byte)": 151024, "download_time": "2021-09-15 17:35:00"}
{"url": "https://www.npr.org/music", "page_size(byte)": 132488, "download_time": "2021-09-15 17:35:01"}
{"url": "https://www.thisdayinmusic.com/", "page_size(byte)": 161217, "download_time": "2021-09-15 17:35:01"}
{"url": "https://vimeo.zendesk.com/hc/en-us/articles/236022047-Music-Store", "page_size(byte)": 47016, "download_time": "2021-09-15 17:35:01"}
{"url": "https://www.apple.com/apple-music/", "page_size(byte)": 110880, "download_time": "2021-09-15 17:35:02"}
{"url": "https://music.utexas.edu/", "page_size(byte)": 125207, "download_time": "2021-09-15 17:35:02"}
{"url": "https://musicvine.com/", "page_size(byte)": 2727, "download_time": "2021-09-15 17:35:02"}
{"url": "https://www.oxy.edu/academics/areas-study/music", "page_size(byte)": 120126, "download_time": "2021-09-15 17:35:02"}
{"url": "https://variety.com/v/music/", "page_size(byte)": 481666, "download_time": "2021-09-15 17:35:03"}
{"url": "https://www.theguardian.com/music", "page_size(byte)": 758116, "download_time": "2021-09-15 17:35:03"}
{"url": "https://www.vulture.com/music/", "page_size(byte)": 1064287, "download_time": "2021-09-15 17:35:03"}
{"url": "https://peoplesmusicschool.org/", "page_size(byte)": 52111, "download_time": "2021-09-15 17:35:04"}
{"url": "https://www.theguardian.com/technology/2016/may/20/music-industry-battling-google-youtube-what-happens-next", "page_size(byte)": 257166, "download_time": "2021-09-15 17:35:04"}
{"url": "https://www.wsj.com/news/types/music-review", "page_size(byte)": 1191915, "download_time": "2021-09-15 17:35:04"}
{"url": "https://www.post-journal.com/news/page-one/2021/09/striking-a-chord-locals-look-to-raise-money-for-beloved-music-teacher/", "page_size(byte)": 85525, "download_time": "2021-09-15 17:35:04"}
{"url": "https://www.online-tech-tips.com/computer-tips/how-to-listen-to-free-music-online-without-downloading/", "page_size(byte)": 368226, "download_time": "2021-09-15 17:35:04"}
{"url": "https://support.microsoft.com/en-us/windows/groove-music-and-spotify-faq-7f5e6c92-c662-0e14-a866-45ad8782dd91", "page_size(byte)": 119178, "download_time": "2021-09-15 17:35:04"}
{"url": "https://www.avclub.com/music", "page_size(byte)": 695681, "download_time": "2021-09-15 17:35:05"}
