{"url": "https://qns.com/2021/09/feds-bust-colombo-crime-family-leadership-in-racketeering-scheme-involving-queens-based-labor-union/", "page_size(byte)": 80788, "download_time": "2021-09-15 17:51:05"}
{"url": "http://www.unionchurchbayridge.org/", "page_size(byte)": 67506, "download_time": "2021-09-15 17:51:06"}
{"url": "https://gothamist.com/news/brooklyn-friends-school-drops-effort-disband-union-following-teachers-strike", "page_size(byte)": 144359, "download_time": "2021-09-15 17:51:06"}
{"url": "https://www.nyac.com/churchdetail/270553", "page_size(byte)": 11166, "download_time": "2021-09-15 17:51:06"}
{"url": "https://www.carrollgardensassociation.com/swbtu", "page_size(byte)": 249327, "download_time": "2021-09-15 17:51:07"}
{"url": "https://allevents.in/brooklyn/whiplash/10000171458295377", "page_size(byte)": 170611, "download_time": "2021-09-15 17:51:07"}
{"url": "https://www.ajc.com/news/feds-in-new-york-take-down-colombo-crime-family-leadership/7DCCFSSO45ENHLCOLKXE7FJHVM/", "page_size(byte)": 609796, "download_time": "2021-09-15 17:51:08"}
{"url": "https://www.buzzbuzzhome.com/us/union-bk1", "page_size(byte)": 295985, "download_time": "2021-09-15 17:51:09"}
{"url": "https://unionmarket.com/locations/", "page_size(byte)": 48768, "download_time": "2021-09-15 17:51:09"}
{"url": "https://www.wikiwand.com/en/Brooklyn_Standard_Union", "page_size(byte)": 53137, "download_time": "2021-09-15 17:51:09"}
{"url": "https://www.brownstoner.com/history/brooklyn-signs-cinderella-project-cypress-hills/", "page_size(byte)": 20789, "download_time": "2021-09-15 17:51:09"}
{"url": "https://www.findagrave.com/cemetery/853504/brooklyn-union-burial-ground", "page_size(byte)": 124321, "download_time": "2021-09-15 17:51:10"}
{"url": "https://www.helloismile.com/location/ny/brooklyn/park-slope", "page_size(byte)": 403616, "download_time": "2021-09-15 17:51:10"}
{"url": "https://books.google.com/books?id=fpwvAAAAYAAJ&pg=PA106&lpg=PA106&dq=brooklyn+union&source=bl&ots=xkkcsE4Gum&sig=ACfU3U3rS9xJ_wTbZVVNL17-XeYAbf9d1A&hl=en&sa=X&ved=2ahUKEwivyviA-4HzAhUQTt8KHaNrBig4tAEQ6AF6BAgCEAM", "page_size(byte)": 321705, "download_time": "2021-09-15 17:51:10"}
{"url": "https://unionhallny.com/", "page_size(byte)": 200342, "download_time": "2021-09-15 17:51:11"}
{"url": "https://www.davispolk.com/experience/brooklyn-union-gas-company-notes-offering", "page_size(byte)": 112496, "download_time": "2021-09-15 17:51:11"}
{"url": "https://www.fitchratings.com/entity/the-brooklyn-union-gas-company-80089034", "page_size(byte)": 247216, "download_time": "2021-09-15 17:51:11"}
{"url": "https://therealdeal.com/2021/09/08/ex-brooklyn-construction-union-boss-sentenced-to-5-years-for-bribery-scheme/", "page_size(byte)": 92294, "download_time": "2021-09-15 17:51:12"}
{"url": "https://www.yelp.com/biz/union-hall-brooklyn", "page_size(byte)": 581874, "download_time": "2021-09-15 17:51:13"}
{"url": "https://www.wingsfinancial.com/", "page_size(byte)": 64954, "download_time": "2021-09-15 17:51:14"}
{"url": "https://www.nycservice.org/organizations/2030", "page_size(byte)": 32364, "download_time": "2021-09-15 17:51:14"}
{"url": "https://www.nydailynews.com/new-york/ny-nyc-brooklyn-public-defenders-seek-union-bds-20210630-gsns3jeamrctnpcz4j3p6zdfmm-story.html", "page_size(byte)": 385046, "download_time": "2021-09-15 17:51:16"}
{"url": "https://www.encyclopedia.com/books/politics-and-business-magazines/keyspan-energy-co", "page_size(byte)": 69458, "download_time": "2021-09-15 17:51:16"}
{"url": "https://www.brooklynharvestmarkets.com/stores/union-avenue", "page_size(byte)": 44071, "download_time": "2021-09-15 17:51:16"}
{"url": "https://trustonefinancial.org/Locations/Brooklyn-Park", "page_size(byte)": 71151, "download_time": "2021-09-15 17:51:18"}
{"url": "https://www.instagram.com/unionmax_vintage/?hl=en", "page_size(byte)": 128912, "download_time": "2021-09-15 17:51:18"}
{"url": "https://www.theguardian.com/us-news/2021/sep/14/colombo-crime-family-dozen-arrested-racketeering-charges", "page_size(byte)": 235928, "download_time": "2021-09-15 17:51:18"}
{"url": "https://majorowenscenter.com/", "page_size(byte)": 69957, "download_time": "2021-09-15 17:51:18"}
{"url": "https://nymag.com/intelligencer/article/brooklyn-friends-school-union-quaker-values.html", "page_size(byte)": 1595801, "download_time": "2021-09-15 17:51:20"}
{"url": "https://www.unionpizzaworks.com/", "page_size(byte)": 46199, "download_time": "2021-09-15 17:51:20"}
{"url": "https://www.ny1.com/nyc/all-boroughs/education/2020/08/19/quaker-school-busts-union-trump-policy", "page_size(byte)": 77068, "download_time": "2021-09-15 17:51:20"}
{"url": "https://www.localprayers.com/US/Brooklyn/113596235341576/Union-Baptist-Church", "page_size(byte)": 48266, "download_time": "2021-09-15 17:51:21"}
{"url": "https://www.t-mobile.com/store-locator/ny/brooklyn/utica-ave-union-st", "page_size(byte)": 26904, "download_time": "2021-09-15 17:51:21"}
{"url": "https://www.tvinsider.com/1009476/brooklyn-nine-nine-john-c-mcginley-frank-osullivan-chicago-pd/", "page_size(byte)": 81460, "download_time": "2021-09-15 17:51:21"}
{"url": "https://www.ajaxunion.com/", "page_size(byte)": 63865, "download_time": "2021-09-15 17:51:22"}
{"url": "https://brooklyngeneral.com/", "page_size(byte)": 171235, "download_time": "2021-09-15 17:51:22"}
{"url": "https://www.herecomestheguide.com/wedding-venues/new-york/501-union", "page_size(byte)": 80143, "download_time": "2021-09-15 17:51:23"}
{"url": "https://news.sky.com/story/new-york-city-crime-boss-among-arrests-over-alleged-construction-union-plot-12408464", "page_size(byte)": 87595, "download_time": "2021-09-15 17:51:23"}
{"url": "https://uniontemple.org/", "page_size(byte)": 3952, "download_time": "2021-09-15 17:51:23"}
{"url": "http://www.brooklyn.cuny.edu/web/about/offices/hr/tools/union-and-welfare-funds-benefits-information.php", "page_size(byte)": 55761, "download_time": "2021-09-15 17:51:23"}
{"url": "https://pix11.com/news/local-news/sinking-ship-correction-officers-union-criticizes-rikers-relief-plan-claims-they-were-not-informed-about-it/", "page_size(byte)": 428536, "download_time": "2021-09-15 17:51:24"}
{"url": "https://caselaw.findlaw.com/ny-supreme-court-appellate-division/1904218.html", "page_size(byte)": 44548, "download_time": "2021-09-15 17:51:26"}
{"url": "https://www.toplinecu.com/", "page_size(byte)": 93032, "download_time": "2021-09-15 17:51:27"}
{"url": "https://www.brookfieldresidential.com/new-homes/texas/austin-area/austin/easton-park/union-park/brooklyn", "page_size(byte)": 128493, "download_time": "2021-09-15 17:51:28"}
{"url": "https://hyperallergic.com/505184/bam-union-vote/", "page_size(byte)": 197767, "download_time": "2021-09-15 17:51:30"}
{"url": "https://www.lilianewyork.com/", "page_size(byte)": 35190, "download_time": "2021-09-15 17:51:31"}
{"url": "https://www.ediblebrooklyn.com/2018/union-market-new-york-city/", "page_size(byte)": 75952, "download_time": "2021-09-15 17:51:32"}
{"url": "https://www.lehighvalleylive.com/news/2021/09/mob-bust-targets-nj-man-charged-as-underboss-of-crime-family.html", "page_size(byte)": 115830, "download_time": "2021-09-15 17:51:32"}
{"url": "https://casetext.com/case/conway-v-brooklyn-union-gas-company-1", "page_size(byte)": 25442, "download_time": "2021-09-15 17:51:32"}
{"url": "https://moovitapp.com/index/en/public_transit-Union_Street-NYCNJ-street_9781801-121", "page_size(byte)": 227213, "download_time": "2021-09-15 17:51:33"}
{"url": "https://www.568union.com/", "page_size(byte)": 94861, "download_time": "2021-09-15 17:51:34"}
{"url": "https://www.uft.org/your-union/uft-borough-offices/brooklyn", "page_size(byte)": 1423811, "download_time": "2021-09-15 17:51:34"}
{"url": "https://www.nationalgridus.com/", "page_size(byte)": 121364, "download_time": "2021-09-15 17:51:34"}
{"url": "https://www.nbcnewyork.com/investigations/reputed-nyc-mob-boss-among-a-dozen-snared-in-fraud-corruption-bust-sources/3270937/", "page_size(byte)": 116647, "download_time": "2021-09-15 17:51:34"}
{"url": "http://www.brooklynrugby.com/", "page_size(byte)": 15740, "download_time": "2021-09-15 17:51:35"}
{"url": "https://www.discogs.com/New-Life-In-Brooklyn-Disco-Brooklyn-Union-Gas-Cinderella-Theme/release/3449808", "page_size(byte)": 60566, "download_time": "2021-09-15 18:31:16"}
{"url": "https://www.downtownbrooklyn.com/listings/western-union", "page_size(byte)": 58272, "download_time": "2021-09-15 18:31:16"}
{"url": "https://newmarkretail.com/lease-property-detail/id/1708/382_Union_Avenue-Brooklyn-NY/", "page_size(byte)": 28800, "download_time": "2021-09-15 18:31:17"}
{"url": "http://dcmny.org/islandora/object/photosnycbeyond%3A39855", "page_size(byte)": 26698, "download_time": "2021-09-15 18:31:17"}
{"url": "https://books.google.com/books?id=1341AQAAIAAJ&pg=RA6-PA72&lpg=RA6-PA72&dq=brooklyn+union&source=bl&ots=CYIuvAAf--&sig=ACfU3U2chribLFYTE3h03Z9gRHpE-1rq6A&hl=en&sa=X&ved=2ahUKEwitsbCJhILzAhWiTd8KHbLCB1w4tAEQ6AF6BAgOEAM", "page_size(byte)": 313199, "download_time": "2021-09-15 18:31:17"}
{"url": "https://www.bhsusa.com/closed/brooklyn/74-union-street/townhouse/20077545", "page_size(byte)": 28122, "download_time": "2021-09-15 18:31:18"}
{"url": "https://www.brooklyn.coop/", "page_size(byte)": 69639, "download_time": "2021-09-15 18:31:18"}
{"url": "https://www.yelp.com/biz/union-hall-brooklyn", "page_size(byte)": 581947, "download_time": "2021-09-15 18:31:18"}
{"url": "https://www.nytimes.com/1999/06/27/nyregion/brooklyn-union-gas-cuts-in-home-repair.html", "page_size(byte)": 274395, "download_time": "2021-09-15 18:31:18"}
{"url": "https://www.realtor.com/realestateandhomes-detail/405-Union-St_Brooklyn_NY_11231_M36158-97814", "page_size(byte)": 647913, "download_time": "2021-09-15 18:31:18"}
{"url": "https://www.568union.com/", "page_size(byte)": 94861, "download_time": "2021-09-15 18:31:18"}
{"url": "http://www.local926.org/", "page_size(byte)": 34472, "download_time": "2021-09-15 18:31:19"}
{"url": "https://union-pool.com/", "page_size(byte)": 51953, "download_time": "2021-09-15 18:31:19"}
{"url": "https://www.netsdaily.com/2021/9/14/22674286/nba-players-union-near-agreement-on-vaccines-but-in-new-york-will-that-matter", "page_size(byte)": 163691, "download_time": "2021-09-15 18:31:19"}
{"url": "https://www.loc.gov/item/sn83030779/", "page_size(byte)": 132462, "download_time": "2021-09-15 18:31:19"}
{"url": "http://www.nymfcu.org/", "page_size(byte)": 35663, "download_time": "2021-09-15 18:31:19"}
{"url": "https://www.bkunitedmb.com/", "page_size(byte)": 122126, "download_time": "2021-09-15 18:31:19"}
{"url": "http://www.sonovacorp.com/index.php?brand_database=01_Brand_Consulting&cat=01_Identity&subcat=Energy&client=Brooklyn_Union", "page_size(byte)": 13453, "download_time": "2021-09-15 18:31:20"}
{"url": "https://www.cutimes.com/2021/09/03/fired-employee-takes-revenge-against-a-nyc-credit-unions-it-system/", "page_size(byte)": 59321, "download_time": "2021-09-15 18:31:20"}
{"url": "https://www.indeed.com/cmp/Brooklyn-Union-Gas", "page_size(byte)": 345745, "download_time": "2021-09-15 18:31:20"}
{"url": "https://brooklyneagle.com/articles/2021/06/30/brooklyn-defender-services-bds-staff-announce-formation-of-wall-to-wall-union/", "page_size(byte)": 428030, "download_time": "2021-09-15 18:31:20"}
{"url": "https://www.herecomestheguide.com/wedding-venues/new-york/501-union", "page_size(byte)": 80143, "download_time": "2021-09-15 18:31:20"}
{"url": "https://6tocelebrate.org/site/former-union-league-club-of-brooklyngeneral-grant-statue/", "page_size(byte)": 56744, "download_time": "2021-09-15 18:31:20"}
{"url": "https://www.navyfederal.org/branches-atms.html", "page_size(byte)": 63665, "download_time": "2021-09-15 18:31:21"}
{"url": "https://www.indianmotorcycle.com/en-us/events/bike-residencies/union-garage-brooklyn-ny/", "page_size(byte)": 490929, "download_time": "2021-09-15 18:31:21"}
{"url": "https://www.dinosaurbarbque.com/brooklyn/", "page_size(byte)": 168143, "download_time": "2021-09-15 18:31:21"}
{"url": "https://www.apartments.com/transit/ny/brooklyn/union-street/j6ysmp4/", "page_size(byte)": 280761, "download_time": "2021-09-15 18:31:21"}
{"url": "https://books.google.com/books?id=1341AQAAIAAJ&pg=RA6-PA72&lpg=RA6-PA72&dq=brooklyn+union&source=bl&ots=CYIuvAAf0T&sig=ACfU3U1WPV7phyZXSod_qqQzn2tj8Hl2Vw&hl=en&sa=X&ved=2ahUKEwihvrCKhILzAhVPUt8KHRt_CA84vgEQ6AF6BAgCEAM", "page_size(byte)": 318055, "download_time": "2021-09-15 18:31:21"}
{"url": "https://www.dec.ny.gov/enb/122278.html", "page_size(byte)": 27904, "download_time": "2021-09-15 18:31:21"}
{"url": "https://www.fitchratings.com/research/corporate-finance/the-brooklyn-union-gas-company-subsidiary-of-national-grid-plc-23-12-2020", "page_size(byte)": 257598, "download_time": "2021-09-15 18:31:21"}
{"url": "https://hyperallergic.com/505184/bam-union-vote/", "page_size(byte)": 197816, "download_time": "2021-09-15 18:31:21"}
{"url": "https://www.seamless.com/menu/union-deli-226-4th-ave-brooklyn/1033741", "page_size(byte)": 43275, "download_time": "2021-09-15 18:31:21"}
{"url": "https://b6realestateadvisors.com/listings/?propertyId=642601-sale", "page_size(byte)": 18512, "download_time": "2021-09-15 18:31:22"}
{"url": "https://www.umc.org/en/find-a-church/church/12474", "page_size(byte)": 49012, "download_time": "2021-09-15 18:31:22"}
{"url": "https://www.brookfieldresidential.com/new-homes/texas/austin-area/austin/easton-park/union-park/brooklyn", "page_size(byte)": 128493, "download_time": "2021-09-15 18:31:22"}
{"url": "https://brookvaleunion.com.au/", "page_size(byte)": 16360, "download_time": "2021-09-15 18:31:22"}
{"url": "https://www.hbs.edu/faculty/Pages/item.aspx?num=3388", "page_size(byte)": 65217, "download_time": "2021-09-15 18:31:22"}
{"url": "https://www.sandiegouniontribune.com/entertainment/national/story/2021-09-14/operatic-day-at-the-beach-evokes-climate-crisis", "page_size(byte)": 345957, "download_time": "2021-09-15 18:31:23"}
{"url": "https://local.fedex.com/en-us/ny/brooklyn/cctfi/", "page_size(byte)": 145165, "download_time": "2021-09-15 18:31:23"}
{"url": "http://dlib.nyu.edu/findingaids/html/bhs/arc_306_ortner/dscaspace_ref280_l20.html", "page_size(byte)": 26096, "download_time": "2021-09-15 18:31:23"}
{"url": "https://www.bklynlibrary.org/digitalcollections/item/e4bb26be-e4cf-4d39-8cd7-a68a9f09d604", "page_size(byte)": 41754, "download_time": "2021-09-15 18:31:23"}
{"url": "https://streeteasy.com/union-sales/brooklyn?page=2", "page_size(byte)": 378187, "download_time": "2021-09-15 18:31:23"}
{"url": "https://www.instagram.com/bkmuseumunion/", "page_size(byte)": 173193, "download_time": "2021-09-15 18:31:23"}
{"url": "https://www.amazon.com/Brooklyn-Company-Vintage-Photograph-Reprint/dp/B07PWMM7X5", "page_size(byte)": 1249995, "download_time": "2021-09-15 18:31:23"}
{"url": "http://www.brooklyn.cuny.edu/web/about/offices/hr/tools/union-and-welfare-funds-benefits-information.php", "page_size(byte)": 55761, "download_time": "2021-09-15 18:31:23"}
{"url": "https://ccxmedia.org/news/union-workers-rally-for-justice-at-brooklyn-center-site/", "page_size(byte)": 170664, "download_time": "2021-09-15 18:31:24"}
{"url": "https://www.ohmyrockness.com/venues/union-pool", "page_size(byte)": 40132, "download_time": "2021-09-15 18:31:24"}
{"url": "https://www.justice.gov/usao-edny/pr/brooklyn-woman-pleads-guilty-unauthorized-intrusion-credit-union-s-computer-system", "page_size(byte)": 44453, "download_time": "2021-09-15 18:31:24"}
{"url": "https://www.walgreens.com/locator/walgreens-210+union+ave-brooklyn-ny-11211/id=4363", "page_size(byte)": 2253507, "download_time": "2021-09-15 18:31:24"}
{"url": "https://www.bowerypresents.com/shows/detail/412520-snail-mail", "page_size(byte)": 78183, "download_time": "2021-09-15 18:31:24"}
{"url": "https://birdeye.com/544-union-158137180953311", "page_size(byte)": 92524, "download_time": "2021-09-15 18:31:24"}
{"url": "https://twitter.com/bkmuseumunion?lang=en", "page_size(byte)": 78573, "download_time": "2021-09-15 18:31:25"}
{"url": "https://www.compass.com/building/1000-union-brooklyn-ny/293533346879863077/", "page_size(byte)": 672837, "download_time": "2021-09-15 18:31:25"}
{"url": "https://www.nationalgridus.com/", "page_size(byte)": 121364, "download_time": "2021-09-15 18:31:25"}
{"url": "https://www.ihg.com/holidayinnexpress/hotels/us/en/brooklyn/bxyln/hoteldetail", "page_size(byte)": 555477, "download_time": "2021-09-15 18:31:25"}
{"url": "https://www.hotelplanner.com/Hotels/283750/Reservations-Holiday-Inn-Express-Brooklyn-Brooklyn-625-Union-St-11215", "page_size(byte)": 534068, "download_time": "2021-09-15 18:31:25"}
{"url": "https://www.vulture.com/2021/09/vulture-and-union-hall-launch-a-weekly-live-comedy-show.html", "page_size(byte)": 1405025, "download_time": "2021-09-15 18:31:26"}
{"url": "https://www.dissentmagazine.org/online_articles/brooklyn-wireless-workers-vote-to-save-their-union", "page_size(byte)": 303504, "download_time": "2021-09-15 18:31:26"}
{"url": "https://ucnj.org/press-releases/public-info/2021/09/13/union-county-to-hold-first-annual-hispanic-heritage-flag-raising-on-september-15-2/", "page_size(byte)": 43153, "download_time": "2021-09-15 18:31:26"}
{"url": "https://www.encyclopedia.com/books/politics-and-business-magazines/keyspan-energy-co", "page_size(byte)": 69458, "download_time": "2021-09-15 18:31:26"}
{"url": "https://www.fitchratings.com/entity/the-brooklyn-union-gas-company-80089034", "page_size(byte)": 247216, "download_time": "2021-09-15 18:31:26"}
{"url": "https://www.brownstoner.com/history/brooklyn-signs-cinderella-project-cypress-hills/", "page_size(byte)": 20789, "download_time": "2021-09-15 18:31:26"}
{"url": "https://redhookwaterstories.org/items/show/1235", "page_size(byte)": 59852, "download_time": "2021-09-15 18:31:26"}
{"url": "https://books.google.com/books?id=0UI9NzJTLscC&pg=RA2-PA14&lpg=RA2-PA14&dq=brooklyn+union&source=bl&ots=KbVxF-6xXE&sig=ACfU3U1icXGrrLg7N3IVx3T3P3-msWBQ9w&hl=en&sa=X&ved=2ahUKEwitsbCJhILzAhWiTd8KHbLCB1w4tAEQ6AF6BAgQEAM", "page_size(byte)": 296136, "download_time": "2021-09-15 18:31:26"}
{"url": "https://www.swbtu.org/", "page_size(byte)": 323058, "download_time": "2021-09-15 18:31:26"}
{"url": "https://www.newspapers.com/paper/the-brooklyn-union/12381/", "page_size(byte)": 57466, "download_time": "2021-09-15 18:31:27"}
{"url": "https://www.dailyprovisionsnyc.com/", "page_size(byte)": 30931, "download_time": "2021-09-15 18:31:27"}
{"url": "https://www.wsj.com/articles/SB851882235911971000", "page_size(byte)": 708428, "download_time": "2021-09-15 18:31:27"}
{"url": "https://www.tvinsider.com/1009476/brooklyn-nine-nine-john-c-mcginley-frank-osullivan-chicago-pd/", "page_size(byte)": 81474, "download_time": "2021-09-15 18:31:27"}
{"url": "https://www.fox5ny.com/news/alleged-colombo-crime-boss-arrested-in-nypd-fbi-operation", "page_size(byte)": 142565, "download_time": "2021-09-15 18:31:27"}
{"url": "https://companies.jrank.org/pages/652/Brooklyn-Union-Gas.html", "page_size(byte)": 43805, "download_time": "2021-09-15 18:31:27"}
{"url": "https://stevemorse.org/bklyn-genealogy-info/Newspaper/BSU/index.html", "page_size(byte)": 18098, "download_time": "2021-09-15 18:31:27"}
{"url": "https://allevents.in/brooklyn/whiplash/10000171458295377", "page_size(byte)": 170612, "download_time": "2021-09-15 18:31:27"}
{"url": "https://majorowenscenter.com/", "page_size(byte)": 69957, "download_time": "2021-09-15 18:31:27"}
{"url": "https://www.thecity.nyc/brooklyn/2021/9/12/22669879/crown-heights-armory-pool-pricey-swimming-lessons", "page_size(byte)": 137355, "download_time": "2021-09-15 18:31:27"}
{"url": "http://oldbrooklynhistory.org/BUBG/index.html", "page_size(byte)": 5328, "download_time": "2021-09-15 18:31:28"}
{"url": "https://moovitapp.com/index/en/public_transit-Union_Street-NYCNJ-street_9781801-121", "page_size(byte)": 227213, "download_time": "2021-09-15 18:31:28"}
{"url": "https://www.horseracingnation.com/news/Brooklyn_Strong_looks_to_prove_he_belongs_in_Kentucky_Derby_123", "page_size(byte)": 113459, "download_time": "2021-09-15 18:31:28"}
{"url": "https://www.carrollgardensassociation.com/swbtu", "page_size(byte)": 249327, "download_time": "2021-09-15 18:31:28"}
{"url": "https://www.ajaxunion.com/", "page_size(byte)": 63865, "download_time": "2021-09-15 18:31:28"}
{"url": "https://www.naturalgasintel.com/national-grid-keyspan-complete-11-8b-merger-2/", "page_size(byte)": 184067, "download_time": "2021-09-15 18:31:28"}
{"url": "https://citizensunion.org/portfolio-item/citizens-union-announces-preferences-11-contested-primary/", "page_size(byte)": 49446, "download_time": "2021-09-15 18:31:28"}
{"url": "https://www.ediblebrooklyn.com/2018/union-market-new-york-city/", "page_size(byte)": 75952, "download_time": "2021-09-15 18:31:28"}
{"url": "https://therealdeal.com/2021/09/08/ex-brooklyn-construction-union-boss-sentenced-to-5-years-for-bribery-scheme/", "page_size(byte)": 92294, "download_time": "2021-09-15 18:31:28"}
{"url": "https://sec.report/CIK/0000014525", "page_size(byte)": 32806, "download_time": "2021-09-15 18:31:29"}
{"url": "https://www.t-mobile.com/store-locator/ny/brooklyn/utica-ave-union-st", "page_size(byte)": 26769, "download_time": "2021-09-15 18:31:29"}
{"url": "https://trustonefinancial.org/Locations/Brooklyn-Park", "page_size(byte)": 71151, "download_time": "2021-09-15 18:31:29"}
{"url": "https://books.google.com/books?id=0UI9NzJTLscC&pg=RA2-PA14&lpg=RA2-PA14&dq=brooklyn+union&source=bl&ots=KbVxF-6xYw&sig=ACfU3U0qJbHpfWdH49KTS5Rea_fJfvGHTg&hl=en&sa=X&ved=2ahUKEwihvrCKhILzAhVPUt8KHRt_CA84vgEQ6AF6BAgEEAM", "page_size(byte)": 293700, "download_time": "2021-09-15 18:31:29"}
{"url": "https://www.544union.com/", "page_size(byte)": 95616, "download_time": "2021-09-15 18:31:29"}
{"url": "https://www.rentcafe.com/apartments/ny/brooklyn/544-union-ave/default.aspx", "page_size(byte)": 499869, "download_time": "2021-09-15 18:31:29"}
{"url": "https://www.downtownbrooklyn.com/dtbk-dumbo-art-fund", "page_size(byte)": 69753, "download_time": "2021-09-15 18:31:30"}
{"url": "https://www.downtownbrooklyn.com/about/big-ideas/downtown-brooklyn-arts-festival", "page_size(byte)": 63532, "download_time": "2021-09-15 18:31:30"}
{"url": "https://www.downtownbrooklyn.com/about/partner-with-us/activate-our-plazas", "page_size(byte)": 71814, "download_time": "2021-09-15 18:31:30"}
{"url": "https://www.downtownbrooklyn.com/do-business/bring-your-business-here", "page_size(byte)": 56793, "download_time": "2021-09-15 18:31:30"}
{"url": "https://www.downtownbrooklyn.com/do-business", "page_size(byte)": 67383, "download_time": "2021-09-15 18:31:30"}
{"url": "https://www.downtownbrooklyn.com/make-it-in-brooklyn", "page_size(byte)": 64165, "download_time": "2021-09-15 18:31:30"}
{"url": "https://www.downtownbrooklyn.com/make-it-in-brooklyn/talent-connect", "page_size(byte)": 56480, "download_time": "2021-09-15 18:31:31"}
{"url": "https://www.downtownbrooklyn.com/about/big-ideas/shared-streets", "page_size(byte)": 58076, "download_time": "2021-09-15 18:31:31"}
{"url": "https://www.downtownbrooklyn.com/about", "page_size(byte)": 59530, "download_time": "2021-09-15 18:31:31"}
{"url": "https://www.downtownbrooklyn.com/about/dbp-board", "page_size(byte)": 59414, "download_time": "2021-09-15 18:31:31"}
{"url": "https://www.downtownbrooklyn.com/", "page_size(byte)": 71872, "download_time": "2021-09-15 18:31:31"}
{"url": "https://www.downtownbrooklyn.com/listings/long-n-short", "page_size(byte)": 58061, "download_time": "2021-09-15 18:31:31"}
{"url": "https://www.downtownbrooklyn.com/about/partner-with-us/sponsorship", "page_size(byte)": 66986, "download_time": "2021-09-15 18:31:32"}
{"url": "https://newmarkretail.com/", "page_size(byte)": 30652, "download_time": "2021-09-15 18:31:32"}
{"url": "https://www.google.com/accounts/Login?service=print&continue=https://books.google.com/books%3Fid%3D1341AQAAIAAJ%26pg%3DRA6-PA72%26lpg%3DRA6-PA72%26dq%3Dbrooklyn%2Bunion%26source%3Dbl%26ots%3DCYIuvAAf--%26sig%3DACfU3U2chribLFYTE3h03Z9gRHpE-1rq6A%26hl%3Den%26sa%3DX&hl=en&ec=GAZACg", "page_size(byte)": 99152, "download_time": "2021-09-15 18:31:32"}
{"url": "https://newmarkretail.com/lease-property-images/?image_type=PLAN&lease_property_id=1708&from=share_link&offset=0", "page_size(byte)": 27668, "download_time": "2021-09-15 18:31:32"}
{"url": "http://www.facebook.com/downtownbrooklyn", "page_size(byte)": 130693, "download_time": "2021-09-15 18:31:33"}
{"url": "https://www.google.com/intl/en/about/products?tab=ph", "page_size(byte)": 258499, "download_time": "2021-09-15 18:31:33"}
{"url": "http://www.twitter.com/BHSWorldwide", "page_size(byte)": 78669, "download_time": "2021-09-15 18:31:33"}
{"url": "http://www.luxuryportfolio.com/", "page_size(byte)": 473755, "download_time": "2021-09-15 18:31:33"}
{"url": "http://www.facebook.com/bhsworldwide", "page_size(byte)": 132061, "download_time": "2021-09-15 18:31:33"}
{"url": "https://newmarkretail.com/lease-property-search/", "page_size(byte)": 45281, "download_time": "2021-09-15 18:31:33"}
{"url": "https://books.google.com/books?id=1341AQAAIAAJ&pg=RA6-PA72&lpg=RA6-PA72&dq=brooklyn+union&source=bl&ots=CYIuvAAf--&sig=ACfU3U2chribLFYTE3h03Z9gRHpE-1rq6A&hl=en&sa=X&output=html_text", "page_size(byte)": 288060, "download_time": "2021-09-15 18:31:34"}
{"url": "https://my.homecu.net/banking/hcuLogin.prg?cu=BROOKLYN", "page_size(byte)": 24821, "download_time": "2021-09-15 18:31:34"}
{"url": "https://books.google.com/books?id=1341AQAAIAAJ&printsec=frontcover&source=gbs_vpt_read", "page_size(byte)": 300680, "download_time": "2021-09-15 18:31:34"}
{"url": "https://books.google.com/books?id=1341AQAAIAAJ&printsec=frontcover", "page_size(byte)": 295720, "download_time": "2021-09-15 18:31:34"}
{"url": "https://www.google.com/books/edition/_/1341AQAAIAAJ?hl=en&newbks=1&gbpv=1&dq=brooklyn+union&pg=RA6-PA72&printsec=frontcover", "page_size(byte)": 315768, "download_time": "2021-09-15 18:31:34"}
{"url": "https://www.brooklyn.coop/remote-deposit/", "page_size(byte)": 89016, "download_time": "2021-09-15 18:31:35"}
{"url": "https://www.brooklyn.coop/citiaward/", "page_size(byte)": 46354, "download_time": "2021-09-15 18:31:36"}
{"url": "https://www.brooklyn.coop/rrp-award/", "page_size(byte)": 52752, "download_time": "2021-09-15 18:31:36"}
{"url": "https://myaccount.nytimes.com/auth/login?response_type=cookie&client_id=vi", "page_size(byte)": 18711, "download_time": "2021-09-15 18:31:36"}
{"url": "https://www.brooklyn.coop/another-anniversary/", "page_size(byte)": 51816, "download_time": "2021-09-15 18:31:36"}
{"url": "https://www.yelp.com/static?p=tos", "page_size(byte)": 65938, "download_time": "2021-09-15 18:31:36"}
{"url": "https://www.nytimes.com/section/nyregion", "page_size(byte)": 684451, "download_time": "2021-09-15 18:31:36"}
{"url": "http://timesmachine.nytimes.com/timesmachine/1999/06/27/300101.html", "page_size(byte)": 44526, "download_time": "2021-09-15 18:31:36"}
{"url": "https://www.realtor.com/realestateandhomes-search/Brooklyn_NY/with_rentalproperty", "page_size(byte)": 935421, "download_time": "2021-09-15 18:31:37"}
{"url": "https://www.realtor.com/realestateandhomes-search/Brooklyn_NY/with_library", "page_size(byte)": 955028, "download_time": "2021-09-15 18:31:38"}
{"url": "https://www.realtor.com/realestateandhomes-search/Brooklyn_NY/with_privateparking", "page_size(byte)": 931352, "download_time": "2021-09-15 18:31:38"}
{"url": "https://officialblog.yelp.com/", "page_size(byte)": 96696, "download_time": "2021-09-15 18:31:38"}
{"url": "https://www.realtor.com/realestateandhomes-search/Brooklyn_NY/with_updatedkitchen", "page_size(byte)": 934895, "download_time": "2021-09-15 18:31:38"}
{"url": "https://www.realtor.com/realestateandhomes-search/Brooklyn_NY/with_efficient", "page_size(byte)": 946627, "download_time": "2021-09-15 18:31:38"}
{"url": "https://www.realtor.com/realestateandhomes-search/Brooklyn_NY/with_granitekitchen", "page_size(byte)": 945738, "download_time": "2021-09-15 18:31:39"}
{"url": "https://www.realtor.com/realestateandhomes-search/Brooklyn_NY/with_masterbathroom", "page_size(byte)": 924491, "download_time": "2021-09-15 18:31:39"}
{"url": "http://www.google.com/search?q=how+to+enable+javascript", "page_size(byte)": 103828, "download_time": "2021-09-15 18:31:40"}
{"url": "http://pubads.g.doubleclick.net/gampad/clk?id=5196949125&iu=/8058/CLICK", "page_size(byte)": 391584, "download_time": "2021-09-15 18:31:40"}
{"url": "https://policies.google.com/terms", "page_size(byte)": 199404, "download_time": "2021-09-15 18:31:40"}
{"url": "https://www.realtor.com/realestateandhomes-search/Brooklyn_NY/with_fixerupper", "page_size(byte)": 927863, "download_time": "2021-09-15 18:31:40"}
{"url": "https://www.realtor.com/realestateandhomes-search/Brooklyn_NY/type-farms-ranches", "page_size(byte)": 590412, "download_time": "2021-09-15 18:31:40"}
{"url": "https://www.realtor.com/realestateandhomes-search/Brooklyn_NY/with_openfloorplan", "page_size(byte)": 936975, "download_time": "2021-09-15 18:31:40"}
{"url": "https://www.voxmedia.com", "page_size(byte)": 19667, "download_time": "2021-09-15 18:31:40"}
{"url": "https://www.sbnation.com/blogs", "page_size(byte)": 550595, "download_time": "2021-09-15 18:31:41"}
{"url": "http://www.nymfcu.org", "page_size(byte)": 35663, "download_time": "2021-09-15 18:31:41"}
{"url": "https://www.youtube.com/channel/UCjBBuegtt0kqwiLjbaND9dA", "page_size(byte)": 283895, "download_time": "2021-09-15 18:31:41"}
{"url": "http://www.google.com/url?sa=i&rct=j&q=&esrc=s&frm=1&source=images&cd=&cad=rja&uact=8&ved=0CAcQjRw&url=http%3A%2F%2Falthomedecor.tk%2Fchristmas-wreath-ideas.html&ei=0sORVIStBsS_ggTkuIPoCg&psig=AFQjCNFYP80P1QbyNGNVW6SsInWmzgZZlw&ust=1418925251337817", "page_size(byte)": 1565, "download_time": "2021-09-15 18:31:42"}
{"url": "https://store.law.com/registration/default.aspx?promoCode=CUT:LIMITED&refDomain=store.cutimes.com&source=https%3A%2F%2Fwww.cutimes.com%2F2021%2F09%2F03%2Ffired-employee-takes-revenge-against-a-nyc-credit-unions-it-system%2F", "page_size(byte)": 127117, "download_time": "2021-09-15 18:31:42"}
{"url": "https://www.acmethemes.com/", "page_size(byte)": 58512, "download_time": "2021-09-15 18:31:42"}
{"url": "https://www.loc.gov/item/sn85025780/", "page_size(byte)": 128481, "download_time": "2021-09-15 18:31:43"}
{"url": "https://www.loc.gov/item/sn83030810/", "page_size(byte)": 144964, "download_time": "2021-09-15 18:31:43"}
{"url": "https://www.facebook.com/pages/Credit-Union-Times/95378106084", "page_size(byte)": 115718, "download_time": "2021-09-15 18:31:45"}
{"url": "https://www.indeed.com/", "page_size(byte)": 272771, "download_time": "2021-09-15 18:31:45"}
{"url": "https://secure.indeed.com/account/login?hl=en_US&co=US&continue=https%3A%2F%2Fwww.indeed.com%2Fcmp%2FBrooklyn-Union-Gas&tmpl=desktop&from=gnav-util-acme--acme-webapp", "page_size(byte)": 29569, "download_time": "2021-09-15 18:31:46"}
{"url": "https://www.indeed.com/career/salaries", "page_size(byte)": 411677, "download_time": "2021-09-15 18:31:46"}
{"url": "http://instagram.com/bkunitedmb", "page_size(byte)": 242761, "download_time": "2021-09-15 18:31:46"}
{"url": "https://www.facebook.com/BrooklynEagle/", "page_size(byte)": 62889, "download_time": "2021-09-15 18:31:47"}
{"url": "https://brooklyneagle.com/articles/tag/Coronavirus/", "page_size(byte)": 416127, "download_time": "2021-09-15 18:31:47"}
{"url": "https://brooklyneagle.com/neighborhoods/brooklyn-boro/", "page_size(byte)": 400932, "download_time": "2021-09-15 18:31:47"}
{"url": "https://www.instagram.com/bkeagle", "page_size(byte)": 145433, "download_time": "2021-09-15 18:31:48"}
{"url": "https://www.instagram.com/p/CT2fwJEFW51/", "page_size(byte)": 79643, "download_time": "2021-09-15 18:31:49"}
{"url": "https://www.addtoany.com/add_to/reddit?linkurl=https%3A%2F%2Fbrooklyneagle.com%2Farticles%2F2021%2F06%2F30%2Fbrooklyn-defender-services-bds-staff-announce-formation-of-wall-to-wall-union%2F&linkname=Brooklyn%20Defender%20Services%20%28BDS%29%20staff%20announce%20formation%20of%20wall-to-wall%20union", "page_size(byte)": 521495, "download_time": "2021-09-15 18:31:49"}
{"url": "https://www.herecomestheguide.com/", "page_size(byte)": 53582, "download_time": "2021-09-15 18:31:50"}
{"url": "https://cutimes.tradepub.com/free/w_finf44/prgm.cgi", "page_size(byte)": 74076, "download_time": "2021-09-15 18:31:50"}
{"url": "https://6tocelebrate.org", "page_size(byte)": 60093, "download_time": "2021-09-15 18:31:50"}
{"url": "https://cutimes.tradepub.com/free/w_glia02/prgm.cgi", "page_size(byte)": 75101, "download_time": "2021-09-15 18:31:50"}
{"url": "https://www.cutimes.com/2021/09/15/former-cu-executive-lawsuit-alleging-religious-discrimination-settles-in-court/", "page_size(byte)": 58032, "download_time": "2021-09-15 18:31:50"}
{"url": "https://6tocelebrate.org/neighborhood-items/arthur-avenue-the-bronx/", "page_size(byte)": 69307, "download_time": "2021-09-15 18:31:50"}
{"url": "https://6tocelebrate.org/neighborhood-items/bedford-park-the-bronx/", "page_size(byte)": 43619, "download_time": "2021-09-15 18:31:50"}
{"url": "https://6tocelebrate.org/neighborhood-items/audubon-park-manhattan/", "page_size(byte)": 50609, "download_time": "2021-09-15 18:31:50"}
{"url": "https://6tocelebrate.org/neighborhood-items/center-slope-brooklyn/", "page_size(byte)": 42895, "download_time": "2021-09-15 18:31:50"}
{"url": "https://6tocelebrate.org/neighborhood-items/chinatown-and-little-italy-manhattan/", "page_size(byte)": 43342, "download_time": "2021-09-15 18:31:50"}
{"url": "https://6tocelebrate.org/neighborhood-items/corona-east-elmhurst-queens/", "page_size(byte)": 50073, "download_time": "2021-09-15 18:31:51"}
{"url": "https://www.instagram.com/p/CT2XCa6lbwo/", "page_size(byte)": 75516, "download_time": "2021-09-15 18:31:51"}
{"url": "https://6tocelebrate.org/neighborhood-items/crown-heights-south-brooklyn/", "page_size(byte)": 48195, "download_time": "2021-09-15 18:31:51"}
{"url": "https://6tocelebrate.org/neighborhood-items/east-new-york-brooklyn/", "page_size(byte)": 50268, "download_time": "2021-09-15 18:31:51"}
{"url": "https://6tocelebrate.org/neighborhood-items/dorrance-brooks-square-manhattan/", "page_size(byte)": 43248, "download_time": "2021-09-15 18:31:51"}
{"url": "http://www.facebook.com/pages/Historic-Districts-Council/91520047765", "page_size(byte)": 143529, "download_time": "2021-09-15 18:31:51"}
{"url": "https://6tocelebrate.org/neighborhood-items/east-harlem/", "page_size(byte)": 51750, "download_time": "2021-09-15 18:31:51"}
{"url": "https://6tocelebrate.org/neighborhood-items/elmhurst-queens/", "page_size(byte)": 48883, "download_time": "2021-09-15 18:31:51"}
{"url": "https://6tocelebrate.org/neighborhood-items/forest-close-queens/", "page_size(byte)": 51161, "download_time": "2021-09-15 18:31:52"}
{"url": "https://6tocelebrate.org/neighborhood-items/hart-island-the-bronx/", "page_size(byte)": 48948, "download_time": "2021-09-15 18:31:52"}
{"url": "https://6tocelebrate.org/neighborhood-items/bronx-parks-system-the-bronx/", "page_size(byte)": 52593, "download_time": "2021-09-15 18:31:52"}
{"url": "https://6tocelebrate.org/neighborhood-items/historic-buildings-of-the-bronx/", "page_size(byte)": 42927, "download_time": "2021-09-15 18:31:52"}
{"url": "https://6tocelebrate.org/neighborhood-items/historic-staten-island-cemeteries-staten-island/", "page_size(byte)": 49377, "download_time": "2021-09-15 18:31:52"}
{"url": "https://6tocelebrate.org/neighborhood-items/inwood/", "page_size(byte)": 48939, "download_time": "2021-09-15 18:31:52"}
{"url": "https://6tocelebrate.org/neighborhood-items/jackson-heights/", "page_size(byte)": 48834, "download_time": "2021-09-15 18:31:52"}
{"url": "https://6tocelebrate.org/neighborhood-items/kingsbridge-the-bronx/", "page_size(byte)": 43085, "download_time": "2021-09-15 18:31:52"}
{"url": "https://6tocelebrate.org/neighborhood-items/lower-west-side-manhattan/", "page_size(byte)": 65635, "download_time": "2021-09-15 18:31:52"}
{"url": "https://6tocelebrate.org/neighborhood-items/greenpoint-brooklyn/", "page_size(byte)": 57360, "download_time": "2021-09-15 18:31:52"}
{"url": "https://6tocelebrate.org/neighborhood-items/landmarks-under-consideration-new-york-city/", "page_size(byte)": 61260, "download_time": "2021-09-15 18:31:53"}
{"url": "https://6tocelebrate.org/neighborhood-items/mott-haven-el-bronx-en-espanol/", "page_size(byte)": 47067, "download_time": "2021-09-15 18:31:53"}
{"url": "https://6tocelebrate.org/neighborhood-items/morningside-heights-en-espanol/", "page_size(byte)": 49163, "download_time": "2021-09-15 18:31:53"}
{"url": "https://6tocelebrate.org/neighborhood-items/mount-morris-park-manhattan/", "page_size(byte)": 49077, "download_time": "2021-09-15 18:31:53"}
{"url": "https://6tocelebrate.org/neighborhood-items/port-morris-the-134th-street-ferry-bridges-bronx/", "page_size(byte)": 49813, "download_time": "2021-09-15 18:31:53"}
{"url": "https://6tocelebrate.org/neighborhood-items/rego-park-queens/", "page_size(byte)": 42834, "download_time": "2021-09-15 18:31:53"}
{"url": "https://6tocelebrate.org/neighborhood-items/port-morris-y-los-puentes-transbordadores-de-la-calle-134-e-l-bronx/", "page_size(byte)": 48625, "download_time": "2021-09-15 18:31:53"}
{"url": "https://6tocelebrate.org/neighborhood-items/south-street-seaport/", "page_size(byte)": 50726, "download_time": "2021-09-15 18:31:53"}
{"url": "https://6tocelebrate.org/neighborhood-items/en-espanol-sunset-park-brooklyn/", "page_size(byte)": 50663, "download_time": "2021-09-15 18:31:53"}
{"url": "https://6tocelebrate.org/neighborhood-items/todt-hill-dongan-hills-staten-island/", "page_size(byte)": 43620, "download_time": "2021-09-15 18:31:54"}
{"url": "https://6tocelebrate.org/neighborhood-items/woodlawn-the-bronx/", "page_size(byte)": 51431, "download_time": "2021-09-15 18:31:54"}
{"url": "https://6tocelebrate.org/neighborhood-items/west-harlem-manhattan/", "page_size(byte)": 48540, "download_time": "2021-09-15 18:31:54"}
{"url": "https://6tocelebrate.org/neighborhood-items/van-cortlandt-village-the-bronx/", "page_size(byte)": 50637, "download_time": "2021-09-15 18:31:54"}
{"url": "https://6tocelebrate.org/neighborhood-items/yorkville-en-espanol/", "page_size(byte)": 50680, "download_time": "2021-09-15 18:31:54"}
{"url": "https://6tocelebrate.org/site/1146-1150-dean-street-the-granleden-apartments-1164-1182-dean-street/", "page_size(byte)": 46377, "download_time": "2021-09-15 18:31:55"}
{"url": "https://6tocelebrate.org/site/former-23rd-regiment-armory/", "page_size(byte)": 45573, "download_time": "2021-09-15 18:31:55"}
{"url": "https://6tocelebrate.org/site/789-st-marks-avenue-805-st-marks-avenue-828-838-st-marks-avenue-839-st-marks-avenue-855-857-st-marks-avenue-889-st-marks-avenue/", "page_size(byte)": 46790, "download_time": "2021-09-15 18:31:55"}
{"url": "https://6tocelebrate.org/site/bedford-presbyterian-church/", "page_size(byte)": 44425, "download_time": "2021-09-15 18:31:55"}
{"url": "https://6tocelebrate.org/site/brower-park/", "page_size(byte)": 45103, "download_time": "2021-09-15 18:31:55"}
{"url": "https://6tocelebrate.org/site/former-george-b-and-susan-elkins-house/", "page_size(byte)": 43957, "download_time": "2021-09-15 18:31:55"}
{"url": "https://6tocelebrate.org/site/hebron-french-speaking-seventh-day-adventist-church/", "page_size(byte)": 44235, "download_time": "2021-09-15 18:31:56"}
{"url": "https://6tocelebrate.org/site/roman-catholic-church-of-st-gregory-the-great-st-gregory-the-great-school-st-gregory-the-great-rectory/", "page_size(byte)": 44983, "download_time": "2021-09-15 18:31:56"}
{"url": "https://6tocelebrate.org/site/stuypark-house/", "page_size(byte)": 44839, "download_time": "2021-09-15 18:31:56"}
{"url": "https://6tocelebrate.org/site/union-united-methodist-church-school-and-parsonage/", "page_size(byte)": 44468, "download_time": "2021-09-15 18:31:56"}
{"url": "https://my.navyfederal.org/NFOAA_Auth/login.jsp?NFCUSIGNOFF=2", "page_size(byte)": 20550, "download_time": "2021-09-15 18:31:56"}
{"url": "http://hdc.org/donate", "page_size(byte)": 42091, "download_time": "2021-09-15 18:31:56"}
