{"url": "https://thepublicsradio.org/article/asian-shares-rebound-wall-st-headed-for-weekly-decline", "page_size(byte)": 12390, "download_time": "2021-09-15 17:13:48"}
{"url": "https://dc.medill.northwestern.edu/blog/author/jili/", "page_size(byte)": 43662, "download_time": "2021-09-15 17:13:49"}
{"url": "https://www.ancestry.com/search/categories/42/?name=_Jinman&name_x=1_1", "page_size(byte)": 186940, "download_time": "2021-09-15 17:13:49"}
{"url": "https://nation.ryobitools.com/nation/members/jinman_325207", "page_size(byte)": 128290, "download_time": "2021-09-15 17:13:49"}
{"url": "https://eteschools.com/team/antony-jinman/", "page_size(byte)": 31828, "download_time": "2021-09-15 17:13:49"}
{"url": "https://books.google.com/books?id=xsvHDwAAQBAJ&pg=PT285&lpg=PT285&dq=jinman&source=bl&ots=M-f2YepBdH&sig=ACfU3U2t7XUIJJoE4MuQVXqFfY6g72TOVw&hl=en&sa=X&ved=2ahUKEwjlkJ3i8oHzAhVDTd8KHZtvBSE4lgEQ6AF6BAgDEAM", "page_size(byte)": 271942, "download_time": "2021-09-15 17:13:50"}
{"url": "https://remembr.com/en/nigel.jinman", "page_size(byte)": 89145, "download_time": "2021-09-15 17:13:52"}
{"url": "https://second.wiki/wiki/lee_jinman", "page_size(byte)": 149348, "download_time": "2021-09-15 17:13:52"}
{"url": "https://www.wikiwand.com/en/Antony_Jinman", "page_size(byte)": 71546, "download_time": "2021-09-15 17:13:52"}
{"url": "https://business.depaul.edu/faculty/faculty-a-z/Pages/jin-man-lee.aspx", "page_size(byte)": 77146, "download_time": "2021-09-15 17:13:54"}
{"url": "https://myanimelist.net/manga/106025/Jinmen", "page_size(byte)": 87150, "download_time": "2021-09-15 17:13:56"}
{"url": "https://teamtreehouse.com/jinman", "page_size(byte)": 129939, "download_time": "2021-09-15 17:13:57"}
{"url": "https://www.enterprisetimes.co.uk/author/henry-jinman/", "page_size(byte)": 201680, "download_time": "2021-09-15 17:13:58"}
{"url": "https://www.rcvs.org.uk/news-and-views/news/peter-jinman-becomes-fawcs-new-chairman/", "page_size(byte)": 75288, "download_time": "2021-09-15 17:13:58"}
{"url": "https://www.discogs.com/artist/5073340-Kim-Jin-Man", "page_size(byte)": 88476, "download_time": "2021-09-15 17:13:59"}
{"url": "https://www.baue.com/obit/jinman-fu/", "page_size(byte)": 149200, "download_time": "2021-09-15 17:13:59"}
{"url": "https://cdm.unfccc.int/Projects/DB/TUEV-SUED1207578654.7/view", "page_size(byte)": 24278, "download_time": "2021-09-15 17:14:00"}
{"url": "https://www1.salary.com/Jinman-Yan-Salary-Bonus-Stock-Options-for-JUFEEL-INTERNATIONAL-GROUP.html", "page_size(byte)": 58868, "download_time": "2021-09-15 17:14:00"}
{"url": "https://books.google.com/books?id=P783AQAAMAAJ&pg=PA212&lpg=PA212&dq=jinman&source=bl&ots=zBiWXnuPw2&sig=ACfU3U0uuCqff6RyoduY1ItYG_YJtB5KDA&hl=en&sa=X&ved=2ahUKEwjlkJ3i8oHzAhVDTd8KHZtvBSE4lgEQ6AF6BAgLEAM", "page_size(byte)": 274822, "download_time": "2021-09-15 17:14:00"}
{"url": "https://utmb.world/runner/3603401.jinman.ye", "page_size(byte)": 15286, "download_time": "2021-09-15 17:14:01"}
{"url": "https://www.heraldbulletin.com/news/nation_world/us-stock-indexes-wobble-remain-on-track-for-weekly-losses/article_3dfea57e-d677-5d0b-a8b8-48b1218cb9d6.html", "page_size(byte)": 295556, "download_time": "2021-09-15 17:14:02"}
{"url": "https://www.genealogy.math.ndsu.nodak.edu/id.php?id=93105", "page_size(byte)": 11357, "download_time": "2021-09-15 17:14:02"}
{"url": "https://wset.com/news/nation-world/rival-koreas-test-missiles-hours-apart-raising-tensions", "page_size(byte)": 1251807, "download_time": "2021-09-15 17:14:03"}
{"url": "https://www.timesargus.com/news/world/explainer-missile-tests-renew-north-koreas-regional-threat/article_c25672a2-4db0-575e-bfa5-8c094aca0154.html", "page_size(byte)": 249179, "download_time": "2021-09-15 17:14:04"}
{"url": "https://opencorporates.com/companies/pa/509536", "page_size(byte)": 18390, "download_time": "2021-09-15 17:14:05"}
{"url": "https://www.clevescene.com/cleveland/jinman/Profile?oid=2363788", "page_size(byte)": 85974, "download_time": "2021-09-15 17:14:05"}
{"url": "https://books.google.com/books?id=l44DAAAAQAAJ&pg=PP7&lpg=PP7&dq=jinman&source=bl&ots=UuvBgZ2H3U&sig=ACfU3U1nAnTXRMwIu2imWg9FoVwCu2O_jA&hl=en&sa=X&ved=2ahUKEwjlkJ3i8oHzAhVDTd8KHZtvBSE4lgEQ6AF6BAgKEAM", "page_size(byte)": 287430, "download_time": "2021-09-15 17:14:05"}
{"url": "https://www.umw.edu/directory/employee/jaimie-inman-jinman/", "page_size(byte)": 208660, "download_time": "2021-09-15 17:14:06"}
{"url": "https://www.journals.elsevier.com/computer-methods-and-programs-in-biomedicine/editorial-board/jinman-kim", "page_size(byte)": 95935, "download_time": "2021-09-15 17:14:06"}
{"url": "https://www.nola.com/image_00d81dd8-1619-11ec-8648-1ba7a4dac934.html", "page_size(byte)": 231529, "download_time": "2021-09-15 17:14:07"}
{"url": "https://publons.com/researcher/1214110/jinman-wang/", "page_size(byte)": 28472, "download_time": "2021-09-15 17:14:07"}
{"url": "https://digitalcommons.usu.edu/artmuseum_cat/22/", "page_size(byte)": 31540, "download_time": "2021-09-15 17:14:08"}
{"url": "https://www.deseret.com/2008/5/4/20085746/reconnecting-with-humanity-jinman-jo-forges-life-s-conflicts-into-works-of-art", "page_size(byte)": 193433, "download_time": "2021-09-15 17:14:08"}
{"url": "https://www.times-news.com/news/north-korea-says-it-tested-new-long-range-cruise-missiles/article_43f9bc8a-5bb7-5e9a-8ba8-e32264fd15d6.html", "page_size(byte)": 294696, "download_time": "2021-09-15 17:14:09"}
{"url": "https://www.instagram.com/jadelyn_jinman/?hl=en", "page_size(byte)": 127561, "download_time": "2021-09-15 17:14:11"}
{"url": "https://www.recorderonline.com/news/national_news/stocks-inch-higher-but-are-still-on-track-for-weekly-losses/article_3a6f69e5-914f-5843-9b35-db24253a13c9.html", "page_size(byte)": 312657, "download_time": "2021-09-15 17:14:12"}
{"url": "https://vimeo.com/35568011", "page_size(byte)": 194914, "download_time": "2021-09-15 17:14:12"}
{"url": "https://www.sydney.edu.au/medicine-health/about/our-people/academic-staff/jinman-kim.html", "page_size(byte)": 130735, "download_time": "2021-09-15 17:14:12"}
{"url": "https://www.imdb.com/name/nm4962538/", "page_size(byte)": 330435, "download_time": "2021-09-15 17:14:13"}
{"url": "https://www.instagram.com/reikojm/?hl=en", "page_size(byte)": 171625, "download_time": "2021-09-15 17:14:14"}
{"url": "http://pages.cs.wisc.edu/~jz/", "page_size(byte)": 7848, "download_time": "2021-09-15 17:14:14"}
{"url": "https://www.israelhayom.com/2021/09/15/report-n-korea-fires-what-might-be-ballistic-missiles/", "page_size(byte)": 101176, "download_time": "2021-09-15 17:14:14"}
{"url": "https://www.your-family-history.com/surname/j/jinman/", "page_size(byte)": 53781, "download_time": "2021-09-15 17:14:15"}
{"url": "https://conf.researchr.org/profile/icse-2021/jinmanzhao", "page_size(byte)": 75921, "download_time": "2021-09-15 17:14:15"}
{"url": "https://www.plymouth.ac.uk/business-partners/partnerships/community-partnerships/antony-jinman-nil-plymouth-universitys-explorer-in-residence", "page_size(byte)": 51798, "download_time": "2021-09-15 17:14:16"}
{"url": "https://wacotrib.com/news/national/us-stocks-open-higher-clawing-back-some-the-weeks-losses/article_42818959-811d-5228-b1ed-f27a50b50a53.html", "page_size(byte)": 405428, "download_time": "2021-09-15 17:14:16"}
{"url": "https://parametric-architecture.com/k2-tower-by-jo-jinman-architects/", "page_size(byte)": 244539, "download_time": "2021-09-15 17:14:17"}
{"url": "https://jjo316.wixsite.com/jinmanjo", "page_size(byte)": 270458, "download_time": "2021-09-15 17:14:17"}
{"url": "https://scholar.google.de/citations?user=pLVaMiAAAAAJ&hl=th", "page_size(byte)": 159216, "download_time": "2021-09-15 17:14:18"}
{"url": "https://devilman.fandom.com/wiki/Jinmen", "page_size(byte)": 419980, "download_time": "2021-09-15 17:14:18"}
{"url": "https://commons.wikimedia.org/wiki/File:Jinman.jpg", "page_size(byte)": 62009, "download_time": "2021-09-15 17:14:19"}
{"url": "http://www.explorapoles.org/explorers/profile/jinman_antony", "page_size(byte)": 15405, "download_time": "2021-09-15 17:14:19"}
