{"url": "https://www.emirates247.com/news/emirates/nyu-abu-dhabi-announces-recipients-of-2020-sheikh-mohamed-bin-zayed-scholarship-2019-07-28-1.687760", "page_size(byte)": 56441, "download_time": "2021-09-15 15:55:40"}
{"url": "https://books.google.com/books?id=qoF8DwAAQBAJ&pg=PA105&lpg=PA105&dq=nyuad&source=bl&ots=fYCuVw3xTt&sig=ACfU3U2_cWnAjDVtEH-BjLfMEZ9t4x6wzQ&hl=en&sa=X&ved=2ahUKEwiNk9KD4YHzAhV7F1kFHeNRBjE4UBDoAXoECBQQAw", "page_size(byte)": 272494, "download_time": "2021-09-15 15:55:40"}
{"url": "https://www.facebook.com/NYUAD/", "page_size(byte)": 59537, "download_time": "2021-09-15 15:55:40"}
{"url": "http://nyuad.im/", "page_size(byte)": 1438, "download_time": "2021-09-15 15:55:40"}
{"url": "https://startad.ae/", "page_size(byte)": 104894, "download_time": "2021-09-15 15:55:41"}
{"url": "https://mail.kuloy.net/c2do/nyu-computer-engineering-ms.html", "page_size(byte)": 108425, "download_time": "2021-09-15 15:55:41"}
{"url": "http://demo.claypot.com.my/pypb5x/apy.php?bqxkeoo=nyu-faculty-housing-rent", "page_size(byte)": 31109, "download_time": "2021-09-15 15:55:41"}
{"url": "https://www.youtube.com/channel/UCnQtHHDBUVyOZrES9EmUI9A", "page_size(byte)": 558024, "download_time": "2021-09-15 15:55:42"}
{"url": "https://www.gulftoday.ae/news/2019/07/29/32-students-to-join-nyuad-summer-academy", "page_size(byte)": 58008, "download_time": "2021-09-15 15:55:42"}
{"url": "https://networks.h-net.org/node/73374/announcements/6258955/featured-job-nyuad-institute-humanities-research-fellowships", "page_size(byte)": 33218, "download_time": "2021-09-15 15:55:42"}
{"url": "https://www.cntraveler.com/gallery/best-coffee-shops-in-abu-dhabi", "page_size(byte)": 607691, "download_time": "2021-09-15 15:55:42"}
{"url": "https://arabfoundationsforum.org/author/NYUAD/", "page_size(byte)": 48181, "download_time": "2021-09-15 15:55:43"}
{"url": "http://sifaradio.com/nyu", "page_size(byte)": 360, "download_time": "2021-09-15 15:55:43"}
{"url": "https://www.thenation.com/article/archive/labor-abuse-went-nyus-abu-dhabi-campus/", "page_size(byte)": 170385, "download_time": "2021-09-15 15:55:43"}
{"url": "https://medium.com/sia-nyuad", "page_size(byte)": 176717, "download_time": "2021-09-15 15:55:44"}
{"url": "https://www.gonyuad.com/landing/index", "page_size(byte)": 76620, "download_time": "2021-09-15 15:55:44"}
{"url": "http://wam.ae/en/details/1395302641391", "page_size(byte)": 64045, "download_time": "2021-09-15 15:55:44"}
{"url": "https://nyunews.com/news/04/08/nyu-abu-dhabi-tax-returns/", "page_size(byte)": 429544, "download_time": "2021-09-15 15:55:45"}
{"url": "https://economics.yale.edu/", "page_size(byte)": 99240, "download_time": "2021-09-15 15:55:45"}
{"url": "https://www.nyuad.io/", "page_size(byte)": 52059, "download_time": "2021-09-15 15:55:45"}
{"url": "https://www.degruyter.com/document/doi/10.18574/nyu/9781479806263/html", "page_size(byte)": 90772, "download_time": "2021-09-15 15:55:45"}
{"url": "https://www.tradetalkspodcast.com/podcast/141-britains-trade-policy-1815-2016/", "page_size(byte)": 102384, "download_time": "2021-09-15 15:55:46"}
{"url": "https://www.topuniversities.com/universities/new-york-university-abu-dhabi-nyuad", "page_size(byte)": 106006, "download_time": "2021-09-15 15:55:46"}
{"url": "http://cardinalconstructioncorp.com/nyu", "page_size(byte)": 352, "download_time": "2021-09-15 15:55:46"}
{"url": "https://artsandculture.google.com/exhibit/find-ramadan-project-nyu-abu-dhabi/QQEiLdAU?hl=en", "page_size(byte)": 615086, "download_time": "2021-09-15 15:55:46"}
{"url": "https://www.4icu.org/reviews/universities-urls/17112.shtm", "page_size(byte)": 46713, "download_time": "2021-09-15 15:55:47"}
{"url": "http://wilsonrdselfstorage.com/abu-dhabi", "page_size(byte)": 364, "download_time": "2021-09-15 15:56:00"}
