{"url": "https://m.nbd.com.cn/articles/2021-09-01/1899949.html", "page_size(byte)": 21664, "download_time": "2021-09-15 17:32:02"}
{"url": "https://zh.wikipedia.org/zh/%E5%91%A8%E6%9D%B0%E5%80%AB", "page_size(byte)": 782769, "download_time": "2021-09-15 17:32:04"}
{"url": "http://finance.china.com.cn/stock/ssgs/20210902/5645611.shtml", "page_size(byte)": 49995, "download_time": "2021-09-15 17:32:04"}
{"url": "https://www.backchina.com/infolist/news-717/", "page_size(byte)": 59892, "download_time": "2021-09-15 17:32:04"}
{"url": "https://m.k.sohu.com/d/549715070?channelId=2&page=2", "page_size(byte)": 2510, "download_time": "2021-09-15 17:32:05"}
{"url": "https://www.juksy.com/article/86492-%E5%91%A8%E6%9D%B0%E5%80%AB%E8%A7%A3%E9%87%8B%E8%87%AA%E5%B7%B1%E3%80%8C%E7%82%BA%E4%BD%95%E5%BE%88%E5%B0%91%E8%81%BD%E5%88%A5%E4%BA%BA%E7%9A%84%E6%AD%8C%E3%80%8D%E3%80%80%E5%8E%9F%E5%9B%A0%E6%9B%9D%E5%85%89%E7%B6%B2%E5%8F%8B%E8%AE%9A%EF%BC%9A%E4%BD%A0+16+%E5%B9%B4%E5%89%8D%E7%9A%84%E6%AD%8C%E6%9B%B2%E9%83%BD%E5%AE%8C%E5%8B%9D%E4%BB%96%E5%80%91%EF%BC%81", "page_size(byte)": 41448, "download_time": "2021-09-15 17:32:05"}
{"url": "https://wap.xinmin.cn/content/32000936.html", "page_size(byte)": 23551, "download_time": "2021-09-15 17:32:06"}
{"url": "https://www.zhihu.com/question/25514416", "page_size(byte)": 219722, "download_time": "2021-09-15 17:32:07"}
{"url": "https://cn.womany.net/read/article/27717?ref=header-icon", "page_size(byte)": 62320, "download_time": "2021-09-15 17:32:08"}
{"url": "https://www.jay-ms.com/collections/jayalbum", "page_size(byte)": 1643105, "download_time": "2021-09-15 17:32:09"}
{"url": "https://m.1905.com/m/star/239/", "page_size(byte)": 30540, "download_time": "2021-09-15 17:32:09"}
{"url": "http://www.xinhuanet.com/video/2021-03/10/c_1211059594.htm", "page_size(byte)": 20432, "download_time": "2021-09-15 17:32:10"}
{"url": "https://www.bilibili.com/video/BV1fx411N7bU/", "page_size(byte)": 36240, "download_time": "2021-09-15 17:32:11"}
{"url": "https://culture.bjd.com.cn/2021/09/14/173806t161.html", "page_size(byte)": 39876, "download_time": "2021-09-15 17:32:12"}
{"url": "http://finance.people.com.cn/n1/2021/0210/c1004-32028349.html", "page_size(byte)": 34372, "download_time": "2021-09-15 17:32:13"}
{"url": "https://finance.sina.com.cn/tech/2021-09-01/doc-iktzqtyt3347286.shtml", "page_size(byte)": 119152, "download_time": "2021-09-15 17:32:13"}
{"url": "https://m.huanqiu.com/article/44kUXZ1aB7P", "page_size(byte)": 15640, "download_time": "2021-09-15 17:32:15"}
{"url": "https://www.taomingren.com/baike/3459", "page_size(byte)": 25290, "download_time": "2021-09-15 17:32:18"}
{"url": "https://www.mocanyc.org/collections/stories/%E5%91%A8%E6%9D%B0%E4%BC%A6/?lang=zh-hans", "page_size(byte)": 23571, "download_time": "2021-09-15 17:32:20"}
{"url": "https://www.zaobao.com.sg/entertainment/story20210901-1189079", "page_size(byte)": 179868, "download_time": "2021-09-15 17:32:20"}
{"url": "https://www.thepaper.cn/newsDetail_forward_3976433", "page_size(byte)": 127207, "download_time": "2021-09-15 17:32:23"}
{"url": "https://y.qq.com/n/ryqq/singer/0025NhlN2yWrP4", "page_size(byte)": 203394, "download_time": "2021-09-15 17:32:25"}
{"url": "https://www.youtube.com/channel/UC8CU5nVhCQIdAGrFFp4loOQ", "page_size(byte)": 740650, "download_time": "2021-09-15 17:32:26"}
{"url": "https://baike.sogou.com/v4853409.htm", "page_size(byte)": 306079, "download_time": "2021-09-15 17:32:28"}
{"url": "https://www.amazon.com/JAY%E5%91%A8%E6%9D%B0%E4%BC%A6%E4%B8%93%E8%BE%91%E5%85%A8%E5%A5%9714%E5%BC%A0%E7%8F%8D%E8%97%8FCD%E8%8C%83%E7%89%B9%E8%A5%BF-%E4%B8%83%E9%87%8C%E9%A6%99-%E5%8F%B6%E6%83%A0%E7%BE%8E-%E6%9D%B0%E4%BC%A6%E5%8D%81%E4%BB%A3-%E5%91%A8%E6%9D%B0%E4%BC%A61-14%E5%BC%A0%E5%85%A8%E9%83%A8%E5%85%A8%E5%A5%97%E4%B8%93%E8%BE%91/dp/B08RNLVLFZ", "page_size(byte)": 892812, "download_time": "2021-09-15 17:32:28"}
{"url": "https://books.google.com/books?id=x8GVDwAAQBAJ&pg=PT395&lpg=PT395&dq=%E5%91%A8%E6%9D%B0%E4%BC%A6&source=bl&ots=9JR4clSuW9&sig=ACfU3U0EoahNlCGt6mqG56Hf-Il7E3w34g&hl=en&sa=X&ved=2ahUKEwj5vcjq9oHzAhXjc98KHU4PCt84WhDoAXoECA4QAw", "page_size(byte)": 257032, "download_time": "2021-09-15 17:32:29"}
{"url": "https://www.wenxuecity.com/news/2021/09/11/ent-215294.html", "page_size(byte)": 48952, "download_time": "2021-09-15 17:32:29"}
{"url": "http://www.manyanu.com/new/5bd887d4ad4a465495f6720bcf6f67be", "page_size(byte)": 53533, "download_time": "2021-09-15 17:32:30"}
{"url": "https://www.youtube.com/watch?v=Sl0vkwurAG8", "page_size(byte)": 502417, "download_time": "2021-09-15 17:32:30"}
{"url": "https://www.kwongwah.com.my/20210206/%E5%91%A8%E6%9D%B0%E4%BC%A6%E6%89%8D%E8%A2%AB%E7%AC%91%E5%91%A8%E8%82%BF-%E8%BF%91%E5%86%B5%E7%85%A7%E7%BD%91%E6%83%8A%EF%BC%9A%E4%B8%8D%E6%AD%A2%E7%98%A6%E4%B8%80%E5%9C%88/", "page_size(byte)": 198751, "download_time": "2021-09-15 17:32:32"}
{"url": "https://www.orientaldaily.com.my/news/entertainment/2021/09/01/434923", "page_size(byte)": 67715, "download_time": "2021-09-15 17:32:34"}
{"url": "http://news.xiaodingkeji.com/Share/ArticleShare?ArticleId=135385&NewspaperGroupId=15402", "page_size(byte)": 23733, "download_time": "2021-09-15 17:32:36"}
{"url": "https://tw.news.yahoo.com/%E5%91%A8%E6%9D%B0%E5%80%AByt%E4%B8%8A%E5%82%B32%E8%88%8A%E6%AD%8C-%E7%B2%89%E7%B5%B2%E7%8B%82%E8%AE%9A%E7%A5%9E%E6%9B%B2-001049518.html", "page_size(byte)": 979083, "download_time": "2021-09-15 17:32:38"}
{"url": "https://s.weibo.com/weibo?q=%23%E5%91%A8%E6%9D%B0%E4%BC%A6%23&from=default", "page_size(byte)": 191992, "download_time": "2021-09-15 17:32:38"}
{"url": "https://www.pinterest.com/0bn3bs0il2rqnzohjspm1yoqilkhwn/%E5%91%A8%E6%9D%B0%E4%BC%A6/", "page_size(byte)": 352775, "download_time": "2021-09-15 17:32:39"}
{"url": "http://news.gtxh.com/shishang/2021/0915/64807.html", "page_size(byte)": 41808, "download_time": "2021-09-15 17:32:40"}
{"url": "https://entlife.8world.com/e-news/jay-eric-917126", "page_size(byte)": 203843, "download_time": "2021-09-15 17:32:41"}
{"url": "https://www.ifanr.com/1438202", "page_size(byte)": 70596, "download_time": "2021-09-15 17:32:43"}
{"url": "http://www.supreme007.com/2021/09/09/b970832fb1.html", "page_size(byte)": 65959, "download_time": "2021-09-15 17:32:43"}
{"url": "http://www.chinanews.com/2002-08-19/26/213543.html", "page_size(byte)": 16054, "download_time": "2021-09-15 17:32:43"}
{"url": "https://www.epochtimes.com/gb/21/5/11/n12940650.htm", "page_size(byte)": 46561, "download_time": "2021-09-15 17:32:43"}
{"url": "https://www.youtube.com/watch?v=hie-SsINu4Q", "page_size(byte)": 676092, "download_time": "2021-09-15 17:32:43"}
{"url": "https://www.elle.com/tw/entertainment/gossip/g33732523/jay-chou-20/", "page_size(byte)": 295873, "download_time": "2021-09-15 17:32:44"}
{"url": "https://music-tw.line.me/playlist/15", "page_size(byte)": 1037219, "download_time": "2021-09-15 17:32:46"}
{"url": "http://m.nbd.com.cn", "page_size(byte)": 26951, "download_time": "2021-09-15 17:32:48"}
{"url": "https://www.tudorwatch.com/zh-hans/ambassadors/jay-chou", "page_size(byte)": 875096, "download_time": "2021-09-15 17:32:48"}
{"url": "https://m.nbd.com.cn/articles/2021-09-15/1913830.html", "page_size(byte)": 23659, "download_time": "2021-09-15 17:32:49"}
{"url": "https://m.nbd.com.cn/articles/2021-09-15/1914139.html", "page_size(byte)": 41094, "download_time": "2021-09-15 17:32:50"}
{"url": "http://finance.china.com.cn/stock/", "page_size(byte)": 53762, "download_time": "2021-09-15 17:32:50"}
{"url": "http://finance.china.com.cn/news/index.shtml", "page_size(byte)": 25038, "download_time": "2021-09-15 17:32:50"}
{"url": "http://tech.china.com.cn/", "page_size(byte)": 50282, "download_time": "2021-09-15 17:32:51"}
{"url": "http://finance.china.com.cn/industry/index.shtml", "page_size(byte)": 81057, "download_time": "2021-09-15 17:32:51"}
{"url": "http://finance.china.com.cn/industry/medicine/index.shtml", "page_size(byte)": 49979, "download_time": "2021-09-15 17:32:52"}
{"url": "http://finance.china.com.cn/house/index.shtml", "page_size(byte)": 56667, "download_time": "2021-09-15 17:32:52"}
