{"url": "https://myuhs.uhs.wisc.edu/login_dualauthentication.aspx", "page_size(byte)": 9988, "download_time": "2021-09-15 15:52:03"}
{"url": "https://www.ifilms.media/video/myu/", "page_size(byte)": 55928, "download_time": "2021-09-15 15:52:03"}
{"url": "https://www.uofmhealth.org/patient-visitor-guide/patient-portal", "page_size(byte)": 59627, "download_time": "2021-09-15 15:52:03"}
{"url": "https://nyulangone.org/locations/nyu-langone-orthopedic-hospital", "page_size(byte)": 207563, "download_time": "2021-09-15 15:52:03"}
{"url": "https://www.restaurantji.com/ny/flushing/myu-/", "page_size(byte)": 33916, "download_time": "2021-09-15 15:52:03"}
{"url": "https://www.etsy.com/market/sera_myu_cosplay", "page_size(byte)": 568044, "download_time": "2021-09-15 15:52:03"}
{"url": "https://www.gamestop.com/toys-games/stuffed-animals-plush/products/myu-white-cat-plush/11110292.html", "page_size(byte)": 262015, "download_time": "2021-09-15 15:52:04"}
{"url": "https://my.uq.edu.au/", "page_size(byte)": 32980, "download_time": "2021-09-15 15:52:04"}
{"url": "https://www.flightradar24.com/data/airports/myu", "page_size(byte)": 66624, "download_time": "2021-09-15 15:52:05"}
{"url": "https://www.amiami.com/eng/detail/?gcode=CARD-00014963", "page_size(byte)": 7392, "download_time": "2021-09-15 15:52:05"}
{"url": "https://www.unisa.ac.za/sites/myunisa/default/", "page_size(byte)": 65365, "download_time": "2021-09-15 15:52:06"}
{"url": "https://myu.co/", "page_size(byte)": 3177, "download_time": "2021-09-15 15:52:06"}
{"url": "https://www.memphis.edu/", "page_size(byte)": 122765, "download_time": "2021-09-15 15:52:06"}
{"url": "https://myniu.niu.edu/", "page_size(byte)": 58961, "download_time": "2021-09-15 15:52:07"}
{"url": "https://www.amazon.com/Myu/e/B002E3HWX4", "page_size(byte)": 270177, "download_time": "2021-09-15 15:52:07"}
{"url": "https://www.myunemployment.nj.gov/labor/myunemployment/schedule.shtml", "page_size(byte)": 100077, "download_time": "2021-09-15 15:52:07"}
{"url": "https://my.utrgv.edu/web/myutrgv/home", "page_size(byte)": 64840, "download_time": "2021-09-15 15:52:08"}
{"url": "https://www.morleyyachts.com/yachts-for-sale/myu/", "page_size(byte)": 55207, "download_time": "2021-09-15 15:52:09"}
{"url": "https://arifureta.fandom.com/wiki/Myu", "page_size(byte)": 425938, "download_time": "2021-09-15 15:52:09"}
{"url": "https://na.finalfantasyxiv.com/lodestone/character/6825240/", "page_size(byte)": 11423, "download_time": "2021-09-15 15:52:09"}
{"url": "https://myuncchart.org/MyChart/", "page_size(byte)": 19406, "download_time": "2021-09-15 15:52:10"}
{"url": "https://my.sc.edu/", "page_size(byte)": 33632, "download_time": "2021-09-15 15:52:10"}
{"url": "https://my.jh.edu/myJH/", "page_size(byte)": 12360, "download_time": "2021-09-15 15:52:10"}
{"url": "https://en.wikipedia.org/wiki/MYU", "page_size(byte)": 27125, "download_time": "2021-09-15 15:52:10"}
{"url": "https://myu.mans.edu.eg/", "page_size(byte)": 25438, "download_time": "2021-09-15 15:52:11"}
{"url": "https://www.seamless.com/menu/myu-41-90-bowne-street-flushing/2480063", "page_size(byte)": 43275, "download_time": "2021-09-15 15:52:11"}
{"url": "https://www.designboom.com/design/self-repair-myu-umbrella-design-11-09-2018/", "page_size(byte)": 101089, "download_time": "2021-09-15 15:52:11"}
{"url": "https://www.bandsintown.com/a/65689-myu", "page_size(byte)": 83310, "download_time": "2021-09-15 15:52:12"}
{"url": "https://www.goodsmile.info/en/product/6428/Nendoroid+Plus+Star+Myu+Collectible+Rubber+Straps.html", "page_size(byte)": 39498, "download_time": "2021-09-15 15:52:12"}
{"url": "https://www.mtu.edu/webcams/", "page_size(byte)": 68907, "download_time": "2021-09-15 15:52:12"}
{"url": "https://www.albany.edu/myualbany", "page_size(byte)": 49165, "download_time": "2021-09-15 15:52:12"}
{"url": "https://twitter.com/myutilate?lang=en", "page_size(byte)": 78464, "download_time": "2021-09-15 15:52:12"}
{"url": "https://www.rcsb.org/ligand/MYU", "page_size(byte)": 54332, "download_time": "2021-09-15 15:52:13"}
{"url": "https://www.umt.edu/my/", "page_size(byte)": 67154, "download_time": "2021-09-15 15:52:13"}
{"url": "https://nyulangone.org/locations/inflammatory-bowel-disease-center", "page_size(byte)": 216267, "download_time": "2021-09-15 15:52:13"}
{"url": "https://www.animenewsnetwork.com/encyclopedia/people.php?id=27056", "page_size(byte)": 88777, "download_time": "2021-09-15 15:52:15"}
{"url": "https://places.singleplatform.com/myu/menu?ref=Yahoo", "page_size(byte)": 56086, "download_time": "2021-09-15 15:52:16"}
{"url": "https://www.worthavenueyachts.com/yachts-for-sale/myu/", "page_size(byte)": 186241, "download_time": "2021-09-15 15:52:16"}
{"url": "https://my.ucsc.edu/", "page_size(byte)": 977, "download_time": "2021-09-15 15:52:16"}
{"url": "https://forebears.io/surnames/myu", "page_size(byte)": 165902, "download_time": "2021-09-15 15:52:16"}
{"url": "https://www.reddit.com/r/Arifureta/comments/g5yzff/what_is_myu_current_status/", "page_size(byte)": 638854, "download_time": "2021-09-15 15:52:17"}
{"url": "https://myubeauty.com/", "page_size(byte)": 74351, "download_time": "2021-09-15 15:52:18"}
{"url": "https://www.deviantart.com/tag/myu", "page_size(byte)": 394792, "download_time": "2021-09-15 15:52:18"}
{"url": "https://www.thefreedictionary.com/words-containing-myu", "page_size(byte)": 30035, "download_time": "2021-09-15 15:52:18"}
{"url": "https://my.uwf.edu/", "page_size(byte)": 7147, "download_time": "2021-09-15 15:52:19"}
{"url": "https://myu-group.co.jp/en/index-en/", "page_size(byte)": 116865, "download_time": "2021-09-15 15:52:19"}
{"url": "https://my.ucla.edu/", "page_size(byte)": 30554, "download_time": "2021-09-15 15:52:20"}
{"url": "https://flightaware.com/resources/airport/PAMY", "page_size(byte)": 86626, "download_time": "2021-09-15 15:52:20"}
{"url": "https://yachtharbour.com/yacht/myu-5518", "page_size(byte)": 262606, "download_time": "2021-09-15 15:52:20"}
{"url": "https://prodmyinfo.montana.edu/pls/bzagent/twbkwbis.P_GenMenu?name=homepage", "page_size(byte)": 10880, "download_time": "2021-09-15 15:52:20"}
{"url": "https://my.bgsu.edu/", "page_size(byte)": 32981, "download_time": "2021-09-15 15:52:21"}
{"url": "https://www.instagram.com/myu.inoue/?hl=en", "page_size(byte)": 69217, "download_time": "2021-09-15 15:52:21"}
{"url": "https://www.urbandictionary.com/define.php?term=Myu", "page_size(byte)": 72614, "download_time": "2021-09-15 15:52:21"}
{"url": "https://www.allacronyms.com/MYU", "page_size(byte)": 54218, "download_time": "2021-09-15 15:52:22"}
{"url": "https://my.unh.edu/", "page_size(byte)": 80101, "download_time": "2021-09-15 15:52:22"}
{"url": "http://www.myumakeup.com/", "page_size(byte)": 77689, "download_time": "2021-09-15 15:52:22"}
{"url": "https://www.staradvertiser.com/2021/09/11/editorial/kauakukalahale/column-he-myu-aeo-ia-a-i-aeole-he-mu-he-aeano-mu-no-paha/", "page_size(byte)": 124753, "download_time": "2021-09-15 15:52:22"}
{"url": "https://www.usf.edu/it/class-prep/myusf.aspx", "page_size(byte)": 31085, "download_time": "2021-09-15 15:52:22"}
{"url": "https://myuc.canterbury.ac.nz/", "page_size(byte)": 1120, "download_time": "2021-09-15 15:52:23"}
{"url": "https://www.myu.ac.jp/english/", "page_size(byte)": 27546, "download_time": "2021-09-15 15:52:23"}
{"url": "https://myu.edu.pk/", "page_size(byte)": 56686, "download_time": "2021-09-15 15:52:23"}
{"url": "https://www.uvm.edu/", "page_size(byte)": 44831, "download_time": "2021-09-15 15:52:23"}
{"url": "https://www.names.org/n/myu/about", "page_size(byte)": 245129, "download_time": "2021-09-15 15:52:24"}
{"url": "https://www.myuhc.com/", "page_size(byte)": 2026, "download_time": "2021-09-15 15:52:24"}
{"url": "https://my.lmu.edu/", "page_size(byte)": 58886, "download_time": "2021-09-15 15:52:24"}
{"url": "https://my.usd.edu/", "page_size(byte)": 185, "download_time": "2021-09-15 15:52:24"}
{"url": "https://www.cooley.com/people/milson-yu", "page_size(byte)": 101020, "download_time": "2021-09-15 15:52:25"}
{"url": "https://myu.universitecentrale.net/", "page_size(byte)": 225, "download_time": "2021-09-15 15:52:26"}
