{"url": "https://mrthrowback.com/products/starter-reversible-mac-miller-bandana-hat", "page_size(byte)": 136483, "download_time": "2021-09-15 17:37:46"}
{"url": "https://people.com/music/lindsey-buckingham-would-return-to-fleetwood-mac-but-stevie-nicks-needs-to-be-onboard/", "page_size(byte)": 183863, "download_time": "2021-09-15 17:37:47"}
{"url": "http://www.real.com/realplayer/mac", "page_size(byte)": 35890, "download_time": "2021-09-15 17:37:47"}
{"url": "https://www.brooklynvegan.com/mac-demarco-ann/", "page_size(byte)": 186193, "download_time": "2021-09-15 17:37:48"}
{"url": "https://www.tandfonline.com/doi/full/10.1080/09523981003654944", "page_size(byte)": 21019, "download_time": "2021-09-15 17:37:48"}
{"url": "https://techterms.com/definition/macaddress", "page_size(byte)": 28431, "download_time": "2021-09-15 17:37:48"}
{"url": "https://altvr.com/altspacevr-mac/", "page_size(byte)": 20361, "download_time": "2021-09-15 17:37:48"}
{"url": "https://whatis.techtarget.com/definition/Mac-OS", "page_size(byte)": 264984, "download_time": "2021-09-15 17:37:49"}
{"url": "https://www.computeroverhauls.com/", "page_size(byte)": 149646, "download_time": "2021-09-15 17:37:49"}
{"url": "https://www.pcmag.com/reviews/apple-mac-mini-m1-late-2020", "page_size(byte)": 229171, "download_time": "2021-09-15 17:37:49"}
{"url": "https://stocktwits.com/symbol/MAC", "page_size(byte)": 39263, "download_time": "2021-09-15 17:37:49"}
{"url": "https://blogs.vmware.com/teamfusion/2021/04/fusion-on-apple-silicon-progress-update.html", "page_size(byte)": 222075, "download_time": "2021-09-15 17:37:49"}
{"url": "http://www.poconyc.com/", "page_size(byte)": 144103, "download_time": "2021-09-15 17:37:49"}
{"url": "https://9to5mac.com/guides/mac/", "page_size(byte)": 307708, "download_time": "2021-09-15 17:37:50"}
{"url": "https://cleanmymac.com/", "page_size(byte)": 80489, "download_time": "2021-09-15 17:37:51"}
{"url": "https://machelpnyc.com/", "page_size(byte)": 31677, "download_time": "2021-09-15 17:37:52"}
{"url": "https://www.macweb.com/", "page_size(byte)": 48540, "download_time": "2021-09-15 17:37:52"}
{"url": "https://macspeedshop.com/", "page_size(byte)": 34598, "download_time": "2021-09-15 17:37:52"}
{"url": "https://makeitallwork.com/mac-support/", "page_size(byte)": 24119, "download_time": "2021-09-15 17:37:52"}
{"url": "https://www.parallels.com/", "page_size(byte)": 55042, "download_time": "2021-09-15 17:37:53"}
{"url": "https://www.theshopsatcolumbuscircle.com/shopping/mac/", "page_size(byte)": 35565, "download_time": "2021-09-15 17:37:53"}
{"url": "https://www.barbour.com/us/", "page_size(byte)": 177991, "download_time": "2021-09-15 17:37:53"}
{"url": "https://www.metroatlantachamber.com/", "page_size(byte)": 88600, "download_time": "2021-09-15 17:37:54"}
{"url": "https://www.espn.com/nfl/story/_/id/32199768/mac-jones-impresses-debut-new-england-patriots-fall-miami-dolphins", "page_size(byte)": 205533, "download_time": "2021-09-15 17:37:54"}
{"url": "https://www.vulture.com/2021/09/mac-miller-mixtape-faces-to-be-released-october-15.html", "page_size(byte)": 1382638, "download_time": "2021-09-15 17:37:54"}
{"url": "https://theriversiderehab.com/mac-makeover-evening-at-the-riverside/", "page_size(byte)": 40718, "download_time": "2021-09-15 17:37:54"}
{"url": "https://www.post-gazette.com/ae/music/2021/09/15/Mac-Miller-Faces-mixtape-will-hit-streaming-services-Oct-15/stories/202109150124", "page_size(byte)": 58919, "download_time": "2021-09-15 17:37:55"}
{"url": "https://maxbrenner.com/", "page_size(byte)": 184613, "download_time": "2021-09-15 17:37:55"}
{"url": "https://www.techradar.com/news/computing/apple/mac-buyer-s-guide-2015-1295725", "page_size(byte)": 721276, "download_time": "2021-09-15 17:37:55"}
{"url": "https://www.maccosmetics.com/", "page_size(byte)": 1440713, "download_time": "2021-09-15 17:37:56"}
{"url": "https://www.sephora.sg/brands/mac-cosmetics", "page_size(byte)": 80425, "download_time": "2021-09-15 17:37:56"}
{"url": "http://macspublichousesi.com/", "page_size(byte)": 11404, "download_time": "2021-09-15 17:37:56"}
{"url": "https://www.nbcsports.com/boston/patriots/mac-jones-proved-he-can-be-quality-problem-solver-nfl-level", "page_size(byte)": 174318, "download_time": "2021-09-15 17:37:56"}
{"url": "https://www.iheartmacandcheese.com/menu", "page_size(byte)": 123174, "download_time": "2021-09-15 17:37:58"}
