{"url": "https://en.wikipedia.org/wiki/KeySpan", "page_size(byte)": 47003, "download_time": "2021-09-16 23:17:32"}
{"url": "https://majorowenscenter.com/", "page_size(byte)": 69957, "download_time": "2021-09-16 23:17:33"}
{"url": "https://moovitapp.com/index/en/public_transit-Union_Street-NYCNJ-street_9781801-121", "page_size(byte)": 227213, "download_time": "2021-09-16 23:17:33"}
{"url": "https://www.instagram.com/bkmuseumunion/", "page_size(byte)": 69293, "download_time": "2021-09-16 23:17:33"}
{"url": "https://www.rome2rio.com/s/Brooklyn/Union-Hunterdon-County-NJ-USA", "page_size(byte)": 311972, "download_time": "2021-09-16 23:17:33"}
{"url": "https://www.indeed.com/cmp/Brooklyn-Union-Gas", "page_size(byte)": 345745, "download_time": "2021-09-16 23:17:33"}
{"url": "https://www.afge.org/publication/its-been-a-disaster-waiting-to-happen-says-federal-prison-union-about-mdc-brooklyn/", "page_size(byte)": 87753, "download_time": "2021-09-16 23:17:34"}
{"url": "https://www.hbs.edu/faculty/Pages/item.aspx?num=3388", "page_size(byte)": 65217, "download_time": "2021-09-16 23:17:34"}
{"url": "http://oldbrooklynhistory.org/BUBG/index.html", "page_size(byte)": 5328, "download_time": "2021-09-16 23:17:37"}
{"url": "https://www.unionbeerdist.com/welcome", "page_size(byte)": 44599, "download_time": "2021-09-16 23:17:37"}
{"url": "https://unionbaptistchurchgreenpoint.com/", "page_size(byte)": 351185, "download_time": "2021-09-16 23:17:37"}
{"url": "https://www.yahoo.com/now/teamsters-denounce-billionaire-john-catsimatidis-130000316.html", "page_size(byte)": 631497, "download_time": "2021-09-16 23:17:38"}
{"url": "http://www.brooklyn.cuny.edu/web/about/offices/hr/tools/union-and-welfare-funds-benefits-information.php", "page_size(byte)": 55761, "download_time": "2021-09-16 23:17:38"}
{"url": "https://www.thegreenbuildingnyc.com/", "page_size(byte)": 354167, "download_time": "2021-09-16 23:17:38"}
{"url": "https://www.propark.com/facilities/906-union-street-parking/", "page_size(byte)": 53156, "download_time": "2021-09-16 23:17:38"}
{"url": "https://uniontemple.org/", "page_size(byte)": 3952, "download_time": "2021-09-16 23:17:39"}
{"url": "https://www.vulture.com/2021/09/vulture-and-union-hall-launch-a-weekly-live-comedy-show.html", "page_size(byte)": 1407284, "download_time": "2021-09-16 23:17:39"}
{"url": "https://www.carrollgardensassociation.com/swbtu", "page_size(byte)": 248156, "download_time": "2021-09-16 23:17:40"}
{"url": "https://newmarkretail.com/lease-property-detail/id/1708/382_Union_Avenue-Brooklyn-NY/", "page_size(byte)": 28800, "download_time": "2021-09-16 23:17:40"}
{"url": "https://www.hostelworld.com/hosteldetails.php/Union-Hotel-Brooklyn/New-York/285142", "page_size(byte)": 307950, "download_time": "2021-09-16 23:17:41"}
{"url": "https://nymag.com/intelligencer/article/brooklyn-friends-school-union-quaker-values.html", "page_size(byte)": 1595905, "download_time": "2021-09-16 23:17:41"}
{"url": "https://www.brooklyn.coop/", "page_size(byte)": 69639, "download_time": "2021-09-16 23:17:44"}
{"url": "http://dlib.nyu.edu/findingaids/html/bhs/arc_306_ortner/dscaspace_ref280_l20.html", "page_size(byte)": 26096, "download_time": "2021-09-16 23:17:45"}
{"url": "https://books.google.com/books?id=MKosAAAAYAAJ&pg=PA14&lpg=PA14&dq=brooklyn+union&source=bl&ots=q-carplctA&sig=ACfU3U1i9ivJxH4V_ntkbxgxqa5rHIf2cg&hl=en&sa=X&ved=2ahUKEwiBtLrxhYXzAhXdGFkFHdMDDv84vgEQ6AF6BAgUEAM", "page_size(byte)": 273252, "download_time": "2021-09-16 23:17:46"}
{"url": "https://www.fitchratings.com/research/corporate-finance/the-brooklyn-union-gas-company-subsidiary-of-national-grid-plc-23-12-2020", "page_size(byte)": 257598, "download_time": "2021-09-16 23:17:47"}
{"url": "http://www.sonovacorp.com/index.php?brand_database=01_Brand_Consulting&cat=01_Identity&subcat=Energy&client=Brooklyn_Union", "page_size(byte)": 13453, "download_time": "2021-09-16 23:17:47"}
{"url": "http://www.twulocal100.org/story/twu-atu-united-brooklyn-strike-lines", "page_size(byte)": 39214, "download_time": "2021-09-16 23:17:47"}
{"url": "https://law.justia.com/cases/federal/district-courts/FSupp/819/214/1965510/", "page_size(byte)": 119029, "download_time": "2021-09-16 23:17:47"}
{"url": "https://en.wikipedia.org/w/index.php?title=KeySpan&oldid=1029961730", "page_size(byte)": 49388, "download_time": "2021-09-16 23:17:48"}
{"url": "https://www.wikiwand.com/en/Brooklyn_Standard_Union", "page_size(byte)": 53137, "download_time": "2021-09-16 23:17:48"}
{"url": "https://union-pool.com/", "page_size(byte)": 51953, "download_time": "2021-09-16 23:17:48"}
{"url": "https://moovitapp.com/nycnj-121/poi/Union%20Street/current_location/en?tll=40.684391_-74.00301&ref=1&poiType=street&customerId=4908", "page_size(byte)": 16927, "download_time": "2021-09-16 23:17:48"}
{"url": "https://moovitapp.com/index/en/dir/Soho_Grand_Hotel-site_57090410-site_57105289-121", "page_size(byte)": 163366, "download_time": "2021-09-16 23:17:50"}
{"url": "https://moovitapp.com/index/en/dir/Radio_City_Music_Hall-site_57090410-site_14419638-121", "page_size(byte)": 159007, "download_time": "2021-09-16 23:17:50"}
{"url": "https://moovitapp.com/index/en/dir/Peapack_Station-city_76359-site_57059044-121", "page_size(byte)": 143404, "download_time": "2021-09-16 23:17:50"}
{"url": "https://moovitapp.com/index/en/dir/Kearny_Nj-site_141323959-city_75907-121", "page_size(byte)": 177045, "download_time": "2021-09-16 23:17:50"}
{"url": "https://moovitapp.com/index/en/dir/East_Broadway-site_14421819-site_136058521-121", "page_size(byte)": 167755, "download_time": "2021-09-16 23:17:51"}
{"url": "https://moovitapp.com/", "page_size(byte)": 15994, "download_time": "2021-09-16 23:17:51"}
{"url": "https://moovitapp.com/index/en/dir/Liberty_Park-site_14396368-site_23124729-121", "page_size(byte)": 238869, "download_time": "2021-09-16 23:17:51"}
{"url": "https://www.indeed.com?from=gnav-acme--acme-webapp", "page_size(byte)": 270859, "download_time": "2021-09-16 23:17:52"}
{"url": "https://moovitapp.com/index/en/dir/Summit_Diner-site_14421819-site_136068877-121", "page_size(byte)": 209256, "download_time": "2021-09-16 23:17:52"}
{"url": "https://itunes.apple.com/us/app/moovit-public-transit/id498477945?mt=8", "page_size(byte)": 298662, "download_time": "2021-09-16 23:17:52"}
{"url": "https://moovitapp.com/index/en/dir/Yonkers_Ny-site_14962635-city_76429-121", "page_size(byte)": 198662, "download_time": "2021-09-16 23:17:53"}
{"url": "https://moovitapp.com/index/en/dir/Winter_Garden_Theatre-stop_19919270-site_14403851-121", "page_size(byte)": 153943, "download_time": "2021-09-16 23:17:53"}
{"url": "https://www.indeed.com/hire?co=US&hl=en", "page_size(byte)": 134897, "download_time": "2021-09-16 23:17:53"}
{"url": "https://www.indeed.com/promo/resume", "page_size(byte)": 29429, "download_time": "2021-09-16 23:17:54"}
{"url": "https://www.indeed.com/companies", "page_size(byte)": 215066, "download_time": "2021-09-16 23:17:54"}
{"url": "https://registration.afge.org/SignIn/ConfirmMembership", "page_size(byte)": 6573, "download_time": "2021-09-16 23:17:55"}
{"url": "https://registration.afge.org/SignIn/ForgotAccount", "page_size(byte)": 6570, "download_time": "2021-09-16 23:17:55"}
{"url": "https://commons.wikimedia.org/wiki/File:Empty_subway_in_NYC.jpg", "page_size(byte)": 63346, "download_time": "2021-09-16 23:17:55"}
{"url": "https://www.rome2rio.com/map/Brooklyn/Union-Hunterdon-County-NJ-USA", "page_size(byte)": 127002, "download_time": "2021-09-16 23:17:55"}
{"url": "http://en.wikipedia.org/wiki/North_Jersey_Coast_Line", "page_size(byte)": 292963, "download_time": "2021-09-16 23:17:57"}
{"url": "https://www.facebook.com/MTA.info/photos_stream?tab=photos_stream", "page_size(byte)": 9014, "download_time": "2021-09-16 23:17:57"}
{"url": "http://untappedcities.com/", "page_size(byte)": 315761, "download_time": "2021-09-16 23:17:57"}
{"url": "http://en.wikipedia.org/wiki/Trans-Bridge_Lines", "page_size(byte)": 85102, "download_time": "2021-09-16 23:17:57"}
{"url": "https://www.rome2rio.com/s/Brooklyn/Midtown-Manhattan", "page_size(byte)": 367587, "download_time": "2021-09-16 23:17:58"}
{"url": "http://www.subchat.com/buschat/readflat.asp?Id=203303&p=1#203363", "page_size(byte)": 55216, "download_time": "2021-09-16 23:17:59"}
{"url": "https://www.rome2rio.com/s/Brooklyn/Adirondack-Mountains", "page_size(byte)": 342861, "download_time": "2021-09-16 23:18:00"}
{"url": "https://www.rome2rio.com/s/Brooklyn/NoMad", "page_size(byte)": 363559, "download_time": "2021-09-16 23:18:00"}
{"url": "https://www.rome2rio.com/s/Brooklyn/Chatham-NY-USA", "page_size(byte)": 331813, "download_time": "2021-09-16 23:18:02"}
{"url": "https://www.rome2rio.com/s/Brooklyn/Wildwood-Bus-Terminal", "page_size(byte)": 389763, "download_time": "2021-09-16 23:18:02"}
{"url": "https://www.rome2rio.com/s/Brooklyn/California", "page_size(byte)": 398271, "download_time": "2021-09-16 23:18:03"}
{"url": "https://www.rome2rio.com/s/Brooklyn/Playland-NY-USA", "page_size(byte)": 378814, "download_time": "2021-09-16 23:18:08"}
{"url": "https://www.rome2rio.com/s/Brooklyn/Whitby-ON-Canada", "page_size(byte)": 446514, "download_time": "2021-09-16 23:18:08"}
{"url": "https://www.rome2rio.com/s/Brooklyn/Naugatuck", "page_size(byte)": 303983, "download_time": "2021-09-16 23:18:12"}
{"url": "https://www.rome2rio.com/s/Brooklyn/Owego", "page_size(byte)": 318820, "download_time": "2021-09-16 23:18:12"}
{"url": "https://www.rome2rio.com/s/Brooklyn/Ethel-Barrymore-Theatre", "page_size(byte)": 358588, "download_time": "2021-09-16 23:18:15"}
{"url": "https://www.rome2rio.com/s/Brooklyn/Revere", "page_size(byte)": 418826, "download_time": "2021-09-16 23:18:16"}
{"url": "https://www.rome2rio.com/s/Brooklyn/Woy-Woy", "page_size(byte)": 427860, "download_time": "2021-09-16 23:18:16"}
{"url": "https://www.rome2rio.com/s/Brooklyn/Chevy-Chase", "page_size(byte)": 460549, "download_time": "2021-09-16 23:18:16"}
{"url": "https://www.rome2rio.com/s/Philadelphia/Union-Hunterdon-County-NJ-USA", "page_size(byte)": 343836, "download_time": "2021-09-16 23:18:26"}
{"url": "https://www.rome2rio.com/s/Jersey-City/Union-Hunterdon-County-NJ-USA", "page_size(byte)": 304733, "download_time": "2021-09-16 23:18:26"}
{"url": "https://www.rome2rio.com/s/Brooklyn/West-End-DC-USA", "page_size(byte)": 440315, "download_time": "2021-09-16 23:18:26"}
{"url": "https://www.rome2rio.com/s/Perryville/Union-Hunterdon-County-NJ-USA", "page_size(byte)": 426252, "download_time": "2021-09-16 23:18:26"}
{"url": "https://www.rome2rio.com/s/Ronkonkoma/Union-Hunterdon-County-NJ-USA", "page_size(byte)": 311311, "download_time": "2021-09-16 23:18:30"}
{"url": "https://www.rome2rio.com/s/Bloomingdale-Passaic-County-NJ-USA/Union-Hunterdon-County-NJ-USA", "page_size(byte)": 307043, "download_time": "2021-09-16 23:18:35"}
{"url": "https://www.rome2rio.com/s/Port-Authority-Bus-Terminal/Union-Hunterdon-County-NJ-USA", "page_size(byte)": 288735, "download_time": "2021-09-16 23:18:35"}
{"url": "https://www.rome2rio.com/s/Providence/Union-Hunterdon-County-NJ-USA", "page_size(byte)": 417575, "download_time": "2021-09-16 23:18:35"}
{"url": "https://www.rome2rio.com/s/30th-Street-Station/Union-Hunterdon-County-NJ-USA", "page_size(byte)": 340308, "download_time": "2021-09-16 23:18:40"}
{"url": "https://www.rome2rio.com/s/London/Paris", "page_size(byte)": 449816, "download_time": "2021-09-16 23:18:40"}
{"url": "https://www.rome2rio.com/s/Rahway/Union-Hunterdon-County-NJ-USA", "page_size(byte)": 314238, "download_time": "2021-09-16 23:18:44"}
{"url": "https://www.rome2rio.com/s/Berlin/Prague", "page_size(byte)": 443747, "download_time": "2021-09-16 23:18:45"}
{"url": "https://www.rome2rio.com/s/Madrid/Barcelona", "page_size(byte)": 407730, "download_time": "2021-09-16 23:18:47"}
{"url": "https://www.rome2rio.com/s/Barcelona/Madrid", "page_size(byte)": 412438, "download_time": "2021-09-16 23:18:47"}
{"url": "https://www.rome2rio.com/s/London/Edinburgh", "page_size(byte)": 486823, "download_time": "2021-09-16 23:18:47"}
{"url": "https://www.hbs.edu/", "page_size(byte)": 716675, "download_time": "2021-09-16 23:18:59"}
{"url": "https://www.rome2rio.com/terms-of-use/", "page_size(byte)": 85018, "download_time": "2021-09-16 23:18:59"}
{"url": "http://www.hbs.edu/maps/", "page_size(byte)": 71394, "download_time": "2021-09-16 23:19:00"}
{"url": "https://www.hbs.edu/faculty/Pages/profile.aspx?facId=6526&click=byline", "page_size(byte)": 356994, "download_time": "2021-09-16 23:19:00"}
{"url": "https://www.hbs.edu/faculty/Pages/profile.aspx?facId=6479&click=byline", "page_size(byte)": 260647, "download_time": "2021-09-16 23:19:00"}
{"url": "https://community.alumni.harvard.edu/give/16040805/BW004", "page_size(byte)": 87856, "download_time": "2021-09-16 23:19:00"}
{"url": "https://mail.yahoo.com/", "page_size(byte)": 12801, "download_time": "2021-09-16 23:19:01"}
{"url": "https://unionbeerdist.us1.list-manage.com/subscribe?u=871defa7be342e24bfc3fb44a&id=a8efccf136", "page_size(byte)": 33299, "download_time": "2021-09-16 23:19:01"}
{"url": "https://www.youtube.com/channel/UCN4BPYIlwKp5T62ioF5Ls5w", "page_size(byte)": 246598, "download_time": "2021-09-16 23:19:02"}
{"url": "https://www.dropbox.com/sh/r2jivbgzqv0e47j/AAC9M3oMn9bkhzTXTIyxteABa?dl=0", "page_size(byte)": 414000, "download_time": "2021-09-16 23:19:02"}
{"url": "https://shopping.yahoo.com/", "page_size(byte)": 117136, "download_time": "2021-09-16 23:19:02"}
{"url": "https://login.yahoo.com/?.lang=en-US&src=homepage", "page_size(byte)": 40019, "download_time": "2021-09-16 23:19:02"}
{"url": "https://mma.prnewswire.com/media/33969/international_brotherhood_of_teamsters_logo.html", "page_size(byte)": 4772, "download_time": "2021-09-16 23:19:03"}
{"url": "https://www.yahoo.com/everything/", "page_size(byte)": 249834, "download_time": "2021-09-16 23:19:03"}
{"url": "https://parkchirp.com", "page_size(byte)": 94007, "download_time": "2021-09-16 23:19:03"}
{"url": "https://www.instagram.com/p/CNkn0pnDNUG/", "page_size(byte)": 80361, "download_time": "2021-09-16 23:19:04"}
{"url": "https://www.instagram.com/p/CPrD491D-U_/", "page_size(byte)": 82174, "download_time": "2021-09-16 23:19:04"}
{"url": "https://finance.yahoo.com/", "page_size(byte)": 1057330, "download_time": "2021-09-16 23:19:05"}
{"url": "https://cbebk.org/", "page_size(byte)": 87312, "download_time": "2021-09-16 23:19:06"}
{"url": "https://nymag.com/maglinks/global-04", "page_size(byte)": 954485, "download_time": "2021-09-16 23:19:06"}
{"url": "https://subs.nymag.com/magazine/subscribe/official-subscription.html?itm_source=vsitepromo&itm_medium=internal&itm_campaign=subscribe-button-mobile-article", "page_size(byte)": 1396428, "download_time": "2021-09-16 23:19:07"}
{"url": "https://nymag.com/maglinks/global-02", "page_size(byte)": 1398795, "download_time": "2021-09-16 23:19:07"}
{"url": "http://springthistle.com", "page_size(byte)": 99932, "download_time": "2021-09-16 23:19:07"}
{"url": "https://policies.google.com/privacy", "page_size(byte)": 278765, "download_time": "2021-09-16 23:19:08"}
{"url": "http://www.vulture.com/blog/", "page_size(byte)": 1063757, "download_time": "2021-09-16 23:19:09"}
{"url": "https://subs.nymag.com/magazine/subscribe/official-subscription.html?itm_source=disitepromo&itm_medium=internal&itm_campaign=subscribe-button-mobile-article", "page_size(byte)": 1396429, "download_time": "2021-09-16 23:19:09"}
{"url": "http://nymag.com/intelligencer/2021/09/why-a-troubled-polling-industry-whiffed-on-california-recall.html", "page_size(byte)": 1584565, "download_time": "2021-09-16 23:19:10"}
{"url": "https://www.paypal.com/cgi-bin/webscr?cmd=_s-xclick&hosted_button_id=GEHGGT65EY8HQ&source=url", "page_size(byte)": 239825, "download_time": "2021-09-16 23:19:10"}
{"url": "http://nymag.com/intelligencer/2021/09/the-right-wing-divisions-over-texass-abortion-law.html", "page_size(byte)": 1580836, "download_time": "2021-09-16 23:19:10"}
{"url": "http://www.thecut.com/2021/09/simone-biles-the-fbi-turned-a-blind-eye-to-larry-nassar.html", "page_size(byte)": 1560979, "download_time": "2021-09-16 23:19:13"}
{"url": "http://nymag.com/intelligencer/2021/09/did-gen-milley-actually-go-rogue-at-end-of-trump-admin.html", "page_size(byte)": 1579991, "download_time": "2021-09-16 23:19:16"}
{"url": "http://nymag.com/intelligencer/2021/09/mcconnell-insists-he-wont-help-democrats-raise-debt-limit.html", "page_size(byte)": 1579365, "download_time": "2021-09-16 23:19:16"}
{"url": "http://nymag.com/intelligencer/2021/09/alex-murdaugh-hired-man-to-kill-him-for-insurance-money.html", "page_size(byte)": 1577974, "download_time": "2021-09-16 23:19:16"}
{"url": "http://nymag.com/intelligencer/article/fact-check-richest-1-dont-pay-40-of-the-taxes.html", "page_size(byte)": 1593448, "download_time": "2021-09-16 23:19:16"}
{"url": "http://nymag.com/intelligencer/2021/09/california-recall-election-what-it-says-about-national-politics.html", "page_size(byte)": 1586646, "download_time": "2021-09-16 23:19:21"}
{"url": "http://nymag.com/intelligencer/2021/09/the-booster-shot-debate-continues-to-intensify.html", "page_size(byte)": 1581866, "download_time": "2021-09-16 23:19:23"}
{"url": "http://nymag.com/intelligencer/2021/09/capitol-police-prepares-for-potential-violence-on-sept-18.html", "page_size(byte)": 1576677, "download_time": "2021-09-16 23:19:23"}
{"url": "http://nymag.com/intelligencer/2021/09/dan-quayle-convinced-mike-pence-to-reject-trumps-coup.html", "page_size(byte)": 1578523, "download_time": "2021-09-16 23:19:24"}
{"url": "http://nymag.com/intelligencer/2021/09/texas-abortion-law-whats-next.html", "page_size(byte)": 1594325, "download_time": "2021-09-16 23:19:25"}
{"url": "http://nymag.com/intelligencer/2021/09/democrats-divides-reconciliation-bill-manchin-sanders-pelosi.html", "page_size(byte)": 1617631, "download_time": "2021-09-16 23:19:28"}
{"url": "https://my.homecu.net/banking/hcuLogin.prg?cu=BROOKLYN", "page_size(byte)": 24821, "download_time": "2021-09-16 23:19:30"}
{"url": "https://www.brooklyn.coop/rrp-award/", "page_size(byte)": 52752, "download_time": "2021-09-16 23:19:31"}
{"url": "https://www.brooklyn.coop/remote-deposit/", "page_size(byte)": 89016, "download_time": "2021-09-16 23:19:31"}
{"url": "https://www.brooklyn.coop/citiaward/", "page_size(byte)": 46354, "download_time": "2021-09-16 23:19:32"}
{"url": "https://www.brooklyn.coop/another-anniversary/", "page_size(byte)": 51820, "download_time": "2021-09-16 23:19:34"}
{"url": "https://newmarkretail.com/", "page_size(byte)": 30652, "download_time": "2021-09-16 23:19:36"}
{"url": "https://newmarkretail.com/lease-property-images/?image_type=PROPERTY&lease_property_id=1708&from=share_link&offset=0", "page_size(byte)": 27648, "download_time": "2021-09-16 23:19:38"}
{"url": "https://www.hostelworld.com/securityprivacy.php", "page_size(byte)": 94133, "download_time": "2021-09-16 23:19:39"}
{"url": "https://newmarkretail.com/lease-property-images/?image_type=MAP&lease_property_id=1708&from=share_link&offset=0", "page_size(byte)": 28807, "download_time": "2021-09-16 23:19:39"}
{"url": "https://www.instagram.com/nkf_retail_services/", "page_size(byte)": 69293, "download_time": "2021-09-16 23:19:39"}
{"url": "https://www.hostelworld.com/coupons-terms-conditions", "page_size(byte)": 87685, "download_time": "2021-09-16 23:19:40"}
{"url": "https://www.hostelworld.com/hwsitemap/", "page_size(byte)": 46137, "download_time": "2021-09-16 23:19:40"}
{"url": "https://www.hostelworld.com/hosteldetails.php/Union-Hotel-Brooklyn/New-York/285142#reviews", "page_size(byte)": 309672, "download_time": "2021-09-16 23:19:40"}
{"url": "http://dlib.nyu.edu/findingaids/search/?q=&collectionId=bhs", "page_size(byte)": 76721, "download_time": "2021-09-16 23:19:40"}
{"url": "https://www.google.com/accounts/Login?service=print&continue=https://books.google.com/books%3Fid%3DMKosAAAAYAAJ%26pg%3DPA14%26lpg%3DPA14%26dq%3Dbrooklyn%2Bunion%26source%3Dbl%26ots%3Dq-carplctA%26sig%3DACfU3U1i9ivJxH4V_ntkbxgxqa5rHIf2cg%26hl%3Den%26sa%3DX&hl=en&ec=GAZACg", "page_size(byte)": 107628, "download_time": "2021-09-16 23:19:41"}
{"url": "https://books.google.com/books?id=MKosAAAAYAAJ&pg=PA14&lpg=PA14&dq=brooklyn+union&source=bl&ots=q-carplctA&sig=ACfU3U1i9ivJxH4V_ntkbxgxqa5rHIf2cg&hl=en&sa=X&output=html_text", "page_size(byte)": 279416, "download_time": "2021-09-16 23:19:41"}
{"url": "https://books.google.com/books?id=MKosAAAAYAAJ&printsec=frontcover&source=gbs_vpt_read", "page_size(byte)": 254705, "download_time": "2021-09-16 23:19:41"}
{"url": "https://www.google.com/books/edition/_/MKosAAAAYAAJ?hl=en&newbks=1&gbpv=1&dq=brooklyn+union&pg=PA14&printsec=frontcover", "page_size(byte)": 279346, "download_time": "2021-09-16 23:19:41"}
{"url": "https://law.justia.com/subscribe/?utm_medium=banner&utm_source=law&utm_campaign=summary-newsletters-banner&utm_content=generic", "page_size(byte)": 87749, "download_time": "2021-09-16 23:19:42"}
{"url": "https://www.justia.com/individuals/", "page_size(byte)": 47421, "download_time": "2021-09-16 23:19:42"}
{"url": "https://books.google.com/books?id=MKosAAAAYAAJ&printsec=frontcover", "page_size(byte)": 254577, "download_time": "2021-09-16 23:19:42"}
{"url": "https://www.justia.com/law-students/", "page_size(byte)": 51226, "download_time": "2021-09-16 23:19:42"}
{"url": "https://law.justia.com/us-states/", "page_size(byte)": 61206, "download_time": "2021-09-16 23:19:43"}
{"url": "https://www.justia.com/marketing/", "page_size(byte)": 85326, "download_time": "2021-09-16 23:19:43"}
{"url": "https://moovitapp.com/nycnj-121/poi/Radio%20City%20Music%20Hall/Port%20Authority%20Bus%20Terminal/en?tll=40.759818_-73.979274&fll=40.756863_-73.991472&ref=8&customerId=4908", "page_size(byte)": 17126, "download_time": "2021-09-16 23:19:43"}
{"url": "https://moovitapp.com/nycnj-121/poi/Soho%20Grand%20Hotel/Port%20Authority%20Bus%20Terminal/en?tll=40.722004_-74.004356&fll=40.756863_-73.991472&ref=8&customerId=4908", "page_size(byte)": 17074, "download_time": "2021-09-16 23:19:43"}
{"url": "https://moovitapp.com/nycnj-121/poi/Liberty%20Park/Liberty%20State%20Park%20Interpretive%20Center/en?tll=40.703337_-73.783773&fll=40.698325_-74.054292&ref=8&customerId=4908", "page_size(byte)": 17133, "download_time": "2021-09-16 23:19:43"}
{"url": "https://moovitapp.com/nycnj-121/poi/Kearny%2C%20Nj/Journal%20Square%20Transportation%20Center/en?tll=40.771107_-74.144852&fll=40.731898_-74.062986&ref=8&customerId=4908", "page_size(byte)": 17095, "download_time": "2021-09-16 23:19:43"}
{"url": "https://moovitapp.com/nycnj-121/poi/Summit%20Diner/Hilton%20New%20York%20JFK%20Airport/en?tll=40.717102_-74.356379&fll=40.667567_-73.795717&ref=8&customerId=4908", "page_size(byte)": 17034, "download_time": "2021-09-16 23:19:44"}
{"url": "https://www.apple.com/us/search", "page_size(byte)": 147847, "download_time": "2021-09-16 23:19:44"}
{"url": "https://www.apple.com/retail/", "page_size(byte)": 146268, "download_time": "2021-09-16 23:19:44"}
{"url": "https://employers.indeed.com/post-job?hl=en_US&co=US&isid=mobilehome&ikw=bigctatop", "page_size(byte)": 32129, "download_time": "2021-09-16 23:19:45"}
{"url": "https://apps.apple.com/us/app/atm-milano-official-app/id415637297", "page_size(byte)": 269408, "download_time": "2021-09-16 23:19:45"}
{"url": "https://apps.apple.com/us/app/clickbus-bus-ticket-offers/id889723827", "page_size(byte)": 289504, "download_time": "2021-09-16 23:19:45"}
{"url": "https://apps.apple.com/us/app/enjoy-vehicle-sharing/id780315684", "page_size(byte)": 280334, "download_time": "2021-09-16 23:19:46"}
{"url": "https://www.apple.com/legal/", "page_size(byte)": 57913, "download_time": "2021-09-16 23:19:48"}
{"url": "https://www.apple.com/legal/internet-services/terms/site.html", "page_size(byte)": 59669, "download_time": "2021-09-16 23:19:48"}
{"url": "https://moovitapp.com/nycnj-121/poi/Winter%20Garden%20Theatre/34%20St-Penn%20Station/en?tll=40.761715_-73.983524&fll=40.752241_-73.993407&ref=8&customerId=4908", "page_size(byte)": 17041, "download_time": "2021-09-16 23:19:48"}
{"url": "https://www.apple.com/choose-country-region/", "page_size(byte)": 83295, "download_time": "2021-09-16 23:19:48"}
{"url": "https://resumes.indeed.com/", "page_size(byte)": 66690, "download_time": "2021-09-16 23:19:49"}
{"url": "https://secure.indeed.com/account/login?hl=en_US&co=US&continue=https%3A%2F%2Fwww.indeed.com%2Fcompanies&tmpl=desktop&from=gnav-util-compare-cmp", "page_size(byte)": 31967, "download_time": "2021-09-16 23:19:49"}
{"url": "https://www.instagram.com/untappedny/", "page_size(byte)": 69293, "download_time": "2021-09-16 23:19:49"}
{"url": "https://www.afge.org", "page_size(byte)": 90536, "download_time": "2021-09-16 23:19:50"}
{"url": "https://www.youtube.com/user/IndeedJobs", "page_size(byte)": 812743, "download_time": "2021-09-16 23:19:50"}
{"url": "https://untappedcities.com/2021/09/16/gotham-center-nyc-history/", "page_size(byte)": 128033, "download_time": "2021-09-16 23:19:50"}
{"url": "https://untappedcities.com/2021/09/16/broadway-historical-theaters-times-square/", "page_size(byte)": 136292, "download_time": "2021-09-16 23:19:50"}
{"url": "https://untappedcities.com/2021/09/15/catacombs-green-wood-cemetery-tour/", "page_size(byte)": 137195, "download_time": "2021-09-16 23:19:50"}
{"url": "https://untappedcities.com/category/guides/", "page_size(byte)": 187947, "download_time": "2021-09-16 23:19:50"}
{"url": "https://play.google.com/store/apps/details?id=com.indeed.android.jobsearch&hl=en", "page_size(byte)": 973646, "download_time": "2021-09-16 23:19:50"}
{"url": "https://untappedcities.com", "page_size(byte)": 315760, "download_time": "2021-09-16 23:19:52"}
{"url": "https://twitter.com/intent/tweet?text=First+Look+at+SUMMIT+Observation+Deck+Atop+One+Vanderbilt&url=https%3A%2F%2Funtappedcities.com%2F2021%2F09%2F14%2Fsummit-observation-deck-one-vanderbilt%2F&via=untappedmich", "page_size(byte)": 78540, "download_time": "2021-09-16 23:19:53"}
{"url": "https://untappedcities.com/2021/09/13/gilded-age-fight-for-queen/", "page_size(byte)": 142809, "download_time": "2021-09-16 23:19:53"}
{"url": "https://untappedcities.com/2021/09/15/brooklyn-bridge-bike-lane-opens/", "page_size(byte)": 136597, "download_time": "2021-09-16 23:19:53"}
{"url": "https://twitter.com/intent/tweet?text=Gilded+Age+Fight+for+Queen+Between+Mrs.+Astor+and+Alva+Vanderbilt&url=https%3A%2F%2Funtappedcities.com%2F2021%2F09%2F13%2Fgilded-age-fight-for-queen%2F&via=untappedny", "page_size(byte)": 78540, "download_time": "2021-09-16 23:19:55"}
{"url": "https://untappedcities.com/2021/09/10/secrets-one-world-trade-center/", "page_size(byte)": 131307, "download_time": "2021-09-16 23:19:55"}
{"url": "https://untappedcities.com/2021/09/09/green-wood-cemetery-victorian-era/", "page_size(byte)": 149251, "download_time": "2021-09-16 23:19:57"}
{"url": "https://untappedcities.com/category/film-locations/", "page_size(byte)": 187945, "download_time": "2021-09-16 23:19:57"}
{"url": "https://untappedcities.com/2016/06/15/10-famous-mob-hangouts-in-nyc/", "page_size(byte)": 126739, "download_time": "2021-09-16 23:19:57"}
{"url": "https://untappedcities.com/category/culture/", "page_size(byte)": 186346, "download_time": "2021-09-16 23:19:57"}
{"url": "https://untappedcities.com/2019/07/10/the-top-12-oldest-restaurants-in-nyc/", "page_size(byte)": 130411, "download_time": "2021-09-16 23:19:57"}
{"url": "https://untappedcities.com/2021/07/08/gossip-girl-filming-locations/", "page_size(byte)": 131680, "download_time": "2021-09-16 23:19:57"}
{"url": "https://untappedcities.com/2021/09/13/dumpling-tour-upper-west-side/", "page_size(byte)": 134967, "download_time": "2021-09-16 23:19:59"}
{"url": "https://untappedcities.com/category/miami-2/", "page_size(byte)": 165403, "download_time": "2021-09-16 23:19:59"}
{"url": "https://untappedcities.com/2021/06/28/nyc-worst-landlords/", "page_size(byte)": 119907, "download_time": "2021-09-16 23:19:59"}
{"url": "https://untappedcities.com/2021/03/30/lewisohn-stadium-city-college-ny/", "page_size(byte)": 146127, "download_time": "2021-09-16 23:19:59"}
{"url": "https://untappedcities.com/page/969/", "page_size(byte)": 110021, "download_time": "2021-09-16 23:20:01"}
{"url": "https://untappedcities.com/", "page_size(byte)": 315761, "download_time": "2021-09-16 23:20:01"}
{"url": "https://untappedcities.com/2021/09/10/christian-dior-exhibition-brooklyn-museum/", "page_size(byte)": 259786, "download_time": "2021-09-16 23:20:01"}
{"url": "https://untappedcities.com/2021/03/15/1862-manhole-cover-central-park/", "page_size(byte)": 145183, "download_time": "2021-09-16 23:20:01"}
{"url": "https://untappedcities.com/2019/12/06/nyc-filming-locations-for-the-marvelous-mrs-maisel-on-amazon/", "page_size(byte)": 142917, "download_time": "2021-09-16 23:20:04"}
{"url": "https://www.rome2rio.com/s/Brooklyn/Port-Authority-Bus-Terminal", "page_size(byte)": 311541, "download_time": "2021-09-16 23:20:04"}
{"url": "https://www.rome2rio.com/s/Brooklyn/JFK-Terminal-4", "page_size(byte)": 381129, "download_time": "2021-09-16 23:20:04"}
{"url": "https://www.rome2rio.com/map/Brooklyn/Midtown-Manhattan", "page_size(byte)": 100228, "download_time": "2021-09-16 23:20:04"}
{"url": "https://www.facebook.com/media/set/?set=a.253526359090.142907.250313209090&type=3", "page_size(byte)": 6478, "download_time": "2021-09-16 23:20:04"}
{"url": "https://www.rome2rio.com/s/Brooklyn/Hawley-PA-USA", "page_size(byte)": 331921, "download_time": "2021-09-16 23:20:08"}
{"url": "https://www.rome2rio.com/s/Brooklyn/Woodhull-Medical-Center", "page_size(byte)": 358864, "download_time": "2021-09-16 23:20:08"}
{"url": "https://www.rome2rio.com/s/Brooklyn/Monmouth-Race-Track", "page_size(byte)": 325777, "download_time": "2021-09-16 23:20:08"}
{"url": "https://www.rome2rio.com/s/Brooklyn/St-Albans-Station-NY-USA", "page_size(byte)": 377743, "download_time": "2021-09-16 23:20:08"}
{"url": "https://www.rome2rio.com/s/Brooklyn/Bellefonte", "page_size(byte)": 384863, "download_time": "2021-09-16 23:20:16"}
{"url": "https://www.rome2rio.com/s/Brooklyn/Chalfont", "page_size(byte)": 419042, "download_time": "2021-09-16 23:20:16"}
{"url": "https://www.rome2rio.com/s/Brooklyn/Southold", "page_size(byte)": 365874, "download_time": "2021-09-16 23:20:16"}
{"url": "https://www.rome2rio.com/s/Brooklyn/Interlaken-NJ-USA", "page_size(byte)": 387695, "download_time": "2021-09-16 23:20:16"}
{"url": "https://www.rome2rio.com/s/Brooklyn/8-Av-43-St", "page_size(byte)": 334640, "download_time": "2021-09-16 23:20:16"}
{"url": "https://www.rome2rio.com/s/Brooklyn/Chelmsford", "page_size(byte)": 444391, "download_time": "2021-09-16 23:20:18"}
{"url": "https://www.rome2rio.com/s/Brooklyn/Bala-Cynwyd", "page_size(byte)": 442158, "download_time": "2021-09-16 23:20:18"}
{"url": "https://www.rome2rio.com/s/Riverdale/Midtown-Manhattan", "page_size(byte)": 355832, "download_time": "2021-09-16 23:20:25"}
{"url": "https://www.rome2rio.com/s/Yankee-Stadium/Midtown-Manhattan", "page_size(byte)": 372137, "download_time": "2021-09-16 23:20:27"}
{"url": "https://www.rome2rio.com/s/Brooklyn/Minneapolis-Saint-Paul", "page_size(byte)": 425515, "download_time": "2021-09-16 23:20:27"}
{"url": "https://www.rome2rio.com/s/GROVE-STREET-station/Midtown-Manhattan", "page_size(byte)": 377393, "download_time": "2021-09-16 23:20:27"}
{"url": "https://www.rome2rio.com/s/Port-Washington-NY-USA/Midtown-Manhattan", "page_size(byte)": 374632, "download_time": "2021-09-16 23:20:32"}
{"url": "https://www.rome2rio.com/s/White-Plains/Midtown-Manhattan", "page_size(byte)": 316489, "download_time": "2021-09-16 23:20:32"}
{"url": "https://www.rome2rio.com/s/Brooklyn/Hector-NY-USA", "page_size(byte)": 358757, "download_time": "2021-09-16 23:20:35"}
{"url": "https://www.rome2rio.com/s/Scarsdale/Midtown-Manhattan", "page_size(byte)": 358701, "download_time": "2021-09-16 23:20:35"}
{"url": "https://www.rome2rio.com/s/Queens-Village/Midtown-Manhattan", "page_size(byte)": 383675, "download_time": "2021-09-16 23:20:41"}
{"url": "https://www.rome2rio.com/s/Rahway/Midtown-Manhattan", "page_size(byte)": 373229, "download_time": "2021-09-16 23:20:41"}
{"url": "https://www.rome2rio.com/s/Glen-Ridge/Midtown-Manhattan", "page_size(byte)": 380490, "download_time": "2021-09-16 23:20:43"}
{"url": "https://www.rome2rio.com/s/Ridgefield-NJ-USA/Midtown-Manhattan", "page_size(byte)": 352474, "download_time": "2021-09-16 23:20:43"}
