{"url": "https://patch.com/georgia/cumming/5-things-pumpkins-visiting-patches-cumming", "page_size(byte)": 142792, "download_time": "2021-09-15 18:58:42"}
{"url": "https://mashable.com/article/cum-sweatshirts-concordia-michigan-merch", "page_size(byte)": 86365, "download_time": "2021-09-15 18:58:42"}
{"url": "https://www.thehomoculture.com/2015/03/26/6-ways-to-have-thicker-tastier-cum/", "page_size(byte)": 169566, "download_time": "2021-09-15 18:58:42"}
{"url": "https://danbooru.donmai.us/posts?tags=cum", "page_size(byte)": 105253, "download_time": "2021-09-15 18:58:43"}
{"url": "https://www.vatican.va/roman_curia/congregations/cfaith/documents/rc_con_cfaith_doc_20200222_decreto-cum-sanctissima_en.html", "page_size(byte)": 20534, "download_time": "2021-09-15 18:58:43"}
{"url": "https://www.youporn.com/porntags/cumshot/", "page_size(byte)": 397767, "download_time": "2021-09-15 18:58:43"}
{"url": "https://www.alohatube.com/top/cum", "page_size(byte)": 119376, "download_time": "2021-09-15 18:58:43"}
{"url": "https://sports.ndtv.com/cricket/ddca-appoints-retired-judge-indu-malhotra-as-new-ombudsman-cum-ethics-officer-2541431", "page_size(byte)": 509487, "download_time": "2021-09-15 18:58:43"}
{"url": "https://childrenandteendental.com/cumming/", "page_size(byte)": 226501, "download_time": "2021-09-15 18:58:44"}
{"url": "https://www.xvideos.com/tags/cum", "page_size(byte)": 61533, "download_time": "2021-09-15 18:58:44"}
{"url": "https://guystricked.com/category/cum/", "page_size(byte)": 85716, "download_time": "2021-09-15 18:58:44"}
{"url": "https://www.shabdkosh.com/dictionary/english-hindi/cum/cum-meaning-in-hindi", "page_size(byte)": 99287, "download_time": "2021-09-15 18:58:44"}
{"url": "https://www.investopedia.com/terms/c/cumrights.asp", "page_size(byte)": 112755, "download_time": "2021-09-15 18:58:44"}
{"url": "https://gelbooru.com/index.php?page=post&s=list&tags=cum", "page_size(byte)": 106294, "download_time": "2021-09-15 18:58:45"}
{"url": "https://english.stackexchange.com/questions/26488/how-does-one-use-the-latin-word-cum-in-a-sentence", "page_size(byte)": 184040, "download_time": "2021-09-15 18:58:45"}
{"url": "https://protecttheresults.com/author/MrCumsTwts", "page_size(byte)": 52087, "download_time": "2021-09-15 18:58:45"}
{"url": "https://www.faz.net/aktuell/politik/bundestagswahl/kritik-an-olaf-scholz-wegen-fiu-ermittlung-cum-ex-und-wirecard-17537150.html", "page_size(byte)": 399488, "download_time": "2021-09-15 18:58:45"}
{"url": "https://fapster.xxx/videos/151800/belle-delphine-big-cum-facial-leaked/", "page_size(byte)": 205740, "download_time": "2021-09-15 18:58:45"}
{"url": "http://cookingwithcum.com/", "page_size(byte)": 33119, "download_time": "2021-09-15 18:58:46"}
{"url": "https://www.xnxx.com/search/cum", "page_size(byte)": 85216, "download_time": "2021-09-15 18:58:46"}
{"url": "https://www.bustle.com/articles/98544-whats-the-difference-between-come-and-cum-plus-4-orgasm-alternatives", "page_size(byte)": 37988, "download_time": "2021-09-15 18:58:46"}
{"url": "https://www.xvideos5.com/video60096043/shoot_your_hot_cum_inside_my_pussy_4k", "page_size(byte)": 108103, "download_time": "2021-09-15 18:58:46"}
{"url": "https://www.toiletmix.com/scatdesire-eat-my-thick-turd-and-cum.html", "page_size(byte)": 34374, "download_time": "2021-09-15 18:58:47"}
{"url": "https://www.digi24.ro/stiri/economie/cum-vor-fi-reduse-facturile-la-energie-statul-va-compensa-18-bani-kwh-la-electricitate-si-25-din-factura-la-gaze-1669383", "page_size(byte)": 95728, "download_time": "2021-09-15 18:58:47"}
{"url": "https://www.kinkly.com/definition/7285/cumming", "page_size(byte)": 73062, "download_time": "2021-09-15 18:58:47"}
{"url": "https://cumlaudesociety.org/", "page_size(byte)": 11296, "download_time": "2021-09-15 18:58:47"}
{"url": "https://www.xvideos2.com/tags/cumshot", "page_size(byte)": 107996, "download_time": "2021-09-15 18:58:48"}
{"url": "https://knowyourmeme.com/memes/welcome-to-the-cum-zone", "page_size(byte)": 111457, "download_time": "2021-09-15 18:58:48"}
{"url": "http://www.cumperfection.com/", "page_size(byte)": 40750, "download_time": "2021-09-15 18:58:48"}
{"url": "https://www.cam4.com/tags/female/cum", "page_size(byte)": 14486, "download_time": "2021-09-15 18:58:48"}
{"url": "https://rebelsnotes.com/2019/01/cum-fetish/", "page_size(byte)": 172438, "download_time": "2021-09-15 18:58:48"}
{"url": "https://books.google.com/books?id=BSJD-wN4TGsC&pg=RA1-PA375&lpg=RA1-PA375&dq=cum&source=bl&ots=Uzh1C0mz41&sig=ACfU3U2m7s6HYdut01q35u8pNw-FhiD77A&hl=en&sa=X&ved=2ahUKEwiQp8CSioLzAhUDElkFHWRNCVg4eBDoAXoECAIQAw", "page_size(byte)": 358009, "download_time": "2021-09-15 18:58:48"}
{"url": "https://horse-cum.net/", "page_size(byte)": 21603, "download_time": "2021-09-15 18:58:48"}
{"url": "https://www.ippf.org/blogs/what-pre-ejaculatory-fluid-also-known-pre-cum-and-can-it-cause-pregnancy", "page_size(byte)": 64925, "download_time": "2021-09-15 18:58:49"}
{"url": "https://www.xxxvideos247.com/straight/top/cum.html", "page_size(byte)": 218008, "download_time": "2021-09-15 18:58:49"}
{"url": "https://www.cuteboytube.com/search/load-cum", "page_size(byte)": 199921, "download_time": "2021-09-15 18:58:49"}
{"url": "https://bad-dragon.com/products/cumlube", "page_size(byte)": 4551, "download_time": "2021-09-15 18:58:49"}
{"url": "https://www.dictionary.com/browse/cum", "page_size(byte)": 129977, "download_time": "2021-09-15 18:58:49"}
{"url": "https://www.dw.com/en/germany-top-court-issues-first-ruling-in-cum-ex-case/a-58669226", "page_size(byte)": 60819, "download_time": "2021-09-15 18:58:49"}
{"url": "https://www.wordnik.com/words/cum", "page_size(byte)": 86278, "download_time": "2021-09-15 18:58:50"}
{"url": "https://www.amazon.com/Yummy-Cum-Enhancer-Natural-Supplement/dp/B007VMYL78", "page_size(byte)": 1314283, "download_time": "2021-09-15 18:58:50"}
{"url": "https://www.xvideos3.com/tags/cum", "page_size(byte)": 107996, "download_time": "2021-09-15 18:58:50"}
