{"url": "https://asktog.com/atc/apple-iwatch/", "page_size(byte)": 90326, "download_time": "2021-09-15 17:29:50"}
{"url": "https://deadline.com/2021/09/alex-amazon-smart-tvs-fire-stick-1234829436/", "page_size(byte)": 305579, "download_time": "2021-09-15 17:29:51"}
{"url": "https://books.google.com/books?id=T3FNAAAAYAAJ&pg=PA258&lpg=PA258&dq=iwatch&source=bl&ots=DuJHTce3ag&sig=ACfU3U3QB0QmUoS-0AIj_jYc_GRxSwSIGQ&hl=en&sa=X&ved=2ahUKEwjlkr-t9oHzAhUQZd8KHRkyDBA4jAEQ6AF6BAgOEAM", "page_size(byte)": 271471, "download_time": "2021-09-15 17:29:51"}
{"url": "https://www.macworld.co.uk/iwatch/", "page_size(byte)": 628713, "download_time": "2021-09-15 17:29:52"}
{"url": "https://www.machines.com.my/collections/apple-watch", "page_size(byte)": 588871, "download_time": "2021-09-15 17:29:52"}
{"url": "https://www.cnet.com/tech/mobile/apple-watch-features-that-changed-my-mind-about-wearing-smartwatches/", "page_size(byte)": 223223, "download_time": "2021-09-15 17:29:52"}
{"url": "https://www.computerbild.de/artikel/cb-News-Wearables-Apple-Watch-7-Release-Preis-29296137.html", "page_size(byte)": 1094548, "download_time": "2021-09-15 17:29:53"}
{"url": "https://www.instagram.com/iwatchcandy/?hl=en", "page_size(byte)": 139536, "download_time": "2021-09-15 17:29:53"}
{"url": "https://www.pinterest.com/ukecompany/apple-iwatch-me/", "page_size(byte)": 543862, "download_time": "2021-09-15 17:29:53"}
{"url": "https://www.forbes.com/sites/anthonykosner/2013/02/19/will-apples-iwatch-usher-in-a-new-time-based-user-interface/", "page_size(byte)": 459537, "download_time": "2021-09-15 17:29:54"}
{"url": "https://www.baltimorecountymd.gov/departments/police/media/iWatch/", "page_size(byte)": 44915, "download_time": "2021-09-15 17:29:55"}
{"url": "https://www.independent.co.uk/life-style/gadgets-and-tech/news/apple-watch-or-iwatch-why-apple-still-hasn-t-solved-its-i-problem-10082483.html", "page_size(byte)": 267767, "download_time": "2021-09-15 17:29:55"}
{"url": "https://www.wired.com/2010/05/iwatch-a-tiny-wrist-mounted-iphone/", "page_size(byte)": 449484, "download_time": "2021-09-15 17:29:55"}
{"url": "https://mashable.com/category/apple-watch", "page_size(byte)": 88976, "download_time": "2021-09-15 17:29:56"}
{"url": "https://www.peacocktv.com/sports/wwe", "page_size(byte)": 713230, "download_time": "2021-09-15 17:29:57"}
{"url": "https://www.aliexpress.com/w/wholesale-iwatch.html", "page_size(byte)": 250717, "download_time": "2021-09-15 17:29:57"}
{"url": "https://gizmodo.com/dont-buy-an-apple-watch-series-3-1844914366", "page_size(byte)": 217434, "download_time": "2021-09-15 17:29:57"}
{"url": "https://www.webopedia.com/definitions/apple-iwatch/", "page_size(byte)": 277052, "download_time": "2021-09-15 17:29:58"}
{"url": "https://www.apple.com/shop/buy-watch/apple-watch", "page_size(byte)": 572764, "download_time": "2021-09-15 17:29:58"}
{"url": "https://www.youtube.com/watch?v=s3FNVdB2yeA", "page_size(byte)": 693790, "download_time": "2021-09-15 17:29:59"}
{"url": "https://www.stellarinfo.com/blog/news-release-and-reviews-of-iwatch/", "page_size(byte)": 365546, "download_time": "2021-09-15 17:29:59"}
{"url": "https://play.google.com/store/apps/details?id=com.zeteky.dallascw3&hl=en_US&gl=US", "page_size(byte)": 954713, "download_time": "2021-09-15 17:29:59"}
{"url": "https://www.cnbc.com/2015/04/09/why-the-apple-watch-isnt-called-the-iwatch.html", "page_size(byte)": 655517, "download_time": "2021-09-15 17:30:00"}
{"url": "https://uk.sports.yahoo.com/news/liverpool-vs-ac-milan-live-125807282.html", "page_size(byte)": 625135, "download_time": "2021-09-15 17:30:01"}
{"url": "https://www.nationalworld.com/culture/television/where-can-i-watch-the-wire-in-the-uk-how-to-see-show-that-starred-the-late-michael-k-williams-as-omar-little-3373746", "page_size(byte)": 218984, "download_time": "2021-09-15 17:30:01"}
{"url": "https://www.bfm.ru/news/481383", "page_size(byte)": 116807, "download_time": "2021-09-15 17:30:01"}
{"url": "https://smithhousedesign.com/tag/iwatch/", "page_size(byte)": 37192, "download_time": "2021-09-15 17:30:02"}
{"url": "https://www.benzinga.com/top-stories/15/02/5202486/apple-watch-vs-iwatch-does-the-name-matter", "page_size(byte)": 82334, "download_time": "2021-09-15 17:30:02"}
{"url": "https://slate.com/technology/2014/02/apple-iwatch-its-already-out.html", "page_size(byte)": 592198, "download_time": "2021-09-15 17:30:03"}
{"url": "https://gadgets.ndtv.com/tags/iwatch", "page_size(byte)": 163742, "download_time": "2021-09-15 17:30:03"}
{"url": "https://mpdc.dc.gov/page/iwatch-reporting-suspicious-activity", "page_size(byte)": 80459, "download_time": "2021-09-15 17:30:04"}
{"url": "https://www.appleiwatchcandy.com/", "page_size(byte)": 241320, "download_time": "2021-09-15 17:30:04"}
{"url": "https://www.reddit.com/r/AppleWatch/", "page_size(byte)": 1052811, "download_time": "2021-09-15 17:30:04"}
{"url": "https://www.quora.com/Why-did-Apple-decide-to-call-their-watch-the-Apple-Watch-instead-of-the-iWatch-What-does-it-mean-that-Apple-dropped-the-%E2%80%9Ci%E2%80%9D-from-its-product", "page_size(byte)": 176511, "download_time": "2021-09-15 17:30:04"}
{"url": "https://www.bizjournals.com/sanjose/news/2015/07/15/apple-sued-for-iwatch-search-queries-revealing.html", "page_size(byte)": 245, "download_time": "2021-09-15 17:30:04"}
{"url": "https://time.com/2838847/apple-iwatch-mockup/", "page_size(byte)": 121539, "download_time": "2021-09-15 17:30:04"}
{"url": "https://bookshop.org/books/apple-watch-series-5-the-1-iwatch-user-manual-for-all-dummies-seniors-9781637501405/9781637501405", "page_size(byte)": 54621, "download_time": "2021-09-15 17:30:05"}
{"url": "https://www.gottabemobile.com/things-apple-watch-can-do/", "page_size(byte)": 134959, "download_time": "2021-09-15 17:30:05"}
{"url": "https://www.ebay.com/b/Apple-Iwatch/178893/bn_7023289047", "page_size(byte)": 350637, "download_time": "2021-09-15 17:30:06"}
{"url": "https://www.wareable.com/apple/apple-watch-tips-and-tricks-iwatch-7383", "page_size(byte)": 260523, "download_time": "2021-09-15 17:30:06"}
{"url": "https://help.paramountplus.com/s/article/PD-What-can-I-watch-on-Paramount", "page_size(byte)": 176689, "download_time": "2021-09-15 17:30:06"}
{"url": "https://m.shein.com/Plain-Silicone-Watchband-For-iWatch-p-4058446-cat-2781.html", "page_size(byte)": 493333, "download_time": "2021-09-15 17:30:07"}
{"url": "https://www.parisiangentleman.com/blog/iwearables-the-invasion-of-the-iwatch", "page_size(byte)": 112030, "download_time": "2021-09-15 17:30:07"}
{"url": "https://github.com/iij/iwatch", "page_size(byte)": 187196, "download_time": "2021-09-15 17:30:08"}
{"url": "https://www.roku.com/blog/how-to-watch-local-channels-news-and-weather-on-your-roku-player-and-roku-tv", "page_size(byte)": 67441, "download_time": "2021-09-15 17:30:08"}
{"url": "https://drphonez.com/collections/iwatch", "page_size(byte)": 50815, "download_time": "2021-09-15 17:30:08"}
{"url": "https://www.target.com/s/iwatch+screen+protector", "page_size(byte)": 209876, "download_time": "2021-09-15 17:30:09"}
{"url": "https://i-watch.me/", "page_size(byte)": 134874, "download_time": "2021-09-15 17:30:09"}
{"url": "https://www.facebook.com/iwatchfan/", "page_size(byte)": 69980, "download_time": "2021-09-15 17:30:11"}
{"url": "https://www.usatoday.com/story/tech/reviewed/2021/04/28/apple-watch-series-6-get-smartwatch-its-lowest-price-ever/4870164001/", "page_size(byte)": 224359, "download_time": "2021-09-15 17:30:11"}
{"url": "https://www.telemundo52.com/fotosyvideos/apple-lanza-nuevos-iphone-ipad-y-iwatch/2217517/", "page_size(byte)": 1027319, "download_time": "2021-09-15 17:30:12"}
{"url": "https://www.express.co.uk/showbiz/tv-radio/1490922/where-can-I-watch-outlander-season-6", "page_size(byte)": 151990, "download_time": "2021-09-15 17:30:12"}
{"url": "https://www.amazon.com/iwatch/s?k=iwatch", "page_size(byte)": 711019, "download_time": "2021-09-15 17:30:13"}
{"url": "https://www.t3.com/reviews/apple-watch-series-5-review", "page_size(byte)": 438493, "download_time": "2021-09-15 17:30:14"}
