{"url": "https://www.youvisit.com/tour/ucla", "page_size(byte)": 10119, "download_time": "2021-09-15 18:47:24"}
{"url": "https://www.facebook.com/UCLA/", "page_size(byte)": 48871, "download_time": "2021-09-15 18:47:24"}
{"url": "https://www.usatoday.com/story/sports/columnist/dan-wolken/2021/03/28/march-madness-ucla-resilience-bruins-elite-eight-ncaa-tournament/7042539002/", "page_size(byte)": 183358, "download_time": "2021-09-15 18:47:24"}
{"url": "https://www.universityofcalifornia.edu/", "page_size(byte)": 85276, "download_time": "2021-09-15 18:47:24"}
{"url": "http://www.uclaconferencecenter.com/", "page_size(byte)": 8296, "download_time": "2021-09-15 18:47:25"}
{"url": "https://www.on3.com/college/usc-trojans/news/rich-nueheisel-suggests-urban-meyer-for-head-coach-usc-trojans/", "page_size(byte)": 247130, "download_time": "2021-09-15 18:47:25"}
{"url": "https://www.uclalawreview.org/", "page_size(byte)": 61197, "download_time": "2021-09-15 18:47:25"}
{"url": "https://www.uclahillel.org/", "page_size(byte)": 27086, "download_time": "2021-09-15 18:47:25"}
{"url": "https://www.niche.com/colleges/university-of-california---los-angeles/", "page_size(byte)": 224117, "download_time": "2021-09-15 18:47:25"}
{"url": "https://www.istockphoto.com/br/foto/campus-da-ucla-em-los-angeles-calif%C3%B3rnia-vista-a%C3%A9rea-gm166041568-20940407", "page_size(byte)": 185547, "download_time": "2021-09-15 18:47:25"}
{"url": "https://apps.apple.com/us/app/ucla-mindful/id1459128935", "page_size(byte)": 275479, "download_time": "2021-09-15 18:47:26"}
{"url": "https://ucla.oasisscheduling.com/?ldap_user=1", "page_size(byte)": 13181, "download_time": "2021-09-15 18:47:26"}
{"url": "https://caianomundo.ci.com.br/e-aqui-na-ucla-muita-agitacao/", "page_size(byte)": 147832, "download_time": "2021-09-15 18:47:26"}
{"url": "https://www.pinterest.com/ucla/", "page_size(byte)": 146516, "download_time": "2021-09-15 18:47:27"}
{"url": "https://www.uclafoundation.org/", "page_size(byte)": 22738, "download_time": "2021-09-15 18:47:27"}
{"url": "https://d1baseball.com/team/ucla/", "page_size(byte)": 113581, "download_time": "2021-09-15 18:47:27"}
{"url": "https://ucla.zoom.us/", "page_size(byte)": 4756, "download_time": "2021-09-15 18:47:27"}
{"url": "https://www.bruinsnation.com/", "page_size(byte)": 334539, "download_time": "2021-09-15 18:47:28"}
{"url": "https://uclabruins.com/", "page_size(byte)": 744798, "download_time": "2021-09-15 18:47:28"}
{"url": "https://www.theadvertiser.com/story/sports/college/lsu/2021/09/07/kirk-herbstreit-espn-attacks-lsu-football-effort-defense-vs-ucla/5758470001/", "page_size(byte)": 163775, "download_time": "2021-09-15 18:47:29"}
{"url": "http://collegesearch.collegeboard.com/search/CollegeDetail.jsp?collegeId=992&profileId=1", "page_size(byte)": 28305, "download_time": "2021-09-15 18:47:29"}
{"url": "https://www.uclahealthcareers.org/", "page_size(byte)": 1326740, "download_time": "2021-09-15 18:47:29"}
{"url": "https://www.mercurynews.com/2021/09/06/pac-12-power-ratings-ucla-on-top-of-the-overreaction-edition-following-week-one-games", "page_size(byte)": 207015, "download_time": "2021-09-15 18:47:29"}
{"url": "https://mgoblue.com/news/2021/3/30/mens-basketball-recap-vs-ucla.aspx", "page_size(byte)": 1083944, "download_time": "2021-09-15 18:47:29"}
{"url": "https://en.wikipedia.org/wiki/University_of_California,_Los_Angeles", "page_size(byte)": 713367, "download_time": "2021-09-15 18:47:29"}
{"url": "https://losangeles.cbslocal.com/2021/09/13/ucla-selected-the-no-1-public-school-in-the-nation-by-us-news/", "page_size(byte)": 103802, "download_time": "2021-09-15 18:47:29"}
{"url": "https://www.harbor-ucla.org/", "page_size(byte)": 168104, "download_time": "2021-09-15 18:47:30"}
{"url": "https://www.nytimes.com/2015/03/06/us/debate-on-a-jewish-student-at-ucla.html", "page_size(byte)": 319140, "download_time": "2021-09-15 18:47:30"}
{"url": "https://www.espn.com/college-football/team/_/id/26/ucla-bruins", "page_size(byte)": 317744, "download_time": "2021-09-15 18:47:30"}
{"url": "https://collegefootballnews.com/2021/09/ucla-vs-fresno-state-prediction-game-preview", "page_size(byte)": 133108, "download_time": "2021-09-15 18:47:30"}
{"url": "https://sports.yahoo.com/nan-wooden-daughter-ucla-coach-004432077.html", "page_size(byte)": 805619, "download_time": "2021-09-15 18:47:30"}
{"url": "https://www.fanduel.com/theduel/posts/fresno-state-vs-ucla-prediction-spread-odds-date-start-time-college-football-week-3-game-01ffjx1adf2f", "page_size(byte)": 289038, "download_time": "2021-09-15 18:47:30"}
{"url": "https://ucla.rivals.com/", "page_size(byte)": 50683, "download_time": "2021-09-15 18:47:31"}
{"url": "https://www.si.com/college/ucla/football/video-jones-philips-sept-15", "page_size(byte)": 429285, "download_time": "2021-09-15 18:47:31"}
{"url": "https://www.reddit.com/r/ucla/", "page_size(byte)": 991167, "download_time": "2021-09-15 18:47:32"}
{"url": "http://www.uclastore.com/", "page_size(byte)": 46172, "download_time": "2021-09-15 18:47:32"}
{"url": "https://www.foxnews.com/category/sports/ncaa/ucla-bruins", "page_size(byte)": 76965, "download_time": "2021-09-15 18:47:32"}
{"url": "https://ucla.academicworks.com/", "page_size(byte)": 331652, "download_time": "2021-09-15 18:47:32"}
{"url": "https://abc7.com/ucla-graduation-coronavirus-ceremonies-is-going-to-have-covid-pandemic/10515127/", "page_size(byte)": 234211, "download_time": "2021-09-15 18:47:32"}
{"url": "https://www.dailynews.com/2021/09/07/ucla-football-ranked-no-16-in-ap-poll-after-2-0-start", "page_size(byte)": 192260, "download_time": "2021-09-15 18:47:32"}
{"url": "https://www.blockchainatucla.com/", "page_size(byte)": 35042, "download_time": "2021-09-15 18:47:33"}
{"url": "https://mwwire.com/2021/09/14/fresno-state-vs-ucla-game-preview-how-to-watch-odds-prediction/", "page_size(byte)": 124423, "download_time": "2021-09-15 18:47:33"}
{"url": "https://www.yourcentralvalley.com/sports/coach-hill-to-haener-ucla-is-not-another-game/", "page_size(byte)": 283319, "download_time": "2021-09-15 18:47:33"}
{"url": "https://m.facebook.com/login.php?next=https%3A%2F%2Fm.facebook.com%2FUCLA%2F%3F_rdr&ref=104&rs=6&lrs=3&rid=11360325957&lrid=11360325957&refsrc=deprecated&refid=17", "page_size(byte)": 10558, "download_time": "2021-09-15 18:47:34"}
{"url": "https://lm.facebook.com/l.php?u=https%3A%2F%2Fwww.cbsnews.com%2Fvideo%2Flatino-voters-california-recall-election-governor-gavin-newsom%2F%23x&h=AT1Y1n-tmcTntb6lQygitNI1tJ6trqoXPiJmkgKDU0fBzYYU_cNe124X-ki47ln-ffFswH_NIiEpvfs4ifDCJvtEGMDoB4MSclnslo0wbS_k--Qq1_NpPfjASfRgjJG9CQ_HtdP-OWu2ufW4G-BltLKraE3lN8fPpey27o4o5-5SWw6BHaWl0YzX7Lr2mRbrLwHJ8taYLJVkkHQZq5zRXFVd_00F8CJTwsHpE6sH2tPTtOa36YFfS2wJ3kcjb2TzlBKwziU7EEPJeGKq4p1BXj00P0LNh7JCf6lJgfRuN9kL9cYt8VXuwNsENCm6MApNHnacyUFL9cjZ6k21oknD1BOF_1_OJ967w-vsMrx5uY49zel2Gd2fUHNnEROVXRB_mbPwKcigf4G_kdRYRWDjZJBg76TweUdY808Hcu8U7QDjbM4womfM3NrGyGuE_V4jxo9Tc4BW0h92oiMU6zR5xpWmjvaqWY-rbKmDoV3mhUpymnHMgDpshsGC-XMj35lQtHqo-vHcMvF96hp4fh9AVspNjqIPPYtKU6g2tnVIOk-ubzcA6ky1gsJIgkzbI8DqlThBfZycpagQMAOSAFJdu44TsbfCE5jjo6Q9muyAvxtt6ugJ7VgWhEm5N2ixiY9khRmPp21UPtCryaps7pSsCSdJ513atFEQKFtN1OOZUY9k9hkfY_cV3MPydz2f9TFp09uEkofIv4k82-oTp3W59ZsaztRd3nYujqfDcQtsij3JaHg-o2uzw0eA5aX0vRm6WrPSWR8LocCwsiwKbwLEiW2Y7H8q7nAQ2jmfDKCkt_rbkS-PuVVZO4mg1DK2nRyIE7pQxRHMXAgkOfVk1Qxs-ihBM-b6q3E0AefNz4SCDRb8oaQkMQgVNuFZIeTjnZVdvXRem5f5g5AbOWQLL4C6BkmSFVzsxWI4qv0iCUo7mMQK8e7ueU2smRTvHQsv8QKfL2dMy2T5Q3v55FwE8UVWYeBcRDLT74rne_79WybX0jH-Ffuh-4sR8K5nh4kuIcNxkxPUtrT5Y2komB84hp_voeTyR3r2A_lKB0uNeingTgWXzvTduYI5Cs3LFwgH85ItROARa23c43gMqggv1aJ90-XkuRnQ-bO-SPeE8LexOPL10ufbfxlartASk4S7uKpBDz4QiSQ0NZ4svtAFp4a8Kyd7qNk1kxyALfNzDNltOc63Hb9GU0YJqJXe82NQiCJ3", "page_size(byte)": 283, "download_time": "2021-09-15 18:47:34"}
{"url": "https://lm.facebook.com/l.php?u=https%3A%2F%2Fnewsroom.ucla.edu%2Fstories%2Fin-memoriam-nan-wooden-87%3Futm_campaign%3Dtrueanthem%26utm_medium%3Dtrueanthem%26utm_source%3Dfacebook&h=AT2IeHkwFA7mvu62diEFA9ZvptwxQmJc2Ahj2xU4YcTRBTf3PhkEa0hEVaF-FpQgPwuVi2-B96XNXP-ufmCNzt1HILA4l_Be9RYuq6c4wk5zb9dJJ00-GBop7STe39dPkAIrMssViIbjv4GjTtjL8j8AcVgMFqIJWBCkaljr8bDXY1VNsyO4yKiWSqdXPheGnv0OTC1-HFeQ51aV--kOnj7aeoVbfOmu0SyIzGhSfu8ZGw-mbwqmCa54piGEELOn4s3NHICIcvY6DFdquyvOR8yx1LG45oUp3o2wYhGo8TM8cjWhBUOcDs7SzIHIgAiTW8ALkappiyW94FDU1GPpxw_AaMVaSQ4TNmvJ9agl-_FlidDxF9LCQohFzmVgKCuX2o7eAGACW9bwZZ5KjtM7VcDqu90DDvKANjgw1hHFw1pNk54hJrn4VYFjy5ENcUbYoc3mDq6zkM0gKxT68E5mR93DsBa_UrHYPTvLI7G0AZsxb5vIklr1gdPFbSmddZP8i2FB8u8-BsE7PyaY72t1iNRUu4o89yJyWfLl2wr57gAEIhnMzlF__U1xoNSEcqvVHD0IbsbgvPAwII3m47y2wSkfrhikcvPN-TvB7ddb90et1asevJj843CNNS5W4mEp1sv7XaRlMoR2qcGieIkcxnpy3MaHrq4AQc8dhl-WqVAGLIlHtyWUeY_uHIW7Vz28XH04tdZxR63wpQ5tIHZ9tMwz4V6j2vEmkrFjHN_ZptbeHjbg3RSsZc6MvwfCYj26uC47VJlFBkVwALHf_Jlx2FayAbz11r1WUtnJgrWiSNXotyq41ygIiXOPZ1hOjNA-0mBXml19nk8SqWUOuNlJ-Akv5vA8VEvbR5UhQM64VyLiwcYiFdqE-SW2yBYwKQY5i4R69ZCYJHExN1O7b63nK8d6uOk_c6jJH1_Tmb9R2XxbvRckRD-hMf_wxUBL-EXDb0wZNoVaIxGobXoU-RnTfVNA7hTWYDtUF9wnjL_evH3lLKlOAs65owERh_xJej-mtHUrN5dycHK6RILlg_wFRSgZSNAQRbVMpI5M5Dtv-1pHlN3Ofv7HX2NcD5XYfx7hqYdAd6aEaT6CGW4TT7ie0CDcNm2oz_KTBKPmgboM2KO-ppNQs29D0nHLUJrooLcIxrY-T0tSzG2vaQpMDS-D_1KLAEcXmG4QhHo2gjuoemxA4cd6LvKscS8tGNjE0w4", "page_size(byte)": 312, "download_time": "2021-09-15 18:47:34"}
{"url": "https://uclaradio.com/", "page_size(byte)": 145631, "download_time": "2021-09-15 18:47:34"}
{"url": "https://www.cnn.com/2016/06/01/us/ucla-shooting-report/index.html", "page_size(byte)": 3416969, "download_time": "2021-09-15 18:47:34"}
{"url": "https://www.foxsports.com/college-football/ucla-bruins-team", "page_size(byte)": 291794, "download_time": "2021-09-15 18:47:34"}
{"url": "https://www.cbssports.com/college-football/teams/UCLA/ucla-bruins/", "page_size(byte)": 880608, "download_time": "2021-09-15 18:47:34"}
{"url": "https://apnews.com/hub/ucla-bruins-football", "page_size(byte)": 195569, "download_time": "2021-09-15 18:47:34"}
