{"url": "https://en.wikipedia.org/wiki/Brooklyn_(film)", "page_size(byte)": 146776, "download_time": "2021-09-15 18:13:05"}
{"url": "https://www.brooklyntabernacle.org/", "page_size(byte)": 159394, "download_time": "2021-09-15 18:13:06"}
{"url": "https://www.brooklynstandarddeli.com/", "page_size(byte)": 547666, "download_time": "2021-09-15 18:13:06"}
{"url": "https://www.ridebrooklynny.com/", "page_size(byte)": 70351, "download_time": "2021-09-15 18:13:06"}
{"url": "https://www.ihg.com/evenhotels/hotels/us/en/brooklyn/bxyev/hoteldetail", "page_size(byte)": 652204, "download_time": "2021-09-15 18:13:06"}
{"url": "https://www.nbcnewyork.com/tag/brooklyn/", "page_size(byte)": 146195, "download_time": "2021-09-15 18:13:06"}
{"url": "https://www.earthcam.com/usa/newyork/brooklynbridge/", "page_size(byte)": 85204, "download_time": "2021-09-15 18:13:06"}
{"url": "https://www.nyc.gov/html/dot/html/infrastructure/brooklyn-bridge.shtml", "page_size(byte)": 25865, "download_time": "2021-09-15 18:13:06"}
{"url": "https://www.brooklynpaper.com/", "page_size(byte)": 17848, "download_time": "2021-09-15 18:13:06"}
{"url": "https://www.brooklyncured.com/", "page_size(byte)": 440979, "download_time": "2021-09-15 18:13:07"}
{"url": "http://www.brooklynwhiskersbakery.com/", "page_size(byte)": 324182, "download_time": "2021-09-15 18:13:08"}
{"url": "https://www.realtor.com/realestateandhomes-search/Brooklyn_NY", "page_size(byte)": 920640, "download_time": "2021-09-15 18:13:08"}
{"url": "https://brooklynflea.com/", "page_size(byte)": 57650, "download_time": "2021-09-15 18:13:08"}
{"url": "https://www.downtownbrooklyn.com/", "page_size(byte)": 71691, "download_time": "2021-09-15 18:13:08"}
{"url": "https://thebkcircus.com/", "page_size(byte)": 17374, "download_time": "2021-09-15 18:13:08"}
{"url": "https://brooklynexpocenter.com/", "page_size(byte)": 47731, "download_time": "2021-09-15 18:13:08"}
{"url": "https://brooklynbrewery.com/", "page_size(byte)": 202061, "download_time": "2021-09-15 18:13:08"}
{"url": "https://citypointbrooklyn.com/", "page_size(byte)": 136983, "download_time": "2021-09-15 18:13:08"}
{"url": "https://brooklyn.basisindependent.com/", "page_size(byte)": 95857, "download_time": "2021-09-15 18:13:08"}
{"url": "https://www.brooklynchamber.com/", "page_size(byte)": 97720, "download_time": "2021-09-15 18:13:09"}
{"url": "https://www.ikea.com/us/en/stores/brooklyn/", "page_size(byte)": 163120, "download_time": "2021-09-15 18:13:09"}
{"url": "https://brooklynsocialbar.com/", "page_size(byte)": 73270, "download_time": "2021-09-15 18:13:09"}
{"url": "https://bax.org/", "page_size(byte)": 45124, "download_time": "2021-09-15 18:13:10"}
{"url": "https://www.npr.org/2021/08/24/1030610901/as-brooklyn-nine-nine-winds-down-its-time-to-assess-its-complicated-legacy", "page_size(byte)": 70539, "download_time": "2021-09-15 18:13:10"}
{"url": "https://www.searchlightpictures.com/brooklyn/", "page_size(byte)": 64198, "download_time": "2021-09-15 18:13:10"}
{"url": "https://www.pratt.edu/", "page_size(byte)": 48467, "download_time": "2021-09-15 18:13:10"}
{"url": "https://www.brooklyncraftcompany.com/", "page_size(byte)": 194394, "download_time": "2021-09-15 18:13:10"}
{"url": "https://news.yahoo.com/woman-kicked-down-brooklyn-subway-032300293.html", "page_size(byte)": 708739, "download_time": "2021-09-15 18:13:10"}
{"url": "https://www.brooklynkura.com/", "page_size(byte)": 123876, "download_time": "2021-09-15 18:13:10"}
{"url": "https://www.freeholdbrooklyn.com/", "page_size(byte)": 231669, "download_time": "2021-09-15 18:13:11"}
{"url": "https://www.nyp.org/brooklyn", "page_size(byte)": 207282, "download_time": "2021-09-15 18:13:11"}
{"url": "https://www.laineygossip.com/lourdes-leon-brooklyn-beckham-and-ella-emhoff-attended-the-met-gala-2021-without-their-famous-parents/69358", "page_size(byte)": 213605, "download_time": "2021-09-15 18:13:11"}
{"url": "https://www.sundayinbrooklyn.com/", "page_size(byte)": 33289, "download_time": "2021-09-15 18:13:11"}
{"url": "https://www.wythehotel.com/", "page_size(byte)": 713449, "download_time": "2021-09-15 18:13:11"}
{"url": "https://punchdrink.com/recipes/brooklyn/", "page_size(byte)": 61326, "download_time": "2021-09-15 18:13:11"}
{"url": "http://www.brooklynschools.org/", "page_size(byte)": 153048, "download_time": "2021-09-15 18:13:11"}
{"url": "https://www.stemsbrooklyn.com/", "page_size(byte)": 151693, "download_time": "2021-09-15 18:13:11"}
{"url": "https://maimo.org/", "page_size(byte)": 42270, "download_time": "2021-09-15 18:13:12"}
{"url": "https://www.brooklyn-tailors.com/", "page_size(byte)": 59237, "download_time": "2021-09-15 18:13:12"}
{"url": "https://bkbagel.com/", "page_size(byte)": 105634, "download_time": "2021-09-15 18:13:12"}
{"url": "https://millenniumbrooklynhs.org/", "page_size(byte)": 86883, "download_time": "2021-09-15 18:13:12"}
{"url": "https://bk.knittingfactory.com/", "page_size(byte)": 228939, "download_time": "2021-09-15 18:13:12"}
{"url": "https://brooklynarmyterminal.com/", "page_size(byte)": 52821, "download_time": "2021-09-15 18:13:12"}
{"url": "https://ccxmedia.org/news/restaurant-week-in-brooklyn-park-offers-diverse-options-at-a-discounted-price/", "page_size(byte)": 171764, "download_time": "2021-09-15 18:13:12"}
{"url": "https://www.juniorscheesecake.com/blog/restaurants/brooklyn/", "page_size(byte)": 69735, "download_time": "2021-09-15 18:13:13"}
{"url": "https://streeteasy.com/for-rent/brooklyn", "page_size(byte)": 400304, "download_time": "2021-09-15 18:13:13"}
{"url": "https://bds.org/", "page_size(byte)": 235200, "download_time": "2021-09-15 18:13:13"}
{"url": "https://www.britannica.com/place/Brooklyn-borough-New-York-City", "page_size(byte)": 80882, "download_time": "2021-09-15 18:13:13"}
{"url": "https://books.google.com/books?id=NP39oQbRpwQC&pg=PA175&lpg=PA175&dq=brooklyn&source=bl&ots=M8IWe4_5RJ&sig=ACfU3U1HU-In9ftIlUZ_LYSyDX61kTdkGw&hl=en&sa=X&ved=2ahUKEwi6isiCgILzAhXKnOAKHSx3A_w4ogIQ6AF6BAgDEAM", "page_size(byte)": 305116, "download_time": "2021-09-15 18:13:13"}
{"url": "https://www.nuhotelbrooklyn.com/", "page_size(byte)": 147798, "download_time": "2021-09-15 18:13:13"}
{"url": "https://en.wikivoyage.org/wiki/Brooklyn", "page_size(byte)": 111836, "download_time": "2021-09-15 18:13:13"}
{"url": "https://www.brooklynpark.org/", "page_size(byte)": 91993, "download_time": "2021-09-15 18:13:13"}
{"url": "https://www.ny.gov/counties/kings", "page_size(byte)": 36758, "download_time": "2021-09-15 18:13:13"}
{"url": "https://www.brooklynwaterbagel.com/", "page_size(byte)": 52601, "download_time": "2021-09-15 18:13:13"}
{"url": "https://astoriapost.com/catholic-school-students-in-queens-and-brooklyn-offered-online-learning-option", "page_size(byte)": 76651, "download_time": "2021-09-15 18:13:14"}
{"url": "https://www.acehotel.com/brooklyn/", "page_size(byte)": 31857, "download_time": "2021-09-15 18:13:14"}
{"url": "http://www.bcamhs.org/", "page_size(byte)": 100292, "download_time": "2021-09-15 18:13:14"}
{"url": "https://bwiny.org/", "page_size(byte)": 42089, "download_time": "2021-09-15 18:13:14"}
{"url": "https://www.ferry.nyc/routes-and-schedules/route/south-brooklyn/", "page_size(byte)": 94987, "download_time": "2021-09-15 18:13:14"}
{"url": "https://www.brooklynkids.org/", "page_size(byte)": 70265, "download_time": "2021-09-15 18:13:14"}
{"url": "https://wearebcs.org/", "page_size(byte)": 36703, "download_time": "2021-09-15 18:13:14"}
{"url": "http://www.brooklynpublic.com/", "page_size(byte)": 43966, "download_time": "2021-09-15 18:13:14"}
{"url": "https://bodybybrooklyn.com/", "page_size(byte)": 99628, "download_time": "2021-09-15 18:13:15"}
{"url": "https://www.amny.com/news/brooklyn-bridge-bike-lane-officially-opens/", "page_size(byte)": 74870, "download_time": "2021-09-15 18:13:15"}
{"url": "https://www.kingsplazaonline.com/", "page_size(byte)": 109507, "download_time": "2021-09-15 18:13:15"}
{"url": "https://www.1hotels.com/brooklyn-bridge", "page_size(byte)": 181943, "download_time": "2021-09-15 18:13:15"}
{"url": "https://www.thebrooklynny.com/", "page_size(byte)": 109587, "download_time": "2021-09-15 18:13:15"}
{"url": "https://bqlt.org/", "page_size(byte)": 119739, "download_time": "2021-09-15 18:13:15"}
{"url": "https://www.brooklynwaldorf.org/", "page_size(byte)": 41124, "download_time": "2021-09-15 18:13:15"}
{"url": "https://liu.edu/brooklyn", "page_size(byte)": 34028, "download_time": "2021-09-15 18:13:15"}
{"url": "https://brooklynfoundry.com/", "page_size(byte)": 833958, "download_time": "2021-09-15 18:13:16"}
{"url": "https://www.businessinsider.com/brooklyn-manhattan-apartment-rent-gap-history-comparison-2021-4", "page_size(byte)": 258704, "download_time": "2021-09-15 18:13:16"}
{"url": "https://www.prattlibrary.org/locations/brooklyn", "page_size(byte)": 34950, "download_time": "2021-09-15 18:13:16"}
{"url": "https://www.brooklynct.org/", "page_size(byte)": 94723, "download_time": "2021-09-15 18:13:16"}
{"url": "https://www.cleveland.com/community/2021/09/hiding-in-the-trees-elderly-man-stalks-mail-carrier-brooklyn-police-blotter.html", "page_size(byte)": 171190, "download_time": "2021-09-15 18:13:17"}
{"url": "https://www.thebrooklynbrothers.com/", "page_size(byte)": 10622, "download_time": "2021-09-15 18:13:17"}
{"url": "https://www.brooklynlaboratoryschool.org/", "page_size(byte)": 80601, "download_time": "2021-09-15 18:13:17"}
{"url": "https://www.thebrooklyntree.com/", "page_size(byte)": 40019, "download_time": "2021-09-15 18:13:17"}
{"url": "https://www.forbes.com/sites/forbesrealestatecouncil/2021/05/17/brooklyn-proves-resilient-during-pandemic-recovery/", "page_size(byte)": 466026, "download_time": "2021-09-15 18:13:17"}
{"url": "https://www.bowerypresents.com/venues/brooklyn-steel", "page_size(byte)": 75873, "download_time": "2021-09-15 18:13:17"}
{"url": "https://brooklynbookfestival.org/", "page_size(byte)": 83953, "download_time": "2021-09-15 18:13:17"}
{"url": "https://rivercafe.com/", "page_size(byte)": 71671, "download_time": "2021-09-15 18:13:18"}
{"url": "https://www.youtube.com/watch?v=15syDwC000k", "page_size(byte)": 466309, "download_time": "2021-09-15 18:13:18"}
{"url": "https://therealdeal.com/tag/brooklyn/", "page_size(byte)": 74891, "download_time": "2021-09-15 18:13:18"}
{"url": "https://brooklynbrewshop.com/", "page_size(byte)": 126910, "download_time": "2021-09-15 18:13:18"}
{"url": "https://www.mbofbrooklyn.com/", "page_size(byte)": 290725, "download_time": "2021-09-15 18:13:19"}
{"url": "https://abc7ny.com/new-york-city-brooklyn-shooting-in/10920711/", "page_size(byte)": 242079, "download_time": "2021-09-15 18:13:19"}
{"url": "https://otherhalfbrewing.com/location/brooklyn-ny/", "page_size(byte)": 349288, "download_time": "2021-09-15 18:13:19"}
{"url": "https://www.brooklynchophouse.com/", "page_size(byte)": 47580, "download_time": "2021-09-15 18:13:19"}
{"url": "https://brooklynbased.com/", "page_size(byte)": 106408, "download_time": "2021-09-15 18:13:19"}
{"url": "https://brooklyncandlestudio.com/", "page_size(byte)": 436432, "download_time": "2021-09-15 18:13:20"}
{"url": "https://www.brooklyn.k12.oh.us/", "page_size(byte)": 138583, "download_time": "2021-09-15 18:13:20"}
{"url": "https://www.brooklynciderhouse.com/", "page_size(byte)": 54330, "download_time": "2021-09-15 18:13:20"}
{"url": "http://www.brooklyngin.com/", "page_size(byte)": 22184, "download_time": "2021-09-15 18:13:20"}
{"url": "https://brooklyngeneral.com/", "page_size(byte)": 171235, "download_time": "2021-09-15 18:13:20"}
{"url": "https://www.brooklynmuseum.org/", "page_size(byte)": 32690, "download_time": "2021-09-15 18:13:20"}
{"url": "https://www.tmz.com/2021/09/11/pop-smoke-gravesite-crypt-mausoleum-vandalized-brooklyn-cemetery/", "page_size(byte)": 363288, "download_time": "2021-09-15 18:13:20"}
{"url": "https://www.brooklyndiner.com/", "page_size(byte)": 47235, "download_time": "2021-09-15 18:13:20"}
{"url": "https://www.villageofbrooklyn.com/", "page_size(byte)": 54480, "download_time": "2021-09-15 18:13:20"}
{"url": "https://growbrooklyn.org/", "page_size(byte)": 68980, "download_time": "2021-09-15 18:13:20"}
{"url": "https://newyork.cbslocal.com/tag/brooklyn/", "page_size(byte)": 104223, "download_time": "2021-09-15 18:13:21"}
{"url": "https://www.nba.com/nets/", "page_size(byte)": 128636, "download_time": "2021-09-15 18:13:21"}
{"url": "https://brooklyntweed.com/", "page_size(byte)": 188953, "download_time": "2021-09-15 18:13:21"}
{"url": "https://www.thebrooklynbarge.com/", "page_size(byte)": 98051, "download_time": "2021-09-15 18:13:21"}
{"url": "https://www.nycgo.com/boroughs-neighborhoods/brooklyn", "page_size(byte)": 82295, "download_time": "2021-09-15 18:13:21"}
{"url": "https://www.travelandleisure.com/travel-guide/brooklyn", "page_size(byte)": 268416, "download_time": "2021-09-15 18:13:21"}
{"url": "https://portal.brooklyn.edu/", "page_size(byte)": 95, "download_time": "2021-09-15 18:13:22"}
{"url": "https://industrycity.com/", "page_size(byte)": 51492, "download_time": "2021-09-15 18:13:22"}
{"url": "https://www.brooklynitx.com/", "page_size(byte)": 25013, "download_time": "2021-09-15 18:13:22"}
{"url": "https://brooklyn.news12.com/", "page_size(byte)": 251353, "download_time": "2021-09-15 18:13:22"}
{"url": "https://asliceofbrooklyn.com/", "page_size(byte)": 195062, "download_time": "2021-09-15 18:13:22"}
{"url": "https://brooklynbedding.com/", "page_size(byte)": 141155, "download_time": "2021-09-15 18:13:22"}
{"url": "https://www.imdb.com/title/tt2381111/", "page_size(byte)": 975636, "download_time": "2021-09-15 18:13:22"}
{"url": "https://bwac.org/", "page_size(byte)": 224627, "download_time": "2021-09-15 18:13:23"}
{"url": "https://brooklynfriends.org/", "page_size(byte)": 95729, "download_time": "2021-09-15 18:13:23"}
{"url": "https://pix11.com/news/local-news/brooklyn/nypd-man-charged-with-murder-in-4-year-old-boys-brooklyn-death/", "page_size(byte)": 424373, "download_time": "2021-09-15 18:13:23"}
{"url": "https://www.morgansbrooklynbarbecue.com/", "page_size(byte)": 48371, "download_time": "2021-09-15 18:13:23"}
{"url": "https://www.brooklynfare.com/", "page_size(byte)": 19330, "download_time": "2021-09-15 18:13:23"}
{"url": "http://www.brooklynda.org/", "page_size(byte)": 120181, "download_time": "2021-09-15 18:13:23"}
{"url": "https://brooklynreporter.com/", "page_size(byte)": 88949, "download_time": "2021-09-15 18:13:23"}
{"url": "https://www.milb.com/brooklyn", "page_size(byte)": 266896, "download_time": "2021-09-15 18:13:23"}
{"url": "https://www.bklynlibrary.org/", "page_size(byte)": 89289, "download_time": "2021-09-15 18:13:23"}
{"url": "https://www.brooklynicecreamfactory.com/", "page_size(byte)": 51830, "download_time": "2021-09-15 18:13:24"}
{"url": "https://www.brownstoner.com/real-estate-market/brooklyn-homes-for-sale-sold-comps-flatbush-dyker-heights-gowanus-brooklyn-heights-091421/", "page_size(byte)": 22889, "download_time": "2021-09-15 18:13:24"}
{"url": "https://www.barclayscenter.com/", "page_size(byte)": 109869, "download_time": "2021-09-15 18:13:24"}
{"url": "https://www.brooklynboatworks.org/", "page_size(byte)": 115728, "download_time": "2021-09-15 18:13:24"}
{"url": "https://lgbtbrooklyn.org/", "page_size(byte)": 482264, "download_time": "2021-09-15 18:13:24"}
{"url": "https://www.history.com/topics/landmarks/brooklyn-bridge", "page_size(byte)": 366826, "download_time": "2021-09-15 18:13:24"}
{"url": "https://brooklynpointnyc.com/", "page_size(byte)": 31534, "download_time": "2021-09-15 18:13:24"}
{"url": "https://untappedcities.com/2021/07/21/10-secrets-of-park-slope/", "page_size(byte)": 136793, "download_time": "2021-09-15 18:13:24"}
{"url": "https://www.t-mobile.com/stores/pd/t-mobile-brooklyn-ny-11234-5072/t-mobile-revvl-4-plus", "page_size(byte)": 183909, "download_time": "2021-09-15 18:13:25"}
{"url": "https://www.brooklynmusicschool.org/", "page_size(byte)": 140899, "download_time": "2021-09-15 18:13:25"}
{"url": "https://bkcm.org/", "page_size(byte)": 180581, "download_time": "2021-09-15 18:13:25"}
{"url": "https://themes.shopify.com/themes/brooklyn/styles/classic", "page_size(byte)": 141174, "download_time": "2021-09-15 18:13:25"}
{"url": "https://brooklyntea.com/", "page_size(byte)": 134776, "download_time": "2021-09-15 18:13:25"}
