{"url": "https://www.carrollgardensassociation.com/swbtu", "page_size(byte)": 249327, "download_time": "2021-09-15 18:00:10"}
{"url": "https://www.bfsunion.org/", "page_size(byte)": 182881, "download_time": "2021-09-15 18:00:10"}
{"url": "https://www.encyclopedia.com/books/politics-and-business-magazines/keyspan-energy-co", "page_size(byte)": 69458, "download_time": "2021-09-15 18:00:10"}
{"url": "http://places.singleplatform.com/brooklyn-union-cafe/menu", "page_size(byte)": 50070, "download_time": "2021-09-15 18:00:10"}
{"url": "https://www.nbcnewyork.com/investigations/reputed-nyc-mob-boss-among-a-dozen-snared-in-fraud-corruption-bust-sources/3270937/", "page_size(byte)": 117661, "download_time": "2021-09-15 18:00:10"}
{"url": "https://www.fitchratings.com/research/corporate-finance/the-brooklyn-union-gas-company-subsidiary-of-national-grid-plc-23-12-2020", "page_size(byte)": 257598, "download_time": "2021-09-15 18:00:10"}
{"url": "http://www.brooklynrugby.com/", "page_size(byte)": 15740, "download_time": "2021-09-15 18:00:10"}
{"url": "https://www.ajc.com/news/feds-in-new-york-take-down-colombo-crime-family-leadership/7DCCFSSO45ENHLCOLKXE7FJHVM/", "page_size(byte)": 643087, "download_time": "2021-09-15 18:00:11"}
{"url": "https://moovitapp.com/index/en/public_transit-Union_Street-NYCNJ-street_9781801-121", "page_size(byte)": 227213, "download_time": "2021-09-15 18:00:11"}
{"url": "https://www.dec.ny.gov/enb/122278.html", "page_size(byte)": 27904, "download_time": "2021-09-15 18:00:11"}
{"url": "https://www.umc.org/en/find-a-church/church/12474", "page_size(byte)": 49012, "download_time": "2021-09-15 18:00:11"}
{"url": "http://www.corporatecampaign.org/media_brooklyn_gas_1995.php", "page_size(byte)": 9783, "download_time": "2021-09-15 18:00:12"}
{"url": "https://www.bklynlibrary.org/digitalcollections/item/e4bb26be-e4cf-4d39-8cd7-a68a9f09d604", "page_size(byte)": 41754, "download_time": "2021-09-15 18:00:12"}
{"url": "https://news.sky.com/story/new-york-city-crime-boss-among-arrests-over-alleged-construction-union-plot-12408464", "page_size(byte)": 87595, "download_time": "2021-09-15 18:00:12"}
{"url": "https://allevents.in/brooklyn/whiplash/10000171458295377", "page_size(byte)": 170566, "download_time": "2021-09-15 18:00:12"}
{"url": "https://www.apartments.com/transit/ny/brooklyn/union-street/j6ysmp4/", "page_size(byte)": 280855, "download_time": "2021-09-15 18:00:13"}
{"url": "https://companies.jrank.org/pages/652/Brooklyn-Union-Gas.html", "page_size(byte)": 43805, "download_time": "2021-09-15 18:00:13"}
{"url": "https://www.568union.com/", "page_size(byte)": 94869, "download_time": "2021-09-15 18:00:14"}
{"url": "https://brookvaleunion.com.au/", "page_size(byte)": 16360, "download_time": "2021-09-15 18:00:15"}
{"url": "https://www.newspapers.com/paper/the-brooklyn-union/12381/", "page_size(byte)": 59065, "download_time": "2021-09-15 18:00:15"}
{"url": "https://ccxmedia.org/news/police-union-pens-open-letter-to-brooklyn-center/", "page_size(byte)": 170815, "download_time": "2021-09-15 18:00:15"}
{"url": "https://www.netsdaily.com/2021/9/14/22674286/nba-players-union-near-agreement-on-vaccines-but-in-new-york-will-that-matter", "page_size(byte)": 163693, "download_time": "2021-09-15 18:00:16"}
{"url": "https://www.wsj.com/articles/SB851882235911971000", "page_size(byte)": 708696, "download_time": "2021-09-15 18:00:16"}
{"url": "https://unionbaptistchurchgreenpoint.com/", "page_size(byte)": 351185, "download_time": "2021-09-15 18:00:16"}
{"url": "https://www.amny.com/news/advocates-demand-safer-streets-after-crash-that-killed-brooklyn-infant/", "page_size(byte)": 75964, "download_time": "2021-09-15 18:00:16"}
{"url": "https://www.ny1.com/nyc/all-boroughs/education/2020/08/19/quaker-school-busts-union-trump-policy", "page_size(byte)": 77068, "download_time": "2021-09-15 18:00:17"}
{"url": "http://www.twulocal100.org/story/twu-atu-united-brooklyn-strike-lines", "page_size(byte)": 39214, "download_time": "2021-09-15 18:00:17"}
{"url": "https://www.nydailynews.com/new-york/ny-nyc-brooklyn-public-defenders-seek-union-bds-20210630-gsns3jeamrctnpcz4j3p6zdfmm-story.html", "page_size(byte)": 385290, "download_time": "2021-09-15 18:00:17"}
{"url": "https://www.brooklyn.coop/", "page_size(byte)": 69643, "download_time": "2021-09-15 18:00:18"}
{"url": "https://spearcenter.com/location/park-slope-brooklyn/", "page_size(byte)": 203563, "download_time": "2021-09-15 18:00:19"}
{"url": "https://books.google.com/books?id=fpwvAAAAYAAJ&pg=PA150&lpg=PA150&dq=brooklyn+union&source=bl&ots=xkkcsE5Crh&sig=ACfU3U3iLRBnF-fIE9LyLL_8pugPVwHsCA&hl=en&sa=X&ved=2ahUKEwiwqKyO_YHzAhXkQ98KHT6HBic4tAEQ6AF6BAgOEAM", "page_size(byte)": 321738, "download_time": "2021-09-15 18:00:19"}
{"url": "https://www.navyfederal.org/branches-atms.html", "page_size(byte)": 63665, "download_time": "2021-09-15 18:00:19"}
{"url": "https://books.google.com/books?id=umYCAAAAIAAJ&pg=PA1469&lpg=PA1469&dq=brooklyn+union&source=bl&ots=5oBYqWYkG_&sig=ACfU3U3EC9e650nnAsrlz0MxvRnnROpphw&hl=en&sa=X&ved=2ahUKEwjVj6iP_YHzAhVET98KHbUGA1o4vgEQ6AF6BAgSEAM", "page_size(byte)": 370607, "download_time": "2021-09-15 18:00:19"}
{"url": "https://www.zillow.com/homedetails/289-Union-St-Brooklyn-NY-11231/94716459_zpid/", "page_size(byte)": 1081880, "download_time": "2021-09-15 18:00:20"}
{"url": "https://www.brooklyn-dc.com/", "page_size(byte)": 71805, "download_time": "2021-09-15 18:00:21"}
{"url": "https://www.fitchratings.com/entity/the-brooklyn-union-gas-company-80089034", "page_size(byte)": 247216, "download_time": "2021-09-15 18:00:22"}
{"url": "https://www.facebook.com/brooklyncoopfcu/", "page_size(byte)": 105644, "download_time": "2021-09-15 18:00:22"}
{"url": "https://www.nyac.com/churchdetail/270553", "page_size(byte)": 11166, "download_time": "2021-09-15 18:00:22"}
{"url": "http://www.brooklynunion.com/", "page_size(byte)": 1053, "download_time": "2021-09-15 18:00:22"}
{"url": "https://streeteasy.com/union-sales/brooklyn?page=2", "page_size(byte)": 390606, "download_time": "2021-09-15 18:00:22"}
{"url": "https://www.unionbeerdist.com/welcome", "page_size(byte)": 44610, "download_time": "2021-09-15 18:00:22"}
{"url": "https://hyperallergic.com/505184/bam-union-vote/", "page_size(byte)": 197817, "download_time": "2021-09-15 18:00:22"}
{"url": "https://www.indianmotorcycle.com/en-us/events/bike-residencies/union-garage-brooklyn-ny/", "page_size(byte)": 490929, "download_time": "2021-09-15 18:00:23"}
{"url": "https://www.brooklynvegan.com/tv-priest-share-new-single-lifesize-expand-north-american-tour/", "page_size(byte)": 185434, "download_time": "2021-09-15 18:00:23"}
{"url": "https://www.helloismile.com/location/ny/brooklyn/park-slope", "page_size(byte)": 403616, "download_time": "2021-09-15 18:00:23"}
{"url": "https://en.wikipedia.org/wiki/KeySpan", "page_size(byte)": 47003, "download_time": "2021-09-15 18:00:23"}
{"url": "https://books.google.com/books?id=lpLwCQAAQBAJ&pg=PT227&lpg=PT227&dq=brooklyn+union&source=bl&ots=s4A1vcUju7&sig=ACfU3U0nFbDr5a-AcgPnUiJQKeril2x6Cw&hl=en&sa=X&ved=2ahUKEwjVj6iP_YHzAhVET98KHbUGA1o4vgEQ6AF6BAgOEAM", "page_size(byte)": 288539, "download_time": "2021-09-15 18:00:24"}
{"url": "https://www.loopnet.com/Listing/51-Union-St-Brooklyn-NY/23030730/", "page_size(byte)": 407917, "download_time": "2021-09-15 18:00:25"}
{"url": "https://www.unionpizzaworks.com/", "page_size(byte)": 46199, "download_time": "2021-09-15 18:00:25"}
{"url": "https://www.thecut.com/2018/01/union-pool-the-brooklyn-bar-thats-perfect-for-hookups.html", "page_size(byte)": 1574470, "download_time": "2021-09-15 18:00:26"}
{"url": "https://www.walgreens.com/locator/walgreens-210+union+ave-brooklyn-ny-11211/id=4363", "page_size(byte)": 2253415, "download_time": "2021-09-15 18:00:26"}
{"url": "https://union-pool.com/", "page_size(byte)": 51953, "download_time": "2021-09-15 18:00:27"}
{"url": "https://www.herecomestheguide.com/wedding-venues/new-york/501-union", "page_size(byte)": 80143, "download_time": "2021-09-15 18:00:28"}
{"url": "https://unionhallny.com/", "page_size(byte)": 200342, "download_time": "2021-09-15 18:00:28"}
